Config file: ../input/config/mla_v_cycle-refine1.json
order_rbm = 1
==== basic information of linear system ====
matrix Row = 5340, matrix Column = 5340
matrix nz_allocated = 104619, matrix nz_used = 104619, matrix nz_unneeded = 0
vector Row = 5340
  0 KSP unpreconditioned resid norm 1.385199406759e+00 true resid norm 1.385199406759e+00 ||r(i)||/||b|| 1.000000000000e+00
  1 KSP unpreconditioned resid norm 1.013405612580e+01 true resid norm 1.013405612580e+01 ||r(i)||/||b|| 7.315954711182e+00
  2 KSP unpreconditioned resid norm 1.230921856399e+01 true resid norm 1.230921856399e+01 ||r(i)||/||b|| 8.886243023158e+00
  3 KSP unpreconditioned resid norm 1.224248902404e+01 true resid norm 1.224248902404e+01 ||r(i)||/||b|| 8.838069785700e+00
  4 KSP unpreconditioned resid norm 1.317704691287e+01 true resid norm 1.317704691287e+01 ||r(i)||/||b|| 9.512743687712e+00
  5 KSP unpreconditioned resid norm 1.410252499018e+01 true resid norm 1.410252499018e+01 ||r(i)||/||b|| 1.018086271289e+01
  6 KSP unpreconditioned resid norm 1.468284571190e+01 true resid norm 1.468284571190e+01 ||r(i)||/||b|| 1.059980652624e+01
  7 KSP unpreconditioned resid norm 1.513881643088e+01 true resid norm 1.513881643088e+01 ||r(i)||/||b|| 1.092897986890e+01
  8 KSP unpreconditioned resid norm 1.520909125911e+01 true resid norm 1.520909125911e+01 ||r(i)||/||b|| 1.097971251280e+01
  9 KSP unpreconditioned resid norm 1.639137851590e+01 true resid norm 1.639137851590e+01 ||r(i)||/||b|| 1.183322663576e+01
 10 KSP unpreconditioned resid norm 1.557946878396e+01 true resid norm 1.557946878396e+01 ||r(i)||/||b|| 1.124709461175e+01
 11 KSP unpreconditioned resid norm 1.588156060500e+01 true resid norm 1.588156060500e+01 ||r(i)||/||b|| 1.146518005098e+01
 12 KSP unpreconditioned resid norm 1.411113193720e+01 true resid norm 1.411113193720e+01 ||r(i)||/||b|| 1.018707622047e+01
 13 KSP unpreconditioned resid norm 1.671037668908e+01 true resid norm 1.671037668908e+01 ||r(i)||/||b|| 1.206351707021e+01
 14 KSP unpreconditioned resid norm 1.885025539654e+01 true resid norm 1.885025539654e+01 ||r(i)||/||b|| 1.360833343168e+01
 15 KSP unpreconditioned resid norm 1.899061962920e+01 true resid norm 1.899061962920e+01 ||r(i)||/||b|| 1.370966485875e+01
 16 KSP unpreconditioned resid norm 1.895451433259e+01 true resid norm 1.895451433259e+01 ||r(i)||/||b|| 1.368359980528e+01
 17 KSP unpreconditioned resid norm 1.840579276979e+01 true resid norm 1.840579276979e+01 ||r(i)||/||b|| 1.328746798474e+01
 18 KSP unpreconditioned resid norm 1.742010046222e+01 true resid norm 1.742010046222e+01 ||r(i)||/||b|| 1.257587923964e+01
 19 KSP unpreconditioned resid norm 1.759821214877e+01 true resid norm 1.759821214877e+01 ||r(i)||/||b|| 1.270446122262e+01
 20 KSP unpreconditioned resid norm 1.824179030595e+01 true resid norm 1.824179030595e+01 ||r(i)||/||b|| 1.316907169967e+01
 21 KSP unpreconditioned resid norm 1.844039446593e+01 true resid norm 1.844039446593e+01 ||r(i)||/||b|| 1.331244756239e+01
 22 KSP unpreconditioned resid norm 1.882951624719e+01 true resid norm 1.882951624719e+01 ||r(i)||/||b|| 1.359336147223e+01
 23 KSP unpreconditioned resid norm 1.845842630236e+01 true resid norm 1.845842630236e+01 ||r(i)||/||b|| 1.332546506466e+01
 24 KSP unpreconditioned resid norm 2.023200720306e+01 true resid norm 2.023200720306e+01 ||r(i)||/||b|| 1.460584454797e+01
 25 KSP unpreconditioned resid norm 2.029140688564e+01 true resid norm 2.029140688564e+01 ||r(i)||/||b|| 1.464872623149e+01
 26 KSP unpreconditioned resid norm 1.848605329499e+01 true resid norm 1.848605329499e+01 ||r(i)||/||b|| 1.334540948025e+01
 27 KSP unpreconditioned resid norm 1.854484320268e+01 true resid norm 1.854484320268e+01 ||r(i)||/||b|| 1.338785095647e+01
 28 KSP unpreconditioned resid norm 1.841942926342e+01 true resid norm 1.841942926342e+01 ||r(i)||/||b|| 1.329731241116e+01
 29 KSP unpreconditioned resid norm 1.929792484523e+01 true resid norm 1.929792484523e+01 ||r(i)||/||b|| 1.393151394021e+01
 30 KSP unpreconditioned resid norm 2.065109062660e+01 true resid norm 2.065109062660e+01 ||r(i)||/||b|| 1.490838829835e+01
 31 KSP unpreconditioned resid norm 2.093377625381e+01 true resid norm 2.093377625381e+01 ||r(i)||/||b|| 1.511246406234e+01
 32 KSP unpreconditioned resid norm 2.078038869244e+01 true resid norm 2.078038869244e+01 ||r(i)||/||b|| 1.500173086347e+01
 33 KSP unpreconditioned resid norm 2.048451047734e+01 true resid norm 2.048451047734e+01 ||r(i)||/||b|| 1.478813113649e+01
 34 KSP unpreconditioned resid norm 1.999176091079e+01 true resid norm 1.999176091079e+01 ||r(i)||/||b|| 1.443240649198e+01
 35 KSP unpreconditioned resid norm 2.084445309074e+01 true resid norm 2.084445309074e+01 ||r(i)||/||b|| 1.504798008795e+01
 36 KSP unpreconditioned resid norm 2.042336872374e+01 true resid norm 2.042336872374e+01 ||r(i)||/||b|| 1.474399182102e+01
 37 KSP unpreconditioned resid norm 1.959457291606e+01 true resid norm 1.959457291606e+01 ||r(i)||/||b|| 1.414566943968e+01
 38 KSP unpreconditioned resid norm 2.022294441817e+01 true resid norm 2.022294441817e+01 ||r(i)||/||b|| 1.459930196295e+01
 39 KSP unpreconditioned resid norm 2.080074169681e+01 true resid norm 2.080074169681e+01 ||r(i)||/||b|| 1.501642405802e+01
 40 KSP unpreconditioned resid norm 2.057450081814e+01 true resid norm 2.057450081814e+01 ||r(i)||/||b|| 1.485309675831e+01
 41 KSP unpreconditioned resid norm 2.037063696431e+01 true resid norm 2.037063696431e+01 ||r(i)||/||b|| 1.470592382939e+01
 42 KSP unpreconditioned resid norm 1.997116453559e+01 true resid norm 1.997116453559e+01 ||r(i)||/||b|| 1.441753760371e+01
 43 KSP unpreconditioned resid norm 1.933186080047e+01 true resid norm 1.933186080047e+01 ||r(i)||/||b|| 1.395601290771e+01
 44 KSP unpreconditioned resid norm 1.967293100312e+01 true resid norm 1.967293100312e+01 ||r(i)||/||b|| 1.420223753138e+01
 45 KSP unpreconditioned resid norm 2.064939476961e+01 true resid norm 2.064939476961e+01 ||r(i)||/||b|| 1.490716402913e+01
 46 KSP unpreconditioned resid norm 2.143188496501e+01 true resid norm 2.143188496501e+01 ||r(i)||/||b|| 1.547205756835e+01
 47 KSP unpreconditioned resid norm 2.175518981991e+01 true resid norm 2.175518981991e+01 ||r(i)||/||b|| 1.570545707265e+01
 48 KSP unpreconditioned resid norm 2.119411578244e+01 true resid norm 2.119411578244e+01 ||r(i)||/||b|| 1.530040778174e+01
 49 KSP unpreconditioned resid norm 2.231402905166e+01 true resid norm 2.231402905166e+01 ||r(i)||/||b|| 1.610889301770e+01
 50 KSP unpreconditioned resid norm 2.189189507348e+01 true resid norm 2.189189507348e+01 ||r(i)||/||b|| 1.580414701787e+01
 51 KSP unpreconditioned resid norm 2.142898202555e+01 true resid norm 2.142898202555e+01 ||r(i)||/||b|| 1.546996188490e+01
 52 KSP unpreconditioned resid norm 2.126723599404e+01 true resid norm 2.126723599404e+01 ||r(i)||/||b|| 1.535319455832e+01
 53 KSP unpreconditioned resid norm 2.058349809516e+01 true resid norm 2.058349809516e+01 ||r(i)||/||b|| 1.485959205204e+01
 54 KSP unpreconditioned resid norm 2.128523372193e+01 true resid norm 2.128523372193e+01 ||r(i)||/||b|| 1.536618743704e+01
 55 KSP unpreconditioned resid norm 2.160815026772e+01 true resid norm 2.160815026772e+01 ||r(i)||/||b|| 1.559930661411e+01
 56 KSP unpreconditioned resid norm 2.200888036258e+01 true resid norm 2.200888036258e+01 ||r(i)||/||b|| 1.588860077126e+01
 57 KSP unpreconditioned resid norm 2.166128704076e+01 true resid norm 2.166128704076e+01 ||r(i)||/||b|| 1.563766699225e+01
 58 KSP unpreconditioned resid norm 2.081786695729e+01 true resid norm 2.081786695729e+01 ||r(i)||/||b|| 1.502878708705e+01
 59 KSP unpreconditioned resid norm 2.076108644648e+01 true resid norm 2.076108644648e+01 ||r(i)||/||b|| 1.498779623004e+01
 60 KSP unpreconditioned resid norm 2.104394983805e+01 true resid norm 2.104394983805e+01 ||r(i)||/||b|| 1.519200032527e+01
 61 KSP unpreconditioned resid norm 2.125392010930e+01 true resid norm 2.125392010930e+01 ||r(i)||/||b|| 1.534358158515e+01
 62 KSP unpreconditioned resid norm 2.127449761982e+01 true resid norm 2.127449761982e+01 ||r(i)||/||b|| 1.535843685467e+01
 63 KSP unpreconditioned resid norm 2.186125694434e+01 true resid norm 2.186125694434e+01 ||r(i)||/||b|| 1.578202880948e+01
 64 KSP unpreconditioned resid norm 2.241452329069e+01 true resid norm 2.241452329069e+01 ||r(i)||/||b|| 1.618144158980e+01
 65 KSP unpreconditioned resid norm 2.245150752810e+01 true resid norm 2.245150752810e+01 ||r(i)||/||b|| 1.620814116621e+01
 66 KSP unpreconditioned resid norm 2.191308932603e+01 true resid norm 2.191308932603e+01 ||r(i)||/||b|| 1.581944752439e+01
 67 KSP unpreconditioned resid norm 2.131894763211e+01 true resid norm 2.131894763211e+01 ||r(i)||/||b|| 1.539052610627e+01
 68 KSP unpreconditioned resid norm 2.199484534270e+01 true resid norm 2.199484534270e+01 ||r(i)||/||b|| 1.587846864168e+01
 69 KSP unpreconditioned resid norm 2.184771639426e+01 true resid norm 2.184771639426e+01 ||r(i)||/||b|| 1.577225364641e+01
 70 KSP unpreconditioned resid norm 2.182489896986e+01 true resid norm 2.182489896986e+01 ||r(i)||/||b|| 1.575578134337e+01
 71 KSP unpreconditioned resid norm 2.268629404145e+01 true resid norm 2.268629404145e+01 ||r(i)||/||b|| 1.637763771104e+01
 72 KSP unpreconditioned resid norm 2.218277658365e+01 true resid norm 2.218277658365e+01 ||r(i)||/||b|| 1.601413953501e+01
 73 KSP unpreconditioned resid norm 2.247840375678e+01 true resid norm 2.247840375678e+01 ||r(i)||/||b|| 1.622755803035e+01
 74 KSP unpreconditioned resid norm 2.196653764619e+01 true resid norm 2.196653764619e+01 ||r(i)||/||b|| 1.585803281391e+01
 75 KSP unpreconditioned resid norm 2.194372723931e+01 true resid norm 2.194372723931e+01 ||r(i)||/||b|| 1.584156557695e+01
 76 KSP unpreconditioned resid norm 2.178707852849e+01 true resid norm 2.178707852849e+01 ||r(i)||/||b|| 1.572847809650e+01
 77 KSP unpreconditioned resid norm 2.149256417061e+01 true resid norm 2.149256417061e+01 ||r(i)||/||b|| 1.551586296222e+01
 78 KSP unpreconditioned resid norm 2.168537781294e+01 true resid norm 2.168537781294e+01 ||r(i)||/||b|| 1.565505854762e+01
 79 KSP unpreconditioned resid norm 2.196579700656e+01 true resid norm 2.196579700656e+01 ||r(i)||/||b|| 1.585749813304e+01
 80 KSP unpreconditioned resid norm 2.321752689695e+01 true resid norm 2.321752689695e+01 ||r(i)||/||b|| 1.676114412384e+01
 81 KSP unpreconditioned resid norm 2.350011172087e+01 true resid norm 2.350011172087e+01 ||r(i)||/||b|| 1.696514711615e+01
 82 KSP unpreconditioned resid norm 2.351087134619e+01 true resid norm 2.351087134619e+01 ||r(i)||/||b|| 1.697291468035e+01
 83 KSP unpreconditioned resid norm 2.251201892484e+01 true resid norm 2.251201892484e+01 ||r(i)||/||b|| 1.625182541589e+01
 84 KSP unpreconditioned resid norm 2.227625865513e+01 true resid norm 2.227625865513e+01 ||r(i)||/||b|| 1.608162589908e+01
 85 KSP unpreconditioned resid norm 2.218833184561e+01 true resid norm 2.218833184561e+01 ||r(i)||/||b|| 1.601814997707e+01
 86 KSP unpreconditioned resid norm 2.284541941712e+01 true resid norm 2.284541941712e+01 ||r(i)||/||b|| 1.649251313973e+01
 87 KSP unpreconditioned resid norm 2.396277563745e+01 true resid norm 2.396277563745e+01 ||r(i)||/||b|| 1.729915239678e+01
 88 KSP unpreconditioned resid norm 2.367525472420e+01 true resid norm 2.367525472420e+01 ||r(i)||/||b|| 1.709158595411e+01
 89 KSP unpreconditioned resid norm 2.294845101303e+01 true resid norm 2.294845101303e+01 ||r(i)||/||b|| 1.656689347473e+01
 90 KSP unpreconditioned resid norm 2.259753459398e+01 true resid norm 2.259753459398e+01 ||r(i)||/||b|| 1.631356069293e+01
 91 KSP unpreconditioned resid norm 2.309092914560e+01 true resid norm 2.309092914560e+01 ||r(i)||/||b|| 1.666975096360e+01
 92 KSP unpreconditioned resid norm 2.282537758336e+01 true resid norm 2.282537758336e+01 ||r(i)||/||b|| 1.647804458476e+01
 93 KSP unpreconditioned resid norm 2.248286843324e+01 true resid norm 2.248286843324e+01 ||r(i)||/||b|| 1.623078115941e+01
 94 KSP unpreconditioned resid norm 2.283551630979e+01 true resid norm 2.283551630979e+01 ||r(i)||/||b|| 1.648536391105e+01
 95 KSP unpreconditioned resid norm 2.294551867063e+01 true resid norm 2.294551867063e+01 ||r(i)||/||b|| 1.656477656479e+01
 96 KSP unpreconditioned resid norm 2.346502069781e+01 true resid norm 2.346502069781e+01 ||r(i)||/||b|| 1.693981428473e+01
 97 KSP unpreconditioned resid norm 2.340037779386e+01 true resid norm 2.340037779386e+01 ||r(i)||/||b|| 1.689314742678e+01
 98 KSP unpreconditioned resid norm 2.331674426227e+01 true resid norm 2.331674426227e+01 ||r(i)||/||b|| 1.683277089818e+01
 99 KSP unpreconditioned resid norm 2.352202567362e+01 true resid norm 2.352202567362e+01 ||r(i)||/||b|| 1.698096718700e+01
100 KSP unpreconditioned resid norm 2.297534829082e+01 true resid norm 2.297534829082e+01 ||r(i)||/||b|| 1.658631109623e+01
101 KSP unpreconditioned resid norm 2.246064354791e+01 true resid norm 2.246064354791e+01 ||r(i)||/||b|| 1.621473662082e+01
102 KSP unpreconditioned resid norm 2.351411484117e+01 true resid norm 2.351411484117e+01 ||r(i)||/||b|| 1.697525621686e+01
103 KSP unpreconditioned resid norm 2.401521052337e+01 true resid norm 2.401521052337e+01 ||r(i)||/||b|| 1.733700607017e+01
104 KSP unpreconditioned resid norm 2.357685294361e+01 true resid norm 2.357685294361e+01 ||r(i)||/||b|| 1.702054796484e+01
105 KSP unpreconditioned resid norm 2.324496064563e+01 true resid norm 2.324496064563e+01 ||r(i)||/||b|| 1.678094903319e+01
106 KSP unpreconditioned resid norm 2.363536605570e+01 true resid norm 2.363536605570e+01 ||r(i)||/||b|| 1.706278961742e+01
107 KSP unpreconditioned resid norm 2.364518117704e+01 true resid norm 2.364518117704e+01 ||r(i)||/||b|| 1.706987532746e+01
108 KSP unpreconditioned resid norm 2.390584356729e+01 true resid norm 2.390584356729e+01 ||r(i)||/||b|| 1.725805212639e+01
109 KSP unpreconditioned resid norm 2.329887344172e+01 true resid norm 2.329887344172e+01 ||r(i)||/||b|| 1.681986963612e+01
110 KSP unpreconditioned resid norm 2.326872144891e+01 true resid norm 2.326872144891e+01 ||r(i)||/||b|| 1.679810237816e+01
111 KSP unpreconditioned resid norm 2.382726285010e+01 true resid norm 2.382726285010e+01 ||r(i)||/||b|| 1.720132331406e+01
112 KSP unpreconditioned resid norm 2.388943086487e+01 true resid norm 2.388943086487e+01 ||r(i)||/||b|| 1.724620350565e+01
113 KSP unpreconditioned resid norm 2.453279733129e+01 true resid norm 2.453279733129e+01 ||r(i)||/||b|| 1.771066115939e+01
114 KSP unpreconditioned resid norm 2.367837311660e+01 true resid norm 2.367837311660e+01 ||r(i)||/||b|| 1.709383717685e+01
115 KSP unpreconditioned resid norm 2.360355617137e+01 true resid norm 2.360355617137e+01 ||r(i)||/||b|| 1.703982549819e+01
116 KSP unpreconditioned resid norm 2.360282702869e+01 true resid norm 2.360282702869e+01 ||r(i)||/||b|| 1.703929911717e+01
117 KSP unpreconditioned resid norm 2.356369635692e+01 true resid norm 2.356369635692e+01 ||r(i)||/||b|| 1.701104999175e+01
118 KSP unpreconditioned resid norm 2.345676881525e+01 true resid norm 2.345676881525e+01 ||r(i)||/||b|| 1.693385710447e+01
119 KSP unpreconditioned resid norm 2.342474132020e+01 true resid norm 2.342474132020e+01 ||r(i)||/||b|| 1.691073588821e+01
120 KSP unpreconditioned resid norm 2.405172036501e+01 true resid norm 2.405172036501e+01 ||r(i)||/||b|| 1.736336317187e+01
121 KSP unpreconditioned resid norm 2.362311483035e+01 true resid norm 2.362311483035e+01 ||r(i)||/||b|| 1.705394524073e+01
122 KSP unpreconditioned resid norm 2.429220901138e+01 true resid norm 2.429220901138e+01 ||r(i)||/||b|| 1.753697618758e+01
123 KSP unpreconditioned resid norm 2.391757985674e+01 true resid norm 2.391757985674e+01 ||r(i)||/||b|| 1.726652476174e+01
124 KSP unpreconditioned resid norm 2.405309937420e+01 true resid norm 2.405309937420e+01 ||r(i)||/||b|| 1.736435870304e+01
125 KSP unpreconditioned resid norm 2.360870320414e+01 true resid norm 2.360870320414e+01 ||r(i)||/||b|| 1.704354123237e+01
126 KSP unpreconditioned resid norm 2.308716149119e+01 true resid norm 2.308716149119e+01 ||r(i)||/||b|| 1.666703102711e+01
127 KSP unpreconditioned resid norm 2.277987705705e+01 true resid norm 2.277987705705e+01 ||r(i)||/||b|| 1.644519694847e+01
128 KSP unpreconditioned resid norm 2.262504101126e+01 true resid norm 2.262504101126e+01 ||r(i)||/||b|| 1.633341806304e+01
129 KSP unpreconditioned resid norm 2.193735642339e+01 true resid norm 2.193735642339e+01 ||r(i)||/||b|| 1.583696637203e+01
130 KSP unpreconditioned resid norm 2.184027201637e+01 true resid norm 2.184027201637e+01 ||r(i)||/||b|| 1.576687941809e+01
131 KSP unpreconditioned resid norm 2.247129637072e+01 true resid norm 2.247129637072e+01 ||r(i)||/||b|| 1.622242708239e+01
132 KSP unpreconditioned resid norm 2.291359033305e+01 true resid norm 2.291359033305e+01 ||r(i)||/||b|| 1.654172693206e+01
133 KSP unpreconditioned resid norm 2.556840668921e+01 true resid norm 2.556840668921e+01 ||r(i)||/||b|| 1.845828590776e+01
134 KSP unpreconditioned resid norm 2.767036574866e+01 true resid norm 2.767036574866e+01 ||r(i)||/||b|| 1.997572740332e+01
135 KSP unpreconditioned resid norm 2.896751466810e+01 true resid norm 2.896751466810e+01 ||r(i)||/||b|| 2.091216219611e+01
136 KSP unpreconditioned resid norm 3.105930547273e+01 true resid norm 3.105930547273e+01 ||r(i)||/||b|| 2.242226304832e+01
137 KSP unpreconditioned resid norm 3.183525168824e+01 true resid norm 3.183525168824e+01 ||r(i)||/||b|| 2.298243237249e+01
138 KSP unpreconditioned resid norm 3.109879742222e+01 true resid norm 3.109879742222e+01 ||r(i)||/||b|| 2.245077298653e+01
139 KSP unpreconditioned resid norm 2.790442099929e+01 true resid norm 2.790442099929e+01 ||r(i)||/||b|| 2.014469603664e+01
140 KSP unpreconditioned resid norm 2.366546042942e+01 true resid norm 2.366546042942e+01 ||r(i)||/||b|| 1.708451527913e+01
141 KSP unpreconditioned resid norm 1.919627420600e+01 true resid norm 1.919627420600e+01 ||r(i)||/||b|| 1.385813054232e+01
142 KSP unpreconditioned resid norm 1.672609397189e+01 true resid norm 1.672609397189e+01 ||r(i)||/||b|| 1.207486365521e+01
143 KSP unpreconditioned resid norm 1.493580799955e+01 true resid norm 1.493580799955e+01 ||r(i)||/||b|| 1.078242448464e+01
144 KSP unpreconditioned resid norm 1.469585377241e+01 true resid norm 1.469585377241e+01 ||r(i)||/||b|| 1.060919727565e+01
145 KSP unpreconditioned resid norm 1.439898383286e+01 true resid norm 1.439898383286e+01 ||r(i)||/||b|| 1.039488160520e+01
146 KSP unpreconditioned resid norm 1.474662167304e+01 true resid norm 1.474662167304e+01 ||r(i)||/||b|| 1.064584752281e+01
147 KSP unpreconditioned resid norm 1.619924830889e+01 true resid norm 1.619924830889e+01 ||r(i)||/||b|| 1.169452443443e+01
148 KSP unpreconditioned resid norm 1.868833543761e+01 true resid norm 1.868833543761e+01 ||r(i)||/||b|| 1.349144054381e+01
149 KSP unpreconditioned resid norm 2.112829424958e+01 true resid norm 2.112829424958e+01 ||r(i)||/||b|| 1.525289005070e+01
150 KSP unpreconditioned resid norm 2.315092956413e+01 true resid norm 2.315092956413e+01 ||r(i)||/||b|| 1.671306632906e+01
151 KSP unpreconditioned resid norm 2.615498589987e+01 true resid norm 2.615498589987e+01 ||r(i)||/||b|| 1.888174783519e+01
152 KSP unpreconditioned resid norm 2.919174562652e+01 true resid norm 2.919174562652e+01 ||r(i)||/||b|| 2.107403849878e+01
153 KSP unpreconditioned resid norm 3.149475422659e+01 true resid norm 3.149475422659e+01 ||r(i)||/||b|| 2.273662122069e+01
154 KSP unpreconditioned resid norm 3.692992978893e+01 true resid norm 3.692992978893e+01 ||r(i)||/||b|| 2.666037078036e+01
155 KSP unpreconditioned resid norm 4.133843155193e+01 true resid norm 4.133843155193e+01 ||r(i)||/||b|| 2.984294632977e+01
156 KSP unpreconditioned resid norm 4.663815809468e+01 true resid norm 4.663815809468e+01 ||r(i)||/||b|| 3.366891284181e+01
157 KSP unpreconditioned resid norm 4.694833669259e+01 true resid norm 4.694833669259e+01 ||r(i)||/||b|| 3.389283626856e+01
158 KSP unpreconditioned resid norm 4.389574887062e+01 true resid norm 4.389574887062e+01 ||r(i)||/||b|| 3.168911902246e+01
159 KSP unpreconditioned resid norm 3.897298501271e+01 true resid norm 3.897298501271e+01 ||r(i)||/||b|| 2.813528855308e+01
160 KSP unpreconditioned resid norm 3.389328697431e+01 true resid norm 3.389328697431e+01 ||r(i)||/||b|| 2.446816451764e+01
161 KSP unpreconditioned resid norm 3.067654469313e+01 true resid norm 3.067654469313e+01 ||r(i)||/||b|| 2.214594125831e+01
162 KSP unpreconditioned resid norm 2.628958453191e+01 true resid norm 2.628958453191e+01 ||r(i)||/||b|| 1.897891697299e+01
163 KSP unpreconditioned resid norm 2.219296696165e+01 true resid norm 2.219296696165e+01 ||r(i)||/||b|| 1.602149614948e+01
164 KSP unpreconditioned resid norm 1.813557940723e+01 true resid norm 1.813557940723e+01 ||r(i)||/||b|| 1.309239616964e+01
165 KSP unpreconditioned resid norm 1.558248993582e+01 true resid norm 1.558248993582e+01 ||r(i)||/||b|| 1.124927563482e+01
166 KSP unpreconditioned resid norm 1.439279932750e+01 true resid norm 1.439279932750e+01 ||r(i)||/||b|| 1.039041690118e+01
167 KSP unpreconditioned resid norm 1.368737365840e+01 true resid norm 1.368737365840e+01 ||r(i)||/||b|| 9.881157609231e+00
168 KSP unpreconditioned resid norm 1.317955293709e+01 true resid norm 1.317955293709e+01 ||r(i)||/||b|| 9.514552831009e+00
169 KSP unpreconditioned resid norm 1.336016107943e+01 true resid norm 1.336016107943e+01 ||r(i)||/||b|| 9.644937049674e+00
170 KSP unpreconditioned resid norm 1.371091964194e+01 true resid norm 1.371091964194e+01 ||r(i)||/||b|| 9.898155872030e+00
171 KSP unpreconditioned resid norm 1.362280598339e+01 true resid norm 1.362280598339e+01 ||r(i)||/||b|| 9.834545060387e+00
172 KSP unpreconditioned resid norm 1.371019426200e+01 true resid norm 1.371019426200e+01 ||r(i)||/||b|| 9.897632207391e+00
173 KSP unpreconditioned resid norm 1.402587254814e+01 true resid norm 1.402587254814e+01 ||r(i)||/||b|| 1.012552595655e+01
174 KSP unpreconditioned resid norm 1.439369457407e+01 true resid norm 1.439369457407e+01 ||r(i)||/||b|| 1.039106319555e+01
175 KSP unpreconditioned resid norm 1.488262185082e+01 true resid norm 1.488262185082e+01 ||r(i)||/||b|| 1.074402846132e+01
176 KSP unpreconditioned resid norm 1.441973241007e+01 true resid norm 1.441973241007e+01 ||r(i)||/||b|| 1.040986037080e+01
177 KSP unpreconditioned resid norm 1.381944042105e+01 true resid norm 1.381944042105e+01 ||r(i)||/||b|| 9.976498945655e+00
178 KSP unpreconditioned resid norm 1.338998870444e+01 true resid norm 1.338998870444e+01 ||r(i)||/||b|| 9.666470140767e+00
179 KSP unpreconditioned resid norm 1.319242714345e+01 true resid norm 1.319242714345e+01 ||r(i)||/||b|| 9.523846948737e+00
180 KSP unpreconditioned resid norm 1.349461770959e+01 true resid norm 1.349461770959e+01 ||r(i)||/||b|| 9.742003673797e+00
181 KSP unpreconditioned resid norm 1.463622585767e+01 true resid norm 1.463622585767e+01 ||r(i)||/||b|| 1.056615082728e+01
182 KSP unpreconditioned resid norm 1.648059644663e+01 true resid norm 1.648059644663e+01 ||r(i)||/||b|| 1.189763464106e+01
183 KSP unpreconditioned resid norm 1.842081943939e+01 true resid norm 1.842081943939e+01 ||r(i)||/||b|| 1.329831600383e+01
184 KSP unpreconditioned resid norm 2.089481461441e+01 true resid norm 2.089481461441e+01 ||r(i)||/||b|| 1.508433696438e+01
185 KSP unpreconditioned resid norm 2.433714178047e+01 true resid norm 2.433714178047e+01 ||r(i)||/||b|| 1.756941394988e+01
186 KSP unpreconditioned resid norm 2.721058983102e+01 true resid norm 2.721058983102e+01 ||r(i)||/||b|| 1.964380702031e+01
187 KSP unpreconditioned resid norm 2.967240230196e+01 true resid norm 2.967240230196e+01 ||r(i)||/||b|| 2.142103307089e+01
188 KSP unpreconditioned resid norm 3.075038820938e+01 true resid norm 3.075038820938e+01 ||r(i)||/||b|| 2.219925020134e+01
189 KSP unpreconditioned resid norm 3.398253329666e+01 true resid norm 3.398253329666e+01 ||r(i)||/||b|| 2.453259301935e+01
190 KSP unpreconditioned resid norm 3.586601861189e+01 true resid norm 3.586601861189e+01 ||r(i)||/||b|| 2.589231444722e+01
191 KSP unpreconditioned resid norm 3.925477923403e+01 true resid norm 3.925477923403e+01 ||r(i)||/||b|| 2.833872079535e+01
192 KSP unpreconditioned resid norm 4.393883724691e+01 true resid norm 4.393883724691e+01 ||r(i)||/||b|| 3.172022528491e+01
193 KSP unpreconditioned resid norm 4.321301027551e+01 true resid norm 4.321301027551e+01 ||r(i)||/||b|| 3.119623793128e+01
194 KSP unpreconditioned resid norm 4.527893902489e+01 true resid norm 4.527893902489e+01 ||r(i)||/||b|| 3.268766850748e+01
195 KSP unpreconditioned resid norm 4.540996595402e+01 true resid norm 4.540996595402e+01 ||r(i)||/||b|| 3.278225916966e+01
196 KSP unpreconditioned resid norm 4.665875947177e+01 true resid norm 4.665875947177e+01 ||r(i)||/||b|| 3.368378534102e+01
197 KSP unpreconditioned resid norm 4.468893130312e+01 true resid norm 4.468893130312e+01 ||r(i)||/||b|| 3.226173147712e+01
198 KSP unpreconditioned resid norm 4.376008866598e+01 true resid norm 4.376008866598e+01 ||r(i)||/||b|| 3.159118351658e+01
199 KSP unpreconditioned resid norm 4.186795037113e+01 true resid norm 4.186795037113e+01 ||r(i)||/||b|| 3.022521534939e+01
200 KSP unpreconditioned resid norm 4.196590058524e+01 true resid norm 4.196590058524e+01 ||r(i)||/||b|| 3.029592734481e+01
201 KSP unpreconditioned resid norm 4.422523295558e+01 true resid norm 4.422523295558e+01 ||r(i)||/||b|| 3.192697942245e+01
202 KSP unpreconditioned resid norm 4.446909648566e+01 true resid norm 4.446909648566e+01 ||r(i)||/||b|| 3.210302882652e+01
203 KSP unpreconditioned resid norm 4.523332716939e+01 true resid norm 4.523332716939e+01 ||r(i)||/||b|| 3.265474050067e+01
204 KSP unpreconditioned resid norm 4.352844515630e+01 true resid norm 4.352844515630e+01 ||r(i)||/||b|| 3.142395596180e+01
205 KSP unpreconditioned resid norm 4.159630080121e+01 true resid norm 4.159630080121e+01 ||r(i)||/||b|| 3.002910671074e+01
206 KSP unpreconditioned resid norm 4.128143158844e+01 true resid norm 4.128143158844e+01 ||r(i)||/||b|| 2.980179704598e+01
207 KSP unpreconditioned resid norm 4.200604298281e+01 true resid norm 4.200604298281e+01 ||r(i)||/||b|| 3.032490685301e+01
208 KSP unpreconditioned resid norm 4.211042398905e+01 true resid norm 4.211042398905e+01 ||r(i)||/||b|| 3.040026135124e+01
209 KSP unpreconditioned resid norm 4.414531743363e+01 true resid norm 4.414531743363e+01 ||r(i)||/||b|| 3.186928699091e+01
210 KSP unpreconditioned resid norm 4.763251301073e+01 true resid norm 4.763251301073e+01 ||r(i)||/||b|| 3.438675527748e+01
211 KSP unpreconditioned resid norm 4.990163733592e+01 true resid norm 4.990163733592e+01 ||r(i)||/||b|| 3.602487634086e+01
212 KSP unpreconditioned resid norm 4.861745697015e+01 true resid norm 4.861745697015e+01 ||r(i)||/||b|| 3.509780377679e+01
213 KSP unpreconditioned resid norm 4.534301441503e+01 true resid norm 4.534301441503e+01 ||r(i)||/||b|| 3.273392566716e+01
214 KSP unpreconditioned resid norm 4.262951900252e+01 true resid norm 4.262951900252e+01 ||r(i)||/||b|| 3.077500524077e+01
215 KSP unpreconditioned resid norm 3.813389052025e+01 true resid norm 3.813389052025e+01 ||r(i)||/||b|| 2.752953136869e+01
216 KSP unpreconditioned resid norm 3.415656479387e+01 true resid norm 3.415656479387e+01 ||r(i)||/||b|| 2.465822944134e+01
217 KSP unpreconditioned resid norm 3.118378778935e+01 true resid norm 3.118378778935e+01 ||r(i)||/||b|| 2.251212903875e+01
218 KSP unpreconditioned resid norm 2.680063976565e+01 true resid norm 2.680063976565e+01 ||r(i)||/||b|| 1.934785680306e+01
219 KSP unpreconditioned resid norm 2.406444492848e+01 true resid norm 2.406444492848e+01 ||r(i)||/||b|| 1.737254925974e+01
220 KSP unpreconditioned resid norm 2.284098882168e+01 true resid norm 2.284098882168e+01 ||r(i)||/||b|| 1.648931461437e+01
221 KSP unpreconditioned resid norm 2.117562515312e+01 true resid norm 2.117562515312e+01 ||r(i)||/||b|| 1.528705906875e+01
222 KSP unpreconditioned resid norm 1.920635728483e+01 true resid norm 1.920635728483e+01 ||r(i)||/||b|| 1.386540969561e+01
223 KSP unpreconditioned resid norm 1.870609349088e+01 true resid norm 1.870609349088e+01 ||r(i)||/||b|| 1.350426039717e+01
224 KSP unpreconditioned resid norm 1.901834647065e+01 true resid norm 1.901834647065e+01 ||r(i)||/||b|| 1.372968135696e+01
225 KSP unpreconditioned resid norm 1.977922201470e+01 true resid norm 1.977922201470e+01 ||r(i)||/||b|| 1.427897089631e+01
226 KSP unpreconditioned resid norm 2.024441858168e+01 true resid norm 2.024441858168e+01 ||r(i)||/||b|| 1.461480454215e+01
227 KSP unpreconditioned resid norm 2.072082435498e+01 true resid norm 2.072082435498e+01 ||r(i)||/||b|| 1.495873031267e+01
228 KSP unpreconditioned resid norm 2.090068222623e+01 true resid norm 2.090068222623e+01 ||r(i)||/||b|| 1.508857289734e+01
229 KSP unpreconditioned resid norm 2.164621799575e+01 true resid norm 2.164621799575e+01 ||r(i)||/||b|| 1.562678838161e+01
230 KSP unpreconditioned resid norm 2.215606303749e+01 true resid norm 2.215606303749e+01 ||r(i)||/||b|| 1.599485455262e+01
231 KSP unpreconditioned resid norm 2.175538365269e+01 true resid norm 2.175538365269e+01 ||r(i)||/||b|| 1.570559700397e+01
232 KSP unpreconditioned resid norm 2.112388405439e+01 true resid norm 2.112388405439e+01 ||r(i)||/||b|| 1.524970625263e+01
233 KSP unpreconditioned resid norm 2.036991526781e+01 true resid norm 2.036991526781e+01 ||r(i)||/||b|| 1.470540282390e+01
234 KSP unpreconditioned resid norm 1.985372974415e+01 true resid norm 1.985372974415e+01 ||r(i)||/||b|| 1.433275934662e+01
235 KSP unpreconditioned resid norm 2.004133660602e+01 true resid norm 2.004133660602e+01 ||r(i)||/||b|| 1.446819606494e+01
236 KSP unpreconditioned resid norm 1.958777700630e+01 true resid norm 1.958777700630e+01 ||r(i)||/||b|| 1.414076335199e+01
237 KSP unpreconditioned resid norm 1.908860588329e+01 true resid norm 1.908860588329e+01 ||r(i)||/||b|| 1.378040287207e+01
238 KSP unpreconditioned resid norm 1.854553808497e+01 true resid norm 1.854553808497e+01 ||r(i)||/||b|| 1.338835260431e+01
239 KSP unpreconditioned resid norm 1.814763346487e+01 true resid norm 1.814763346487e+01 ||r(i)||/||b|| 1.310109820747e+01
240 KSP unpreconditioned resid norm 1.736088699144e+01 true resid norm 1.736088699144e+01 ||r(i)||/||b|| 1.253313198571e+01
241 KSP unpreconditioned resid norm 1.627009587752e+01 true resid norm 1.627009587752e+01 ||r(i)||/||b|| 1.174567054977e+01
242 KSP unpreconditioned resid norm 1.482058296460e+01 true resid norm 1.482058296460e+01 ||r(i)||/||b|| 1.069924148992e+01
243 KSP unpreconditioned resid norm 1.410381642523e+01 true resid norm 1.410381642523e+01 ||r(i)||/||b|| 1.018179502273e+01
244 KSP unpreconditioned resid norm 1.253286597915e+01 true resid norm 1.253286597915e+01 ||r(i)||/||b|| 9.047698055603e+00
245 KSP unpreconditioned resid norm 1.161819419085e+01 true resid norm 1.161819419085e+01 ||r(i)||/||b|| 8.387380281971e+00
246 KSP unpreconditioned resid norm 1.071536360414e+01 true resid norm 1.071536360414e+01 ||r(i)||/||b|| 7.735610881624e+00
247 KSP unpreconditioned resid norm 9.772422688643e+00 true resid norm 9.772422688643e+00 ||r(i)||/||b|| 7.054885124092e+00
248 KSP unpreconditioned resid norm 8.834218147955e+00 true resid norm 8.834218147955e+00 ||r(i)||/||b|| 6.377578639472e+00
249 KSP unpreconditioned resid norm 8.258167469101e+00 true resid norm 8.258167469101e+00 ||r(i)||/||b|| 5.961717445739e+00
250 KSP unpreconditioned resid norm 7.593326643700e+00 true resid norm 7.593326643700e+00 ||r(i)||/||b|| 5.481757071689e+00
251 KSP unpreconditioned resid norm 7.796099006309e+00 true resid norm 7.796099006309e+00 ||r(i)||/||b|| 5.628142033753e+00
252 KSP unpreconditioned resid norm 8.220782680083e+00 true resid norm 8.220782680083e+00 ||r(i)||/||b|| 5.934728704020e+00
253 KSP unpreconditioned resid norm 8.300854761442e+00 true resid norm 8.300854761442e+00 ||r(i)||/||b|| 5.992534158576e+00
254 KSP unpreconditioned resid norm 8.904010283987e+00 true resid norm 8.904010283987e+00 ||r(i)||/||b|| 6.427962819318e+00
255 KSP unpreconditioned resid norm 9.847274458042e+00 true resid norm 9.847274458042e+00 ||r(i)||/||b|| 7.108921942931e+00
256 KSP unpreconditioned resid norm 1.111409723944e+01 true resid norm 1.111409723944e+01 ||r(i)||/||b|| 8.023463759233e+00
257 KSP unpreconditioned resid norm 1.213313809274e+01 true resid norm 1.213313809274e+01 ||r(i)||/||b|| 8.759127410492e+00
258 KSP unpreconditioned resid norm 1.370545177381e+01 true resid norm 1.370545177381e+01 ||r(i)||/||b|| 9.894208521123e+00
259 KSP unpreconditioned resid norm 1.546094150326e+01 true resid norm 1.546094150326e+01 ||r(i)||/||b|| 1.116152766730e+01
260 KSP unpreconditioned resid norm 1.720834760632e+01 true resid norm 1.720834760632e+01 ||r(i)||/||b|| 1.242301110032e+01
261 KSP unpreconditioned resid norm 1.859367982751e+01 true resid norm 1.859367982751e+01 ||r(i)||/||b|| 1.342310698141e+01
262 KSP unpreconditioned resid norm 1.983162965045e+01 true resid norm 1.983162965045e+01 ||r(i)||/||b|| 1.431680489732e+01
263 KSP unpreconditioned resid norm 2.144658592661e+01 true resid norm 2.144658592661e+01 ||r(i)||/||b|| 1.548267045306e+01
264 KSP unpreconditioned resid norm 2.390403643961e+01 true resid norm 2.390403643961e+01 ||r(i)||/||b|| 1.725674752890e+01
265 KSP unpreconditioned resid norm 2.514028474462e+01 true resid norm 2.514028474462e+01 ||r(i)||/||b|| 1.814921708886e+01
266 KSP unpreconditioned resid norm 2.571916360735e+01 true resid norm 2.571916360735e+01 ||r(i)||/||b|| 1.856711999865e+01
267 KSP unpreconditioned resid norm 2.610795991122e+01 true resid norm 2.610795991122e+01 ||r(i)||/||b|| 1.884779894060e+01
268 KSP unpreconditioned resid norm 2.557161763874e+01 true resid norm 2.557161763874e+01 ||r(i)||/||b|| 1.846060394913e+01
269 KSP unpreconditioned resid norm 2.461312916484e+01 true resid norm 2.461312916484e+01 ||r(i)||/||b|| 1.776865413365e+01
270 KSP unpreconditioned resid norm 2.396561665127e+01 true resid norm 2.396561665127e+01 ||r(i)||/||b|| 1.730120337501e+01
271 KSP unpreconditioned resid norm 2.298203951092e+01 true resid norm 2.298203951092e+01 ||r(i)||/||b|| 1.659114160661e+01
272 KSP unpreconditioned resid norm 2.175997857416e+01 true resid norm 2.175997857416e+01 ||r(i)||/||b|| 1.570891415921e+01
273 KSP unpreconditioned resid norm 2.055208087277e+01 true resid norm 2.055208087277e+01 ||r(i)||/||b|| 1.483691140242e+01
274 KSP unpreconditioned resid norm 1.866533451885e+01 true resid norm 1.866533451885e+01 ||r(i)||/||b|| 1.347483577294e+01
275 KSP unpreconditioned resid norm 1.736872725332e+01 true resid norm 1.736872725332e+01 ||r(i)||/||b|| 1.253879200971e+01
276 KSP unpreconditioned resid norm 1.703625119954e+01 true resid norm 1.703625119954e+01 ||r(i)||/||b|| 1.229877165440e+01
277 KSP unpreconditioned resid norm 1.524828297965e+01 true resid norm 1.524828297965e+01 ||r(i)||/||b|| 1.100800571040e+01
278 KSP unpreconditioned resid norm 1.443716172471e+01 true resid norm 1.443716172471e+01 ||r(i)||/||b|| 1.042244290191e+01
279 KSP unpreconditioned resid norm 1.401108275286e+01 true resid norm 1.401108275286e+01 ||r(i)||/||b|| 1.011484894124e+01
280 KSP unpreconditioned resid norm 1.393373784722e+01 true resid norm 1.393373784722e+01 ||r(i)||/||b|| 1.005901228316e+01
281 KSP unpreconditioned resid norm 1.323883753164e+01 true resid norm 1.323883753164e+01 ||r(i)||/||b|| 9.557351430447e+00
282 KSP unpreconditioned resid norm 1.288946401186e+01 true resid norm 1.288946401186e+01 ||r(i)||/||b|| 9.305132494978e+00
283 KSP unpreconditioned resid norm 1.317778988123e+01 true resid norm 1.317778988123e+01 ||r(i)||/||b|| 9.513280049743e+00
284 KSP unpreconditioned resid norm 1.391589920522e+01 true resid norm 1.391589920522e+01 ||r(i)||/||b|| 1.004613425138e+01
285 KSP unpreconditioned resid norm 1.516522253406e+01 true resid norm 1.516522253406e+01 ||r(i)||/||b|| 1.094804290275e+01
286 KSP unpreconditioned resid norm 1.627235572577e+01 true resid norm 1.627235572577e+01 ||r(i)||/||b|| 1.174730197427e+01
287 KSP unpreconditioned resid norm 1.802694346906e+01 true resid norm 1.802694346906e+01 ||r(i)||/||b|| 1.301396996064e+01
288 KSP unpreconditioned resid norm 1.862625267107e+01 true resid norm 1.862625267107e+01 ||r(i)||/||b|| 1.344662189442e+01
289 KSP unpreconditioned resid norm 1.896609242376e+01 true resid norm 1.896609242376e+01 ||r(i)||/||b|| 1.369195823447e+01
290 KSP unpreconditioned resid norm 1.854156604826e+01 true resid norm 1.854156604826e+01 ||r(i)||/||b|| 1.338548512062e+01
291 KSP unpreconditioned resid norm 1.865698549227e+01 true resid norm 1.865698549227e+01 ||r(i)||/||b|| 1.346880846269e+01
292 KSP unpreconditioned resid norm 1.971997248446e+01 true resid norm 1.971997248446e+01 ||r(i)||/||b|| 1.423619761042e+01
293 KSP unpreconditioned resid norm 2.086182368877e+01 true resid norm 2.086182368877e+01 ||r(i)||/||b|| 1.506052023050e+01
294 KSP unpreconditioned resid norm 2.088195438915e+01 true resid norm 2.088195438915e+01 ||r(i)||/||b|| 1.507505293986e+01
295 KSP unpreconditioned resid norm 2.149665045051e+01 true resid norm 2.149665045051e+01 ||r(i)||/||b|| 1.551881292009e+01
296 KSP unpreconditioned resid norm 2.176973698264e+01 true resid norm 2.176973698264e+01 ||r(i)||/||b|| 1.571595892723e+01
297 KSP unpreconditioned resid norm 2.193831338974e+01 true resid norm 2.193831338974e+01 ||r(i)||/||b|| 1.583765722299e+01
298 KSP unpreconditioned resid norm 2.227305323502e+01 true resid norm 2.227305323502e+01 ||r(i)||/||b|| 1.607931184950e+01
299 KSP unpreconditioned resid norm 2.246323229432e+01 true resid norm 2.246323229432e+01 ||r(i)||/||b|| 1.621660548273e+01
300 KSP unpreconditioned resid norm 2.231403072042e+01 true resid norm 2.231403072042e+01 ||r(i)||/||b|| 1.610889422241e+01
301 KSP unpreconditioned resid norm 2.277356587801e+01 true resid norm 2.277356587801e+01 ||r(i)||/||b|| 1.644064079647e+01
302 KSP unpreconditioned resid norm 2.505919140768e+01 true resid norm 2.505919140768e+01 ||r(i)||/||b|| 1.809067437180e+01
303 KSP unpreconditioned resid norm 2.841324690692e+01 true resid norm 2.841324690692e+01 ||r(i)||/||b|| 2.051202647668e+01
304 KSP unpreconditioned resid norm 3.318821855151e+01 true resid norm 3.318821855151e+01 ||r(i)||/||b|| 2.395916312812e+01
305 KSP unpreconditioned resid norm 3.599721075168e+01 true resid norm 3.599721075168e+01 ||r(i)||/||b|| 2.598702437789e+01
306 KSP unpreconditioned resid norm 3.808376607826e+01 true resid norm 3.808376607826e+01 ||r(i)||/||b|| 2.749334564572e+01
307 KSP unpreconditioned resid norm 3.938565773509e+01 true resid norm 3.938565773509e+01 ||r(i)||/||b|| 2.843320430467e+01
308 KSP unpreconditioned resid norm 3.867980689372e+01 true resid norm 3.867980689372e+01 ||r(i)||/||b|| 2.792363807333e+01
309 KSP unpreconditioned resid norm 3.635078476145e+01 true resid norm 3.635078476145e+01 ||r(i)||/||b|| 2.624227572152e+01
310 KSP unpreconditioned resid norm 3.201858957620e+01 true resid norm 3.201858957620e+01 ||r(i)||/||b|| 2.311478724288e+01
311 KSP unpreconditioned resid norm 2.651626388936e+01 true resid norm 2.651626388936e+01 ||r(i)||/||b|| 1.914256081831e+01
312 KSP unpreconditioned resid norm 2.336127467181e+01 true resid norm 2.336127467181e+01 ||r(i)||/||b|| 1.686491818999e+01
313 KSP unpreconditioned resid norm 2.082920253010e+01 true resid norm 2.082920253010e+01 ||r(i)||/||b|| 1.503697043795e+01
314 KSP unpreconditioned resid norm 1.922085411837e+01 true resid norm 1.922085411837e+01 ||r(i)||/||b|| 1.387587521665e+01
315 KSP unpreconditioned resid norm 1.894213967148e+01 true resid norm 1.894213967148e+01 ||r(i)||/||b|| 1.367466631811e+01
316 KSP unpreconditioned resid norm 1.978252744619e+01 true resid norm 1.978252744619e+01 ||r(i)||/||b|| 1.428135714589e+01
317 KSP unpreconditioned resid norm 2.129736692154e+01 true resid norm 2.129736692154e+01 ||r(i)||/||b|| 1.537494660886e+01
318 KSP unpreconditioned resid norm 2.400715014101e+01 true resid norm 2.400715014101e+01 ||r(i)||/||b|| 1.733118713730e+01
319 KSP unpreconditioned resid norm 2.789162014234e+01 true resid norm 2.789162014234e+01 ||r(i)||/||b|| 2.013545487115e+01
320 KSP unpreconditioned resid norm 3.207171570516e+01 true resid norm 3.207171570516e+01 ||r(i)||/||b|| 2.315313993687e+01
321 KSP unpreconditioned resid norm 3.619311736894e+01 true resid norm 3.619311736894e+01 ||r(i)||/||b|| 2.612845283671e+01
322 KSP unpreconditioned resid norm 4.005756871575e+01 true resid norm 4.005756871575e+01 ||r(i)||/||b|| 2.891826874911e+01
323 KSP unpreconditioned resid norm 4.202240497858e+01 true resid norm 4.202240497858e+01 ||r(i)||/||b|| 3.033671886773e+01
324 KSP unpreconditioned resid norm 4.242077173709e+01 true resid norm 4.242077173709e+01 ||r(i)||/||b|| 3.062430689048e+01
325 KSP unpreconditioned resid norm 4.399575350286e+01 true resid norm 4.399575350286e+01 ||r(i)||/||b|| 3.176131413874e+01
326 KSP unpreconditioned resid norm 4.335639947079e+01 true resid norm 4.335639947079e+01 ||r(i)||/||b|| 3.129975313247e+01
327 KSP unpreconditioned resid norm 4.191795323716e+01 true resid norm 4.191795323716e+01 ||r(i)||/||b|| 3.026131330451e+01
328 KSP unpreconditioned resid norm 3.825224682999e+01 true resid norm 3.825224682999e+01 ||r(i)||/||b|| 2.761497488617e+01
329 KSP unpreconditioned resid norm 3.462098912490e+01 true resid norm 3.462098912490e+01 ||r(i)||/||b|| 2.499350559636e+01
330 KSP unpreconditioned resid norm 2.996139243946e+01 true resid norm 2.996139243946e+01 ||r(i)||/||b|| 2.162966017259e+01
331 KSP unpreconditioned resid norm 2.660006425813e+01 true resid norm 2.660006425813e+01 ||r(i)||/||b|| 1.920305778962e+01
332 KSP unpreconditioned resid norm 2.473882956108e+01 true resid norm 2.473882956108e+01 ||r(i)||/||b|| 1.785939947734e+01
333 KSP unpreconditioned resid norm 2.474791492406e+01 true resid norm 2.474791492406e+01 ||r(i)||/||b|| 1.786595836188e+01
334 KSP unpreconditioned resid norm 2.700886937902e+01 true resid norm 2.700886937902e+01 ||r(i)||/||b|| 1.949818145116e+01
335 KSP unpreconditioned resid norm 3.120291215897e+01 true resid norm 3.120291215897e+01 ||r(i)||/||b|| 2.252593526009e+01
336 KSP unpreconditioned resid norm 3.507248415700e+01 true resid norm 3.507248415700e+01 ||r(i)||/||b|| 2.531944786135e+01
337 KSP unpreconditioned resid norm 4.191810936594e+01 true resid norm 4.191810936594e+01 ||r(i)||/||b|| 3.026142601665e+01
338 KSP unpreconditioned resid norm 5.160412105477e+01 true resid norm 5.160412105477e+01 ||r(i)||/||b|| 3.725392950861e+01
339 KSP unpreconditioned resid norm 6.272509843240e+01 true resid norm 6.272509843240e+01 ||r(i)||/||b|| 4.528236016154e+01
340 KSP unpreconditioned resid norm 8.058822596770e+01 true resid norm 8.058822596770e+01 ||r(i)||/||b|| 5.817806849648e+01
341 KSP unpreconditioned resid norm 1.032202191106e+02 true resid norm 1.032202191106e+02 ||r(i)||/||b|| 7.451650542658e+01
342 KSP unpreconditioned resid norm 1.242518776508e+02 true resid norm 1.242518776508e+02 ||r(i)||/||b|| 8.969963244608e+01
343 KSP unpreconditioned resid norm 1.418485259949e+02 true resid norm 1.418485259949e+02 ||r(i)||/||b|| 1.024029647304e+02
344 KSP unpreconditioned resid norm 1.549542133169e+02 true resid norm 1.549542133169e+02 ||r(i)||/||b|| 1.118641926649e+02
345 KSP unpreconditioned resid norm 1.770788127238e+02 true resid norm 1.770788127238e+02 ||r(i)||/||b|| 1.278363330650e+02
346 KSP unpreconditioned resid norm 1.801081383195e+02 true resid norm 1.801081383195e+02 ||r(i)||/||b|| 1.300232568977e+02
347 KSP unpreconditioned resid norm 1.830217354904e+02 true resid norm 1.830217354904e+02 ||r(i)||/||b|| 1.321266343296e+02
348 KSP unpreconditioned resid norm 1.706831261162e+02 true resid norm 1.706831261162e+02 ||r(i)||/||b|| 1.232191735597e+02
349 KSP unpreconditioned resid norm 1.433371057227e+02 true resid norm 1.433371057227e+02 ||r(i)||/||b|| 1.034775968163e+02
350 KSP unpreconditioned resid norm 1.153167280937e+02 true resid norm 1.153167280937e+02 ||r(i)||/||b|| 8.324918963364e+01
351 KSP unpreconditioned resid norm 1.019752694945e+02 true resid norm 1.019752694945e+02 ||r(i)||/||b|| 7.361775423594e+01
352 KSP unpreconditioned resid norm 8.832172533902e+01 true resid norm 8.832172533902e+01 ||r(i)||/||b|| 6.376101874436e+01
353 KSP unpreconditioned resid norm 7.295960958549e+01 true resid norm 7.295960958549e+01 ||r(i)||/||b|| 5.267083513716e+01
354 KSP unpreconditioned resid norm 6.042681372567e+01 true resid norm 6.042681372567e+01 ||r(i)||/||b|| 4.362318770195e+01
355 KSP unpreconditioned resid norm 4.917981854896e+01 true resid norm 4.917981854896e+01 ||r(i)||/||b|| 3.550378256661e+01
356 KSP unpreconditioned resid norm 3.763219405779e+01 true resid norm 3.763219405779e+01 ||r(i)||/||b|| 2.716734780146e+01
357 KSP unpreconditioned resid norm 2.802905554033e+01 true resid norm 2.802905554033e+01 ||r(i)||/||b|| 2.023467192057e+01
358 KSP unpreconditioned resid norm 2.162387193608e+01 true resid norm 2.162387193608e+01 ||r(i)||/||b|| 1.561065636512e+01
359 KSP unpreconditioned resid norm 1.709097491594e+01 true resid norm 1.709097491594e+01 ||r(i)||/||b|| 1.233827767508e+01
360 KSP unpreconditioned resid norm 1.363119706946e+01 true resid norm 1.363119706946e+01 ||r(i)||/||b|| 9.840602734124e+00
361 KSP unpreconditioned resid norm 1.197910633857e+01 true resid norm 1.197910633857e+01 ||r(i)||/||b|| 8.647929157431e+00
362 KSP unpreconditioned resid norm 1.123259785014e+01 true resid norm 1.123259785014e+01 ||r(i)||/||b|| 8.109011450145e+00
363 KSP unpreconditioned resid norm 1.080203759958e+01 true resid norm 1.080203759958e+01 ||r(i)||/||b|| 7.798182374950e+00
364 KSP unpreconditioned resid norm 1.089024745100e+01 true resid norm 1.089024745100e+01 ||r(i)||/||b|| 7.861862629930e+00
365 KSP unpreconditioned resid norm 1.196458916533e+01 true resid norm 1.196458916533e+01 ||r(i)||/||b|| 8.637448952802e+00
366 KSP unpreconditioned resid norm 1.413294211041e+01 true resid norm 1.413294211041e+01 ||r(i)||/||b|| 1.020282137102e+01
367 KSP unpreconditioned resid norm 1.747552466431e+01 true resid norm 1.747552466431e+01 ||r(i)||/||b|| 1.261589095335e+01
368 KSP unpreconditioned resid norm 2.240109314981e+01 true resid norm 2.240109314981e+01 ||r(i)||/||b|| 1.617174613309e+01
369 KSP unpreconditioned resid norm 2.729922389011e+01 true resid norm 2.729922389011e+01 ||r(i)||/||b|| 1.970779351833e+01
370 KSP unpreconditioned resid norm 3.655453824702e+01 true resid norm 3.655453824702e+01 ||r(i)||/||b|| 2.638936897364e+01
371 KSP unpreconditioned resid norm 4.521471914984e+01 true resid norm 4.521471914984e+01 ||r(i)||/||b|| 3.264130704159e+01
372 KSP unpreconditioned resid norm 5.581434316843e+01 true resid norm 5.581434316843e+01 ||r(i)||/||b|| 4.029336346529e+01
373 KSP unpreconditioned resid norm 6.823859217232e+01 true resid norm 6.823859217232e+01 ||r(i)||/||b|| 4.926264900155e+01
374 KSP unpreconditioned resid norm 8.912291559206e+01 true resid norm 8.912291559206e+01 ||r(i)||/||b|| 6.433941218658e+01
375 KSP unpreconditioned resid norm 1.154422785128e+02 true resid norm 1.154422785128e+02 ||r(i)||/||b|| 8.333982670622e+01
376 KSP unpreconditioned resid norm 1.366267427306e+02 true resid norm 1.366267427306e+02 ||r(i)||/||b|| 9.863326685237e+01
377 KSP unpreconditioned resid norm 1.575186019672e+02 true resid norm 1.575186019672e+02 ||r(i)||/||b|| 1.137154702772e+02
378 KSP unpreconditioned resid norm 1.819139910090e+02 true resid norm 1.819139910090e+02 ||r(i)||/||b|| 1.313269339572e+02
379 KSP unpreconditioned resid norm 1.865996151935e+02 true resid norm 1.865996151935e+02 ||r(i)||/||b|| 1.347095690938e+02
380 KSP unpreconditioned resid norm 1.909356093826e+02 true resid norm 1.909356093826e+02 ||r(i)||/||b|| 1.378398001407e+02
381 KSP unpreconditioned resid norm 1.841371363978e+02 true resid norm 1.841371363978e+02 ||r(i)||/||b|| 1.329318620116e+02
382 KSP unpreconditioned resid norm 1.686791627091e+02 true resid norm 1.686791627091e+02 ||r(i)||/||b|| 1.217724768623e+02
383 KSP unpreconditioned resid norm 1.510798771082e+02 true resid norm 1.510798771082e+02 ||r(i)||/||b|| 1.090672406955e+02
384 KSP unpreconditioned resid norm 1.313343004441e+02 true resid norm 1.313343004441e+02 ||r(i)||/||b|| 9.481255897403e+01
385 KSP unpreconditioned resid norm 1.109725894905e+02 true resid norm 1.109725894905e+02 ||r(i)||/||b|| 8.011307898993e+01
386 KSP unpreconditioned resid norm 8.906879091271e+01 true resid norm 8.906879091271e+01 ||r(i)||/||b|| 6.430033862137e+01
387 KSP unpreconditioned resid norm 6.867561098208e+01 true resid norm 6.867561098208e+01 ||r(i)||/||b|| 4.957814062509e+01
388 KSP unpreconditioned resid norm 5.448882370589e+01 true resid norm 5.448882370589e+01 ||r(i)||/||b|| 3.933644747466e+01
389 KSP unpreconditioned resid norm 4.304780843996e+01 true resid norm 4.304780843996e+01 ||r(i)||/||b|| 3.107697579852e+01
390 KSP unpreconditioned resid norm 3.273135041546e+01 true resid norm 3.273135041546e+01 ||r(i)||/||b|| 2.362934192417e+01
391 KSP unpreconditioned resid norm 2.366153247338e+01 true resid norm 2.366153247338e+01 ||r(i)||/||b|| 1.708167961806e+01
392 KSP unpreconditioned resid norm 1.815998704156e+01 true resid norm 1.815998704156e+01 ||r(i)||/||b|| 1.311001647341e+01
393 KSP unpreconditioned resid norm 1.415508820212e+01 true resid norm 1.415508820212e+01 ||r(i)||/||b|| 1.021880902710e+01
394 KSP unpreconditioned resid norm 1.065487658492e+01 true resid norm 1.065487658492e+01 ||r(i)||/||b|| 7.691944230505e+00
395 KSP unpreconditioned resid norm 8.203837692746e+00 true resid norm 8.203837692746e+00 ||r(i)||/||b|| 5.922495817365e+00
396 KSP unpreconditioned resid norm 6.044799543707e+00 true resid norm 6.044799543707e+00 ||r(i)||/||b|| 4.363847915479e+00
397 KSP unpreconditioned resid norm 4.838994160022e+00 true resid norm 4.838994160022e+00 ||r(i)||/||b|| 3.493355639925e+00
398 KSP unpreconditioned resid norm 3.903794384250e+00 true resid norm 3.903794384250e+00 ||r(i)||/||b|| 2.818218348349e+00
399 KSP unpreconditioned resid norm 3.164786353537e+00 true resid norm 3.164786353537e+00 ||r(i)||/||b|| 2.284715354407e+00
400 KSP unpreconditioned resid norm 2.348146386704e+00 true resid norm 2.348146386704e+00 ||r(i)||/||b|| 1.695168490000e+00
401 KSP unpreconditioned resid norm 1.855843345003e+00 true resid norm 1.855843345003e+00 ||r(i)||/||b|| 1.339766199688e+00
402 KSP unpreconditioned resid norm 1.420501926858e+00 true resid norm 1.420501926858e+00 ||r(i)||/||b|| 1.025485514885e+00
403 KSP unpreconditioned resid norm 1.113584177068e+00 true resid norm 1.113584177068e+00 ||r(i)||/||b|| 8.039161521687e-01
404 KSP unpreconditioned resid norm 8.933077651773e-01 true resid norm 8.933077651773e-01 ||r(i)||/||b|| 6.448947067249e-01
405 KSP unpreconditioned resid norm 7.320295848023e-01 true resid norm 7.320295848023e-01 ||r(i)||/||b|| 5.284651301686e-01
406 KSP unpreconditioned resid norm 5.881313976359e-01 true resid norm 5.881313976359e-01 ||r(i)||/||b|| 4.245824787148e-01
407 KSP unpreconditioned resid norm 4.551321482932e-01 true resid norm 4.551321482932e-01 ||r(i)||/||b|| 3.285679636249e-01
408 KSP unpreconditioned resid norm 3.342656047091e-01 true resid norm 3.342656047091e-01 ||r(i)||/||b|| 2.413122638359e-01
409 KSP unpreconditioned resid norm 2.596821156396e-01 true resid norm 2.596821156396e-01 ||r(i)||/||b|| 1.874691213211e-01
410 KSP unpreconditioned resid norm 2.041829709603e-01 true resid norm 2.041829709603e-01 ||r(i)||/||b|| 1.474033052311e-01
411 KSP unpreconditioned resid norm 1.524524888720e-01 true resid norm 1.524524888720e-01 ||r(i)||/||b|| 1.100581534529e-01
412 KSP unpreconditioned resid norm 1.132027729362e-01 true resid norm 1.132027729362e-01 ||r(i)||/||b|| 8.172308794232e-02
413 KSP unpreconditioned resid norm 8.548568528575e-02 true resid norm 8.548568528575e-02 ||r(i)||/||b|| 6.171363117010e-02
414 KSP unpreconditioned resid norm 6.535131363311e-02 true resid norm 6.535131363311e-02 ||r(i)||/||b|| 4.717827145626e-02
415 KSP unpreconditioned resid norm 5.039775490103e-02 true resid norm 5.039775490103e-02 ||r(i)||/||b|| 3.638303240322e-02
416 KSP unpreconditioned resid norm 3.651224559658e-02 true resid norm 3.651224559658e-02 ||r(i)||/||b|| 2.635883715978e-02
417 KSP unpreconditioned resid norm 2.603310095188e-02 true resid norm 2.603310095188e-02 ||r(i)||/||b|| 1.879375693121e-02
418 KSP unpreconditioned resid norm 1.934714298883e-02 true resid norm 1.934714298883e-02 ||r(i)||/||b|| 1.396704539031e-02
419 KSP unpreconditioned resid norm 1.513862449080e-02 true resid norm 1.513862449080e-02 ||r(i)||/||b|| 1.092884130395e-02
420 KSP unpreconditioned resid norm 1.122237541144e-02 true resid norm 1.122237541144e-02 ||r(i)||/||b|| 8.101631690484e-03
421 KSP unpreconditioned resid norm 8.595009030532e-03 true resid norm 8.595009030532e-03 ||r(i)||/||b|| 6.204889338383e-03
422 KSP unpreconditioned resid norm 6.344738530438e-03 true resid norm 6.344738530438e-03 ||r(i)||/||b|| 4.580379185466e-03
423 KSP unpreconditioned resid norm 4.702150560030e-03 true resid norm 4.702150560030e-03 ||r(i)||/||b|| 3.394565819973e-03
424 KSP unpreconditioned resid norm 3.394497048164e-03 true resid norm 3.394497048164e-03 ||r(i)||/||b|| 2.450547575750e-03
425 KSP unpreconditioned resid norm 2.682359921691e-03 true resid norm 2.682359921691e-03 ||r(i)||/||b|| 1.936443163781e-03
426 KSP unpreconditioned resid norm 2.025614672338e-03 true resid norm 2.025614672338e-03 ||r(i)||/||b|| 1.462327129549e-03
427 KSP unpreconditioned resid norm 1.518539542860e-03 true resid norm 1.518539542860e-03 ||r(i)||/||b|| 1.096260607282e-03
428 KSP unpreconditioned resid norm 1.149697027288e-03 true resid norm 1.149697027288e-03 ||r(i)||/||b|| 8.299866587281e-04
429 KSP unpreconditioned resid norm 8.780378773361e-04 true resid norm 8.780378773361e-04 ||r(i)||/||b|| 6.338711040821e-04
430 KSP unpreconditioned resid norm 6.680236806153e-04 true resid norm 6.680236806153e-04 ||r(i)||/||b|| 4.822581336347e-04
431 KSP unpreconditioned resid norm 4.784982748755e-04 true resid norm 4.784982748755e-04 ||r(i)||/||b|| 3.454363844951e-04
432 KSP unpreconditioned resid norm 3.626064901355e-04 true resid norm 3.626064901355e-04 ||r(i)||/||b|| 2.617720512774e-04
433 KSP unpreconditioned resid norm 2.877508168088e-04 true resid norm 2.877508168088e-04 ||r(i)||/||b|| 2.077324141238e-04
434 KSP unpreconditioned resid norm 2.365242415217e-04 true resid norm 2.365242415217e-04 ||r(i)||/||b|| 1.707510415956e-04
435 KSP unpreconditioned resid norm 1.771110419511e-04 true resid norm 1.771110419511e-04 ||r(i)||/||b|| 1.278595999153e-04
436 KSP unpreconditioned resid norm 1.365521483545e-04 true resid norm 1.365521483545e-04 ||r(i)||/||b|| 9.857941585032e-05
437 KSP unpreconditioned resid norm 1.058098988118e-04 true resid norm 1.058098988118e-04 ||r(i)||/||b|| 7.638604109671e-05
438 KSP unpreconditioned resid norm 8.577727515475e-05 true resid norm 8.577727515475e-05 ||r(i)||/||b|| 6.192413506403e-05
439 KSP unpreconditioned resid norm 6.543056105225e-05 true resid norm 6.543056105225e-05 ||r(i)||/||b|| 4.723548157254e-05
440 KSP unpreconditioned resid norm 5.138840655665e-05 true resid norm 5.138840655665e-05 ||r(i)||/||b|| 3.709820138957e-05
441 KSP unpreconditioned resid norm 3.881058059760e-05 true resid norm 3.881058059760e-05 ||r(i)||/||b|| 2.801804592771e-05
442 KSP unpreconditioned resid norm 2.977999097793e-05 true resid norm 2.977999097793e-05 ||r(i)||/||b|| 2.149870324274e-05
443 KSP unpreconditioned resid norm 2.304128963499e-05 true resid norm 2.304128963499e-05 ||r(i)||/||b|| 1.663391532119e-05
444 KSP unpreconditioned resid norm 1.734709878135e-05 true resid norm 1.734709878135e-05 ||r(i)||/||b|| 1.252317803250e-05
445 KSP unpreconditioned resid norm 1.402363361797e-05 true resid norm 1.402363361797e-05 ||r(i)||/||b|| 1.012390963319e-05
446 KSP unpreconditioned resid norm 1.064380891031e-05 true resid norm 1.064380891031e-05 ||r(i)||/||b|| 7.683954280068e-06
447 KSP unpreconditioned resid norm 7.960025409472e-06 true resid norm 7.960025409472e-06 ||r(i)||/||b|| 5.746483409271e-06
448 KSP unpreconditioned resid norm 6.007873163010e-06 true resid norm 6.007873163010e-06 ||r(i)||/||b|| 4.337190106851e-06
449 KSP unpreconditioned resid norm 4.477355246913e-06 true resid norm 4.477355246913e-06 ||r(i)||/||b|| 3.232282099651e-06
450 KSP unpreconditioned resid norm 3.422624076467e-06 true resid norm 3.422624076467e-06 ||r(i)||/||b|| 2.470852975945e-06
451 KSP unpreconditioned resid norm 2.683358874946e-06 true resid norm 2.683358874946e-06 ||r(i)||/||b|| 1.937164325839e-06
452 KSP unpreconditioned resid norm 2.169994851587e-06 true resid norm 2.169994851587e-06 ||r(i)||/||b|| 1.566557739629e-06
453 KSP unpreconditioned resid norm 1.771795479379e-06 true resid norm 1.771795479379e-06 ||r(i)||/||b|| 1.279090556013e-06
454 KSP unpreconditioned resid norm 1.451646949759e-06 true resid norm 1.451646949759e-06 ||r(i)||/||b|| 1.047969658864e-06
455 KSP unpreconditioned resid norm 1.174292881049e-06 true resid norm 1.174292881049e-06 ||r(i)||/||b|| 8.477428414419e-07
456 KSP unpreconditioned resid norm 9.524509170731e-07 true resid norm 9.524509170731e-07 ||r(i)||/||b|| 6.875911962031e-07
457 KSP unpreconditioned resid norm 7.369659935485e-07 true resid norm 7.369659935485e-07 ||r(i)||/||b|| 5.320288111247e-07
458 KSP unpreconditioned resid norm 5.369891773942e-07 true resid norm 5.369891773942e-07 ||r(i)||/||b|| 3.876620035889e-07
459 KSP unpreconditioned resid norm 4.276577404049e-07 true resid norm 4.276577404049e-07 ||r(i)||/||b|| 3.087337016737e-07
460 KSP unpreconditioned resid norm 3.530416216140e-07 true resid norm 3.530416216140e-07 ||r(i)||/||b|| 2.548670031849e-07
461 KSP unpreconditioned resid norm 2.767664531662e-07 true resid norm 2.767664531662e-07 ||r(i)||/||b|| 1.998026073472e-07
462 KSP unpreconditioned resid norm 2.126812327692e-07 true resid norm 2.126812327692e-07 ||r(i)||/||b|| 1.535383510356e-07
463 KSP unpreconditioned resid norm 1.654904741589e-07 true resid norm 1.654904741589e-07 ||r(i)||/||b|| 1.194705060884e-07
464 KSP unpreconditioned resid norm 1.290347149112e-07 true resid norm 1.290347149112e-07 ||r(i)||/||b|| 9.315244742497e-08
465 KSP unpreconditioned resid norm 1.059828521735e-07 true resid norm 1.059828521735e-07 ||r(i)||/||b|| 7.651089919355e-08
466 KSP unpreconditioned resid norm 9.158916317141e-08 true resid norm 9.158916317141e-08 ||r(i)||/||b|| 6.611984002052e-08
467 KSP unpreconditioned resid norm 8.129386985627e-08 true resid norm 8.129386985627e-08 ||r(i)||/||b|| 5.868748532494e-08
468 KSP unpreconditioned resid norm 7.801225993974e-08 true resid norm 7.801225993974e-08 ||r(i)||/||b|| 5.631843297008e-08
469 KSP unpreconditioned resid norm 7.032568614616e-08 true resid norm 7.032568614616e-08 ||r(i)||/||b|| 5.076935912838e-08
470 KSP unpreconditioned resid norm 6.570618044805e-08 true resid norm 6.570618044805e-08 ||r(i)||/||b|| 4.743445609885e-08
471 KSP unpreconditioned resid norm 6.388172306394e-08 true resid norm 6.388172306394e-08 ||r(i)||/||b|| 4.611734798055e-08
472 KSP unpreconditioned resid norm 6.372261375701e-08 true resid norm 6.372261375701e-08 ||r(i)||/||b|| 4.600248415216e-08
473 KSP unpreconditioned resid norm 6.809128347868e-08 true resid norm 6.809128347868e-08 ||r(i)||/||b|| 4.915630424504e-08
474 KSP unpreconditioned resid norm 7.031015795196e-08 true resid norm 7.031015795196e-08 ||r(i)||/||b|| 5.075814904980e-08
475 KSP unpreconditioned resid norm 6.992384050406e-08 true resid norm 6.992384050406e-08 ||r(i)||/||b|| 5.047925963791e-08
476 KSP unpreconditioned resid norm 7.083403111058e-08 true resid norm 7.083403111058e-08 ||r(i)||/||b|| 5.113634236700e-08
477 KSP unpreconditioned resid norm 7.040800857374e-08 true resid norm 7.040800857374e-08 ||r(i)||/||b|| 5.082878914776e-08
478 KSP unpreconditioned resid norm 6.499019981719e-08 true resid norm 6.499019981719e-08 ||r(i)||/||b|| 4.691757699295e-08
479 KSP unpreconditioned resid norm 5.707546407338e-08 true resid norm 5.707546407338e-08 ||r(i)||/||b|| 4.120378899593e-08
480 KSP unpreconditioned resid norm 4.702321166197e-08 true resid norm 4.702321166197e-08 ||r(i)||/||b|| 3.394688983588e-08
481 KSP unpreconditioned resid norm 3.676103776121e-08 true resid norm 3.676103776121e-08 ||r(i)||/||b|| 2.653844463248e-08
482 KSP unpreconditioned resid norm 2.773132940307e-08 true resid norm 2.773132940307e-08 ||r(i)||/||b|| 2.001973814583e-08
483 KSP unpreconditioned resid norm 2.076933575337e-08 true resid norm 2.076933575337e-08 ||r(i)||/||b|| 1.499375155088e-08
484 KSP unpreconditioned resid norm 1.695155922225e-08 true resid norm 1.695155922225e-08 ||r(i)||/||b|| 1.223763101510e-08
485 KSP unpreconditioned resid norm 1.403557324925e-08 true resid norm 1.403557324925e-08 ||r(i)||/||b|| 1.013252906460e-08
486 KSP unpreconditioned resid norm 1.298465026514e-08 true resid norm 1.298465026514e-08 ||r(i)||/||b|| 9.373849138097e-09
            || b ||_2 = 1.3851994067587832e+00
|| r ||_2 / || b ||_2 = 9.4900676278544363e-09
WARNING! There are options you set that were not used!
WARNING! could be spelling mistake, etc!
There is one unused database option. It is:
Option left: name:-ksp_gmres_restart value: 50 source: command line
