Config file: ../input/config/mla_v_cycle-refine2.json
order_rbm = 1
angle_type = 1
==== basic information of linear system ====
matrix Row = 19158, matrix Column = 19158
matrix nz_allocated = 387515, matrix nz_used = 387515, matrix nz_unneeded = 0
vector Row = 19158
initial     || b ||_2 = 7.2042734251691587e-01
>>>>local_vec_size = 4788
>>>>~~~~ local_mat_m = 4788, local_mat_n = 4788
>>>>local_vec_size = 4788
>>>>~~~~ local_mat_m = 4788, local_mat_n = 4788
>>>>local_vec_size = 4788
>>>>~~~~ local_mat_m = 4788, local_mat_n = 4788
>>>>local_vec_size = 4794
>>>>~~~~ local_mat_m = 4794, local_mat_n = 4794
            || b ||_2 = 7.2042734251691587e-01
|| r ||_2 / || b ||_2 = 1.0000000000000000e+00
Partitioning a graph of size 3193 serially
      Setup: Max:   0.000, Sum:   0.001, Balance:   1.001
      Remap: Max:   0.000, Sum:   0.000, Balance:   1.333
      Total: Max:   0.114, Sum:   0.457, Balance:   1.000
       Aux1: Max:   0.000, Sum:   0.000, Balance:   1.002
Final 798-way Cut:   5253 	Balance: 1.250 
Partitioning a graph of size 798 serially
      Setup: Max:   0.000, Sum:   0.000, Balance:   1.046
      Remap: Max:   0.000, Sum:   0.000, Balance:   4.000
      Total: Max:   0.027, Sum:   0.109, Balance:   1.000
       Aux1: Max:   0.000, Sum:   0.000, Balance:   1.040
Final 199-way Cut:   1271 	Balance: 1.247 
Partitioning a graph of size 199 serially
      Setup: Max:   0.000, Sum:   0.000, Balance:   1.006
      Total: Max:   0.006, Sum:   0.025, Balance:   1.000
       Aux1: Max:   0.000, Sum:   0.000, Balance:   1.059
Final  49-way Cut:    251 	Balance: 1.231 
Partitioning a graph of size 49 serially
      Setup: Max:   0.000, Sum:   0.000, Balance:   1.004
      Remap: Max:   0.000, Sum:   0.000, Balance:   4.000
      Total: Max:   0.001, Sum:   0.004, Balance:   1.001
       Aux1: Max:   0.000, Sum:   0.000, Balance:   1.120
Final  12-way Cut:     40 	Balance: 1.224 


>>>>nodes in level 2 is 49, less than 100, setup DONE!>>>>


>>>> mla setup time: 0.184183 (s)
KSP Object: (mg_coarse_) 4 MPI processes
  type: preonly
  maximum iterations=10000, initial guess is zero
  tolerances: relative=1e-05, absolute=1e-50, divergence=10000.
  left preconditioning
  using DEFAULT norm type for convergence test
PC Object: (mg_coarse_) 4 MPI processes
  type: redundant
  PC has not been set up so information may be incomplete
    Not yet setup
  linear system matrix = precond matrix:
  Mat Object: 4 MPI processes
    type: mpiaij
    rows=294, cols=294
    total: nonzeros=8892, allocated nonzeros=8892
    total number of mallocs used during MatSetValues calls=0
      using nonscalable MatPtAP() implementation
      using I-node (on process 0) routines: found 26 nodes, limit used is 5
KSP Object: (mg_levels_1_) 4 MPI processes
  type: chebyshev
    Chebyshev polynomial of first kind
    eigenvalue targets used: min 0., max 0.
  maximum iterations=5, initial guess is zero
  tolerances: relative=1e-05, absolute=1e-50, divergence=10000.
  left preconditioning
  using NONE norm type for convergence test
PC Object: (mg_levels_1_) 4 MPI processes
  type: sor
  PC has not been set up so information may be incomplete
    type = local_symmetric, iterations = 1, local iterations = 1, omega = 1.
  linear system matrix = precond matrix:
  Mat Object: 4 MPI processes
    type: mpiaij
    rows=1194, cols=1194
    total: nonzeros=43020, allocated nonzeros=43020
    total number of mallocs used during MatSetValues calls=0
      using I-node (on process 0) routines: found 100 nodes, limit used is 5
KSP Object: (mg_levels_2_) 4 MPI processes
  type: chebyshev
    Chebyshev polynomial of first kind
    eigenvalue targets used: min 0., max 0.
  maximum iterations=5, initial guess is zero
  tolerances: relative=1e-05, absolute=1e-50, divergence=10000.
  left preconditioning
  using NONE norm type for convergence test
PC Object: (mg_levels_2_) 4 MPI processes
  type: sor
  PC has not been set up so information may be incomplete
    type = local_symmetric, iterations = 1, local iterations = 1, omega = 1.
  linear system matrix = precond matrix:
  Mat Object: 4 MPI processes
    type: mpiaij
    rows=4788, cols=4788
    total: nonzeros=187776, allocated nonzeros=187776
    total number of mallocs used during MatSetValues calls=0
      using I-node (on process 0) routines: found 400 nodes, limit used is 5
KSP Object: (mg_levels_3_) 4 MPI processes
  type: chebyshev
    Chebyshev polynomial of first kind
    eigenvalue targets used: min 0., max 0.
  maximum iterations=5, initial guess is zero
  tolerances: relative=1e-05, absolute=1e-50, divergence=10000.
  left preconditioning
  using NONE norm type for convergence test
PC Object: (mg_levels_3_) 4 MPI processes
  type: sor
  PC has not been set up so information may be incomplete
    type = local_symmetric, iterations = 1, local iterations = 1, omega = 1.
  linear system matrix = precond matrix:
  Mat Object: 4 MPI processes
    type: mpiaij
    rows=19158, cols=19158
    total: nonzeros=387515, allocated nonzeros=387515
    total number of mallocs used during MatSetValues calls=0
      using I-node (on process 0) routines: found 2457 nodes, limit used is 5
  0 KSP unpreconditioned resid norm 7.204273425169e-01 true resid norm 7.204273425169e-01 ||r(i)||/||b|| 1.000000000000e+00
  1 KSP unpreconditioned resid norm 6.288690514376e+01 true resid norm 6.288690514375e+01 ||r(i)||/||b|| 8.729111380483e+01
  2 KSP unpreconditioned resid norm 7.547139540570e+01 true resid norm 7.547139540571e+01 ||r(i)||/||b|| 1.047592046438e+02
  3 KSP unpreconditioned resid norm 2.921320272123e+01 true resid norm 2.921320272123e+01 ||r(i)||/||b|| 4.054982507905e+01
  4 KSP unpreconditioned resid norm 1.371298243735e+01 true resid norm 1.371298243735e+01 ||r(i)||/||b|| 1.903451136300e+01
  5 KSP unpreconditioned resid norm 7.849027153126e+00 true resid norm 7.849027153124e+00 ||r(i)||/||b|| 1.089496010202e+01
  6 KSP unpreconditioned resid norm 3.481845742734e+00 true resid norm 3.481845742732e+00 ||r(i)||/||b|| 4.833028311456e+00
  7 KSP unpreconditioned resid norm 2.141415817829e+00 true resid norm 2.141415817828e+00 ||r(i)||/||b|| 2.972424409027e+00
  8 KSP unpreconditioned resid norm 1.068846543519e+00 true resid norm 1.068846543522e+00 ||r(i)||/||b|| 1.483628508308e+00
  9 KSP unpreconditioned resid norm 6.450343597920e-01 true resid norm 6.450343597897e-01 ||r(i)||/||b|| 8.953496372531e-01
 10 KSP unpreconditioned resid norm 3.542820882251e-01 true resid norm 3.542820882319e-01 ||r(i)||/||b|| 4.917665770349e-01
 11 KSP unpreconditioned resid norm 2.354951134854e-01 true resid norm 2.354951134788e-01 ||r(i)||/||b|| 3.268825314932e-01
 12 KSP unpreconditioned resid norm 1.418353918958e-01 true resid norm 1.418353918985e-01 ||r(i)||/||b|| 1.968767473524e-01
 13 KSP unpreconditioned resid norm 8.752320966029e-02 true resid norm 8.752320965634e-02 ||r(i)||/||b|| 1.214879065397e-01
 14 KSP unpreconditioned resid norm 5.153895647313e-02 true resid norm 5.153895646807e-02 ||r(i)||/||b|| 7.153942309853e-02
 15 KSP unpreconditioned resid norm 2.729702273456e-02 true resid norm 2.729702273365e-02 ||r(i)||/||b|| 3.789004264925e-02
 16 KSP unpreconditioned resid norm 1.667579496298e-02 true resid norm 1.667579496102e-02 ||r(i)||/||b|| 2.314708781424e-02
 17 KSP unpreconditioned resid norm 7.929312618023e-03 true resid norm 7.929312630562e-03 ||r(i)||/||b|| 1.100640156558e-02
 18 KSP unpreconditioned resid norm 4.357970788482e-03 true resid norm 4.357970788495e-03 ||r(i)||/||b|| 6.049146848411e-03
 19 KSP unpreconditioned resid norm 2.035340596648e-03 true resid norm 2.035340596555e-03 ||r(i)||/||b|| 2.825185103947e-03
 20 KSP unpreconditioned resid norm 9.320906038252e-04 true resid norm 9.320906166250e-04 ||r(i)||/||b|| 1.293802388689e-03
 21 KSP unpreconditioned resid norm 4.737476576488e-04 true resid norm 4.737476656970e-04 ||r(i)||/||b|| 6.575925672697e-04
 22 KSP unpreconditioned resid norm 3.478871993437e-04 true resid norm 3.478872026971e-04 ||r(i)||/||b|| 4.828900600603e-04
 23 KSP unpreconditioned resid norm 1.588451111201e-04 true resid norm 1.588451004042e-04 ||r(i)||/||b|| 2.204873288808e-04
 24 KSP unpreconditioned resid norm 5.193309757298e-05 true resid norm 5.193309970811e-05 ||r(i)||/||b|| 7.208651954640e-05
 25 KSP unpreconditioned resid norm 1.998772133787e-05 true resid norm 1.998770823212e-05 ||r(i)||/||b|| 2.774423880455e-05
 26 KSP unpreconditioned resid norm 1.996976875104e-05 true resid norm 1.996977925107e-05 ||r(i)||/||b|| 2.771935221296e-05
 27 KSP unpreconditioned resid norm 1.028617218705e-05 true resid norm 1.028616754554e-05 ||r(i)||/||b|| 1.427786945121e-05
 28 KSP unpreconditioned resid norm 4.403140150203e-06 true resid norm 4.403153479899e-06 ||r(i)||/||b|| 6.111863362259e-06
 29 KSP unpreconditioned resid norm 2.774825493770e-06 true resid norm 2.774824419730e-06 ||r(i)||/||b|| 3.851636738323e-06
 30 KSP unpreconditioned resid norm 1.037276966879e-06 true resid norm 1.037279840356e-06 ||r(i)||/||b|| 1.439811871565e-06
 31 KSP unpreconditioned resid norm 4.232751923700e-07 true resid norm 4.232896346692e-07 ||r(i)||/||b|| 5.875535389737e-07
 32 KSP unpreconditioned resid norm 2.678301694069e-07 true resid norm 2.678437586456e-07 ||r(i)||/||b|| 3.717845545810e-07
 33 KSP unpreconditioned resid norm 1.077149402623e-07 true resid norm 1.077316361539e-07 ||r(i)||/||b|| 1.495385166498e-07
 34 KSP unpreconditioned resid norm 8.052967618838e-08 true resid norm 8.055576442505e-08 ||r(i)||/||b|| 1.118166394735e-07
 35 KSP unpreconditioned resid norm 3.805555375137e-08 true resid norm 3.813370779529e-08 ||r(i)||/||b|| 5.293206621235e-08
 36 KSP unpreconditioned resid norm 2.607746250605e-08 true resid norm 2.617420715504e-08 ||r(i)||/||b|| 3.633150161069e-08
 37 KSP unpreconditioned resid norm 1.067595482111e-08 true resid norm 1.092822467432e-08 ||r(i)||/||b|| 1.516908649821e-08
 38 KSP unpreconditioned resid norm 2.749145291246e-09 true resid norm 3.624173142906e-09 ||r(i)||/||b|| 5.030587998291e-09
>>>> ksp solve time: 0.32484 (s)
            || b ||_2 = 7.2042734251691587e-01
|| r ||_2 / || b ||_2 = 5.0305879982907105e-09
