Config file: ../input/config/mla_v_cycle-refine0.json
order_rbm = 1
angle_type = 1
==== basic information of linear system ====
matrix Row = 1506, matrix Column = 1506
matrix nz_allocated = 27747, matrix nz_used = 27747, matrix nz_unneeded = 0
vector Row = 1506
initial     || b ||_2 = 2.6501139470351749e+00
>>>>local_vec_size = 378
>>>>~~~~ local_mat_m = 378, local_mat_n = 378
>>>>local_vec_size = 372
>>>>~~~~ local_mat_m = 372, local_mat_n = 372
>>>>local_vec_size = 378
>>>>~~~~ local_mat_m = 378, local_mat_n = 378
>>>>local_vec_size = 378
>>>>~~~~ local_mat_m = 378, local_mat_n = 378
            || b ||_2 = 2.6501139470351749e+00
|| r ||_2 / || b ||_2 = 1.0000000000000000e+00
Partitioning a graph of size 251 serially
      Setup: Max:   0.000, Sum:   0.000, Balance:   1.003
      Remap: Max:   0.000, Sum:   0.000, Balance:   4.000
      Total: Max:   0.007, Sum:   0.029, Balance:   1.000
       Aux1: Max:   0.000, Sum:   0.000, Balance:   1.000
Final  62-way Cut:    360 	Balance: 1.235 
Partitioning a graph of size 62 serially
      Setup: Max:   0.000, Sum:   0.000, Balance:   1.005
      Remap: Max:   0.000, Sum:   0.000, Balance:   1.333
      Total: Max:   0.002, Sum:   0.006, Balance:   1.000
       Aux1: Max:   0.000, Sum:   0.000, Balance:   1.533
Final  15-way Cut:     66 	Balance: 1.210 


>>>>nodes in level 0 is 62, less than 100, setup DONE!>>>>


>>>> mla setup time: 0.0127618 (s)
KSP Object: (mg_coarse_) 4 MPI processes
  type: preonly
  maximum iterations=10000, initial guess is zero
  tolerances: relative=1e-05, absolute=1e-50, divergence=10000.
  left preconditioning
  using DEFAULT norm type for convergence test
PC Object: (mg_coarse_) 4 MPI processes
  type: redundant
  PC has not been set up so information may be incomplete
    Not yet setup
  linear system matrix = precond matrix:
  Mat Object: 4 MPI processes
    type: mpiaij
    rows=372, cols=372
    total: nonzeros=12384, allocated nonzeros=12384
    total number of mallocs used during MatSetValues calls=0
      using nonscalable MatPtAP() implementation
      using I-node (on process 0) routines: found 32 nodes, limit used is 5
KSP Object: (mg_levels_1_) 4 MPI processes
  type: chebyshev
    Chebyshev polynomial of first kind
    eigenvalue targets used: min 0., max 0.
  maximum iterations=5, initial guess is zero
  tolerances: relative=1e-05, absolute=1e-50, divergence=10000.
  left preconditioning
  using NONE norm type for convergence test
PC Object: (mg_levels_1_) 4 MPI processes
  type: sor
  PC has not been set up so information may be incomplete
    type = local_symmetric, iterations = 1, local iterations = 1, omega = 1.
  linear system matrix = precond matrix:
  Mat Object: 4 MPI processes
    type: mpiaij
    rows=1506, cols=1506
    total: nonzeros=27747, allocated nonzeros=27747
    total number of mallocs used during MatSetValues calls=0
      using I-node (on process 0) routines: found 195 nodes, limit used is 5
  0 KSP unpreconditioned resid norm 2.650113947035e+00 true resid norm 2.650113947035e+00 ||r(i)||/||b|| 1.000000000000e+00
  1 KSP unpreconditioned resid norm 7.966382306046e+01 true resid norm 7.966382306046e+01 ||r(i)||/||b|| 3.006052745377e+01
  2 KSP unpreconditioned resid norm 3.048540177055e+01 true resid norm 3.048540177054e+01 ||r(i)||/||b|| 1.150343056179e+01
  3 KSP unpreconditioned resid norm 7.628070131536e+00 true resid norm 7.628070131537e+00 ||r(i)||/||b|| 2.878393263079e+00
  4 KSP unpreconditioned resid norm 1.316970825632e+00 true resid norm 1.316970825630e+00 ||r(i)||/||b|| 4.969487546388e-01
  5 KSP unpreconditioned resid norm 2.466627016698e-01 true resid norm 2.466627016718e-01 ||r(i)||/||b|| 9.307626260666e-02
  6 KSP unpreconditioned resid norm 6.291182851348e-02 true resid norm 6.291182851887e-02 ||r(i)||/||b|| 2.373929188564e-02
  7 KSP unpreconditioned resid norm 1.004189186146e-02 true resid norm 1.004189186535e-02 ||r(i)||/||b|| 3.789230224075e-03
  8 KSP unpreconditioned resid norm 1.792141671818e-03 true resid norm 1.792141656285e-03 ||r(i)||/||b|| 6.762507922686e-04
  9 KSP unpreconditioned resid norm 5.375122529977e-04 true resid norm 5.375122737365e-04 ||r(i)||/||b|| 2.028260989826e-04
 10 KSP unpreconditioned resid norm 9.485272040062e-05 true resid norm 9.485269804483e-05 ||r(i)||/||b|| 3.579193194728e-05
 11 KSP unpreconditioned resid norm 2.290653364221e-05 true resid norm 2.290650606539e-05 ||r(i)||/||b|| 8.643592888155e-06
 12 KSP unpreconditioned resid norm 4.649639044236e-06 true resid norm 4.649690153762e-06 ||r(i)||/||b|| 1.754524615428e-06
 13 KSP unpreconditioned resid norm 1.135791252157e-06 true resid norm 1.135785025728e-06 ||r(i)||/||b|| 4.285796944688e-07
 14 KSP unpreconditioned resid norm 1.533959683474e-07 true resid norm 1.534064983656e-07 ||r(i)||/||b|| 5.788675560053e-08
 15 KSP unpreconditioned resid norm 4.593526390157e-08 true resid norm 4.591027484707e-08 ||r(i)||/||b|| 1.732388711000e-08
 16 KSP unpreconditioned resid norm 2.815403173497e-09 true resid norm 2.859730993628e-09 ||r(i)||/||b|| 1.079097371201e-09
>>>> ksp solve time: 0.0136268 (s)
            || b ||_2 = 2.6501139470351749e+00
|| r ||_2 / || b ||_2 = 1.0790973712007850e-09
