Config file: ../input/config/mla_v_cycle-refine1.json
order_rbm = 1
==== basic information of linear system ====
matrix Row = 5340, matrix Column = 5340
matrix nz_allocated = 104619, matrix nz_used = 104619, matrix nz_unneeded = 0
vector Row = 5340
>>>>>>>> setup phase:
 prolongation_block_row = 890, col = 263
size of prolongation: m = 5340, n = 1578
  0 KSP unpreconditioned resid norm 1.385199406759e+00 true resid norm 1.385199406759e+00 ||r(i)||/||b|| 1.000000000000e+00
  1 KSP unpreconditioned resid norm 1.383632075175e+00 true resid norm 1.383632075175e+00 ||r(i)||/||b|| 9.988685155540e-01
  2 KSP unpreconditioned resid norm 1.380677959189e+00 true resid norm 1.380677959189e+00 ||r(i)||/||b|| 9.967358868714e-01
  3 KSP unpreconditioned resid norm 1.372768806075e+00 true resid norm 1.372768806075e+00 ||r(i)||/||b|| 9.910261290732e-01
  4 KSP unpreconditioned resid norm 1.372602304399e+00 true resid norm 1.372602304399e+00 ||r(i)||/||b|| 9.909059285630e-01
  5 KSP unpreconditioned resid norm 1.368821468313e+00 true resid norm 1.368821468313e+00 ||r(i)||/||b|| 9.881764759888e-01
  6 KSP unpreconditioned resid norm 1.365083062049e+00 true resid norm 1.365083062049e+00 ||r(i)||/||b|| 9.854776542558e-01
  7 KSP unpreconditioned resid norm 1.363458037004e+00 true resid norm 1.363458037004e+00 ||r(i)||/||b|| 9.843045198770e-01
  8 KSP unpreconditioned resid norm 1.361105550510e+00 true resid norm 1.361105550511e+00 ||r(i)||/||b|| 9.826062181873e-01
  9 KSP unpreconditioned resid norm 1.355241042934e+00 true resid norm 1.355241042934e+00 ||r(i)||/||b|| 9.783725262383e-01
 10 KSP unpreconditioned resid norm 1.355127154691e+00 true resid norm 1.355127154692e+00 ||r(i)||/||b|| 9.782903082975e-01
 11 KSP unpreconditioned resid norm 1.349107370914e+00 true resid norm 1.349107370915e+00 ||r(i)||/||b|| 9.739445197073e-01
 12 KSP unpreconditioned resid norm 1.347943482097e+00 true resid norm 1.347943482098e+00 ||r(i)||/||b|| 9.731042877444e-01
 13 KSP unpreconditioned resid norm 1.347687264238e+00 true resid norm 1.347687264239e+00 ||r(i)||/||b|| 9.729193195317e-01
 14 KSP unpreconditioned resid norm 1.342715015882e+00 true resid norm 1.342715015883e+00 ||r(i)||/||b|| 9.693297653260e-01
 15 KSP unpreconditioned resid norm 1.341482029968e+00 true resid norm 1.341482029969e+00 ||r(i)||/||b|| 9.684396509438e-01
 16 KSP unpreconditioned resid norm 1.340868708228e+00 true resid norm 1.340868708229e+00 ||r(i)||/||b|| 9.679968831106e-01
 17 KSP unpreconditioned resid norm 1.337031694138e+00 true resid norm 1.337031694140e+00 ||r(i)||/||b|| 9.652268746407e-01
 18 KSP unpreconditioned resid norm 1.336166806318e+00 true resid norm 1.336166806320e+00 ||r(i)||/||b|| 9.646024967960e-01
 19 KSP unpreconditioned resid norm 1.332991586151e+00 true resid norm 1.332991586153e+00 ||r(i)||/||b|| 9.623102490869e-01
 20 KSP unpreconditioned resid norm 1.328259337742e+00 true resid norm 1.328259337745e+00 ||r(i)||/||b|| 9.588939550972e-01
 21 KSP unpreconditioned resid norm 1.327699558721e+00 true resid norm 1.327699558723e+00 ||r(i)||/||b|| 9.584898407007e-01
 22 KSP unpreconditioned resid norm 1.324025411842e+00 true resid norm 1.324025411844e+00 ||r(i)||/||b|| 9.558374089565e-01
 23 KSP unpreconditioned resid norm 1.319668474350e+00 true resid norm 1.319668474354e+00 ||r(i)||/||b|| 9.526920585691e-01
 24 KSP unpreconditioned resid norm 1.314569231991e+00 true resid norm 1.314569231995e+00 ||r(i)||/||b|| 9.490108251427e-01
 25 KSP unpreconditioned resid norm 1.286204033342e+00 true resid norm 1.286204033354e+00 ||r(i)||/||b|| 9.285334855603e-01
 26 KSP unpreconditioned resid norm 1.252281750778e+00 true resid norm 1.252281750799e+00 ||r(i)||/||b|| 9.040443886192e-01
 27 KSP unpreconditioned resid norm 1.189464952994e+00 true resid norm 1.189464953023e+00 ||r(i)||/||b|| 8.586958290763e-01
 28 KSP unpreconditioned resid norm 1.140087964886e+00 true resid norm 1.140087964920e+00 ||r(i)||/||b|| 8.230497063144e-01
 29 KSP unpreconditioned resid norm 1.109288537110e+00 true resid norm 1.109288537097e+00 ||r(i)||/||b|| 8.008150535470e-01
 30 KSP unpreconditioned resid norm 1.079933584530e+00 true resid norm 1.079933584423e+00 ||r(i)||/||b|| 7.796231929882e-01
 31 KSP unpreconditioned resid norm 1.005752366772e+00 true resid norm 1.005752366333e+00 ||r(i)||/||b|| 7.260704570226e-01
 32 KSP unpreconditioned resid norm 9.377433242090e-01 true resid norm 9.377433235772e-01 ||r(i)||/||b|| 6.769735238130e-01
 33 KSP unpreconditioned resid norm 8.962792234807e-01 true resid norm 8.962792225093e-01 ||r(i)||/||b|| 6.470398544326e-01
 34 KSP unpreconditioned resid norm 8.527126934384e-01 true resid norm 8.527126919252e-01 ||r(i)||/||b|| 6.155884039255e-01
 35 KSP unpreconditioned resid norm 8.314118675206e-01 true resid norm 8.314118650220e-01 ||r(i)||/||b|| 6.002109594946e-01
 36 KSP unpreconditioned resid norm 8.214918904830e-01 true resid norm 8.214918866171e-01 ||r(i)||/||b|| 5.930495512839e-01
 37 KSP unpreconditioned resid norm 8.105556257638e-01 true resid norm 8.105556187230e-01 ||r(i)||/||b|| 5.851544656806e-01
 38 KSP unpreconditioned resid norm 8.024868646964e-01 true resid norm 8.024868544692e-01 ||r(i)||/||b|| 5.793294817725e-01
 39 KSP unpreconditioned resid norm 7.856322568140e-01 true resid norm 7.856322390389e-01 ||r(i)||/||b|| 5.671618361988e-01
 40 KSP unpreconditioned resid norm 7.726172656779e-01 true resid norm 7.726172426766e-01 ||r(i)||/||b|| 5.577660796754e-01
 41 KSP unpreconditioned resid norm 7.526483497310e-01 true resid norm 7.526483150039e-01 ||r(i)||/||b|| 5.433501569027e-01
 42 KSP unpreconditioned resid norm 7.191999365488e-01 true resid norm 7.191998806495e-01 ||r(i)||/||b|| 5.192031393750e-01
 43 KSP unpreconditioned resid norm 6.701700535277e-01 true resid norm 6.701699629115e-01 ||r(i)||/||b|| 4.838075728603e-01
 44 KSP unpreconditioned resid norm 5.547467418664e-01 true resid norm 5.547466155156e-01 ||r(i)||/||b|| 4.004814128629e-01
 45 KSP unpreconditioned resid norm 4.601940172511e-01 true resid norm 4.601939078363e-01 ||r(i)||/||b|| 3.322221375427e-01
 46 KSP unpreconditioned resid norm 3.317334147597e-01 true resid norm 3.317332628944e-01 ||r(i)||/||b|| 2.394841214021e-01
 47 KSP unpreconditioned resid norm 2.383830401423e-01 true resid norm 2.383830130142e-01 ||r(i)||/||b|| 1.720929216769e-01
 48 KSP unpreconditioned resid norm 1.135766995881e-01 true resid norm 1.135766153610e-01 ||r(i)||/||b|| 8.199297141398e-02
 49 KSP unpreconditioned resid norm 5.403751008570e-02 true resid norm 5.403761349217e-02 ||r(i)||/||b|| 3.901071082510e-02
 50 KSP unpreconditioned resid norm 2.374043794034e-02 true resid norm 2.374043794034e-02 ||r(i)||/||b|| 1.713864287301e-02
 51 KSP unpreconditioned resid norm 1.112512987864e-02 true resid norm 1.112512987386e-02 ||r(i)||/||b|| 8.031428413539e-03
 52 KSP unpreconditioned resid norm 5.429490090121e-03 true resid norm 5.429490078690e-03 ||r(i)||/||b|| 3.919645108277e-03
 53 KSP unpreconditioned resid norm 3.169895828085e-03 true resid norm 3.169895802404e-03 ||r(i)||/||b|| 2.288403956093e-03
 54 KSP unpreconditioned resid norm 2.294847850066e-03 true resid norm 2.294847865185e-03 ||r(i)||/||b|| 1.656691342768e-03
 55 KSP unpreconditioned resid norm 1.904932700493e-03 true resid norm 1.904932678743e-03 ||r(i)||/||b|| 1.375204659667e-03
 56 KSP unpreconditioned resid norm 1.654159865266e-03 true resid norm 1.654159851207e-03 ||r(i)||/||b|| 1.194167311317e-03
 57 KSP unpreconditioned resid norm 1.528276793322e-03 true resid norm 1.528276788467e-03 ||r(i)||/||b|| 1.103290097448e-03
 58 KSP unpreconditioned resid norm 1.490303593140e-03 true resid norm 1.490303627802e-03 ||r(i)||/||b|| 1.075876599810e-03
 59 KSP unpreconditioned resid norm 1.403048021133e-03 true resid norm 1.403048022190e-03 ||r(i)||/||b|| 1.012885231790e-03
 60 KSP unpreconditioned resid norm 1.382333048234e-03 true resid norm 1.382333038473e-03 ||r(i)||/||b|| 9.979307179375e-04
 61 KSP unpreconditioned resid norm 1.348928680777e-03 true resid norm 1.348928683651e-03 ||r(i)||/||b|| 9.738155222049e-04
 62 KSP unpreconditioned resid norm 1.322641901314e-03 true resid norm 1.322641883727e-03 ||r(i)||/||b|| 9.548386154896e-04
 63 KSP unpreconditioned resid norm 1.302612101415e-03 true resid norm 1.302612063232e-03 ||r(i)||/||b|| 9.403787331096e-04
 64 KSP unpreconditioned resid norm 1.274284802890e-03 true resid norm 1.274284781657e-03 ||r(i)||/||b|| 9.199287665295e-04
 65 KSP unpreconditioned resid norm 1.198251344155e-03 true resid norm 1.198251326931e-03 ||r(i)||/||b|| 8.650388681112e-04
 66 KSP unpreconditioned resid norm 1.186531506083e-03 true resid norm 1.186531527726e-03 ||r(i)||/||b|| 8.565781373690e-04
 67 KSP unpreconditioned resid norm 1.105239568932e-03 true resid norm 1.105239578748e-03 ||r(i)||/||b|| 7.978920387602e-04
 68 KSP unpreconditioned resid norm 1.008131505049e-03 true resid norm 1.008131517386e-03 ||r(i)||/||b|| 7.277880083306e-04
 69 KSP unpreconditioned resid norm 8.612609536345e-04 true resid norm 8.612609710785e-04 ||r(i)||/||b|| 6.217595581374e-04
 70 KSP unpreconditioned resid norm 6.468346822931e-04 true resid norm 6.468346747787e-04 ||r(i)||/||b|| 4.669614148134e-04
 71 KSP unpreconditioned resid norm 5.709218162611e-04 true resid norm 5.709218196855e-04 ||r(i)||/||b|| 4.121585794072e-04
 72 KSP unpreconditioned resid norm 5.336034159005e-04 true resid norm 5.336034150646e-04 ||r(i)||/||b|| 3.852177617612e-04
 73 KSP unpreconditioned resid norm 5.044722514915e-04 true resid norm 5.044722495127e-04 ||r(i)||/||b|| 3.641874570919e-04
 74 KSP unpreconditioned resid norm 4.302793659484e-04 true resid norm 4.302793915138e-04 ||r(i)||/||b|| 3.106263180697e-04
 75 KSP unpreconditioned resid norm 3.456893455451e-04 true resid norm 3.456893411633e-04 ||r(i)||/||b|| 2.495592616317e-04
 76 KSP unpreconditioned resid norm 3.040952599581e-04 true resid norm 3.040952548515e-04 ||r(i)||/||b|| 2.195317536001e-04
 77 KSP unpreconditioned resid norm 2.638001877510e-04 true resid norm 2.638001689171e-04 ||r(i)||/||b|| 1.904420169615e-04
 78 KSP unpreconditioned resid norm 2.455888214706e-04 true resid norm 2.455888045261e-04 ||r(i)||/||b|| 1.772949102691e-04
 79 KSP unpreconditioned resid norm 2.307942261075e-04 true resid norm 2.307942348096e-04 ||r(i)||/||b|| 1.666144482040e-04
 80 KSP unpreconditioned resid norm 2.146474642972e-04 true resid norm 2.146474657033e-04 ||r(i)||/||b|| 1.549578094359e-04
 81 KSP unpreconditioned resid norm 1.994509165173e-04 true resid norm 1.994509157322e-04 ||r(i)||/||b|| 1.439871507012e-04
 82 KSP unpreconditioned resid norm 1.863773906604e-04 true resid norm 1.863774005087e-04 ||r(i)||/||b|| 1.345491483749e-04
 83 KSP unpreconditioned resid norm 1.733356446990e-04 true resid norm 1.733356655996e-04 ||r(i)||/||b|| 1.251340888206e-04
 84 KSP unpreconditioned resid norm 1.661438965922e-04 true resid norm 1.661439243455e-04 ||r(i)||/||b|| 1.199422433585e-04
 85 KSP unpreconditioned resid norm 1.611943495289e-04 true resid norm 1.611943372934e-04 ||r(i)||/||b|| 1.163690487499e-04
 86 KSP unpreconditioned resid norm 1.588046857936e-04 true resid norm 1.588046772483e-04 ||r(i)||/||b|| 1.146439108142e-04
 87 KSP unpreconditioned resid norm 1.525059977893e-04 true resid norm 1.525060039526e-04 ||r(i)||/||b|| 1.100967869380e-04
 88 KSP unpreconditioned resid norm 1.469880303999e-04 true resid norm 1.469880228219e-04 ||r(i)||/||b|| 1.061132585711e-04
 89 KSP unpreconditioned resid norm 1.357499277585e-04 true resid norm 1.357499577986e-04 ||r(i)||/||b|| 9.800030027177e-05
 90 KSP unpreconditioned resid norm 1.248175162137e-04 true resid norm 1.248175020104e-04 ||r(i)||/||b|| 9.010796669520e-05
 91 KSP unpreconditioned resid norm 1.085437690477e-04 true resid norm 1.085437666775e-04 ||r(i)||/||b|| 7.835966875810e-05
 92 KSP unpreconditioned resid norm 8.622623701109e-05 true resid norm 8.622622687539e-05 ||r(i)||/||b|| 6.224824126741e-05
 93 KSP unpreconditioned resid norm 6.439194926054e-05 true resid norm 6.439194404277e-05 ||r(i)||/||b|| 4.648568554721e-05
 94 KSP unpreconditioned resid norm 4.964335053993e-05 true resid norm 4.964333168893e-05 ||r(i)||/||b|| 3.583840091666e-05
 95 KSP unpreconditioned resid norm 3.181481107438e-05 true resid norm 3.181480419666e-05 ||r(i)||/||b|| 2.296767096595e-05
 96 KSP unpreconditioned resid norm 2.151663249518e-05 true resid norm 2.151662874294e-05 ||r(i)||/||b|| 1.553323560345e-05
 97 KSP unpreconditioned resid norm 1.355641998854e-05 true resid norm 1.355641734496e-05 ||r(i)||/||b|| 9.786617925775e-06
 98 KSP unpreconditioned resid norm 6.513265664194e-06 true resid norm 6.513264216023e-06 ||r(i)||/||b|| 4.702040864472e-06
 99 KSP unpreconditioned resid norm 2.716405713913e-06 true resid norm 2.716406232344e-06 ||r(i)||/||b|| 1.961021798804e-06
100 KSP unpreconditioned resid norm 8.719449889825e-07 true resid norm 8.719449889825e-07 ||r(i)||/||b|| 6.294725400025e-07
101 KSP unpreconditioned resid norm 7.775022267046e-07 true resid norm 7.775110579738e-07 ||r(i)||/||b|| 5.612990116658e-07
102 KSP unpreconditioned resid norm 5.875671533257e-07 true resid norm 5.875654819614e-07 ||r(i)||/||b|| 4.241739341603e-07
103 KSP unpreconditioned resid norm 5.223948821253e-07 true resid norm 5.223747261503e-07 ||r(i)||/||b|| 3.771115722411e-07
104 KSP unpreconditioned resid norm 4.848161225726e-07 true resid norm 4.848273086021e-07 ||r(i)||/||b|| 3.500054261044e-07
105 KSP unpreconditioned resid norm 3.909693833056e-07 true resid norm 3.909664429099e-07 ||r(i)||/||b|| 2.822456037754e-07
106 KSP unpreconditioned resid norm 3.639684476729e-07 true resid norm 3.639740624138e-07 ||r(i)||/||b|| 2.627593259410e-07
107 KSP unpreconditioned resid norm 3.078340951899e-07 true resid norm 3.078477177848e-07 ||r(i)||/||b|| 2.222407230921e-07
108 KSP unpreconditioned resid norm 2.728921676606e-07 true resid norm 2.728952902213e-07 ||r(i)||/||b|| 1.970079462132e-07
109 KSP unpreconditioned resid norm 2.477987399050e-07 true resid norm 2.478153191721e-07 ||r(i)||/||b|| 1.789022706499e-07
110 KSP unpreconditioned resid norm 2.385971878115e-07 true resid norm 2.386032278962e-07 ||r(i)||/||b|| 1.722518987028e-07
111 KSP unpreconditioned resid norm 2.273383506164e-07 true resid norm 2.273592099709e-07 ||r(i)||/||b|| 1.641346428980e-07
112 KSP unpreconditioned resid norm 2.146092325688e-07 true resid norm 2.146016907651e-07 ||r(i)||/||b|| 1.549247636968e-07
113 KSP unpreconditioned resid norm 2.115256378387e-07 true resid norm 2.115363989031e-07 ||r(i)||/||b|| 1.527118751791e-07
114 KSP unpreconditioned resid norm 2.032383445722e-07 true resid norm 2.032548717925e-07 ||r(i)||/||b|| 1.467332939942e-07
115 KSP unpreconditioned resid norm 2.014485394047e-07 true resid norm 2.014988075642e-07 ||r(i)||/||b|| 1.454655601071e-07
116 KSP unpreconditioned resid norm 1.957195377359e-07 true resid norm 1.957232426528e-07 ||r(i)||/||b|| 1.412960774440e-07
117 KSP unpreconditioned resid norm 1.909998925482e-07 true resid norm 1.909742326373e-07 ||r(i)||/||b|| 1.378676829527e-07
118 KSP unpreconditioned resid norm 1.831049699148e-07 true resid norm 1.831102807346e-07 ||r(i)||/||b|| 1.321905567106e-07
119 KSP unpreconditioned resid norm 1.780988686375e-07 true resid norm 1.781027680056e-07 ||r(i)||/||b|| 1.285755445293e-07
120 KSP unpreconditioned resid norm 1.678627603431e-07 true resid norm 1.678774025872e-07 ||r(i)||/||b|| 1.211936720216e-07
121 KSP unpreconditioned resid norm 1.614579520488e-07 true resid norm 1.614538340369e-07 ||r(i)||/||b|| 1.165563840478e-07
122 KSP unpreconditioned resid norm 1.537872359399e-07 true resid norm 1.537596532108e-07 ||r(i)||/||b|| 1.110018185545e-07
123 KSP unpreconditioned resid norm 1.334458851081e-07 true resid norm 1.334525587092e-07 ||r(i)||/||b|| 9.634176715497e-08
124 KSP unpreconditioned resid norm 1.244026788290e-07 true resid norm 1.244195919109e-07 ||r(i)||/||b|| 8.982070834263e-08
125 KSP unpreconditioned resid norm 1.040456687719e-07 true resid norm 1.040588922827e-07 ||r(i)||/||b|| 7.512195845229e-08
126 KSP unpreconditioned resid norm 8.951538685414e-08 true resid norm 8.950953549622e-08 ||r(i)||/||b|| 6.461851994700e-08
127 KSP unpreconditioned resid norm 7.543571304017e-08 true resid norm 7.542951893050e-08 ||r(i)||/||b|| 5.445390646462e-08
128 KSP unpreconditioned resid norm 6.502474903737e-08 true resid norm 6.504134812639e-08 ||r(i)||/||b|| 4.695450186380e-08
129 KSP unpreconditioned resid norm 6.118193114010e-08 true resid norm 6.118483269957e-08 ||r(i)||/||b|| 4.417041503269e-08
130 KSP unpreconditioned resid norm 5.817934053396e-08 true resid norm 5.817289157329e-08 ||r(i)||/||b|| 4.199604135654e-08
131 KSP unpreconditioned resid norm 5.320504234619e-08 true resid norm 5.319467683746e-08 ||r(i)||/||b|| 3.840217991569e-08
132 KSP unpreconditioned resid norm 4.969784836682e-08 true resid norm 4.969791310091e-08 ||r(i)||/||b|| 3.587780420524e-08
133 KSP unpreconditioned resid norm 4.577967269508e-08 true resid norm 4.579718222213e-08 ||r(i)||/||b|| 3.306179745579e-08
134 KSP unpreconditioned resid norm 4.360493377582e-08 true resid norm 4.361328005552e-08 ||r(i)||/||b|| 3.148519977898e-08
135 KSP unpreconditioned resid norm 4.214635955744e-08 true resid norm 4.214090433155e-08 ||r(i)||/||b|| 3.042226565066e-08
136 KSP unpreconditioned resid norm 4.169858924187e-08 true resid norm 4.171569078042e-08 ||r(i)||/||b|| 3.011529645253e-08
137 KSP unpreconditioned resid norm 4.046991233628e-08 true resid norm 4.044831609690e-08 ||r(i)||/||b|| 2.920035620831e-08
138 KSP unpreconditioned resid norm 3.921037172971e-08 true resid norm 3.924169981319e-08 ||r(i)||/||b|| 2.832927852966e-08
139 KSP unpreconditioned resid norm 3.804484759550e-08 true resid norm 3.804990562994e-08 ||r(i)||/||b|| 2.746890118800e-08
140 KSP unpreconditioned resid norm 3.641694741630e-08 true resid norm 3.643682172314e-08 ||r(i)||/||b|| 2.630438732889e-08
141 KSP unpreconditioned resid norm 3.361713970746e-08 true resid norm 3.361421775530e-08 ||r(i)||/||b|| 2.426669950282e-08
142 KSP unpreconditioned resid norm 2.574252821551e-08 true resid norm 2.572746653077e-08 ||r(i)||/||b|| 1.857311402621e-08
143 KSP unpreconditioned resid norm 1.806701554120e-08 true resid norm 1.807815609121e-08 ||r(i)||/||b|| 1.305094126015e-08
144 KSP unpreconditioned resid norm 1.063340944652e-08 true resid norm 1.067242058923e-08 ||r(i)||/||b|| 7.704609558128e-09
            || b ||_2 = 1.3851994067587832e+00
|| r ||_2 / || b ||_2 = 7.7046095581284332e-09
