Config file: ../input/config/mla_v_cycle-refine2.json
order_rbm = 1
==== basic information of linear system ====
matrix Row = 19158, matrix Column = 19158
matrix nz_allocated = 387515, matrix nz_used = 387515, matrix nz_unneeded = 0
vector Row = 19158
>>>>>>>> setup phase:
 prolongation_block_row = 3193, col = 979
size of prolongation: m = 19158, n = 5874
  0 KSP unpreconditioned resid norm 7.204273425169e-01 true resid norm 7.204273425169e-01 ||r(i)||/||b|| 1.000000000000e+00
  1 KSP unpreconditioned resid norm 7.188341577556e-01 true resid norm 7.188341577556e-01 ||r(i)||/||b|| 9.977885559483e-01
  2 KSP unpreconditioned resid norm 7.174760104747e-01 true resid norm 7.174760104747e-01 ||r(i)||/||b|| 9.959033592036e-01
  3 KSP unpreconditioned resid norm 7.165212301033e-01 true resid norm 7.165212301033e-01 ||r(i)||/||b|| 9.945780619598e-01
  4 KSP unpreconditioned resid norm 7.163271024697e-01 true resid norm 7.163271024697e-01 ||r(i)||/||b|| 9.943086001805e-01
  5 KSP unpreconditioned resid norm 7.152222867590e-01 true resid norm 7.152222867592e-01 ||r(i)||/||b|| 9.927750441293e-01
  6 KSP unpreconditioned resid norm 7.151674549590e-01 true resid norm 7.151674549592e-01 ||r(i)||/||b|| 9.926989340253e-01
  7 KSP unpreconditioned resid norm 7.143151924889e-01 true resid norm 7.143151924892e-01 ||r(i)||/||b|| 9.915159382952e-01
  8 KSP unpreconditioned resid norm 7.134412209737e-01 true resid norm 7.134412209743e-01 ||r(i)||/||b|| 9.903028089991e-01
  9 KSP unpreconditioned resid norm 7.129438294655e-01 true resid norm 7.129438294663e-01 ||r(i)||/||b|| 9.896123972413e-01
 10 KSP unpreconditioned resid norm 7.122500547899e-01 true resid norm 7.122500547909e-01 ||r(i)||/||b|| 9.886493928764e-01
 11 KSP unpreconditioned resid norm 7.114752347622e-01 true resid norm 7.114752347634e-01 ||r(i)||/||b|| 9.875738922926e-01
 12 KSP unpreconditioned resid norm 7.106746052695e-01 true resid norm 7.106746052710e-01 ||r(i)||/||b|| 9.864625664930e-01
 13 KSP unpreconditioned resid norm 7.101793381156e-01 true resid norm 7.101793381172e-01 ||r(i)||/||b|| 9.857751034769e-01
 14 KSP unpreconditioned resid norm 7.097837001188e-01 true resid norm 7.097837001209e-01 ||r(i)||/||b|| 9.852259322102e-01
 15 KSP unpreconditioned resid norm 7.091477662494e-01 true resid norm 7.091477662516e-01 ||r(i)||/||b|| 9.843432146455e-01
 16 KSP unpreconditioned resid norm 7.090243718359e-01 true resid norm 7.090243718383e-01 ||r(i)||/||b|| 9.841719351756e-01
 17 KSP unpreconditioned resid norm 7.086305151856e-01 true resid norm 7.086305151884e-01 ||r(i)||/||b|| 9.836252365335e-01
 18 KSP unpreconditioned resid norm 7.083961213630e-01 true resid norm 7.083961213661e-01 ||r(i)||/||b|| 9.832998826658e-01
 19 KSP unpreconditioned resid norm 7.079087038986e-01 true resid norm 7.079087039024e-01 ||r(i)||/||b|| 9.826233155299e-01
 20 KSP unpreconditioned resid norm 7.075412011496e-01 true resid norm 7.075412011541e-01 ||r(i)||/||b|| 9.821131978171e-01
 21 KSP unpreconditioned resid norm 7.069453344326e-01 true resid norm 7.069453344377e-01 ||r(i)||/||b|| 9.812860960661e-01
 22 KSP unpreconditioned resid norm 7.066944779333e-01 true resid norm 7.066944779392e-01 ||r(i)||/||b|| 9.809378909333e-01
 23 KSP unpreconditioned resid norm 7.053857069356e-01 true resid norm 7.053857069438e-01 ||r(i)||/||b|| 9.791212316837e-01
 24 KSP unpreconditioned resid norm 7.047360366590e-01 true resid norm 7.047360366688e-01 ||r(i)||/||b|| 9.782194470946e-01
 25 KSP unpreconditioned resid norm 7.026088763566e-01 true resid norm 7.026088763699e-01 ||r(i)||/||b|| 9.752668102730e-01
 26 KSP unpreconditioned resid norm 6.997259635235e-01 true resid norm 6.997259635452e-01 ||r(i)||/||b|| 9.712651397997e-01
 27 KSP unpreconditioned resid norm 6.928955651859e-01 true resid norm 6.928955652246e-01 ||r(i)||/||b|| 9.617841027575e-01
 28 KSP unpreconditioned resid norm 6.771221481149e-01 true resid norm 6.771221481855e-01 ||r(i)||/||b|| 9.398895741795e-01
 29 KSP unpreconditioned resid norm 6.386478695587e-01 true resid norm 6.386478697383e-01 ||r(i)||/||b|| 8.864847737554e-01
 30 KSP unpreconditioned resid norm 5.576270158335e-01 true resid norm 5.576270161688e-01 ||r(i)||/||b|| 7.740225603052e-01
 31 KSP unpreconditioned resid norm 4.169254455894e-01 true resid norm 4.169254460171e-01 ||r(i)||/||b|| 5.787196312684e-01
 32 KSP unpreconditioned resid norm 2.729998953412e-01 true resid norm 2.729998958908e-01 ||r(i)||/||b|| 3.789416083751e-01
 33 KSP unpreconditioned resid norm 1.815696198798e-01 true resid norm 1.815696199974e-01 ||r(i)||/||b|| 2.520304398263e-01
 34 KSP unpreconditioned resid norm 1.380666309974e-01 true resid norm 1.380666310755e-01 ||r(i)||/||b|| 1.916454622518e-01
 35 KSP unpreconditioned resid norm 1.154707272343e-01 true resid norm 1.154707272308e-01 ||r(i)||/||b|| 1.602808783289e-01
 36 KSP unpreconditioned resid norm 1.001810229577e-01 true resid norm 1.001810225480e-01 ||r(i)||/||b|| 1.390577739568e-01
 37 KSP unpreconditioned resid norm 8.553562142940e-02 true resid norm 8.553562089169e-02 ||r(i)||/||b|| 1.187290040837e-01
 38 KSP unpreconditioned resid norm 7.324390663738e-02 true resid norm 7.324390593686e-02 ||r(i)||/||b|| 1.016673044099e-01
 39 KSP unpreconditioned resid norm 6.440473353538e-02 true resid norm 6.440473313900e-02 ||r(i)||/||b|| 8.939795776489e-02
 40 KSP unpreconditioned resid norm 5.894335826147e-02 true resid norm 5.894335812120e-02 ||r(i)||/||b|| 8.181721409305e-02
 41 KSP unpreconditioned resid norm 5.352226756538e-02 true resid norm 5.352226799782e-02 ||r(i)||/||b|| 7.429238847437e-02
 42 KSP unpreconditioned resid norm 4.671786496947e-02 true resid norm 4.671786603579e-02 ||r(i)||/||b|| 6.484743606840e-02
 43 KSP unpreconditioned resid norm 4.038927449973e-02 true resid norm 4.038927700356e-02 ||r(i)||/||b|| 5.606294295058e-02
 44 KSP unpreconditioned resid norm 3.594216289808e-02 true resid norm 3.594216594254e-02 ||r(i)||/||b|| 4.989006360721e-02
 45 KSP unpreconditioned resid norm 3.264509090733e-02 true resid norm 3.264509596316e-02 ||r(i)||/||b|| 4.531351607105e-02
 46 KSP unpreconditioned resid norm 2.938380783790e-02 true resid norm 2.938381392968e-02 ||r(i)||/||b|| 4.078664453104e-02
 47 KSP unpreconditioned resid norm 2.748255815429e-02 true resid norm 2.748256553509e-02 ||r(i)||/||b|| 3.814758812329e-02
 48 KSP unpreconditioned resid norm 2.626684302333e-02 true resid norm 2.626685007841e-02 ||r(i)||/||b|| 3.646009601280e-02
 49 KSP unpreconditioned resid norm 2.502875572951e-02 true resid norm 2.502876292021e-02 ||r(i)||/||b|| 3.474155052578e-02
 50 KSP unpreconditioned resid norm 2.377919591235e-02 true resid norm 2.377919591235e-02 ||r(i)||/||b|| 3.300707026092e-02
 51 KSP unpreconditioned resid norm 2.377661270791e-02 true resid norm 2.377661270662e-02 ||r(i)||/||b|| 3.300348460339e-02
 52 KSP unpreconditioned resid norm 2.377603246862e-02 true resid norm 2.377603247278e-02 ||r(i)||/||b|| 3.300267920110e-02
 53 KSP unpreconditioned resid norm 2.374923288786e-02 true resid norm 2.374923288827e-02 ||r(i)||/||b|| 3.296547963504e-02
 54 KSP unpreconditioned resid norm 2.371845203138e-02 true resid norm 2.371845201378e-02 ||r(i)||/||b|| 3.292275377960e-02
 55 KSP unpreconditioned resid norm 2.369009497689e-02 true resid norm 2.369009499051e-02 ||r(i)||/||b|| 3.288339238728e-02
 56 KSP unpreconditioned resid norm 2.368180232797e-02 true resid norm 2.368180232287e-02 ||r(i)||/||b|| 3.287188162534e-02
 57 KSP unpreconditioned resid norm 2.367923297824e-02 true resid norm 2.367923299352e-02 ||r(i)||/||b|| 3.286831522911e-02
 58 KSP unpreconditioned resid norm 2.367773204164e-02 true resid norm 2.367773205670e-02 ||r(i)||/||b|| 3.286623183120e-02
 59 KSP unpreconditioned resid norm 2.367759772729e-02 true resid norm 2.367759772716e-02 ||r(i)||/||b|| 3.286604537307e-02
 60 KSP unpreconditioned resid norm 2.367670606655e-02 true resid norm 2.367670606793e-02 ||r(i)||/||b|| 3.286480769208e-02
 61 KSP unpreconditioned resid norm 2.366590819985e-02 true resid norm 2.366590820462e-02 ||r(i)||/||b|| 3.284981955563e-02
 62 KSP unpreconditioned resid norm 2.366139695540e-02 true resid norm 2.366139695045e-02 ||r(i)||/||b|| 3.284355764148e-02
 63 KSP unpreconditioned resid norm 2.361988137658e-02 true resid norm 2.361988139404e-02 ||r(i)||/||b|| 3.278593134947e-02
 64 KSP unpreconditioned resid norm 2.355597212780e-02 true resid norm 2.355597212443e-02 ||r(i)||/||b|| 3.269722112730e-02
 65 KSP unpreconditioned resid norm 2.347300143702e-02 true resid norm 2.347300142947e-02 ||r(i)||/||b|| 3.258205240721e-02
 66 KSP unpreconditioned resid norm 2.336025729812e-02 true resid norm 2.336025729147e-02 ||r(i)||/||b|| 3.242555621204e-02
 67 KSP unpreconditioned resid norm 2.322864372954e-02 true resid norm 2.322864372589e-02 ||r(i)||/||b|| 3.224286802433e-02
 68 KSP unpreconditioned resid norm 2.309086277698e-02 true resid norm 2.309086277492e-02 ||r(i)||/||b|| 3.205161910464e-02
 69 KSP unpreconditioned resid norm 2.295952779075e-02 true resid norm 2.295952780056e-02 ||r(i)||/||b|| 3.186931761967e-02
 70 KSP unpreconditioned resid norm 2.279382913834e-02 true resid norm 2.279382914147e-02 ||r(i)||/||b|| 3.163931710565e-02
 71 KSP unpreconditioned resid norm 2.252668858862e-02 true resid norm 2.252668858775e-02 ||r(i)||/||b|| 3.126850864523e-02
 72 KSP unpreconditioned resid norm 2.198269344923e-02 true resid norm 2.198269346542e-02 ||r(i)||/||b|| 3.051340804004e-02
 73 KSP unpreconditioned resid norm 2.178606249060e-02 true resid norm 2.178606249626e-02 ||r(i)||/||b|| 3.024047146815e-02
 74 KSP unpreconditioned resid norm 2.135322272368e-02 true resid norm 2.135322271139e-02 ||r(i)||/||b|| 2.963966169967e-02
 75 KSP unpreconditioned resid norm 2.123635022293e-02 true resid norm 2.123635022060e-02 ||r(i)||/||b|| 2.947743508236e-02
 76 KSP unpreconditioned resid norm 2.096830343005e-02 true resid norm 2.096830342243e-02 ||r(i)||/||b|| 2.910536869572e-02
 77 KSP unpreconditioned resid norm 2.082961114841e-02 true resid norm 2.082961114397e-02 ||r(i)||/||b|| 2.891285479421e-02
 78 KSP unpreconditioned resid norm 2.069180498867e-02 true resid norm 2.069180499747e-02 ||r(i)||/||b|| 2.872157090149e-02
 79 KSP unpreconditioned resid norm 2.066120408446e-02 true resid norm 2.066120411893e-02 ||r(i)||/||b|| 2.867909489213e-02
 80 KSP unpreconditioned resid norm 2.059399275004e-02 true resid norm 2.059399278315e-02 ||r(i)||/||b|| 2.858580118740e-02
 81 KSP unpreconditioned resid norm 2.054852773578e-02 true resid norm 2.054852779178e-02 ||r(i)||/||b|| 2.852269282283e-02
 82 KSP unpreconditioned resid norm 2.047013592273e-02 true resid norm 2.047013603984e-02 ||r(i)||/||b|| 2.841387997342e-02
 83 KSP unpreconditioned resid norm 2.032609360967e-02 true resid norm 2.032609383980e-02 ||r(i)||/||b|| 2.821394003286e-02
 84 KSP unpreconditioned resid norm 2.016637458823e-02 true resid norm 2.016637498255e-02 ||r(i)||/||b|| 2.799223987265e-02
 85 KSP unpreconditioned resid norm 1.971267591114e-02 true resid norm 1.971267665747e-02 ||r(i)||/||b|| 2.736247709395e-02
 86 KSP unpreconditioned resid norm 1.904521479712e-02 true resid norm 1.904521621373e-02 ||r(i)||/||b|| 2.643599859382e-02
 87 KSP unpreconditioned resid norm 1.853334661113e-02 true resid norm 1.853334885968e-02 ||r(i)||/||b|| 2.572549342024e-02
 88 KSP unpreconditioned resid norm 1.751285353378e-02 true resid norm 1.751285795290e-02 ||r(i)||/||b|| 2.430898568025e-02
 89 KSP unpreconditioned resid norm 1.542787998696e-02 true resid norm 1.542788749256e-02 ||r(i)||/||b|| 2.141491109798e-02
 90 KSP unpreconditioned resid norm 1.200557689681e-02 true resid norm 1.200559138440e-02 ||r(i)||/||b|| 1.666454155176e-02
 91 KSP unpreconditioned resid norm 9.182175508061e-03 true resid norm 9.182186167054e-03 ||r(i)||/||b|| 1.274547150720e-02
 92 KSP unpreconditioned resid norm 7.543658831977e-03 true resid norm 7.543672427657e-03 ||r(i)||/||b|| 1.047110788619e-02
 93 KSP unpreconditioned resid norm 5.922788757946e-03 true resid norm 5.922797247550e-03 ||r(i)||/||b|| 8.221227732499e-03
 94 KSP unpreconditioned resid norm 4.120374354017e-03 true resid norm 4.120386493285e-03 ||r(i)||/||b|| 5.719364396817e-03
 95 KSP unpreconditioned resid norm 2.530366396795e-03 true resid norm 2.530369079205e-03 ||r(i)||/||b|| 3.512316829015e-03
 96 KSP unpreconditioned resid norm 1.667177839072e-03 true resid norm 1.667182845195e-03 ||r(i)||/||b|| 2.314158204171e-03
 97 KSP unpreconditioned resid norm 1.145534797179e-03 true resid norm 1.145542109572e-03 ||r(i)||/||b|| 1.590086941412e-03
 98 KSP unpreconditioned resid norm 9.187754334918e-04 true resid norm 9.187751589059e-04 ||r(i)||/||b|| 1.275319667485e-03
 99 KSP unpreconditioned resid norm 8.259248989122e-04 true resid norm 8.259073408281e-04 ||r(i)||/||b|| 1.146413096903e-03
100 KSP unpreconditioned resid norm 7.551716571632e-04 true resid norm 7.551716571632e-04 ||r(i)||/||b|| 1.048227368113e-03
101 KSP unpreconditioned resid norm 7.538640953715e-04 true resid norm 7.538640984895e-04 ||r(i)||/||b|| 1.046412391645e-03
102 KSP unpreconditioned resid norm 7.537351067294e-04 true resid norm 7.537350879697e-04 ||r(i)||/||b|| 1.046233316654e-03
103 KSP unpreconditioned resid norm 7.503782415607e-04 true resid norm 7.503782321868e-04 ||r(i)||/||b|| 1.041573782535e-03
104 KSP unpreconditioned resid norm 7.330736593301e-04 true resid norm 7.330736424172e-04 ||r(i)||/||b|| 1.017553886636e-03
105 KSP unpreconditioned resid norm 7.026958080377e-04 true resid norm 7.026957919623e-04 ||r(i)||/||b|| 9.753874547672e-04
106 KSP unpreconditioned resid norm 6.817388129425e-04 true resid norm 6.817388196900e-04 ||r(i)||/||b|| 9.462978144448e-04
107 KSP unpreconditioned resid norm 6.500300171190e-04 true resid norm 6.500299955232e-04 ||r(i)||/||b|| 9.022839045117e-04
108 KSP unpreconditioned resid norm 6.034177712655e-04 true resid norm 6.034177514386e-04 ||r(i)||/||b|| 8.375830785801e-04
109 KSP unpreconditioned resid norm 5.511550779333e-04 true resid norm 5.511550713770e-04 ||r(i)||/||b|| 7.650390800709e-04
110 KSP unpreconditioned resid norm 4.811266581654e-04 true resid norm 4.811266480552e-04 ||r(i)||/||b|| 6.678350746299e-04
111 KSP unpreconditioned resid norm 4.186311737269e-04 true resid norm 4.186311452820e-04 ||r(i)||/||b|| 5.810872527678e-04
112 KSP unpreconditioned resid norm 3.523485705639e-04 true resid norm 3.523485772608e-04 ||r(i)||/||b|| 4.890827380729e-04
113 KSP unpreconditioned resid norm 3.138314517695e-04 true resid norm 3.138314356071e-04 ||r(i)||/||b|| 4.356184407308e-04
114 KSP unpreconditioned resid norm 2.730541823108e-04 true resid norm 2.730541684511e-04 ||r(i)||/||b|| 3.790169422181e-04
115 KSP unpreconditioned resid norm 2.454674874588e-04 true resid norm 2.454675049701e-04 ||r(i)||/||b|| 3.407248593766e-04
116 KSP unpreconditioned resid norm 2.308298703734e-04 true resid norm 2.308298878346e-04 ||r(i)||/||b|| 3.204068949246e-04
117 KSP unpreconditioned resid norm 2.163847266930e-04 true resid norm 2.163847329940e-04 ||r(i)||/||b|| 3.003560806536e-04
118 KSP unpreconditioned resid norm 2.061535754858e-04 true resid norm 2.061535747176e-04 ||r(i)||/||b|| 2.861545676450e-04
119 KSP unpreconditioned resid norm 1.978041472503e-04 true resid norm 1.978041129767e-04 ||r(i)||/||b|| 2.745649717924e-04
120 KSP unpreconditioned resid norm 1.895900223962e-04 true resid norm 1.895899984746e-04 ||r(i)||/||b|| 2.631632467089e-04
121 KSP unpreconditioned resid norm 1.889359143702e-04 true resid norm 1.889359195674e-04 ||r(i)||/||b|| 2.622553426516e-04
122 KSP unpreconditioned resid norm 1.869584591251e-04 true resid norm 1.869584685250e-04 ||r(i)||/||b|| 2.595105120134e-04
123 KSP unpreconditioned resid norm 1.853903695516e-04 true resid norm 1.853903964826e-04 ||r(i)||/||b|| 2.573339260485e-04
124 KSP unpreconditioned resid norm 1.853845944202e-04 true resid norm 1.853845929443e-04 ||r(i)||/||b|| 2.573258703601e-04
125 KSP unpreconditioned resid norm 1.852942091523e-04 true resid norm 1.852942135883e-04 ||r(i)||/||b|| 2.572004179366e-04
126 KSP unpreconditioned resid norm 1.850240798346e-04 true resid norm 1.850240972879e-04 ||r(i)||/||b|| 2.568254789463e-04
127 KSP unpreconditioned resid norm 1.831018165042e-04 true resid norm 1.831018107682e-04 ||r(i)||/||b|| 2.541572202527e-04
128 KSP unpreconditioned resid norm 1.827876728144e-04 true resid norm 1.827876856333e-04 ||r(i)||/||b|| 2.537211941383e-04
129 KSP unpreconditioned resid norm 1.803125711758e-04 true resid norm 1.803125769627e-04 ||r(i)||/||b|| 2.502855823500e-04
130 KSP unpreconditioned resid norm 1.798801352126e-04 true resid norm 1.798801597420e-04 ||r(i)||/||b|| 2.496853591281e-04
131 KSP unpreconditioned resid norm 1.775809038121e-04 true resid norm 1.775809030483e-04 ||r(i)||/||b|| 2.464938413191e-04
132 KSP unpreconditioned resid norm 1.747068530192e-04 true resid norm 1.747068703958e-04 ||r(i)||/||b|| 2.425044971023e-04
133 KSP unpreconditioned resid norm 1.628351408501e-04 true resid norm 1.628351424346e-04 ||r(i)||/||b|| 2.260257666869e-04
134 KSP unpreconditioned resid norm 1.388856680538e-04 true resid norm 1.388856666173e-04 ||r(i)||/||b|| 1.927823368448e-04
135 KSP unpreconditioned resid norm 1.189253985331e-04 true resid norm 1.189254093641e-04 ||r(i)||/||b|| 1.650762017841e-04
136 KSP unpreconditioned resid norm 9.036973992267e-05 true resid norm 9.036978311146e-05 ||r(i)||/||b|| 1.254391356049e-04
137 KSP unpreconditioned resid norm 6.780182681659e-05 true resid norm 6.780182375174e-05 ||r(i)||/||b|| 9.411334044439e-05
138 KSP unpreconditioned resid norm 4.689294514199e-05 true resid norm 4.689293816248e-05 ||r(i)||/||b|| 6.509044756498e-05
139 KSP unpreconditioned resid norm 3.856539257136e-05 true resid norm 3.856542181799e-05 ||r(i)||/||b|| 5.353131334973e-05
140 KSP unpreconditioned resid norm 3.145372519254e-05 true resid norm 3.145372186275e-05 ||r(i)||/||b|| 4.365981134594e-05
141 KSP unpreconditioned resid norm 2.708105919824e-05 true resid norm 2.708108787387e-05 ||r(i)||/||b|| 3.759031102186e-05
142 KSP unpreconditioned resid norm 2.248954163730e-05 true resid norm 2.248955730448e-05 ||r(i)||/||b|| 3.121696800944e-05
143 KSP unpreconditioned resid norm 2.061674258261e-05 true resid norm 2.061674660011e-05 ||r(i)||/||b|| 2.861738496499e-05
144 KSP unpreconditioned resid norm 1.832104958555e-05 true resid norm 1.832104491681e-05 ||r(i)||/||b|| 2.543080174164e-05
145 KSP unpreconditioned resid norm 1.615954212676e-05 true resid norm 1.615955673428e-05 ||r(i)||/||b|| 2.243051558513e-05
146 KSP unpreconditioned resid norm 1.548867581953e-05 true resid norm 1.548869224028e-05 ||r(i)||/||b|| 2.149931204188e-05
147 KSP unpreconditioned resid norm 1.456673361874e-05 true resid norm 1.456675971880e-05 ||r(i)||/||b|| 2.021960974984e-05
148 KSP unpreconditioned resid norm 1.425977765550e-05 true resid norm 1.425979910034e-05 ||r(i)||/||b|| 1.979352845011e-05
149 KSP unpreconditioned resid norm 1.422614261378e-05 true resid norm 1.422615348755e-05 ||r(i)||/||b|| 1.974682615161e-05
150 KSP unpreconditioned resid norm 1.336021124492e-05 true resid norm 1.336021124492e-05 ||r(i)||/||b|| 1.854484200759e-05
151 KSP unpreconditioned resid norm 1.336011740454e-05 true resid norm 1.336010499801e-05 ||r(i)||/||b|| 1.854469452997e-05
152 KSP unpreconditioned resid norm 1.335753679145e-05 true resid norm 1.335754143702e-05 ||r(i)||/||b|| 1.854113614060e-05
153 KSP unpreconditioned resid norm 1.335729197016e-05 true resid norm 1.335729199420e-05 ||r(i)||/||b|| 1.854078989775e-05
154 KSP unpreconditioned resid norm 1.335656031834e-05 true resid norm 1.335654645298e-05 ||r(i)||/||b|| 1.853975503806e-05
155 KSP unpreconditioned resid norm 1.333509687025e-05 true resid norm 1.333509272512e-05 ||r(i)||/||b|| 1.850997586867e-05
156 KSP unpreconditioned resid norm 1.333478404881e-05 true resid norm 1.333476511114e-05 ||r(i)||/||b|| 1.850952111917e-05
157 KSP unpreconditioned resid norm 1.332856138544e-05 true resid norm 1.332856649984e-05 ||r(i)||/||b|| 1.850091704359e-05
158 KSP unpreconditioned resid norm 1.330109333310e-05 true resid norm 1.330108912336e-05 ||r(i)||/||b|| 1.846277665821e-05
159 KSP unpreconditioned resid norm 1.327799837005e-05 true resid norm 1.327797922246e-05 ||r(i)||/||b|| 1.843069861296e-05
160 KSP unpreconditioned resid norm 1.326668647043e-05 true resid norm 1.326668800963e-05 ||r(i)||/||b|| 1.841502567530e-05
161 KSP unpreconditioned resid norm 1.324261224523e-05 true resid norm 1.324259742496e-05 ||r(i)||/||b|| 1.838158637719e-05
162 KSP unpreconditioned resid norm 1.322383270764e-05 true resid norm 1.322383999941e-05 ||r(i)||/||b|| 1.835554985074e-05
163 KSP unpreconditioned resid norm 1.319587915537e-05 true resid norm 1.319588432787e-05 ||r(i)||/||b|| 1.831674556073e-05
164 KSP unpreconditioned resid norm 1.318112140315e-05 true resid norm 1.318114219345e-05 ||r(i)||/||b|| 1.829628251948e-05
165 KSP unpreconditioned resid norm 1.315441203466e-05 true resid norm 1.315441270853e-05 ||r(i)||/||b|| 1.825918025623e-05
166 KSP unpreconditioned resid norm 1.310404195864e-05 true resid norm 1.310405598611e-05 ||r(i)||/||b|| 1.818928185086e-05
167 KSP unpreconditioned resid norm 1.300012640530e-05 true resid norm 1.300011598144e-05 ||r(i)||/||b|| 1.804500636527e-05
168 KSP unpreconditioned resid norm 1.288794666182e-05 true resid norm 1.288795729860e-05 ||r(i)||/||b|| 1.788932281994e-05
169 KSP unpreconditioned resid norm 1.273758918114e-05 true resid norm 1.273757938176e-05 ||r(i)||/||b|| 1.768058849247e-05
170 KSP unpreconditioned resid norm 1.266319629760e-05 true resid norm 1.266316227101e-05 ||r(i)||/||b|| 1.757729270347e-05
171 KSP unpreconditioned resid norm 1.253098833784e-05 true resid norm 1.253098840099e-05 ||r(i)||/||b|| 1.739382677678e-05
172 KSP unpreconditioned resid norm 1.240979059819e-05 true resid norm 1.240978985012e-05 ||r(i)||/||b|| 1.722559530676e-05
173 KSP unpreconditioned resid norm 1.219222578348e-05 true resid norm 1.219219942159e-05 ||r(i)||/||b|| 1.692356564229e-05
174 KSP unpreconditioned resid norm 1.196708381346e-05 true resid norm 1.196707794882e-05 ||r(i)||/||b|| 1.661108239869e-05
175 KSP unpreconditioned resid norm 1.160571240956e-05 true resid norm 1.160570320606e-05 ||r(i)||/||b|| 1.610947075595e-05
176 KSP unpreconditioned resid norm 1.105288490132e-05 true resid norm 1.105285471258e-05 ||r(i)||/||b|| 1.534208109588e-05
177 KSP unpreconditioned resid norm 1.027369060570e-05 true resid norm 1.027368328131e-05 ||r(i)||/||b|| 1.426054048063e-05
178 KSP unpreconditioned resid norm 9.655191482681e-06 true resid norm 9.655165964620e-06 ||r(i)||/||b|| 1.340199822357e-05
179 KSP unpreconditioned resid norm 9.297162411300e-06 true resid norm 9.297117134637e-06 ||r(i)||/||b|| 1.290500316403e-05
180 KSP unpreconditioned resid norm 9.046600592772e-06 true resid norm 9.046561313724e-06 ||r(i)||/||b|| 1.255721539124e-05
181 KSP unpreconditioned resid norm 8.890067658360e-06 true resid norm 8.890076029581e-06 ||r(i)||/||b|| 1.234000364079e-05
182 KSP unpreconditioned resid norm 8.647923405634e-06 true resid norm 8.647882449153e-06 ||r(i)||/||b|| 1.200382320157e-05
183 KSP unpreconditioned resid norm 8.395141770458e-06 true resid norm 8.395115291622e-06 ||r(i)||/||b|| 1.165296594976e-05
184 KSP unpreconditioned resid norm 7.979573922149e-06 true resid norm 7.979580851056e-06 ||r(i)||/||b|| 1.107617712451e-05
185 KSP unpreconditioned resid norm 7.349086985903e-06 true resid norm 7.349070815831e-06 ||r(i)||/||b|| 1.020098819425e-05
186 KSP unpreconditioned resid norm 6.876905551846e-06 true resid norm 6.876912078277e-06 ||r(i)||/||b|| 9.545601162571e-06
187 KSP unpreconditioned resid norm 6.518243089388e-06 true resid norm 6.518227236902e-06 ||r(i)||/||b|| 9.047723277867e-06
188 KSP unpreconditioned resid norm 6.416410353401e-06 true resid norm 6.416397692742e-06 ||r(i)||/||b|| 8.906377248711e-06
189 KSP unpreconditioned resid norm 6.147526900015e-06 true resid norm 6.147527767997e-06 ||r(i)||/||b|| 8.533168308853e-06
190 KSP unpreconditioned resid norm 5.881807126259e-06 true resid norm 5.881796815231e-06 ||r(i)||/||b|| 8.164316466228e-06
191 KSP unpreconditioned resid norm 5.559838407645e-06 true resid norm 5.559839311117e-06 ||r(i)||/||b|| 7.717418513980e-06
192 KSP unpreconditioned resid norm 5.479641521796e-06 true resid norm 5.479620737874e-06 ||r(i)||/||b|| 7.606069917793e-06
193 KSP unpreconditioned resid norm 5.101009240218e-06 true resid norm 5.100981968995e-06 ||r(i)||/||b|| 7.080494684133e-06
194 KSP unpreconditioned resid norm 4.739965845876e-06 true resid norm 4.739962158039e-06 ||r(i)||/||b|| 6.579375709810e-06
195 KSP unpreconditioned resid norm 4.043570583760e-06 true resid norm 4.043562982325e-06 ||r(i)||/||b|| 5.612728367858e-06
196 KSP unpreconditioned resid norm 3.715874356877e-06 true resid norm 3.715868547756e-06 ||r(i)||/||b|| 5.157867183073e-06
197 KSP unpreconditioned resid norm 3.497921784554e-06 true resid norm 3.497935467770e-06 ||r(i)||/||b|| 4.855361896107e-06
198 KSP unpreconditioned resid norm 3.346784883250e-06 true resid norm 3.346809548851e-06 ||r(i)||/||b|| 4.645589293098e-06
199 KSP unpreconditioned resid norm 3.172535343127e-06 true resid norm 3.172573821242e-06 ||r(i)||/||b|| 4.403738772821e-06
200 KSP unpreconditioned resid norm 2.846188712409e-06 true resid norm 2.846188712409e-06 ||r(i)||/||b|| 3.950695017301e-06
201 KSP unpreconditioned resid norm 2.845441342467e-06 true resid norm 2.845465146999e-06 ||r(i)||/||b|| 3.949690661460e-06
202 KSP unpreconditioned resid norm 2.818315789219e-06 true resid norm 2.818327386919e-06 ||r(i)||/||b|| 3.912021685730e-06
203 KSP unpreconditioned resid norm 2.759389475154e-06 true resid norm 2.759401890969e-06 ||r(i)||/||b|| 3.830229265492e-06
204 KSP unpreconditioned resid norm 2.698029875669e-06 true resid norm 2.698061893887e-06 ||r(i)||/||b|| 3.745085360671e-06
205 KSP unpreconditioned resid norm 2.655469339485e-06 true resid norm 2.655487466979e-06 ||r(i)||/||b|| 3.685989287555e-06
206 KSP unpreconditioned resid norm 2.637666583110e-06 true resid norm 2.637679217623e-06 ||r(i)||/||b|| 3.661270279398e-06
207 KSP unpreconditioned resid norm 2.614516112696e-06 true resid norm 2.614529043919e-06 ||r(i)||/||b|| 3.629136332867e-06
208 KSP unpreconditioned resid norm 2.581992387043e-06 true resid norm 2.582009922369e-06 ||r(i)||/||b|| 3.583997677473e-06
209 KSP unpreconditioned resid norm 2.552332374011e-06 true resid norm 2.552353892097e-06 ||r(i)||/||b|| 3.542833178958e-06
210 KSP unpreconditioned resid norm 2.529439211756e-06 true resid norm 2.529450054971e-06 ||r(i)||/||b|| 3.511041163616e-06
211 KSP unpreconditioned resid norm 2.516106290860e-06 true resid norm 2.516141967002e-06 ||r(i)||/||b|| 3.492568672104e-06
212 KSP unpreconditioned resid norm 2.502626549015e-06 true resid norm 2.502644148679e-06 ||r(i)||/||b|| 3.473832822525e-06
213 KSP unpreconditioned resid norm 2.488497534137e-06 true resid norm 2.488527033262e-06 ||r(i)||/||b|| 3.454237348305e-06
214 KSP unpreconditioned resid norm 2.482961042886e-06 true resid norm 2.482981062551e-06 ||r(i)||/||b|| 3.446539180309e-06
215 KSP unpreconditioned resid norm 2.476644752690e-06 true resid norm 2.476674244617e-06 ||r(i)||/||b|| 3.437784906893e-06
216 KSP unpreconditioned resid norm 2.475218340645e-06 true resid norm 2.475242157392e-06 ||r(i)||/||b|| 3.435797076697e-06
217 KSP unpreconditioned resid norm 2.471170593027e-06 true resid norm 2.471190560620e-06 ||r(i)||/||b|| 3.430173196906e-06
218 KSP unpreconditioned resid norm 2.471163403825e-06 true resid norm 2.471198641324e-06 ||r(i)||/||b|| 3.430184413450e-06
219 KSP unpreconditioned resid norm 2.457389400937e-06 true resid norm 2.457421599595e-06 ||r(i)||/||b|| 3.411060983623e-06
220 KSP unpreconditioned resid norm 2.443550471384e-06 true resid norm 2.443568241690e-06 ||r(i)||/||b|| 3.391831621982e-06
221 KSP unpreconditioned resid norm 2.432344897085e-06 true resid norm 2.432374095652e-06 ||r(i)||/||b|| 3.376293419339e-06
222 KSP unpreconditioned resid norm 2.411769304794e-06 true resid norm 2.411796618293e-06 ||r(i)||/||b|| 3.347730542635e-06
223 KSP unpreconditioned resid norm 2.370470171633e-06 true resid norm 2.370500820395e-06 ||r(i)||/||b|| 3.290409289732e-06
224 KSP unpreconditioned resid norm 2.317739699676e-06 true resid norm 2.317739990364e-06 ||r(i)||/||b|| 3.217173826671e-06
225 KSP unpreconditioned resid norm 2.242708550156e-06 true resid norm 2.242723108722e-06 ||r(i)||/||b|| 3.113045516689e-06
226 KSP unpreconditioned resid norm 2.043331706358e-06 true resid norm 2.043353291089e-06 ||r(i)||/||b|| 2.836307245016e-06
227 KSP unpreconditioned resid norm 1.740247047847e-06 true resid norm 1.740272400125e-06 ||r(i)||/||b|| 2.415611259347e-06
228 KSP unpreconditioned resid norm 1.521210077358e-06 true resid norm 1.521210393063e-06 ||r(i)||/||b|| 2.111538948187e-06
229 KSP unpreconditioned resid norm 1.308210885877e-06 true resid norm 1.308236883581e-06 ||r(i)||/||b|| 1.815917867596e-06
230 KSP unpreconditioned resid norm 1.105752157151e-06 true resid norm 1.105795321181e-06 ||r(i)||/||b|| 1.534915814435e-06
231 KSP unpreconditioned resid norm 1.039311678602e-06 true resid norm 1.039334563918e-06 ||r(i)||/||b|| 1.442663961485e-06
232 KSP unpreconditioned resid norm 1.016570220463e-06 true resid norm 1.016595527711e-06 ||r(i)||/||b|| 1.411100700537e-06
233 KSP unpreconditioned resid norm 9.920375292681e-07 true resid norm 9.920656100487e-07 ||r(i)||/||b|| 1.377051579668e-06
234 KSP unpreconditioned resid norm 9.642299423423e-07 true resid norm 9.642695072670e-07 ||r(i)||/||b|| 1.338468781457e-06
235 KSP unpreconditioned resid norm 9.137122457786e-07 true resid norm 9.137402810523e-07 ||r(i)||/||b|| 1.268330929612e-06
236 KSP unpreconditioned resid norm 8.484907100940e-07 true resid norm 8.484997096722e-07 ||r(i)||/||b|| 1.177772774015e-06
237 KSP unpreconditioned resid norm 8.180022471546e-07 true resid norm 8.180117833701e-07 ||r(i)||/||b|| 1.135453549712e-06
238 KSP unpreconditioned resid norm 8.024912981128e-07 true resid norm 8.025053869584e-07 ||r(i)||/||b|| 1.113929663128e-06
239 KSP unpreconditioned resid norm 7.784500376161e-07 true resid norm 7.784687428326e-07 ||r(i)||/||b|| 1.080565238006e-06
240 KSP unpreconditioned resid norm 7.640728344685e-07 true resid norm 7.640581839632e-07 ||r(i)||/||b|| 1.060562445192e-06
241 KSP unpreconditioned resid norm 7.343023596071e-07 true resid norm 7.343171898741e-07 ||r(i)||/||b|| 1.019280011373e-06
242 KSP unpreconditioned resid norm 7.130148363911e-07 true resid norm 7.130257655161e-07 ||r(i)||/||b|| 9.897261298066e-07
243 KSP unpreconditioned resid norm 6.909351323194e-07 true resid norm 6.909448881309e-07 ||r(i)||/||b|| 9.590764361011e-07
244 KSP unpreconditioned resid norm 6.790501322882e-07 true resid norm 6.790583296316e-07 ||r(i)||/||b|| 9.425771199344e-07
245 KSP unpreconditioned resid norm 6.589478515666e-07 true resid norm 6.589449464996e-07 ||r(i)||/||b|| 9.146584361963e-07
246 KSP unpreconditioned resid norm 6.216724777036e-07 true resid norm 6.216798731509e-07 ||r(i)||/||b|| 8.629320910821e-07
247 KSP unpreconditioned resid norm 5.734246688713e-07 true resid norm 5.734373583199e-07 ||r(i)||/||b|| 7.959683433399e-07
248 KSP unpreconditioned resid norm 5.033660565341e-07 true resid norm 5.033924481194e-07 ||r(i)||/||b|| 6.987414530391e-07
249 KSP unpreconditioned resid norm 4.286571541339e-07 true resid norm 4.286763224300e-07 ||r(i)||/||b|| 5.950306118759e-07
250 KSP unpreconditioned resid norm 3.873204550750e-07 true resid norm 3.873204550750e-07 ||r(i)||/||b|| 5.376259786613e-07
251 KSP unpreconditioned resid norm 3.826289603455e-07 true resid norm 3.826242262025e-07 ||r(i)||/||b|| 5.311073075958e-07
252 KSP unpreconditioned resid norm 3.600115100293e-07 true resid norm 3.600021954061e-07 ||r(i)||/||b|| 4.997064577649e-07
253 KSP unpreconditioned resid norm 3.316777180716e-07 true resid norm 3.316771552910e-07 ||r(i)||/||b|| 4.603894601394e-07
254 KSP unpreconditioned resid norm 3.087608599549e-07 true resid norm 3.087573438513e-07 ||r(i)||/||b|| 4.285752714113e-07
255 KSP unpreconditioned resid norm 2.919498502490e-07 true resid norm 2.919641204620e-07 ||r(i)||/||b|| 4.052651853023e-07
256 KSP unpreconditioned resid norm 2.827498626868e-07 true resid norm 2.827603775393e-07 ||r(i)||/||b|| 3.924897916165e-07
257 KSP unpreconditioned resid norm 2.764685573717e-07 true resid norm 2.764584493469e-07 ||r(i)||/||b|| 3.837423054781e-07
258 KSP unpreconditioned resid norm 2.741567736851e-07 true resid norm 2.741675252957e-07 ||r(i)||/||b|| 3.805623539188e-07
259 KSP unpreconditioned resid norm 2.737594285444e-07 true resid norm 2.737613124538e-07 ||r(i)||/||b|| 3.799985040786e-07
260 KSP unpreconditioned resid norm 2.729452744112e-07 true resid norm 2.729465475429e-07 ||r(i)||/||b|| 3.788675573992e-07
261 KSP unpreconditioned resid norm 2.724181162070e-07 true resid norm 2.724232029179e-07 ||r(i)||/||b|| 3.781411210271e-07
262 KSP unpreconditioned resid norm 2.724110967736e-07 true resid norm 2.724194195605e-07 ||r(i)||/||b|| 3.781358694809e-07
263 KSP unpreconditioned resid norm 2.721019718141e-07 true resid norm 2.721127531515e-07 ||r(i)||/||b|| 3.777101965631e-07
264 KSP unpreconditioned resid norm 2.720023982203e-07 true resid norm 2.720280727140e-07 ||r(i)||/||b|| 3.775926546092e-07
265 KSP unpreconditioned resid norm 2.719853813382e-07 true resid norm 2.719834568953e-07 ||r(i)||/||b|| 3.775307249515e-07
266 KSP unpreconditioned resid norm 2.719853702000e-07 true resid norm 2.719945395633e-07 ||r(i)||/||b|| 3.775461084153e-07
267 KSP unpreconditioned resid norm 2.719350543975e-07 true resid norm 2.719283596877e-07 ||r(i)||/||b|| 3.774542464445e-07
268 KSP unpreconditioned resid norm 2.717630085846e-07 true resid norm 2.717634505740e-07 ||r(i)||/||b|| 3.772253418708e-07
269 KSP unpreconditioned resid norm 2.717518598711e-07 true resid norm 2.717539531543e-07 ||r(i)||/||b|| 3.772121588347e-07
270 KSP unpreconditioned resid norm 2.716976522951e-07 true resid norm 2.717213823351e-07 ||r(i)||/||b|| 3.771669484196e-07
271 KSP unpreconditioned resid norm 2.716808466288e-07 true resid norm 2.716840701682e-07 ||r(i)||/||b|| 3.771151567055e-07
272 KSP unpreconditioned resid norm 2.714922645666e-07 true resid norm 2.714901684947e-07 ||r(i)||/||b|| 3.768460085734e-07
273 KSP unpreconditioned resid norm 2.713487488786e-07 true resid norm 2.713505497239e-07 ||r(i)||/||b|| 3.766522086404e-07
274 KSP unpreconditioned resid norm 2.700874048093e-07 true resid norm 2.700942578505e-07 ||r(i)||/||b|| 3.749083938249e-07
275 KSP unpreconditioned resid norm 2.692481854800e-07 true resid norm 2.692516588538e-07 ||r(i)||/||b|| 3.737388116242e-07
276 KSP unpreconditioned resid norm 2.649254453471e-07 true resid norm 2.649186821075e-07 ||r(i)||/||b|| 3.677243581316e-07
277 KSP unpreconditioned resid norm 2.623639240231e-07 true resid norm 2.623586104176e-07 ||r(i)||/||b|| 3.641708121475e-07
278 KSP unpreconditioned resid norm 2.588001081273e-07 true resid norm 2.588019691071e-07 ||r(i)||/||b|| 3.592339627241e-07
279 KSP unpreconditioned resid norm 2.526210443355e-07 true resid norm 2.526144950683e-07 ||r(i)||/||b|| 3.506453463936e-07
280 KSP unpreconditioned resid norm 2.471740410149e-07 true resid norm 2.471903870786e-07 ||r(i)||/||b|| 3.431163317802e-07
281 KSP unpreconditioned resid norm 2.387906624411e-07 true resid norm 2.387741568948e-07 ||r(i)||/||b|| 3.314340569871e-07
282 KSP unpreconditioned resid norm 2.329142019295e-07 true resid norm 2.329177995271e-07 ||r(i)||/||b|| 3.233050521283e-07
283 KSP unpreconditioned resid norm 2.293920808281e-07 true resid norm 2.293949618589e-07 ||r(i)||/||b|| 3.184151243587e-07
284 KSP unpreconditioned resid norm 2.262950291028e-07 true resid norm 2.262915153609e-07 ||r(i)||/||b|| 3.141073388058e-07
285 KSP unpreconditioned resid norm 2.238942646185e-07 true resid norm 2.238963011146e-07 ||r(i)||/||b|| 3.107826256738e-07
286 KSP unpreconditioned resid norm 2.223966821321e-07 true resid norm 2.223950932581e-07 ||r(i)||/||b|| 3.086988515471e-07
287 KSP unpreconditioned resid norm 2.211458509885e-07 true resid norm 2.211603396483e-07 ||r(i)||/||b|| 3.069849332420e-07
288 KSP unpreconditioned resid norm 2.188840194947e-07 true resid norm 2.188762842708e-07 ||r(i)||/||b|| 3.038145158485e-07
289 KSP unpreconditioned resid norm 2.181216458609e-07 true resid norm 2.181292577161e-07 ||r(i)||/||b|| 3.027775944123e-07
290 KSP unpreconditioned resid norm 2.180016827893e-07 true resid norm 2.180035791766e-07 ||r(i)||/||b|| 3.026031444267e-07
291 KSP unpreconditioned resid norm 2.172406017589e-07 true resid norm 2.172332782075e-07 ||r(i)||/||b|| 3.015339165897e-07
292 KSP unpreconditioned resid norm 2.167714337085e-07 true resid norm 2.167929928687e-07 ||r(i)||/||b|| 3.009227719082e-07
293 KSP unpreconditioned resid norm 2.167142334581e-07 true resid norm 2.166992878626e-07 ||r(i)||/||b|| 3.007927032663e-07
294 KSP unpreconditioned resid norm 2.166857684250e-07 true resid norm 2.166979102015e-07 ||r(i)||/||b|| 3.007907909831e-07
295 KSP unpreconditioned resid norm 2.165609250599e-07 true resid norm 2.165712399334e-07 ||r(i)||/||b|| 3.006149644137e-07
296 KSP unpreconditioned resid norm 2.158333685990e-07 true resid norm 2.158319305427e-07 ||r(i)||/||b|| 2.995887549030e-07
297 KSP unpreconditioned resid norm 2.157421979336e-07 true resid norm 2.157518044697e-07 ||r(i)||/||b|| 2.994775347031e-07
298 KSP unpreconditioned resid norm 2.144950192211e-07 true resid norm 2.144959840246e-07 ||r(i)||/||b|| 2.977343742607e-07
299 KSP unpreconditioned resid norm 2.118143621540e-07 true resid norm 2.118160509709e-07 ||r(i)||/||b|| 2.940144529091e-07
300 KSP unpreconditioned resid norm 2.098252033334e-07 true resid norm 2.098252033334e-07 ||r(i)||/||b|| 2.912510269257e-07
301 KSP unpreconditioned resid norm 2.096335140941e-07 true resid norm 2.096329323290e-07 ||r(i)||/||b|| 2.909841422684e-07
302 KSP unpreconditioned resid norm 2.081562007440e-07 true resid norm 2.081715339582e-07 ||r(i)||/||b|| 2.889556262966e-07
303 KSP unpreconditioned resid norm 2.081519139466e-07 true resid norm 2.081740568365e-07 ||r(i)||/||b|| 2.889591282157e-07
304 KSP unpreconditioned resid norm 2.076173864333e-07 true resid norm 2.076206927419e-07 ||r(i)||/||b|| 2.881910228679e-07
305 KSP unpreconditioned resid norm 2.051682771534e-07 true resid norm 2.052033615888e-07 ||r(i)||/||b|| 2.848356100310e-07
306 KSP unpreconditioned resid norm 2.050108899450e-07 true resid norm 2.050233614604e-07 ||r(i)||/||b|| 2.845857581475e-07
307 KSP unpreconditioned resid norm 2.049123751579e-07 true resid norm 2.049305527390e-07 ||r(i)||/||b|| 2.844569336069e-07
308 KSP unpreconditioned resid norm 2.045940388511e-07 true resid norm 2.046208954026e-07 ||r(i)||/||b|| 2.840271090874e-07
309 KSP unpreconditioned resid norm 2.045425442088e-07 true resid norm 2.045337645816e-07 ||r(i)||/||b|| 2.839061658418e-07
310 KSP unpreconditioned resid norm 2.045320834991e-07 true resid norm 2.045644436743e-07 ||r(i)||/||b|| 2.839487504175e-07
311 KSP unpreconditioned resid norm 2.045212383599e-07 true resid norm 2.045416637386e-07 ||r(i)||/||b|| 2.839171303855e-07
312 KSP unpreconditioned resid norm 2.044293496132e-07 true resid norm 2.044424349769e-07 ||r(i)||/||b|| 2.837793944115e-07
313 KSP unpreconditioned resid norm 2.043056340930e-07 true resid norm 2.043289013315e-07 ||r(i)||/||b|| 2.836218023287e-07
314 KSP unpreconditioned resid norm 2.039850276243e-07 true resid norm 2.039986799674e-07 ||r(i)||/||b|| 2.831634336014e-07
315 KSP unpreconditioned resid norm 2.038148674841e-07 true resid norm 2.038366329487e-07 ||r(i)||/||b|| 2.829385018016e-07
316 KSP unpreconditioned resid norm 2.031875307847e-07 true resid norm 2.032071595278e-07 ||r(i)||/||b|| 2.820647517595e-07
317 KSP unpreconditioned resid norm 1.998527422740e-07 true resid norm 1.998641684568e-07 ||r(i)||/||b|| 2.774244627619e-07
318 KSP unpreconditioned resid norm 1.960239794173e-07 true resid norm 1.960174492227e-07 ||r(i)||/||b|| 2.720849663171e-07
319 KSP unpreconditioned resid norm 1.930195194479e-07 true resid norm 1.930485682529e-07 ||r(i)||/||b|| 2.679639664681e-07
320 KSP unpreconditioned resid norm 1.843699046558e-07 true resid norm 1.843953382544e-07 ||r(i)||/||b|| 2.559527205203e-07
321 KSP unpreconditioned resid norm 1.755685080714e-07 true resid norm 1.756023339846e-07 ||r(i)||/||b|| 2.437474587945e-07
322 KSP unpreconditioned resid norm 1.715529421232e-07 true resid norm 1.715556760680e-07 ||r(i)||/||b|| 2.381304344566e-07
323 KSP unpreconditioned resid norm 1.691214668243e-07 true resid norm 1.691201749897e-07 ||r(i)||/||b|| 2.347498005821e-07
324 KSP unpreconditioned resid norm 1.656098696919e-07 true resid norm 1.656063447715e-07 ||r(i)||/||b|| 2.298723757387e-07
325 KSP unpreconditioned resid norm 1.618416811246e-07 true resid norm 1.618426600336e-07 ||r(i)||/||b|| 2.246481365742e-07
326 KSP unpreconditioned resid norm 1.585957204771e-07 true resid norm 1.586138674055e-07 ||r(i)||/||b|| 2.201663624417e-07
327 KSP unpreconditioned resid norm 1.569847862473e-07 true resid norm 1.569989094809e-07 ||r(i)||/||b|| 2.179246958235e-07
328 KSP unpreconditioned resid norm 1.560682918264e-07 true resid norm 1.560864882583e-07 ||r(i)||/||b|| 2.166581958327e-07
329 KSP unpreconditioned resid norm 1.546376790324e-07 true resid norm 1.546501172691e-07 ||r(i)||/||b|| 2.146644194942e-07
330 KSP unpreconditioned resid norm 1.544392997403e-07 true resid norm 1.544785376758e-07 ||r(i)||/||b|| 2.144262558610e-07
331 KSP unpreconditioned resid norm 1.541034375385e-07 true resid norm 1.541086943356e-07 ||r(i)||/||b|| 2.139128892543e-07
332 KSP unpreconditioned resid norm 1.523520827461e-07 true resid norm 1.523782169297e-07 ||r(i)||/||b|| 2.115108740839e-07
333 KSP unpreconditioned resid norm 1.505473367472e-07 true resid norm 1.505665077518e-07 ||r(i)||/||b|| 2.089961039315e-07
334 KSP unpreconditioned resid norm 1.468704478742e-07 true resid norm 1.469184446836e-07 ||r(i)||/||b|| 2.039323551634e-07
335 KSP unpreconditioned resid norm 1.459811859665e-07 true resid norm 1.459894988866e-07 ||r(i)||/||b|| 2.026429179888e-07
336 KSP unpreconditioned resid norm 1.392718670700e-07 true resid norm 1.392985937212e-07 ||r(i)||/||b|| 1.933555065172e-07
337 KSP unpreconditioned resid norm 1.342929358611e-07 true resid norm 1.343289412120e-07 ||r(i)||/||b|| 1.864573056635e-07
338 KSP unpreconditioned resid norm 1.298859911684e-07 true resid norm 1.298861488926e-07 ||r(i)||/||b|| 1.802904210144e-07
339 KSP unpreconditioned resid norm 1.271582108121e-07 true resid norm 1.272076207278e-07 ||r(i)||/||b|| 1.765724497398e-07
340 KSP unpreconditioned resid norm 1.223508651274e-07 true resid norm 1.224046705965e-07 ||r(i)||/||b|| 1.699056426272e-07
341 KSP unpreconditioned resid norm 1.170212081404e-07 true resid norm 1.170403067024e-07 ||r(i)||/||b|| 1.624595567035e-07
342 KSP unpreconditioned resid norm 1.099822278704e-07 true resid norm 1.100247716529e-07 ||r(i)||/||b|| 1.527215378424e-07
343 KSP unpreconditioned resid norm 1.025092479039e-07 true resid norm 1.025222099971e-07 ||r(i)||/||b|| 1.423074943810e-07
344 KSP unpreconditioned resid norm 8.674415364652e-08 true resid norm 8.674861845902e-08 ||r(i)||/||b|| 1.204127235870e-07
345 KSP unpreconditioned resid norm 7.090512947166e-08 true resid norm 7.091625821330e-08 ||r(i)||/||b|| 9.843637800523e-08
346 KSP unpreconditioned resid norm 5.941729474439e-08 true resid norm 5.944207551617e-08 ||r(i)||/||b|| 8.250946626831e-08
347 KSP unpreconditioned resid norm 5.510684828562e-08 true resid norm 5.515098363064e-08 ||r(i)||/||b|| 7.655315168628e-08
348 KSP unpreconditioned resid norm 4.762764030657e-08 true resid norm 4.764073355187e-08 ||r(i)||/||b|| 6.612843619376e-08
349 KSP unpreconditioned resid norm 3.896924616679e-08 true resid norm 3.901441590753e-08 ||r(i)||/||b|| 5.415454634360e-08
350 KSP unpreconditioned resid norm 3.283743775653e-08 true resid norm 3.283743775653e-08 ||r(i)||/||b|| 4.558049898801e-08
351 KSP unpreconditioned resid norm 3.262057870355e-08 true resid norm 3.265049449859e-08 ||r(i)||/||b|| 4.532100958928e-08
352 KSP unpreconditioned resid norm 2.897578369543e-08 true resid norm 2.896598191259e-08 ||r(i)||/||b|| 4.020666652017e-08
353 KSP unpreconditioned resid norm 2.506067216589e-08 true resid norm 2.507494295029e-08 ||r(i)||/||b|| 3.480565141057e-08
354 KSP unpreconditioned resid norm 2.284078287897e-08 true resid norm 2.286617646984e-08 ||r(i)||/||b|| 3.173973990209e-08
355 KSP unpreconditioned resid norm 2.060865782781e-08 true resid norm 2.065688123313e-08 ||r(i)||/||b|| 2.867309444553e-08
356 KSP unpreconditioned resid norm 1.962443760186e-08 true resid norm 1.966114604036e-08 ||r(i)||/||b|| 2.729094924642e-08
357 KSP unpreconditioned resid norm 1.879391453973e-08 true resid norm 1.881183834818e-08 ||r(i)||/||b|| 2.611205494014e-08
358 KSP unpreconditioned resid norm 1.762198610364e-08 true resid norm 1.765548213134e-08 ||r(i)||/||b|| 2.450695731461e-08
359 KSP unpreconditioned resid norm 1.688806965212e-08 true resid norm 1.691398017774e-08 ||r(i)||/||b|| 2.347770438397e-08
360 KSP unpreconditioned resid norm 1.603891243413e-08 true resid norm 1.606164832245e-08 ||r(i)||/||b|| 2.229461234264e-08
361 KSP unpreconditioned resid norm 1.547809383023e-08 true resid norm 1.551102130919e-08 ||r(i)||/||b|| 2.153030624157e-08
362 KSP unpreconditioned resid norm 1.503467428284e-08 true resid norm 1.505901177203e-08 ||r(i)||/||b|| 2.090288761032e-08
363 KSP unpreconditioned resid norm 1.470591106649e-08 true resid norm 1.472946062087e-08 ||r(i)||/||b|| 2.044544918216e-08
364 KSP unpreconditioned resid norm 1.450980892985e-08 true resid norm 1.454161200011e-08 ||r(i)||/||b|| 2.018470308097e-08
365 KSP unpreconditioned resid norm 1.408491378128e-08 true resid norm 1.412734057275e-08 ||r(i)||/||b|| 1.960966740018e-08
366 KSP unpreconditioned resid norm 1.398990718761e-08 true resid norm 1.402063495844e-08 ||r(i)||/||b|| 1.946155306856e-08
367 KSP unpreconditioned resid norm 1.375508025695e-08 true resid norm 1.378561784254e-08 ||r(i)||/||b|| 1.913533402880e-08
368 KSP unpreconditioned resid norm 1.359892125178e-08 true resid norm 1.361704737675e-08 ||r(i)||/||b|| 1.890134726033e-08
369 KSP unpreconditioned resid norm 1.346570664212e-08 true resid norm 1.349046993466e-08 ||r(i)||/||b|| 1.872564953952e-08
370 KSP unpreconditioned resid norm 1.340549338277e-08 true resid norm 1.344254316281e-08 ||r(i)||/||b|| 1.865912406357e-08
371 KSP unpreconditioned resid norm 1.339240499782e-08 true resid norm 1.345691037394e-08 ||r(i)||/||b|| 1.867906668690e-08
372 KSP unpreconditioned resid norm 1.326063721930e-08 true resid norm 1.327888369735e-08 ||r(i)||/||b|| 1.843195408292e-08
373 KSP unpreconditioned resid norm 1.311892854644e-08 true resid norm 1.312753118096e-08 ||r(i)||/||b|| 1.822186694788e-08
374 KSP unpreconditioned resid norm 1.275121733593e-08 true resid norm 1.275827852180e-08 ||r(i)||/||b|| 1.770932024489e-08
375 KSP unpreconditioned resid norm 1.231653400237e-08 true resid norm 1.234444955682e-08 ||r(i)||/||b|| 1.713489873065e-08
376 KSP unpreconditioned resid norm 1.105584879313e-08 true resid norm 1.110621491321e-08 ||r(i)||/||b|| 1.541614852431e-08
377 KSP unpreconditioned resid norm 9.766126006193e-09 true resid norm 9.807762343959e-09 ||r(i)||/||b|| 1.361381192126e-08
378 KSP unpreconditioned resid norm 8.353889337084e-09 true resid norm 8.431548750519e-09 ||r(i)||/||b|| 1.170353795993e-08
379 KSP unpreconditioned resid norm 6.381802103642e-09 true resid norm 6.470838199709e-09 ||r(i)||/||b|| 8.981944212587e-09
            || b ||_2 = 7.2042734251691598e-01
|| r ||_2 / || b ||_2 = 8.9819442125867187e-09
