Config file: ../input/config/mla_v_cycle-refine1.json
order_rbm = 2
angle_type = 1
==== basic information of linear system ====
matrix Row = 5340, matrix Column = 5340
matrix nz_allocated = 104619, matrix nz_used = 104619, matrix nz_unneeded = 0
vector Row = 5340
initial     || b ||_2 = 1.3851994067587834e+00
>>>>local_vec_size = 1338
>>>>~~~~ local_mat_m = 1338, local_mat_n = 1338
>>>>local_vec_size = 1332
>>>>~~~~ local_mat_m = 1332, local_mat_n = 1332
>>>>local_vec_size = 1332
>>>>~~~~ local_mat_m = 1332, local_mat_n = 1332
>>>>local_vec_size = 1338
>>>>~~~~ local_mat_m = 1338, local_mat_n = 1338
            || b ||_2 = 1.3851994067587834e+00
|| r ||_2 / || b ||_2 = 1.0000000000000000e+00
Partitioning a graph of size 890 serially
      Setup: Max:   0.000, Sum:   0.000, Balance:   1.004
      Remap: Max:   0.000, Sum:   0.000, Balance:   4.000
      Total: Max:   0.028, Sum:   0.111, Balance:   1.000
       Aux1: Max:   0.000, Sum:   0.000, Balance:   1.034
Final 222-way Cut:   1384 	Balance: 1.247 
Partitioning a graph of size 222 serially
      Setup: Max:   0.000, Sum:   0.000, Balance:   1.009
      Remap: Max:   0.000, Sum:   0.000, Balance:   2.000
      Total: Max:   0.006, Sum:   0.025, Balance:   1.000
       Aux1: Max:   0.000, Sum:   0.000, Balance:   1.021
Final  55-way Cut:    296 	Balance: 1.239 
Partitioning a graph of size 55 serially
      Setup: Max:   0.000, Sum:   0.000, Balance:   1.020
      Remap: Max:   0.000, Sum:   0.000, Balance:   2.000
      Total: Max:   0.001, Sum:   0.004, Balance:   1.001
       Aux1: Max:   0.000, Sum:   0.000, Balance:   1.103
Final  13-way Cut:     46 	Balance: 1.182 


>>>>nodes in level 1 is 55, less than 100, setup DONE!>>>>


>>>> mla setup time: 0.0526462 (s)
KSP Object: (mg_coarse_) 4 MPI processes
  type: preonly
  maximum iterations=10000, initial guess is zero
  tolerances: relative=1e-05, absolute=1e-50, divergence=10000.
  left preconditioning
  using DEFAULT norm type for convergence test
PC Object: (mg_coarse_) 4 MPI processes
  type: redundant
  PC has not been set up so information may be incomplete
    Not yet setup
  linear system matrix = precond matrix:
  Mat Object: 4 MPI processes
    type: mpiaij
    rows=495, cols=495
    total: nonzeros=22923, allocated nonzeros=22923
    total number of mallocs used during MatSetValues calls=0
      using nonscalable MatPtAP() implementation
      using I-node (on process 0) routines: found 28 nodes, limit used is 5
KSP Object: (mg_levels_1_) 4 MPI processes
  type: chebyshev
    Chebyshev polynomial of first kind
    eigenvalue targets used: min 0., max 0.
  maximum iterations=5, initial guess is zero
  tolerances: relative=1e-05, absolute=1e-50, divergence=10000.
  left preconditioning
  using NONE norm type for convergence test
PC Object: (mg_levels_1_) 4 MPI processes
  type: sor
  PC has not been set up so information may be incomplete
    type = local_symmetric, iterations = 1, local iterations = 1, omega = 1.
  linear system matrix = precond matrix:
  Mat Object: 4 MPI processes
    type: mpiaij
    rows=1998, cols=1998
    total: nonzeros=109998, allocated nonzeros=109998
    total number of mallocs used during MatSetValues calls=0
      using I-node (on process 0) routines: found 112 nodes, limit used is 5
KSP Object: (mg_levels_2_) 4 MPI processes
  type: chebyshev
    Chebyshev polynomial of first kind
    eigenvalue targets used: min 0., max 0.
  maximum iterations=5, initial guess is zero
  tolerances: relative=1e-05, absolute=1e-50, divergence=10000.
  left preconditioning
  using NONE norm type for convergence test
PC Object: (mg_levels_2_) 4 MPI processes
  type: sor
  PC has not been set up so information may be incomplete
    type = local_symmetric, iterations = 1, local iterations = 1, omega = 1.
  linear system matrix = precond matrix:
  Mat Object: 4 MPI processes
    type: mpiaij
    rows=5340, cols=5340
    total: nonzeros=104619, allocated nonzeros=104619
    total number of mallocs used during MatSetValues calls=0
      using I-node (on process 0) routines: found 709 nodes, limit used is 5
  0 KSP unpreconditioned resid norm 1.385199406759e+00 true resid norm 1.385199406759e+00 ||r(i)||/||b|| 1.000000000000e+00
  1 KSP unpreconditioned resid norm 1.256104300250e+02 true resid norm 1.256104300250e+02 ||r(i)||/||b|| 9.068039548104e+01
  2 KSP unpreconditioned resid norm 6.302136746406e+01 true resid norm 6.302136746406e+01 ||r(i)||/||b|| 4.549624202592e+01
  3 KSP unpreconditioned resid norm 4.357418242835e+01 true resid norm 4.357418242835e+01 ||r(i)||/||b|| 3.145697450904e+01
  4 KSP unpreconditioned resid norm 4.299435808736e+01 true resid norm 4.299435808737e+01 ||r(i)||/||b|| 3.103838904174e+01
  5 KSP unpreconditioned resid norm 4.114883586585e+01 true resid norm 4.114883586585e+01 ||r(i)||/||b|| 2.970607384401e+01
  6 KSP unpreconditioned resid norm 3.525195465961e+01 true resid norm 3.525195465961e+01 ||r(i)||/||b|| 2.544901079773e+01
  7 KSP unpreconditioned resid norm 1.225133642119e+01 true resid norm 1.225133642120e+01 ||r(i)||/||b|| 8.844456878501e+00
  8 KSP unpreconditioned resid norm 4.930006457468e+00 true resid norm 4.930006457450e+00 ||r(i)||/||b|| 3.559059030343e+00
  9 KSP unpreconditioned resid norm 1.860211757226e+00 true resid norm 1.860211757245e+00 ||r(i)||/||b|| 1.342919833901e+00
 10 KSP unpreconditioned resid norm 6.022020092099e-01 true resid norm 6.022020091874e-01 ||r(i)||/||b|| 4.347403025508e-01
 11 KSP unpreconditioned resid norm 1.882513938651e-01 true resid norm 1.882513938947e-01 ||r(i)||/||b|| 1.359020174107e-01
 12 KSP unpreconditioned resid norm 5.886380926514e-02 true resid norm 5.886380927606e-02 ||r(i)||/||b|| 4.249482709048e-02
 13 KSP unpreconditioned resid norm 2.873583124797e-02 true resid norm 2.873583123445e-02 ||r(i)||/||b|| 2.074490581951e-02
 14 KSP unpreconditioned resid norm 9.034942202116e-03 true resid norm 9.034942203512e-03 ||r(i)||/||b|| 6.522484892376e-03
 15 KSP unpreconditioned resid norm 4.121586769355e-03 true resid norm 4.121586752940e-03 ||r(i)||/||b|| 2.975446518985e-03
 16 KSP unpreconditioned resid norm 1.853404476282e-03 true resid norm 1.853404451717e-03 ||r(i)||/||b|| 1.338005519403e-03
 17 KSP unpreconditioned resid norm 5.983022371436e-04 true resid norm 5.983022557507e-04 ||r(i)||/||b|| 4.319250014340e-04
 18 KSP unpreconditioned resid norm 2.341751899235e-04 true resid norm 2.341752313108e-04 ||r(i)||/||b|| 1.690552494957e-04
 19 KSP unpreconditioned resid norm 8.513364686692e-05 true resid norm 8.513363132176e-05 ||r(i)||/||b|| 6.145947717446e-05
 20 KSP unpreconditioned resid norm 3.444484305642e-05 true resid norm 3.444481389914e-05 ||r(i)||/||b|| 2.486632157874e-05
 21 KSP unpreconditioned resid norm 1.148913184398e-05 true resid norm 1.148907465716e-05 ||r(i)||/||b|| 8.294166602372e-06
 22 KSP unpreconditioned resid norm 6.023317875607e-06 true resid norm 6.023398942885e-06 ||r(i)||/||b|| 4.348398442488e-06
 23 KSP unpreconditioned resid norm 1.992016330939e-06 true resid norm 1.992022956129e-06 ||r(i)||/||b|| 1.438076674311e-06
 24 KSP unpreconditioned resid norm 4.250591364208e-07 true resid norm 4.250826575519e-07 ||r(i)||/||b|| 3.068747037270e-07
 25 KSP unpreconditioned resid norm 1.201346435462e-07 true resid norm 1.200818052039e-07 ||r(i)||/||b|| 8.668918324540e-08
 26 KSP unpreconditioned resid norm 3.749558578482e-08 true resid norm 3.754417695915e-08 ||r(i)||/||b|| 2.710380669813e-08
 27 KSP unpreconditioned resid norm 1.295370440764e-08 true resid norm 1.309609387372e-08 ||r(i)||/||b|| 9.454302254115e-09
>>>> ksp solve time: 0.0507252 (s)
            || b ||_2 = 1.3851994067587834e+00
|| r ||_2 / || b ||_2 = 9.4543022541146257e-09
