Config file: ../input/config/mla_v_cycle-refine3.json
order_rbm = 1
angle_type = 1
==== basic information of linear system ====
matrix Row = 73482, matrix Column = 73482
matrix nz_allocated = 1513726, matrix nz_used = 1513726, matrix nz_unneeded = 0
vector Row = 73482
initial     || b ||_2 = 3.6456789914864118e-01
in level 1:
in level 2:
in level 3:
nodes in level 3 (coarse) is 47, less than 100, setup done!
>>>> setup time: 0.812107 (s)
0 MLA ||r(i)||/||b|| 1.0000000000000000e+00
1 MLA ||r(i)||/||b|| 1.3754996598289608e+00
2 MLA ||r(i)||/||b|| 9.3062335444077426e+00
3 MLA ||r(i)||/||b|| 6.7144890534354129e+00
4 MLA ||r(i)||/||b|| 6.4275431602188409e+00
5 MLA ||r(i)||/||b|| 6.2336827234114338e+00
6 MLA ||r(i)||/||b|| 5.9379490149481544e+00
7 MLA ||r(i)||/||b|| 5.5221229306107942e+00
8 MLA ||r(i)||/||b|| 4.9946895422495778e+00
9 MLA ||r(i)||/||b|| 4.4364966402381061e+00
10 MLA ||r(i)||/||b|| 3.9470003151919304e+00
11 MLA ||r(i)||/||b|| 3.5771096059239840e+00
12 MLA ||r(i)||/||b|| 3.3129728115900638e+00
13 MLA ||r(i)||/||b|| 3.1085215173239376e+00
14 MLA ||r(i)||/||b|| 2.9249547695381257e+00
15 MLA ||r(i)||/||b|| 2.7468001827387418e+00
16 MLA ||r(i)||/||b|| 2.5775968022903988e+00
17 MLA ||r(i)||/||b|| 2.4288987547204459e+00
18 MLA ||r(i)||/||b|| 2.3107068019358321e+00
19 MLA ||r(i)||/||b|| 2.2261805511392541e+00
20 MLA ||r(i)||/||b|| 2.1710348530135750e+00
21 MLA ||r(i)||/||b|| 2.1362874640314673e+00
22 MLA ||r(i)||/||b|| 2.1119473136837890e+00
23 MLA ||r(i)||/||b|| 2.0896900596136270e+00
24 MLA ||r(i)||/||b|| 2.0639438432027335e+00
25 MLA ||r(i)||/||b|| 2.0317964003612374e+00
26 MLA ||r(i)||/||b|| 1.9923551080529918e+00
27 MLA ||r(i)||/||b|| 1.9460104370730180e+00
28 MLA ||r(i)||/||b|| 1.8938232107336035e+00
29 MLA ||r(i)||/||b|| 1.8371008747625650e+00
30 MLA ||r(i)||/||b|| 1.7771481115176866e+00
31 MLA ||r(i)||/||b|| 1.7151460825129377e+00
32 MLA ||r(i)||/||b|| 1.6521109131115153e+00
33 MLA ||r(i)||/||b|| 1.5888918386626050e+00
34 MLA ||r(i)||/||b|| 1.5261837337234496e+00
35 MLA ||r(i)||/||b|| 1.4645417170483404e+00
36 MLA ||r(i)||/||b|| 1.4043943921031483e+00
37 MLA ||r(i)||/||b|| 1.3460565431803453e+00
38 MLA ||r(i)||/||b|| 1.2897429212503833e+00
39 MLA ||r(i)||/||b|| 1.2355838091924551e+00
40 MLA ||r(i)||/||b|| 1.1836418057595781e+00
41 MLA ||r(i)||/||b|| 1.1339285425472658e+00
42 MLA ||r(i)||/||b|| 1.0864200192403437e+00
43 MLA ||r(i)||/||b|| 1.0410697092467927e+00
44 MLA ||r(i)||/||b|| 9.9781916962117623e-01
45 MLA ||r(i)||/||b|| 9.5660634927364929e-01
46 MLA ||r(i)||/||b|| 9.1737196666961651e-01
47 MLA ||r(i)||/||b|| 8.8006430796563639e-01
48 MLA ||r(i)||/||b|| 8.4464261866848289e-01
49 MLA ||r(i)||/||b|| 8.1107910168917507e-01
50 MLA ||r(i)||/||b|| 7.7935941797969466e-01
51 MLA ||r(i)||/||b|| 7.4948157593295905e-01
52 MLA ||r(i)||/||b|| 7.2145317575193424e-01
53 MLA ||r(i)||/||b|| 6.9528711842270663e-01
54 MLA ||r(i)||/||b|| 6.7099606323851868e-01
55 MLA ||r(i)||/||b|| 6.4858609671976764e-01
56 MLA ||r(i)||/||b|| 6.2805021545703410e-01
57 MLA ||r(i)||/||b|| 6.0936231436059884e-01
58 MLA ||r(i)||/||b|| 5.9247237725825730e-01
59 MLA ||r(i)||/||b|| 5.7730346626603701e-01
60 MLA ||r(i)||/||b|| 5.6375091529982579e-01
61 MLA ||r(i)||/||b|| 5.5168386544591352e-01
62 MLA ||r(i)||/||b|| 5.4094898036678274e-01
63 MLA ||r(i)||/||b|| 5.3137591712025389e-01
64 MLA ||r(i)||/||b|| 5.2278393853352578e-01
65 MLA ||r(i)||/||b|| 5.1498898633141721e-01
66 MLA ||r(i)||/||b|| 5.0781056879491704e-01
67 MLA ||r(i)||/||b|| 5.0107794173635600e-01
68 MLA ||r(i)||/||b|| 4.9463523732566006e-01
69 MLA ||r(i)||/||b|| 4.8834535950559155e-01
70 MLA ||r(i)||/||b|| 4.8209261948743137e-01
71 MLA ||r(i)||/||b|| 4.7578418839334929e-01
72 MLA ||r(i)||/||b|| 4.6935050212950230e-01
73 MLA ||r(i)||/||b|| 4.6274478371964300e-01
74 MLA ||r(i)||/||b|| 4.5594184171171176e-01
75 MLA ||r(i)||/||b|| 4.4893628833434462e-01
76 MLA ||r(i)||/||b|| 4.4174029952657484e-01
77 MLA ||r(i)||/||b|| 4.3438101502689380e-01
78 MLA ||r(i)||/||b|| 4.2689766484078212e-01
79 MLA ||r(i)||/||b|| 4.1933850033994718e-01
80 MLA ||r(i)||/||b|| 4.1175760601791395e-01
81 MLA ||r(i)||/||b|| 4.0421168095912724e-01
82 MLA ||r(i)||/||b|| 3.9675688526333475e-01
83 MLA ||r(i)||/||b|| 3.8944586312993490e-01
84 MLA ||r(i)||/||b|| 3.8232506237101210e-01
85 MLA ||r(i)||/||b|| 3.7543247344494263e-01
86 MLA ||r(i)||/||b|| 3.6879590112341870e-01
87 MLA ||r(i)||/||b|| 3.6243186236397784e-01
88 MLA ||r(i)||/||b|| 3.5634516716638903e-01
89 MLA ||r(i)||/||b|| 3.5052919317158865e-01
90 MLA ||r(i)||/||b|| 3.4496681986649202e-01
91 MLA ||r(i)||/||b|| 3.3963193012140608e-01
92 MLA ||r(i)||/||b|| 3.3449135479635539e-01
93 MLA ||r(i)||/||b|| 3.2950710406960748e-01
94 MLA ||r(i)||/||b|| 3.2463872361403623e-01
95 MLA ||r(i)||/||b|| 3.1984561625081681e-01
96 MLA ||r(i)||/||b|| 3.1508919341788816e-01
97 MLA ||r(i)||/||b|| 3.1033474963471136e-01
98 MLA ||r(i)||/||b|| 3.0555298772304174e-01
99 MLA ||r(i)||/||b|| 3.0072115369935348e-01
100 MLA ||r(i)||/||b|| 2.9582377224768641e-01
101 MLA ||r(i)||/||b|| 2.9085299715250179e-01
102 MLA ||r(i)||/||b|| 2.8580860592923679e-01
103 MLA ||r(i)||/||b|| 2.8069768032866699e-01
104 MLA ||r(i)||/||b|| 2.7553402231680402e-01
105 MLA ||r(i)||/||b|| 2.7033735182993840e-01
106 MLA ||r(i)||/||b|| 2.6513233737513381e-01
107 MLA ||r(i)||/||b|| 2.5994750361659491e-01
108 MLA ||r(i)||/||b|| 2.5481406175511673e-01
109 MLA ||r(i)||/||b|| 2.4976470052259886e-01
110 MLA ||r(i)||/||b|| 2.4483237960267745e-01
111 MLA ||r(i)||/||b|| 2.4004915845249597e-01
112 MLA ||r(i)||/||b|| 2.3544509999107485e-01
113 MLA ||r(i)||/||b|| 2.3104728090025711e-01
114 MLA ||r(i)||/||b|| 2.2687894011334789e-01
115 MLA ||r(i)||/||b|| 2.2295879638625263e-01
116 MLA ||r(i)||/||b|| 2.1930055539655399e-01
117 MLA ||r(i)||/||b|| 2.1591262521845320e-01
118 MLA ||r(i)||/||b|| 2.1279804308425082e-01
119 MLA ||r(i)||/||b|| 2.0995461169462529e-01
120 MLA ||r(i)||/||b|| 2.0737522598745936e-01
121 MLA ||r(i)||/||b|| 2.0504836578176533e-01
122 MLA ||r(i)||/||b|| 2.0295871719393366e-01
123 MLA ||r(i)||/||b|| 2.0108788197534808e-01
124 MLA ||r(i)||/||b|| 1.9941513198640770e-01
125 MLA ||r(i)||/||b|| 1.9791816841533447e-01
126 MLA ||r(i)||/||b|| 1.9657384766792757e-01
127 MLA ||r(i)||/||b|| 1.9535884715727431e-01
128 MLA ||r(i)||/||b|| 1.9425024745662833e-01
129 MLA ||r(i)||/||b|| 1.9322602184807028e-01
130 MLA ||r(i)||/||b|| 1.9226542346924080e-01
131 MLA ||r(i)||/||b|| 1.9134927754065509e-01
132 MLA ||r(i)||/||b|| 1.9046017940249796e-01
133 MLA ||r(i)||/||b|| 1.8958261146880886e-01
134 MLA ||r(i)||/||b|| 1.8870298906092522e-01
135 MLA ||r(i)||/||b|| 1.8780964875287631e-01
136 MLA ||r(i)||/||b|| 1.8689278806398971e-01
137 MLA ||r(i)||/||b|| 1.8594437182134171e-01
138 MLA ||r(i)||/||b|| 1.8495801176096807e-01
139 MLA ||r(i)||/||b|| 1.8392882935515428e-01
140 MLA ||r(i)||/||b|| 1.8285330982682127e-01
141 MLA ||r(i)||/||b|| 1.8172915151395561e-01
142 MLA ||r(i)||/||b|| 1.8055511609738459e-01
143 MLA ||r(i)||/||b|| 1.7933088496339381e-01
144 MLA ||r(i)||/||b|| 1.7805691999112191e-01
145 MLA ||r(i)||/||b|| 1.7673433597117871e-01
146 MLA ||r(i)||/||b|| 1.7536478201206529e-01
147 MLA ||r(i)||/||b|| 1.7395033363915582e-01
148 MLA ||r(i)||/||b|| 1.7249339700132707e-01
149 MLA ||r(i)||/||b|| 1.7099662380395267e-01
150 MLA ||r(i)||/||b|| 1.6946283718852259e-01
151 MLA ||r(i)||/||b|| 1.6789496805458223e-01
152 MLA ||r(i)||/||b|| 1.6629600066949532e-01
153 MLA ||r(i)||/||b|| 1.6466892802498090e-01
154 MLA ||r(i)||/||b|| 1.6301671492339501e-01
155 MLA ||r(i)||/||b|| 1.6134226837982626e-01
156 MLA ||r(i)||/||b|| 1.5964841443124045e-01
157 MLA ||r(i)||/||b|| 1.5793788084389593e-01
158 MLA ||r(i)||/||b|| 1.5621328418711697e-01
159 MLA ||r(i)||/||b|| 1.5447712137793829e-01
160 MLA ||r(i)||/||b|| 1.5273176464757543e-01
161 MLA ||r(i)||/||b|| 1.5097945805964993e-01
162 MLA ||r(i)||/||b|| 1.4922231762864874e-01
163 MLA ||r(i)||/||b|| 1.4746233200849049e-01
164 MLA ||r(i)||/||b|| 1.4570136470606487e-01
165 MLA ||r(i)||/||b|| 1.4394115715681305e-01
166 MLA ||r(i)||/||b|| 1.4218333235019273e-01
167 MLA ||r(i)||/||b|| 1.4042939794213230e-01
168 MLA ||r(i)||/||b|| 1.3868075200857452e-01
169 MLA ||r(i)||/||b|| 1.3693868520686533e-01
170 MLA ||r(i)||/||b|| 1.3520438701446777e-01
171 MLA ||r(i)||/||b|| 1.3347894838748411e-01
172 MLA ||r(i)||/||b|| 1.3176336715432471e-01
173 MLA ||r(i)||/||b|| 1.3005855227761509e-01
174 MLA ||r(i)||/||b|| 1.2836532799440192e-01
175 MLA ||r(i)||/||b|| 1.2668443882483371e-01
176 MLA ||r(i)||/||b|| 1.2501655403581843e-01
177 MLA ||r(i)||/||b|| 1.2336227285808833e-01
178 MLA ||r(i)||/||b|| 1.2172212882491130e-01
179 MLA ||r(i)||/||b|| 1.2009659547379317e-01
180 MLA ||r(i)||/||b|| 1.1848609145330284e-01
181 MLA ||r(i)||/||b|| 1.1689098521385259e-01
182 MLA ||r(i)||/||b|| 1.1531160023888287e-01
183 MLA ||r(i)||/||b|| 1.1374821997862684e-01
184 MLA ||r(i)||/||b|| 1.1220109270125292e-01
185 MLA ||r(i)||/||b|| 1.1067043571204414e-01
186 MLA ||r(i)||/||b|| 1.0915643942891372e-01
187 MLA ||r(i)||/||b|| 1.0765927088833115e-01
188 MLA ||r(i)||/||b|| 1.0617907726454763e-01
189 MLA ||r(i)||/||b|| 1.0471598779534949e-01
190 MLA ||r(i)||/||b|| 1.0327011683713137e-01
191 MLA ||r(i)||/||b|| 1.0184156441670128e-01
192 MLA ||r(i)||/||b|| 1.0043041806229566e-01
193 MLA ||r(i)||/||b|| 9.9036752643729367e-02
194 MLA ||r(i)||/||b|| 9.7660630969324563e-02
195 MLA ||r(i)||/||b|| 9.6302102688933897e-02
196 MLA ||r(i)||/||b|| 9.4961204566036614e-02
197 MLA ||r(i)||/||b|| 9.3637958501879726e-02
198 MLA ||r(i)||/||b|| 9.2332371053686621e-02
199 MLA ||r(i)||/||b|| 9.1044431916025334e-02
200 MLA ||r(i)||/||b|| 8.9774112417513624e-02
201 MLA ||r(i)||/||b|| 8.8521364534103406e-02
202 MLA ||r(i)||/||b|| 8.7286120072747123e-02
203 MLA ||r(i)||/||b|| 8.6068289066293518e-02
204 MLA ||r(i)||/||b|| 8.4867759708573451e-02
205 MLA ||r(i)||/||b|| 8.3684397720036371e-02
206 MLA ||r(i)||/||b|| 8.2518046531099357e-02
207 MLA ||r(i)||/||b|| 8.1368527501399404e-02
208 MLA ||r(i)||/||b|| 8.0235640547695330e-02
209 MLA ||r(i)||/||b|| 7.9119165292072385e-02
210 MLA ||r(i)||/||b|| 7.8018862297412978e-02
211 MLA ||r(i)||/||b|| 7.6934474941543776e-02
212 MLA ||r(i)||/||b|| 7.5865731184262708e-02
213 MLA ||r(i)||/||b|| 7.4812345577011524e-02
214 MLA ||r(i)||/||b|| 7.3774022105408024e-02
215 MLA ||r(i)||/||b|| 7.2750456302324323e-02
216 MLA ||r(i)||/||b|| 7.1741337670380323e-02
217 MLA ||r(i)||/||b|| 7.0746352325249798e-02
218 MLA ||r(i)||/||b|| 6.9765185964492382e-02
219 MLA ||r(i)||/||b|| 6.8797525677489715e-02
220 MLA ||r(i)||/||b|| 6.7843062734040963e-02
221 MLA ||r(i)||/||b|| 6.6901494727141728e-02
222 MLA ||r(i)||/||b|| 6.5972527323216498e-02
223 MLA ||r(i)||/||b|| 6.5055876454416031e-02
224 MLA ||r(i)||/||b|| 6.4151269329168550e-02
225 MLA ||r(i)||/||b|| 6.3258446594594619e-02
226 MLA ||r(i)||/||b|| 6.2377162451678229e-02
227 MLA ||r(i)||/||b|| 6.1507186296790597e-02
228 MLA ||r(i)||/||b|| 6.0648302917686449e-02
229 MLA ||r(i)||/||b|| 5.9800312569639642e-02
230 MLA ||r(i)||/||b|| 5.8963031764699345e-02
231 MLA ||r(i)||/||b|| 5.8136292506870094e-02
232 MLA ||r(i)||/||b|| 5.7319942475199184e-02
233 MLA ||r(i)||/||b|| 5.6513844260078133e-02
234 MLA ||r(i)||/||b|| 5.5717874579894092e-02
235 MLA ||r(i)||/||b|| 5.4931924402245438e-02
236 MLA ||r(i)||/||b|| 5.4155896654312793e-02
237 MLA ||r(i)||/||b|| 5.3389706705702519e-02
238 MLA ||r(i)||/||b|| 5.2633280330049576e-02
239 MLA ||r(i)||/||b|| 5.1886553238788283e-02
240 MLA ||r(i)||/||b|| 5.1149469561209325e-02
241 MLA ||r(i)||/||b|| 5.0421981208122399e-02
242 MLA ||r(i)||/||b|| 4.9704046285431430e-02
243 MLA ||r(i)||/||b|| 4.8995628391751984e-02
244 MLA ||r(i)||/||b|| 4.8296695313745176e-02
245 MLA ||r(i)||/||b|| 4.7607218099227806e-02
246 MLA ||r(i)||/||b|| 4.6927170426417565e-02
247 MLA ||r(i)||/||b|| 4.6256526993281741e-02
248 MLA ||r(i)||/||b|| 4.5595263406726962e-02
249 MLA ||r(i)||/||b|| 4.4943355006867539e-02
250 MLA ||r(i)||/||b|| 4.4300776114556864e-02
251 MLA ||r(i)||/||b|| 4.3667499890447013e-02
252 MLA ||r(i)||/||b|| 4.3043496889589035e-02
253 MLA ||r(i)||/||b|| 4.2428735475354508e-02
254 MLA ||r(i)||/||b|| 4.1823181092852289e-02
255 MLA ||r(i)||/||b|| 4.1226795459899920e-02
256 MLA ||r(i)||/||b|| 4.0639536918366033e-02
257 MLA ||r(i)||/||b|| 4.0061359863545698e-02
258 MLA ||r(i)||/||b|| 3.9492214590250672e-02
259 MLA ||r(i)||/||b|| 3.8932047479808066e-02
260 MLA ||r(i)||/||b|| 3.8380800340970751e-02
261 MLA ||r(i)||/||b|| 3.7838410999502033e-02
262 MLA ||r(i)||/||b|| 3.7304812983297735e-02
263 MLA ||r(i)||/||b|| 3.6779935562390530e-02
264 MLA ||r(i)||/||b|| 3.6263704294166026e-02
265 MLA ||r(i)||/||b|| 3.5756040550839759e-02
266 MLA ||r(i)||/||b|| 3.5256862166316565e-02
267 MLA ||r(i)||/||b|| 3.4766083322617040e-02
268 MLA ||r(i)||/||b|| 3.4283615020651886e-02
269 MLA ||r(i)||/||b|| 3.3809364977509825e-02
270 MLA ||r(i)||/||b|| 3.3343238305472568e-02
271 MLA ||r(i)||/||b|| 3.2885137274370348e-02
272 MLA ||r(i)||/||b|| 3.2434962070745851e-02
273 MLA ||r(i)||/||b|| 3.1992610742653423e-02
274 MLA ||r(i)||/||b|| 3.1557979418190912e-02
275 MLA ||r(i)||/||b|| 3.1130962851561007e-02
276 MLA ||r(i)||/||b|| 3.0711454444897025e-02
277 MLA ||r(i)||/||b|| 3.0299346623888862e-02
278 MLA ||r(i)||/||b|| 2.9894530850066492e-02
279 MLA ||r(i)||/||b|| 2.9496898390726996e-02
280 MLA ||r(i)||/||b|| 2.9106339986841614e-02
281 MLA ||r(i)||/||b|| 2.8722746275402389e-02
282 MLA ||r(i)||/||b|| 2.8346008070841429e-02
283 MLA ||r(i)||/||b|| 2.7976016480570905e-02
284 MLA ||r(i)||/||b|| 2.7612662994962740e-02
285 MLA ||r(i)||/||b|| 2.7255839858098128e-02
286 MLA ||r(i)||/||b|| 2.6905439956569820e-02
287 MLA ||r(i)||/||b|| 2.6561356990522016e-02
288 MLA ||r(i)||/||b|| 2.6223485916247073e-02
289 MLA ||r(i)||/||b|| 2.5891722518260107e-02
290 MLA ||r(i)||/||b|| 2.5565964149993476e-02
291 MLA ||r(i)||/||b|| 2.5246108971707162e-02
292 MLA ||r(i)||/||b|| 2.4932056861744507e-02
293 MLA ||r(i)||/||b|| 2.4623708539397483e-02
294 MLA ||r(i)||/||b|| 2.4320966736196464e-02
295 MLA ||r(i)||/||b|| 2.4023735314242109e-02
296 MLA ||r(i)||/||b|| 2.3731919620836830e-02
297 MLA ||r(i)||/||b|| 2.3445426587973599e-02
298 MLA ||r(i)||/||b|| 2.3164164425527742e-02
299 MLA ||r(i)||/||b|| 2.2888043078707315e-02
300 MLA ||r(i)||/||b|| 2.2616973633277550e-02
301 MLA ||r(i)||/||b|| 2.2350868960442329e-02
302 MLA ||r(i)||/||b|| 2.2089643142307280e-02
303 MLA ||r(i)||/||b|| 2.1833211836233653e-02
304 MLA ||r(i)||/||b|| 2.1581492003643614e-02
305 MLA ||r(i)||/||b|| 2.1334401985245711e-02
306 MLA ||r(i)||/||b|| 2.1091861698889498e-02
307 MLA ||r(i)||/||b|| 2.0853792025665861e-02
308 MLA ||r(i)||/||b|| 2.0620115417466951e-02
309 MLA ||r(i)||/||b|| 2.0390755463178940e-02
310 MLA ||r(i)||/||b|| 2.0165637072683672e-02
311 MLA ||r(i)||/||b|| 1.9944686298561491e-02
312 MLA ||r(i)||/||b|| 1.9727830486250379e-02
313 MLA ||r(i)||/||b|| 1.9514998011301181e-02
314 MLA ||r(i)||/||b|| 1.9306118473244774e-02
315 MLA ||r(i)||/||b|| 1.9101122532116946e-02
316 MLA ||r(i)||/||b|| 1.8899941860973202e-02
317 MLA ||r(i)||/||b|| 1.8702509320556480e-02
318 MLA ||r(i)||/||b|| 1.8508758538421037e-02
319 MLA ||r(i)||/||b|| 1.8318624466759997e-02
320 MLA ||r(i)||/||b|| 1.8132042666936583e-02
321 MLA ||r(i)||/||b|| 1.7948950030362655e-02
322 MLA ||r(i)||/||b|| 1.7769284194372913e-02
323 MLA ||r(i)||/||b|| 1.7592983679389093e-02
324 MLA ||r(i)||/||b|| 1.7419987840977799e-02
325 MLA ||r(i)||/||b|| 1.7250237062465656e-02
326 MLA ||r(i)||/||b|| 1.7083672587425432e-02
327 MLA ||r(i)||/||b|| 1.6920236244482110e-02
328 MLA ||r(i)||/||b|| 1.6759871051082724e-02
329 MLA ||r(i)||/||b|| 1.6602520428896365e-02
330 MLA ||r(i)||/||b|| 1.6448129021658753e-02
331 MLA ||r(i)||/||b|| 1.6296641938474358e-02
332 MLA ||r(i)||/||b|| 1.6148005254471565e-02
333 MLA ||r(i)||/||b|| 1.6002165710224205e-02
334 MLA ||r(i)||/||b|| 1.5859070851593302e-02
335 MLA ||r(i)||/||b|| 1.5718668956535238e-02
336 MLA ||r(i)||/||b|| 1.5580909168791131e-02
337 MLA ||r(i)||/||b|| 1.5445741216681163e-02
338 MLA ||r(i)||/||b|| 1.5313115665301169e-02
339 MLA ||r(i)||/||b|| 1.5182983819902327e-02
340 MLA ||r(i)||/||b|| 1.5055297624468490e-02
341 MLA ||r(i)||/||b|| 1.4930009745923995e-02
342 MLA ||r(i)||/||b|| 1.4807073783040425e-02
343 MLA ||r(i)||/||b|| 1.4686443869547558e-02
344 MLA ||r(i)||/||b|| 1.4568074887135813e-02
345 MLA ||r(i)||/||b|| 1.4451922351091507e-02
346 MLA ||r(i)||/||b|| 1.4337942723828911e-02
347 MLA ||r(i)||/||b|| 1.4226092902295762e-02
348 MLA ||r(i)||/||b|| 1.4116330888408687e-02
349 MLA ||r(i)||/||b|| 1.4008614825033064e-02
350 MLA ||r(i)||/||b|| 1.3902904007545023e-02
351 MLA ||r(i)||/||b|| 1.3799158308034940e-02
352 MLA ||r(i)||/||b|| 1.3697338133390580e-02
353 MLA ||r(i)||/||b|| 1.3597404829569787e-02
354 MLA ||r(i)||/||b|| 1.3499320200702361e-02
355 MLA ||r(i)||/||b|| 1.3403046917439100e-02
356 MLA ||r(i)||/||b|| 1.3308548082193020e-02
357 MLA ||r(i)||/||b|| 1.3215787720156247e-02
358 MLA ||r(i)||/||b|| 1.3124730410284974e-02
359 MLA ||r(i)||/||b|| 1.3035341239705957e-02
360 MLA ||r(i)||/||b|| 1.2947586101456503e-02
361 MLA ||r(i)||/||b|| 1.2861431469938810e-02
362 MLA ||r(i)||/||b|| 1.2776844481340810e-02
363 MLA ||r(i)||/||b|| 1.2693792770638963e-02
364 MLA ||r(i)||/||b|| 1.2612244717790821e-02
365 MLA ||r(i)||/||b|| 1.2532169247242578e-02
366 MLA ||r(i)||/||b|| 1.2453535729039402e-02
367 MLA ||r(i)||/||b|| 1.2376314522623272e-02
368 MLA ||r(i)||/||b|| 1.2300475982768903e-02
369 MLA ||r(i)||/||b|| 1.2225991509329943e-02
370 MLA ||r(i)||/||b|| 1.2152832751468638e-02
371 MLA ||r(i)||/||b|| 1.2080971981920629e-02
372 MLA ||r(i)||/||b|| 1.2010382124373640e-02
373 MLA ||r(i)||/||b|| 1.1941036428055407e-02
374 MLA ||r(i)||/||b|| 1.1872908782438438e-02
375 MLA ||r(i)||/||b|| 1.1805973546190241e-02
376 MLA ||r(i)||/||b|| 1.1740205565884065e-02
377 MLA ||r(i)||/||b|| 1.1675580167455200e-02
378 MLA ||r(i)||/||b|| 1.1612073117776737e-02
379 MLA ||r(i)||/||b|| 1.1549660684287521e-02
380 MLA ||r(i)||/||b|| 1.1488319742394393e-02
381 MLA ||r(i)||/||b|| 1.1428027310342644e-02
382 MLA ||r(i)||/||b|| 1.1368761014805133e-02
383 MLA ||r(i)||/||b|| 1.1310498939884187e-02
384 MLA ||r(i)||/||b|| 1.1253219609626542e-02
385 MLA ||r(i)||/||b|| 1.1196901730026196e-02
386 MLA ||r(i)||/||b|| 1.1141524791862775e-02
387 MLA ||r(i)||/||b|| 1.1087068421959825e-02
388 MLA ||r(i)||/||b|| 1.1033512795195877e-02
389 MLA ||r(i)||/||b|| 1.0980838401419016e-02
390 MLA ||r(i)||/||b|| 1.0929026186386573e-02
391 MLA ||r(i)||/||b|| 1.0878057238493099e-02
392 MLA ||r(i)||/||b|| 1.0827913361875966e-02
393 MLA ||r(i)||/||b|| 1.0778576541571152e-02
394 MLA ||r(i)||/||b|| 1.0730029095290744e-02
395 MLA ||r(i)||/||b|| 1.0682253858962201e-02
396 MLA ||r(i)||/||b|| 1.0635233803967522e-02
397 MLA ||r(i)||/||b|| 1.0588952407642344e-02
398 MLA ||r(i)||/||b|| 1.0543393542292364e-02
399 MLA ||r(i)||/||b|| 1.0498318963525139e-02
400 MLA ||r(i)||/||b|| 1.0454174507491304e-02
401 MLA ||r(i)||/||b|| 1.0410740617202246e-02
402 MLA ||r(i)||/||b|| 1.0367974505402272e-02
403 MLA ||r(i)||/||b|| 1.0325851179377931e-02
404 MLA ||r(i)||/||b|| 1.0284349514374172e-02
405 MLA ||r(i)||/||b|| 1.0243452374129569e-02
406 MLA ||r(i)||/||b|| 1.0203145492239274e-02
407 MLA ||r(i)||/||b|| 1.0163417440464976e-02
408 MLA ||r(i)||/||b|| 1.0124258214211694e-02
409 MLA ||r(i)||/||b|| 1.0085658414045559e-02
410 MLA ||r(i)||/||b|| 1.0047608602648568e-02
411 MLA ||r(i)||/||b|| 1.0010099029569525e-02
412 MLA ||r(i)||/||b|| 9.9731189716697043e-03
413 MLA ||r(i)||/||b|| 9.9366577339829159e-03
414 MLA ||r(i)||/||b|| 9.9007036279590080e-03
415 MLA ||r(i)||/||b|| 9.8652453098213404e-03
416 MLA ||r(i)||/||b|| 9.8302713205566088e-03
417 MLA ||r(i)||/||b|| 9.7957702517683480e-03
418 MLA ||r(i)||/||b|| 9.7617310897602540e-03
419 MLA ||r(i)||/||b|| 9.7281430605535377e-03
420 MLA ||r(i)||/||b|| 9.6949960029469994e-03
421 MLA ||r(i)||/||b|| 9.6622798245197677e-03
422 MLA ||r(i)||/||b|| 9.6299846748748516e-03
423 MLA ||r(i)||/||b|| 9.5981013691176561e-03
424 MLA ||r(i)||/||b|| 9.5666205980546350e-03
425 MLA ||r(i)||/||b|| 9.5355335474878282e-03
426 MLA ||r(i)||/||b|| 9.5048316189207116e-03
427 MLA ||r(i)||/||b|| 9.4745062427618373e-03
428 MLA ||r(i)||/||b|| 9.4445492484594544e-03
429 MLA ||r(i)||/||b|| 9.4149525691568162e-03
430 MLA ||r(i)||/||b|| 9.3857082257867361e-03
431 MLA ||r(i)||/||b|| 9.3568085223254514e-03
432 MLA ||r(i)||/||b|| 9.3282459903805456e-03
433 MLA ||r(i)||/||b|| 9.3000131275182245e-03
434 MLA ||r(i)||/||b|| 9.2721026347775508e-03
435 MLA ||r(i)||/||b|| 9.2445075614332912e-03
436 MLA ||r(i)||/||b|| 9.2172208111541195e-03
437 MLA ||r(i)||/||b|| 9.1902357522266869e-03
438 MLA ||r(i)||/||b|| 9.1635458170069468e-03
439 MLA ||r(i)||/||b|| 9.1371443416783105e-03
440 MLA ||r(i)||/||b|| 9.1110251937345527e-03
441 MLA ||r(i)||/||b|| 9.0851821763270578e-03
442 MLA ||r(i)||/||b|| 9.0596092554513525e-03
443 MLA ||r(i)||/||b|| 9.0343005115323272e-03
444 MLA ||r(i)||/||b|| 9.0092502289466914e-03
445 MLA ||r(i)||/||b|| 8.9844529020370253e-03
446 MLA ||r(i)||/||b|| 8.9599029639192470e-03
447 MLA ||r(i)||/||b|| 8.9355952153986826e-03
448 MLA ||r(i)||/||b|| 8.9115244042794282e-03
449 MLA ||r(i)||/||b|| 8.8876854054996055e-03
450 MLA ||r(i)||/||b|| 8.8640731369513670e-03
451 MLA ||r(i)||/||b|| 8.8406830182455407e-03
452 MLA ||r(i)||/||b|| 8.8175101385565523e-03
453 MLA ||r(i)||/||b|| 8.7945501076401832e-03
454 MLA ||r(i)||/||b|| 8.7717982443820900e-03
455 MLA ||r(i)||/||b|| 8.7492501582774329e-03
456 MLA ||r(i)||/||b|| 8.7269016510309761e-03
457 MLA ||r(i)||/||b|| 8.7047485181903465e-03
458 MLA ||r(i)||/||b|| 8.6827866508493948e-03
459 MLA ||r(i)||/||b|| 8.6610121998962966e-03
460 MLA ||r(i)||/||b|| 8.6394212407045184e-03
461 MLA ||r(i)||/||b|| 8.6180098912892709e-03
462 MLA ||r(i)||/||b|| 8.5967745913966605e-03
463 MLA ||r(i)||/||b|| 8.5757117032283035e-03
464 MLA ||r(i)||/||b|| 8.5548178137619408e-03
465 MLA ||r(i)||/||b|| 8.5340893895008620e-03
466 MLA ||r(i)||/||b|| 8.5135231629937733e-03
467 MLA ||r(i)||/||b|| 8.4931158027604214e-03
468 MLA ||r(i)||/||b|| 8.4728642922105336e-03
469 MLA ||r(i)||/||b|| 8.4527654429987654e-03
470 MLA ||r(i)||/||b|| 8.4328162750781574e-03
471 MLA ||r(i)||/||b|| 8.4130137331196540e-03
472 MLA ||r(i)||/||b|| 8.3933551213157091e-03
473 MLA ||r(i)||/||b|| 8.3738376107698811e-03
474 MLA ||r(i)||/||b|| 8.3544584323901380e-03
475 MLA ||r(i)||/||b|| 8.3352149427887400e-03
476 MLA ||r(i)||/||b|| 8.3161045133597813e-03
477 MLA ||r(i)||/||b|| 8.2971247851950369e-03
478 MLA ||r(i)||/||b|| 8.2782732193791356e-03
479 MLA ||r(i)||/||b|| 8.2595473824040814e-03
480 MLA ||r(i)||/||b|| 8.2409448583486561e-03
481 MLA ||r(i)||/||b|| 8.2224633453121289e-03
482 MLA ||r(i)||/||b|| 8.2041009041147767e-03
483 MLA ||r(i)||/||b|| 8.1858550822661059e-03
484 MLA ||r(i)||/||b|| 8.1677239006937782e-03
485 MLA ||r(i)||/||b|| 8.1497051561960718e-03
486 MLA ||r(i)||/||b|| 8.1317969529721163e-03
487 MLA ||r(i)||/||b|| 8.1139973341241411e-03
488 MLA ||r(i)||/||b|| 8.0963042130592026e-03
489 MLA ||r(i)||/||b|| 8.0787159434207549e-03
490 MLA ||r(i)||/||b|| 8.0612305524275056e-03
491 MLA ||r(i)||/||b|| 8.0438463722929971e-03
492 MLA ||r(i)||/||b|| 8.0265615726061532e-03
493 MLA ||r(i)||/||b|| 8.0093744878988390e-03
494 MLA ||r(i)||/||b|| 7.9922834790586740e-03
495 MLA ||r(i)||/||b|| 7.9752868350986897e-03
496 MLA ||r(i)||/||b|| 7.9583830716141342e-03
497 MLA ||r(i)||/||b|| 7.9415706106546677e-03
498 MLA ||r(i)||/||b|| 7.9248479840509766e-03
499 MLA ||r(i)||/||b|| 7.9082135964856689e-03
500 MLA ||r(i)||/||b|| 7.8916662606545642e-03
501 MLA ||r(i)||/||b|| 7.8752042885980537e-03
502 MLA ||r(i)||/||b|| 7.8588265974031610e-03
503 MLA ||r(i)||/||b|| 7.8425316228672628e-03
504 MLA ||r(i)||/||b|| 7.8263181219776507e-03
505 MLA ||r(i)||/||b|| 7.8101848430376791e-03
506 MLA ||r(i)||/||b|| 7.7941306110396753e-03
507 MLA ||r(i)||/||b|| 7.7781540435983409e-03
508 MLA ||r(i)||/||b|| 7.7622541721617038e-03
509 MLA ||r(i)||/||b|| 7.7464296991765578e-03
510 MLA ||r(i)||/||b|| 7.7306794400152524e-03
511 MLA ||r(i)||/||b|| 7.7150024074828429e-03
512 MLA ||r(i)||/||b|| 7.6993973714351979e-03
513 MLA ||r(i)||/||b|| 7.6838634887723975e-03
514 MLA ||r(i)||/||b|| 7.6683995226515499e-03
515 MLA ||r(i)||/||b|| 7.6530043161231881e-03
516 MLA ||r(i)||/||b|| 7.6376772759909365e-03
517 MLA ||r(i)||/||b|| 7.6224172669464687e-03
518 MLA ||r(i)||/||b|| 7.6072232813570043e-03
519 MLA ||r(i)||/||b|| 7.5920944241327825e-03
520 MLA ||r(i)||/||b|| 7.5770298374354030e-03
521 MLA ||r(i)||/||b|| 7.5620285979819792e-03
522 MLA ||r(i)||/||b|| 7.5470898270201770e-03
523 MLA ||r(i)||/||b|| 7.5322126204864070e-03
524 MLA ||r(i)||/||b|| 7.5173963243081099e-03
525 MLA ||r(i)||/||b|| 7.5026397897284139e-03
526 MLA ||r(i)||/||b|| 7.4879426293929449e-03
527 MLA ||r(i)||/||b|| 7.4733039131319196e-03
528 MLA ||r(i)||/||b|| 7.4587228679473018e-03
529 MLA ||r(i)||/||b|| 7.4441986098490133e-03
530 MLA ||r(i)||/||b|| 7.4297306059914357e-03
531 MLA ||r(i)||/||b|| 7.4153179955709463e-03
532 MLA ||r(i)||/||b|| 7.4009602272741499e-03
533 MLA ||r(i)||/||b|| 7.3866564280167394e-03
534 MLA ||r(i)||/||b|| 7.3724059318228969e-03
535 MLA ||r(i)||/||b|| 7.3582083129113667e-03
536 MLA ||r(i)||/||b|| 7.3440628307722168e-03
537 MLA ||r(i)||/||b|| 7.3299687059012741e-03
538 MLA ||r(i)||/||b|| 7.3159255601558870e-03
539 MLA ||r(i)||/||b|| 7.3019324631786679e-03
540 MLA ||r(i)||/||b|| 7.2879890781751529e-03
541 MLA ||r(i)||/||b|| 7.2740946595717922e-03
542 MLA ||r(i)||/||b|| 7.2602488336486254e-03
543 MLA ||r(i)||/||b|| 7.2464509598168993e-03
544 MLA ||r(i)||/||b|| 7.2327004972783555e-03
545 MLA ||r(i)||/||b|| 7.2189967075661932e-03
546 MLA ||r(i)||/||b|| 7.2053392807499284e-03
547 MLA ||r(i)||/||b|| 7.1917276572873862e-03
548 MLA ||r(i)||/||b|| 7.1781613724766925e-03
549 MLA ||r(i)||/||b|| 7.1646397765623964e-03
550 MLA ||r(i)||/||b|| 7.1511625193483473e-03
551 MLA ||r(i)||/||b|| 7.1377290097000157e-03
552 MLA ||r(i)||/||b|| 7.1243388071492997e-03
553 MLA ||r(i)||/||b|| 7.1109915550261896e-03
554 MLA ||r(i)||/||b|| 7.0976867525793163e-03
555 MLA ||r(i)||/||b|| 7.0844238400680666e-03
556 MLA ||r(i)||/||b|| 7.0712024383321392e-03
557 MLA ||r(i)||/||b|| 7.0580221594559950e-03
558 MLA ||r(i)||/||b|| 7.0448824799789807e-03
559 MLA ||r(i)||/||b|| 7.0317831846100336e-03
560 MLA ||r(i)||/||b|| 7.0187237253746797e-03
561 MLA ||r(i)||/||b|| 7.0057037201586266e-03
562 MLA ||r(i)||/||b|| 6.9927227130955625e-03
563 MLA ||r(i)||/||b|| 6.9797805114597978e-03
564 MLA ||r(i)||/||b|| 6.9668764055574664e-03
565 MLA ||r(i)||/||b|| 6.9540102794972301e-03
566 MLA ||r(i)||/||b|| 6.9411818964941786e-03
567 MLA ||r(i)||/||b|| 6.9283905358713590e-03
568 MLA ||r(i)||/||b|| 6.9156361036036571e-03
569 MLA ||r(i)||/||b|| 6.9029181440773404e-03
570 MLA ||r(i)||/||b|| 6.8902363563285432e-03
571 MLA ||r(i)||/||b|| 6.8775902817874166e-03
572 MLA ||r(i)||/||b|| 6.8649798024562961e-03
573 MLA ||r(i)||/||b|| 6.8524044915718599e-03
574 MLA ||r(i)||/||b|| 6.8398640001763504e-03
575 MLA ||r(i)||/||b|| 6.8273581062977201e-03
576 MLA ||r(i)||/||b|| 6.8148864666160002e-03
577 MLA ||r(i)||/||b|| 6.8024486712107545e-03
578 MLA ||r(i)||/||b|| 6.7900444831141592e-03
579 MLA ||r(i)||/||b|| 6.7776737833438591e-03
580 MLA ||r(i)||/||b|| 6.7653360333000323e-03
581 MLA ||r(i)||/||b|| 6.7530310785143249e-03
582 MLA ||r(i)||/||b|| 6.7407585735238112e-03
583 MLA ||r(i)||/||b|| 6.7285183605508324e-03
584 MLA ||r(i)||/||b|| 6.7163100273731676e-03
585 MLA ||r(i)||/||b|| 6.7041333904981513e-03
586 MLA ||r(i)||/||b|| 6.6919881889837681e-03
587 MLA ||r(i)||/||b|| 6.6798742105575321e-03
588 MLA ||r(i)||/||b|| 6.6677911217741222e-03
589 MLA ||r(i)||/||b|| 6.6557386379175109e-03
590 MLA ||r(i)||/||b|| 6.6437166655011334e-03
591 MLA ||r(i)||/||b|| 6.6317247656614755e-03
592 MLA ||r(i)||/||b|| 6.6197630282992352e-03
593 MLA ||r(i)||/||b|| 6.6078308454420361e-03
594 MLA ||r(i)||/||b|| 6.5959283008623013e-03
595 MLA ||r(i)||/||b|| 6.5840549071473414e-03
596 MLA ||r(i)||/||b|| 6.5722106188319494e-03
597 MLA ||r(i)||/||b|| 6.5603951926406787e-03
598 MLA ||r(i)||/||b|| 6.5486084040227831e-03
599 MLA ||r(i)||/||b|| 6.5368500200473382e-03
600 MLA ||r(i)||/||b|| 6.5251198766663613e-03
601 MLA ||r(i)||/||b|| 6.5134177449662420e-03
602 MLA ||r(i)||/||b|| 6.5017433330288744e-03
603 MLA ||r(i)||/||b|| 6.4900966847345649e-03
604 MLA ||r(i)||/||b|| 6.4784773674817992e-03
605 MLA ||r(i)||/||b|| 6.4668853621514385e-03
606 MLA ||r(i)||/||b|| 6.4553202477892367e-03
607 MLA ||r(i)||/||b|| 6.4437821092463423e-03
608 MLA ||r(i)||/||b|| 6.4322706794203962e-03
609 MLA ||r(i)||/||b|| 6.4207856565626489e-03
610 MLA ||r(i)||/||b|| 6.4093270294277322e-03
611 MLA ||r(i)||/||b|| 6.3978945667351652e-03
612 MLA ||r(i)||/||b|| 6.3864880806144128e-03
613 MLA ||r(i)||/||b|| 6.3751074354029226e-03
614 MLA ||r(i)||/||b|| 6.3637523906676071e-03
615 MLA ||r(i)||/||b|| 6.3524228432941384e-03
616 MLA ||r(i)||/||b|| 6.3411186736898866e-03
617 MLA ||r(i)||/||b|| 6.3298396374423293e-03
618 MLA ||r(i)||/||b|| 6.3185855883500378e-03
619 MLA ||r(i)||/||b|| 6.3073565228400266e-03
620 MLA ||r(i)||/||b|| 6.2961520639739305e-03
621 MLA ||r(i)||/||b|| 6.2849721639460926e-03
622 MLA ||r(i)||/||b|| 6.2738168575642624e-03
623 MLA ||r(i)||/||b|| 6.2626857589397232e-03
624 MLA ||r(i)||/||b|| 6.2515787959267653e-03
625 MLA ||r(i)||/||b|| 6.2404958127668768e-03
626 MLA ||r(i)||/||b|| 6.2294366388434700e-03
627 MLA ||r(i)||/||b|| 6.2184013500836488e-03
628 MLA ||r(i)||/||b|| 6.2073896107106034e-03
629 MLA ||r(i)||/||b|| 6.1964013137764187e-03
630 MLA ||r(i)||/||b|| 6.1854363711347851e-03
631 MLA ||r(i)||/||b|| 6.1744946956254522e-03
632 MLA ||r(i)||/||b|| 6.1635760171227221e-03
633 MLA ||r(i)||/||b|| 6.1526802600641636e-03
634 MLA ||r(i)||/||b|| 6.1418075779757090e-03
635 MLA ||r(i)||/||b|| 6.1309574074863314e-03
636 MLA ||r(i)||/||b|| 6.1201299389285436e-03
637 MLA ||r(i)||/||b|| 6.1093249429237549e-03
638 MLA ||r(i)||/||b|| 6.0985424255820472e-03
639 MLA ||r(i)||/||b|| 6.0877820395358216e-03
640 MLA ||r(i)||/||b|| 6.0770438266466156e-03
641 MLA ||r(i)||/||b|| 6.0663277822402880e-03
642 MLA ||r(i)||/||b|| 6.0556336149321420e-03
643 MLA ||r(i)||/||b|| 6.0449613310888080e-03
644 MLA ||r(i)||/||b|| 6.0343107685166420e-03
645 MLA ||r(i)||/||b|| 6.0236818004588003e-03
646 MLA ||r(i)||/||b|| 6.0130743708583911e-03
647 MLA ||r(i)||/||b|| 6.0024883814123577e-03
648 MLA ||r(i)||/||b|| 5.9919237745361268e-03
649 MLA ||r(i)||/||b|| 5.9813802303781095e-03
650 MLA ||r(i)||/||b|| 5.9708579511189757e-03
651 MLA ||r(i)||/||b|| 5.9603566799050238e-03
652 MLA ||r(i)||/||b|| 5.9498763586507521e-03
653 MLA ||r(i)||/||b|| 5.9394168829398526e-03
654 MLA ||r(i)||/||b|| 5.9289781031861503e-03
655 MLA ||r(i)||/||b|| 5.9185600596970422e-03
656 MLA ||r(i)||/||b|| 5.9081628343533935e-03
657 MLA ||r(i)||/||b|| 5.8977858460769212e-03
658 MLA ||r(i)||/||b|| 5.8874293013013888e-03
659 MLA ||r(i)||/||b|| 5.8770931552493411e-03
660 MLA ||r(i)||/||b|| 5.8667772445014496e-03
661 MLA ||r(i)||/||b|| 5.8564814657877705e-03
662 MLA ||r(i)||/||b|| 5.8462057794498494e-03
663 MLA ||r(i)||/||b|| 5.8359501557934054e-03
664 MLA ||r(i)||/||b|| 5.8257143752536980e-03
665 MLA ||r(i)||/||b|| 5.8154985038540580e-03
666 MLA ||r(i)||/||b|| 5.8053023907659465e-03
667 MLA ||r(i)||/||b|| 5.7951259880872942e-03
668 MLA ||r(i)||/||b|| 5.7849691694605836e-03
669 MLA ||r(i)||/||b|| 5.7748319375336950e-03
670 MLA ||r(i)||/||b|| 5.7647140696825494e-03
671 MLA ||r(i)||/||b|| 5.7546156561125968e-03
672 MLA ||r(i)||/||b|| 5.7445367035476704e-03
673 MLA ||r(i)||/||b|| 5.7344768847286086e-03
674 MLA ||r(i)||/||b|| 5.7244363417949373e-03
675 MLA ||r(i)||/||b|| 5.7144147756794236e-03
676 MLA ||r(i)||/||b|| 5.7044124463973772e-03
677 MLA ||r(i)||/||b|| 5.6944289548709571e-03
678 MLA ||r(i)||/||b|| 5.6844644683164240e-03
679 MLA ||r(i)||/||b|| 5.6745188416898948e-03
680 MLA ||r(i)||/||b|| 5.6645919986004854e-03
681 MLA ||r(i)||/||b|| 5.6546838391037003e-03
682 MLA ||r(i)||/||b|| 5.6447943667896263e-03
683 MLA ||r(i)||/||b|| 5.6349235495784461e-03
684 MLA ||r(i)||/||b|| 5.6250713105973011e-03
685 MLA ||r(i)||/||b|| 5.6152374550460854e-03
686 MLA ||r(i)||/||b|| 5.6054219600555422e-03
687 MLA ||r(i)||/||b|| 5.5956251101128016e-03
688 MLA ||r(i)||/||b|| 5.5858463136075525e-03
689 MLA ||r(i)||/||b|| 5.5760857646807620e-03
690 MLA ||r(i)||/||b|| 5.5663435693418693e-03
691 MLA ||r(i)||/||b|| 5.5566194217599053e-03
692 MLA ||r(i)||/||b|| 5.5469134576797748e-03
693 MLA ||r(i)||/||b|| 5.5372254124835922e-03
694 MLA ||r(i)||/||b|| 5.5275553114206054e-03
695 MLA ||r(i)||/||b|| 5.5179031498632210e-03
696 MLA ||r(i)||/||b|| 5.5082689059042945e-03
697 MLA ||r(i)||/||b|| 5.4986524906355146e-03
698 MLA ||r(i)||/||b|| 5.4890536912698190e-03
699 MLA ||r(i)||/||b|| 5.4794728411556946e-03
700 MLA ||r(i)||/||b|| 5.4699094942272115e-03
701 MLA ||r(i)||/||b|| 5.4603637387854705e-03
702 MLA ||r(i)||/||b|| 5.4508355761052263e-03
703 MLA ||r(i)||/||b|| 5.4413248671713816e-03
704 MLA ||r(i)||/||b|| 5.4318318359510287e-03
705 MLA ||r(i)||/||b|| 5.4223559933261316e-03
706 MLA ||r(i)||/||b|| 5.4128976377965949e-03
707 MLA ||r(i)||/||b|| 5.4034565305392393e-03
708 MLA ||r(i)||/||b|| 5.3940327827162607e-03
709 MLA ||r(i)||/||b|| 5.3846262252199417e-03
710 MLA ||r(i)||/||b|| 5.3752368667307048e-03
711 MLA ||r(i)||/||b|| 5.3658645565635293e-03
712 MLA ||r(i)||/||b|| 5.3565094549502170e-03
713 MLA ||r(i)||/||b|| 5.3471712397885679e-03
714 MLA ||r(i)||/||b|| 5.3378501241598680e-03
715 MLA ||r(i)||/||b|| 5.3285460299652360e-03
716 MLA ||r(i)||/||b|| 5.3192588546801620e-03
717 MLA ||r(i)||/||b|| 5.3099884211489385e-03
718 MLA ||r(i)||/||b|| 5.3007349808475547e-03
719 MLA ||r(i)||/||b|| 5.2914982859825193e-03
720 MLA ||r(i)||/||b|| 5.2822783064883187e-03
721 MLA ||r(i)||/||b|| 5.2730750524998165e-03
722 MLA ||r(i)||/||b|| 5.2638884412979587e-03
723 MLA ||r(i)||/||b|| 5.2547184871591804e-03
724 MLA ||r(i)||/||b|| 5.2455651036513304e-03
725 MLA ||r(i)||/||b|| 5.2364283410875952e-03
726 MLA ||r(i)||/||b|| 5.2273081114997347e-03
727 MLA ||r(i)||/||b|| 5.2182042020475685e-03
728 MLA ||r(i)||/||b|| 5.2091168973051553e-03
729 MLA ||r(i)||/||b|| 5.2000458720116109e-03
730 MLA ||r(i)||/||b|| 5.1909912388146138e-03
731 MLA ||r(i)||/||b|| 5.1819529696568887e-03
732 MLA ||r(i)||/||b|| 5.1729309566572656e-03
733 MLA ||r(i)||/||b|| 5.1639251336720662e-03
734 MLA ||r(i)||/||b|| 5.1549357428255877e-03
735 MLA ||r(i)||/||b|| 5.1459623659931165e-03
736 MLA ||r(i)||/||b|| 5.1370051215372647e-03
737 MLA ||r(i)||/||b|| 5.1280639506037905e-03
738 MLA ||r(i)||/||b|| 5.1191391030133383e-03
739 MLA ||r(i)||/||b|| 5.1102300432305046e-03
740 MLA ||r(i)||/||b|| 5.1013371211542837e-03
741 MLA ||r(i)||/||b|| 5.0924600162167736e-03
742 MLA ||r(i)||/||b|| 5.0835990937490565e-03
743 MLA ||r(i)||/||b|| 5.0747539262311131e-03
744 MLA ||r(i)||/||b|| 5.0659246333585317e-03
745 MLA ||r(i)||/||b|| 5.0571112158247465e-03
746 MLA ||r(i)||/||b|| 5.0483135412205324e-03
747 MLA ||r(i)||/||b|| 5.0395317716047435e-03
748 MLA ||r(i)||/||b|| 5.0307657137642408e-03
749 MLA ||r(i)||/||b|| 5.0220152157892765e-03
750 MLA ||r(i)||/||b|| 5.0132805920862734e-03
751 MLA ||r(i)||/||b|| 5.0045615639031787e-03
752 MLA ||r(i)||/||b|| 4.9958580841964377e-03
753 MLA ||r(i)||/||b|| 4.9871702455545844e-03
754 MLA ||r(i)||/||b|| 4.9784979110340669e-03
755 MLA ||r(i)||/||b|| 4.9698411154473921e-03
756 MLA ||r(i)||/||b|| 4.9611998433084191e-03
757 MLA ||r(i)||/||b|| 4.9525740116066657e-03
758 MLA ||r(i)||/||b|| 4.9439636035585816e-03
759 MLA ||r(i)||/||b|| 4.9353687388569061e-03
760 MLA ||r(i)||/||b|| 4.9267891139154396e-03
761 MLA ||r(i)||/||b|| 4.9182247877983844e-03
762 MLA ||r(i)||/||b|| 4.9096759193392710e-03
763 MLA ||r(i)||/||b|| 4.9011423138521238e-03
764 MLA ||r(i)||/||b|| 4.8926239429091531e-03
765 MLA ||r(i)||/||b|| 4.8841207414713631e-03
766 MLA ||r(i)||/||b|| 4.8756329244404560e-03
767 MLA ||r(i)||/||b|| 4.8671601057356344e-03
768 MLA ||r(i)||/||b|| 4.8587024599103593e-03
769 MLA ||r(i)||/||b|| 4.8502600461992010e-03
770 MLA ||r(i)||/||b|| 4.8418325858414751e-03
771 MLA ||r(i)||/||b|| 4.8334204117878414e-03
772 MLA ||r(i)||/||b|| 4.8250231211363556e-03
773 MLA ||r(i)||/||b|| 4.8166409703316471e-03
774 MLA ||r(i)||/||b|| 4.8082736861120128e-03
775 MLA ||r(i)||/||b|| 4.7999214136193354e-03
776 MLA ||r(i)||/||b|| 4.7915840206513545e-03
777 MLA ||r(i)||/||b|| 4.7832615497072932e-03
778 MLA ||r(i)||/||b|| 4.7749540451285360e-03
779 MLA ||r(i)||/||b|| 4.7666612600584281e-03
780 MLA ||r(i)||/||b|| 4.7583833823214025e-03
781 MLA ||r(i)||/||b|| 4.7501202648782175e-03
782 MLA ||r(i)||/||b|| 4.7418719859109119e-03
783 MLA ||r(i)||/||b|| 4.7336385167979370e-03
784 MLA ||r(i)||/||b|| 4.7254196771153662e-03
785 MLA ||r(i)||/||b|| 4.7172156484472155e-03
786 MLA ||r(i)||/||b|| 4.7090261261455426e-03
787 MLA ||r(i)||/||b|| 4.7008514138811236e-03
788 MLA ||r(i)||/||b|| 4.6926912634740739e-03
789 MLA ||r(i)||/||b|| 4.6845457463289561e-03
790 MLA ||r(i)||/||b|| 4.6764148030489080e-03
791 MLA ||r(i)||/||b|| 4.6682984637223717e-03
792 MLA ||r(i)||/||b|| 4.6601965820399693e-03
793 MLA ||r(i)||/||b|| 4.6521092547492518e-03
794 MLA ||r(i)||/||b|| 4.6440363700093875e-03
795 MLA ||r(i)||/||b|| 4.6359780321110896e-03
796 MLA ||r(i)||/||b|| 4.6279339695490659e-03
797 MLA ||r(i)||/||b|| 4.6199045215723723e-03
798 MLA ||r(i)||/||b|| 4.6118893173118305e-03
799 MLA ||r(i)||/||b|| 4.6038884978859655e-03
800 MLA ||r(i)||/||b|| 4.5959021131013415e-03
801 MLA ||r(i)||/||b|| 4.5879300175474935e-03
802 MLA ||r(i)||/||b|| 4.5799720954312504e-03
803 MLA ||r(i)||/||b|| 4.5720285322714740e-03
804 MLA ||r(i)||/||b|| 4.5640992511201883e-03
805 MLA ||r(i)||/||b|| 4.5561841579899601e-03
806 MLA ||r(i)||/||b|| 4.5482833021496900e-03
807 MLA ||r(i)||/||b|| 4.5403966494674784e-03
808 MLA ||r(i)||/||b|| 4.5325241332150263e-03
809 MLA ||r(i)||/||b|| 4.5246657071592164e-03
810 MLA ||r(i)||/||b|| 4.5168213758930726e-03
811 MLA ||r(i)||/||b|| 4.5089912417590411e-03
812 MLA ||r(i)||/||b|| 4.5011751179924531e-03
813 MLA ||r(i)||/||b|| 4.4933730229388420e-03
814 MLA ||r(i)||/||b|| 4.4855850023190211e-03
815 MLA ||r(i)||/||b|| 4.4778109846144182e-03
816 MLA ||r(i)||/||b|| 4.4700508502985787e-03
817 MLA ||r(i)||/||b|| 4.4623048018989407e-03
818 MLA ||r(i)||/||b|| 4.4545726702660514e-03
819 MLA ||r(i)||/||b|| 4.4468544951855602e-03
820 MLA ||r(i)||/||b|| 4.4391500998746903e-03
821 MLA ||r(i)||/||b|| 4.4314595094023142e-03
822 MLA ||r(i)||/||b|| 4.4237830358954374e-03
823 MLA ||r(i)||/||b|| 4.4161201839001589e-03
824 MLA ||r(i)||/||b|| 4.4084711917662207e-03
825 MLA ||r(i)||/||b|| 4.4008359837503230e-03
826 MLA ||r(i)||/||b|| 4.3932145495098234e-03
827 MLA ||r(i)||/||b|| 4.3856069107325313e-03
828 MLA ||r(i)||/||b|| 4.3780129798790257e-03
829 MLA ||r(i)||/||b|| 4.3704326157075792e-03
830 MLA ||r(i)||/||b|| 4.3628660687295923e-03
831 MLA ||r(i)||/||b|| 4.3553131828128217e-03
832 MLA ||r(i)||/||b|| 4.3477738829003779e-03
833 MLA ||r(i)||/||b|| 4.3402482015731771e-03
834 MLA ||r(i)||/||b|| 4.3327360355366537e-03
835 MLA ||r(i)||/||b|| 4.3252375373836593e-03
836 MLA ||r(i)||/||b|| 4.3177526686036076e-03
837 MLA ||r(i)||/||b|| 4.3102811850793763e-03
838 MLA ||r(i)||/||b|| 4.3028233443020572e-03
839 MLA ||r(i)||/||b|| 4.2953789320681864e-03
840 MLA ||r(i)||/||b|| 4.2879480552209604e-03
841 MLA ||r(i)||/||b|| 4.2805305990487501e-03
842 MLA ||r(i)||/||b|| 4.2731265968103489e-03
843 MLA ||r(i)||/||b|| 4.2657359079757264e-03
844 MLA ||r(i)||/||b|| 4.2583586429457360e-03
845 MLA ||r(i)||/||b|| 4.2509948079578795e-03
846 MLA ||r(i)||/||b|| 4.2436442087887974e-03
847 MLA ||r(i)||/||b|| 4.2363071086280813e-03
848 MLA ||r(i)||/||b|| 4.2289831877855158e-03
849 MLA ||r(i)||/||b|| 4.2216726193364017e-03
850 MLA ||r(i)||/||b|| 4.2143752973471081e-03
851 MLA ||r(i)||/||b|| 4.2070912120767915e-03
852 MLA ||r(i)||/||b|| 4.1998203332685594e-03
853 MLA ||r(i)||/||b|| 4.1925627256768593e-03
854 MLA ||r(i)||/||b|| 4.1853182857650561e-03
855 MLA ||r(i)||/||b|| 4.1780869297189573e-03
856 MLA ||r(i)||/||b|| 4.1708688778870975e-03
857 MLA ||r(i)||/||b|| 4.1636638707545732e-03
858 MLA ||r(i)||/||b|| 4.1564719185682988e-03
859 MLA ||r(i)||/||b|| 4.1492931573289321e-03
860 MLA ||r(i)||/||b|| 4.1421274221809861e-03
861 MLA ||r(i)||/||b|| 4.1349748337321827e-03
862 MLA ||r(i)||/||b|| 4.1278351526760201e-03
863 MLA ||r(i)||/||b|| 4.1207085128282936e-03
864 MLA ||r(i)||/||b|| 4.1135948871887573e-03
865 MLA ||r(i)||/||b|| 4.1064941729546858e-03
866 MLA ||r(i)||/||b|| 4.0994063971511365e-03
867 MLA ||r(i)||/||b|| 4.0923316657745660e-03
868 MLA ||r(i)||/||b|| 4.0852697436668866e-03
869 MLA ||r(i)||/||b|| 4.0782207162683428e-03
870 MLA ||r(i)||/||b|| 4.0711846352004697e-03
871 MLA ||r(i)||/||b|| 4.0641613173533087e-03
872 MLA ||r(i)||/||b|| 4.0571508112407211e-03
873 MLA ||r(i)||/||b|| 4.0501531549195753e-03
874 MLA ||r(i)||/||b|| 4.0431683612151565e-03
875 MLA ||r(i)||/||b|| 4.0361962736036386e-03
876 MLA ||r(i)||/||b|| 4.0292370582028624e-03
877 MLA ||r(i)||/||b|| 4.0222904494686060e-03
878 MLA ||r(i)||/||b|| 4.0153565874299132e-03
879 MLA ||r(i)||/||b|| 4.0084354145691822e-03
880 MLA ||r(i)||/||b|| 4.0015269194628132e-03
881 MLA ||r(i)||/||b|| 3.9946312111879753e-03
882 MLA ||r(i)||/||b|| 3.9877479468967110e-03
883 MLA ||r(i)||/||b|| 3.9808774289871703e-03
884 MLA ||r(i)||/||b|| 3.9740194667221779e-03
885 MLA ||r(i)||/||b|| 3.9671740531173642e-03
886 MLA ||r(i)||/||b|| 3.9603412913189551e-03
887 MLA ||r(i)||/||b|| 3.9535210834827665e-03
888 MLA ||r(i)||/||b|| 3.9467133791036861e-03
889 MLA ||r(i)||/||b|| 3.9399181125062107e-03
890 MLA ||r(i)||/||b|| 3.9331353572074935e-03
891 MLA ||r(i)||/||b|| 3.9263650537460677e-03
892 MLA ||r(i)||/||b|| 3.9196071744280747e-03
893 MLA ||r(i)||/||b|| 3.9128618662470395e-03
894 MLA ||r(i)||/||b|| 3.9061288256731913e-03
895 MLA ||r(i)||/||b|| 3.8994082744039918e-03
896 MLA ||r(i)||/||b|| 3.8927000643485944e-03
897 MLA ||r(i)||/||b|| 3.8860041669005647e-03
898 MLA ||r(i)||/||b|| 3.8793206247826587e-03
899 MLA ||r(i)||/||b|| 3.8726494196992278e-03
900 MLA ||r(i)||/||b|| 3.8659905252304487e-03
901 MLA ||r(i)||/||b|| 3.8593438744881376e-03
902 MLA ||r(i)||/||b|| 3.8527094556571472e-03
903 MLA ||r(i)||/||b|| 3.8460873424641540e-03
904 MLA ||r(i)||/||b|| 3.8394773680715337e-03
905 MLA ||r(i)||/||b|| 3.8328797031247962e-03
906 MLA ||r(i)||/||b|| 3.8262941985809386e-03
907 MLA ||r(i)||/||b|| 3.8197209017188437e-03
908 MLA ||r(i)||/||b|| 3.8131596481930305e-03
909 MLA ||r(i)||/||b|| 3.8066105738150014e-03
910 MLA ||r(i)||/||b|| 3.8000736107317071e-03
911 MLA ||r(i)||/||b|| 3.7935486566774913e-03
912 MLA ||r(i)||/||b|| 3.7870358286668788e-03
913 MLA ||r(i)||/||b|| 3.7805351045195131e-03
914 MLA ||r(i)||/||b|| 3.7740463399835076e-03
915 MLA ||r(i)||/||b|| 3.7675696389486931e-03
916 MLA ||r(i)||/||b|| 3.7611049556999852e-03
917 MLA ||r(i)||/||b|| 3.7546521517739062e-03
918 MLA ||r(i)||/||b|| 3.7482112937654104e-03
919 MLA ||r(i)||/||b|| 3.7417825411259205e-03
920 MLA ||r(i)||/||b|| 3.7353656603080934e-03
921 MLA ||r(i)||/||b|| 3.7289605564193610e-03
922 MLA ||r(i)||/||b|| 3.7225674503825077e-03
923 MLA ||r(i)||/||b|| 3.7161861750863896e-03
924 MLA ||r(i)||/||b|| 3.7098168474557964e-03
925 MLA ||r(i)||/||b|| 3.7034592016944533e-03
926 MLA ||r(i)||/||b|| 3.6971134889025922e-03
927 MLA ||r(i)||/||b|| 3.6907795427246130e-03
928 MLA ||r(i)||/||b|| 3.6844573601324268e-03
929 MLA ||r(i)||/||b|| 3.6781469238094753e-03
930 MLA ||r(i)||/||b|| 3.6718482790880276e-03
931 MLA ||r(i)||/||b|| 3.6655611630463350e-03
932 MLA ||r(i)||/||b|| 3.6592859375404433e-03
933 MLA ||r(i)||/||b|| 3.6530224495137848e-03
934 MLA ||r(i)||/||b|| 3.6467704735202969e-03
935 MLA ||r(i)||/||b|| 3.6405302062328584e-03
936 MLA ||r(i)||/||b|| 3.6343015143180156e-03
937 MLA ||r(i)||/||b|| 3.6280845878596006e-03
938 MLA ||r(i)||/||b|| 3.6218790763314062e-03
939 MLA ||r(i)||/||b|| 3.6156851419307007e-03
940 MLA ||r(i)||/||b|| 3.6095029232340887e-03
941 MLA ||r(i)||/||b|| 3.6033320329233345e-03
942 MLA ||r(i)||/||b|| 3.5971728232465309e-03
943 MLA ||r(i)||/||b|| 3.5910251539081599e-03
944 MLA ||r(i)||/||b|| 3.5848887547267590e-03
945 MLA ||r(i)||/||b|| 3.5787639044435695e-03
946 MLA ||r(i)||/||b|| 3.5726505512372209e-03
947 MLA ||r(i)||/||b|| 3.5665487470567065e-03
948 MLA ||r(i)||/||b|| 3.5604581786285680e-03
949 MLA ||r(i)||/||b|| 3.5543790000131981e-03
950 MLA ||r(i)||/||b|| 3.5483112491538158e-03
951 MLA ||r(i)||/||b|| 3.5422548674182248e-03
952 MLA ||r(i)||/||b|| 3.5362098003883895e-03
953 MLA ||r(i)||/||b|| 3.5301760457569506e-03
954 MLA ||r(i)||/||b|| 3.5241535714386975e-03
955 MLA ||r(i)||/||b|| 3.5181423995267898e-03
956 MLA ||r(i)||/||b|| 3.5121425419185814e-03
957 MLA ||r(i)||/||b|| 3.5061538721186851e-03
958 MLA ||r(i)||/||b|| 3.5001764925265046e-03
959 MLA ||r(i)||/||b|| 3.4942102573841706e-03
960 MLA ||r(i)||/||b|| 3.4882551641648362e-03
961 MLA ||r(i)||/||b|| 3.4823114024082800e-03
962 MLA ||r(i)||/||b|| 3.4763786872929986e-03
963 MLA ||r(i)||/||b|| 3.4704571175737998e-03
964 MLA ||r(i)||/||b|| 3.4645466468558425e-03
965 MLA ||r(i)||/||b|| 3.4586473849853470e-03
966 MLA ||r(i)||/||b|| 3.4527591127079126e-03
967 MLA ||r(i)||/||b|| 3.4468820029971213e-03
968 MLA ||r(i)||/||b|| 3.4410158888224305e-03
969 MLA ||r(i)||/||b|| 3.4351607785088048e-03
970 MLA ||r(i)||/||b|| 3.4293166959637683e-03
971 MLA ||r(i)||/||b|| 3.4234836627725202e-03
972 MLA ||r(i)||/||b|| 3.4176615160131179e-03
973 MLA ||r(i)||/||b|| 3.4118503442069226e-03
974 MLA ||r(i)||/||b|| 3.4060502125633925e-03
975 MLA ||r(i)||/||b|| 3.4002609114378640e-03
976 MLA ||r(i)||/||b|| 3.3944826242137531e-03
977 MLA ||r(i)||/||b|| 3.3887151509405748e-03
978 MLA ||r(i)||/||b|| 3.3829585393130722e-03
979 MLA ||r(i)||/||b|| 3.3772127568315654e-03
980 MLA ||r(i)||/||b|| 3.3714778677562821e-03
981 MLA ||r(i)||/||b|| 3.3657538163083967e-03
982 MLA ||r(i)||/||b|| 3.3600405851356464e-03
983 MLA ||r(i)||/||b|| 3.3543380968050094e-03
984 MLA ||r(i)||/||b|| 3.3486463383414614e-03
985 MLA ||r(i)||/||b|| 3.3429653972908077e-03
986 MLA ||r(i)||/||b|| 3.3372951132828272e-03
987 MLA ||r(i)||/||b|| 3.3316355466962953e-03
988 MLA ||r(i)||/||b|| 3.3259866616583830e-03
989 MLA ||r(i)||/||b|| 3.3203485601632299e-03
990 MLA ||r(i)||/||b|| 3.3147210244501750e-03
991 MLA ||r(i)||/||b|| 3.3091042095734738e-03
992 MLA ||r(i)||/||b|| 3.3034980216488600e-03
993 MLA ||r(i)||/||b|| 3.2979023607753871e-03
994 MLA ||r(i)||/||b|| 3.2923173642734013e-03
995 MLA ||r(i)||/||b|| 3.2867429638295193e-03
996 MLA ||r(i)||/||b|| 3.2811790446008095e-03
997 MLA ||r(i)||/||b|| 3.2756257123221144e-03
998 MLA ||r(i)||/||b|| 3.2700829210341974e-03
999 MLA ||r(i)||/||b|| 3.2645505389760376e-03
1000 MLA ||r(i)||/||b|| 3.2590286813916941e-03
>>>> solve time: 67.2846 (s)
>>>> ksp solve time: 0.16029 (s)
            || b ||_2 = 3.6456789914864118e-01
|| r ||_2 / || b ||_2 = 2.8848039306212900e+01
