Config file: ../input/config/mla_v_cycle-refine3.json
order_rbm = 2
angle_type = 1
==== basic information of linear system ====
matrix Row = 73482, matrix Column = 73482
matrix nz_allocated = 1513726, matrix nz_used = 1513726, matrix nz_unneeded = 0
vector Row = 73482
initial     || b ||_2 = 3.6456789914864118e-01
in level 1:
in level 2:
in level 3:
nodes in level 3 (coarse) is 47, less than 100, setup done!
>>>> setup time: 0.947972 (s)
0 MLA ||r(i)||/||b|| 1.0000000000000000e+00
1 MLA ||r(i)||/||b|| 1.3463580647212150e+00
2 MLA ||r(i)||/||b|| 1.4398364266593500e+00
3 MLA ||r(i)||/||b|| 4.3080556079446728e+00
4 MLA ||r(i)||/||b|| 6.9600515072377878e+00
5 MLA ||r(i)||/||b|| 7.1487782459131637e+00
6 MLA ||r(i)||/||b|| 7.0910717262758771e+00
7 MLA ||r(i)||/||b|| 6.7162002143437691e+00
8 MLA ||r(i)||/||b|| 6.0578812096867098e+00
9 MLA ||r(i)||/||b|| 5.2416904171739898e+00
10 MLA ||r(i)||/||b|| 4.5235241936299690e+00
11 MLA ||r(i)||/||b|| 4.0953016357971128e+00
12 MLA ||r(i)||/||b|| 3.9065229967506334e+00
13 MLA ||r(i)||/||b|| 3.7717557313171639e+00
14 MLA ||r(i)||/||b|| 3.5778231043777700e+00
15 MLA ||r(i)||/||b|| 3.3319562151891033e+00
16 MLA ||r(i)||/||b|| 3.1025646339449824e+00
17 MLA ||r(i)||/||b|| 2.9486275244236686e+00
18 MLA ||r(i)||/||b|| 2.8779993641598889e+00
19 MLA ||r(i)||/||b|| 2.8543742625926796e+00
20 MLA ||r(i)||/||b|| 2.8325080551152633e+00
21 MLA ||r(i)||/||b|| 2.7830666496981400e+00
22 MLA ||r(i)||/||b|| 2.6964293789105684e+00
23 MLA ||r(i)||/||b|| 2.5761128633621810e+00
24 MLA ||r(i)||/||b|| 2.4313231239881490e+00
25 MLA ||r(i)||/||b|| 2.2720552073889135e+00
26 MLA ||r(i)||/||b|| 2.1068438850711924e+00
27 MLA ||r(i)||/||b|| 1.9422173942051306e+00
28 MLA ||r(i)||/||b|| 1.7828887531799238e+00
29 MLA ||r(i)||/||b|| 1.6321505024076710e+00
30 MLA ||r(i)||/||b|| 1.4918602283560478e+00
31 MLA ||r(i)||/||b|| 1.3629747942725063e+00
32 MLA ||r(i)||/||b|| 1.2455600462720282e+00
33 MLA ||r(i)||/||b|| 1.1390554158684587e+00
34 MLA ||r(i)||/||b|| 1.0425531851937335e+00
35 MLA ||r(i)||/||b|| 9.5505190170696708e-01
36 MLA ||r(i)||/||b|| 8.7563164228607149e-01
37 MLA ||r(i)||/||b|| 8.0353017296676010e-01
38 MLA ||r(i)||/||b|| 7.3813995482123596e-01
39 MLA ||r(i)||/||b|| 6.7896074264243378e-01
40 MLA ||r(i)||/||b|| 6.2554404378455541e-01
41 MLA ||r(i)||/||b|| 5.7745085855340517e-01
42 MLA ||r(i)||/||b|| 5.3423187147152129e-01
43 MLA ||r(i)||/||b|| 4.9542728614750448e-01
44 MLA ||r(i)||/||b|| 4.6057818425881386e-01
45 MLA ||r(i)||/||b|| 4.2924236454134240e-01
46 MLA ||r(i)||/||b|| 4.0100650249033920e-01
47 MLA ||r(i)||/||b|| 3.7549755497465737e-01
48 MLA ||r(i)||/||b|| 3.5238469959482310e-01
49 MLA ||r(i)||/||b|| 3.3138023548268514e-01
50 MLA ||r(i)||/||b|| 3.1223757648544281e-01
51 MLA ||r(i)||/||b|| 2.9474837438365742e-01
52 MLA ||r(i)||/||b|| 2.7874093149143281e-01
53 MLA ||r(i)||/||b|| 2.6570395267973407e-01
54 MLA ||r(i)||/||b|| 2.5335369774229421e-01
55 MLA ||r(i)||/||b|| 2.4158521691220075e-01
56 MLA ||r(i)||/||b|| 2.2975939701866535e-01
57 MLA ||r(i)||/||b|| 2.1825788412487521e-01
58 MLA ||r(i)||/||b|| 2.0788851278582013e-01
59 MLA ||r(i)||/||b|| 1.9848813157383768e-01
60 MLA ||r(i)||/||b|| 1.9031625094559859e-01
61 MLA ||r(i)||/||b|| 1.8263733289443235e-01
62 MLA ||r(i)||/||b|| 1.7522298456891902e-01
63 MLA ||r(i)||/||b|| 1.6831823654680059e-01
64 MLA ||r(i)||/||b|| 1.6161503800993324e-01
65 MLA ||r(i)||/||b|| 1.5493158789890613e-01
66 MLA ||r(i)||/||b|| 1.4817694421236735e-01
67 MLA ||r(i)||/||b|| 1.4134493218909089e-01
68 MLA ||r(i)||/||b|| 1.3449948472526399e-01
69 MLA ||r(i)||/||b|| 1.2775589240164112e-01
70 MLA ||r(i)||/||b|| 1.2126946156499306e-01
71 MLA ||r(i)||/||b|| 1.1522045543845209e-01
72 MLA ||r(i)||/||b|| 1.0978501423592914e-01
73 MLA ||r(i)||/||b|| 1.0509713250780180e-01
74 MLA ||r(i)||/||b|| 1.0121523185615910e-01
75 MLA ||r(i)||/||b|| 9.8106714334715475e-02
76 MLA ||r(i)||/||b|| 9.5654182364532145e-02
77 MLA ||r(i)||/||b|| 9.3682050357791050e-02
78 MLA ||r(i)||/||b|| 9.1989696230327225e-02
79 MLA ||r(i)||/||b|| 9.0383342724976098e-02
80 MLA ||r(i)||/||b|| 8.8699728103560763e-02
81 MLA ||r(i)||/||b|| 8.6819648156484103e-02
82 MLA ||r(i)||/||b|| 8.4672687418094875e-02
83 MLA ||r(i)||/||b|| 8.2235546612686047e-02
84 MLA ||r(i)||/||b|| 7.9526180099439375e-02
85 MLA ||r(i)||/||b|| 7.6595548917379214e-02
86 MLA ||r(i)||/||b|| 7.3518191630573812e-02
87 MLA ||r(i)||/||b|| 7.0382378558138323e-02
88 MLA ||r(i)||/||b|| 6.7280421646327790e-02
89 MLA ||r(i)||/||b|| 6.4299530757210177e-02
90 MLA ||r(i)||/||b|| 6.1513858437331863e-02
91 MLA ||r(i)||/||b|| 5.8978239436209834e-02
92 MLA ||r(i)||/||b|| 5.6724379646673664e-02
93 MLA ||r(i)||/||b|| 5.4760010142726759e-02
94 MLA ||r(i)||/||b|| 5.3071149283603729e-02
95 MLA ||r(i)||/||b|| 5.1626922125224892e-02
96 MLA ||r(i)||/||b|| 5.0396143077934233e-02
97 MLA ||r(i)||/||b|| 4.9282845166258103e-02
98 MLA ||r(i)||/||b|| 4.8315439882380913e-02
99 MLA ||r(i)||/||b|| 4.7403764695284886e-02
100 MLA ||r(i)||/||b|| 4.6563722822431632e-02
101 MLA ||r(i)||/||b|| 4.5759345218963257e-02
102 MLA ||r(i)||/||b|| 4.4969095258858123e-02
103 MLA ||r(i)||/||b|| 4.4179398906206369e-02
104 MLA ||r(i)||/||b|| 4.3420748771914132e-02
105 MLA ||r(i)||/||b|| 4.2600430974295216e-02
106 MLA ||r(i)||/||b|| 4.1788245787967540e-02
107 MLA ||r(i)||/||b|| 4.1026378741327536e-02
108 MLA ||r(i)||/||b|| 4.0272602969400884e-02
109 MLA ||r(i)||/||b|| 3.9580679960563948e-02
110 MLA ||r(i)||/||b|| 3.8936982078711269e-02
111 MLA ||r(i)||/||b|| 3.8327513108415423e-02
112 MLA ||r(i)||/||b|| 3.7741815256635121e-02
113 MLA ||r(i)||/||b|| 3.7173104848493559e-02
114 MLA ||r(i)||/||b|| 3.6619405567630957e-02
115 MLA ||r(i)||/||b|| 3.6082620751794747e-02
116 MLA ||r(i)||/||b|| 3.5564475678025100e-02
117 MLA ||r(i)||/||b|| 3.5064420633543307e-02
118 MLA ||r(i)||/||b|| 3.4579770272420332e-02
119 MLA ||r(i)||/||b|| 3.4144485328684325e-02
120 MLA ||r(i)||/||b|| 3.3642386533730861e-02
121 MLA ||r(i)||/||b|| 3.3166160949961630e-02
122 MLA ||r(i)||/||b|| 3.2702206503831183e-02
123 MLA ||r(i)||/||b|| 3.2245129704573737e-02
124 MLA ||r(i)||/||b|| 3.1791273161495513e-02
125 MLA ||r(i)||/||b|| 3.1337587205939217e-02
126 MLA ||r(i)||/||b|| 3.0882354773823104e-02
127 MLA ||r(i)||/||b|| 3.0425834745041038e-02
128 MLA ||r(i)||/||b|| 2.9969796823840718e-02
129 MLA ||r(i)||/||b|| 2.9516613249279278e-02
130 MLA ||r(i)||/||b|| 2.9068648452017679e-02
131 MLA ||r(i)||/||b|| 2.8628054018232887e-02
132 MLA ||r(i)||/||b|| 2.8196760498475890e-02
133 MLA ||r(i)||/||b|| 2.7776522546365763e-02
134 MLA ||r(i)||/||b|| 2.7368926051826278e-02
135 MLA ||r(i)||/||b|| 2.6975353184357849e-02
136 MLA ||r(i)||/||b|| 2.6596929310932573e-02
137 MLA ||r(i)||/||b|| 2.6234497515066482e-02
138 MLA ||r(i)||/||b|| 2.5888584834499469e-02
139 MLA ||r(i)||/||b|| 2.5559403787669032e-02
140 MLA ||r(i)||/||b|| 2.5246866702142108e-02
141 MLA ||r(i)||/||b|| 2.4950613892749902e-02
142 MLA ||r(i)||/||b|| 2.4674009868814187e-02
143 MLA ||r(i)||/||b|| 2.4405366175885426e-02
144 MLA ||r(i)||/||b|| 2.4151880385720012e-02
145 MLA ||r(i)||/||b|| 2.3911926971962819e-02
146 MLA ||r(i)||/||b|| 2.3684517095255979e-02
147 MLA ||r(i)||/||b|| 2.3468526514734366e-02
148 MLA ||r(i)||/||b|| 2.3262735354303298e-02
149 MLA ||r(i)||/||b|| 2.3065906802666805e-02
150 MLA ||r(i)||/||b|| 2.2877150675335679e-02
151 MLA ||r(i)||/||b|| 2.2694710611349464e-02
152 MLA ||r(i)||/||b|| 2.2518122394646366e-02
153 MLA ||r(i)||/||b|| 2.2346514473239636e-02
154 MLA ||r(i)||/||b|| 2.2179165000253596e-02
155 MLA ||r(i)||/||b|| 2.2045175829001493e-02
156 MLA ||r(i)||/||b|| 2.1867013899309500e-02
157 MLA ||r(i)||/||b|| 2.1696508494579894e-02
158 MLA ||r(i)||/||b|| 2.1531109333837631e-02
159 MLA ||r(i)||/||b|| 2.1371244417410427e-02
160 MLA ||r(i)||/||b|| 2.1216986666113706e-02
161 MLA ||r(i)||/||b|| 2.1067435753004803e-02
162 MLA ||r(i)||/||b|| 2.0921475306963807e-02
163 MLA ||r(i)||/||b|| 2.0777882204207600e-02
164 MLA ||r(i)||/||b|| 2.0635653578077614e-02
165 MLA ||r(i)||/||b|| 2.0494074078509526e-02
166 MLA ||r(i)||/||b|| 2.0352723073909659e-02
167 MLA ||r(i)||/||b|| 2.0211478304706546e-02
168 MLA ||r(i)||/||b|| 2.0070407583288364e-02
169 MLA ||r(i)||/||b|| 1.9929741325158325e-02
170 MLA ||r(i)||/||b|| 1.9789780167272751e-02
171 MLA ||r(i)||/||b|| 1.9650962263622070e-02
172 MLA ||r(i)||/||b|| 1.9513161869551585e-02
173 MLA ||r(i)||/||b|| 1.9376826624448080e-02
174 MLA ||r(i)||/||b|| 1.9242071254517979e-02
175 MLA ||r(i)||/||b|| 1.9108950828221786e-02
176 MLA ||r(i)||/||b|| 1.9158308424444433e-02
177 MLA ||r(i)||/||b|| 1.9188959439071819e-02
178 MLA ||r(i)||/||b|| 1.8909629866551956e-02
179 MLA ||r(i)||/||b|| 1.8609433928974926e-02
180 MLA ||r(i)||/||b|| 1.8361519336087193e-02
181 MLA ||r(i)||/||b|| 1.8430815091524892e-02
182 MLA ||r(i)||/||b|| 1.8141396560835247e-02
183 MLA ||r(i)||/||b|| 1.7930675439623546e-02
184 MLA ||r(i)||/||b|| 1.7775870267727516e-02
185 MLA ||r(i)||/||b|| 1.7659525080383827e-02
186 MLA ||r(i)||/||b|| 1.7572724273379858e-02
187 MLA ||r(i)||/||b|| 1.7505138696615147e-02
188 MLA ||r(i)||/||b|| 1.7446205652175945e-02
189 MLA ||r(i)||/||b|| 1.7386507216959533e-02
190 MLA ||r(i)||/||b|| 1.7319436263529730e-02
191 MLA ||r(i)||/||b|| 1.7241268056028200e-02
192 MLA ||r(i)||/||b|| 1.7151218489121389e-02
193 MLA ||r(i)||/||b|| 1.7050783909531460e-02
194 MLA ||r(i)||/||b|| 1.7253356770975361e-02
195 MLA ||r(i)||/||b|| 1.6998395344941349e-02
196 MLA ||r(i)||/||b|| 1.6768365164221682e-02
197 MLA ||r(i)||/||b|| 1.6567950112727360e-02
198 MLA ||r(i)||/||b|| 1.6395223484176467e-02
199 MLA ||r(i)||/||b|| 1.6267366293335528e-02
200 MLA ||r(i)||/||b|| 1.6158174803741862e-02
201 MLA ||r(i)||/||b|| 1.6074218738975361e-02
202 MLA ||r(i)||/||b|| 1.6004919662581430e-02
203 MLA ||r(i)||/||b|| 1.5941793886085791e-02
204 MLA ||r(i)||/||b|| 1.5884051828373141e-02
205 MLA ||r(i)||/||b|| 1.5812249365044377e-02
206 MLA ||r(i)||/||b|| 1.5732848405758917e-02
207 MLA ||r(i)||/||b|| 1.5644772200207890e-02
208 MLA ||r(i)||/||b|| 1.5551511349669922e-02
209 MLA ||r(i)||/||b|| 1.5454405590957293e-02
210 MLA ||r(i)||/||b|| 1.5476143661636603e-02
211 MLA ||r(i)||/||b|| 1.5324959851490964e-02
212 MLA ||r(i)||/||b|| 1.5181857811263548e-02
213 MLA ||r(i)||/||b|| 1.5050165554060883e-02
214 MLA ||r(i)||/||b|| 1.5232980197711183e-02
215 MLA ||r(i)||/||b|| 1.4992387817345286e-02
216 MLA ||r(i)||/||b|| 1.4785381717574531e-02
217 MLA ||r(i)||/||b|| 1.4914583756433198e-02
218 MLA ||r(i)||/||b|| 1.4648325854214082e-02
219 MLA ||r(i)||/||b|| 1.4724811166193822e-02
220 MLA ||r(i)||/||b|| 1.4748180297184114e-02
221 MLA ||r(i)||/||b|| 1.4469271747967109e-02
222 MLA ||r(i)||/||b|| 1.4432000515827166e-02
223 MLA ||r(i)||/||b|| 1.4094466051078525e-02
224 MLA ||r(i)||/||b|| 1.4132329384278202e-02
225 MLA ||r(i)||/||b|| 1.4140043203368809e-02
226 MLA ||r(i)||/||b|| 1.4090357680962321e-02
227 MLA ||r(i)||/||b|| 1.3837518951111136e-02
228 MLA ||r(i)||/||b|| 1.3762706687438656e-02
229 MLA ||r(i)||/||b|| 1.3730319657119532e-02
230 MLA ||r(i)||/||b|| 1.3477603690437604e-02
231 MLA ||r(i)||/||b|| 1.3133215099757494e-02
232 MLA ||r(i)||/||b|| 1.2929363770020814e-02
233 MLA ||r(i)||/||b|| 1.2939448347337602e-02
234 MLA ||r(i)||/||b|| 1.3394951346221585e-02
235 MLA ||r(i)||/||b|| 1.3253315485898833e-02
236 MLA ||r(i)||/||b|| 1.3531715824843972e-02
237 MLA ||r(i)||/||b|| 1.3297102173484612e-02
238 MLA ||r(i)||/||b|| 1.3390458997722345e-02
239 MLA ||r(i)||/||b|| 1.3410265219792787e-02
240 MLA ||r(i)||/||b|| 1.3393750512736261e-02
241 MLA ||r(i)||/||b|| 1.3305747589469600e-02
242 MLA ||r(i)||/||b|| 1.3032011379977858e-02
243 MLA ||r(i)||/||b|| 1.2670584932764165e-02
244 MLA ||r(i)||/||b|| 1.2534029908242064e-02
245 MLA ||r(i)||/||b|| 1.2512481771546491e-02
246 MLA ||r(i)||/||b|| 1.2388002477324833e-02
247 MLA ||r(i)||/||b|| 1.2214522080951255e-02
248 MLA ||r(i)||/||b|| 1.1860683598918903e-02
249 MLA ||r(i)||/||b|| 1.1648856249031336e-02
250 MLA ||r(i)||/||b|| 1.1526022496984180e-02
251 MLA ||r(i)||/||b|| 1.1520007692778823e-02
252 MLA ||r(i)||/||b|| 1.1599440163200745e-02
253 MLA ||r(i)||/||b|| 1.2520304625182296e-02
254 MLA ||r(i)||/||b|| 1.2867262706167778e-02
255 MLA ||r(i)||/||b|| 1.2620755772794312e-02
256 MLA ||r(i)||/||b|| 1.2186171215203901e-02
257 MLA ||r(i)||/||b|| 1.2349609644431245e-02
258 MLA ||r(i)||/||b|| 1.2389671523303735e-02
259 MLA ||r(i)||/||b|| 1.2388111273212359e-02
260 MLA ||r(i)||/||b|| 1.2305713502786959e-02
261 MLA ||r(i)||/||b|| 1.2152848763997260e-02
262 MLA ||r(i)||/||b|| 1.1925903048172410e-02
263 MLA ||r(i)||/||b|| 1.1719315843584471e-02
264 MLA ||r(i)||/||b|| 1.0986271252080401e-02
265 MLA ||r(i)||/||b|| 1.1055306868222496e-02
266 MLA ||r(i)||/||b|| 1.0970284248132308e-02
267 MLA ||r(i)||/||b|| 1.1043078552164187e-02
268 MLA ||r(i)||/||b|| 1.0930901751737046e-02
269 MLA ||r(i)||/||b|| 1.1052627158352153e-02
270 MLA ||r(i)||/||b|| 1.0975579800743101e-02
271 MLA ||r(i)||/||b|| 1.0859028029643385e-02
272 MLA ||r(i)||/||b|| 1.0812860283071071e-02
273 MLA ||r(i)||/||b|| 1.0682024291382375e-02
274 MLA ||r(i)||/||b|| 1.0586977402352022e-02
275 MLA ||r(i)||/||b|| 1.0231995366955812e-02
276 MLA ||r(i)||/||b|| 9.9235996742527786e-03
277 MLA ||r(i)||/||b|| 1.0572112095914214e-02
278 MLA ||r(i)||/||b|| 1.0073757119989578e-02
279 MLA ||r(i)||/||b|| 1.0575735599206040e-02
280 MLA ||r(i)||/||b|| 1.0276295328429478e-02
281 MLA ||r(i)||/||b|| 1.0658848647261989e-02
282 MLA ||r(i)||/||b|| 1.0389574478053713e-02
283 MLA ||r(i)||/||b|| 1.0515199865411268e-02
284 MLA ||r(i)||/||b|| 1.0109101466501312e-02
285 MLA ||r(i)||/||b|| 1.0253256446402455e-02
286 MLA ||r(i)||/||b|| 1.0315604551458779e-02
287 MLA ||r(i)||/||b|| 1.0143333488810182e-02
288 MLA ||r(i)||/||b|| 9.9946819607630213e-03
289 MLA ||r(i)||/||b|| 9.9870381045889713e-03
290 MLA ||r(i)||/||b|| 1.0027648514792771e-02
291 MLA ||r(i)||/||b|| 1.0017715551765317e-02
292 MLA ||r(i)||/||b|| 9.9401205743249108e-03
293 MLA ||r(i)||/||b|| 9.8038534848526680e-03
294 MLA ||r(i)||/||b|| 9.6186997925633549e-03
295 MLA ||r(i)||/||b|| 9.9174671412357914e-03
296 MLA ||r(i)||/||b|| 9.2092136241589441e-03
297 MLA ||r(i)||/||b|| 8.8747111162830478e-03
298 MLA ||r(i)||/||b|| 8.5961518230793389e-03
299 MLA ||r(i)||/||b|| 8.5511622731285764e-03
300 MLA ||r(i)||/||b|| 9.6061858682205577e-03
301 MLA ||r(i)||/||b|| 8.9545565063531233e-03
302 MLA ||r(i)||/||b|| 8.7877102058422554e-03
303 MLA ||r(i)||/||b|| 9.7825513413843015e-03
304 MLA ||r(i)||/||b|| 9.3286449499565549e-03
305 MLA ||r(i)||/||b|| 9.7868450669787860e-03
306 MLA ||r(i)||/||b|| 9.9551447578959257e-03
307 MLA ||r(i)||/||b|| 9.6986246101547283e-03
308 MLA ||r(i)||/||b|| 9.4054476810538357e-03
309 MLA ||r(i)||/||b|| 8.9376497394607415e-03
310 MLA ||r(i)||/||b|| 8.8809564247320453e-03
311 MLA ||r(i)||/||b|| 8.4847582245392832e-03
312 MLA ||r(i)||/||b|| 8.6043318591814723e-03
313 MLA ||r(i)||/||b|| 8.2918661768075046e-03
314 MLA ||r(i)||/||b|| 7.9903860565149702e-03
315 MLA ||r(i)||/||b|| 7.8533761073671920e-03
316 MLA ||r(i)||/||b|| 7.8044554287652846e-03
317 MLA ||r(i)||/||b|| 7.8273349844352243e-03
318 MLA ||r(i)||/||b|| 8.4492001533196543e-03
319 MLA ||r(i)||/||b|| 8.2407974187884703e-03
320 MLA ||r(i)||/||b|| 8.8111523495096634e-03
321 MLA ||r(i)||/||b|| 8.5410284202606917e-03
322 MLA ||r(i)||/||b|| 8.7470008379749425e-03
323 MLA ||r(i)||/||b|| 8.3986604051807540e-03
324 MLA ||r(i)||/||b|| 8.4043247353709580e-03
325 MLA ||r(i)||/||b|| 8.0322107203142853e-03
326 MLA ||r(i)||/||b|| 8.0374408797893974e-03
327 MLA ||r(i)||/||b|| 7.7181728574190573e-03
328 MLA ||r(i)||/||b|| 7.7940781133538960e-03
329 MLA ||r(i)||/||b|| 7.5239455677514342e-03
330 MLA ||r(i)||/||b|| 7.6553251990469882e-03
331 MLA ||r(i)||/||b|| 7.3883470871483233e-03
332 MLA ||r(i)||/||b|| 7.1681674369293473e-03
333 MLA ||r(i)||/||b|| 7.5773653734067699e-03
334 MLA ||r(i)||/||b|| 7.6520308759406210e-03
335 MLA ||r(i)||/||b|| 7.5592722153699820e-03
336 MLA ||r(i)||/||b|| 7.1513629512920873e-03
337 MLA ||r(i)||/||b|| 7.4798148579689420e-03
338 MLA ||r(i)||/||b|| 7.4831425037679882e-03
339 MLA ||r(i)||/||b|| 7.3755732567166461e-03
340 MLA ||r(i)||/||b|| 6.9328814055830282e-03
341 MLA ||r(i)||/||b|| 6.7547176304326361e-03
342 MLA ||r(i)||/||b|| 6.6217985227499986e-03
343 MLA ||r(i)||/||b|| 7.2207243227549699e-03
344 MLA ||r(i)||/||b|| 6.8576601862865320e-03
345 MLA ||r(i)||/||b|| 7.1988217101289758e-03
346 MLA ||r(i)||/||b|| 7.3748182310811308e-03
347 MLA ||r(i)||/||b|| 7.4977800715318602e-03
348 MLA ||r(i)||/||b|| 7.5391476258881672e-03
349 MLA ||r(i)||/||b|| 6.9434562026830446e-03
350 MLA ||r(i)||/||b|| 6.5441870198632238e-03
351 MLA ||r(i)||/||b|| 6.3423369859239775e-03
352 MLA ||r(i)||/||b|| 6.2120013849261083e-03
353 MLA ||r(i)||/||b|| 6.8598643505652515e-03
354 MLA ||r(i)||/||b|| 6.5095845479546076e-03
355 MLA ||r(i)||/||b|| 6.3394532751206347e-03
356 MLA ||r(i)||/||b|| 6.2961122045939793e-03
357 MLA ||r(i)||/||b|| 6.9533610998410772e-03
358 MLA ||r(i)||/||b|| 6.6099916045681533e-03
359 MLA ||r(i)||/||b|| 6.3783917381288139e-03
360 MLA ||r(i)||/||b|| 6.2342278779461049e-03
361 MLA ||r(i)||/||b|| 6.1331396278455587e-03
362 MLA ||r(i)||/||b|| 6.0650103163104657e-03
363 MLA ||r(i)||/||b|| 6.0390813135914288e-03
364 MLA ||r(i)||/||b|| 6.6452218266847499e-03
365 MLA ||r(i)||/||b|| 6.3686474671148944e-03
366 MLA ||r(i)||/||b|| 6.1652240485099196e-03
367 MLA ||r(i)||/||b|| 6.0371584490528322e-03
368 MLA ||r(i)||/||b|| 6.4609420567623881e-03
369 MLA ||r(i)||/||b|| 6.1606806879039777e-03
370 MLA ||r(i)||/||b|| 5.9327381137010372e-03
371 MLA ||r(i)||/||b|| 5.7872422243940421e-03
372 MLA ||r(i)||/||b|| 6.2010605085451231e-03
373 MLA ||r(i)||/||b|| 5.9033053835779474e-03
374 MLA ||r(i)||/||b|| 5.7019556267293367e-03
375 MLA ||r(i)||/||b|| 5.5876483021828870e-03
376 MLA ||r(i)||/||b|| 6.0273108536578112e-03
377 MLA ||r(i)||/||b|| 5.7375378584945697e-03
378 MLA ||r(i)||/||b|| 5.5483304929395986e-03
379 MLA ||r(i)||/||b|| 5.4431579610807329e-03
380 MLA ||r(i)||/||b|| 5.3717422812398540e-03
381 MLA ||r(i)||/||b|| 5.3288788629955609e-03
382 MLA ||r(i)||/||b|| 5.3107420816093679e-03
383 MLA ||r(i)||/||b|| 5.3115932723424826e-03
384 MLA ||r(i)||/||b|| 5.3130291405222652e-03
385 MLA ||r(i)||/||b|| 5.3154166177282539e-03
386 MLA ||r(i)||/||b|| 5.3132913059606305e-03
387 MLA ||r(i)||/||b|| 5.3045081853373309e-03
388 MLA ||r(i)||/||b|| 5.7998403256829048e-03
389 MLA ||r(i)||/||b|| 5.5696869997705553e-03
390 MLA ||r(i)||/||b|| 5.3693803473643534e-03
391 MLA ||r(i)||/||b|| 5.2262706189456819e-03
392 MLA ||r(i)||/||b|| 5.1063156913773158e-03
393 MLA ||r(i)||/||b|| 5.0246588196706278e-03
394 MLA ||r(i)||/||b|| 4.9761325282914257e-03
395 MLA ||r(i)||/||b|| 4.9505679223926444e-03
396 MLA ||r(i)||/||b|| 4.9372654582883297e-03
397 MLA ||r(i)||/||b|| 4.9301743705959114e-03
398 MLA ||r(i)||/||b|| 5.4189104096623569e-03
399 MLA ||r(i)||/||b|| 5.2087896102259367e-03
400 MLA ||r(i)||/||b|| 5.0360392299127294e-03
401 MLA ||r(i)||/||b|| 4.9142814275801062e-03
402 MLA ||r(i)||/||b|| 4.8107250355248045e-03
403 MLA ||r(i)||/||b|| 4.7336478513387405e-03
404 MLA ||r(i)||/||b|| 4.6863736814056426e-03
405 MLA ||r(i)||/||b|| 4.6681803905498694e-03
406 MLA ||r(i)||/||b|| 5.1344322668916724e-03
407 MLA ||r(i)||/||b|| 4.9184313672526207e-03
408 MLA ||r(i)||/||b|| 4.7499397851847010e-03
409 MLA ||r(i)||/||b|| 4.6481617126523647e-03
410 MLA ||r(i)||/||b|| 4.5640386053849430e-03
411 MLA ||r(i)||/||b|| 4.5034308350789636e-03
412 MLA ||r(i)||/||b|| 4.4673423246060330e-03
413 MLA ||r(i)||/||b|| 4.9547056961058511e-03
414 MLA ||r(i)||/||b|| 4.7127397487184792e-03
415 MLA ||r(i)||/||b|| 4.5453539252953154e-03
416 MLA ||r(i)||/||b|| 4.4535290763696566e-03
417 MLA ||r(i)||/||b|| 4.3822822333887436e-03
418 MLA ||r(i)||/||b|| 4.3297358493746031e-03
419 MLA ||r(i)||/||b|| 4.2984519191456138e-03
420 MLA ||r(i)||/||b|| 4.2824045166574651e-03
421 MLA ||r(i)||/||b|| 4.2737947676449823e-03
422 MLA ||r(i)||/||b|| 4.2690801617991294e-03
423 MLA ||r(i)||/||b|| 4.2650860709139704e-03
424 MLA ||r(i)||/||b|| 4.2590132242100783e-03
425 MLA ||r(i)||/||b|| 4.2488524637876437e-03
426 MLA ||r(i)||/||b|| 4.2339670877537122e-03
427 MLA ||r(i)||/||b|| 4.2149358686843826e-03
428 MLA ||r(i)||/||b|| 4.1929876950477256e-03
429 MLA ||r(i)||/||b|| 4.1693960842379175e-03
430 MLA ||r(i)||/||b|| 4.1472746429513235e-03
431 MLA ||r(i)||/||b|| 4.1180119291714537e-03
432 MLA ||r(i)||/||b|| 4.0941802659106878e-03
433 MLA ||r(i)||/||b|| 4.0708527431318050e-03
434 MLA ||r(i)||/||b|| 4.0480127022545030e-03
435 MLA ||r(i)||/||b|| 4.0253937849000516e-03
436 MLA ||r(i)||/||b|| 4.0024773103320864e-03
437 MLA ||r(i)||/||b|| 3.9792680571864450e-03
438 MLA ||r(i)||/||b|| 3.9685855450177429e-03
439 MLA ||r(i)||/||b|| 3.9408184068335048e-03
440 MLA ||r(i)||/||b|| 3.9128722121980564e-03
441 MLA ||r(i)||/||b|| 3.8850230717400683e-03
442 MLA ||r(i)||/||b|| 3.8580631791560339e-03
443 MLA ||r(i)||/||b|| 3.8326746768905240e-03
444 MLA ||r(i)||/||b|| 3.8090389764774920e-03
445 MLA ||r(i)||/||b|| 3.7869469183467843e-03
446 MLA ||r(i)||/||b|| 3.7661383246055508e-03
447 MLA ||r(i)||/||b|| 3.7459747051462847e-03
448 MLA ||r(i)||/||b|| 3.7262484952548369e-03
449 MLA ||r(i)||/||b|| 3.7067156184965597e-03
450 MLA ||r(i)||/||b|| 3.6872469479873955e-03
451 MLA ||r(i)||/||b|| 3.6678003594046993e-03
452 MLA ||r(i)||/||b|| 3.6483896618348527e-03
453 MLA ||r(i)||/||b|| 3.6290522648911648e-03
454 MLA ||r(i)||/||b|| 3.6098301370023640e-03
455 MLA ||r(i)||/||b|| 3.5907535537268685e-03
456 MLA ||r(i)||/||b|| 3.5718384187751603e-03
457 MLA ||r(i)||/||b|| 3.5530870877081839e-03
458 MLA ||r(i)||/||b|| 3.5344926102180568e-03
459 MLA ||r(i)||/||b|| 3.5160509857871790e-03
460 MLA ||r(i)||/||b|| 3.4977324377580164e-03
461 MLA ||r(i)||/||b|| 3.4795352750842824e-03
462 MLA ||r(i)||/||b|| 3.4614514648951249e-03
463 MLA ||r(i)||/||b|| 3.4434759500897674e-03
464 MLA ||r(i)||/||b|| 3.4259268790732445e-03
465 MLA ||r(i)||/||b|| 3.4080688963253536e-03
466 MLA ||r(i)||/||b|| 3.3903118037076777e-03
467 MLA ||r(i)||/||b|| 3.3726513668080175e-03
468 MLA ||r(i)||/||b|| 3.3550849058984092e-03
469 MLA ||r(i)||/||b|| 3.3381476201010578e-03
470 MLA ||r(i)||/||b|| 3.3208122362072992e-03
471 MLA ||r(i)||/||b|| 3.3035923181616148e-03
472 MLA ||r(i)||/||b|| 3.2865103013912079e-03
473 MLA ||r(i)||/||b|| 3.2695737187757529e-03
474 MLA ||r(i)||/||b|| 3.2527836385219159e-03
475 MLA ||r(i)||/||b|| 3.2361325056681147e-03
476 MLA ||r(i)||/||b|| 3.2196221385661140e-03
477 MLA ||r(i)||/||b|| 3.2032627785691689e-03
478 MLA ||r(i)||/||b|| 3.1869894192219092e-03
479 MLA ||r(i)||/||b|| 3.1708276965252756e-03
480 MLA ||r(i)||/||b|| 3.1547570059288592e-03
481 MLA ||r(i)||/||b|| 3.1387825603767343e-03
482 MLA ||r(i)||/||b|| 3.1229046766125174e-03
483 MLA ||r(i)||/||b|| 3.1071229382782636e-03
484 MLA ||r(i)||/||b|| 3.0914383490836697e-03
485 MLA ||r(i)||/||b|| 3.0758510294084758e-03
486 MLA ||r(i)||/||b|| 3.0603605468709594e-03
487 MLA ||r(i)||/||b|| 3.0449660963761931e-03
488 MLA ||r(i)||/||b|| 3.0297026987795911e-03
489 MLA ||r(i)||/||b|| 3.0144874551485345e-03
490 MLA ||r(i)||/||b|| 2.9993694897458684e-03
491 MLA ||r(i)||/||b|| 2.9843375129646943e-03
492 MLA ||r(i)||/||b|| 2.9693993946700841e-03
493 MLA ||r(i)||/||b|| 2.9545569682741936e-03
494 MLA ||r(i)||/||b|| 2.9398108106190889e-03
495 MLA ||r(i)||/||b|| 2.9268148237019806e-03
496 MLA ||r(i)||/||b|| 2.9117823726146140e-03
497 MLA ||r(i)||/||b|| 2.8968876837999675e-03
498 MLA ||r(i)||/||b|| 2.8819376026147634e-03
499 MLA ||r(i)||/||b|| 2.8672635331244106e-03
500 MLA ||r(i)||/||b|| 2.8526484334276702e-03
501 MLA ||r(i)||/||b|| 2.8382942922109879e-03
502 MLA ||r(i)||/||b|| 2.8248103894959941e-03
503 MLA ||r(i)||/||b|| 2.8107218091659157e-03
504 MLA ||r(i)||/||b|| 2.7967860036133573e-03
505 MLA ||r(i)||/||b|| 2.7829501123168691e-03
506 MLA ||r(i)||/||b|| 2.7692355733107289e-03
507 MLA ||r(i)||/||b|| 2.7556808031200283e-03
508 MLA ||r(i)||/||b|| 2.7422283999424470e-03
509 MLA ||r(i)||/||b|| 2.7289035721967041e-03
510 MLA ||r(i)||/||b|| 2.7156769484119542e-03
511 MLA ||r(i)||/||b|| 2.7025733394742688e-03
512 MLA ||r(i)||/||b|| 2.6895064381350672e-03
513 MLA ||r(i)||/||b|| 2.6765205109581828e-03
514 MLA ||r(i)||/||b|| 2.6635835217927789e-03
515 MLA ||r(i)||/||b|| 2.6507078792270080e-03
516 MLA ||r(i)||/||b|| 2.6378944485097510e-03
517 MLA ||r(i)||/||b|| 2.6251465284839745e-03
518 MLA ||r(i)||/||b|| 2.6124647759838628e-03
519 MLA ||r(i)||/||b|| 2.5998478380506889e-03
520 MLA ||r(i)||/||b|| 2.5873010667923665e-03
521 MLA ||r(i)||/||b|| 2.5748362901158550e-03
522 MLA ||r(i)||/||b|| 2.5624305471482751e-03
523 MLA ||r(i)||/||b|| 2.5500815414651744e-03
524 MLA ||r(i)||/||b|| 2.5378003236298154e-03
525 MLA ||r(i)||/||b|| 2.5255885865744427e-03
526 MLA ||r(i)||/||b|| 2.5134486206217208e-03
527 MLA ||r(i)||/||b|| 2.5013820075690794e-03
528 MLA ||r(i)||/||b|| 2.4893889324634280e-03
529 MLA ||r(i)||/||b|| 2.4774699418940696e-03
530 MLA ||r(i)||/||b|| 2.4656218814180582e-03
531 MLA ||r(i)||/||b|| 2.4538551843369789e-03
532 MLA ||r(i)||/||b|| 2.4421538419584386e-03
533 MLA ||r(i)||/||b|| 2.4305241197661305e-03
534 MLA ||r(i)||/||b|| 2.4189648688915911e-03
535 MLA ||r(i)||/||b|| 2.4074757255920483e-03
536 MLA ||r(i)||/||b|| 2.3951323008270489e-03
537 MLA ||r(i)||/||b|| 2.3839982583747118e-03
538 MLA ||r(i)||/||b|| 2.3729651377753644e-03
539 MLA ||r(i)||/||b|| 2.3620154572001097e-03
540 MLA ||r(i)||/||b|| 2.3511896991250179e-03
541 MLA ||r(i)||/||b|| 2.3403599322179432e-03
542 MLA ||r(i)||/||b|| 2.3295091671137417e-03
543 MLA ||r(i)||/||b|| 2.3186365035896186e-03
544 MLA ||r(i)||/||b|| 2.3077566428406581e-03
545 MLA ||r(i)||/||b|| 2.2969325037656028e-03
546 MLA ||r(i)||/||b|| 2.2860839462616137e-03
547 MLA ||r(i)||/||b|| 2.2752644981962646e-03
548 MLA ||r(i)||/||b|| 2.2644986693188904e-03
549 MLA ||r(i)||/||b|| 2.2538048294455247e-03
550 MLA ||r(i)||/||b|| 2.2431906020414774e-03
551 MLA ||r(i)||/||b|| 2.2341451156362010e-03
552 MLA ||r(i)||/||b|| 2.2233323564770932e-03
553 MLA ||r(i)||/||b|| 2.2125702228585238e-03
554 MLA ||r(i)||/||b|| 2.2017796192682908e-03
555 MLA ||r(i)||/||b|| 2.1911137728044760e-03
556 MLA ||r(i)||/||b|| 2.1806176678725872e-03
557 MLA ||r(i)||/||b|| 2.1704988356191835e-03
558 MLA ||r(i)||/||b|| 2.1603355806878253e-03
559 MLA ||r(i)||/||b|| 2.1503247833472745e-03
560 MLA ||r(i)||/||b|| 2.1404253823433792e-03
561 MLA ||r(i)||/||b|| 2.1306278377649858e-03
562 MLA ||r(i)||/||b|| 2.1209208243953754e-03
563 MLA ||r(i)||/||b|| 2.1112936385877593e-03
564 MLA ||r(i)||/||b|| 2.1017356838375851e-03
565 MLA ||r(i)||/||b|| 2.0922374655189587e-03
566 MLA ||r(i)||/||b|| 2.0827915930581378e-03
567 MLA ||r(i)||/||b|| 2.0734692344958443e-03
568 MLA ||r(i)||/||b|| 2.0640946063952468e-03
569 MLA ||r(i)||/||b|| 2.0547562815010018e-03
570 MLA ||r(i)||/||b|| 2.0454491638936755e-03
571 MLA ||r(i)||/||b|| 2.0361793514409340e-03
572 MLA ||r(i)||/||b|| 2.0269517915059315e-03
573 MLA ||r(i)||/||b|| 2.0177687615514760e-03
574 MLA ||r(i)||/||b|| 2.0086313357759785e-03
575 MLA ||r(i)||/||b|| 1.9995434218833784e-03
576 MLA ||r(i)||/||b|| 1.9904983519890011e-03
577 MLA ||r(i)||/||b|| 1.9815003020137983e-03
578 MLA ||r(i)||/||b|| 1.9725496449027589e-03
579 MLA ||r(i)||/||b|| 1.9636472380830054e-03
580 MLA ||r(i)||/||b|| 1.9547938959374794e-03
581 MLA ||r(i)||/||b|| 1.9459902375714598e-03
582 MLA ||r(i)||/||b|| 1.9371467823518416e-03
583 MLA ||r(i)||/||b|| 1.9284622028167568e-03
584 MLA ||r(i)||/||b|| 1.9198333138511275e-03
585 MLA ||r(i)||/||b|| 1.9112599778868308e-03
586 MLA ||r(i)||/||b|| 1.9027358533912648e-03
587 MLA ||r(i)||/||b|| 1.8942555930528363e-03
588 MLA ||r(i)||/||b|| 1.8858171882643942e-03
589 MLA ||r(i)||/||b|| 1.8774188866909863e-03
590 MLA ||r(i)||/||b|| 1.8988209311821234e-03
591 MLA ||r(i)||/||b|| 1.8808069911815362e-03
592 MLA ||r(i)||/||b|| 1.8642489528481673e-03
593 MLA ||r(i)||/||b|| 1.8497040486869739e-03
594 MLA ||r(i)||/||b|| 1.8360344406901220e-03
595 MLA ||r(i)||/||b|| 1.8237361178931794e-03
596 MLA ||r(i)||/||b|| 1.8129032450115172e-03
597 MLA ||r(i)||/||b|| 1.8033032780535739e-03
598 MLA ||r(i)||/||b|| 1.7950696116517180e-03
599 MLA ||r(i)||/||b|| 1.7871491423214994e-03
600 MLA ||r(i)||/||b|| 1.7799202940387169e-03
601 MLA ||r(i)||/||b|| 1.7733210422698534e-03
602 MLA ||r(i)||/||b|| 1.7667633900072259e-03
603 MLA ||r(i)||/||b|| 1.7603373017747899e-03
604 MLA ||r(i)||/||b|| 1.7538640025433203e-03
605 MLA ||r(i)||/||b|| 1.7474344979286666e-03
606 MLA ||r(i)||/||b|| 1.7409558765151486e-03
607 MLA ||r(i)||/||b|| 1.7344027016759937e-03
608 MLA ||r(i)||/||b|| 1.7277455039364767e-03
609 MLA ||r(i)||/||b|| 1.7209637596660545e-03
610 MLA ||r(i)||/||b|| 1.7260655780847870e-03
611 MLA ||r(i)||/||b|| 1.7164396475144400e-03
612 MLA ||r(i)||/||b|| 1.7064321651389510e-03
613 MLA ||r(i)||/||b|| 1.6958703784074314e-03
614 MLA ||r(i)||/||b|| 1.6854455803074354e-03
615 MLA ||r(i)||/||b|| 1.6755233783901787e-03
616 MLA ||r(i)||/||b|| 1.6689058762310392e-03
617 MLA ||r(i)||/||b|| 1.6597883842827707e-03
618 MLA ||r(i)||/||b|| 1.6513036421584254e-03
619 MLA ||r(i)||/||b|| 1.6536439617285340e-03
620 MLA ||r(i)||/||b|| 1.6468122319085628e-03
621 MLA ||r(i)||/||b|| 2.3570326851914381e-03
622 MLA ||r(i)||/||b|| 2.1058985863386501e-03
623 MLA ||r(i)||/||b|| 1.8692060254261139e-03
624 MLA ||r(i)||/||b|| 1.7588839840574208e-03
625 MLA ||r(i)||/||b|| 1.6825359718752634e-03
626 MLA ||r(i)||/||b|| 1.6311254155374395e-03
627 MLA ||r(i)||/||b|| 1.5990267748243487e-03
628 MLA ||r(i)||/||b|| 1.5712705801777154e-03
629 MLA ||r(i)||/||b|| 1.5443856978003714e-03
630 MLA ||r(i)||/||b|| 2.3855577661132427e-03
631 MLA ||r(i)||/||b|| 2.0197226312345992e-03
632 MLA ||r(i)||/||b|| 1.7576003805736830e-03
633 MLA ||r(i)||/||b|| 1.6522479141705515e-03
634 MLA ||r(i)||/||b|| 1.5798327194675632e-03
635 MLA ||r(i)||/||b|| 1.5327457096018251e-03
636 MLA ||r(i)||/||b|| 1.5120350158306895e-03
637 MLA ||r(i)||/||b|| 1.4988705149018822e-03
638 MLA ||r(i)||/||b|| 1.4861221930587386e-03
639 MLA ||r(i)||/||b|| 1.8844383571503687e-03
640 MLA ||r(i)||/||b|| 1.6974668076863175e-03
641 MLA ||r(i)||/||b|| 1.5801030208662421e-03
642 MLA ||r(i)||/||b|| 1.5336199632430669e-03
643 MLA ||r(i)||/||b|| 1.5001673431117378e-03
644 MLA ||r(i)||/||b|| 1.4764121904531954e-03
645 MLA ||r(i)||/||b|| 1.4641756468745761e-03
646 MLA ||r(i)||/||b|| 1.4573816206650302e-03
647 MLA ||r(i)||/||b|| 1.4518073719308195e-03
648 MLA ||r(i)||/||b|| 1.4472584734314662e-03
649 MLA ||r(i)||/||b|| 1.4440491265133402e-03
650 MLA ||r(i)||/||b|| 1.4448224923087826e-03
651 MLA ||r(i)||/||b|| 1.4463022113215809e-03
652 MLA ||r(i)||/||b|| 1.4731811761245798e-03
653 MLA ||r(i)||/||b|| 1.4655714744731812e-03
654 MLA ||r(i)||/||b|| 1.4574796259845401e-03
655 MLA ||r(i)||/||b|| 1.4494208220626633e-03
656 MLA ||r(i)||/||b|| 1.4411099552305523e-03
657 MLA ||r(i)||/||b|| 1.4331290684137092e-03
658 MLA ||r(i)||/||b|| 1.4255829741827981e-03
659 MLA ||r(i)||/||b|| 1.4181767669285490e-03
660 MLA ||r(i)||/||b|| 1.4107463961668687e-03
661 MLA ||r(i)||/||b|| 1.4033728004287510e-03
662 MLA ||r(i)||/||b|| 1.3960905269712939e-03
663 MLA ||r(i)||/||b|| 1.3889605545420616e-03
664 MLA ||r(i)||/||b|| 1.3819509556564369e-03
665 MLA ||r(i)||/||b|| 1.3750250984489909e-03
666 MLA ||r(i)||/||b|| 1.3700878903341097e-03
667 MLA ||r(i)||/||b|| 1.3629735068527884e-03
668 MLA ||r(i)||/||b|| 1.3558463965383167e-03
669 MLA ||r(i)||/||b|| 1.3487148224783025e-03
670 MLA ||r(i)||/||b|| 1.3417074986764824e-03
671 MLA ||r(i)||/||b|| 1.3349080124668746e-03
672 MLA ||r(i)||/||b|| 1.3283424898798387e-03
673 MLA ||r(i)||/||b|| 1.3219978279591579e-03
674 MLA ||r(i)||/||b|| 1.3158539298501841e-03
675 MLA ||r(i)||/||b|| 1.3098879682089824e-03
676 MLA ||r(i)||/||b|| 1.3040776646582113e-03
677 MLA ||r(i)||/||b|| 1.2984017878172759e-03
678 MLA ||r(i)||/||b|| 1.2928344667620403e-03
679 MLA ||r(i)||/||b|| 1.2873718743653497e-03
680 MLA ||r(i)||/||b|| 1.2819934995793917e-03
681 MLA ||r(i)||/||b|| 1.2807796438529197e-03
682 MLA ||r(i)||/||b|| 1.2744800133120601e-03
683 MLA ||r(i)||/||b|| 1.2681310560338282e-03
684 MLA ||r(i)||/||b|| 1.2617596506289566e-03
685 MLA ||r(i)||/||b|| 1.2554957749321854e-03
686 MLA ||r(i)||/||b|| 1.2494791759777555e-03
687 MLA ||r(i)||/||b|| 1.5690183196121251e-03
688 MLA ||r(i)||/||b|| 2.0824079789182304e-03
689 MLA ||r(i)||/||b|| 2.0558835935638683e-03
690 MLA ||r(i)||/||b|| 1.7131579568638933e-03
691 MLA ||r(i)||/||b|| 1.5426794647360842e-03
692 MLA ||r(i)||/||b|| 1.4200882397681683e-03
693 MLA ||r(i)||/||b|| 1.3435403489906318e-03
694 MLA ||r(i)||/||b|| 1.2949865757839437e-03
695 MLA ||r(i)||/||b|| 2.1313194149142232e-03
696 MLA ||r(i)||/||b|| 1.6626514295802212e-03
697 MLA ||r(i)||/||b|| 1.8273343154701414e-03
698 MLA ||r(i)||/||b|| 1.7801386235983317e-03
699 MLA ||r(i)||/||b|| 1.9354013740104500e-03
700 MLA ||r(i)||/||b|| 1.6590542128982159e-03
701 MLA ||r(i)||/||b|| 1.4089195235483462e-03
702 MLA ||r(i)||/||b|| 1.5872406778877201e-03
703 MLA ||r(i)||/||b|| 1.4817782711158294e-03
704 MLA ||r(i)||/||b|| 1.5205281149928980e-03
705 MLA ||r(i)||/||b|| 1.7266184017708740e-03
706 MLA ||r(i)||/||b|| 1.8464418908765376e-03
707 MLA ||r(i)||/||b|| 1.7934202193503131e-03
708 MLA ||r(i)||/||b|| 1.7302691828979366e-03
709 MLA ||r(i)||/||b|| 1.6377945797517023e-03
710 MLA ||r(i)||/||b|| 2.0344179694315083e-03
711 MLA ||r(i)||/||b|| 2.4318978974370476e-03
712 MLA ||r(i)||/||b|| 2.1837035478776390e-03
713 MLA ||r(i)||/||b|| 2.1275195364232392e-03
714 MLA ||r(i)||/||b|| 2.1081416489936700e-03
715 MLA ||r(i)||/||b|| 1.7444544397002301e-03
716 MLA ||r(i)||/||b|| 2.2333928499074316e-03
717 MLA ||r(i)||/||b|| 1.7573071902511758e-03
718 MLA ||r(i)||/||b|| 1.9686247041627112e-03
719 MLA ||r(i)||/||b|| 1.9982458059314171e-03
720 MLA ||r(i)||/||b|| 2.5804726120800345e-03
721 MLA ||r(i)||/||b|| 2.0708654805797443e-03
722 MLA ||r(i)||/||b|| 1.8523484166551940e-03
723 MLA ||r(i)||/||b|| 1.7199009004325706e-03
724 MLA ||r(i)||/||b|| 1.6026874074262889e-03
725 MLA ||r(i)||/||b|| 2.0621454430689522e-03
726 MLA ||r(i)||/||b|| 1.4868078082867623e-03
727 MLA ||r(i)||/||b|| 2.1877374899452232e-03
728 MLA ||r(i)||/||b|| 2.0161045465377668e-03
729 MLA ||r(i)||/||b|| 2.1580262637177156e-03
730 MLA ||r(i)||/||b|| 2.1099725793794232e-03
731 MLA ||r(i)||/||b|| 1.4248841035838912e-03
732 MLA ||r(i)||/||b|| 1.9896260090611121e-03
733 MLA ||r(i)||/||b|| 2.0300206459008276e-03
734 MLA ||r(i)||/||b|| 1.9311220972017271e-03
735 MLA ||r(i)||/||b|| 1.9205334677889693e-03
736 MLA ||r(i)||/||b|| 2.2919709543285298e-03
737 MLA ||r(i)||/||b|| 1.7133421080028062e-03
738 MLA ||r(i)||/||b|| 1.7047603200504844e-03
739 MLA ||r(i)||/||b|| 1.6341839712376743e-03
740 MLA ||r(i)||/||b|| 1.6223360349871577e-03
741 MLA ||r(i)||/||b|| 1.6376283938592598e-03
742 MLA ||r(i)||/||b|| 1.6454740198551807e-03
743 MLA ||r(i)||/||b|| 1.6277783852443363e-03
744 MLA ||r(i)||/||b|| 1.5805634039838862e-03
745 MLA ||r(i)||/||b|| 1.5110416302435417e-03
746 MLA ||r(i)||/||b|| 1.4304179430698388e-03
747 MLA ||r(i)||/||b|| 1.3518173474192428e-03
748 MLA ||r(i)||/||b|| 1.2828681116066609e-03
749 MLA ||r(i)||/||b|| 1.2236108350136125e-03
750 MLA ||r(i)||/||b|| 1.1720379184208024e-03
751 MLA ||r(i)||/||b|| 1.1277835293294260e-03
752 MLA ||r(i)||/||b|| 1.0917677501236316e-03
753 MLA ||r(i)||/||b|| 1.0631148149913682e-03
754 MLA ||r(i)||/||b|| 1.0424067536440676e-03
755 MLA ||r(i)||/||b|| 1.0296873203632210e-03
756 MLA ||r(i)||/||b|| 1.0223350609308527e-03
757 MLA ||r(i)||/||b|| 1.0195956968771065e-03
758 MLA ||r(i)||/||b|| 1.0210438313822416e-03
759 MLA ||r(i)||/||b|| 1.0259323428394754e-03
760 MLA ||r(i)||/||b|| 1.0333137336320127e-03
761 MLA ||r(i)||/||b|| 1.0433142947047886e-03
762 MLA ||r(i)||/||b|| 1.0551106240640185e-03
763 MLA ||r(i)||/||b|| 1.0690094723578888e-03
764 MLA ||r(i)||/||b|| 1.0842027734730328e-03
765 MLA ||r(i)||/||b|| 1.1005419036401697e-03
766 MLA ||r(i)||/||b|| 1.1177048570102292e-03
767 MLA ||r(i)||/||b|| 1.1350738396980694e-03
768 MLA ||r(i)||/||b|| 1.1526483584110526e-03
769 MLA ||r(i)||/||b|| 1.1701428232858771e-03
770 MLA ||r(i)||/||b|| 1.1875091722047125e-03
771 MLA ||r(i)||/||b|| 1.2046044429324210e-03
772 MLA ||r(i)||/||b|| 1.2211392815878763e-03
773 MLA ||r(i)||/||b|| 1.2379565381026943e-03
774 MLA ||r(i)||/||b|| 1.2548162433125138e-03
775 MLA ||r(i)||/||b|| 1.2712677847558323e-03
776 MLA ||r(i)||/||b|| 1.2883060257850231e-03
777 MLA ||r(i)||/||b|| 1.3059375839946064e-03
778 MLA ||r(i)||/||b|| 1.3239322062595989e-03
779 MLA ||r(i)||/||b|| 1.3423452210702136e-03
780 MLA ||r(i)||/||b|| 1.3608239346424990e-03
781 MLA ||r(i)||/||b|| 1.3794158077395076e-03
782 MLA ||r(i)||/||b|| 1.3980877982099364e-03
783 MLA ||r(i)||/||b|| 1.4164323596714966e-03
784 MLA ||r(i)||/||b|| 1.4346333751348132e-03
785 MLA ||r(i)||/||b|| 1.4531956891599236e-03
786 MLA ||r(i)||/||b|| 1.4719591082356823e-03
787 MLA ||r(i)||/||b|| 1.4906881205710653e-03
788 MLA ||r(i)||/||b|| 1.5112429743257068e-03
789 MLA ||r(i)||/||b|| 1.5250925746064211e-03
790 MLA ||r(i)||/||b|| 1.5422335761791533e-03
791 MLA ||r(i)||/||b|| 1.5613283131234474e-03
792 MLA ||r(i)||/||b|| 1.5813374339273805e-03
793 MLA ||r(i)||/||b|| 1.6008852674675254e-03
794 MLA ||r(i)||/||b|| 1.6209369389818405e-03
795 MLA ||r(i)||/||b|| 1.6404429006833764e-03
796 MLA ||r(i)||/||b|| 1.6592116067140363e-03
797 MLA ||r(i)||/||b|| 1.6777723312540978e-03
798 MLA ||r(i)||/||b|| 1.6966634366987017e-03
799 MLA ||r(i)||/||b|| 1.7158845872490673e-03
800 MLA ||r(i)||/||b|| 2.3170910351894137e-03
801 MLA ||r(i)||/||b|| 1.9938576933693263e-03
802 MLA ||r(i)||/||b|| 1.8564504020236543e-03
803 MLA ||r(i)||/||b|| 1.8264146933137855e-03
804 MLA ||r(i)||/||b|| 1.8299082942484248e-03
805 MLA ||r(i)||/||b|| 2.2478105005935755e-03
806 MLA ||r(i)||/||b|| 1.9814572426527979e-03
807 MLA ||r(i)||/||b|| 1.9085906671933415e-03
808 MLA ||r(i)||/||b|| 1.8837998038215699e-03
809 MLA ||r(i)||/||b|| 1.9216481072565682e-03
810 MLA ||r(i)||/||b|| 1.9566557780054906e-03
811 MLA ||r(i)||/||b|| 1.9815614512628359e-03
812 MLA ||r(i)||/||b|| 2.0578729808965780e-03
813 MLA ||r(i)||/||b|| 2.0364087316192751e-03
814 MLA ||r(i)||/||b|| 2.0076137655686975e-03
815 MLA ||r(i)||/||b|| 2.0330363807508907e-03
816 MLA ||r(i)||/||b|| 2.0601157405821160e-03
817 MLA ||r(i)||/||b|| 2.0860614394307038e-03
818 MLA ||r(i)||/||b|| 2.1112655313364707e-03
819 MLA ||r(i)||/||b|| 2.1322437516231459e-03
820 MLA ||r(i)||/||b|| 2.1483116798613287e-03
821 MLA ||r(i)||/||b|| 2.4848837030824822e-03
822 MLA ||r(i)||/||b|| 2.2888302984138782e-03
823 MLA ||r(i)||/||b|| 2.2052641686253348e-03
824 MLA ||r(i)||/||b|| 2.2183948265248579e-03
825 MLA ||r(i)||/||b|| 2.2108071819650619e-03
826 MLA ||r(i)||/||b|| 2.2148927841029531e-03
827 MLA ||r(i)||/||b|| 2.2322420384040626e-03
828 MLA ||r(i)||/||b|| 2.2519890848934432e-03
829 MLA ||r(i)||/||b|| 2.2732446662198174e-03
830 MLA ||r(i)||/||b|| 2.2938171710719032e-03
831 MLA ||r(i)||/||b|| 2.3134065585154696e-03
832 MLA ||r(i)||/||b|| 2.3317464417223601e-03
833 MLA ||r(i)||/||b|| 2.3488154775360556e-03
834 MLA ||r(i)||/||b|| 2.3653707452241201e-03
835 MLA ||r(i)||/||b|| 2.3817003880954673e-03
836 MLA ||r(i)||/||b|| 2.3987831070353140e-03
837 MLA ||r(i)||/||b|| 2.4161863601951834e-03
838 MLA ||r(i)||/||b|| 2.4327586959878435e-03
839 MLA ||r(i)||/||b|| 2.4504179404795335e-03
840 MLA ||r(i)||/||b|| 2.4671994330518129e-03
841 MLA ||r(i)||/||b|| 2.4841824130373393e-03
842 MLA ||r(i)||/||b|| 2.5028341480544409e-03
843 MLA ||r(i)||/||b|| 2.5215589462991433e-03
844 MLA ||r(i)||/||b|| 2.5397608503227626e-03
845 MLA ||r(i)||/||b|| 2.5580019100159015e-03
846 MLA ||r(i)||/||b|| 2.5764489050885083e-03
847 MLA ||r(i)||/||b|| 2.5941289135007735e-03
848 MLA ||r(i)||/||b|| 2.6109550847193438e-03
849 MLA ||r(i)||/||b|| 2.6301106478184284e-03
850 MLA ||r(i)||/||b|| 3.3637830304930863e-03
851 MLA ||r(i)||/||b|| 2.9691210898418557e-03
852 MLA ||r(i)||/||b|| 2.8274955874147277e-03
853 MLA ||r(i)||/||b|| 2.7768619669175385e-03
854 MLA ||r(i)||/||b|| 2.7749019965883533e-03
855 MLA ||r(i)||/||b|| 2.7853124736016877e-03
856 MLA ||r(i)||/||b|| 2.8136022262299607e-03
857 MLA ||r(i)||/||b|| 2.8307543291500995e-03
858 MLA ||r(i)||/||b|| 2.8486663203360929e-03
859 MLA ||r(i)||/||b|| 2.8678732463958126e-03
860 MLA ||r(i)||/||b|| 2.8858939498791875e-03
861 MLA ||r(i)||/||b|| 2.9032491502862384e-03
862 MLA ||r(i)||/||b|| 2.9223995202680712e-03
863 MLA ||r(i)||/||b|| 2.9367285822380013e-03
864 MLA ||r(i)||/||b|| 2.9509997692310623e-03
865 MLA ||r(i)||/||b|| 2.9659602389867225e-03
866 MLA ||r(i)||/||b|| 2.9809510190294611e-03
867 MLA ||r(i)||/||b|| 2.9960066604510904e-03
868 MLA ||r(i)||/||b|| 3.0127175749190228e-03
869 MLA ||r(i)||/||b|| 3.0292799340153292e-03
870 MLA ||r(i)||/||b|| 3.0485097173823879e-03
871 MLA ||r(i)||/||b|| 3.0631660397882985e-03
872 MLA ||r(i)||/||b|| 3.0784852921669483e-03
873 MLA ||r(i)||/||b|| 3.0946384203718912e-03
874 MLA ||r(i)||/||b|| 3.1118700401301519e-03
875 MLA ||r(i)||/||b|| 3.1289999123922520e-03
876 MLA ||r(i)||/||b|| 3.1466064984016448e-03
877 MLA ||r(i)||/||b|| 3.1645878617227604e-03
878 MLA ||r(i)||/||b|| 3.1827973914018959e-03
879 MLA ||r(i)||/||b|| 3.2021523872319754e-03
880 MLA ||r(i)||/||b|| 3.2328080593950191e-03
881 MLA ||r(i)||/||b|| 3.2482365980079516e-03
882 MLA ||r(i)||/||b|| 3.2666125127135291e-03
883 MLA ||r(i)||/||b|| 3.2868931513450636e-03
884 MLA ||r(i)||/||b|| 3.3066973495154421e-03
885 MLA ||r(i)||/||b|| 3.3261311841416008e-03
886 MLA ||r(i)||/||b|| 3.3458369015937246e-03
887 MLA ||r(i)||/||b|| 3.3661835581125120e-03
888 MLA ||r(i)||/||b|| 3.3860697363691144e-03
889 MLA ||r(i)||/||b|| 3.4054461441801547e-03
890 MLA ||r(i)||/||b|| 3.4247610795217604e-03
891 MLA ||r(i)||/||b|| 3.4440391105572746e-03
892 MLA ||r(i)||/||b|| 3.4637624491494121e-03
893 MLA ||r(i)||/||b|| 3.4833009531246785e-03
894 MLA ||r(i)||/||b|| 3.5032401482695576e-03
895 MLA ||r(i)||/||b|| 3.5231971082277757e-03
896 MLA ||r(i)||/||b|| 3.5429839433670984e-03
897 MLA ||r(i)||/||b|| 3.5625663390632355e-03
898 MLA ||r(i)||/||b|| 3.5817616515832029e-03
899 MLA ||r(i)||/||b|| 3.6025144998754841e-03
900 MLA ||r(i)||/||b|| 3.6214420464617571e-03
901 MLA ||r(i)||/||b|| 3.6412656664815538e-03
902 MLA ||r(i)||/||b|| 3.6609273282783693e-03
903 MLA ||r(i)||/||b|| 3.6803860124384503e-03
904 MLA ||r(i)||/||b|| 3.7003356452129069e-03
905 MLA ||r(i)||/||b|| 3.7192379882974493e-03
906 MLA ||r(i)||/||b|| 3.7984007373088589e-03
907 MLA ||r(i)||/||b|| 3.7766890557111945e-03
908 MLA ||r(i)||/||b|| 3.7804687320606460e-03
909 MLA ||r(i)||/||b|| 3.7959077364971708e-03
910 MLA ||r(i)||/||b|| 3.8154251266809673e-03
911 MLA ||r(i)||/||b|| 3.8357629140540902e-03
912 MLA ||r(i)||/||b|| 3.8558253298960122e-03
913 MLA ||r(i)||/||b|| 3.8756885971440026e-03
914 MLA ||r(i)||/||b|| 3.8957457710786883e-03
915 MLA ||r(i)||/||b|| 3.9159334824295762e-03
916 MLA ||r(i)||/||b|| 3.9360552450493063e-03
917 MLA ||r(i)||/||b|| 3.9560378337317442e-03
918 MLA ||r(i)||/||b|| 3.9759087069448302e-03
919 MLA ||r(i)||/||b|| 3.9958438020760529e-03
920 MLA ||r(i)||/||b|| 4.0151999167799763e-03
921 MLA ||r(i)||/||b|| 4.0341481549480349e-03
922 MLA ||r(i)||/||b|| 4.0530452906731010e-03
923 MLA ||r(i)||/||b|| 4.0721216452398058e-03
924 MLA ||r(i)||/||b|| 4.0913072801659432e-03
925 MLA ||r(i)||/||b|| 4.1105323869133131e-03
926 MLA ||r(i)||/||b|| 4.1299007802998193e-03
927 MLA ||r(i)||/||b|| 4.1493788518342832e-03
928 MLA ||r(i)||/||b|| 4.1683280269523238e-03
929 MLA ||r(i)||/||b|| 4.1876878182162004e-03
930 MLA ||r(i)||/||b|| 4.2063303562687050e-03
931 MLA ||r(i)||/||b|| 4.2249611354710495e-03
932 MLA ||r(i)||/||b|| 4.2438706288447309e-03
933 MLA ||r(i)||/||b|| 4.2628613797048793e-03
934 MLA ||r(i)||/||b|| 4.2825232252517434e-03
935 MLA ||r(i)||/||b|| 4.3022680105974957e-03
936 MLA ||r(i)||/||b|| 4.3220358233587650e-03
937 MLA ||r(i)||/||b|| 4.3412394966426161e-03
938 MLA ||r(i)||/||b|| 4.3602098715400375e-03
939 MLA ||r(i)||/||b|| 4.3791233667538230e-03
940 MLA ||r(i)||/||b|| 4.3982573126314824e-03
941 MLA ||r(i)||/||b|| 4.4178195954679457e-03
942 MLA ||r(i)||/||b|| 4.4373557604004419e-03
943 MLA ||r(i)||/||b|| 4.4578902352423811e-03
944 MLA ||r(i)||/||b|| 4.4778615918637365e-03
945 MLA ||r(i)||/||b|| 4.4975903539581589e-03
946 MLA ||r(i)||/||b|| 4.5169008945667114e-03
947 MLA ||r(i)||/||b|| 4.5362914430080370e-03
948 MLA ||r(i)||/||b|| 4.5553026288203029e-03
949 MLA ||r(i)||/||b|| 4.5743494771813926e-03
950 MLA ||r(i)||/||b|| 4.5936380252228530e-03
951 MLA ||r(i)||/||b|| 4.6126857591238194e-03
952 MLA ||r(i)||/||b|| 4.6318581131332571e-03
953 MLA ||r(i)||/||b|| 4.6514867694429154e-03
954 MLA ||r(i)||/||b|| 4.6709618576252047e-03
955 MLA ||r(i)||/||b|| 4.6902972631164101e-03
956 MLA ||r(i)||/||b|| 4.7096561959640050e-03
957 MLA ||r(i)||/||b|| 4.7289412640427264e-03
958 MLA ||r(i)||/||b|| 4.7481905372271788e-03
959 MLA ||r(i)||/||b|| 4.7674022283222001e-03
960 MLA ||r(i)||/||b|| 4.7867128664527518e-03
961 MLA ||r(i)||/||b|| 4.8060153356835229e-03
962 MLA ||r(i)||/||b|| 4.8253620992599030e-03
963 MLA ||r(i)||/||b|| 4.8446886800824476e-03
964 MLA ||r(i)||/||b|| 4.8641347217408173e-03
965 MLA ||r(i)||/||b|| 4.8834856952099156e-03
966 MLA ||r(i)||/||b|| 4.9026987653666707e-03
967 MLA ||r(i)||/||b|| 4.9219729110760091e-03
968 MLA ||r(i)||/||b|| 4.9411247266925558e-03
969 MLA ||r(i)||/||b|| 4.9616073061931115e-03
970 MLA ||r(i)||/||b|| 4.9793669628361657e-03
971 MLA ||r(i)||/||b|| 4.9978808993214642e-03
972 MLA ||r(i)||/||b|| 5.0173005499925287e-03
973 MLA ||r(i)||/||b|| 5.0369034048231686e-03
974 MLA ||r(i)||/||b|| 5.0564454527788349e-03
975 MLA ||r(i)||/||b|| 5.0757794687397353e-03
976 MLA ||r(i)||/||b|| 5.0949225238309968e-03
977 MLA ||r(i)||/||b|| 5.1138711366288401e-03
978 MLA ||r(i)||/||b|| 5.1328130753183470e-03
979 MLA ||r(i)||/||b|| 5.1516678236998197e-03
980 MLA ||r(i)||/||b|| 5.1704347338539193e-03
981 MLA ||r(i)||/||b|| 5.1891896826056086e-03
982 MLA ||r(i)||/||b|| 5.2080834871316055e-03
983 MLA ||r(i)||/||b|| 5.2269432545822636e-03
984 MLA ||r(i)||/||b|| 5.2459403060861123e-03
985 MLA ||r(i)||/||b|| 5.2647917370488894e-03
986 MLA ||r(i)||/||b|| 5.2835484870528302e-03
987 MLA ||r(i)||/||b|| 5.3022822723610427e-03
988 MLA ||r(i)||/||b|| 5.3209963279321161e-03
989 MLA ||r(i)||/||b|| 5.3506804252943813e-03
990 MLA ||r(i)||/||b|| 5.3618066922656287e-03
991 MLA ||r(i)||/||b|| 5.3763350064292741e-03
992 MLA ||r(i)||/||b|| 5.3948989633497381e-03
993 MLA ||r(i)||/||b|| 5.4138525456982368e-03
994 MLA ||r(i)||/||b|| 5.4330396536169676e-03
995 MLA ||r(i)||/||b|| 5.4520430718731317e-03
996 MLA ||r(i)||/||b|| 5.4708446638644433e-03
997 MLA ||r(i)||/||b|| 5.4888607466556591e-03
998 MLA ||r(i)||/||b|| 5.5074788251614441e-03
999 MLA ||r(i)||/||b|| 5.5261242387163777e-03
1000 MLA ||r(i)||/||b|| 5.5447688123870286e-03
>>>> solve time: 132.295 (s)
>>>> ksp solve time: 0.157637 (s)
            || b ||_2 = 3.6456789914864118e-01
|| r ||_2 / || b ||_2 = 2.8848039306212900e+01
