Config file: ../input/config/mla_v_cycle-refine0.json
order_rbm = 1
angle_type = 1
==== basic information of linear system ====
matrix Row = 1506, matrix Column = 1506
matrix nz_allocated = 27747, matrix nz_used = 27747, matrix nz_unneeded = 0
vector Row = 1506
initial     || b ||_2 = 2.6501139470351753e+00
nodes in level 0 (coarse) is 62, less than 100, setup done!
>>>> setup time: 0.0112963 (s)
0 MLA ||r(i)||/||b|| 1.0000000000000000e+00
1 MLA ||r(i)||/||b|| 1.5927846921674634e+01
2 MLA ||r(i)||/||b|| 9.1443658449974254e+00
3 MLA ||r(i)||/||b|| 6.1463458750092181e+00
4 MLA ||r(i)||/||b|| 4.4153709990206300e+00
5 MLA ||r(i)||/||b|| 3.4208420870898437e+00
6 MLA ||r(i)||/||b|| 2.7951449747036325e+00
7 MLA ||r(i)||/||b|| 2.3664321144941196e+00
8 MLA ||r(i)||/||b|| 2.0487867529539483e+00
9 MLA ||r(i)||/||b|| 1.7906137510581639e+00
10 MLA ||r(i)||/||b|| 1.5651768452264037e+00
11 MLA ||r(i)||/||b|| 1.3645195737648461e+00
12 MLA ||r(i)||/||b|| 1.1881312813562011e+00
13 MLA ||r(i)||/||b|| 1.0357030135842034e+00
14 MLA ||r(i)||/||b|| 9.0544236673137235e-01
15 MLA ||r(i)||/||b|| 7.9475736799614349e-01
16 MLA ||r(i)||/||b|| 7.0099263971830084e-01
17 MLA ||r(i)||/||b|| 6.2168407114860780e-01
18 MLA ||r(i)||/||b|| 5.5458550785089833e-01
19 MLA ||r(i)||/||b|| 4.9768634219635549e-01
20 MLA ||r(i)||/||b|| 4.4924519234598298e-01
21 MLA ||r(i)||/||b|| 4.0780168598087424e-01
22 MLA ||r(i)||/||b|| 3.7215514944951844e-01
23 MLA ||r(i)||/||b|| 3.4132543512433716e-01
24 MLA ||r(i)||/||b|| 3.1451227319099867e-01
25 MLA ||r(i)||/||b|| 2.9106046603524766e-01
26 MLA ||r(i)||/||b|| 2.7043190963888691e-01
27 MLA ||r(i)||/||b|| 2.5218342752038003e-01
28 MLA ||r(i)||/||b|| 2.3594922183038716e-01
29 MLA ||r(i)||/||b|| 2.2142690259672079e-01
30 MLA ||r(i)||/||b|| 2.0836623869734275e-01
31 MLA ||r(i)||/||b|| 1.9655996713442425e-01
32 MLA ||r(i)||/||b|| 1.8583620121760705e-01
33 MLA ||r(i)||/||b|| 1.7605212425719580e-01
34 MLA ||r(i)||/||b|| 1.6708874989245973e-01
35 MLA ||r(i)||/||b|| 1.5884657895697521e-01
36 MLA ||r(i)||/||b|| 1.5124202429160380e-01
37 MLA ||r(i)||/||b|| 1.4420448386394388e-01
38 MLA ||r(i)||/||b|| 1.3767395902059448e-01
39 MLA ||r(i)||/||b|| 1.3159912755779632e-01
40 MLA ||r(i)||/||b|| 1.2593578835153005e-01
41 MLA ||r(i)||/||b|| 1.2064560876631801e-01
42 MLA ||r(i)||/||b|| 1.1569511829910388e-01
43 MLA ||r(i)||/||b|| 1.1105489709206796e-01
44 MLA ||r(i)||/||b|| 1.0669892313876420e-01
45 MLA ||r(i)||/||b|| 1.0260404354327400e-01
46 MLA ||r(i)||/||b|| 9.8749549754749394e-02
47 MLA ||r(i)||/||b|| 9.5116827978368804e-02
48 MLA ||r(i)||/||b|| 9.1689076470397632e-02
49 MLA ||r(i)||/||b|| 8.8451071802046990e-02
50 MLA ||r(i)||/||b|| 8.5388975991124647e-02
51 MLA ||r(i)||/||b|| 8.2490174726049026e-02
52 MLA ||r(i)||/||b|| 7.9743141817407631e-02
53 MLA ||r(i)||/||b|| 7.7137323137416683e-02
54 MLA ||r(i)||/||b|| 7.4663037861899928e-02
55 MLA ||r(i)||/||b|| 7.2311393143030200e-02
56 MLA ||r(i)||/||b|| 7.0074208714798941e-02
57 MLA ||r(i)||/||b|| 6.7943951754603396e-02
58 MLA ||r(i)||/||b|| 6.5913678317997576e-02
59 MLA ||r(i)||/||b|| 6.3976982238968111e-02
60 MLA ||r(i)||/||b|| 6.2127948107565584e-02
61 MLA ||r(i)||/||b|| 6.0361110294183354e-02
62 MLA ||r(i)||/||b|| 5.8671414660640360e-02
63 MLA ||r(i)||/||b|| 5.7054185104055438e-02
64 MLA ||r(i)||/||b|| 5.5505092091348518e-02
65 MLA ||r(i)||/||b|| 5.4020124355056112e-02
66 MLA ||r(i)||/||b|| 5.2595564090690120e-02
67 MLA ||r(i)||/||b|| 5.1227962102735267e-02
68 MLA ||r(i)||/||b|| 4.9914117304390292e-02
69 MLA ||r(i)||/||b|| 4.8651056267812569e-02
70 MLA ||r(i)||/||b|| 4.7436015609958339e-02
71 MLA ||r(i)||/||b|| 4.6266424939055542e-02
72 MLA ||r(i)||/||b|| 4.5139892416310355e-02
73 MLA ||r(i)||/||b|| 4.4054189873018457e-02
74 MLA ||r(i)||/||b|| 4.3007240080236313e-02
75 MLA ||r(i)||/||b|| 4.1997105808909210e-02
76 MLA ||r(i)||/||b|| 4.1021978014421132e-02
77 MLA ||r(i)||/||b|| 4.0080166170120925e-02
78 MLA ||r(i)||/||b|| 3.9170089646199814e-02
79 MLA ||r(i)||/||b|| 3.8290268269245559e-02
80 MLA ||r(i)||/||b|| 3.7439315886671209e-02
81 MLA ||r(i)||/||b|| 3.6615932178798542e-02
82 MLA ||r(i)||/||b|| 3.5818896687506353e-02
83 MLA ||r(i)||/||b|| 3.5047062401123874e-02
84 MLA ||r(i)||/||b|| 3.4299351421235039e-02
85 MLA ||r(i)||/||b|| 3.3574748224885390e-02
86 MLA ||r(i)||/||b|| 3.2872296201887134e-02
87 MLA ||r(i)||/||b|| 3.2191093020352897e-02
88 MLA ||r(i)||/||b|| 3.1530286758176873e-02
89 MLA ||r(i)||/||b|| 3.0889072246134928e-02
90 MLA ||r(i)||/||b|| 3.0266687851401519e-02
91 MLA ||r(i)||/||b|| 2.9662412280807744e-02
92 MLA ||r(i)||/||b|| 2.9075562141329617e-02
93 MLA ||r(i)||/||b|| 2.8505488578264605e-02
94 MLA ||r(i)||/||b|| 2.7951575600347375e-02
95 MLA ||r(i)||/||b|| 2.7413238073864418e-02
96 MLA ||r(i)||/||b|| 2.6889918808122096e-02
97 MLA ||r(i)||/||b|| 2.6381087332685682e-02
98 MLA ||r(i)||/||b|| 2.5886238442274903e-02
99 MLA ||r(i)||/||b|| 2.5404889887272145e-02
100 MLA ||r(i)||/||b|| 2.4936581181249640e-02
101 MLA ||r(i)||/||b|| 2.4480872586967760e-02
102 MLA ||r(i)||/||b|| 2.4037343575372471e-02
103 MLA ||r(i)||/||b|| 2.3605591605523311e-02
104 MLA ||r(i)||/||b|| 2.3185231376361165e-02
105 MLA ||r(i)||/||b|| 2.2775893555062571e-02
106 MLA ||r(i)||/||b|| 2.2377223903620704e-02
107 MLA ||r(i)||/||b|| 2.1988882391307609e-02
108 MLA ||r(i)||/||b|| 2.1610542728008657e-02
109 MLA ||r(i)||/||b|| 2.1241891082620906e-02
110 MLA ||r(i)||/||b|| 2.0882626294991498e-02
111 MLA ||r(i)||/||b|| 2.0532458031124703e-02
112 MLA ||r(i)||/||b|| 2.0191107282725978e-02
113 MLA ||r(i)||/||b|| 1.9858305275402440e-02
114 MLA ||r(i)||/||b|| 1.9533792433631878e-02
115 MLA ||r(i)||/||b|| 1.9217319653122549e-02
116 MLA ||r(i)||/||b|| 1.8908646008441082e-02
117 MLA ||r(i)||/||b|| 1.8607539016250445e-02
118 MLA ||r(i)||/||b|| 1.8313774829162997e-02
119 MLA ||r(i)||/||b|| 1.8027136620780121e-02
120 MLA ||r(i)||/||b|| 1.7747415630837923e-02
121 MLA ||r(i)||/||b|| 1.7474409452702622e-02
122 MLA ||r(i)||/||b|| 1.7207923084713604e-02
123 MLA ||r(i)||/||b|| 1.6947767517677889e-02
124 MLA ||r(i)||/||b|| 1.6693760311304033e-02
125 MLA ||r(i)||/||b|| 1.6445724820951635e-02
126 MLA ||r(i)||/||b|| 1.6203489866789673e-02
127 MLA ||r(i)||/||b|| 1.5966890276807949e-02
128 MLA ||r(i)||/||b|| 1.5735765742614722e-02
129 MLA ||r(i)||/||b|| 1.5509961181089764e-02
130 MLA ||r(i)||/||b|| 1.5289326229773317e-02
131 MLA ||r(i)||/||b|| 1.5073715452326933e-02
132 MLA ||r(i)||/||b|| 1.4862988024088055e-02
133 MLA ||r(i)||/||b|| 1.4657006995648364e-02
134 MLA ||r(i)||/||b|| 1.4455640103971488e-02
135 MLA ||r(i)||/||b|| 1.4258758902522657e-02
136 MLA ||r(i)||/||b|| 1.4066238760419627e-02
137 MLA ||r(i)||/||b|| 1.3877959252324962e-02
138 MLA ||r(i)||/||b|| 1.3693803121040335e-02
139 MLA ||r(i)||/||b|| 1.3513656997456401e-02
140 MLA ||r(i)||/||b|| 1.3337410804639478e-02
141 MLA ||r(i)||/||b|| 1.3164957509760723e-02
142 MLA ||r(i)||/||b|| 1.2996193564901427e-02
143 MLA ||r(i)||/||b|| 1.2831018628308927e-02
144 MLA ||r(i)||/||b|| 1.2669334842910933e-02
145 MLA ||r(i)||/||b|| 1.2511047806107853e-02
146 MLA ||r(i)||/||b|| 1.2356065526105100e-02
147 MLA ||r(i)||/||b|| 1.2204298909788811e-02
148 MLA ||r(i)||/||b|| 1.2055661291395557e-02
149 MLA ||r(i)||/||b|| 1.1910068734100832e-02
150 MLA ||r(i)||/||b|| 1.1767439880206891e-02
151 MLA ||r(i)||/||b|| 1.1627695311952889e-02
152 MLA ||r(i)||/||b|| 1.1490758427703193e-02
153 MLA ||r(i)||/||b|| 1.1356554584906642e-02
154 MLA ||r(i)||/||b|| 1.1225011389211738e-02
155 MLA ||r(i)||/||b|| 1.1096058468810155e-02
156 MLA ||r(i)||/||b|| 1.0969627759665321e-02
157 MLA ||r(i)||/||b|| 1.0845652909964176e-02
158 MLA ||r(i)||/||b|| 1.0724069502207983e-02
159 MLA ||r(i)||/||b|| 1.0604815194785573e-02
160 MLA ||r(i)||/||b|| 1.0487829219266009e-02
161 MLA ||r(i)||/||b|| 1.0373052663850208e-02
162 MLA ||r(i)||/||b|| 1.0260428573082190e-02
163 MLA ||r(i)||/||b|| 1.0149901320533172e-02
164 MLA ||r(i)||/||b|| 1.0041416820738482e-02
165 MLA ||r(i)||/||b|| 9.9349229825564326e-03
166 MLA ||r(i)||/||b|| 9.8303686672918857e-03
167 MLA ||r(i)||/||b|| 9.7277046600571689e-03
168 MLA ||r(i)||/||b|| 9.6268829788567854e-03
169 MLA ||r(i)||/||b|| 9.5278569789675159e-03
170 MLA ||r(i)||/||b|| 9.4305815727882217e-03
171 MLA ||r(i)||/||b|| 9.3350125706336395e-03
172 MLA ||r(i)||/||b|| 9.2411075768161766e-03
173 MLA ||r(i)||/||b|| 9.1488248738503322e-03
174 MLA ||r(i)||/||b|| 9.0581245758329272e-03
175 MLA ||r(i)||/||b|| 8.9689673292327084e-03
176 MLA ||r(i)||/||b|| 8.8813152526443541e-03
177 MLA ||r(i)||/||b|| 8.7951314530319465e-03
178 MLA ||r(i)||/||b|| 8.7103800702674813e-03
179 MLA ||r(i)||/||b|| 8.6270262216036828e-03
180 MLA ||r(i)||/||b|| 8.5450362487020839e-03
181 MLA ||r(i)||/||b|| 8.4643772417482242e-03
182 MLA ||r(i)||/||b|| 8.3850172998944806e-03
183 MLA ||r(i)||/||b|| 8.3069253826169188e-03
184 MLA ||r(i)||/||b|| 8.2300715568000490e-03
185 MLA ||r(i)||/||b|| 8.1544262762339569e-03
186 MLA ||r(i)||/||b|| 8.0799613127501384e-03
187 MLA ||r(i)||/||b|| 8.0066489600345812e-03
188 MLA ||r(i)||/||b|| 7.9344625236403166e-03
189 MLA ||r(i)||/||b|| 7.8633755421646627e-03
190 MLA ||r(i)||/||b|| 7.7933630621896217e-03
191 MLA ||r(i)||/||b|| 7.7244004782020181e-03
192 MLA ||r(i)||/||b|| 7.6564634431177453e-03
193 MLA ||r(i)||/||b|| 7.5895290049087837e-03
194 MLA ||r(i)||/||b|| 7.5235745081632388e-03
195 MLA ||r(i)||/||b|| 7.4585779077442757e-03
196 MLA ||r(i)||/||b|| 7.3945179389291937e-03
197 MLA ||r(i)||/||b|| 7.3313736996099919e-03
198 MLA ||r(i)||/||b|| 7.2691249062498417e-03
199 MLA ||r(i)||/||b|| 7.2077523342994974e-03
200 MLA ||r(i)||/||b|| 7.1472364601613920e-03
201 MLA ||r(i)||/||b|| 7.0875588990207943e-03
202 MLA ||r(i)||/||b|| 7.0287015580579705e-03
203 MLA ||r(i)||/||b|| 6.9706469161394469e-03
204 MLA ||r(i)||/||b|| 6.9133779239413844e-03
205 MLA ||r(i)||/||b|| 6.8568778999466267e-03
206 MLA ||r(i)||/||b|| 6.8011307435979756e-03
207 MLA ||r(i)||/||b|| 6.7461207235586223e-03
208 MLA ||r(i)||/||b|| 6.6918325133704382e-03
209 MLA ||r(i)||/||b|| 6.6382512617795941e-03
210 MLA ||r(i)||/||b|| 6.5853624672607258e-03
211 MLA ||r(i)||/||b|| 6.5331521588030961e-03
212 MLA ||r(i)||/||b|| 6.4816065090512126e-03
213 MLA ||r(i)||/||b|| 6.4307122390523585e-03
214 MLA ||r(i)||/||b|| 6.3804563145030257e-03
215 MLA ||r(i)||/||b|| 6.3308260681476979e-03
216 MLA ||r(i)||/||b|| 6.2818093790210638e-03
217 MLA ||r(i)||/||b|| 6.2333939406688339e-03
218 MLA ||r(i)||/||b|| 6.1855683432943632e-03
219 MLA ||r(i)||/||b|| 6.1383211973288568e-03
220 MLA ||r(i)||/||b|| 6.0916413677985322e-03
221 MLA ||r(i)||/||b|| 6.0455180042319262e-03
222 MLA ||r(i)||/||b|| 5.9999408846023354e-03
223 MLA ||r(i)||/||b|| 5.9548993292292216e-03
224 MLA ||r(i)||/||b|| 5.9103838157231366e-03
225 MLA ||r(i)||/||b|| 5.8663843871428773e-03
226 MLA ||r(i)||/||b|| 5.8228915621941759e-03
227 MLA ||r(i)||/||b|| 5.7798962973194170e-03
228 MLA ||r(i)||/||b|| 5.7373894745402594e-03
229 MLA ||r(i)||/||b|| 5.6953622086424686e-03
230 MLA ||r(i)||/||b|| 5.6538061231420902e-03
231 MLA ||r(i)||/||b|| 5.6127129915369885e-03
232 MLA ||r(i)||/||b|| 5.5720744344303326e-03
233 MLA ||r(i)||/||b|| 5.5318825473433782e-03
234 MLA ||r(i)||/||b|| 5.4921297212143019e-03
235 MLA ||r(i)||/||b|| 5.4528084241037347e-03
236 MLA ||r(i)||/||b|| 5.4139111719949907e-03
237 MLA ||r(i)||/||b|| 5.3754308529392171e-03
238 MLA ||r(i)||/||b|| 5.3373604466014036e-03
239 MLA ||r(i)||/||b|| 5.2996930296499677e-03
240 MLA ||r(i)||/||b|| 5.2624220752400027e-03
241 MLA ||r(i)||/||b|| 5.2255409475630401e-03
242 MLA ||r(i)||/||b|| 5.1890433631712187e-03
243 MLA ||r(i)||/||b|| 5.1529230791304810e-03
244 MLA ||r(i)||/||b|| 5.1171738896197052e-03
245 MLA ||r(i)||/||b|| 5.0817900753611202e-03
246 MLA ||r(i)||/||b|| 5.0467656689801273e-03
247 MLA ||r(i)||/||b|| 5.0120952321388119e-03
248 MLA ||r(i)||/||b|| 4.9777729234255115e-03
249 MLA ||r(i)||/||b|| 4.9437935637356972e-03
250 MLA ||r(i)||/||b|| 4.9101518004241304e-03
251 MLA ||r(i)||/||b|| 4.8768424606618578e-03
252 MLA ||r(i)||/||b|| 4.8438604907677383e-03
253 MLA ||r(i)||/||b|| 4.8112009523478636e-03
254 MLA ||r(i)||/||b|| 4.7788591359227963e-03
255 MLA ||r(i)||/||b|| 4.7468300736252193e-03
256 MLA ||r(i)||/||b|| 4.7151092345810476e-03
257 MLA ||r(i)||/||b|| 4.6836921892088696e-03
258 MLA ||r(i)||/||b|| 4.6525744936472529e-03
259 MLA ||r(i)||/||b|| 4.6217519258206149e-03
260 MLA ||r(i)||/||b|| 4.5912198754723818e-03
261 MLA ||r(i)||/||b|| 4.5609745787635611e-03
262 MLA ||r(i)||/||b|| 4.5310117906269438e-03
263 MLA ||r(i)||/||b|| 4.5013276381206026e-03
264 MLA ||r(i)||/||b|| 4.4719181495182884e-03
265 MLA ||r(i)||/||b|| 4.4427795091191505e-03
266 MLA ||r(i)||/||b|| 4.4139080308114864e-03
267 MLA ||r(i)||/||b|| 4.3852999756550945e-03
268 MLA ||r(i)||/||b|| 4.3569519473022310e-03
269 MLA ||r(i)||/||b|| 4.3288602040797673e-03
270 MLA ||r(i)||/||b|| 4.3010214841259116e-03
271 MLA ||r(i)||/||b|| 4.2734323098913458e-03
272 MLA ||r(i)||/||b|| 4.2460894091544228e-03
273 MLA ||r(i)||/||b|| 4.2189895707258019e-03
274 MLA ||r(i)||/||b|| 4.1921295373424493e-03
275 MLA ||r(i)||/||b|| 4.1655062093581639e-03
276 MLA ||r(i)||/||b|| 4.1391166568092337e-03
277 MLA ||r(i)||/||b|| 4.1129577373936865e-03
278 MLA ||r(i)||/||b|| 4.0870266428443608e-03
279 MLA ||r(i)||/||b|| 4.0613203650033012e-03
280 MLA ||r(i)||/||b|| 4.0358360725321297e-03
281 MLA ||r(i)||/||b|| 4.0105711366795662e-03
282 MLA ||r(i)||/||b|| 3.9855227343276733e-03
283 MLA ||r(i)||/||b|| 3.9606880820355255e-03
284 MLA ||r(i)||/||b|| 3.9360647154352826e-03
285 MLA ||r(i)||/||b|| 3.9116499499630246e-03
286 MLA ||r(i)||/||b|| 3.8874413733223675e-03
287 MLA ||r(i)||/||b|| 3.8634363468504134e-03
288 MLA ||r(i)||/||b|| 3.8396325373761956e-03
289 MLA ||r(i)||/||b|| 3.8160275087859279e-03
290 MLA ||r(i)||/||b|| 3.7926188815883897e-03
291 MLA ||r(i)||/||b|| 3.7694044177762208e-03
292 MLA ||r(i)||/||b|| 3.7463817821555868e-03
293 MLA ||r(i)||/||b|| 3.7235487586904643e-03
294 MLA ||r(i)||/||b|| 3.7009030701680716e-03
295 MLA ||r(i)||/||b|| 3.6784427135242151e-03
296 MLA ||r(i)||/||b|| 3.6561653740854435e-03
297 MLA ||r(i)||/||b|| 3.6340690494210634e-03
298 MLA ||r(i)||/||b|| 3.6121517489245279e-03
299 MLA ||r(i)||/||b|| 3.5904114142881836e-03
300 MLA ||r(i)||/||b|| 3.5688460500505866e-03
301 MLA ||r(i)||/||b|| 3.5474537181727907e-03
302 MLA ||r(i)||/||b|| 3.5262323104337744e-03
303 MLA ||r(i)||/||b|| 3.5051802816129028e-03
304 MLA ||r(i)||/||b|| 3.4842955853286030e-03
305 MLA ||r(i)||/||b|| 3.4635763814806118e-03
306 MLA ||r(i)||/||b|| 3.4430208513662117e-03
307 MLA ||r(i)||/||b|| 3.4226272213417589e-03
308 MLA ||r(i)||/||b|| 3.4023938297178939e-03
309 MLA ||r(i)||/||b|| 3.3823188814039789e-03
310 MLA ||r(i)||/||b|| 3.3624006851191530e-03
311 MLA ||r(i)||/||b|| 3.3426376783705397e-03
312 MLA ||r(i)||/||b|| 3.3230281557426753e-03
313 MLA ||r(i)||/||b|| 3.3035704026808969e-03
314 MLA ||r(i)||/||b|| 3.2842629660576922e-03
315 MLA ||r(i)||/||b|| 3.2651040957933529e-03
316 MLA ||r(i)||/||b|| 3.2460926039690426e-03
317 MLA ||r(i)||/||b|| 3.2272267745748571e-03
318 MLA ||r(i)||/||b|| 3.2085048870310021e-03
319 MLA ||r(i)||/||b|| 3.1899257556092585e-03
320 MLA ||r(i)||/||b|| 3.1714878061349316e-03
321 MLA ||r(i)||/||b|| 3.1531896682070195e-03
322 MLA ||r(i)||/||b|| 3.1350298788965733e-03
323 MLA ||r(i)||/||b|| 3.1170070214568543e-03
324 MLA ||r(i)||/||b|| 3.0991198063089029e-03
325 MLA ||r(i)||/||b|| 3.0813668745126028e-03
326 MLA ||r(i)||/||b|| 3.0637468395510493e-03
327 MLA ||r(i)||/||b|| 3.0462583403198943e-03
328 MLA ||r(i)||/||b|| 3.0289001664932599e-03
329 MLA ||r(i)||/||b|| 3.0116710211007258e-03
330 MLA ||r(i)||/||b|| 2.9945696012825913e-03
331 MLA ||r(i)||/||b|| 2.9775947643984097e-03
332 MLA ||r(i)||/||b|| 2.9607451741401913e-03
333 MLA ||r(i)||/||b|| 2.9440196813767597e-03
334 MLA ||r(i)||/||b|| 2.9274171209010946e-03
335 MLA ||r(i)||/||b|| 2.9109361963968990e-03
336 MLA ||r(i)||/||b|| 2.8945757855532205e-03
337 MLA ||r(i)||/||b|| 2.8783348105182694e-03
338 MLA ||r(i)||/||b|| 2.8622120981963463e-03
339 MLA ||r(i)||/||b|| 2.8462065536139112e-03
340 MLA ||r(i)||/||b|| 2.8303169941979651e-03
341 MLA ||r(i)||/||b|| 2.8145424432295821e-03
342 MLA ||r(i)||/||b|| 2.7988817630095059e-03
343 MLA ||r(i)||/||b|| 2.7833338674789448e-03
344 MLA ||r(i)||/||b|| 2.7678977624287855e-03
345 MLA ||r(i)||/||b|| 2.7525724400557592e-03
346 MLA ||r(i)||/||b|| 2.7373568401413426e-03
347 MLA ||r(i)||/||b|| 2.7222498913305479e-03
348 MLA ||r(i)||/||b|| 2.7072506899675761e-03
349 MLA ||r(i)||/||b|| 2.6923582119841314e-03
350 MLA ||r(i)||/||b|| 2.6775715276970472e-03
351 MLA ||r(i)||/||b|| 2.6628896042198797e-03
352 MLA ||r(i)||/||b|| 2.6483115931727236e-03
353 MLA ||r(i)||/||b|| 2.6338364870773638e-03
354 MLA ||r(i)||/||b|| 2.6194633492298645e-03
355 MLA ||r(i)||/||b|| 2.6051912671501295e-03
356 MLA ||r(i)||/||b|| 2.5910195232850971e-03
357 MLA ||r(i)||/||b|| 2.5769469678211896e-03
358 MLA ||r(i)||/||b|| 2.5629728655174946e-03
359 MLA ||r(i)||/||b|| 2.5490962142257507e-03
360 MLA ||r(i)||/||b|| 2.5353163142102920e-03
361 MLA ||r(i)||/||b|| 2.5216323390719105e-03
362 MLA ||r(i)||/||b|| 2.5080432187279188e-03
363 MLA ||r(i)||/||b|| 2.4945483027390110e-03
364 MLA ||r(i)||/||b|| 2.4811467318955212e-03
365 MLA ||r(i)||/||b|| 2.4678377853977035e-03
366 MLA ||r(i)||/||b|| 2.4546205271693761e-03
367 MLA ||r(i)||/||b|| 2.4414941589622325e-03
368 MLA ||r(i)||/||b|| 2.4284580170079954e-03
369 MLA ||r(i)||/||b|| 2.4155112187109382e-03
370 MLA ||r(i)||/||b|| 2.4026530973875536e-03
371 MLA ||r(i)||/||b|| 2.3898828210300355e-03
372 MLA ||r(i)||/||b|| 2.3771996182951568e-03
373 MLA ||r(i)||/||b|| 2.3646028313936422e-03
374 MLA ||r(i)||/||b|| 2.3520917088706806e-03
375 MLA ||r(i)||/||b|| 2.3396654653782436e-03
376 MLA ||r(i)||/||b|| 2.3273234737415768e-03
377 MLA ||r(i)||/||b|| 2.3150649276964560e-03
378 MLA ||r(i)||/||b|| 2.3028891836244861e-03
379 MLA ||r(i)||/||b|| 2.2907956615870074e-03
380 MLA ||r(i)||/||b|| 2.2787834444906057e-03
381 MLA ||r(i)||/||b|| 2.2668520836545475e-03
382 MLA ||r(i)||/||b|| 2.2550006886851021e-03
383 MLA ||r(i)||/||b|| 2.2432287676925886e-03
384 MLA ||r(i)||/||b|| 2.2315356341135141e-03
385 MLA ||r(i)||/||b|| 2.2199205212124120e-03
386 MLA ||r(i)||/||b|| 2.2083829550558140e-03
387 MLA ||r(i)||/||b|| 2.1969221656220157e-03
388 MLA ||r(i)||/||b|| 2.1855376205974861e-03
389 MLA ||r(i)||/||b|| 2.1742286820456958e-03
390 MLA ||r(i)||/||b|| 2.1629946523322344e-03
391 MLA ||r(i)||/||b|| 2.1518349908652514e-03
392 MLA ||r(i)||/||b|| 2.1407491012844491e-03
393 MLA ||r(i)||/||b|| 2.1297363842011818e-03
394 MLA ||r(i)||/||b|| 2.1187962401740383e-03
395 MLA ||r(i)||/||b|| 2.1079280864774578e-03
396 MLA ||r(i)||/||b|| 2.0971313516981258e-03
397 MLA ||r(i)||/||b|| 2.0864054432871140e-03
398 MLA ||r(i)||/||b|| 2.0757498505916904e-03
399 MLA ||r(i)||/||b|| 2.0651638711667933e-03
400 MLA ||r(i)||/||b|| 2.0546470788448943e-03
401 MLA ||r(i)||/||b|| 2.0441989088843772e-03
402 MLA ||r(i)||/||b|| 2.0338187911793917e-03
403 MLA ||r(i)||/||b|| 2.0235062513235869e-03
404 MLA ||r(i)||/||b|| 2.0132606521503318e-03
405 MLA ||r(i)||/||b|| 2.0030815412222232e-03
406 MLA ||r(i)||/||b|| 1.9929683537739662e-03
407 MLA ||r(i)||/||b|| 1.9829206769848631e-03
408 MLA ||r(i)||/||b|| 1.9729377623648853e-03
409 MLA ||r(i)||/||b|| 1.9630193985817335e-03
410 MLA ||r(i)||/||b|| 1.9531648246065634e-03
411 MLA ||r(i)||/||b|| 1.9433736516327813e-03
412 MLA ||r(i)||/||b|| 1.9336455152270712e-03
413 MLA ||r(i)||/||b|| 1.9239796857187204e-03
414 MLA ||r(i)||/||b|| 1.9143758853082567e-03
415 MLA ||r(i)||/||b|| 1.9048334777936563e-03
416 MLA ||r(i)||/||b|| 1.8953521238183650e-03
417 MLA ||r(i)||/||b|| 1.8859312787858928e-03
418 MLA ||r(i)||/||b|| 1.8765704802283290e-03
419 MLA ||r(i)||/||b|| 1.8672692620278672e-03
420 MLA ||r(i)||/||b|| 1.8580272291587672e-03
421 MLA ||r(i)||/||b|| 1.8488438752417373e-03
422 MLA ||r(i)||/||b|| 1.8397187760420192e-03
423 MLA ||r(i)||/||b|| 1.8306514524746701e-03
424 MLA ||r(i)||/||b|| 1.8216414823771677e-03
425 MLA ||r(i)||/||b|| 1.8126884100387586e-03
426 MLA ||r(i)||/||b|| 1.8037919301887165e-03
427 MLA ||r(i)||/||b|| 1.7949514797646145e-03
428 MLA ||r(i)||/||b|| 1.7861666856267703e-03
429 MLA ||r(i)||/||b|| 1.7774370902647841e-03
430 MLA ||r(i)||/||b|| 1.7687623143882768e-03
431 MLA ||r(i)||/||b|| 1.7601419809356101e-03
432 MLA ||r(i)||/||b|| 1.7515755857777479e-03
433 MLA ||r(i)||/||b|| 1.7430627686469808e-03
434 MLA ||r(i)||/||b|| 1.7346032198742951e-03
435 MLA ||r(i)||/||b|| 1.7261964672245277e-03
436 MLA ||r(i)||/||b|| 1.7178420582809051e-03
437 MLA ||r(i)||/||b|| 1.7095396064776634e-03
438 MLA ||r(i)||/||b|| 1.7012889204512933e-03
439 MLA ||r(i)||/||b|| 1.6930894140761378e-03
440 MLA ||r(i)||/||b|| 1.6849407833841870e-03
441 MLA ||r(i)||/||b|| 1.6768426753310433e-03
442 MLA ||r(i)||/||b|| 1.6687946570558168e-03
443 MLA ||r(i)||/||b|| 1.6607964443677928e-03
444 MLA ||r(i)||/||b|| 1.6528475361291331e-03
445 MLA ||r(i)||/||b|| 1.6449477260571798e-03
446 MLA ||r(i)||/||b|| 1.6370964985891491e-03
447 MLA ||r(i)||/||b|| 1.6292936720503865e-03
448 MLA ||r(i)||/||b|| 1.6215387534494457e-03
449 MLA ||r(i)||/||b|| 1.6138314422650243e-03
450 MLA ||r(i)||/||b|| 1.6061714277804276e-03
451 MLA ||r(i)||/||b|| 1.5985583101709312e-03
452 MLA ||r(i)||/||b|| 1.5909918003341036e-03
453 MLA ||r(i)||/||b|| 1.5834715643627017e-03
454 MLA ||r(i)||/||b|| 1.5759971699522977e-03
455 MLA ||r(i)||/||b|| 1.5685683687289087e-03
456 MLA ||r(i)||/||b|| 1.5611848024068341e-03
457 MLA ||r(i)||/||b|| 1.5538461843308000e-03
458 MLA ||r(i)||/||b|| 1.5465522021633473e-03
459 MLA ||r(i)||/||b|| 1.5393024820641288e-03
460 MLA ||r(i)||/||b|| 1.5320966827005343e-03
461 MLA ||r(i)||/||b|| 1.5249345552459947e-03
462 MLA ||r(i)||/||b|| 1.5178157957500648e-03
463 MLA ||r(i)||/||b|| 1.5107400554427307e-03
464 MLA ||r(i)||/||b|| 1.5037070358263525e-03
465 MLA ||r(i)||/||b|| 1.4967163918008100e-03
466 MLA ||r(i)||/||b|| 1.4897679089166400e-03
467 MLA ||r(i)||/||b|| 1.4828612507378055e-03
468 MLA ||r(i)||/||b|| 1.4759961201919077e-03
469 MLA ||r(i)||/||b|| 1.4691721990273078e-03
470 MLA ||r(i)||/||b|| 1.4623892164834515e-03
471 MLA ||r(i)||/||b|| 1.4556469155533722e-03
472 MLA ||r(i)||/||b|| 1.4489449142866219e-03
473 MLA ||r(i)||/||b|| 1.4422830689156288e-03
474 MLA ||r(i)||/||b|| 1.4356609287473705e-03
475 MLA ||r(i)||/||b|| 1.4290783858293141e-03
476 MLA ||r(i)||/||b|| 1.4225350600037870e-03
477 MLA ||r(i)||/||b|| 1.4160306722100732e-03
478 MLA ||r(i)||/||b|| 1.4095649972782822e-03
479 MLA ||r(i)||/||b|| 1.4031378648954687e-03
480 MLA ||r(i)||/||b|| 1.3967487732036770e-03
481 MLA ||r(i)||/||b|| 1.3903975699629820e-03
482 MLA ||r(i)||/||b|| 1.3840840440917474e-03
483 MLA ||r(i)||/||b|| 1.3778078138233186e-03
484 MLA ||r(i)||/||b|| 1.3715687443422661e-03
485 MLA ||r(i)||/||b|| 1.3653664479660991e-03
486 MLA ||r(i)||/||b|| 1.3592009368772516e-03
487 MLA ||r(i)||/||b|| 1.3530716202723217e-03
488 MLA ||r(i)||/||b|| 1.3469783942762770e-03
489 MLA ||r(i)||/||b|| 1.3409210512173677e-03
490 MLA ||r(i)||/||b|| 1.3348992743496258e-03
491 MLA ||r(i)||/||b|| 1.3289129020514706e-03
492 MLA ||r(i)||/||b|| 1.3229617070252711e-03
493 MLA ||r(i)||/||b|| 1.3170452858078847e-03
494 MLA ||r(i)||/||b|| 1.3111634672657820e-03
495 MLA ||r(i)||/||b|| 1.3053161026390988e-03
496 MLA ||r(i)||/||b|| 1.2995029539800071e-03
497 MLA ||r(i)||/||b|| 1.2937236152869825e-03
498 MLA ||r(i)||/||b|| 1.2879780079592654e-03
499 MLA ||r(i)||/||b|| 1.2822658851623294e-03
500 MLA ||r(i)||/||b|| 1.2765870785221250e-03
501 MLA ||r(i)||/||b|| 1.2709412091553923e-03
502 MLA ||r(i)||/||b|| 1.2653281177153577e-03
503 MLA ||r(i)||/||b|| 1.2597476805687709e-03
504 MLA ||r(i)||/||b|| 1.2541994908686202e-03
505 MLA ||r(i)||/||b|| 1.2486835138021748e-03
506 MLA ||r(i)||/||b|| 1.2431993908500018e-03
507 MLA ||r(i)||/||b|| 1.2377470358599268e-03
508 MLA ||r(i)||/||b|| 1.2323261481316965e-03
509 MLA ||r(i)||/||b|| 1.2269364618302248e-03
510 MLA ||r(i)||/||b|| 1.2215778758892157e-03
511 MLA ||r(i)||/||b|| 1.2162501312312200e-03
512 MLA ||r(i)||/||b|| 1.2109530787850922e-03
513 MLA ||r(i)||/||b|| 1.2056865324363869e-03
514 MLA ||r(i)||/||b|| 1.2004501551799963e-03
515 MLA ||r(i)||/||b|| 1.1952438568833778e-03
516 MLA ||r(i)||/||b|| 1.1900673741373382e-03
517 MLA ||r(i)||/||b|| 1.1849205290019337e-03
518 MLA ||r(i)||/||b|| 1.1798030781097529e-03
519 MLA ||r(i)||/||b|| 1.1747149687823105e-03
520 MLA ||r(i)||/||b|| 1.1696558883659131e-03
521 MLA ||r(i)||/||b|| 1.1646256581074885e-03
522 MLA ||r(i)||/||b|| 1.1596241286687522e-03
523 MLA ||r(i)||/||b|| 1.1546510245137372e-03
524 MLA ||r(i)||/||b|| 1.1497062972219013e-03
525 MLA ||r(i)||/||b|| 1.1447895708815996e-03
526 MLA ||r(i)||/||b|| 1.1399008394923590e-03
527 MLA ||r(i)||/||b|| 1.1350398313073118e-03
528 MLA ||r(i)||/||b|| 1.1302064039450076e-03
529 MLA ||r(i)||/||b|| 1.1254003099318685e-03
530 MLA ||r(i)||/||b|| 1.1206214643290642e-03
531 MLA ||r(i)||/||b|| 1.1158695946284632e-03
532 MLA ||r(i)||/||b|| 1.1111445686781873e-03
533 MLA ||r(i)||/||b|| 1.1064462419478566e-03
534 MLA ||r(i)||/||b|| 1.1017743863338987e-03
535 MLA ||r(i)||/||b|| 1.0971288970122962e-03
536 MLA ||r(i)||/||b|| 1.0925094920651687e-03
537 MLA ||r(i)||/||b|| 1.0879160875121817e-03
538 MLA ||r(i)||/||b|| 1.0833484640020233e-03
539 MLA ||r(i)||/||b|| 1.0788065107361568e-03
540 MLA ||r(i)||/||b|| 1.0742900239120532e-03
541 MLA ||r(i)||/||b|| 1.0697988474284931e-03
542 MLA ||r(i)||/||b|| 1.0653328093501045e-03
543 MLA ||r(i)||/||b|| 1.0608917840093030e-03
544 MLA ||r(i)||/||b|| 1.0564755769009514e-03
545 MLA ||r(i)||/||b|| 1.0520840520497655e-03
546 MLA ||r(i)||/||b|| 1.0477169730338911e-03
547 MLA ||r(i)||/||b|| 1.0433742705037061e-03
548 MLA ||r(i)||/||b|| 1.0390557716987185e-03
549 MLA ||r(i)||/||b|| 1.0347612787219289e-03
550 MLA ||r(i)||/||b|| 1.0304907234615901e-03
551 MLA ||r(i)||/||b|| 1.0262437975265299e-03
552 MLA ||r(i)||/||b|| 1.0220205315164251e-03
553 MLA ||r(i)||/||b|| 1.0178206418686891e-03
554 MLA ||r(i)||/||b|| 1.0136440527245363e-03
555 MLA ||r(i)||/||b|| 1.0094905942780411e-03
556 MLA ||r(i)||/||b|| 1.0053601076739070e-03
557 MLA ||r(i)||/||b|| 1.0012523823075107e-03
558 MLA ||r(i)||/||b|| 9.9716743910872267e-04
559 MLA ||r(i)||/||b|| 9.9310503745644028e-04
560 MLA ||r(i)||/||b|| 9.8906501022329044e-04
561 MLA ||r(i)||/||b|| 9.8504727562771961e-04
562 MLA ||r(i)||/||b|| 9.8105155039847239e-04
563 MLA ||r(i)||/||b|| 9.7707788050243813e-04
564 MLA ||r(i)||/||b|| 9.7312606037229402e-04
565 MLA ||r(i)||/||b|| 9.6919592278183863e-04
566 MLA ||r(i)||/||b|| 9.6528732907163637e-04
567 MLA ||r(i)||/||b|| 9.6140017744543037e-04
568 MLA ||r(i)||/||b|| 9.5753433072023561e-04
569 MLA ||r(i)||/||b|| 9.5368964844454532e-04
570 MLA ||r(i)||/||b|| 9.4986593351973573e-04
571 MLA ||r(i)||/||b|| 9.4606318815666204e-04
572 MLA ||r(i)||/||b|| 9.4228116766630076e-04
573 MLA ||r(i)||/||b|| 9.3851974725332038e-04
574 MLA ||r(i)||/||b|| 9.3477890402753549e-04
575 MLA ||r(i)||/||b|| 9.3105839272205042e-04
576 MLA ||r(i)||/||b|| 9.2735811975700746e-04
577 MLA ||r(i)||/||b|| 9.2367798180725195e-04
578 MLA ||r(i)||/||b|| 9.2001786292629842e-04
579 MLA ||r(i)||/||b|| 9.1637761300280088e-04
580 MLA ||r(i)||/||b|| 9.1275704805506962e-04
581 MLA ||r(i)||/||b|| 9.0915615928631726e-04
582 MLA ||r(i)||/||b|| 9.0557479608635203e-04
583 MLA ||r(i)||/||b|| 9.0201277610510639e-04
584 MLA ||r(i)||/||b|| 8.9847002613578327e-04
585 MLA ||r(i)||/||b|| 8.9494643035123997e-04
586 MLA ||r(i)||/||b|| 8.9144185474604128e-04
587 MLA ||r(i)||/||b|| 8.8795617371837917e-04
588 MLA ||r(i)||/||b|| 8.8448928180858723e-04
589 MLA ||r(i)||/||b|| 8.8104109153145423e-04
590 MLA ||r(i)||/||b|| 8.7761144622696720e-04
591 MLA ||r(i)||/||b|| 8.7420024532956927e-04
592 MLA ||r(i)||/||b|| 8.7080736708869801e-04
593 MLA ||r(i)||/||b|| 8.6743275212158280e-04
594 MLA ||r(i)||/||b|| 8.6407619382293651e-04
595 MLA ||r(i)||/||b|| 8.6073764370485036e-04
596 MLA ||r(i)||/||b|| 8.5741698407402448e-04
597 MLA ||r(i)||/||b|| 8.5411410943434527e-04
598 MLA ||r(i)||/||b|| 8.5082893000472523e-04
599 MLA ||r(i)||/||b|| 8.4756130616647264e-04
600 MLA ||r(i)||/||b|| 8.4431110623190450e-04
601 MLA ||r(i)||/||b|| 8.4107821066827697e-04
602 MLA ||r(i)||/||b|| 8.3786258691486988e-04
603 MLA ||r(i)||/||b|| 8.3466414638340707e-04
604 MLA ||r(i)||/||b|| 8.3148274027942265e-04
605 MLA ||r(i)||/||b|| 8.2831823745919205e-04
606 MLA ||r(i)||/||b|| 8.2517053111674885e-04
607 MLA ||r(i)||/||b|| 8.2203955917374528e-04
608 MLA ||r(i)||/||b|| 8.1892526440754411e-04
609 MLA ||r(i)||/||b|| 8.1582744498239878e-04
610 MLA ||r(i)||/||b|| 8.1274608866507337e-04
611 MLA ||r(i)||/||b|| 8.0968099067140896e-04
612 MLA ||r(i)||/||b|| 8.0663213119551349e-04
613 MLA ||r(i)||/||b|| 8.0359949521420688e-04
614 MLA ||r(i)||/||b|| 8.0058281528791507e-04
615 MLA ||r(i)||/||b|| 7.9758205828972409e-04
616 MLA ||r(i)||/||b|| 7.9459713854777207e-04
617 MLA ||r(i)||/||b|| 7.9162800745360799e-04
618 MLA ||r(i)||/||b|| 7.8867449672552275e-04
619 MLA ||r(i)||/||b|| 7.8573653900449987e-04
620 MLA ||r(i)||/||b|| 7.8281405697384519e-04
621 MLA ||r(i)||/||b|| 7.7990691189884129e-04
622 MLA ||r(i)||/||b|| 7.7701505745393325e-04
623 MLA ||r(i)||/||b|| 7.7413842264617864e-04
624 MLA ||r(i)||/||b|| 7.7127685806442116e-04
625 MLA ||r(i)||/||b|| 7.6843031748644443e-04
626 MLA ||r(i)||/||b|| 7.6559866798368490e-04
627 MLA ||r(i)||/||b|| 7.6278186009731642e-04
628 MLA ||r(i)||/||b|| 7.5997978440664146e-04
629 MLA ||r(i)||/||b|| 7.5719238237986763e-04
630 MLA ||r(i)||/||b|| 7.5441953400587130e-04
631 MLA ||r(i)||/||b|| 7.5166116512827600e-04
632 MLA ||r(i)||/||b|| 7.4891721002344502e-04
633 MLA ||r(i)||/||b|| 7.4618753061131058e-04
634 MLA ||r(i)||/||b|| 7.4347206625503576e-04
635 MLA ||r(i)||/||b|| 7.4077075158427851e-04
636 MLA ||r(i)||/||b|| 7.3808351802773448e-04
637 MLA ||r(i)||/||b|| 7.3541022964917872e-04
638 MLA ||r(i)||/||b|| 7.3275085309382909e-04
639 MLA ||r(i)||/||b|| 7.3010528686506696e-04
640 MLA ||r(i)||/||b|| 7.2747348855594371e-04
641 MLA ||r(i)||/||b|| 7.2485524101836070e-04
642 MLA ||r(i)||/||b|| 7.2225061225172113e-04
643 MLA ||r(i)||/||b|| 7.1965945386799645e-04
644 MLA ||r(i)||/||b|| 7.1708175347714185e-04
645 MLA ||r(i)||/||b|| 7.1451734299495255e-04
646 MLA ||r(i)||/||b|| 7.1196615359927389e-04
647 MLA ||r(i)||/||b|| 7.0942816697227770e-04
648 MLA ||r(i)||/||b|| 7.0690330953878451e-04
649 MLA ||r(i)||/||b|| 7.0439145351456852e-04
650 MLA ||r(i)||/||b|| 7.0189256553255402e-04
651 MLA ||r(i)||/||b|| 6.9940654613014671e-04
652 MLA ||r(i)||/||b|| 6.9693329041489737e-04
653 MLA ||r(i)||/||b|| 6.9447272732724673e-04
654 MLA ||r(i)||/||b|| 6.9202488816366660e-04
655 MLA ||r(i)||/||b|| 6.8958958478444906e-04
656 MLA ||r(i)||/||b|| 6.8716675385988046e-04
657 MLA ||r(i)||/||b|| 6.8475637622387748e-04
658 MLA ||r(i)||/||b|| 6.8235838634770241e-04
659 MLA ||r(i)||/||b|| 6.7997262043171906e-04
660 MLA ||r(i)||/||b|| 6.7759910468762302e-04
661 MLA ||r(i)||/||b|| 6.7523775093291782e-04
662 MLA ||r(i)||/||b|| 6.7288844646006430e-04
663 MLA ||r(i)||/||b|| 6.7055113193501697e-04
664 MLA ||r(i)||/||b|| 6.6822581528687235e-04
665 MLA ||r(i)||/||b|| 6.6591227674816665e-04
666 MLA ||r(i)||/||b|| 6.6361059564286188e-04
667 MLA ||r(i)||/||b|| 6.6132061515704690e-04
668 MLA ||r(i)||/||b|| 6.5904230271058998e-04
669 MLA ||r(i)||/||b|| 6.5677558327808107e-04
670 MLA ||r(i)||/||b|| 6.5452036393741624e-04
671 MLA ||r(i)||/||b|| 6.5227667823681418e-04
672 MLA ||r(i)||/||b|| 6.5004433376168887e-04
673 MLA ||r(i)||/||b|| 6.4782336389429703e-04
674 MLA ||r(i)||/||b|| 6.4561360063893005e-04
675 MLA ||r(i)||/||b|| 6.4341508562307291e-04
676 MLA ||r(i)||/||b|| 6.4122770163528033e-04
677 MLA ||r(i)||/||b|| 6.3905138575583859e-04
678 MLA ||r(i)||/||b|| 6.3688607562667021e-04
679 MLA ||r(i)||/||b|| 6.3473172283592125e-04
680 MLA ||r(i)||/||b|| 6.3258827022648020e-04
681 MLA ||r(i)||/||b|| 6.3045562695344894e-04
682 MLA ||r(i)||/||b|| 6.2833372092865555e-04
683 MLA ||r(i)||/||b|| 6.2622256185031948e-04
684 MLA ||r(i)||/||b|| 6.2412203519458624e-04
685 MLA ||r(i)||/||b|| 6.2203211138439510e-04
686 MLA ||r(i)||/||b|| 6.1995266322625300e-04
687 MLA ||r(i)||/||b|| 6.1788369238873311e-04
688 MLA ||r(i)||/||b|| 6.1582513523050623e-04
689 MLA ||r(i)||/||b|| 6.1377688225498501e-04
690 MLA ||r(i)||/||b|| 6.1173896539798130e-04
691 MLA ||r(i)||/||b|| 6.0971125679151359e-04
692 MLA ||r(i)||/||b|| 6.0769374619292751e-04
693 MLA ||r(i)||/||b|| 6.0568629056320981e-04
694 MLA ||r(i)||/||b|| 6.0368891797024269e-04
695 MLA ||r(i)||/||b|| 6.0170154631860760e-04
696 MLA ||r(i)||/||b|| 5.9972412770520215e-04
697 MLA ||r(i)||/||b|| 5.9775654643188830e-04
698 MLA ||r(i)||/||b|| 5.9579883362684814e-04
699 MLA ||r(i)||/||b|| 5.9385089729520097e-04
700 MLA ||r(i)||/||b|| 5.9191267307012860e-04
701 MLA ||r(i)||/||b|| 5.8998416979046738e-04
702 MLA ||r(i)||/||b|| 5.8806521883296317e-04
703 MLA ||r(i)||/||b|| 5.8615583448407959e-04
704 MLA ||r(i)||/||b|| 5.8425592427153582e-04
705 MLA ||r(i)||/||b|| 5.8236553247756145e-04
706 MLA ||r(i)||/||b|| 5.8048453598341296e-04
707 MLA ||r(i)||/||b|| 5.7861279699936662e-04
708 MLA ||r(i)||/||b|| 5.7675040855018934e-04
709 MLA ||r(i)||/||b|| 5.7489732143441532e-04
710 MLA ||r(i)||/||b|| 5.7305332399567308e-04
711 MLA ||r(i)||/||b|| 5.7121851010436713e-04
712 MLA ||r(i)||/||b|| 5.6939282519134847e-04
713 MLA ||r(i)||/||b|| 5.6757615842117242e-04
714 MLA ||r(i)||/||b|| 5.6576848998235376e-04
715 MLA ||r(i)||/||b|| 5.6396968850808355e-04
716 MLA ||r(i)||/||b|| 5.6217981272121791e-04
717 MLA ||r(i)||/||b|| 5.6039878672071769e-04
718 MLA ||r(i)||/||b|| 5.5862656765464226e-04
719 MLA ||r(i)||/||b|| 5.5686304756180150e-04
720 MLA ||r(i)||/||b|| 5.5510827536091193e-04
721 MLA ||r(i)||/||b|| 5.5336209790774176e-04
722 MLA ||r(i)||/||b|| 5.5162455493199339e-04
723 MLA ||r(i)||/||b|| 5.4989555105110157e-04
724 MLA ||r(i)||/||b|| 5.4817503515343206e-04
725 MLA ||r(i)||/||b|| 5.4646298409506949e-04
726 MLA ||r(i)||/||b|| 5.4475933495743984e-04
727 MLA ||r(i)||/||b|| 5.4306404914904530e-04
728 MLA ||r(i)||/||b|| 5.4137710635671825e-04
729 MLA ||r(i)||/||b|| 5.3969843648724969e-04
730 MLA ||r(i)||/||b|| 5.3802796662430713e-04
731 MLA ||r(i)||/||b|| 5.3636562310274477e-04
732 MLA ||r(i)||/||b|| 5.3471150839751972e-04
733 MLA ||r(i)||/||b|| 5.3306548265407339e-04
734 MLA ||r(i)||/||b|| 5.3142745714311243e-04
735 MLA ||r(i)||/||b|| 5.2979741279646989e-04
736 MLA ||r(i)||/||b|| 5.2817536014898310e-04
737 MLA ||r(i)||/||b|| 5.2656122992637160e-04
738 MLA ||r(i)||/||b|| 5.2495496448755807e-04
739 MLA ||r(i)||/||b|| 5.2335652406648096e-04
740 MLA ||r(i)||/||b|| 5.2176585441697358e-04
741 MLA ||r(i)||/||b|| 5.2018294374778077e-04
742 MLA ||r(i)||/||b|| 5.1860771726063926e-04
743 MLA ||r(i)||/||b|| 5.1704020679672305e-04
744 MLA ||r(i)||/||b|| 5.1548025536134840e-04
745 MLA ||r(i)||/||b|| 5.1392787932010009e-04
746 MLA ||r(i)||/||b|| 5.1238306112965271e-04
747 MLA ||r(i)||/||b|| 5.1084571943459339e-04
748 MLA ||r(i)||/||b|| 5.0931585487262157e-04
749 MLA ||r(i)||/||b|| 5.0779335314108645e-04
750 MLA ||r(i)||/||b|| 5.0627828002873044e-04
751 MLA ||r(i)||/||b|| 5.0477048517701627e-04
752 MLA ||r(i)||/||b|| 5.0326998584012469e-04
753 MLA ||r(i)||/||b|| 5.0177675945491888e-04
754 MLA ||r(i)||/||b|| 5.0029075710038892e-04
755 MLA ||r(i)||/||b|| 4.9881190687637818e-04
756 MLA ||r(i)||/||b|| 4.9734019210421370e-04
757 MLA ||r(i)||/||b|| 4.9587554011602732e-04
758 MLA ||r(i)||/||b|| 4.9441799162997749e-04
759 MLA ||r(i)||/||b|| 4.9296745107324362e-04
760 MLA ||r(i)||/||b|| 4.9152387742509363e-04
761 MLA ||r(i)||/||b|| 4.9008726842664457e-04
762 MLA ||r(i)||/||b|| 4.8865755026143297e-04
763 MLA ||r(i)||/||b|| 4.8723464443868608e-04
764 MLA ||r(i)||/||b|| 4.8581862308960953e-04
765 MLA ||r(i)||/||b|| 4.8440941047847883e-04
766 MLA ||r(i)||/||b|| 4.8300696774233019e-04
767 MLA ||r(i)||/||b|| 4.8161120883623298e-04
768 MLA ||r(i)||/||b|| 4.8022215525300526e-04
769 MLA ||r(i)||/||b|| 4.7883970124642090e-04
770 MLA ||r(i)||/||b|| 4.7746391901143929e-04
771 MLA ||r(i)||/||b|| 4.7609469701133253e-04
772 MLA ||r(i)||/||b|| 4.7473196461841091e-04
773 MLA ||r(i)||/||b|| 4.7337578920871954e-04
774 MLA ||r(i)||/||b|| 4.7202606418216719e-04
775 MLA ||r(i)||/||b|| 4.7068276332144191e-04
776 MLA ||r(i)||/||b|| 4.6934590546517639e-04
777 MLA ||r(i)||/||b|| 4.6801539994824733e-04
778 MLA ||r(i)||/||b|| 4.6669120673483485e-04
779 MLA ||r(i)||/||b|| 4.6537332801887708e-04
780 MLA ||r(i)||/||b|| 4.6406170165509388e-04
781 MLA ||r(i)||/||b|| 4.6275632331615850e-04
782 MLA ||r(i)||/||b|| 4.6145713521211171e-04
783 MLA ||r(i)||/||b|| 4.6016408122111679e-04
784 MLA ||r(i)||/||b|| 4.5887717339305079e-04
785 MLA ||r(i)||/||b|| 4.5759637171151107e-04
786 MLA ||r(i)||/||b|| 4.5632166707133766e-04
787 MLA ||r(i)||/||b|| 4.5505295504418220e-04
788 MLA ||r(i)||/||b|| 4.5379023945085962e-04
789 MLA ||r(i)||/||b|| 4.5253349620019077e-04
790 MLA ||r(i)||/||b|| 4.5128271656633216e-04
791 MLA ||r(i)||/||b|| 4.5003785840039458e-04
792 MLA ||r(i)||/||b|| 4.4879881668127754e-04
793 MLA ||r(i)||/||b|| 4.4756563385011858e-04
794 MLA ||r(i)||/||b|| 4.4633826729161913e-04
795 MLA ||r(i)||/||b|| 4.4511669076421223e-04
796 MLA ||r(i)||/||b|| 4.4390082838906319e-04
797 MLA ||r(i)||/||b|| 4.4269071488319542e-04
798 MLA ||r(i)||/||b|| 4.4148625964247044e-04
799 MLA ||r(i)||/||b|| 4.4028752165606479e-04
800 MLA ||r(i)||/||b|| 4.3909433479666197e-04
801 MLA ||r(i)||/||b|| 4.3790680201515704e-04
802 MLA ||r(i)||/||b|| 4.3672484048776976e-04
803 MLA ||r(i)||/||b|| 4.3554838041229792e-04
804 MLA ||r(i)||/||b|| 4.3437740738743331e-04
805 MLA ||r(i)||/||b|| 4.3321195038784305e-04
806 MLA ||r(i)||/||b|| 4.3205191647817127e-04
807 MLA ||r(i)||/||b|| 4.3089735160033085e-04
808 MLA ||r(i)||/||b|| 4.2974814405014332e-04
809 MLA ||r(i)||/||b|| 4.2860430460755610e-04
810 MLA ||r(i)||/||b|| 4.2746581243813708e-04
811 MLA ||r(i)||/||b|| 4.2633259855037189e-04
812 MLA ||r(i)||/||b|| 4.2520467113542061e-04
813 MLA ||r(i)||/||b|| 4.2408198179905003e-04
814 MLA ||r(i)||/||b|| 4.2296454256317718e-04
815 MLA ||r(i)||/||b|| 4.2185227702559161e-04
816 MLA ||r(i)||/||b|| 4.2074520610948369e-04
817 MLA ||r(i)||/||b|| 4.1964322020362859e-04
818 MLA ||r(i)||/||b|| 4.1854638636190102e-04
819 MLA ||r(i)||/||b|| 4.1745460139386428e-04
820 MLA ||r(i)||/||b|| 4.1636790170043503e-04
821 MLA ||r(i)||/||b|| 4.1528626615410885e-04
822 MLA ||r(i)||/||b|| 4.1420958753019248e-04
823 MLA ||r(i)||/||b|| 4.1313791571973431e-04
824 MLA ||r(i)||/||b|| 4.1207114002936573e-04
825 MLA ||r(i)||/||b|| 4.1100928864352005e-04
826 MLA ||r(i)||/||b|| 4.0995240168496106e-04
827 MLA ||r(i)||/||b|| 4.0890036877920636e-04
828 MLA ||r(i)||/||b|| 4.0785316250404496e-04
829 MLA ||r(i)||/||b|| 4.0681075019454555e-04
830 MLA ||r(i)||/||b|| 4.0577318046654395e-04
831 MLA ||r(i)||/||b|| 4.0474036029396394e-04
832 MLA ||r(i)||/||b|| 4.0371228916912921e-04
833 MLA ||r(i)||/||b|| 4.0268895880045288e-04
834 MLA ||r(i)||/||b|| 4.0167028619491192e-04
835 MLA ||r(i)||/||b|| 4.0065630497719898e-04
836 MLA ||r(i)||/||b|| 3.9964697048591345e-04
837 MLA ||r(i)||/||b|| 3.9864224160286580e-04
838 MLA ||r(i)||/||b|| 3.9764212391557011e-04
839 MLA ||r(i)||/||b|| 3.9664656084980536e-04
840 MLA ||r(i)||/||b|| 3.9565553909929880e-04
841 MLA ||r(i)||/||b|| 3.9466905615106020e-04
842 MLA ||r(i)||/||b|| 3.9368709624401470e-04
843 MLA ||r(i)||/||b|| 3.9270955927070054e-04
844 MLA ||r(i)||/||b|| 3.9173649792872820e-04
845 MLA ||r(i)||/||b|| 3.9076786349022348e-04
846 MLA ||r(i)||/||b|| 3.8980364683313028e-04
847 MLA ||r(i)||/||b|| 3.8884382869836795e-04
848 MLA ||r(i)||/||b|| 3.8788834042021450e-04
849 MLA ||r(i)||/||b|| 3.8693718204535661e-04
850 MLA ||r(i)||/||b|| 3.8599035518082877e-04
851 MLA ||r(i)||/||b|| 3.8504780854007432e-04
852 MLA ||r(i)||/||b|| 3.8410954423567486e-04
853 MLA ||r(i)||/||b|| 3.8317548526201891e-04
854 MLA ||r(i)||/||b|| 3.8224569892548864e-04
855 MLA ||r(i)||/||b|| 3.8132007741168388e-04
856 MLA ||r(i)||/||b|| 3.8039863940765464e-04
857 MLA ||r(i)||/||b|| 3.7948137029320228e-04
858 MLA ||r(i)||/||b|| 3.7856822147366761e-04
859 MLA ||r(i)||/||b|| 3.7765919196383770e-04
860 MLA ||r(i)||/||b|| 3.7675426396977180e-04
861 MLA ||r(i)||/||b|| 3.7585337357919492e-04
862 MLA ||r(i)||/||b|| 3.7495654727230036e-04
863 MLA ||r(i)||/||b|| 3.7406375259117834e-04
864 MLA ||r(i)||/||b|| 3.7317494305561324e-04
865 MLA ||r(i)||/||b|| 3.7229014368292602e-04
866 MLA ||r(i)||/||b|| 3.7140930486971168e-04
867 MLA ||r(i)||/||b|| 3.7053240341955711e-04
868 MLA ||r(i)||/||b|| 3.6965943396185158e-04
869 MLA ||r(i)||/||b|| 3.6879033411854682e-04
870 MLA ||r(i)||/||b|| 3.6792510221710220e-04
871 MLA ||r(i)||/||b|| 3.6706375637422133e-04
872 MLA ||r(i)||/||b|| 3.6620624338378361e-04
873 MLA ||r(i)||/||b|| 3.6535256250877247e-04
874 MLA ||r(i)||/||b|| 3.6450268532480244e-04
875 MLA ||r(i)||/||b|| 3.6365657493983068e-04
876 MLA ||r(i)||/||b|| 3.6281421642059036e-04
877 MLA ||r(i)||/||b|| 3.6197560522483884e-04
878 MLA ||r(i)||/||b|| 3.6114070923045369e-04
879 MLA ||r(i)||/||b|| 3.6030950444658873e-04
880 MLA ||r(i)||/||b|| 3.5948198939345273e-04
881 MLA ||r(i)||/||b|| 3.5865814844561375e-04
882 MLA ||r(i)||/||b|| 3.5783794811528508e-04
883 MLA ||r(i)||/||b|| 3.5702134629463805e-04
884 MLA ||r(i)||/||b|| 3.5620833387426629e-04
885 MLA ||r(i)||/||b|| 3.5539894892040166e-04
886 MLA ||r(i)||/||b|| 3.5459309682910745e-04
887 MLA ||r(i)||/||b|| 3.5379081009955979e-04
888 MLA ||r(i)||/||b|| 3.5299204117176841e-04
889 MLA ||r(i)||/||b|| 3.5219680811397286e-04
890 MLA ||r(i)||/||b|| 3.5140505001606800e-04
891 MLA ||r(i)||/||b|| 3.5061672818940173e-04
892 MLA ||r(i)||/||b|| 3.4983190424465804e-04
893 MLA ||r(i)||/||b|| 3.4905049664910569e-04
894 MLA ||r(i)||/||b|| 3.4827251139982955e-04
895 MLA ||r(i)||/||b|| 3.4749792960884265e-04
896 MLA ||r(i)||/||b|| 3.4672672135522994e-04
897 MLA ||r(i)||/||b|| 3.4595890447496747e-04
898 MLA ||r(i)||/||b|| 3.4519437612037779e-04
899 MLA ||r(i)||/||b|| 3.4443321253009731e-04
900 MLA ||r(i)||/||b|| 3.4367536665791615e-04
901 MLA ||r(i)||/||b|| 3.4292079714195458e-04
902 MLA ||r(i)||/||b|| 3.4216953916870200e-04
903 MLA ||r(i)||/||b|| 3.4142153249379408e-04
904 MLA ||r(i)||/||b|| 3.4067673106159591e-04
905 MLA ||r(i)||/||b|| 3.3993518829812799e-04
906 MLA ||r(i)||/||b|| 3.3919681841364479e-04
907 MLA ||r(i)||/||b|| 3.3846165289289597e-04
908 MLA ||r(i)||/||b|| 3.3772968849513020e-04
909 MLA ||r(i)||/||b|| 3.3700086311894768e-04
910 MLA ||r(i)||/||b|| 3.3627516662284457e-04
911 MLA ||r(i)||/||b|| 3.3555261947240493e-04
912 MLA ||r(i)||/||b|| 3.3483317767723164e-04
913 MLA ||r(i)||/||b|| 3.3411681338304210e-04
914 MLA ||r(i)||/||b|| 3.3340353430838808e-04
915 MLA ||r(i)||/||b|| 3.3269329087273888e-04
916 MLA ||r(i)||/||b|| 3.3198612041503850e-04
917 MLA ||r(i)||/||b|| 3.3128192522572460e-04
918 MLA ||r(i)||/||b|| 3.3058079777491771e-04
919 MLA ||r(i)||/||b|| 3.2988265787191616e-04
920 MLA ||r(i)||/||b|| 3.2918750292522262e-04
921 MLA ||r(i)||/||b|| 3.2849526434543757e-04
922 MLA ||r(i)||/||b|| 3.2780603692395829e-04
923 MLA ||r(i)||/||b|| 3.2711971632938362e-04
924 MLA ||r(i)||/||b|| 3.2643627518594011e-04
925 MLA ||r(i)||/||b|| 3.2575579214096946e-04
926 MLA ||r(i)||/||b|| 3.2507814960649177e-04
927 MLA ||r(i)||/||b|| 3.2440341295098549e-04
928 MLA ||r(i)||/||b|| 3.2373152624795787e-04
929 MLA ||r(i)||/||b|| 3.2306248727544649e-04
930 MLA ||r(i)||/||b|| 3.2239623206142809e-04
931 MLA ||r(i)||/||b|| 3.2173282940346862e-04
932 MLA ||r(i)||/||b|| 3.2107221717672169e-04
933 MLA ||r(i)||/||b|| 3.2041438240874750e-04
934 MLA ||r(i)||/||b|| 3.1975931681782813e-04
935 MLA ||r(i)||/||b|| 3.1910702214958030e-04
936 MLA ||r(i)||/||b|| 3.1845740982983540e-04
937 MLA ||r(i)||/||b|| 3.1781056610957721e-04
938 MLA ||r(i)||/||b|| 3.1716641392881789e-04
939 MLA ||r(i)||/||b|| 3.1652497739315550e-04
940 MLA ||r(i)||/||b|| 3.1588620231826070e-04
941 MLA ||r(i)||/||b|| 3.1525011669403035e-04
942 MLA ||r(i)||/||b|| 3.1461666583549892e-04
943 MLA ||r(i)||/||b|| 3.1398586873032728e-04
944 MLA ||r(i)||/||b|| 3.1335766963681768e-04
945 MLA ||r(i)||/||b|| 3.1273210428272045e-04
946 MLA ||r(i)||/||b|| 3.1210912433392681e-04
947 MLA ||r(i)||/||b|| 3.1148870781499152e-04
948 MLA ||r(i)||/||b|| 3.1087091287431453e-04
949 MLA ||r(i)||/||b|| 3.1025561795538148e-04
950 MLA ||r(i)||/||b|| 3.0964288319019502e-04
951 MLA ||r(i)||/||b|| 3.0903272191599789e-04
952 MLA ||r(i)||/||b|| 3.0842502988571362e-04
953 MLA ||r(i)||/||b|| 3.0781986807417030e-04
954 MLA ||r(i)||/||b|| 3.0721718116027302e-04
955 MLA ||r(i)||/||b|| 3.0661696545570665e-04
956 MLA ||r(i)||/||b|| 3.0601922818542974e-04
957 MLA ||r(i)||/||b|| 3.0542393194242154e-04
958 MLA ||r(i)||/||b|| 3.0483108942013128e-04
959 MLA ||r(i)||/||b|| 3.0424065767223444e-04
960 MLA ||r(i)||/||b|| 3.0365263566567918e-04
961 MLA ||r(i)||/||b|| 3.0306702429761038e-04
962 MLA ||r(i)||/||b|| 3.0248377312684969e-04
963 MLA ||r(i)||/||b|| 3.0190292781397593e-04
964 MLA ||r(i)||/||b|| 3.0132442807945047e-04
965 MLA ||r(i)||/||b|| 3.0074829020062535e-04
966 MLA ||r(i)||/||b|| 3.0017448654671611e-04
967 MLA ||r(i)||/||b|| 2.9960298715932558e-04
968 MLA ||r(i)||/||b|| 2.9903381421664992e-04
969 MLA ||r(i)||/||b|| 2.9846695000551550e-04
970 MLA ||r(i)||/||b|| 2.9790236450838952e-04
971 MLA ||r(i)||/||b|| 2.9734003253803146e-04
972 MLA ||r(i)||/||b|| 2.9678000753892425e-04
973 MLA ||r(i)||/||b|| 2.9622222750252741e-04
974 MLA ||r(i)||/||b|| 2.9566664226808722e-04
975 MLA ||r(i)||/||b|| 2.9511332778107150e-04
976 MLA ||r(i)||/||b|| 2.9456223553111404e-04
977 MLA ||r(i)||/||b|| 2.9401333918631909e-04
978 MLA ||r(i)||/||b|| 2.9346662299142390e-04
979 MLA ||r(i)||/||b|| 2.9292208714730411e-04
980 MLA ||r(i)||/||b|| 2.9237975871875991e-04
981 MLA ||r(i)||/||b|| 2.9183955706703227e-04
982 MLA ||r(i)||/||b|| 2.9130150853728996e-04
983 MLA ||r(i)||/||b|| 2.9076559167502501e-04
984 MLA ||r(i)||/||b|| 2.9023179701865372e-04
985 MLA ||r(i)||/||b|| 2.8970013010017867e-04
986 MLA ||r(i)||/||b|| 2.8917054646002030e-04
987 MLA ||r(i)||/||b|| 2.8864306675806115e-04
988 MLA ||r(i)||/||b|| 2.8811766351666143e-04
989 MLA ||r(i)||/||b|| 2.8759434817157546e-04
990 MLA ||r(i)||/||b|| 2.8707309428145438e-04
991 MLA ||r(i)||/||b|| 2.8655384643414591e-04
992 MLA ||r(i)||/||b|| 2.8603668419491360e-04
993 MLA ||r(i)||/||b|| 2.8552151474528514e-04
994 MLA ||r(i)||/||b|| 2.8500836894872515e-04
995 MLA ||r(i)||/||b|| 2.8449722061558096e-04
996 MLA ||r(i)||/||b|| 2.8398808671049533e-04
997 MLA ||r(i)||/||b|| 2.8348093156377183e-04
998 MLA ||r(i)||/||b|| 2.8297573079256766e-04
999 MLA ||r(i)||/||b|| 2.8247249638067384e-04
1000 MLA ||r(i)||/||b|| 2.8197127010765738e-04
>>>> solve time: 2.19578 (s)
>>>> ksp solve time: 0.00170159 (s)
            || b ||_2 = 2.6501139470351753e+00
|| r ||_2 / || b ||_2 = 1.4365554870196187e+01
