Config file: ../input/config/mla_v_cycle-refine1.json
order_rbm = 2
angle_type = 1
==== basic information of linear system ====
matrix Row = 5340, matrix Column = 5340
matrix nz_allocated = 104619, matrix nz_used = 104619, matrix nz_unneeded = 0
vector Row = 5340
initial     || b ||_2 = 1.3851994067587832e+00
in level 1:
nodes in level 1 (coarse) is 55, less than 100, setup done!
>>>> setup time: 0.0523841 (s)
0 MLA ||r(i)||/||b|| 1.0000000000000000e+00
1 MLA ||r(i)||/||b|| 2.0263501503693302e+00
2 MLA ||r(i)||/||b|| 1.3077229124573118e+00
3 MLA ||r(i)||/||b|| 1.2578045988886872e+00
4 MLA ||r(i)||/||b|| 1.1830649785625764e+00
5 MLA ||r(i)||/||b|| 1.1432947768104091e+00
6 MLA ||r(i)||/||b|| 1.1666948035912570e+00
7 MLA ||r(i)||/||b|| 1.9296586547059811e+00
8 MLA ||r(i)||/||b|| 1.8915198990074018e+00
9 MLA ||r(i)||/||b|| 2.4948435679712730e+00
10 MLA ||r(i)||/||b|| 1.6815958793044776e+00
11 MLA ||r(i)||/||b|| 2.1650131456303705e+00
12 MLA ||r(i)||/||b|| 1.1489796295131280e+00
13 MLA ||r(i)||/||b|| 1.4796831288499521e+00
14 MLA ||r(i)||/||b|| 1.6706749866552024e+00
15 MLA ||r(i)||/||b|| 1.4991518968170965e+00
16 MLA ||r(i)||/||b|| 9.1382646601663697e-01
17 MLA ||r(i)||/||b|| 6.1048230096714662e-01
18 MLA ||r(i)||/||b|| 4.7561002476941289e-01
19 MLA ||r(i)||/||b|| 3.8496119088089098e-01
20 MLA ||r(i)||/||b|| 3.2087502951138619e-01
21 MLA ||r(i)||/||b|| 2.7333986971569496e-01
22 MLA ||r(i)||/||b|| 2.4006035439397116e-01
23 MLA ||r(i)||/||b|| 2.1745074404706510e-01
24 MLA ||r(i)||/||b|| 2.0020502997452239e-01
25 MLA ||r(i)||/||b|| 1.8493143419187552e-01
26 MLA ||r(i)||/||b|| 1.7072457528331400e-01
27 MLA ||r(i)||/||b|| 1.5788688089424810e-01
28 MLA ||r(i)||/||b|| 1.4634634480916564e-01
29 MLA ||r(i)||/||b|| 1.3577887431761879e-01
30 MLA ||r(i)||/||b|| 1.2612440850466178e-01
31 MLA ||r(i)||/||b|| 1.1731016071064203e-01
32 MLA ||r(i)||/||b|| 1.0927649757348629e-01
33 MLA ||r(i)||/||b|| 1.0197891074820362e-01
34 MLA ||r(i)||/||b|| 9.5380826368916094e-02
35 MLA ||r(i)||/||b|| 8.9441675718714558e-02
36 MLA ||r(i)||/||b|| 8.4087132097660860e-02
37 MLA ||r(i)||/||b|| 7.9291566783930734e-02
38 MLA ||r(i)||/||b|| 7.4962956825679911e-02
39 MLA ||r(i)||/||b|| 7.1075951008449711e-02
40 MLA ||r(i)||/||b|| 6.7560440135270267e-02
41 MLA ||r(i)||/||b|| 6.4365184244551732e-02
42 MLA ||r(i)||/||b|| 6.1455543603128007e-02
43 MLA ||r(i)||/||b|| 5.8793825540740190e-02
44 MLA ||r(i)||/||b|| 5.6350670505740039e-02
45 MLA ||r(i)||/||b|| 5.4090947152467900e-02
46 MLA ||r(i)||/||b|| 5.1995873217704998e-02
47 MLA ||r(i)||/||b|| 5.0043965820947743e-02
48 MLA ||r(i)||/||b|| 4.8226598630941302e-02
49 MLA ||r(i)||/||b|| 4.6517974533456331e-02
50 MLA ||r(i)||/||b|| 4.4911228017185403e-02
51 MLA ||r(i)||/||b|| 4.3402808684952075e-02
52 MLA ||r(i)||/||b|| 4.1978647394731929e-02
53 MLA ||r(i)||/||b|| 4.0631466736535109e-02
54 MLA ||r(i)||/||b|| 3.9356033267063120e-02
55 MLA ||r(i)||/||b|| 3.8143906588053708e-02
56 MLA ||r(i)||/||b|| 3.6996683493658859e-02
57 MLA ||r(i)||/||b|| 3.5906929005014084e-02
58 MLA ||r(i)||/||b|| 3.4867015674137691e-02
59 MLA ||r(i)||/||b|| 3.3880758236453049e-02
60 MLA ||r(i)||/||b|| 3.2937352264118210e-02
61 MLA ||r(i)||/||b|| 3.2040945978777352e-02
62 MLA ||r(i)||/||b|| 3.1184875483940742e-02
63 MLA ||r(i)||/||b|| 3.0366582488774798e-02
64 MLA ||r(i)||/||b|| 2.9581807910470589e-02
65 MLA ||r(i)||/||b|| 2.8834765789968568e-02
66 MLA ||r(i)||/||b|| 2.8116421095087756e-02
67 MLA ||r(i)||/||b|| 2.7431230814150970e-02
68 MLA ||r(i)||/||b|| 2.6771646519474536e-02
69 MLA ||r(i)||/||b|| 2.6140417565360480e-02
70 MLA ||r(i)||/||b|| 2.5535749419826417e-02
71 MLA ||r(i)||/||b|| 2.4952035017304267e-02
72 MLA ||r(i)||/||b|| 2.4393759975108859e-02
73 MLA ||r(i)||/||b|| 2.3855287409918467e-02
74 MLA ||r(i)||/||b|| 2.3337928577110933e-02
75 MLA ||r(i)||/||b|| 2.2839259654310669e-02
76 MLA ||r(i)||/||b|| 2.2357345266252777e-02
77 MLA ||r(i)||/||b|| 2.1893344428267528e-02
78 MLA ||r(i)||/||b|| 2.1446446722638027e-02
79 MLA ||r(i)||/||b|| 2.1016154628050135e-02
80 MLA ||r(i)||/||b|| 2.0599381761827129e-02
81 MLA ||r(i)||/||b|| 2.0195409387836254e-02
82 MLA ||r(i)||/||b|| 1.9806009189492334e-02
83 MLA ||r(i)||/||b|| 1.9429535703920184e-02
84 MLA ||r(i)||/||b|| 1.9065110553483932e-02
85 MLA ||r(i)||/||b|| 1.8711970884136831e-02
86 MLA ||r(i)||/||b|| 1.8369850444191763e-02
87 MLA ||r(i)||/||b|| 1.8062582265511915e-02
88 MLA ||r(i)||/||b|| 1.7700618587267181e-02
89 MLA ||r(i)||/||b|| 1.7426119509996851e-02
90 MLA ||r(i)||/||b|| 1.7122131630409630e-02
91 MLA ||r(i)||/||b|| 1.6817309811410188e-02
92 MLA ||r(i)||/||b|| 1.6528779168312028e-02
93 MLA ||r(i)||/||b|| 1.6253639914853860e-02
94 MLA ||r(i)||/||b|| 1.5984101649113871e-02
95 MLA ||r(i)||/||b|| 1.5713449469881315e-02
96 MLA ||r(i)||/||b|| 1.5468867192377771e-02
97 MLA ||r(i)||/||b|| 1.5218002179591376e-02
98 MLA ||r(i)||/||b|| 1.4968995024066735e-02
99 MLA ||r(i)||/||b|| 1.4728991573018494e-02
100 MLA ||r(i)||/||b|| 1.4497899126897786e-02
101 MLA ||r(i)||/||b|| 1.4273342303461509e-02
102 MLA ||r(i)||/||b|| 1.4053908032852837e-02
103 MLA ||r(i)||/||b|| 1.3864272094038742e-02
104 MLA ||r(i)||/||b|| 1.3582951760470814e-02
105 MLA ||r(i)||/||b|| 1.3317373331977174e-02
106 MLA ||r(i)||/||b|| 1.3107914646136663e-02
107 MLA ||r(i)||/||b|| 1.2907828532868719e-02
108 MLA ||r(i)||/||b|| 1.2698786610557719e-02
109 MLA ||r(i)||/||b|| 1.3398704101150618e-02
110 MLA ||r(i)||/||b|| 1.2888847148397111e-02
111 MLA ||r(i)||/||b|| 1.2670601048043632e-02
112 MLA ||r(i)||/||b|| 1.2259422013734944e-02
113 MLA ||r(i)||/||b|| 1.2143784176732850e-02
114 MLA ||r(i)||/||b|| 1.1935999833539811e-02
115 MLA ||r(i)||/||b|| 1.1789693727156729e-02
116 MLA ||r(i)||/||b|| 1.1605309299866836e-02
117 MLA ||r(i)||/||b|| 1.1420346709815832e-02
118 MLA ||r(i)||/||b|| 1.1244065811450939e-02
119 MLA ||r(i)||/||b|| 1.1078388507547844e-02
120 MLA ||r(i)||/||b|| 1.0921162524644038e-02
121 MLA ||r(i)||/||b|| 1.0767909408482336e-02
122 MLA ||r(i)||/||b|| 1.0617711762786638e-02
123 MLA ||r(i)||/||b|| 1.0471740895574332e-02
124 MLA ||r(i)||/||b|| 1.0331046815116042e-02
125 MLA ||r(i)||/||b|| 1.0195630173940942e-02
126 MLA ||r(i)||/||b|| 1.0064666729702576e-02
127 MLA ||r(i)||/||b|| 9.9375298004142493e-03
128 MLA ||r(i)||/||b|| 9.8137477826119087e-03
129 MLA ||r(i)||/||b|| 9.6929742454178406e-03
130 MLA ||r(i)||/||b|| 9.5749534134664735e-03
131 MLA ||r(i)||/||b|| 9.4594901760242187e-03
132 MLA ||r(i)||/||b|| 9.3464025635131096e-03
133 MLA ||r(i)||/||b|| 9.2356253359093306e-03
134 MLA ||r(i)||/||b|| 9.1270079303406946e-03
135 MLA ||r(i)||/||b|| 9.0205470913852105e-03
136 MLA ||r(i)||/||b|| 8.9129083260260922e-03
137 MLA ||r(i)||/||b|| 8.8100339026275336e-03
138 MLA ||r(i)||/||b|| 8.7100450452304978e-03
139 MLA ||r(i)||/||b|| 8.6137642562202146e-03
140 MLA ||r(i)||/||b|| 8.4925088413780013e-03
141 MLA ||r(i)||/||b|| 8.3436993515463766e-03
142 MLA ||r(i)||/||b|| 8.2235163496623652e-03
143 MLA ||r(i)||/||b|| 8.1233561369473319e-03
144 MLA ||r(i)||/||b|| 8.0298239012087345e-03
145 MLA ||r(i)||/||b|| 7.9369898705329307e-03
146 MLA ||r(i)||/||b|| 7.8559518264422774e-03
147 MLA ||r(i)||/||b|| 7.7872100430695012e-03
148 MLA ||r(i)||/||b|| 7.7261846943939066e-03
149 MLA ||r(i)||/||b|| 1.0398722806515806e-02
150 MLA ||r(i)||/||b|| 8.7740505422712889e-03
151 MLA ||r(i)||/||b|| 7.9223976037086068e-03
152 MLA ||r(i)||/||b|| 7.9138357533169810e-03
153 MLA ||r(i)||/||b|| 8.0881867520608431e-03
154 MLA ||r(i)||/||b|| 7.8316381076523247e-03
155 MLA ||r(i)||/||b|| 7.4216261714734767e-03
156 MLA ||r(i)||/||b|| 7.3131398745039829e-03
157 MLA ||r(i)||/||b|| 7.1808101686518392e-03
158 MLA ||r(i)||/||b|| 8.2066847152420606e-03
159 MLA ||r(i)||/||b|| 7.5345168211263117e-03
160 MLA ||r(i)||/||b|| 7.2024313814443540e-03
161 MLA ||r(i)||/||b|| 6.9220088261573755e-03
162 MLA ||r(i)||/||b|| 6.8195210819489305e-03
163 MLA ||r(i)||/||b|| 6.7350576114497676e-03
164 MLA ||r(i)||/||b|| 6.6615290420437298e-03
165 MLA ||r(i)||/||b|| 7.4963533185009772e-03
166 MLA ||r(i)||/||b|| 7.8033124513153520e-03
167 MLA ||r(i)||/||b|| 7.3978813961998735e-03
168 MLA ||r(i)||/||b|| 7.0383870855729187e-03
169 MLA ||r(i)||/||b|| 7.2785663861912164e-03
170 MLA ||r(i)||/||b|| 6.9563234742105566e-03
171 MLA ||r(i)||/||b|| 6.6794341844221127e-03
172 MLA ||r(i)||/||b|| 6.4064718863316977e-03
173 MLA ||r(i)||/||b|| 6.2100217789288585e-03
174 MLA ||r(i)||/||b|| 6.1246503509324720e-03
175 MLA ||r(i)||/||b|| 6.0987319987829344e-03
176 MLA ||r(i)||/||b|| 6.0347228022170005e-03
177 MLA ||r(i)||/||b|| 5.9769215540795570e-03
178 MLA ||r(i)||/||b|| 7.9093157406023105e-03
179 MLA ||r(i)||/||b|| 6.7291077986528633e-03
180 MLA ||r(i)||/||b|| 6.3116554965677073e-03
181 MLA ||r(i)||/||b|| 5.9661124251929364e-03
182 MLA ||r(i)||/||b|| 5.9142130843068000e-03
183 MLA ||r(i)||/||b|| 6.6497375035712517e-03
184 MLA ||r(i)||/||b|| 6.2109047391814458e-03
185 MLA ||r(i)||/||b|| 6.0052096850153665e-03
186 MLA ||r(i)||/||b|| 5.7805642430373257e-03
187 MLA ||r(i)||/||b|| 5.5929839023123196e-03
188 MLA ||r(i)||/||b|| 5.5357409924256858e-03
189 MLA ||r(i)||/||b|| 9.1478277844108530e-03
190 MLA ||r(i)||/||b|| 7.1718269671264007e-03
191 MLA ||r(i)||/||b|| 7.0283753478674839e-03
192 MLA ||r(i)||/||b|| 6.7663086155142684e-03
193 MLA ||r(i)||/||b|| 5.9006675045781215e-03
194 MLA ||r(i)||/||b|| 5.4386138503521204e-03
195 MLA ||r(i)||/||b|| 7.6809216842317679e-03
196 MLA ||r(i)||/||b|| 6.1617330234925247e-03
197 MLA ||r(i)||/||b|| 5.7178979623519303e-03
198 MLA ||r(i)||/||b|| 5.4598623464751040e-03
199 MLA ||r(i)||/||b|| 5.1546239199999865e-03
200 MLA ||r(i)||/||b|| 5.0588808024893423e-03
201 MLA ||r(i)||/||b|| 5.0264726298040775e-03
202 MLA ||r(i)||/||b|| 4.9900491507625169e-03
203 MLA ||r(i)||/||b|| 4.9708366266497826e-03
204 MLA ||r(i)||/||b|| 9.0725661804938393e-03
205 MLA ||r(i)||/||b|| 6.7565601430624369e-03
206 MLA ||r(i)||/||b|| 5.5426689684437000e-03
207 MLA ||r(i)||/||b|| 6.3552172628859845e-03
208 MLA ||r(i)||/||b|| 6.0139478429944307e-03
209 MLA ||r(i)||/||b|| 5.2660112017845128e-03
210 MLA ||r(i)||/||b|| 4.9075192361084765e-03
211 MLA ||r(i)||/||b|| 4.8161081962112958e-03
212 MLA ||r(i)||/||b|| 5.1029604648544511e-03
213 MLA ||r(i)||/||b|| 4.7981480210911916e-03
214 MLA ||r(i)||/||b|| 4.6744809938206906e-03
215 MLA ||r(i)||/||b|| 4.5929619326069262e-03
216 MLA ||r(i)||/||b|| 4.5489439061731814e-03
217 MLA ||r(i)||/||b|| 4.5280622751257254e-03
218 MLA ||r(i)||/||b|| 4.5555655599516303e-03
219 MLA ||r(i)||/||b|| 4.5808869599054608e-03
220 MLA ||r(i)||/||b|| 4.5528327430509937e-03
221 MLA ||r(i)||/||b|| 4.4868680749368083e-03
222 MLA ||r(i)||/||b|| 8.2851484989936268e-03
223 MLA ||r(i)||/||b|| 7.0405381714139610e-03
224 MLA ||r(i)||/||b|| 5.4472213750071845e-03
225 MLA ||r(i)||/||b|| 6.9699567323971215e-03
226 MLA ||r(i)||/||b|| 6.2826780277855931e-03
227 MLA ||r(i)||/||b|| 5.0381890981101045e-03
228 MLA ||r(i)||/||b|| 4.6707288989330104e-03
229 MLA ||r(i)||/||b|| 4.4792551081231993e-03
230 MLA ||r(i)||/||b|| 4.3429510023173488e-03
231 MLA ||r(i)||/||b|| 4.2794419539569119e-03
232 MLA ||r(i)||/||b|| 4.1942849212823190e-03
233 MLA ||r(i)||/||b|| 4.1512725848530507e-03
234 MLA ||r(i)||/||b|| 4.1350963918666784e-03
235 MLA ||r(i)||/||b|| 4.1197994395301479e-03
236 MLA ||r(i)||/||b|| 5.6692888793146911e-03
237 MLA ||r(i)||/||b|| 4.6612416552086876e-03
238 MLA ||r(i)||/||b|| 4.4141797495951948e-03
239 MLA ||r(i)||/||b|| 4.2344497949722967e-03
240 MLA ||r(i)||/||b|| 4.0595523862435026e-03
241 MLA ||r(i)||/||b|| 4.0317701529801603e-03
242 MLA ||r(i)||/||b|| 5.8493602074135894e-03
243 MLA ||r(i)||/||b|| 7.6275240450099568e-03
244 MLA ||r(i)||/||b|| 6.3978822487854789e-03
245 MLA ||r(i)||/||b|| 5.0189818050519110e-03
246 MLA ||r(i)||/||b|| 4.9497393280099351e-03
247 MLA ||r(i)||/||b|| 4.3844754599161612e-03
248 MLA ||r(i)||/||b|| 4.0402502796379461e-03
249 MLA ||r(i)||/||b|| 3.9419437090549916e-03
250 MLA ||r(i)||/||b|| 3.9000545565170564e-03
251 MLA ||r(i)||/||b|| 3.8638379478017756e-03
252 MLA ||r(i)||/||b|| 3.8489136524475806e-03
253 MLA ||r(i)||/||b|| 4.5564248037584356e-03
254 MLA ||r(i)||/||b|| 4.0733774716330065e-03
255 MLA ||r(i)||/||b|| 3.9245572975367456e-03
256 MLA ||r(i)||/||b|| 3.9775854138715053e-03
257 MLA ||r(i)||/||b|| 3.9408992264247412e-03
258 MLA ||r(i)||/||b|| 3.8047428040270215e-03
259 MLA ||r(i)||/||b|| 3.7549519901589660e-03
260 MLA ||r(i)||/||b|| 8.7047420446785227e-03
261 MLA ||r(i)||/||b|| 6.8661540033700865e-03
262 MLA ||r(i)||/||b|| 4.9103884846429195e-03
263 MLA ||r(i)||/||b|| 5.6599165197795667e-03
264 MLA ||r(i)||/||b|| 5.9902263712464637e-03
265 MLA ||r(i)||/||b|| 4.7838774122722387e-03
266 MLA ||r(i)||/||b|| 3.9892934410094248e-03
267 MLA ||r(i)||/||b|| 3.7733517466359322e-03
268 MLA ||r(i)||/||b|| 3.6277220036085704e-03
269 MLA ||r(i)||/||b|| 3.6850738961155100e-03
270 MLA ||r(i)||/||b|| 3.5472303708191629e-03
271 MLA ||r(i)||/||b|| 3.4503797239624494e-03
272 MLA ||r(i)||/||b|| 3.4448249634837914e-03
273 MLA ||r(i)||/||b|| 3.5019205532840210e-03
274 MLA ||r(i)||/||b|| 7.0314944959430107e-03
275 MLA ||r(i)||/||b|| 5.1392751594469118e-03
276 MLA ||r(i)||/||b|| 4.5758942985214563e-03
277 MLA ||r(i)||/||b|| 4.0915112223572471e-03
278 MLA ||r(i)||/||b|| 3.5474752621984405e-03
279 MLA ||r(i)||/||b|| 6.8541790470623655e-03
280 MLA ||r(i)||/||b|| 4.6653244530078502e-03
281 MLA ||r(i)||/||b|| 4.2325783444913346e-03
282 MLA ||r(i)||/||b|| 3.9455093195557714e-03
283 MLA ||r(i)||/||b|| 3.4764148802049785e-03
284 MLA ||r(i)||/||b|| 3.3223454711470428e-03
285 MLA ||r(i)||/||b|| 3.3043560767276720e-03
286 MLA ||r(i)||/||b|| 3.2882291994490529e-03
287 MLA ||r(i)||/||b|| 7.2426032123836404e-03
288 MLA ||r(i)||/||b|| 4.7360813871408320e-03
289 MLA ||r(i)||/||b|| 4.6557271176116740e-03
290 MLA ||r(i)||/||b|| 4.1543633157056208e-03
291 MLA ||r(i)||/||b|| 3.5328050309785994e-03
292 MLA ||r(i)||/||b|| 3.3919129952342301e-03
293 MLA ||r(i)||/||b|| 3.3167987622340430e-03
294 MLA ||r(i)||/||b|| 3.2307623829750083e-03
295 MLA ||r(i)||/||b|| 3.1603886975954481e-03
296 MLA ||r(i)||/||b|| 7.4306420104384577e-03
297 MLA ||r(i)||/||b|| 4.9735290408384723e-03
298 MLA ||r(i)||/||b|| 4.2754847622571554e-03
299 MLA ||r(i)||/||b|| 3.8313497862046508e-03
300 MLA ||r(i)||/||b|| 5.4490892622630375e-03
301 MLA ||r(i)||/||b|| 4.1580065607971428e-03
302 MLA ||r(i)||/||b|| 3.7491898667881616e-03
303 MLA ||r(i)||/||b|| 4.2649437240097881e-03
304 MLA ||r(i)||/||b|| 3.6784014178224893e-03
305 MLA ||r(i)||/||b|| 3.4979046612633757e-03
306 MLA ||r(i)||/||b|| 3.2449940743149532e-03
307 MLA ||r(i)||/||b|| 3.0303786116075561e-03
308 MLA ||r(i)||/||b|| 2.9969348621804491e-03
309 MLA ||r(i)||/||b|| 2.9921275407957934e-03
310 MLA ||r(i)||/||b|| 7.0501100899938059e-03
311 MLA ||r(i)||/||b|| 4.5770602359770790e-03
312 MLA ||r(i)||/||b|| 3.2559630496685373e-03
313 MLA ||r(i)||/||b|| 3.8207571280808737e-03
314 MLA ||r(i)||/||b|| 4.0882297508760893e-03
315 MLA ||r(i)||/||b|| 3.3183101159427499e-03
316 MLA ||r(i)||/||b|| 3.0825696629365002e-03
317 MLA ||r(i)||/||b|| 2.9558699186466885e-03
318 MLA ||r(i)||/||b|| 2.8885041946911287e-03
319 MLA ||r(i)||/||b|| 2.8650967732994108e-03
320 MLA ||r(i)||/||b|| 2.8399573857172799e-03
321 MLA ||r(i)||/||b|| 2.8225393327186515e-03
322 MLA ||r(i)||/||b|| 2.8127665694125063e-03
323 MLA ||r(i)||/||b|| 3.5279758313183350e-03
324 MLA ||r(i)||/||b|| 5.9777590879900909e-03
325 MLA ||r(i)||/||b|| 4.4426087799007774e-03
326 MLA ||r(i)||/||b|| 4.1081428700643361e-03
327 MLA ||r(i)||/||b|| 3.3490386824227879e-03
328 MLA ||r(i)||/||b|| 4.0849388696329592e-03
329 MLA ||r(i)||/||b|| 3.6202529963772910e-03
330 MLA ||r(i)||/||b|| 3.0553063853414456e-03
331 MLA ||r(i)||/||b|| 2.8332212206066201e-03
332 MLA ||r(i)||/||b|| 2.7550775612999977e-03
333 MLA ||r(i)||/||b|| 2.7082029151059978e-03
334 MLA ||r(i)||/||b|| 2.6818457044446463e-03
335 MLA ||r(i)||/||b|| 6.4708696740478633e-03
336 MLA ||r(i)||/||b|| 4.3195860093769370e-03
337 MLA ||r(i)||/||b|| 3.3059921900505810e-03
338 MLA ||r(i)||/||b|| 3.7613766098032260e-03
339 MLA ||r(i)||/||b|| 2.9897457249605072e-03
340 MLA ||r(i)||/||b|| 3.2920196966749562e-03
341 MLA ||r(i)||/||b|| 2.8559548862408836e-03
342 MLA ||r(i)||/||b|| 2.8195376724661197e-03
343 MLA ||r(i)||/||b|| 2.6875146269567602e-03
344 MLA ||r(i)||/||b|| 2.6060602982459686e-03
345 MLA ||r(i)||/||b|| 2.5777370781216234e-03
346 MLA ||r(i)||/||b|| 2.5690720640627182e-03
347 MLA ||r(i)||/||b|| 4.3675605548282107e-03
348 MLA ||r(i)||/||b|| 3.7422125950377339e-03
349 MLA ||r(i)||/||b|| 3.1491968433513449e-03
350 MLA ||r(i)||/||b|| 3.1540804917672173e-03
351 MLA ||r(i)||/||b|| 3.8732404830906023e-03
352 MLA ||r(i)||/||b|| 3.3417658493899568e-03
353 MLA ||r(i)||/||b|| 2.7648246334729854e-03
354 MLA ||r(i)||/||b|| 2.5866038793098574e-03
355 MLA ||r(i)||/||b|| 2.5400187035312322e-03
356 MLA ||r(i)||/||b|| 3.2110477660977992e-03
357 MLA ||r(i)||/||b|| 5.3002896517697854e-03
358 MLA ||r(i)||/||b|| 4.0336460239518753e-03
359 MLA ||r(i)||/||b|| 3.4101675881615728e-03
360 MLA ||r(i)||/||b|| 2.8747908698601348e-03
361 MLA ||r(i)||/||b|| 2.6308295589704479e-03
362 MLA ||r(i)||/||b|| 2.5076365059879427e-03
363 MLA ||r(i)||/||b|| 4.8052535024271986e-03
364 MLA ||r(i)||/||b|| 4.2079775200612847e-03
365 MLA ||r(i)||/||b|| 3.9437994529896740e-03
366 MLA ||r(i)||/||b|| 3.8432574367910418e-03
367 MLA ||r(i)||/||b|| 3.0258680492652335e-03
368 MLA ||r(i)||/||b|| 2.5294001932834602e-03
369 MLA ||r(i)||/||b|| 2.4349592766669372e-03
370 MLA ||r(i)||/||b|| 3.3184567770754123e-03
371 MLA ||r(i)||/||b|| 4.9182121658905469e-03
372 MLA ||r(i)||/||b|| 3.8480012701181451e-03
373 MLA ||r(i)||/||b|| 2.8092588960891320e-03
374 MLA ||r(i)||/||b|| 3.3498665766171715e-03
375 MLA ||r(i)||/||b|| 3.1641856795579836e-03
376 MLA ||r(i)||/||b|| 3.5511166761976022e-03
377 MLA ||r(i)||/||b|| 2.8830335660079481e-03
378 MLA ||r(i)||/||b|| 2.6963935557562089e-03
379 MLA ||r(i)||/||b|| 2.5007947061247379e-03
380 MLA ||r(i)||/||b|| 2.3132542977231975e-03
381 MLA ||r(i)||/||b|| 2.4572197740088367e-03
382 MLA ||r(i)||/||b|| 5.0588796840326609e-03
383 MLA ||r(i)||/||b|| 3.5933255336688986e-03
384 MLA ||r(i)||/||b|| 2.4863071487008577e-03
385 MLA ||r(i)||/||b|| 3.0198208451683046e-03
386 MLA ||r(i)||/||b|| 2.7148853159023718e-03
387 MLA ||r(i)||/||b|| 3.7119969439062994e-03
388 MLA ||r(i)||/||b|| 2.9336168444384679e-03
389 MLA ||r(i)||/||b|| 2.4171059599500436e-03
390 MLA ||r(i)||/||b|| 2.6936377606057481e-03
391 MLA ||r(i)||/||b|| 2.6958006909209970e-03
392 MLA ||r(i)||/||b|| 2.6831938764569044e-03
393 MLA ||r(i)||/||b|| 2.5373694783671868e-03
394 MLA ||r(i)||/||b|| 2.6168951350450738e-03
395 MLA ||r(i)||/||b|| 2.4421624957095783e-03
396 MLA ||r(i)||/||b|| 2.5287104972467186e-03
397 MLA ||r(i)||/||b|| 2.4496747144720039e-03
398 MLA ||r(i)||/||b|| 2.4819780695040598e-03
399 MLA ||r(i)||/||b|| 2.4353881009111021e-03
400 MLA ||r(i)||/||b|| 2.4532073680716901e-03
401 MLA ||r(i)||/||b|| 2.4185413691122518e-03
402 MLA ||r(i)||/||b|| 2.3558846517448143e-03
403 MLA ||r(i)||/||b|| 2.3234405407058486e-03
404 MLA ||r(i)||/||b|| 2.4201257006744646e-03
405 MLA ||r(i)||/||b|| 2.3856755517730785e-03
406 MLA ||r(i)||/||b|| 2.3989434334454256e-03
407 MLA ||r(i)||/||b|| 2.3882948939607015e-03
408 MLA ||r(i)||/||b|| 2.3879982325734424e-03
409 MLA ||r(i)||/||b|| 2.3703605224732584e-03
410 MLA ||r(i)||/||b|| 2.3760250906771710e-03
411 MLA ||r(i)||/||b|| 2.3553610469680300e-03
412 MLA ||r(i)||/||b|| 2.3695140226587964e-03
413 MLA ||r(i)||/||b|| 2.3464817050431264e-03
414 MLA ||r(i)||/||b|| 2.3557950710187655e-03
415 MLA ||r(i)||/||b|| 2.3338126649849271e-03
416 MLA ||r(i)||/||b|| 2.3462739180916915e-03
417 MLA ||r(i)||/||b|| 2.3231046625538255e-03
418 MLA ||r(i)||/||b|| 2.3303289944583247e-03
419 MLA ||r(i)||/||b|| 2.3069140123841022e-03
420 MLA ||r(i)||/||b|| 2.3252168060360436e-03
421 MLA ||r(i)||/||b|| 2.2993414519750376e-03
422 MLA ||r(i)||/||b|| 2.3137706514271706e-03
423 MLA ||r(i)||/||b|| 2.2899733457770414e-03
424 MLA ||r(i)||/||b|| 2.2969482389648341e-03
425 MLA ||r(i)||/||b|| 2.2730335103233676e-03
426 MLA ||r(i)||/||b|| 2.2950057533160152e-03
427 MLA ||r(i)||/||b|| 1.9420712011960827e-03
428 MLA ||r(i)||/||b|| 2.0895288085049958e-03
429 MLA ||r(i)||/||b|| 2.0595200800545576e-03
430 MLA ||r(i)||/||b|| 1.9402082934341376e-03
431 MLA ||r(i)||/||b|| 1.9058482649316898e-03
432 MLA ||r(i)||/||b|| 1.9202095770843516e-03
433 MLA ||r(i)||/||b|| 1.9329453178011423e-03
434 MLA ||r(i)||/||b|| 2.1333910095109932e-03
435 MLA ||r(i)||/||b|| 3.7843905792147824e-03
436 MLA ||r(i)||/||b|| 2.8089457214681098e-03
437 MLA ||r(i)||/||b|| 2.9969869792309794e-03
438 MLA ||r(i)||/||b|| 2.9939252046104533e-03
439 MLA ||r(i)||/||b|| 2.3008282157324258e-03
440 MLA ||r(i)||/||b|| 2.7142821491677651e-03
441 MLA ||r(i)||/||b|| 2.2467844230201137e-03
442 MLA ||r(i)||/||b|| 2.4263666200481497e-03
443 MLA ||r(i)||/||b|| 2.2274694672372534e-03
444 MLA ||r(i)||/||b|| 2.3068588106655947e-03
445 MLA ||r(i)||/||b|| 2.1796707295432430e-03
446 MLA ||r(i)||/||b|| 2.2557044555944219e-03
447 MLA ||r(i)||/||b|| 2.1724523797696195e-03
448 MLA ||r(i)||/||b|| 2.2190209610920913e-03
449 MLA ||r(i)||/||b|| 2.0276438193058298e-03
450 MLA ||r(i)||/||b|| 1.8972401415942360e-03
451 MLA ||r(i)||/||b|| 1.8170616844515894e-03
452 MLA ||r(i)||/||b|| 1.7965365698318092e-03
453 MLA ||r(i)||/||b|| 1.8015051602558035e-03
454 MLA ||r(i)||/||b|| 5.4579290595228556e-03
455 MLA ||r(i)||/||b|| 3.3381684942631502e-03
456 MLA ||r(i)||/||b|| 2.4549335686168110e-03
457 MLA ||r(i)||/||b|| 3.0451754488261674e-03
458 MLA ||r(i)||/||b|| 2.2400578927899836e-03
459 MLA ||r(i)||/||b|| 2.4826833744920696e-03
460 MLA ||r(i)||/||b|| 2.1663722079111290e-03
461 MLA ||r(i)||/||b|| 2.2875542292719107e-03
462 MLA ||r(i)||/||b|| 2.1246755520655516e-03
463 MLA ||r(i)||/||b|| 2.2015953341044123e-03
464 MLA ||r(i)||/||b|| 2.1026169798219322e-03
465 MLA ||r(i)||/||b|| 2.1559787977566509e-03
466 MLA ||r(i)||/||b|| 2.1110261300868395e-03
467 MLA ||r(i)||/||b|| 1.8657824040630019e-03
468 MLA ||r(i)||/||b|| 1.7305061073909264e-03
469 MLA ||r(i)||/||b|| 1.7165504250431860e-03
470 MLA ||r(i)||/||b|| 1.7247837456788020e-03
471 MLA ||r(i)||/||b|| 5.5414760332201064e-03
472 MLA ||r(i)||/||b|| 3.6912719197770196e-03
473 MLA ||r(i)||/||b|| 2.3470915348379208e-03
474 MLA ||r(i)||/||b|| 2.3815065701577676e-03
475 MLA ||r(i)||/||b|| 2.2782050530393461e-03
476 MLA ||r(i)||/||b|| 1.7992131917189532e-03
477 MLA ||r(i)||/||b|| 1.7002466829369859e-03
478 MLA ||r(i)||/||b|| 2.0759371631144450e-03
479 MLA ||r(i)||/||b|| 2.0869123230813622e-03
480 MLA ||r(i)||/||b|| 1.8543791854622729e-03
481 MLA ||r(i)||/||b|| 1.5838187836915050e-03
482 MLA ||r(i)||/||b|| 1.7525184874418334e-03
483 MLA ||r(i)||/||b|| 1.7034949416017608e-03
484 MLA ||r(i)||/||b|| 1.6387584561290522e-03
485 MLA ||r(i)||/||b|| 1.6154479686618121e-03
486 MLA ||r(i)||/||b|| 1.6317630270908528e-03
487 MLA ||r(i)||/||b|| 4.7892346006108161e-03
488 MLA ||r(i)||/||b|| 2.8282814381512859e-03
489 MLA ||r(i)||/||b|| 2.1221676982311512e-03
490 MLA ||r(i)||/||b|| 1.7741720084956290e-03
491 MLA ||r(i)||/||b|| 1.8689373037559479e-03
492 MLA ||r(i)||/||b|| 1.8518717089941407e-03
493 MLA ||r(i)||/||b|| 1.6430695829904418e-03
494 MLA ||r(i)||/||b|| 2.2245073027273806e-03
495 MLA ||r(i)||/||b|| 1.8895486107205154e-03
496 MLA ||r(i)||/||b|| 1.8313046648782518e-03
497 MLA ||r(i)||/||b|| 1.7695780868666993e-03
498 MLA ||r(i)||/||b|| 2.6262197053080246e-03
499 MLA ||r(i)||/||b|| 1.9940476369411961e-03
500 MLA ||r(i)||/||b|| 1.7307896735369698e-03
501 MLA ||r(i)||/||b|| 1.6682519600974834e-03
502 MLA ||r(i)||/||b|| 1.6030544056986915e-03
503 MLA ||r(i)||/||b|| 1.9199103298681425e-03
504 MLA ||r(i)||/||b|| 3.3260848842934882e-03
505 MLA ||r(i)||/||b|| 2.4880038820868752e-03
506 MLA ||r(i)||/||b|| 1.7995920741589418e-03
507 MLA ||r(i)||/||b|| 1.7136904691312314e-03
508 MLA ||r(i)||/||b|| 2.8554096765106528e-03
509 MLA ||r(i)||/||b|| 1.8897176263016151e-03
510 MLA ||r(i)||/||b|| 1.9787979278213111e-03
511 MLA ||r(i)||/||b|| 1.9627929120553823e-03
512 MLA ||r(i)||/||b|| 1.8788562316460746e-03
513 MLA ||r(i)||/||b|| 1.9274572945715809e-03
514 MLA ||r(i)||/||b|| 1.9204222352863095e-03
515 MLA ||r(i)||/||b|| 1.8772740344135423e-03
516 MLA ||r(i)||/||b|| 1.9067867875875776e-03
517 MLA ||r(i)||/||b|| 1.9322410116583029e-03
518 MLA ||r(i)||/||b|| 1.6622183910578279e-03
519 MLA ||r(i)||/||b|| 1.6444573599452388e-03
520 MLA ||r(i)||/||b|| 1.9570366811373797e-03
521 MLA ||r(i)||/||b|| 1.7718844518634007e-03
522 MLA ||r(i)||/||b|| 1.4315745629174684e-03
523 MLA ||r(i)||/||b|| 2.0007401390813814e-03
524 MLA ||r(i)||/||b|| 1.5296117949100314e-03
525 MLA ||r(i)||/||b|| 1.5824838343068059e-03
526 MLA ||r(i)||/||b|| 1.4358745541639105e-03
527 MLA ||r(i)||/||b|| 1.4509392011107674e-03
528 MLA ||r(i)||/||b|| 1.4472905435482725e-03
529 MLA ||r(i)||/||b|| 1.4543120839670453e-03
530 MLA ||r(i)||/||b|| 5.4529817258434730e-03
531 MLA ||r(i)||/||b|| 3.4464537054261089e-03
532 MLA ||r(i)||/||b|| 2.1318204828887303e-03
533 MLA ||r(i)||/||b|| 3.0929767828058686e-03
534 MLA ||r(i)||/||b|| 1.9036405199682688e-03
535 MLA ||r(i)||/||b|| 1.8489977064110486e-03
536 MLA ||r(i)||/||b|| 1.6401386351847535e-03
537 MLA ||r(i)||/||b|| 1.8238644378763651e-03
538 MLA ||r(i)||/||b|| 1.8244268331321146e-03
539 MLA ||r(i)||/||b|| 1.7975246065379564e-03
540 MLA ||r(i)||/||b|| 1.4419960330957272e-03
541 MLA ||r(i)||/||b|| 1.6181675431669194e-03
542 MLA ||r(i)||/||b|| 1.8289813230476829e-03
543 MLA ||r(i)||/||b|| 1.6690008621315679e-03
544 MLA ||r(i)||/||b|| 2.3638919582370881e-03
545 MLA ||r(i)||/||b|| 2.0125514596382242e-03
546 MLA ||r(i)||/||b|| 1.8606552410627484e-03
547 MLA ||r(i)||/||b|| 2.0057287600063526e-03
548 MLA ||r(i)||/||b|| 1.8409925074884704e-03
549 MLA ||r(i)||/||b|| 1.8854122601120651e-03
550 MLA ||r(i)||/||b|| 1.3897100001091071e-03
551 MLA ||r(i)||/||b|| 1.5600228888447345e-03
552 MLA ||r(i)||/||b|| 2.7962387735063570e-03
553 MLA ||r(i)||/||b|| 1.9502717271311421e-03
554 MLA ||r(i)||/||b|| 1.3689603825115099e-03
555 MLA ||r(i)||/||b|| 1.3571522889697326e-03
556 MLA ||r(i)||/||b|| 1.3671008015114234e-03
557 MLA ||r(i)||/||b|| 1.9983411664593709e-03
558 MLA ||r(i)||/||b|| 1.6159995629159757e-03
559 MLA ||r(i)||/||b|| 1.6020093877370800e-03
560 MLA ||r(i)||/||b|| 1.3600774882247487e-03
561 MLA ||r(i)||/||b|| 1.2692159871209939e-03
562 MLA ||r(i)||/||b|| 1.3172895321845615e-03
563 MLA ||r(i)||/||b|| 1.3606818458671017e-03
564 MLA ||r(i)||/||b|| 2.2003770020873215e-03
565 MLA ||r(i)||/||b|| 3.4551320738584663e-03
566 MLA ||r(i)||/||b|| 2.2241708425121049e-03
567 MLA ||r(i)||/||b|| 1.6753383069821679e-03
568 MLA ||r(i)||/||b|| 1.7155398329845560e-03
569 MLA ||r(i)||/||b|| 1.5060541365256531e-03
570 MLA ||r(i)||/||b|| 1.5059327581156202e-03
571 MLA ||r(i)||/||b|| 1.8422393365990519e-03
572 MLA ||r(i)||/||b|| 1.4735131759262745e-03
573 MLA ||r(i)||/||b|| 1.3787314250503476e-03
574 MLA ||r(i)||/||b|| 1.3372683405548436e-03
575 MLA ||r(i)||/||b|| 3.7859166998288748e-03
576 MLA ||r(i)||/||b|| 2.5287546623785906e-03
577 MLA ||r(i)||/||b|| 2.4769922946100841e-03
578 MLA ||r(i)||/||b|| 1.7333135737121245e-03
579 MLA ||r(i)||/||b|| 2.0222584961797803e-03
580 MLA ||r(i)||/||b|| 1.7781304553201591e-03
581 MLA ||r(i)||/||b|| 1.7630616777562379e-03
582 MLA ||r(i)||/||b|| 1.7786304307255256e-03
583 MLA ||r(i)||/||b|| 1.4510502356035820e-03
584 MLA ||r(i)||/||b|| 1.7720140853970364e-03
585 MLA ||r(i)||/||b|| 1.3592044601289318e-03
586 MLA ||r(i)||/||b|| 1.3417708030069671e-03
587 MLA ||r(i)||/||b|| 1.2495081738369911e-03
588 MLA ||r(i)||/||b|| 1.2793362444273632e-03
589 MLA ||r(i)||/||b|| 4.2716088577597101e-03
590 MLA ||r(i)||/||b|| 2.8705758448203623e-03
591 MLA ||r(i)||/||b|| 1.7452747820898480e-03
592 MLA ||r(i)||/||b|| 1.7566200251777670e-03
593 MLA ||r(i)||/||b|| 1.5996642074320008e-03
594 MLA ||r(i)||/||b|| 1.3111426261571218e-03
595 MLA ||r(i)||/||b|| 1.7683247715325342e-03
596 MLA ||r(i)||/||b|| 1.5095336642706103e-03
597 MLA ||r(i)||/||b|| 1.3999257958824439e-03
598 MLA ||r(i)||/||b|| 1.3129964415031440e-03
599 MLA ||r(i)||/||b|| 1.2717818925424042e-03
600 MLA ||r(i)||/||b|| 4.0577579198677180e-03
601 MLA ||r(i)||/||b|| 2.7687697170705747e-03
602 MLA ||r(i)||/||b|| 2.1147736442297489e-03
603 MLA ||r(i)||/||b|| 1.4498848914704385e-03
604 MLA ||r(i)||/||b|| 1.4615146321043662e-03
605 MLA ||r(i)||/||b|| 1.1435979384764015e-03
606 MLA ||r(i)||/||b|| 1.8269921817288439e-03
607 MLA ||r(i)||/||b|| 1.6353285907640706e-03
608 MLA ||r(i)||/||b|| 1.5495781491320533e-03
609 MLA ||r(i)||/||b|| 1.5524618076886156e-03
610 MLA ||r(i)||/||b|| 1.6365369801845124e-03
611 MLA ||r(i)||/||b|| 1.3737180049426066e-03
612 MLA ||r(i)||/||b|| 2.1571804713421713e-03
613 MLA ||r(i)||/||b|| 2.0014074289065762e-03
614 MLA ||r(i)||/||b|| 1.4037607343178498e-03
615 MLA ||r(i)||/||b|| 2.0156713876772455e-03
616 MLA ||r(i)||/||b|| 1.4840119711045027e-03
617 MLA ||r(i)||/||b|| 1.7516884176709371e-03
618 MLA ||r(i)||/||b|| 1.6886684749185235e-03
619 MLA ||r(i)||/||b|| 1.6348607049500711e-03
620 MLA ||r(i)||/||b|| 1.3194593660401804e-03
621 MLA ||r(i)||/||b|| 1.3079197367632761e-03
622 MLA ||r(i)||/||b|| 2.9414820844953725e-03
623 MLA ||r(i)||/||b|| 2.1482762467632337e-03
624 MLA ||r(i)||/||b|| 1.3429647438070759e-03
625 MLA ||r(i)||/||b|| 1.3011736421570832e-03
626 MLA ||r(i)||/||b|| 2.1577800511947626e-03
627 MLA ||r(i)||/||b|| 1.4770755181030906e-03
628 MLA ||r(i)||/||b|| 1.5275918223458488e-03
629 MLA ||r(i)||/||b|| 1.4785818936526923e-03
630 MLA ||r(i)||/||b|| 2.4990308173041039e-03
631 MLA ||r(i)||/||b|| 1.7169203826921712e-03
632 MLA ||r(i)||/||b|| 1.8115215464701889e-03
633 MLA ||r(i)||/||b|| 1.7673758052728842e-03
634 MLA ||r(i)||/||b|| 1.6335114442683112e-03
635 MLA ||r(i)||/||b|| 1.1237100957859302e-03
636 MLA ||r(i)||/||b|| 9.8465954571023235e-04
637 MLA ||r(i)||/||b|| 1.6676778332455574e-03
638 MLA ||r(i)||/||b|| 1.6132245448159299e-03
639 MLA ||r(i)||/||b|| 1.9914937712430100e-03
640 MLA ||r(i)||/||b|| 1.3528932038584173e-03
641 MLA ||r(i)||/||b|| 1.5536143246143313e-03
642 MLA ||r(i)||/||b|| 1.4948975865408452e-03
643 MLA ||r(i)||/||b|| 3.0379139127385472e-03
644 MLA ||r(i)||/||b|| 2.1776085600063921e-03
645 MLA ||r(i)||/||b|| 1.3122882427416029e-03
646 MLA ||r(i)||/||b|| 1.2504709688279326e-03
647 MLA ||r(i)||/||b|| 2.0101366028798732e-03
648 MLA ||r(i)||/||b|| 1.3659116315073347e-03
649 MLA ||r(i)||/||b|| 1.5205353541101218e-03
650 MLA ||r(i)||/||b|| 1.2274404346871940e-03
651 MLA ||r(i)||/||b|| 1.0327204488458177e-03
652 MLA ||r(i)||/||b|| 1.3150354695381668e-03
653 MLA ||r(i)||/||b|| 2.5169908847347822e-03
654 MLA ||r(i)||/||b|| 1.8079625700772881e-03
655 MLA ||r(i)||/||b|| 1.8188483116696077e-03
656 MLA ||r(i)||/||b|| 1.2925355826770401e-03
657 MLA ||r(i)||/||b|| 1.6429518663519395e-03
658 MLA ||r(i)||/||b|| 1.4625887606650474e-03
659 MLA ||r(i)||/||b|| 1.0343558465323755e-03
660 MLA ||r(i)||/||b|| 1.6273625849099343e-03
661 MLA ||r(i)||/||b|| 1.3421746962075450e-03
662 MLA ||r(i)||/||b|| 2.2825852260516350e-03
663 MLA ||r(i)||/||b|| 1.6520450951608677e-03
664 MLA ||r(i)||/||b|| 1.4114111759054443e-03
665 MLA ||r(i)||/||b|| 2.3385840740593623e-03
666 MLA ||r(i)||/||b|| 1.6688107687286634e-03
667 MLA ||r(i)||/||b|| 1.7087756820471282e-03
668 MLA ||r(i)||/||b|| 1.1940516389325135e-03
669 MLA ||r(i)||/||b|| 1.2959801172845432e-03
670 MLA ||r(i)||/||b|| 1.4724087582028381e-03
671 MLA ||r(i)||/||b|| 1.8592981614644274e-03
672 MLA ||r(i)||/||b|| 1.4605302517988745e-03
673 MLA ||r(i)||/||b|| 1.2620228345100151e-03
674 MLA ||r(i)||/||b|| 1.5166285273228212e-03
675 MLA ||r(i)||/||b|| 1.6242867385451896e-03
676 MLA ||r(i)||/||b|| 1.3678887718738531e-03
677 MLA ||r(i)||/||b|| 1.8878420918209827e-03
678 MLA ||r(i)||/||b|| 1.4592156551865632e-03
679 MLA ||r(i)||/||b|| 1.0423913174397387e-03
680 MLA ||r(i)||/||b|| 1.8144397515916370e-03
681 MLA ||r(i)||/||b|| 1.4456745610596016e-03
682 MLA ||r(i)||/||b|| 1.4189323133205892e-03
683 MLA ||r(i)||/||b|| 1.0277318425698059e-03
684 MLA ||r(i)||/||b|| 1.2982991835893897e-03
685 MLA ||r(i)||/||b|| 1.2679242191087486e-03
686 MLA ||r(i)||/||b|| 3.0319689502492065e-03
687 MLA ||r(i)||/||b|| 2.2926430436061491e-03
688 MLA ||r(i)||/||b|| 1.3370167492480179e-03
689 MLA ||r(i)||/||b|| 1.2564810262305514e-03
690 MLA ||r(i)||/||b|| 1.2026046014311654e-03
691 MLA ||r(i)||/||b|| 1.0140665811798808e-03
692 MLA ||r(i)||/||b|| 8.9808769054157682e-04
693 MLA ||r(i)||/||b|| 1.5398923190276185e-03
694 MLA ||r(i)||/||b|| 1.3941678250297550e-03
695 MLA ||r(i)||/||b|| 1.3547939973170896e-03
696 MLA ||r(i)||/||b|| 1.1892235558828670e-03
697 MLA ||r(i)||/||b|| 1.2657849180557164e-03
698 MLA ||r(i)||/||b|| 2.0030598165806240e-03
699 MLA ||r(i)||/||b|| 1.4623996733602700e-03
700 MLA ||r(i)||/||b|| 1.9325809579432689e-03
701 MLA ||r(i)||/||b|| 1.4405022355902918e-03
702 MLA ||r(i)||/||b|| 9.4836463081151439e-04
703 MLA ||r(i)||/||b|| 1.2324583870720412e-03
704 MLA ||r(i)||/||b|| 1.0918738913572668e-03
705 MLA ||r(i)||/||b|| 1.0536708365487160e-03
706 MLA ||r(i)||/||b|| 1.0412681576619249e-03
707 MLA ||r(i)||/||b|| 8.8873119625539564e-04
708 MLA ||r(i)||/||b|| 1.1124873359449562e-03
709 MLA ||r(i)||/||b|| 9.4117176155996210e-04
710 MLA ||r(i)||/||b|| 1.5246262629824735e-03
711 MLA ||r(i)||/||b|| 1.4784250532097990e-03
712 MLA ||r(i)||/||b|| 1.1521126543541783e-03
713 MLA ||r(i)||/||b|| 1.2074840194616489e-03
714 MLA ||r(i)||/||b|| 1.0195568912374671e-03
715 MLA ||r(i)||/||b|| 1.5347845176960991e-03
716 MLA ||r(i)||/||b|| 1.4914281929923805e-03
717 MLA ||r(i)||/||b|| 1.2962440398765899e-03
718 MLA ||r(i)||/||b|| 1.4124027231434172e-03
719 MLA ||r(i)||/||b|| 9.7163749055612298e-04
720 MLA ||r(i)||/||b|| 9.4264143842015850e-04
721 MLA ||r(i)||/||b|| 1.6883460769247173e-03
722 MLA ||r(i)||/||b|| 1.4586812805622959e-03
723 MLA ||r(i)||/||b|| 1.2674119945346944e-03
724 MLA ||r(i)||/||b|| 1.3776338283286904e-03
725 MLA ||r(i)||/||b|| 9.7635161008053739e-04
726 MLA ||r(i)||/||b|| 1.2746217493555386e-03
727 MLA ||r(i)||/||b|| 1.1041152660757219e-03
728 MLA ||r(i)||/||b|| 1.0835577056227750e-03
729 MLA ||r(i)||/||b|| 1.0705889783588088e-03
730 MLA ||r(i)||/||b|| 9.5857426664763704e-04
731 MLA ||r(i)||/||b|| 9.2779668574259166e-04
732 MLA ||r(i)||/||b|| 1.1969393549639492e-03
733 MLA ||r(i)||/||b|| 9.0371478593065889e-04
734 MLA ||r(i)||/||b|| 7.8101450457732113e-04
735 MLA ||r(i)||/||b|| 1.5003364036757271e-03
736 MLA ||r(i)||/||b|| 1.2479206047157953e-03
737 MLA ||r(i)||/||b|| 1.3849118867632901e-03
738 MLA ||r(i)||/||b|| 1.5271994193491159e-03
739 MLA ||r(i)||/||b|| 1.0316092224675847e-03
740 MLA ||r(i)||/||b|| 1.6199803561404926e-03
741 MLA ||r(i)||/||b|| 1.4979663211397388e-03
742 MLA ||r(i)||/||b|| 1.2796560861863939e-03
743 MLA ||r(i)||/||b|| 1.3872107468936865e-03
744 MLA ||r(i)||/||b|| 1.0409268828835325e-03
745 MLA ||r(i)||/||b|| 1.6631288284835041e-03
746 MLA ||r(i)||/||b|| 1.2865227485028433e-03
747 MLA ||r(i)||/||b|| 1.4671052609443009e-03
748 MLA ||r(i)||/||b|| 1.2039798064518465e-03
749 MLA ||r(i)||/||b|| 1.2944238976839923e-03
750 MLA ||r(i)||/||b|| 1.9144854354881456e-03
751 MLA ||r(i)||/||b|| 1.3891520414758031e-03
752 MLA ||r(i)||/||b|| 1.9124641336430829e-03
753 MLA ||r(i)||/||b|| 1.3672403716856497e-03
754 MLA ||r(i)||/||b|| 1.5249993887846893e-03
755 MLA ||r(i)||/||b|| 1.0266327433077406e-03
756 MLA ||r(i)||/||b|| 1.2431823745870858e-03
757 MLA ||r(i)||/||b|| 1.2253097780396531e-03
758 MLA ||r(i)||/||b|| 1.1504057527276345e-03
759 MLA ||r(i)||/||b|| 2.5206745177494588e-03
760 MLA ||r(i)||/||b|| 2.1783760093170312e-03
761 MLA ||r(i)||/||b|| 1.3045740508672351e-03
762 MLA ||r(i)||/||b|| 1.2086941445256390e-03
763 MLA ||r(i)||/||b|| 1.2034567650432079e-03
764 MLA ||r(i)||/||b|| 1.0333946375569642e-03
765 MLA ||r(i)||/||b|| 8.4399875364704017e-04
766 MLA ||r(i)||/||b|| 1.4130044026602431e-03
767 MLA ||r(i)||/||b|| 1.2301897019978735e-03
768 MLA ||r(i)||/||b|| 9.7563670176132168e-04
769 MLA ||r(i)||/||b|| 9.4515015450380045e-04
770 MLA ||r(i)||/||b|| 8.4442277973748774e-04
771 MLA ||r(i)||/||b|| 1.3506618740895357e-03
772 MLA ||r(i)||/||b|| 1.2967847646154290e-03
773 MLA ||r(i)||/||b|| 1.3067140425262363e-03
774 MLA ||r(i)||/||b|| 1.4848640902249627e-03
775 MLA ||r(i)||/||b|| 1.3563207147738515e-03
776 MLA ||r(i)||/||b|| 9.0932588263632611e-04
777 MLA ||r(i)||/||b|| 1.6426765063112612e-03
778 MLA ||r(i)||/||b|| 1.1905470702547993e-03
779 MLA ||r(i)||/||b|| 1.1234270320887398e-03
780 MLA ||r(i)||/||b|| 8.4203490718303884e-04
781 MLA ||r(i)||/||b|| 7.0472972998673140e-04
782 MLA ||r(i)||/||b|| 7.0432589395151449e-04
783 MLA ||r(i)||/||b|| 6.9939567741640163e-04
784 MLA ||r(i)||/||b|| 7.0361758821419168e-04
785 MLA ||r(i)||/||b|| 6.9724268755904132e-04
786 MLA ||r(i)||/||b|| 1.4856158441331048e-03
787 MLA ||r(i)||/||b|| 1.3472733147041117e-03
788 MLA ||r(i)||/||b|| 1.2095789820227105e-03
789 MLA ||r(i)||/||b|| 1.4930701689449143e-03
790 MLA ||r(i)||/||b|| 1.1380208913305263e-03
791 MLA ||r(i)||/||b|| 1.2549528681180032e-03
792 MLA ||r(i)||/||b|| 1.5127375556035878e-03
793 MLA ||r(i)||/||b|| 1.2241093024043990e-03
794 MLA ||r(i)||/||b|| 1.3538785239288194e-03
795 MLA ||r(i)||/||b|| 9.5411049676782597e-04
796 MLA ||r(i)||/||b|| 1.1526966797091487e-03
797 MLA ||r(i)||/||b|| 2.5818116354730512e-03
798 MLA ||r(i)||/||b|| 1.7802251313874490e-03
799 MLA ||r(i)||/||b|| 1.4978061874156197e-03
800 MLA ||r(i)||/||b|| 9.8018092594708570e-04
801 MLA ||r(i)||/||b|| 8.3045855662541173e-04
802 MLA ||r(i)||/||b|| 7.0093299727205739e-04
803 MLA ||r(i)||/||b|| 6.7074596898627928e-04
804 MLA ||r(i)||/||b|| 1.6626504689206247e-03
805 MLA ||r(i)||/||b|| 1.2842220138204832e-03
806 MLA ||r(i)||/||b|| 1.2837033664238201e-03
807 MLA ||r(i)||/||b|| 1.4969882652629536e-03
808 MLA ||r(i)||/||b|| 1.0009444511121599e-03
809 MLA ||r(i)||/||b|| 1.6063417087743518e-03
810 MLA ||r(i)||/||b|| 1.4645796332259733e-03
811 MLA ||r(i)||/||b|| 1.4088245771549030e-03
812 MLA ||r(i)||/||b|| 1.5090782867477925e-03
813 MLA ||r(i)||/||b|| 1.0817134072396587e-03
814 MLA ||r(i)||/||b|| 7.7234305119338199e-04
815 MLA ||r(i)||/||b|| 7.6112260724280653e-04
816 MLA ||r(i)||/||b|| 7.4901640986643823e-04
817 MLA ||r(i)||/||b|| 6.9558774342446251e-04
818 MLA ||r(i)||/||b|| 6.6436811344610920e-04
819 MLA ||r(i)||/||b|| 6.5388971982425603e-04
820 MLA ||r(i)||/||b|| 1.1693380739390971e-03
821 MLA ||r(i)||/||b|| 1.0782283552244966e-03
822 MLA ||r(i)||/||b|| 8.3397455162187277e-04
823 MLA ||r(i)||/||b|| 1.4251373620112709e-03
824 MLA ||r(i)||/||b|| 1.3880447129561628e-03
825 MLA ||r(i)||/||b|| 1.2212374547263386e-03
826 MLA ||r(i)||/||b|| 1.4255396831271160e-03
827 MLA ||r(i)||/||b|| 1.0423290403958161e-03
828 MLA ||r(i)||/||b|| 1.1440097020644986e-03
829 MLA ||r(i)||/||b|| 1.6703010204705423e-03
830 MLA ||r(i)||/||b|| 1.8125267255184796e-03
831 MLA ||r(i)||/||b|| 1.3276960994244545e-03
832 MLA ||r(i)||/||b|| 1.6598842457226375e-03
833 MLA ||r(i)||/||b|| 1.3159201596796369e-03
834 MLA ||r(i)||/||b|| 1.4495945535551223e-03
835 MLA ||r(i)||/||b|| 1.4792565099151149e-03
836 MLA ||r(i)||/||b|| 1.0588056254519245e-03
837 MLA ||r(i)||/||b|| 8.4236782259329828e-04
838 MLA ||r(i)||/||b|| 1.7504672335895875e-03
839 MLA ||r(i)||/||b|| 1.4948490583945972e-03
840 MLA ||r(i)||/||b|| 1.3401128915353658e-03
841 MLA ||r(i)||/||b|| 1.5690972772945482e-03
842 MLA ||r(i)||/||b|| 1.1494101954162253e-03
843 MLA ||r(i)||/||b|| 8.7764364958894654e-04
844 MLA ||r(i)||/||b|| 1.4314028293792287e-03
845 MLA ||r(i)||/||b|| 1.7447339441570963e-03
846 MLA ||r(i)||/||b|| 1.0739259301924453e-03
847 MLA ||r(i)||/||b|| 1.0705014438338405e-03
848 MLA ||r(i)||/||b|| 8.2063489686853678e-04
849 MLA ||r(i)||/||b|| 1.4584390970853881e-03
850 MLA ||r(i)||/||b|| 1.9088549825578996e-03
851 MLA ||r(i)||/||b|| 1.3609811397551665e-03
852 MLA ||r(i)||/||b|| 1.7184875536981306e-03
853 MLA ||r(i)||/||b|| 1.2614635859484460e-03
854 MLA ||r(i)||/||b|| 1.4723717380917237e-03
855 MLA ||r(i)||/||b|| 1.4818057629157034e-03
856 MLA ||r(i)||/||b|| 9.5577036662456035e-04
857 MLA ||r(i)||/||b|| 1.6722295939363013e-03
858 MLA ||r(i)||/||b|| 1.4114399884544884e-03
859 MLA ||r(i)||/||b|| 1.4103745322456541e-03
860 MLA ||r(i)||/||b|| 1.5119709071968722e-03
861 MLA ||r(i)||/||b|| 1.3676793028578145e-03
862 MLA ||r(i)||/||b|| 1.4287587055336151e-03
863 MLA ||r(i)||/||b|| 1.5058456289659839e-03
864 MLA ||r(i)||/||b|| 1.4720819161819401e-03
865 MLA ||r(i)||/||b|| 1.4853722568227694e-03
866 MLA ||r(i)||/||b|| 1.5211545448780425e-03
867 MLA ||r(i)||/||b|| 1.4920844943437964e-03
868 MLA ||r(i)||/||b|| 1.4874646747434649e-03
869 MLA ||r(i)||/||b|| 1.1942695300646152e-03
870 MLA ||r(i)||/||b|| 1.1378860972078456e-03
871 MLA ||r(i)||/||b|| 7.4220033812304154e-04
872 MLA ||r(i)||/||b|| 1.7161493431203220e-03
873 MLA ||r(i)||/||b|| 1.4775113023354030e-03
874 MLA ||r(i)||/||b|| 9.4069798599430204e-04
875 MLA ||r(i)||/||b|| 1.6295913089104301e-03
876 MLA ||r(i)||/||b|| 1.3807668027151867e-03
877 MLA ||r(i)||/||b|| 8.4709762915156233e-04
878 MLA ||r(i)||/||b|| 8.7918348389255121e-04
879 MLA ||r(i)||/||b|| 1.5404125070084254e-03
880 MLA ||r(i)||/||b|| 1.3875782214094038e-03
881 MLA ||r(i)||/||b|| 1.3899667520430275e-03
882 MLA ||r(i)||/||b|| 1.5014556451394474e-03
883 MLA ||r(i)||/||b|| 1.4423100113196115e-03
884 MLA ||r(i)||/||b|| 1.5097722552646822e-03
885 MLA ||r(i)||/||b|| 1.4903754059066448e-03
886 MLA ||r(i)||/||b|| 1.4905505243856829e-03
887 MLA ||r(i)||/||b|| 1.4889597237372281e-03
888 MLA ||r(i)||/||b|| 1.5075718517144794e-03
889 MLA ||r(i)||/||b|| 1.5053077410801920e-03
890 MLA ||r(i)||/||b|| 1.4934051294063365e-03
891 MLA ||r(i)||/||b|| 1.5109503626982515e-03
892 MLA ||r(i)||/||b|| 1.4914777301106251e-03
893 MLA ||r(i)||/||b|| 1.5179639961139194e-03
894 MLA ||r(i)||/||b|| 1.5024323116257915e-03
895 MLA ||r(i)||/||b|| 9.9842307992004348e-04
896 MLA ||r(i)||/||b|| 1.8129341173264714e-03
897 MLA ||r(i)||/||b|| 1.3220837001939310e-03
898 MLA ||r(i)||/||b|| 7.7320704040886054e-04
899 MLA ||r(i)||/||b|| 1.2994129791405260e-03
900 MLA ||r(i)||/||b|| 1.0883235371877420e-03
901 MLA ||r(i)||/||b|| 1.3631500030419398e-03
902 MLA ||r(i)||/||b|| 1.4571461618788674e-03
903 MLA ||r(i)||/||b|| 1.3611699974198166e-03
904 MLA ||r(i)||/||b|| 1.4453539764618228e-03
905 MLA ||r(i)||/||b|| 9.2152720197512586e-04
906 MLA ||r(i)||/||b|| 1.4425340196538192e-03
907 MLA ||r(i)||/||b|| 1.1501132986943214e-03
908 MLA ||r(i)||/||b|| 7.7821520388149010e-04
909 MLA ||r(i)||/||b|| 1.6176709881066127e-03
910 MLA ||r(i)||/||b|| 1.2890371623534482e-03
911 MLA ||r(i)||/||b|| 1.2453130294809763e-03
912 MLA ||r(i)||/||b|| 1.3891515807692373e-03
913 MLA ||r(i)||/||b|| 1.0459703698484110e-03
914 MLA ||r(i)||/||b|| 1.0934109516412107e-03
915 MLA ||r(i)||/||b|| 1.4748160890387973e-03
916 MLA ||r(i)||/||b|| 1.3927605170883808e-03
917 MLA ||r(i)||/||b|| 1.4167652364577455e-03
918 MLA ||r(i)||/||b|| 1.4823714313788377e-03
919 MLA ||r(i)||/||b|| 1.0175360761368003e-03
920 MLA ||r(i)||/||b|| 1.7281857292998262e-03
921 MLA ||r(i)||/||b|| 1.2778250338110232e-03
922 MLA ||r(i)||/||b|| 1.3884550841054262e-03
923 MLA ||r(i)||/||b|| 1.4622590453509581e-03
924 MLA ||r(i)||/||b|| 1.3236919569801456e-03
925 MLA ||r(i)||/||b|| 1.4054868755116327e-03
926 MLA ||r(i)||/||b|| 9.5553722916897786e-04
927 MLA ||r(i)||/||b|| 1.7297951596756346e-03
928 MLA ||r(i)||/||b|| 1.2763575875782685e-03
929 MLA ||r(i)||/||b|| 1.3631891363136842e-03
930 MLA ||r(i)||/||b|| 1.4458163271292468e-03
931 MLA ||r(i)||/||b|| 1.1047437331670998e-03
932 MLA ||r(i)||/||b|| 1.7104385291667461e-03
933 MLA ||r(i)||/||b|| 1.2028808558373701e-03
934 MLA ||r(i)||/||b|| 9.2579146736126235e-04
935 MLA ||r(i)||/||b|| 9.8995078493604484e-04
936 MLA ||r(i)||/||b|| 1.3740634577219166e-03
937 MLA ||r(i)||/||b|| 1.3438747672365847e-03
938 MLA ||r(i)||/||b|| 1.2837216130675425e-03
939 MLA ||r(i)||/||b|| 1.3790005490270875e-03
940 MLA ||r(i)||/||b|| 7.8988840646286129e-04
941 MLA ||r(i)||/||b|| 6.2096019336023173e-04
942 MLA ||r(i)||/||b|| 5.6829825853768005e-04
943 MLA ||r(i)||/||b|| 5.9417676021449311e-04
944 MLA ||r(i)||/||b|| 5.9466403936395899e-04
945 MLA ||r(i)||/||b|| 5.6961365536726779e-04
946 MLA ||r(i)||/||b|| 5.5017339818352429e-04
947 MLA ||r(i)||/||b|| 5.4119398891927929e-04
948 MLA ||r(i)||/||b|| 6.2332318234541227e-04
949 MLA ||r(i)||/||b|| 5.9729813496315818e-04
950 MLA ||r(i)||/||b|| 5.4761418587771749e-04
951 MLA ||r(i)||/||b|| 5.3907144381785163e-04
952 MLA ||r(i)||/||b|| 5.3496705668505760e-04
953 MLA ||r(i)||/||b|| 5.3239330650452091e-04
954 MLA ||r(i)||/||b|| 5.5239925834757225e-04
955 MLA ||r(i)||/||b|| 5.4174853738425362e-04
956 MLA ||r(i)||/||b|| 5.3162683493428414e-04
957 MLA ||r(i)||/||b|| 5.8595836552280227e-04
958 MLA ||r(i)||/||b|| 5.6485614453724152e-04
959 MLA ||r(i)||/||b|| 8.1927578345355242e-04
960 MLA ||r(i)||/||b|| 8.3344430111330012e-04
961 MLA ||r(i)||/||b|| 1.2474789199421251e-03
962 MLA ||r(i)||/||b|| 1.3558729864057303e-03
963 MLA ||r(i)||/||b|| 9.9297830879160323e-04
964 MLA ||r(i)||/||b|| 6.6127933113670396e-04
965 MLA ||r(i)||/||b|| 5.9869556064312947e-04
966 MLA ||r(i)||/||b|| 5.9689869549361919e-04
967 MLA ||r(i)||/||b|| 5.5681162809866861e-04
968 MLA ||r(i)||/||b|| 5.3264797273153261e-04
969 MLA ||r(i)||/||b|| 5.2729764560413691e-04
970 MLA ||r(i)||/||b|| 5.2491904491585824e-04
971 MLA ||r(i)||/||b|| 5.5697065073331798e-04
972 MLA ||r(i)||/||b|| 5.5285345497000315e-04
973 MLA ||r(i)||/||b|| 5.9231628293285820e-04
974 MLA ||r(i)||/||b|| 6.1013400112233153e-04
975 MLA ||r(i)||/||b|| 6.9709081515347113e-04
976 MLA ||r(i)||/||b|| 7.1705746289165849e-04
977 MLA ||r(i)||/||b|| 1.2853414425134349e-03
978 MLA ||r(i)||/||b|| 1.3098487654666939e-03
979 MLA ||r(i)||/||b|| 9.5784828141891125e-04
980 MLA ||r(i)||/||b|| 6.4375119462258055e-04
981 MLA ||r(i)||/||b|| 5.7988962048893225e-04
982 MLA ||r(i)||/||b|| 5.8154170356861015e-04
983 MLA ||r(i)||/||b|| 5.4535996304751330e-04
984 MLA ||r(i)||/||b|| 5.2230636339903249e-04
985 MLA ||r(i)||/||b|| 5.1451760100848715e-04
986 MLA ||r(i)||/||b|| 5.1177653363022391e-04
987 MLA ||r(i)||/||b|| 5.1481331855818204e-04
988 MLA ||r(i)||/||b|| 5.1171978230425382e-04
989 MLA ||r(i)||/||b|| 5.0898725110774118e-04
990 MLA ||r(i)||/||b|| 5.0800333374597599e-04
991 MLA ||r(i)||/||b|| 5.0763434509040143e-04
992 MLA ||r(i)||/||b|| 5.1003210833109095e-04
993 MLA ||r(i)||/||b|| 5.0877727543016465e-04
994 MLA ||r(i)||/||b|| 5.0773409415606589e-04
995 MLA ||r(i)||/||b|| 5.0517309385107961e-04
996 MLA ||r(i)||/||b|| 5.0373032912796032e-04
997 MLA ||r(i)||/||b|| 5.0463685262641775e-04
998 MLA ||r(i)||/||b|| 8.3044399961583319e-04
999 MLA ||r(i)||/||b|| 7.6960614989197973e-04
1000 MLA ||r(i)||/||b|| 1.0400461410148987e-03
>>>> solve time: 33.2451 (s)
>>>> ksp solve time: 0.00567985 (s)
            || b ||_2 = 1.3851994067587832e+00
|| r ||_2 / || b ||_2 = 2.0562367588677056e+01
