Config file: ../input/config/mla_v_cycle-refine2.json
order_rbm = 2
angle_type = 1
==== basic information of linear system ====
matrix Row = 19158, matrix Column = 19158
matrix nz_allocated = 387515, matrix nz_used = 387515, matrix nz_unneeded = 0
vector Row = 19158
initial     || b ||_2 = 7.2042734251691598e-01
in level 1:
in level 2:
nodes in level 2 (coarse) is 49, less than 100, setup done!
>>>> setup time: 0.225868 (s)
0 MLA ||r(i)||/||b|| 1.0000000000000000e+00
1 MLA ||r(i)||/||b|| 1.2516164407961117e+00
2 MLA ||r(i)||/||b|| 1.1789708733813296e+00
3 MLA ||r(i)||/||b|| 1.0929675850354095e+00
4 MLA ||r(i)||/||b|| 2.9852522349581956e+00
5 MLA ||r(i)||/||b|| 6.5196988340274746e+00
6 MLA ||r(i)||/||b|| 5.6631426909877662e+00
7 MLA ||r(i)||/||b|| 4.6601749478052454e+00
8 MLA ||r(i)||/||b|| 4.0283526526950331e+00
9 MLA ||r(i)||/||b|| 3.9707734237432195e+00
10 MLA ||r(i)||/||b|| 3.7952241420408050e+00
11 MLA ||r(i)||/||b|| 3.1827340400887265e+00
12 MLA ||r(i)||/||b|| 2.3818530221830860e+00
13 MLA ||r(i)||/||b|| 1.7909704622571747e+00
14 MLA ||r(i)||/||b|| 1.5905194146707027e+00
15 MLA ||r(i)||/||b|| 1.5999707505048237e+00
16 MLA ||r(i)||/||b|| 1.6158021950442731e+00
17 MLA ||r(i)||/||b|| 1.5788613618901739e+00
18 MLA ||r(i)||/||b|| 1.4908811528749288e+00
19 MLA ||r(i)||/||b|| 1.3632316399521112e+00
20 MLA ||r(i)||/||b|| 1.2092721067692658e+00
21 MLA ||r(i)||/||b|| 1.0443816320446011e+00
22 MLA ||r(i)||/||b|| 8.8314803398445263e-01
23 MLA ||r(i)||/||b|| 7.3621201097963740e-01
24 MLA ||r(i)||/||b|| 6.0936894919033846e-01
25 MLA ||r(i)||/||b|| 5.0458130651424948e-01
26 MLA ||r(i)||/||b|| 4.2133102972030834e-01
27 MLA ||r(i)||/||b|| 3.5742739278219393e-01
28 MLA ||r(i)||/||b|| 3.0946348527815154e-01
29 MLA ||r(i)||/||b|| 2.7342099769696465e-01
30 MLA ||r(i)||/||b|| 2.4546472489011389e-01
31 MLA ||r(i)||/||b|| 2.2255740421193032e-01
32 MLA ||r(i)||/||b|| 2.0265990435139200e-01
33 MLA ||r(i)||/||b|| 1.8461394189796612e-01
34 MLA ||r(i)||/||b|| 1.6791094074194463e-01
35 MLA ||r(i)||/||b|| 1.5246776332824291e-01
36 MLA ||r(i)||/||b|| 1.3843972593586371e-01
37 MLA ||r(i)||/||b|| 1.2606483765913812e-01
38 MLA ||r(i)||/||b|| 1.1553242855011089e-01
39 MLA ||r(i)||/||b|| 1.0688281380725276e-01
40 MLA ||r(i)||/||b|| 9.9958344626617346e-02
41 MLA ||r(i)||/||b|| 9.4423780313836705e-02
42 MLA ||r(i)||/||b|| 8.9847901753344103e-02
43 MLA ||r(i)||/||b|| 8.5808222732180681e-02
44 MLA ||r(i)||/||b|| 8.1975329464094804e-02
45 MLA ||r(i)||/||b|| 7.8154196204072671e-02
46 MLA ||r(i)||/||b|| 7.4284092834700180e-02
47 MLA ||r(i)||/||b|| 7.0410620093494025e-02
48 MLA ||r(i)||/||b|| 6.6644110979149934e-02
49 MLA ||r(i)||/||b|| 6.3115310046436404e-02
50 MLA ||r(i)||/||b|| 5.9936425135820107e-02
51 MLA ||r(i)||/||b|| 5.7173961084078018e-02
52 MLA ||r(i)||/||b|| 5.4837669172193078e-02
53 MLA ||r(i)||/||b|| 5.2886081757242173e-02
54 MLA ||r(i)||/||b|| 5.1244138003656826e-02
55 MLA ||r(i)||/||b|| 4.9825067463340374e-02
56 MLA ||r(i)||/||b|| 4.8549042691512174e-02
57 MLA ||r(i)||/||b|| 4.7354426845208068e-02
58 MLA ||r(i)||/||b|| 4.6201256346143083e-02
59 MLA ||r(i)||/||b|| 4.5069007156580465e-02
60 MLA ||r(i)||/||b|| 4.3951388130017061e-02
61 MLA ||r(i)||/||b|| 4.2850495135603350e-02
62 MLA ||r(i)||/||b|| 4.1771832231335883e-02
63 MLA ||r(i)||/||b|| 4.0720896180101399e-02
64 MLA ||r(i)||/||b|| 3.9701397838417384e-02
65 MLA ||r(i)||/||b|| 3.8714799460762644e-02
66 MLA ||r(i)||/||b|| 3.7760708396973826e-02
67 MLA ||r(i)||/||b|| 3.6837623081293555e-02
68 MLA ||r(i)||/||b|| 3.5943691693590102e-02
69 MLA ||r(i)||/||b|| 3.5077262789042357e-02
70 MLA ||r(i)||/||b|| 3.4237158707135638e-02
71 MLA ||r(i)||/||b|| 3.3422699246933592e-02
72 MLA ||r(i)||/||b|| 3.2633560592722891e-02
73 MLA ||r(i)||/||b|| 3.1869558730632783e-02
74 MLA ||r(i)||/||b|| 3.1130435804219772e-02
75 MLA ||r(i)||/||b|| 3.0415701408767721e-02
76 MLA ||r(i)||/||b|| 2.9724550144753181e-02
77 MLA ||r(i)||/||b|| 2.9055855648059209e-02
78 MLA ||r(i)||/||b|| 2.8408225068411258e-02
79 MLA ||r(i)||/||b|| 2.7780092421897457e-02
80 MLA ||r(i)||/||b|| 2.7169829362477273e-02
81 MLA ||r(i)||/||b|| 2.6575850639219641e-02
82 MLA ||r(i)||/||b|| 2.5996705790670240e-02
83 MLA ||r(i)||/||b|| 2.5431145586957568e-02
84 MLA ||r(i)||/||b|| 2.4878161867336875e-02
85 MLA ||r(i)||/||b|| 2.4336999226243158e-02
86 MLA ||r(i)||/||b|| 2.3807157856293660e-02
87 MLA ||r(i)||/||b|| 2.3288350798225891e-02
88 MLA ||r(i)||/||b|| 2.2780479974167257e-02
89 MLA ||r(i)||/||b|| 2.2283590308864273e-02
90 MLA ||r(i)||/||b|| 2.1797823695388609e-02
91 MLA ||r(i)||/||b|| 2.1323375999241247e-02
92 MLA ||r(i)||/||b|| 2.0860457679051619e-02
93 MLA ||r(i)||/||b|| 2.0409261363247680e-02
94 MLA ||r(i)||/||b|| 1.9969936529459126e-02
95 MLA ||r(i)||/||b|| 1.9542573097817404e-02
96 MLA ||r(i)||/||b|| 1.9127191072386463e-02
97 MLA ||r(i)||/||b|| 1.8723736852073059e-02
98 MLA ||r(i)||/||b|| 1.8332086136330077e-02
99 MLA ||r(i)||/||b|| 1.7952049512521499e-02
100 MLA ||r(i)||/||b|| 1.7583381977172755e-02
101 MLA ||r(i)||/||b|| 1.7225793807552195e-02
102 MLA ||r(i)||/||b|| 1.6878961432483047e-02
103 MLA ||r(i)||/||b|| 1.6542539393327570e-02
104 MLA ||r(i)||/||b|| 1.6216170413781397e-02
105 MLA ||r(i)||/||b|| 1.5899494531193801e-02
106 MLA ||r(i)||/||b|| 1.5592155427584135e-02
107 MLA ||r(i)||/||b|| 1.5293806971103526e-02
108 MLA ||r(i)||/||b|| 1.5004116306624404e-02
109 MLA ||r(i)||/||b|| 1.4722766355577965e-02
110 MLA ||r(i)||/||b|| 1.4449456681665803e-02
111 MLA ||r(i)||/||b|| 1.4183903197102783e-02
112 MLA ||r(i)||/||b|| 1.3925837324280779e-02
113 MLA ||r(i)||/||b|| 1.3675005196715762e-02
114 MLA ||r(i)||/||b|| 1.3431165229106567e-02
115 MLA ||r(i)||/||b|| 1.3194086997659902e-02
116 MLA ||r(i)||/||b|| 1.2963549702848739e-02
117 MLA ||r(i)||/||b|| 1.2739340290200130e-02
118 MLA ||r(i)||/||b|| 1.2521252637894135e-02
119 MLA ||r(i)||/||b|| 1.2309086878963774e-02
120 MLA ||r(i)||/||b|| 1.2102648480341699e-02
121 MLA ||r(i)||/||b|| 1.1901747733135968e-02
122 MLA ||r(i)||/||b|| 1.1706200239490910e-02
123 MLA ||r(i)||/||b|| 1.1515825976345238e-02
124 MLA ||r(i)||/||b|| 1.1330450050338387e-02
125 MLA ||r(i)||/||b|| 1.1149902695904355e-02
126 MLA ||r(i)||/||b|| 1.0974019329087075e-02
127 MLA ||r(i)||/||b|| 1.0802640867094374e-02
128 MLA ||r(i)||/||b|| 1.0635613902330343e-02
129 MLA ||r(i)||/||b|| 1.0472790576610823e-02
130 MLA ||r(i)||/||b|| 1.0314028905341679e-02
131 MLA ||r(i)||/||b|| 1.0159192569754196e-02
132 MLA ||r(i)||/||b|| 1.0008151065256975e-02
133 MLA ||r(i)||/||b|| 9.8607796216975095e-03
134 MLA ||r(i)||/||b|| 9.7169588811881463e-03
135 MLA ||r(i)||/||b|| 9.5765747842689927e-03
136 MLA ||r(i)||/||b|| 9.4395183035179252e-03
137 MLA ||r(i)||/||b|| 9.3056854453549727e-03
138 MLA ||r(i)||/||b|| 9.1749768133889097e-03
139 MLA ||r(i)||/||b|| 9.0472974543352250e-03
140 MLA ||r(i)||/||b|| 8.9225564887129676e-03
141 MLA ||r(i)||/||b|| 8.8006669659045599e-03
142 MLA ||r(i)||/||b|| 8.6815457782566576e-03
143 MLA ||r(i)||/||b|| 8.5651131574720606e-03
144 MLA ||r(i)||/||b|| 8.4512926220750694e-03
145 MLA ||r(i)||/||b|| 8.3400107441872762e-03
146 MLA ||r(i)||/||b|| 8.2311969930207538e-03
147 MLA ||r(i)||/||b|| 8.1247836360846520e-03
148 MLA ||r(i)||/||b|| 8.0207052655150331e-03
149 MLA ||r(i)||/||b|| 7.9188990131972697e-03
150 MLA ||r(i)||/||b|| 7.8193043258780667e-03
151 MLA ||r(i)||/||b|| 7.7218626843424372e-03
152 MLA ||r(i)||/||b|| 7.6265175825010120e-03
153 MLA ||r(i)||/||b|| 7.5332144438579095e-03
154 MLA ||r(i)||/||b|| 7.4419004507650438e-03
155 MLA ||r(i)||/||b|| 7.3525245175672521e-03
156 MLA ||r(i)||/||b|| 7.2650371337684844e-03
157 MLA ||r(i)||/||b|| 7.1793903589189474e-03
158 MLA ||r(i)||/||b|| 7.0955376309708613e-03
159 MLA ||r(i)||/||b|| 7.0134338001046764e-03
160 MLA ||r(i)||/||b|| 6.9330349986347775e-03
161 MLA ||r(i)||/||b|| 6.8542986580499730e-03
162 MLA ||r(i)||/||b|| 6.7771832706049343e-03
163 MLA ||r(i)||/||b|| 6.7016485614025912e-03
164 MLA ||r(i)||/||b|| 6.6276553006999932e-03
165 MLA ||r(i)||/||b|| 6.5551652671826171e-03
166 MLA ||r(i)||/||b|| 6.4841412550843821e-03
167 MLA ||r(i)||/||b|| 6.4145469793729466e-03
168 MLA ||r(i)||/||b|| 6.3463539908584134e-03
169 MLA ||r(i)||/||b|| 6.2795110162512033e-03
170 MLA ||r(i)||/||b|| 6.2139948311582174e-03
171 MLA ||r(i)||/||b|| 6.1497721125257816e-03
172 MLA ||r(i)||/||b|| 6.0868114948415056e-03
173 MLA ||r(i)||/||b|| 6.0250818510334059e-03
174 MLA ||r(i)||/||b|| 5.9645529420273135e-03
175 MLA ||r(i)||/||b|| 5.9051948551859619e-03
176 MLA ||r(i)||/||b|| 5.8469783674855464e-03
177 MLA ||r(i)||/||b|| 5.7898748484901631e-03
178 MLA ||r(i)||/||b|| 5.7338562814111807e-03
179 MLA ||r(i)||/||b|| 5.6788956265328861e-03
180 MLA ||r(i)||/||b|| 5.6249663691426005e-03
181 MLA ||r(i)||/||b|| 5.5720427981759057e-03
182 MLA ||r(i)||/||b|| 5.5200998808748302e-03
183 MLA ||r(i)||/||b|| 5.4691131377714300e-03
184 MLA ||r(i)||/||b|| 5.4190588167769725e-03
185 MLA ||r(i)||/||b|| 5.3699135325068524e-03
186 MLA ||r(i)||/||b|| 5.3216547166450041e-03
187 MLA ||r(i)||/||b|| 5.2742602060401565e-03
188 MLA ||r(i)||/||b|| 5.2277083906019815e-03
189 MLA ||r(i)||/||b|| 5.1819783319947323e-03
190 MLA ||r(i)||/||b|| 5.1370495052940352e-03
191 MLA ||r(i)||/||b|| 5.0929018902399550e-03
192 MLA ||r(i)||/||b|| 5.0495160810566080e-03
193 MLA ||r(i)||/||b|| 5.0068730985086156e-03
194 MLA ||r(i)||/||b|| 4.9649544608232430e-03
195 MLA ||r(i)||/||b|| 4.9237421539876326e-03
196 MLA ||r(i)||/||b|| 4.8832187211740952e-03
197 MLA ||r(i)||/||b|| 5.0030042487734204e-03
198 MLA ||r(i)||/||b|| 4.9000028173411241e-03
199 MLA ||r(i)||/||b|| 4.8157995522822277e-03
200 MLA ||r(i)||/||b|| 4.7500233965985629e-03
201 MLA ||r(i)||/||b|| 4.6885921829803393e-03
202 MLA ||r(i)||/||b|| 4.6321941378429056e-03
203 MLA ||r(i)||/||b|| 4.5879518975532486e-03
204 MLA ||r(i)||/||b|| 4.5540307164268368e-03
205 MLA ||r(i)||/||b|| 4.5247349140758314e-03
206 MLA ||r(i)||/||b|| 4.4970825725573456e-03
207 MLA ||r(i)||/||b|| 4.4702272238838995e-03
208 MLA ||r(i)||/||b|| 4.4434850257316924e-03
209 MLA ||r(i)||/||b|| 4.4161134521401657e-03
210 MLA ||r(i)||/||b|| 4.3877279503611467e-03
211 MLA ||r(i)||/||b|| 4.3583494286475403e-03
212 MLA ||r(i)||/||b|| 4.3281911760488746e-03
213 MLA ||r(i)||/||b|| 4.2974953536480233e-03
214 MLA ||r(i)||/||b|| 4.2664825775459107e-03
215 MLA ||r(i)||/||b|| 4.2353512746261552e-03
216 MLA ||r(i)||/||b|| 4.2042783730307318e-03
217 MLA ||r(i)||/||b|| 4.1734165281177077e-03
218 MLA ||r(i)||/||b|| 4.1428911324542820e-03
219 MLA ||r(i)||/||b|| 4.1127997764503722e-03
220 MLA ||r(i)||/||b|| 4.0832121045567601e-03
221 MLA ||r(i)||/||b|| 4.0541712721929909e-03
222 MLA ||r(i)||/||b|| 4.0256964703364257e-03
223 MLA ||r(i)||/||b|| 3.9977865334892213e-03
224 MLA ||r(i)||/||b|| 3.9704253590436278e-03
225 MLA ||r(i)||/||b|| 3.9435866280037460e-03
226 MLA ||r(i)||/||b|| 3.9172381954717499e-03
227 MLA ||r(i)||/||b|| 3.8913454885893422e-03
228 MLA ||r(i)||/||b|| 3.8658745630076926e-03
229 MLA ||r(i)||/||b|| 3.8407934973851698e-03
230 MLA ||r(i)||/||b|| 3.8160737160256495e-03
231 MLA ||r(i)||/||b|| 3.7916903890949762e-03
232 MLA ||r(i)||/||b|| 3.7676224933418257e-03
233 MLA ||r(i)||/||b|| 3.7438528383731428e-03
234 MLA ||r(i)||/||b|| 3.7203673849457715e-03
235 MLA ||r(i)||/||b|| 3.6971552183151968e-03
236 MLA ||r(i)||/||b|| 3.6742075215988046e-03
237 MLA ||r(i)||/||b|| 3.6515174228534037e-03
238 MLA ||r(i)||/||b|| 3.6290793578623009e-03
239 MLA ||r(i)||/||b|| 3.6068887986732035e-03
240 MLA ||r(i)||/||b|| 3.5849416335896655e-03
241 MLA ||r(i)||/||b|| 3.5632342601638052e-03
242 MLA ||r(i)||/||b|| 3.5417631764571014e-03
243 MLA ||r(i)||/||b|| 3.5205250045006846e-03
244 MLA ||r(i)||/||b|| 3.4995163460887001e-03
245 MLA ||r(i)||/||b|| 3.4786712153091919e-03
246 MLA ||r(i)||/||b|| 3.4581222371505389e-03
247 MLA ||r(i)||/||b|| 3.4378043518289627e-03
248 MLA ||r(i)||/||b|| 3.4176878962492714e-03
249 MLA ||r(i)||/||b|| 3.3977898815705232e-03
250 MLA ||r(i)||/||b|| 3.3781122431629494e-03
251 MLA ||r(i)||/||b|| 3.3586333382363610e-03
252 MLA ||r(i)||/||b|| 3.3393465047212166e-03
253 MLA ||r(i)||/||b|| 3.3202474415309807e-03
254 MLA ||r(i)||/||b|| 3.3013342423409177e-03
255 MLA ||r(i)||/||b|| 3.2826062191521131e-03
256 MLA ||r(i)||/||b|| 3.2640629552362975e-03
257 MLA ||r(i)||/||b|| 3.2457037933494876e-03
258 MLA ||r(i)||/||b|| 3.2275272577910658e-03
259 MLA ||r(i)||/||b|| 3.2095314101307907e-03
260 MLA ||r(i)||/||b|| 3.1917132995529676e-03
261 MLA ||r(i)||/||b|| 3.1740698965175571e-03
262 MLA ||r(i)||/||b|| 3.1565979381588836e-03
263 MLA ||r(i)||/||b|| 3.1392917815927716e-03
264 MLA ||r(i)||/||b|| 3.1221529538250723e-03
265 MLA ||r(i)||/||b|| 3.1051761549682477e-03
266 MLA ||r(i)||/||b|| 3.0883580499559736e-03
267 MLA ||r(i)||/||b|| 3.0716954260254221e-03
268 MLA ||r(i)||/||b|| 3.0551853248803342e-03
269 MLA ||r(i)||/||b|| 3.0388250065283917e-03
270 MLA ||r(i)||/||b|| 3.0226665830836098e-03
271 MLA ||r(i)||/||b|| 3.0065903111702046e-03
272 MLA ||r(i)||/||b|| 2.9906339328916098e-03
273 MLA ||r(i)||/||b|| 2.9748250568019728e-03
274 MLA ||r(i)||/||b|| 2.9591606815197883e-03
275 MLA ||r(i)||/||b|| 2.9436418564386252e-03
276 MLA ||r(i)||/||b|| 2.9282660052619681e-03
277 MLA ||r(i)||/||b|| 2.9131230170610480e-03
278 MLA ||r(i)||/||b|| 2.8981327651577855e-03
279 MLA ||r(i)||/||b|| 2.8831109313259690e-03
280 MLA ||r(i)||/||b|| 2.8682497193263734e-03
281 MLA ||r(i)||/||b|| 2.8534144703771334e-03
282 MLA ||r(i)||/||b|| 2.8387026757666126e-03
283 MLA ||r(i)||/||b|| 2.8243228176867540e-03
284 MLA ||r(i)||/||b|| 2.8098906441078307e-03
285 MLA ||r(i)||/||b|| 2.7955680079465193e-03
286 MLA ||r(i)||/||b|| 2.7813713992930851e-03
287 MLA ||r(i)||/||b|| 2.7673193813003713e-03
288 MLA ||r(i)||/||b|| 2.7534149563212158e-03
289 MLA ||r(i)||/||b|| 2.7396521267197185e-03
290 MLA ||r(i)||/||b|| 2.7260202035121325e-03
291 MLA ||r(i)||/||b|| 2.7125060044852754e-03
292 MLA ||r(i)||/||b|| 2.6990980841595639e-03
293 MLA ||r(i)||/||b|| 2.6857916177181621e-03
294 MLA ||r(i)||/||b|| 2.6725754055837913e-03
295 MLA ||r(i)||/||b|| 2.6594495150860618e-03
296 MLA ||r(i)||/||b|| 2.6464138188075420e-03
297 MLA ||r(i)||/||b|| 2.6334692020691950e-03
298 MLA ||r(i)||/||b|| 2.6206165459092376e-03
299 MLA ||r(i)||/||b|| 2.6078569636619731e-03
300 MLA ||r(i)||/||b|| 2.5951900686246648e-03
301 MLA ||r(i)||/||b|| 2.5826163643500404e-03
302 MLA ||r(i)||/||b|| 2.5701359273991938e-03
303 MLA ||r(i)||/||b|| 2.5577490108211341e-03
304 MLA ||r(i)||/||b|| 2.5454545498213780e-03
305 MLA ||r(i)||/||b|| 2.5332520203413915e-03
306 MLA ||r(i)||/||b|| 2.5211409466081107e-03
307 MLA ||r(i)||/||b|| 2.5095978813900869e-03
308 MLA ||r(i)||/||b|| 2.4976116262173829e-03
309 MLA ||r(i)||/||b|| 2.4862259281641162e-03
310 MLA ||r(i)||/||b|| 2.4741820440896943e-03
311 MLA ||r(i)||/||b|| 2.4620585749273831e-03
312 MLA ||r(i)||/||b|| 2.4500240711155725e-03
313 MLA ||r(i)||/||b|| 2.4381960669012086e-03
314 MLA ||r(i)||/||b|| 2.4266167956165348e-03
315 MLA ||r(i)||/||b|| 2.4152738985851693e-03
316 MLA ||r(i)||/||b|| 2.4042824568439231e-03
317 MLA ||r(i)||/||b|| 2.3932563511500546e-03
318 MLA ||r(i)||/||b|| 2.3822798548185052e-03
319 MLA ||r(i)||/||b|| 2.3713564707419509e-03
320 MLA ||r(i)||/||b|| 2.3604972997083111e-03
321 MLA ||r(i)||/||b|| 2.3497318139415369e-03
322 MLA ||r(i)||/||b|| 2.3390087758296072e-03
323 MLA ||r(i)||/||b|| 2.3283421641939728e-03
324 MLA ||r(i)||/||b|| 2.3177303086829985e-03
325 MLA ||r(i)||/||b|| 2.3071827365841280e-03
326 MLA ||r(i)||/||b|| 2.2966943343554307e-03
327 MLA ||r(i)||/||b|| 2.2876991851107460e-03
328 MLA ||r(i)||/||b|| 2.2771936325831619e-03
329 MLA ||r(i)||/||b|| 2.2663116506142968e-03
330 MLA ||r(i)||/||b|| 2.2553747489775806e-03
331 MLA ||r(i)||/||b|| 2.2446071592819596e-03
332 MLA ||r(i)||/||b|| 2.2328287860798393e-03
333 MLA ||r(i)||/||b|| 2.2226189322032534e-03
334 MLA ||r(i)||/||b|| 2.2132902884013156e-03
335 MLA ||r(i)||/||b|| 2.2044036637808473e-03
336 MLA ||r(i)||/||b|| 2.1954997053388703e-03
337 MLA ||r(i)||/||b|| 2.1863968533663973e-03
338 MLA ||r(i)||/||b|| 2.1770673552082708e-03
339 MLA ||r(i)||/||b|| 2.1675471975627506e-03
340 MLA ||r(i)||/||b|| 2.1579028120607760e-03
341 MLA ||r(i)||/||b|| 2.1482107732270555e-03
342 MLA ||r(i)||/||b|| 2.1385346713514298e-03
343 MLA ||r(i)||/||b|| 2.1289159718921014e-03
344 MLA ||r(i)||/||b|| 2.1193777101871565e-03
345 MLA ||r(i)||/||b|| 2.1099314437750746e-03
346 MLA ||r(i)||/||b|| 2.1005822352709379e-03
347 MLA ||r(i)||/||b|| 2.0913304860671247e-03
348 MLA ||r(i)||/||b|| 2.0821739983822810e-03
349 MLA ||r(i)||/||b|| 2.0731085853652525e-03
350 MLA ||r(i)||/||b|| 2.0641291977017270e-03
351 MLA ||r(i)||/||b|| 2.0552299746718320e-03
352 MLA ||r(i)||/||b|| 2.0463616890999295e-03
353 MLA ||r(i)||/||b|| 2.0376078537050388e-03
354 MLA ||r(i)||/||b|| 2.0289354480677426e-03
355 MLA ||r(i)||/||b|| 2.0203285817082320e-03
356 MLA ||r(i)||/||b|| 2.0117744536406082e-03
357 MLA ||r(i)||/||b|| 2.0032661335335003e-03
358 MLA ||r(i)||/||b|| 1.9948009868917174e-03
359 MLA ||r(i)||/||b|| 1.9863792976300512e-03
360 MLA ||r(i)||/||b|| 1.9780026636197494e-03
361 MLA ||r(i)||/||b|| 1.9696787252132422e-03
362 MLA ||r(i)||/||b|| 1.9614002573208073e-03
363 MLA ||r(i)||/||b|| 1.9531652411143271e-03
364 MLA ||r(i)||/||b|| 1.9449777539981554e-03
365 MLA ||r(i)||/||b|| 1.9368406024831023e-03
366 MLA ||r(i)||/||b|| 1.9287573747221404e-03
367 MLA ||r(i)||/||b|| 1.9207247288279428e-03
368 MLA ||r(i)||/||b|| 1.9127436399115330e-03
369 MLA ||r(i)||/||b|| 1.9048140985029620e-03
370 MLA ||r(i)||/||b|| 1.8969358794634083e-03
371 MLA ||r(i)||/||b|| 1.8891085118397058e-03
372 MLA ||r(i)||/||b|| 1.8813314433023674e-03
373 MLA ||r(i)||/||b|| 1.8736040895993606e-03
374 MLA ||r(i)||/||b|| 2.2378397154325033e-03
375 MLA ||r(i)||/||b|| 2.0993349487903102e-03
376 MLA ||r(i)||/||b|| 1.9881230893889928e-03
377 MLA ||r(i)||/||b|| 1.9242817380921834e-03
378 MLA ||r(i)||/||b|| 1.8674633904049980e-03
379 MLA ||r(i)||/||b|| 1.8175976544702837e-03
380 MLA ||r(i)||/||b|| 1.7924274696852268e-03
381 MLA ||r(i)||/||b|| 1.7859304701115836e-03
382 MLA ||r(i)||/||b|| 1.7837190436841327e-03
383 MLA ||r(i)||/||b|| 1.7807441123873964e-03
384 MLA ||r(i)||/||b|| 1.7786274899772936e-03
385 MLA ||r(i)||/||b|| 1.7775545736377649e-03
386 MLA ||r(i)||/||b|| 1.7765321069209417e-03
387 MLA ||r(i)||/||b|| 1.7746245186080183e-03
388 MLA ||r(i)||/||b|| 2.1675676750694123e-03
389 MLA ||r(i)||/||b|| 2.0262670371025420e-03
390 MLA ||r(i)||/||b|| 1.9096901445518491e-03
391 MLA ||r(i)||/||b|| 1.8415805486523404e-03
392 MLA ||r(i)||/||b|| 1.7814848955556082e-03
393 MLA ||r(i)||/||b|| 1.7297362481867031e-03
394 MLA ||r(i)||/||b|| 1.7034027762020561e-03
395 MLA ||r(i)||/||b|| 1.6964429892674308e-03
396 MLA ||r(i)||/||b|| 1.6933636200350531e-03
397 MLA ||r(i)||/||b|| 1.6894635933025020e-03
398 MLA ||r(i)||/||b|| 1.6862319817443389e-03
399 MLA ||r(i)||/||b|| 1.6842931726482446e-03
400 MLA ||r(i)||/||b|| 1.6826998582016616e-03
401 MLA ||r(i)||/||b|| 1.6805034484811223e-03
402 MLA ||r(i)||/||b|| 1.6773375018964596e-03
403 MLA ||r(i)||/||b|| 1.6731775631184946e-03
404 MLA ||r(i)||/||b|| 1.6680961963678571e-03
405 MLA ||r(i)||/||b|| 1.6622051570836856e-03
406 MLA ||r(i)||/||b|| 1.6556575152626533e-03
407 MLA ||r(i)||/||b|| 1.6486287268160436e-03
408 MLA ||r(i)||/||b|| 1.6412881429291532e-03
409 MLA ||r(i)||/||b|| 1.6337822520543883e-03
410 MLA ||r(i)||/||b|| 1.6262313221083739e-03
411 MLA ||r(i)||/||b|| 1.6187306062120865e-03
412 MLA ||r(i)||/||b|| 1.6113514740673152e-03
413 MLA ||r(i)||/||b|| 1.6041191001354988e-03
414 MLA ||r(i)||/||b|| 1.5971120204928070e-03
415 MLA ||r(i)||/||b|| 1.5903303122976847e-03
416 MLA ||r(i)||/||b|| 1.5837661556809565e-03
417 MLA ||r(i)||/||b|| 1.5774047152295207e-03
418 MLA ||r(i)||/||b|| 1.5712269815580473e-03
419 MLA ||r(i)||/||b|| 1.5652117691397475e-03
420 MLA ||r(i)||/||b|| 1.5593369347951876e-03
421 MLA ||r(i)||/||b|| 1.5535806387414340e-03
422 MLA ||r(i)||/||b|| 1.5479220242899661e-03
423 MLA ||r(i)||/||b|| 1.5423422325787277e-03
424 MLA ||r(i)||/||b|| 1.5368250590000506e-03
425 MLA ||r(i)||/||b|| 1.5313570434149703e-03
426 MLA ||r(i)||/||b|| 1.5259279308017070e-03
427 MLA ||r(i)||/||b|| 1.5203624045270307e-03
428 MLA ||r(i)||/||b|| 1.5149819883618040e-03
429 MLA ||r(i)||/||b|| 1.5097069697142529e-03
430 MLA ||r(i)||/||b|| 1.5044738458976855e-03
431 MLA ||r(i)||/||b|| 1.4992444374971651e-03
432 MLA ||r(i)||/||b|| 1.4940044617578843e-03
433 MLA ||r(i)||/||b|| 1.4887557338685146e-03
434 MLA ||r(i)||/||b|| 1.4835079955874218e-03
435 MLA ||r(i)||/||b|| 1.4782726656577335e-03
436 MLA ||r(i)||/||b|| 1.4730583867874404e-03
437 MLA ||r(i)||/||b|| 1.4678110399643732e-03
438 MLA ||r(i)||/||b|| 1.4626514855401462e-03
439 MLA ||r(i)||/||b|| 1.4575539768738421e-03
440 MLA ||r(i)||/||b|| 1.4524978414943994e-03
441 MLA ||r(i)||/||b|| 1.4474774262299957e-03
442 MLA ||r(i)||/||b|| 1.8599381873973331e-03
443 MLA ||r(i)||/||b|| 1.8584339735707601e-03
444 MLA ||r(i)||/||b|| 1.8527162499636573e-03
445 MLA ||r(i)||/||b|| 2.3372749711817920e-03
446 MLA ||r(i)||/||b|| 2.1402052954409235e-03
447 MLA ||r(i)||/||b|| 1.9155388647362280e-03
448 MLA ||r(i)||/||b|| 1.6307011066237305e-03
449 MLA ||r(i)||/||b|| 1.4433766669781709e-03
450 MLA ||r(i)||/||b|| 1.4087455626416361e-03
451 MLA ||r(i)||/||b|| 1.4136488434657853e-03
452 MLA ||r(i)||/||b|| 2.0559709265059673e-03
453 MLA ||r(i)||/||b|| 1.7425442389448883e-03
454 MLA ||r(i)||/||b|| 1.5501365076906351e-03
455 MLA ||r(i)||/||b|| 1.4919616655631358e-03
456 MLA ||r(i)||/||b|| 1.4458665556502136e-03
457 MLA ||r(i)||/||b|| 1.3907795867555573e-03
458 MLA ||r(i)||/||b|| 1.3661666673665126e-03
459 MLA ||r(i)||/||b|| 1.9397793609221634e-03
460 MLA ||r(i)||/||b|| 1.7128637326407690e-03
461 MLA ||r(i)||/||b|| 1.5440919710236712e-03
462 MLA ||r(i)||/||b|| 1.4590647657534981e-03
463 MLA ||r(i)||/||b|| 1.4076630542539891e-03
464 MLA ||r(i)||/||b|| 1.3600246888003759e-03
465 MLA ||r(i)||/||b|| 1.3364719681221264e-03
466 MLA ||r(i)||/||b|| 1.3647621279882613e-03
467 MLA ||r(i)||/||b|| 1.3503465232091519e-03
468 MLA ||r(i)||/||b|| 1.8387423726706389e-03
469 MLA ||r(i)||/||b|| 1.6453512131376798e-03
470 MLA ||r(i)||/||b|| 1.5460682134597226e-03
471 MLA ||r(i)||/||b|| 1.4694806780278563e-03
472 MLA ||r(i)||/||b|| 1.3933319483105315e-03
473 MLA ||r(i)||/||b|| 1.3215636307695158e-03
474 MLA ||r(i)||/||b|| 1.4695467441212676e-03
475 MLA ||r(i)||/||b|| 1.8861150679350554e-03
476 MLA ||r(i)||/||b|| 1.8197149486221355e-03
477 MLA ||r(i)||/||b|| 1.5879310638055742e-03
478 MLA ||r(i)||/||b|| 1.4806971269491385e-03
479 MLA ||r(i)||/||b|| 1.3810208715066476e-03
480 MLA ||r(i)||/||b|| 1.9126771998568635e-03
481 MLA ||r(i)||/||b|| 1.5754534265661659e-03
482 MLA ||r(i)||/||b|| 1.3889679650311868e-03
483 MLA ||r(i)||/||b|| 1.3073433265421894e-03
484 MLA ||r(i)||/||b|| 1.2710224088139767e-03
485 MLA ||r(i)||/||b|| 1.8469019248578836e-03
486 MLA ||r(i)||/||b|| 1.5933223184160404e-03
487 MLA ||r(i)||/||b|| 1.4121648228668489e-03
488 MLA ||r(i)||/||b|| 1.3318327132727237e-03
489 MLA ||r(i)||/||b|| 1.2781583051895348e-03
490 MLA ||r(i)||/||b|| 1.2346477931773328e-03
491 MLA ||r(i)||/||b|| 1.8843306117375762e-03
492 MLA ||r(i)||/||b|| 1.5960718368907569e-03
493 MLA ||r(i)||/||b|| 1.3399277996307931e-03
494 MLA ||r(i)||/||b|| 1.2882154608019549e-03
495 MLA ||r(i)||/||b|| 1.4148621680254152e-03
496 MLA ||r(i)||/||b|| 1.3572509857193802e-03
497 MLA ||r(i)||/||b|| 1.2767789723032424e-03
498 MLA ||r(i)||/||b|| 1.2100303179350530e-03
499 MLA ||r(i)||/||b|| 1.9019918099873391e-03
500 MLA ||r(i)||/||b|| 1.5787938651669706e-03
501 MLA ||r(i)||/||b|| 1.6424950142060368e-03
502 MLA ||r(i)||/||b|| 1.6679520602471305e-03
503 MLA ||r(i)||/||b|| 1.5316918564656154e-03
504 MLA ||r(i)||/||b|| 1.4248647173105743e-03
505 MLA ||r(i)||/||b|| 1.2890938229244268e-03
506 MLA ||r(i)||/||b|| 1.1938300359740964e-03
507 MLA ||r(i)||/||b|| 1.9141199758639514e-03
508 MLA ||r(i)||/||b|| 1.5752265845364662e-03
509 MLA ||r(i)||/||b|| 1.6477950488470378e-03
510 MLA ||r(i)||/||b|| 1.6581155824452144e-03
511 MLA ||r(i)||/||b|| 1.5188871775238904e-03
512 MLA ||r(i)||/||b|| 1.4106673469972820e-03
513 MLA ||r(i)||/||b|| 1.2716439334905304e-03
514 MLA ||r(i)||/||b|| 1.1722375913016591e-03
515 MLA ||r(i)||/||b|| 1.1549413478191683e-03
516 MLA ||r(i)||/||b|| 1.1646274828280381e-03
517 MLA ||r(i)||/||b|| 1.8477970261560450e-03
518 MLA ||r(i)||/||b|| 1.5592167299183770e-03
519 MLA ||r(i)||/||b|| 1.3564694989450035e-03
520 MLA ||r(i)||/||b|| 1.2799400057741856e-03
521 MLA ||r(i)||/||b|| 1.2213375002723249e-03
522 MLA ||r(i)||/||b|| 1.7510498559761092e-03
523 MLA ||r(i)||/||b|| 1.4701028048289149e-03
524 MLA ||r(i)||/||b|| 1.2918835013208182e-03
525 MLA ||r(i)||/||b|| 1.2051703247446526e-03
526 MLA ||r(i)||/||b|| 1.7256994907955201e-03
527 MLA ||r(i)||/||b|| 1.4338790291947776e-03
528 MLA ||r(i)||/||b|| 1.2678672701885382e-03
529 MLA ||r(i)||/||b|| 1.1908653387906710e-03
530 MLA ||r(i)||/||b|| 1.7364351757589290e-03
531 MLA ||r(i)||/||b|| 1.4159607974886365e-03
532 MLA ||r(i)||/||b|| 1.2225112075087078e-03
533 MLA ||r(i)||/||b|| 1.1640322581766001e-03
534 MLA ||r(i)||/||b|| 1.1186720657713320e-03
535 MLA ||r(i)||/||b|| 1.0835312946897843e-03
536 MLA ||r(i)||/||b|| 1.0731527721891314e-03
537 MLA ||r(i)||/||b|| 1.7783019625977007e-03
538 MLA ||r(i)||/||b|| 1.4885531419323475e-03
539 MLA ||r(i)||/||b|| 1.2823118023932302e-03
540 MLA ||r(i)||/||b|| 1.1989261486190315e-03
541 MLA ||r(i)||/||b|| 1.1454303168895569e-03
542 MLA ||r(i)||/||b|| 1.0916952993876782e-03
543 MLA ||r(i)||/||b|| 1.0676790390258268e-03
544 MLA ||r(i)||/||b|| 1.0694525526829719e-03
545 MLA ||r(i)||/||b|| 1.0731785271851531e-03
546 MLA ||r(i)||/||b|| 1.0718336289221070e-03
547 MLA ||r(i)||/||b|| 1.6502451485607529e-03
548 MLA ||r(i)||/||b|| 1.4416596881093252e-03
549 MLA ||r(i)||/||b|| 1.2809465208529311e-03
550 MLA ||r(i)||/||b|| 1.2046390898915287e-03
551 MLA ||r(i)||/||b|| 1.1351596145772257e-03
552 MLA ||r(i)||/||b|| 1.0699018573559890e-03
553 MLA ||r(i)||/||b|| 1.6999742986065014e-03
554 MLA ||r(i)||/||b|| 1.4219610708474369e-03
555 MLA ||r(i)||/||b|| 1.4807817921805627e-03
556 MLA ||r(i)||/||b|| 1.5297270383892356e-03
557 MLA ||r(i)||/||b|| 1.3958281424777156e-03
558 MLA ||r(i)||/||b|| 1.2866278671911529e-03
559 MLA ||r(i)||/||b|| 1.1475874873531455e-03
560 MLA ||r(i)||/||b|| 1.0482834581595404e-03
561 MLA ||r(i)||/||b|| 1.0283003895314841e-03
562 MLA ||r(i)||/||b|| 1.7916752516983177e-03
563 MLA ||r(i)||/||b|| 1.4577118728781302e-03
564 MLA ||r(i)||/||b|| 1.2190924070627138e-03
565 MLA ||r(i)||/||b|| 1.1333617087316760e-03
566 MLA ||r(i)||/||b|| 1.0845961737706671e-03
567 MLA ||r(i)||/||b|| 1.6675260357004581e-03
568 MLA ||r(i)||/||b|| 1.3665892440224805e-03
569 MLA ||r(i)||/||b|| 1.1813282946020319e-03
570 MLA ||r(i)||/||b|| 1.0935111837211047e-03
571 MLA ||r(i)||/||b|| 1.0417537618399760e-03
572 MLA ||r(i)||/||b|| 1.0021267898916062e-03
573 MLA ||r(i)||/||b|| 1.7019812741310447e-03
574 MLA ||r(i)||/||b|| 1.3918845755467222e-03
575 MLA ||r(i)||/||b|| 1.1830277961724115e-03
576 MLA ||r(i)||/||b|| 1.0952610980209225e-03
577 MLA ||r(i)||/||b|| 1.0460073524641796e-03
578 MLA ||r(i)||/||b|| 9.9921075280303513e-04
579 MLA ||r(i)||/||b|| 9.7789166172289072e-04
580 MLA ||r(i)||/||b|| 9.7929426072597848e-04
581 MLA ||r(i)||/||b|| 1.6511543673162273e-03
582 MLA ||r(i)||/||b|| 1.3931399535522964e-03
583 MLA ||r(i)||/||b|| 1.1977432190894927e-03
584 MLA ||r(i)||/||b|| 1.1163589357924429e-03
585 MLA ||r(i)||/||b|| 1.0550084953277715e-03
586 MLA ||r(i)||/||b|| 9.9250885745392559e-04
587 MLA ||r(i)||/||b|| 1.6529288853174961e-03
588 MLA ||r(i)||/||b|| 1.3650393213643515e-03
589 MLA ||r(i)||/||b|| 1.1574691212354604e-03
590 MLA ||r(i)||/||b|| 1.0658241248325373e-03
591 MLA ||r(i)||/||b|| 1.3212041411099281e-03
592 MLA ||r(i)||/||b|| 1.1237303042482022e-03
593 MLA ||r(i)||/||b|| 1.0260568723664144e-03
594 MLA ||r(i)||/||b|| 9.8097417433543814e-04
595 MLA ||r(i)||/||b|| 9.5161598197187431e-04
596 MLA ||r(i)||/||b|| 9.3517072976880499e-04
597 MLA ||r(i)||/||b|| 9.3370686136923524e-04
598 MLA ||r(i)||/||b|| 9.3712398129602262e-04
599 MLA ||r(i)||/||b|| 1.6035110416242736e-03
600 MLA ||r(i)||/||b|| 1.3518479653779841e-03
601 MLA ||r(i)||/||b|| 1.1657056364297162e-03
602 MLA ||r(i)||/||b|| 1.0868917914637186e-03
603 MLA ||r(i)||/||b|| 1.0221333395326469e-03
604 MLA ||r(i)||/||b|| 1.6025294366673380e-03
605 MLA ||r(i)||/||b|| 1.3021232528840623e-03
606 MLA ||r(i)||/||b|| 1.0989834553926259e-03
607 MLA ||r(i)||/||b|| 1.0194723020912561e-03
608 MLA ||r(i)||/||b|| 9.7055324829027753e-04
609 MLA ||r(i)||/||b|| 9.3060300611564738e-04
610 MLA ||r(i)||/||b|| 9.1345010525535229e-04
611 MLA ||r(i)||/||b|| 9.1599670915128368e-04
612 MLA ||r(i)||/||b|| 9.1620670135866833e-04
613 MLA ||r(i)||/||b|| 9.1360897117900874e-04
614 MLA ||r(i)||/||b|| 1.5320918326838452e-03
615 MLA ||r(i)||/||b|| 1.3097045612614864e-03
616 MLA ||r(i)||/||b|| 1.1426514006065407e-03
617 MLA ||r(i)||/||b|| 1.0661343008447754e-03
618 MLA ||r(i)||/||b|| 9.9683943920389679e-04
619 MLA ||r(i)||/||b|| 9.3041024995471394e-04
620 MLA ||r(i)||/||b|| 1.5000163508893799e-03
621 MLA ||r(i)||/||b|| 1.2451303044185257e-03
622 MLA ||r(i)||/||b|| 1.0614901181830458e-03
623 MLA ||r(i)||/||b|| 9.8152980921142538e-04
624 MLA ||r(i)||/||b|| 9.4046791818258254e-04
625 MLA ||r(i)||/||b|| 9.0314609883113996e-04
626 MLA ||r(i)||/||b|| 8.8550950733954118e-04
627 MLA ||r(i)||/||b|| 8.8541850331022717e-04
628 MLA ||r(i)||/||b|| 8.8735681075711710e-04
629 MLA ||r(i)||/||b|| 8.8551590995325047e-04
630 MLA ||r(i)||/||b|| 8.8313717067206902e-04
631 MLA ||r(i)||/||b|| 8.8234278437832817e-04
632 MLA ||r(i)||/||b|| 8.8279495906390729e-04
633 MLA ||r(i)||/||b|| 8.8339226118380949e-04
634 MLA ||r(i)||/||b|| 8.8354251676830997e-04
635 MLA ||r(i)||/||b|| 8.8309350059349900e-04
636 MLA ||r(i)||/||b|| 8.8203956456941904e-04
637 MLA ||r(i)||/||b|| 8.8056142984300415e-04
638 MLA ||r(i)||/||b|| 8.7852356635536460e-04
639 MLA ||r(i)||/||b|| 8.7607352507804213e-04
640 MLA ||r(i)||/||b|| 8.7344433518370135e-04
641 MLA ||r(i)||/||b|| 8.9605998315148258e-04
642 MLA ||r(i)||/||b|| 8.8619076822200188e-04
643 MLA ||r(i)||/||b|| 8.7498856869125537e-04
644 MLA ||r(i)||/||b|| 8.6695653457215553e-04
645 MLA ||r(i)||/||b|| 8.6060060288227177e-04
646 MLA ||r(i)||/||b|| 8.5581690025731912e-04
647 MLA ||r(i)||/||b|| 8.5305587100994648e-04
648 MLA ||r(i)||/||b|| 8.5146899929007178e-04
649 MLA ||r(i)||/||b|| 8.5005436937838979e-04
650 MLA ||r(i)||/||b|| 1.4314061548744369e-03
651 MLA ||r(i)||/||b|| 1.2283652830356940e-03
652 MLA ||r(i)||/||b|| 1.0692617166905066e-03
653 MLA ||r(i)||/||b|| 9.9527593440234814e-04
654 MLA ||r(i)||/||b|| 9.3044566075486848e-04
655 MLA ||r(i)||/||b|| 8.6802432951370041e-04
656 MLA ||r(i)||/||b|| 8.4128265707411718e-04
657 MLA ||r(i)||/||b|| 8.4085012115301446e-04
658 MLA ||r(i)||/||b|| 8.4113976657878089e-04
659 MLA ||r(i)||/||b|| 8.3610138991732814e-04
660 MLA ||r(i)||/||b|| 8.3112025304658225e-04
661 MLA ||r(i)||/||b|| 1.0245987065863095e-03
662 MLA ||r(i)||/||b|| 9.3684152963748415e-04
663 MLA ||r(i)||/||b|| 9.1925321726540237e-04
664 MLA ||r(i)||/||b|| 8.8809107525956803e-04
665 MLA ||r(i)||/||b|| 8.6032919029813452e-04
666 MLA ||r(i)||/||b|| 8.3671653247699743e-04
667 MLA ||r(i)||/||b|| 8.2624923313712629e-04
668 MLA ||r(i)||/||b|| 8.2530682938614130e-04
669 MLA ||r(i)||/||b|| 1.4474213971951801e-03
670 MLA ||r(i)||/||b|| 1.2165160697712432e-03
671 MLA ||r(i)||/||b|| 1.0408967787559518e-03
672 MLA ||r(i)||/||b|| 9.6590979450973950e-04
673 MLA ||r(i)||/||b|| 9.0561018722692564e-04
674 MLA ||r(i)||/||b|| 8.4492836178276271e-04
675 MLA ||r(i)||/||b|| 8.1802459289381931e-04
676 MLA ||r(i)||/||b|| 8.1780954054048571e-04
677 MLA ||r(i)||/||b|| 8.1868411481998585e-04
678 MLA ||r(i)||/||b|| 8.1394910278764397e-04
679 MLA ||r(i)||/||b|| 8.0881358638218838e-04
680 MLA ||r(i)||/||b|| 8.0656950863360890e-04
681 MLA ||r(i)||/||b|| 8.0651509994804859e-04
682 MLA ||r(i)||/||b|| 8.0712971597817211e-04
683 MLA ||r(i)||/||b|| 8.0763985990664759e-04
684 MLA ||r(i)||/||b|| 8.0786167962416315e-04
685 MLA ||r(i)||/||b|| 8.0759374363611124e-04
686 MLA ||r(i)||/||b|| 8.0678792987535293e-04
687 MLA ||r(i)||/||b|| 8.0555075040288017e-04
688 MLA ||r(i)||/||b|| 8.0401247511410008e-04
689 MLA ||r(i)||/||b|| 8.0228930805976561e-04
690 MLA ||r(i)||/||b|| 8.0046457118571090e-04
691 MLA ||r(i)||/||b|| 7.9859259514413838e-04
692 MLA ||r(i)||/||b|| 1.3690146056867932e-03
693 MLA ||r(i)||/||b|| 1.0996559734823053e-03
694 MLA ||r(i)||/||b|| 1.1096147361742872e-03
695 MLA ||r(i)||/||b|| 1.0199457766807717e-03
696 MLA ||r(i)||/||b|| 9.4181546492790448e-04
697 MLA ||r(i)||/||b|| 8.5250559835743916e-04
698 MLA ||r(i)||/||b|| 8.0165968384594388e-04
699 MLA ||r(i)||/||b|| 7.9535532713638252e-04
700 MLA ||r(i)||/||b|| 7.9650121477460828e-04
701 MLA ||r(i)||/||b|| 7.8909301160714010e-04
702 MLA ||r(i)||/||b|| 7.7963367734598752e-04
703 MLA ||r(i)||/||b|| 7.7461019319443507e-04
704 MLA ||r(i)||/||b|| 7.7452855943150624e-04
705 MLA ||r(i)||/||b|| 7.7548159281553316e-04
706 MLA ||r(i)||/||b|| 7.7814240420473056e-04
707 MLA ||r(i)||/||b|| 7.7926212423241002e-04
708 MLA ||r(i)||/||b|| 7.7861434909266771e-04
709 MLA ||r(i)||/||b|| 7.7749003200162079e-04
710 MLA ||r(i)||/||b|| 7.7632604616792748e-04
711 MLA ||r(i)||/||b|| 7.7522842530519784e-04
712 MLA ||r(i)||/||b|| 7.7410464129335150e-04
713 MLA ||r(i)||/||b|| 7.7283735524994856e-04
714 MLA ||r(i)||/||b|| 7.7140172195216570e-04
715 MLA ||r(i)||/||b|| 8.3130553738219328e-04
716 MLA ||r(i)||/||b|| 8.0871408539088337e-04
717 MLA ||r(i)||/||b|| 7.8798418508722390e-04
718 MLA ||r(i)||/||b|| 7.7621168604585821e-04
719 MLA ||r(i)||/||b|| 7.6727982461075896e-04
720 MLA ||r(i)||/||b|| 7.6054617652315576e-04
721 MLA ||r(i)||/||b|| 7.5764869030500281e-04
722 MLA ||r(i)||/||b|| 7.5696896510221907e-04
723 MLA ||r(i)||/||b|| 7.5624965522062338e-04
724 MLA ||r(i)||/||b|| 7.5499466189627026e-04
725 MLA ||r(i)||/||b|| 7.5368634528846638e-04
726 MLA ||r(i)||/||b|| 7.5263920067378156e-04
727 MLA ||r(i)||/||b|| 7.5183707862374856e-04
728 MLA ||r(i)||/||b|| 7.5115548253734048e-04
729 MLA ||r(i)||/||b|| 7.5049732508020357e-04
730 MLA ||r(i)||/||b|| 7.4980198755389643e-04
731 MLA ||r(i)||/||b|| 7.4903224411817951e-04
732 MLA ||r(i)||/||b|| 7.4820848560613678e-04
733 MLA ||r(i)||/||b|| 7.4727273958180844e-04
734 MLA ||r(i)||/||b|| 7.4624614059741077e-04
735 MLA ||r(i)||/||b|| 7.4538132609342465e-04
736 MLA ||r(i)||/||b|| 7.4431122890747901e-04
737 MLA ||r(i)||/||b|| 7.4310199731974678e-04
738 MLA ||r(i)||/||b|| 7.4189322159037407e-04
739 MLA ||r(i)||/||b|| 7.4072553651736018e-04
740 MLA ||r(i)||/||b|| 7.3960305189131235e-04
741 MLA ||r(i)||/||b|| 7.3851363257085626e-04
742 MLA ||r(i)||/||b|| 7.3744192590103242e-04
743 MLA ||r(i)||/||b|| 7.3637902741947902e-04
744 MLA ||r(i)||/||b|| 7.3532422598852323e-04
745 MLA ||r(i)||/||b|| 7.3428065209298445e-04
746 MLA ||r(i)||/||b|| 7.3325083473258195e-04
747 MLA ||r(i)||/||b|| 7.3223540057683627e-04
748 MLA ||r(i)||/||b|| 7.3123327239789566e-04
749 MLA ||r(i)||/||b|| 8.0197045583836580e-04
750 MLA ||r(i)||/||b|| 7.7627067810846426e-04
751 MLA ||r(i)||/||b|| 7.5337642451659629e-04
752 MLA ||r(i)||/||b|| 7.4101176448190440e-04
753 MLA ||r(i)||/||b|| 7.3174011354243179e-04
754 MLA ||r(i)||/||b|| 7.2469837067259100e-04
755 MLA ||r(i)||/||b|| 7.2202329357477150e-04
756 MLA ||r(i)||/||b|| 7.2186625291884422e-04
757 MLA ||r(i)||/||b|| 7.2154417455195965e-04
758 MLA ||r(i)||/||b|| 7.2050034017916815e-04
759 MLA ||r(i)||/||b|| 7.1935047505051444e-04
760 MLA ||r(i)||/||b|| 7.1848916680596943e-04
761 MLA ||r(i)||/||b|| 7.1789274110314893e-04
762 MLA ||r(i)||/||b|| 7.1741682139301233e-04
763 MLA ||r(i)||/||b|| 7.1695572093707926e-04
764 MLA ||r(i)||/||b|| 7.1636620453370482e-04
765 MLA ||r(i)||/||b|| 7.1574673165238794e-04
766 MLA ||r(i)||/||b|| 7.1510407051922863e-04
767 MLA ||r(i)||/||b|| 7.1436579999235405e-04
768 MLA ||r(i)||/||b|| 7.1352832404865841e-04
769 MLA ||r(i)||/||b|| 7.1261534710294675e-04
770 MLA ||r(i)||/||b|| 7.1165818199609321e-04
771 MLA ||r(i)||/||b|| 7.1072268695140137e-04
772 MLA ||r(i)||/||b|| 7.0974271183444292e-04
773 MLA ||r(i)||/||b|| 7.0872558165250210e-04
774 MLA ||r(i)||/||b|| 7.0771188399023082e-04
775 MLA ||r(i)||/||b|| 7.0671531873805278e-04
776 MLA ||r(i)||/||b|| 7.0573518841863289e-04
777 MLA ||r(i)||/||b|| 7.0476921920704049e-04
778 MLA ||r(i)||/||b|| 7.0387313961600998e-04
779 MLA ||r(i)||/||b|| 7.0953369341994130e-04
780 MLA ||r(i)||/||b|| 7.0712369941870377e-04
781 MLA ||r(i)||/||b|| 7.0347593341388043e-04
782 MLA ||r(i)||/||b|| 7.0074942292675706e-04
783 MLA ||r(i)||/||b|| 6.9871887893497957e-04
784 MLA ||r(i)||/||b|| 6.9732096562132289e-04
785 MLA ||r(i)||/||b|| 6.9651368615007876e-04
786 MLA ||r(i)||/||b|| 6.9594338963293635e-04
787 MLA ||r(i)||/||b|| 6.9529747888206887e-04
788 MLA ||r(i)||/||b|| 7.0095290489487346e-04
789 MLA ||r(i)||/||b|| 6.9841343695351726e-04
790 MLA ||r(i)||/||b|| 6.9546918844368936e-04
791 MLA ||r(i)||/||b|| 6.9299647645113492e-04
792 MLA ||r(i)||/||b|| 6.9116229768789706e-04
793 MLA ||r(i)||/||b|| 6.8984428642070812e-04
794 MLA ||r(i)||/||b|| 7.1312337158176077e-04
795 MLA ||r(i)||/||b|| 7.0398143241203067e-04
796 MLA ||r(i)||/||b|| 6.9441316308829738e-04
797 MLA ||r(i)||/||b|| 6.9017596429789556e-04
798 MLA ||r(i)||/||b|| 6.8854254482268197e-04
799 MLA ||r(i)||/||b|| 6.8569888895906759e-04
800 MLA ||r(i)||/||b|| 6.8364327753811776e-04
801 MLA ||r(i)||/||b|| 6.8256682271006848e-04
802 MLA ||r(i)||/||b|| 6.8214545854367763e-04
803 MLA ||r(i)||/||b|| 6.8174589342085269e-04
804 MLA ||r(i)||/||b|| 6.8116783617828156e-04
805 MLA ||r(i)||/||b|| 6.8049104072409779e-04
806 MLA ||r(i)||/||b|| 6.7986504877037986e-04
807 MLA ||r(i)||/||b|| 6.7927268640794326e-04
808 MLA ||r(i)||/||b|| 6.7870384242653739e-04
809 MLA ||r(i)||/||b|| 6.7813882510409551e-04
810 MLA ||r(i)||/||b|| 6.7740356335532477e-04
811 MLA ||r(i)||/||b|| 6.7673420424698685e-04
812 MLA ||r(i)||/||b|| 6.7617562051197687e-04
813 MLA ||r(i)||/||b|| 6.7560528848150086e-04
814 MLA ||r(i)||/||b|| 6.7508886320997281e-04
815 MLA ||r(i)||/||b|| 6.7429653842173928e-04
816 MLA ||r(i)||/||b|| 6.7332852492110306e-04
817 MLA ||r(i)||/||b|| 6.7237634572980451e-04
818 MLA ||r(i)||/||b|| 6.7150354005494569e-04
819 MLA ||r(i)||/||b|| 6.7066762072907958e-04
820 MLA ||r(i)||/||b|| 6.6984669661617141e-04
821 MLA ||r(i)||/||b|| 6.6903515414738258e-04
822 MLA ||r(i)||/||b|| 6.6822574523018588e-04
823 MLA ||r(i)||/||b|| 6.6741768651527563e-04
824 MLA ||r(i)||/||b|| 6.6661673180230623e-04
825 MLA ||r(i)||/||b|| 6.6582627181922772e-04
826 MLA ||r(i)||/||b|| 6.6504711340631200e-04
827 MLA ||r(i)||/||b|| 6.6427880683887005e-04
828 MLA ||r(i)||/||b|| 6.6352017536136097e-04
829 MLA ||r(i)||/||b|| 6.6276948880259401e-04
830 MLA ||r(i)||/||b|| 6.6202525845991157e-04
831 MLA ||r(i)||/||b|| 6.6128629645949581e-04
832 MLA ||r(i)||/||b|| 6.6055201314401974e-04
833 MLA ||r(i)||/||b|| 6.5982182904839861e-04
834 MLA ||r(i)||/||b|| 6.5909537844996565e-04
835 MLA ||r(i)||/||b|| 6.5838277200203489e-04
836 MLA ||r(i)||/||b|| 6.5766391906426237e-04
837 MLA ||r(i)||/||b|| 6.6572734869690226e-04
838 MLA ||r(i)||/||b|| 6.6272673121345305e-04
839 MLA ||r(i)||/||b|| 6.5876303642996021e-04
840 MLA ||r(i)||/||b|| 6.5597005001122310e-04
841 MLA ||r(i)||/||b|| 6.5396396292010338e-04
842 MLA ||r(i)||/||b|| 6.5263052979077361e-04
843 MLA ||r(i)||/||b|| 6.5193603955176842e-04
844 MLA ||r(i)||/||b|| 6.5149677164954808e-04
845 MLA ||r(i)||/||b|| 6.5096807215565822e-04
846 MLA ||r(i)||/||b|| 6.5029744455529046e-04
847 MLA ||r(i)||/||b|| 6.4958246613873146e-04
848 MLA ||r(i)||/||b|| 6.4889763981898019e-04
849 MLA ||r(i)||/||b|| 6.4826230426495528e-04
850 MLA ||r(i)||/||b|| 6.4766219466109597e-04
851 MLA ||r(i)||/||b|| 6.4707538251751917e-04
852 MLA ||r(i)||/||b|| 6.4648354142212967e-04
853 MLA ||r(i)||/||b|| 6.4587461746726368e-04
854 MLA ||r(i)||/||b|| 6.4525082279012639e-04
855 MLA ||r(i)||/||b|| 6.4460228402702800e-04
856 MLA ||r(i)||/||b|| 6.4404803306126654e-04
857 MLA ||r(i)||/||b|| 6.4337985166921748e-04
858 MLA ||r(i)||/||b|| 6.4262749258165981e-04
859 MLA ||r(i)||/||b|| 6.4188331355386505e-04
860 MLA ||r(i)||/||b|| 6.4119696356717279e-04
861 MLA ||r(i)||/||b|| 6.4051197019050841e-04
862 MLA ||r(i)||/||b|| 6.3981775039067081e-04
863 MLA ||r(i)||/||b|| 6.3912887295716975e-04
864 MLA ||r(i)||/||b|| 6.3847513381694884e-04
865 MLA ||r(i)||/||b|| 6.3780169775780966e-04
866 MLA ||r(i)||/||b|| 6.3735827883891038e-04
867 MLA ||r(i)||/||b|| 6.3668272430803712e-04
868 MLA ||r(i)||/||b|| 6.3759664199722994e-04
869 MLA ||r(i)||/||b|| 6.3669106873400860e-04
870 MLA ||r(i)||/||b|| 6.3494841886290658e-04
871 MLA ||r(i)||/||b|| 6.3365085579751026e-04
872 MLA ||r(i)||/||b|| 6.3268963951029842e-04
873 MLA ||r(i)||/||b|| 6.3200469704917329e-04
874 MLA ||r(i)||/||b|| 6.3148730084046389e-04
875 MLA ||r(i)||/||b|| 6.3098552388268206e-04
876 MLA ||r(i)||/||b|| 6.3041677863589574e-04
877 MLA ||r(i)||/||b|| 6.2979371321300235e-04
878 MLA ||r(i)||/||b|| 6.2915573462115227e-04
879 MLA ||r(i)||/||b|| 6.2852899984769037e-04
880 MLA ||r(i)||/||b|| 6.2792084071457068e-04
881 MLA ||r(i)||/||b|| 6.2732701630434319e-04
882 MLA ||r(i)||/||b|| 6.2673778471997003e-04
883 MLA ||r(i)||/||b|| 6.2614629103367161e-04
884 MLA ||r(i)||/||b|| 6.2554756518213217e-04
885 MLA ||r(i)||/||b|| 6.2938708153354882e-04
886 MLA ||r(i)||/||b|| 6.2784413992930145e-04
887 MLA ||r(i)||/||b|| 6.2544616485758363e-04
888 MLA ||r(i)||/||b|| 6.2489377821891580e-04
889 MLA ||r(i)||/||b|| 6.2375269513256933e-04
890 MLA ||r(i)||/||b|| 6.2212915608315293e-04
891 MLA ||r(i)||/||b|| 6.2083894593635384e-04
892 MLA ||r(i)||/||b|| 6.1993986923783082e-04
893 MLA ||r(i)||/||b|| 6.1936517057241988e-04
894 MLA ||r(i)||/||b|| 6.1891511204122498e-04
895 MLA ||r(i)||/||b|| 6.1842716582919798e-04
896 MLA ||r(i)||/||b|| 6.1786400198972726e-04
897 MLA ||r(i)||/||b|| 6.1726870224631527e-04
898 MLA ||r(i)||/||b|| 6.1667936221847209e-04
899 MLA ||r(i)||/||b|| 6.1612149870570961e-04
900 MLA ||r(i)||/||b|| 6.1584984113014147e-04
901 MLA ||r(i)||/||b|| 6.1533435719404142e-04
902 MLA ||r(i)||/||b|| 6.1465988212142423e-04
903 MLA ||r(i)||/||b|| 6.1399137522649922e-04
904 MLA ||r(i)||/||b|| 6.1335907447371632e-04
905 MLA ||r(i)||/||b|| 6.1276581932155736e-04
906 MLA ||r(i)||/||b|| 6.1219878484210493e-04
907 MLA ||r(i)||/||b|| 6.1165300537793224e-04
908 MLA ||r(i)||/||b|| 6.1107736380630931e-04
909 MLA ||r(i)||/||b|| 6.1047377541116024e-04
910 MLA ||r(i)||/||b|| 6.0986802429741104e-04
911 MLA ||r(i)||/||b|| 6.0926458420930516e-04
912 MLA ||r(i)||/||b|| 6.0866647216298861e-04
913 MLA ||r(i)||/||b|| 6.0807479904582680e-04
914 MLA ||r(i)||/||b|| 6.0769052732915802e-04
915 MLA ||r(i)||/||b|| 6.0889968953269601e-04
916 MLA ||r(i)||/||b|| 6.0810278709777163e-04
917 MLA ||r(i)||/||b|| 6.0645131950128354e-04
918 MLA ||r(i)||/||b|| 6.0513179081853866e-04
919 MLA ||r(i)||/||b|| 6.0419623496885859e-04
920 MLA ||r(i)||/||b|| 6.0353253116005381e-04
921 MLA ||r(i)||/||b|| 6.0306711933676388e-04
922 MLA ||r(i)||/||b|| 6.0264029926332592e-04
923 MLA ||r(i)||/||b|| 6.0214915660988799e-04
924 MLA ||r(i)||/||b|| 6.0194578805573124e-04
925 MLA ||r(i)||/||b|| 6.0133917363997024e-04
926 MLA ||r(i)||/||b|| 6.0057938153277018e-04
927 MLA ||r(i)||/||b|| 5.9988160195120549e-04
928 MLA ||r(i)||/||b|| 5.9927251152514264e-04
929 MLA ||r(i)||/||b|| 5.9873412397774004e-04
930 MLA ||r(i)||/||b|| 5.9823201975349395e-04
931 MLA ||r(i)||/||b|| 5.9773033172547086e-04
932 MLA ||r(i)||/||b|| 5.9720945321272139e-04
933 MLA ||r(i)||/||b|| 5.9666904452192367e-04
934 MLA ||r(i)||/||b|| 5.9611693912964053e-04
935 MLA ||r(i)||/||b|| 5.9559513840889381e-04
936 MLA ||r(i)||/||b|| 5.9591084144346585e-04
937 MLA ||r(i)||/||b|| 5.9529625577787191e-04
938 MLA ||r(i)||/||b|| 5.9429387796448960e-04
939 MLA ||r(i)||/||b|| 5.9340064371826500e-04
940 MLA ||r(i)||/||b|| 7.5002811895393158e-04
941 MLA ||r(i)||/||b|| 7.0967704699126573e-04
942 MLA ||r(i)||/||b|| 6.3757681945883623e-04
943 MLA ||r(i)||/||b|| 7.2713597770341796e-04
944 MLA ||r(i)||/||b|| 6.7652938150354516e-04
945 MLA ||r(i)||/||b|| 6.4120649940384853e-04
946 MLA ||r(i)||/||b|| 6.2016471158081476e-04
947 MLA ||r(i)||/||b|| 6.0344816568653657e-04
948 MLA ||r(i)||/||b|| 5.9372555459856935e-04
949 MLA ||r(i)||/||b|| 5.9272467091755555e-04
950 MLA ||r(i)||/||b|| 5.9286106377050317e-04
951 MLA ||r(i)||/||b|| 5.9078589425492502e-04
952 MLA ||r(i)||/||b|| 5.8763604826750566e-04
953 MLA ||r(i)||/||b|| 5.8533571428859320e-04
954 MLA ||r(i)||/||b|| 5.8431602388622599e-04
955 MLA ||r(i)||/||b|| 5.8406784825571878e-04
956 MLA ||r(i)||/||b|| 5.8408777762418060e-04
957 MLA ||r(i)||/||b|| 5.8414276320245626e-04
958 MLA ||r(i)||/||b|| 5.8506419552187521e-04
959 MLA ||r(i)||/||b|| 5.8485639302183971e-04
960 MLA ||r(i)||/||b|| 5.8396339186909312e-04
961 MLA ||r(i)||/||b|| 5.8308587837376631e-04
962 MLA ||r(i)||/||b|| 5.8233731645175992e-04
963 MLA ||r(i)||/||b|| 5.8182842087853564e-04
964 MLA ||r(i)||/||b|| 5.8128123415406930e-04
965 MLA ||r(i)||/||b|| 5.8067048907279423e-04
966 MLA ||r(i)||/||b|| 8.2044030588288984e-04
967 MLA ||r(i)||/||b|| 7.3405319687266924e-04
968 MLA ||r(i)||/||b|| 6.6600215361206823e-04
969 MLA ||r(i)||/||b|| 6.3222386112969100e-04
970 MLA ||r(i)||/||b|| 6.0907018190822716e-04
971 MLA ||r(i)||/||b|| 5.8876990431349599e-04
972 MLA ||r(i)||/||b|| 5.8075679868226700e-04
973 MLA ||r(i)||/||b|| 5.8079270498684072e-04
974 MLA ||r(i)||/||b|| 5.8031352297772639e-04
975 MLA ||r(i)||/||b|| 5.7756442375581237e-04
976 MLA ||r(i)||/||b|| 5.9368793722132927e-04
977 MLA ||r(i)||/||b|| 5.8420653065656175e-04
978 MLA ||r(i)||/||b|| 5.7768230310722242e-04
979 MLA ||r(i)||/||b|| 5.7457848453024802e-04
980 MLA ||r(i)||/||b|| 5.7239886965932622e-04
981 MLA ||r(i)||/||b|| 5.7098064661544837e-04
982 MLA ||r(i)||/||b|| 5.7065614905935742e-04
983 MLA ||r(i)||/||b|| 5.7075112516743098e-04
984 MLA ||r(i)||/||b|| 5.7059309423919142e-04
985 MLA ||r(i)||/||b|| 5.7012707738613865e-04
986 MLA ||r(i)||/||b|| 5.7069088602129084e-04
987 MLA ||r(i)||/||b|| 5.6988728492843191e-04
988 MLA ||r(i)||/||b|| 5.6891476099554122e-04
989 MLA ||r(i)||/||b|| 5.6818726612097514e-04
990 MLA ||r(i)||/||b|| 5.6746595723133192e-04
991 MLA ||r(i)||/||b|| 5.6687730356629865e-04
992 MLA ||r(i)||/||b|| 5.6633274448386031e-04
993 MLA ||r(i)||/||b|| 5.6585327730338951e-04
994 MLA ||r(i)||/||b|| 5.6650351305610649e-04
995 MLA ||r(i)||/||b|| 5.6580063691648210e-04
996 MLA ||r(i)||/||b|| 5.7236130069081737e-04
997 MLA ||r(i)||/||b|| 5.9055875432251638e-04
998 MLA ||r(i)||/||b|| 5.9305803947535976e-04
999 MLA ||r(i)||/||b|| 5.8253408798280908e-04
1000 MLA ||r(i)||/||b|| 5.9091436196717509e-04
>>>> solve time: 39.387 (s)
>>>> ksp solve time: 0.0309234 (s)
            || b ||_2 = 7.2042734251691598e-01
|| r ||_2 / || b ||_2 = 2.1516647020548739e+01
