Config file: ../input/config/comsol/inclined-shell/refine0.json
order_rbm = 1
angle_type = 1
mesh_type = 1
==== basic information of linear system ====
matrix Row = 13368, matrix Column = 13368
matrix nz_allocated = 361262, matrix nz_used = 361262, matrix nz_unneeded = 0
vector Row = 13368
initial     || b ||_2 = 3.0009674865898700e+02
>>>>local_vec_size = 3342
>>>>~~~~ local_mat_m = 3342, local_mat_n = 3342
>>>>local_vec_size = 3342
>>>>~~~~ local_mat_m = 3342, local_mat_n = 3342
>>>>local_vec_size = 3342
>>>>~~~~ local_mat_m = 3342, local_mat_n = 3342
>>>>local_vec_size = 3342
>>>>~~~~ local_mat_m = 3342, local_mat_n = 3342
            || b ||_2 = 3.0009674865898700e+02
|| r ||_2 / || b ||_2 = 1.0000000000000000e+00
Partitioning a graph of size 2228 serially
      Setup: Max:   0.001, Sum:   0.002, Balance:   1.000
      Remap: Max:   0.000, Sum:   0.000, Balance:   2.000
      Total: Max:   0.109, Sum:   0.435, Balance:   1.000
       Aux1: Max:   0.000, Sum:   0.000, Balance:   1.013
Final 557-way Cut:   3737 	Balance: 1.250 
Partitioning a graph of size 557 serially
      Setup: Max:   0.000, Sum:   0.000, Balance:   1.002
      Remap: Max:   0.000, Sum:   0.000, Balance:   1.600
      Total: Max:   0.027, Sum:   0.108, Balance:   1.000
       Aux1: Max:   0.000, Sum:   0.000, Balance:   1.032
Final 139-way Cut:    881 	Balance: 1.248 
Partitioning a graph of size 139 serially
      Setup: Max:   0.000, Sum:   0.000, Balance:   1.003
      Remap: Max:   0.000, Sum:   0.000, Balance:   2.000
      Total: Max:   0.006, Sum:   0.024, Balance:   1.000
       Aux1: Max:   0.000, Sum:   0.000, Balance:   1.057
Final  34-way Cut:    206 	Balance: 1.223 
Partitioning a graph of size 34 serially
      Setup: Max:   0.000, Sum:   0.000, Balance:   1.007
      Remap: Max:   0.000, Sum:   0.000, Balance:   4.000
      Total: Max:   0.001, Sum:   0.005, Balance:   1.000
       Aux1: Max:   0.000, Sum:   0.000, Balance:   1.032
Final   8-way Cut:     35 	Balance: 1.176 


>>>>nodes in level 2 is 34, less than 100, setup DONE!>>>>


in rank 0/4, m_local_A = 3342, n_local = 3342
in rank 1/4, m_local_A = 3342, n_local = 3342
in rank 2/4, m_local_A = 3342, n_local = 3342
in rank 3/4, m_local_A = 3342, n_local = 3342
>>>> size of dinv_a: m = 13368, n = 13368
>>>> size of p_unsmooth: m = 13368, n = 3342
>>>> size of p_smooth: m = 13368, n = 3342
>>>> size of dinv_a: m = 13368, n = 13368
>>>> size of p_unsmooth: m = 13368, n = 3342
>>>> size of p_smooth: m = 13368, n = 3342
>>>> size of dinv_a: m = 13368, n = 13368
>>>> size of p_unsmooth: m = 13368, n = 3342
>>>> size of p_smooth: m = 13368, n = 3342
>>>> size of dinv_a: m = 13368, n = 13368
>>>> size of p_unsmooth: m = 13368, n = 3342
>>>> size of p_smooth: m = 13368, n = 3342
>>>> size of sa_prolongation: m = 13368, n = 3342
>>>> size of operator_fine: m = 13368, n = 13368
in rank 0/4, m_local_A = 840, n_local = 840
in rank 1/4, m_local_A = 834, n_local = 834
in rank 2/4, m_local_A = 834, n_local = 834
in rank 3/4, m_local_A = 834, n_local = 834
>>>> size of dinv_a: m = 3342, n = 3342
>>>> size of p_unsmooth: m = 3342, n = 834
>>>> size of p_smooth: m = 3342, n = 834
>>>> size of sa_prolongation: m = 3342, n = 834
>>>> size of operator_fine: m = 3342, n = 3342
>>>> size of dinv_a: m = 3342, n = 3342
>>>> size of p_unsmooth: m = 3342, n = 834
>>>> size of p_smooth: m = 3342, n = 834
>>>> size of dinv_a: m = 3342, n = 3342
>>>> size of p_unsmooth: m = 3342, n = 834
>>>> size of p_smooth: m = 3342, n = 834
>>>> size of dinv_a: m = 3342, n = 3342
>>>> size of p_unsmooth: m = 3342, n = 834
>>>> size of p_smooth: m = 3342, n = 834
in rank 0/4, m_local_A = 210, n_local = 210
in rank 1/4, m_local_A = 210, n_local = 210
in rank 2/4, m_local_A = 210, n_local = 210
in rank 3/4, m_local_A = 204, n_local = 204
>>>> size of dinv_a: m = 834, n = 834
>>>> size of p_unsmooth: m = 834, n = 204
>>>> size of p_smooth: m = 834, n = 204
>>>> size of sa_prolongation: m = 834, n = 204
>>>> size of operator_fine: m = 834, n = 834
>>>> size of dinv_a: m = 834, n = 834
>>>> size of p_unsmooth: m = 834, n = 204
>>>> size of p_smooth: m = 834, n = 204
>>>> size of dinv_a: m = 834, n = 834
>>>> size of p_unsmooth: m = 834, n = 204
>>>> size of p_smooth: m = 834, n = 204
>>>> size of dinv_a: m = 834, n = 834
>>>> size of p_unsmooth: m = 834, n = 204
>>>> size of p_smooth: m = 834, n = 204
>>>> mla setup time: 0.32609 (s)
KSP Object: (mg_coarse_) 4 MPI processes
  type: preonly
  maximum iterations=10000, initial guess is zero
  tolerances: relative=1e-05, absolute=1e-50, divergence=10000.
  left preconditioning
  using DEFAULT norm type for convergence test
PC Object: (mg_coarse_) 4 MPI processes
  type: redundant
  PC has not been set up so information may be incomplete
    Not yet setup
  linear system matrix = precond matrix:
  Mat Object: 4 MPI processes
    type: mpiaij
    rows=204, cols=204
    total: nonzeros=39744, allocated nonzeros=39744
    total number of mallocs used during MatSetValues calls=0
      using nonscalable MatPtAP() implementation
      using I-node (on process 0) routines: found 11 nodes, limit used is 5
KSP Object: (mg_levels_1_) 4 MPI processes
  type: chebyshev
    Chebyshev polynomial of first kind
    eigenvalue targets used: min 0., max 0.
  maximum iterations=2, initial guess is zero
  tolerances: relative=1e-05, absolute=1e-50, divergence=10000.
  left preconditioning
  using NONE norm type for convergence test
PC Object: (mg_levels_1_) 4 MPI processes
  type: sor
  PC has not been set up so information may be incomplete
    type = local_symmetric, iterations = 1, local iterations = 1, omega = 1.
  linear system matrix = precond matrix:
  Mat Object: 4 MPI processes
    type: mpiaij
    rows=834, cols=834
    total: nonzeros=175068, allocated nonzeros=175068
    total number of mallocs used during MatSetValues calls=0
      using I-node (on process 0) routines: found 70 nodes, limit used is 5
KSP Object: (mg_levels_2_) 4 MPI processes
  type: chebyshev
    Chebyshev polynomial of first kind
    eigenvalue targets used: min 0., max 0.
  maximum iterations=2, initial guess is zero
  tolerances: relative=1e-05, absolute=1e-50, divergence=10000.
  left preconditioning
  using NONE norm type for convergence test
PC Object: (mg_levels_2_) 4 MPI processes
  type: sor
  PC has not been set up so information may be incomplete
    type = local_symmetric, iterations = 1, local iterations = 1, omega = 1.
  linear system matrix = precond matrix:
  Mat Object: 4 MPI processes
    type: mpiaij
    rows=3342, cols=3342
    total: nonzeros=328212, allocated nonzeros=328212
    total number of mallocs used during MatSetValues calls=0
      using I-node (on process 0) routines: found 280 nodes, limit used is 5
KSP Object: (mg_levels_3_) 4 MPI processes
  type: chebyshev
    Chebyshev polynomial of first kind
    eigenvalue targets used: min 0., max 0.
  maximum iterations=2, initial guess is zero
  tolerances: relative=1e-05, absolute=1e-50, divergence=10000.
  left preconditioning
  using NONE norm type for convergence test
PC Object: (mg_levels_3_) 4 MPI processes
  type: sor
  PC has not been set up so information may be incomplete
    type = local_symmetric, iterations = 1, local iterations = 1, omega = 1.
  linear system matrix = precond matrix:
  Mat Object: 4 MPI processes
    type: mpiaij
    rows=13368, cols=13368
    total: nonzeros=361262, allocated nonzeros=361262
    total number of mallocs used during MatSetValues calls=0
      not using I-node (on process 0) routines
KSP Object: (mg_coarse_) 4 MPI processes
  type: preonly
  maximum iterations=10000, initial guess is zero
  tolerances: relative=1e-05, absolute=1e-50, divergence=10000.
  left preconditioning
  using DEFAULT norm type for convergence test
PC Object: (mg_coarse_) 4 MPI processes
  type: lu
  PC has not been set up so information may be incomplete
    out-of-place factorization
    tolerance for zero pivot 2.22045e-14
  linear system matrix = precond matrix:
  Mat Object: 4 MPI processes
    type: mpiaij
    rows=204, cols=204
    total: nonzeros=39744, allocated nonzeros=39744
    total number of mallocs used during MatSetValues calls=0
      using nonscalable MatPtAP() implementation
      using I-node (on process 0) routines: found 11 nodes, limit used is 5
  0 KSP unpreconditioned resid norm 3.000967486590e+02 true resid norm 3.000967486590e+02 ||r(i)||/||b|| 1.000000000000e+00
  1 KSP unpreconditioned resid norm 3.321314716301e+03 true resid norm 3.321314716301e+03 ||r(i)||/||b|| 1.106747984156e+01
  2 KSP unpreconditioned resid norm 2.842878137441e+03 true resid norm 2.842878137441e+03 ||r(i)||/||b|| 9.473205391742e+00
  3 KSP unpreconditioned resid norm 2.412931076575e+03 true resid norm 2.412931076575e+03 ||r(i)||/||b|| 8.040510559869e+00
  4 KSP unpreconditioned resid norm 2.071447265096e+03 true resid norm 2.071447265096e+03 ||r(i)||/||b|| 6.902598159935e+00
  5 KSP unpreconditioned resid norm 1.792239246978e+03 true resid norm 1.792239246978e+03 ||r(i)||/||b|| 5.972204813904e+00
  6 KSP unpreconditioned resid norm 1.558447599433e+03 true resid norm 1.558447599433e+03 ||r(i)||/||b|| 5.193150563599e+00
  7 KSP unpreconditioned resid norm 1.359635553614e+03 true resid norm 1.359635553614e+03 ||r(i)||/||b|| 4.530657395290e+00
  8 KSP unpreconditioned resid norm 1.188853032138e+03 true resid norm 1.188853032138e+03 ||r(i)||/||b|| 3.961565853181e+00
  9 KSP unpreconditioned resid norm 1.041152343298e+03 true resid norm 1.041152343298e+03 ||r(i)||/||b|| 3.469388948565e+00
 10 KSP unpreconditioned resid norm 9.128204098279e+02 true resid norm 9.128204098279e+02 ||r(i)||/||b|| 3.041753747440e+00
 11 KSP unpreconditioned resid norm 8.009555452957e+02 true resid norm 8.009555452957e+02 ||r(i)||/||b|| 2.668991079959e+00
 12 KSP unpreconditioned resid norm 7.032198521570e+02 true resid norm 7.032198521570e+02 ||r(i)||/||b|| 2.343310466706e+00
 13 KSP unpreconditioned resid norm 6.176864240215e+02 true resid norm 6.176864240215e+02 ||r(i)||/||b|| 2.058290957105e+00
 14 KSP unpreconditioned resid norm 5.427403109730e+02 true resid norm 5.427403109730e+02 ||r(i)||/||b|| 1.808551120258e+00
 15 KSP unpreconditioned resid norm 4.770113214962e+02 true resid norm 4.770113214962e+02 ||r(i)||/||b|| 1.589525123573e+00
 16 KSP unpreconditioned resid norm 4.193264426528e+02 true resid norm 4.193264426528e+02 ||r(i)||/||b|| 1.397304184489e+00
 17 KSP unpreconditioned resid norm 3.686748202925e+02 true resid norm 3.686748202925e+02 ||r(i)||/||b|| 1.228519875473e+00
 18 KSP unpreconditioned resid norm 3.241810879514e+02 true resid norm 3.241810879514e+02 ||r(i)||/||b|| 1.080255249016e+00
 19 KSP unpreconditioned resid norm 2.850844534321e+02 true resid norm 2.850844534321e+02 ||r(i)||/||b|| 9.499751487013e-01
 20 KSP unpreconditioned resid norm 2.507218998202e+02 true resid norm 2.507218998202e+02 ||r(i)||/||b|| 8.354702306525e-01
 21 KSP unpreconditioned resid norm 2.205144261780e+02 true resid norm 2.205144261780e+02 ||r(i)||/||b|| 7.348111139603e-01
 22 KSP unpreconditioned resid norm 1.939556025831e+02 true resid norm 1.939556025831e+02 ||r(i)||/||b|| 6.463102431127e-01
 23 KSP unpreconditioned resid norm 1.706019344238e+02 true resid norm 1.706019344238e+02 ||r(i)||/||b|| 5.684897793335e-01
 24 KSP unpreconditioned resid norm 1.500646731749e+02 true resid norm 1.500646731749e+02 ||r(i)||/||b|| 5.000543119693e-01
 25 KSP unpreconditioned resid norm 1.320028054112e+02 true resid norm 1.320028054112e+02 ||r(i)||/||b|| 4.398674960693e-01
 26 KSP unpreconditioned resid norm 1.161170163109e+02 true resid norm 1.161170163109e+02 ||r(i)||/||b|| 3.869319372163e-01
 27 KSP unpreconditioned resid norm 1.021444690447e+02 true resid norm 1.021444690447e+02 ||r(i)||/||b|| 3.403717950998e-01
 28 KSP unpreconditioned resid norm 8.985427407050e+01 true resid norm 8.985427407050e+01 ||r(i)||/||b|| 2.994176860363e-01
 29 KSP unpreconditioned resid norm 7.904354635685e+01 true resid norm 7.904354635685e+01 ||r(i)||/||b|| 2.633935446154e-01
 30 KSP unpreconditioned resid norm 6.953396681017e+01 true resid norm 6.953396681017e+01 ||r(i)||/||b|| 2.317051654871e-01
 31 KSP unpreconditioned resid norm 6.116877826158e+01 true resid norm 6.116877826158e+01 ||r(i)||/||b|| 2.038301932124e-01
 32 KSP unpreconditioned resid norm 5.381015746863e+01 true resid norm 5.381015746863e+01 ||r(i)||/||b|| 1.793093650934e-01
 33 KSP unpreconditioned resid norm 4.733691354493e+01 true resid norm 4.733691354493e+01 ||r(i)||/||b|| 1.577388417451e-01
 34 KSP unpreconditioned resid norm 4.164247049264e+01 true resid norm 4.164247049264e+01 ||r(i)||/||b|| 1.387634843721e-01
 35 KSP unpreconditioned resid norm 3.663309749582e+01 true resid norm 3.663309749582e+01 ||r(i)||/||b|| 1.220709576479e-01
 36 KSP unpreconditioned resid norm 3.222635567407e+01 true resid norm 3.222635567407e+01 ||r(i)||/||b|| 1.073865538966e-01
 37 KSP unpreconditioned resid norm 2.834973416917e+01 true resid norm 2.834973416917e+01 ||r(i)||/||b|| 9.446864818047e-02
 38 KSP unpreconditioned resid norm 2.493945205790e+01 true resid norm 2.493945205790e+01 ||r(i)||/||b|| 8.310470596346e-02
 39 KSP unpreconditioned resid norm 2.193940560754e+01 true resid norm 2.193940560754e+01 ||r(i)||/||b|| 7.310777509447e-02
 40 KSP unpreconditioned resid norm 1.930024300126e+01 true resid norm 1.930024300126e+01 ||r(i)||/||b|| 6.431340255269e-02
 41 KSP unpreconditioned resid norm 1.697855096847e+01 true resid norm 1.697855096847e+01 ||r(i)||/||b|| 5.657692408978e-02
 42 KSP unpreconditioned resid norm 1.493613964207e+01 true resid norm 1.493613964207e+01 ||r(i)||/||b|| 4.977108118902e-02
 43 KSP unpreconditioned resid norm 1.313941373097e+01 true resid norm 1.313941373097e+01 ||r(i)||/||b|| 4.378392564958e-02
 44 KSP unpreconditioned resid norm 1.155881950900e+01 true resid norm 1.155881950900e+01 ||r(i)||/||b|| 3.851697681048e-02
 45 KSP unpreconditioned resid norm 1.016835845404e+01 true resid norm 1.016835845404e+01 ||r(i)||/||b|| 3.388360087031e-02
 46 KSP unpreconditioned resid norm 8.945159472586e+00 true resid norm 8.945159472586e+00 ||r(i)||/||b|| 2.980758542889e-02
 47 KSP unpreconditioned resid norm 7.869102635420e+00 true resid norm 7.869102635420e+00 ||r(i)||/||b|| 2.622188567715e-02
 48 KSP unpreconditioned resid norm 6.922488207689e+00 true resid norm 6.922488207689e+00 ||r(i)||/||b|| 2.306752151972e-02
 49 KSP unpreconditioned resid norm 6.089745508809e+00 true resid norm 6.089745508809e+00 ||r(i)||/||b|| 2.029260742085e-02
 50 KSP unpreconditioned resid norm 5.357176812581e+00 true resid norm 5.357176812581e+00 ||r(i)||/||b|| 1.785149901330e-02
 51 KSP unpreconditioned resid norm 4.712732045821e+00 true resid norm 4.712732045821e+00 ||r(i)||/||b|| 1.570404233595e-02
 52 KSP unpreconditioned resid norm 4.145810611870e+00 true resid norm 4.145810611870e+00 ||r(i)||/||b|| 1.381491345839e-02
 53 KSP unpreconditioned resid norm 3.647087034430e+00 true resid norm 3.647087034430e+00 ||r(i)||/||b|| 1.215303748117e-02
 54 KSP unpreconditioned resid norm 3.208357583909e+00 true resid norm 3.208357583909e+00 ||r(i)||/||b|| 1.069107745501e-02
 55 KSP unpreconditioned resid norm 2.822405351914e+00 true resid norm 2.822405351914e+00 ||r(i)||/||b|| 9.404984774166e-03
 56 KSP unpreconditioned resid norm 2.482881549903e+00 true resid norm 2.482881549903e+00 ||r(i)||/||b|| 8.273603632823e-03
 57 KSP unpreconditioned resid norm 2.184201092675e+00 true resid norm 2.184201092675e+00 ||r(i)||/||b|| 7.278323082257e-03
 58 KSP unpreconditioned resid norm 1.921450729747e+00 true resid norm 1.921450729747e+00 ||r(i)||/||b|| 6.402770900829e-03
 59 KSP unpreconditioned resid norm 1.690308237737e+00 true resid norm 1.690308237737e+00 ||r(i)||/||b|| 5.632544322090e-03
 60 KSP unpreconditioned resid norm 1.486971328100e+00 true resid norm 1.486971328100e+00 ||r(i)||/||b|| 4.954973136979e-03
 61 KSP unpreconditioned resid norm 1.308095101913e+00 true resid norm 1.308095101913e+00 ||r(i)||/||b|| 4.358911276974e-03
 62 KSP unpreconditioned resid norm 1.150737030418e+00 true resid norm 1.150737030418e+00 ||r(i)||/||b|| 3.834553475038e-03
 63 KSP unpreconditioned resid norm 1.012308559018e+00 true resid norm 1.012308559018e+00 ||r(i)||/||b|| 3.373273997607e-03
 64 KSP unpreconditioned resid norm 8.905325205731e-01 true resid norm 8.905325205731e-01 ||r(i)||/||b|| 2.967484734682e-03
 65 KSP unpreconditioned resid norm 7.834056853222e-01 true resid norm 7.834056853222e-01 ||r(i)||/||b|| 2.610510406470e-03
 66 KSP unpreconditioned resid norm 6.891658017108e-01 true resid norm 6.891658017108e-01 ||r(i)||/||b|| 2.296478734909e-03
 67 KSP unpreconditioned resid norm 6.062626082642e-01 true resid norm 6.062626082642e-01 ||r(i)||/||b|| 2.020223847720e-03
 68 KSP unpreconditioned resid norm 5.333323385894e-01 true resid norm 5.333323385894e-01 ||r(i)||/||b|| 1.777201322482e-03
 69 KSP unpreconditioned resid norm 4.691752825823e-01 true resid norm 4.691752825823e-01 ||r(i)||/||b|| 1.563413414770e-03
 70 KSP unpreconditioned resid norm 4.127360487980e-01 true resid norm 4.127360487980e-01 ||r(i)||/||b|| 1.375343287264e-03
 71 KSP unpreconditioned resid norm 3.630862106614e-01 true resid norm 3.630862106614e-01 ||r(i)||/||b|| 1.209897182438e-03
 72 KSP unpreconditioned resid norm 3.194090259929e-01 true resid norm 3.194090259929e-01 ||r(i)||/||b|| 1.064353504062e-03
 73 KSP unpreconditioned resid norm 2.809860034354e-01 true resid norm 2.809860034354e-01 ||r(i)||/||b|| 9.363180530645e-04
 74 KSP unpreconditioned resid norm 2.471850883230e-01 true resid norm 2.471850883230e-01 ||r(i)||/||b|| 8.236846597890e-04
 75 KSP unpreconditioned resid norm 2.174502551548e-01 true resid norm 2.174502551548e-01 ||r(i)||/||b|| 7.246005034260e-04
 76 KSP unpreconditioned resid norm 1.912923722553e-01 true resid norm 1.912923722553e-01 ||r(i)||/||b|| 6.374356706966e-04
 77 KSP unpreconditioned resid norm 1.682811454514e-01 true resid norm 1.682811454514e-01 ||r(i)||/||b|| 5.607563101013e-04
 78 KSP unpreconditioned resid norm 1.480380444669e-01 true resid norm 1.480380444669e-01 ||r(i)||/||b|| 4.933010608359e-04
 79 KSP unpreconditioned resid norm 1.302300757504e-01 true resid norm 1.302300757504e-01 ||r(i)||/||b|| 4.339603022437e-04
 80 KSP unpreconditioned resid norm 1.145643034556e-01 true resid norm 1.145643034556e-01 ||r(i)||/||b|| 3.817578963037e-04
 81 KSP unpreconditioned resid norm 1.007830316315e-01 true resid norm 1.007830316315e-01 ||r(i)||/||b|| 3.358351334423e-04
 82 KSP unpreconditioned resid norm 8.865956250536e-02 true resid norm 8.865956250536e-02 ||r(i)||/||b|| 2.954365980356e-04
 83 KSP unpreconditioned resid norm 7.799447259651e-02 true resid norm 7.799447259651e-02 ||r(i)||/||b|| 2.598977594560e-04
 84 KSP unpreconditioned resid norm 6.861232366573e-02 true resid norm 6.861232366573e-02 ||r(i)||/||b|| 2.286340121055e-04
 85 KSP unpreconditioned resid norm 6.035878602462e-02 true resid norm 6.035878602462e-02 ||r(i)||/||b|| 2.011310895381e-04
 86 KSP unpreconditioned resid norm 5.309809318545e-02 true resid norm 5.309809318545e-02 ||r(i)||/||b|| 1.769365826945e-04
 87 KSP unpreconditioned resid norm 4.671081368952e-02 true resid norm 4.671081368952e-02 ||r(i)||/||b|| 1.556525150581e-04
 88 KSP unpreconditioned resid norm 4.109187779412e-02 true resid norm 4.109187779412e-02 ||r(i)||/||b|| 1.369287670651e-04
 89 KSP unpreconditioned resid norm 3.614886039319e-02 true resid norm 3.614886039319e-02 ||r(i)||/||b|| 1.204573543523e-04
 90 KSP unpreconditioned resid norm 3.180045156563e-02 true resid norm 3.180045156563e-02 ||r(i)||/||b|| 1.059673312281e-04
 91 KSP unpreconditioned resid norm 2.797512411718e-02 true resid norm 2.797512411718e-02 ||r(i)||/||b|| 9.322035057757e-05
 92 KSP unpreconditioned resid norm 2.460995445070e-02 true resid norm 2.460995445070e-02 ||r(i)||/||b|| 8.200673469696e-05
 93 KSP unpreconditioned resid norm 2.164959002443e-02 true resid norm 2.164959002443e-02 ||r(i)||/||b|| 7.214203459774e-05
 94 KSP unpreconditioned resid norm 1.904533240811e-02 true resid norm 1.904533240811e-02 ||r(i)||/||b|| 6.346397451226e-05
 95 KSP unpreconditioned resid norm 1.675434750919e-02 true resid norm 1.675434750919e-02 ||r(i)||/||b|| 5.582982016320e-05
 96 KSP unpreconditioned resid norm 1.473894802909e-02 true resid norm 1.473894802909e-02 ||r(i)||/||b|| 4.911398772214e-05
 97 KSP unpreconditioned resid norm 1.296598650071e-02 true resid norm 1.296598650071e-02 ||r(i)||/||b|| 4.320602125365e-05
 98 KSP unpreconditioned resid norm 1.140629642674e-02 true resid norm 1.140629642674e-02 ||r(i)||/||b|| 3.800873044346e-05
 99 KSP unpreconditioned resid norm 1.003422381984e-02 true resid norm 1.003422381984e-02 ||r(i)||/||b|| 3.343662956923e-05
100 KSP unpreconditioned resid norm 8.827200107428e-03 true resid norm 8.827200107428e-03 ||r(i)||/||b|| 2.941451430871e-05
101 KSP unpreconditioned resid norm 7.765370545501e-03 true resid norm 7.765370545501e-03 ||r(i)||/||b|| 2.587622351859e-05
102 KSP unpreconditioned resid norm 6.831269784842e-03 true resid norm 6.831269784842e-03 ||r(i)||/||b|| 2.276355813706e-05
103 KSP unpreconditioned resid norm 6.009533604066e-03 true resid norm 6.009533604066e-03 ||r(i)||/||b|| 2.002532060384e-05
104 KSP unpreconditioned resid norm 5.286644896467e-03 true resid norm 5.286644896467e-03 ||r(i)||/||b|| 1.761646842257e-05
105 KSP unpreconditioned resid norm 4.650712164497e-03 true resid norm 4.650712164497e-03 ||r(i)||/||b|| 1.549737604716e-05
106 KSP unpreconditioned resid norm 4.091277023591e-03 true resid norm 4.091277023591e-03 ||r(i)||/||b|| 1.363319343469e-05
107 KSP unpreconditioned resid norm 3.599136829690e-03 true resid norm 3.599136829690e-03 ||r(i)||/||b|| 1.199325499451e-05
108 KSP unpreconditioned resid norm 3.166196199191e-03 true resid norm 3.166196199191e-03 ||r(i)||/||b|| 1.055058481420e-05
109 KSP unpreconditioned resid norm 2.785333770183e-03 true resid norm 2.785333770183e-03 ||r(i)||/||b|| 9.281452673610e-06
110 KSP unpreconditioned resid norm 2.450285760871e-03 true resid norm 2.450285760871e-03 ||r(i)||/||b|| 8.164986031405e-06
111 KSP unpreconditioned resid norm 2.155541309417e-03 true resid norm 2.155541309417e-03 ||r(i)||/||b|| 7.182821270303e-06
112 KSP unpreconditioned resid norm 1.896252006207e-03 true resid norm 1.896252006207e-03 ||r(i)||/||b|| 6.318802235214e-06
113 KSP unpreconditioned resid norm 1.668151702573e-03 true resid norm 1.668151702573e-03 ||r(i)||/||b|| 5.558713015145e-06
114 KSP unpreconditioned resid norm 1.467490961672e-03 true resid norm 1.467490961672e-03 ||r(i)||/||b|| 4.890059516572e-06
115 KSP unpreconditioned resid norm 1.290966177614e-03 true resid norm 1.290966177614e-03 ||r(i)||/||b|| 4.301833270047e-06
116 KSP unpreconditioned resid norm 1.135676855710e-03 true resid norm 1.135676855710e-03 ||r(i)||/||b|| 3.784369076923e-06
117 KSP unpreconditioned resid norm 9.990663161410e-04 true resid norm 9.990663161410e-04 ||r(i)||/||b|| 3.329147418642e-06
118 KSP unpreconditioned resid norm 8.788895647998e-04 true resid norm 8.788895647998e-04 ||r(i)||/||b|| 2.928687394073e-06
119 KSP unpreconditioned resid norm 7.731679900052e-04 true resid norm 7.731679900052e-04 ||r(i)||/||b|| 2.576395757236e-06
120 KSP unpreconditioned resid norm 6.801643703670e-04 true resid norm 6.801643703670e-04 ||r(i)||/||b|| 2.266483637048e-06
121 KSP unpreconditioned resid norm 5.983482061294e-04 true resid norm 5.983482061294e-04 ||r(i)||/||b|| 1.993851012392e-06
122 KSP unpreconditioned resid norm 5.263724598694e-04 true resid norm 5.263724598694e-04 ||r(i)||/||b|| 1.754009206103e-06
123 KSP unpreconditioned resid norm 4.630558433678e-04 true resid norm 4.630558433678e-04 ||r(i)||/||b|| 1.543021860240e-06
124 KSP unpreconditioned resid norm 4.073547206089e-04 true resid norm 4.073547206089e-04 ||r(i)||/||b|| 1.357411309617e-06
125 KSP unpreconditioned resid norm 3.583541171902e-04 true resid norm 3.583541171902e-04 ||r(i)||/||b|| 1.194128622824e-06
126 KSP unpreconditioned resid norm 3.152472018789e-04 true resid norm 3.152472018789e-04 ||r(i)||/||b|| 1.050485229472e-06
127 KSP unpreconditioned resid norm 2.773277535767e-04 true resid norm 2.773277535767e-04 ||r(i)||/||b|| 9.241278181651e-07
128 KSP unpreconditioned resid norm 2.439683362027e-04 true resid norm 2.439683362027e-04 ||r(i)||/||b|| 8.129656095671e-07
129 KSP unpreconditioned resid norm 2.146215933054e-04 true resid norm 2.146215933054e-04 ||r(i)||/||b|| 7.151746703838e-07
130 KSP unpreconditioned resid norm 1.888042426833e-04 true resid norm 1.888042426833e-04 ||r(i)||/||b|| 6.291445792965e-07
131 KSP unpreconditioned resid norm 1.660933120045e-04 true resid norm 1.660933120045e-04 ||r(i)||/||b|| 5.534658830751e-07
132 KSP unpreconditioned resid norm 1.461142731895e-04 true resid norm 1.461142731895e-04 ||r(i)||/||b|| 4.868905572702e-07
133 KSP unpreconditioned resid norm 1.285390224607e-04 true resid norm 1.285390224607e-04 ||r(i)||/||b|| 4.283252752159e-07
134 KSP unpreconditioned resid norm 1.130769459601e-04 true resid norm 1.130769459601e-04 ||r(i)||/||b|| 3.768016363570e-07
135 KSP unpreconditioned resid norm 9.947446964785e-05 true resid norm 9.947446964785e-05 ||r(i)||/||b|| 3.314746663946e-07
136 KSP unpreconditioned resid norm 8.750827120499e-05 true resid norm 8.750827120499e-05 ||r(i)||/||b|| 2.916001975897e-07
137 KSP unpreconditioned resid norm 7.698247790117e-05 true resid norm 7.698247790117e-05 ||r(i)||/||b|| 2.565255313334e-07
138 KSP unpreconditioned resid norm 6.772282414668e-05 true resid norm 6.772282414668e-05 ||r(i)||/||b|| 2.256699695992e-07
139 KSP unpreconditioned resid norm 5.957615338657e-05 true resid norm 5.957615338657e-05 ||r(i)||/||b|| 1.985231551251e-07
140 KSP unpreconditioned resid norm 5.240997277761e-05 true resid norm 5.240997277761e-05 ||r(i)||/||b|| 1.746435874824e-07
141 KSP unpreconditioned resid norm 4.610557840042e-05 true resid norm 4.610557840042e-05 ||r(i)||/||b|| 1.536357145036e-07
142 KSP unpreconditioned resid norm 4.055907468759e-05 true resid norm 4.055907468759e-05 ||r(i)||/||b|| 1.351533292807e-07
143 KSP unpreconditioned resid norm 3.568104161698e-05 true resid norm 3.568104161698e-05 ||r(i)||/||b|| 1.188984611677e-07
144 KSP unpreconditioned resid norm 3.138875065546e-05 true resid norm 3.138875065546e-05 ||r(i)||/||b|| 1.045954372905e-07
145 KSP unpreconditioned resid norm 2.761304551475e-05 true resid norm 2.761304551475e-05 ||r(i)||/||b|| 9.201381100644e-08
146 KSP unpreconditioned resid norm 2.429140778312e-05 true resid norm 2.429140778312e-05 ||r(i)||/||b|| 8.094525479422e-08
147 KSP unpreconditioned resid norm 2.137003891651e-05 true resid norm 2.137003891651e-05 ||r(i)||/||b|| 7.121049798773e-08
148 KSP unpreconditioned resid norm 1.879858037914e-05 true resid norm 1.879858037914e-05 ||r(i)||/||b|| 6.264173291827e-08
149 KSP unpreconditioned resid norm 1.653797995077e-05 true resid norm 1.653797995077e-05 ||r(i)||/||b|| 5.510882748536e-08
150 KSP unpreconditioned resid norm 1.454876462121e-05 true resid norm 1.454876462121e-05 ||r(i)||/||b|| 4.848024740761e-08
151 KSP unpreconditioned resid norm 1.279833838403e-05 true resid norm 1.279833838403e-05 ||r(i)||/||b|| 4.264737435919e-08
152 KSP unpreconditioned resid norm 1.125806328058e-05 true resid norm 1.125806328058e-05 ||r(i)||/||b|| 3.751477925331e-08
153 KSP unpreconditioned resid norm 9.904310982189e-06 true resid norm 9.904310982189e-06 ||r(i)||/||b|| 3.300372638640e-08
154 KSP unpreconditioned resid norm 8.713174863187e-06 true resid norm 8.713174863187e-06 ||r(i)||/||b|| 2.903455269717e-08
155 KSP unpreconditioned resid norm 7.664808509316e-06 true resid norm 7.664808509316e-06 ||r(i)||/||b|| 2.554112479914e-08
156 KSP unpreconditioned resid norm 6.742669085575e-06 true resid norm 6.742669085575e-06 ||r(i)||/||b|| 2.246831768656e-08
157 KSP unpreconditioned resid norm 5.931822803393e-06 true resid norm 5.931822803393e-06 ||r(i)||/||b|| 1.976636811262e-08
158 KSP unpreconditioned resid norm 5.218599667326e-06 true resid norm 5.218599667326e-06 ||r(i)||/||b|| 1.738972411613e-08
159 KSP unpreconditioned resid norm 4.590408878854e-06 true resid norm 4.590408878854e-06 ||r(i)||/||b|| 1.529642989925e-08
160 KSP unpreconditioned resid norm 4.037689926436e-06 true resid norm 4.037689926436e-06 ||r(i)||/||b|| 1.345462736427e-08
161 KSP unpreconditioned resid norm 3.552302039195e-06 true resid norm 3.552302039195e-06 ||r(i)||/||b|| 1.183718935666e-08
162 KSP unpreconditioned resid norm 3.125366689120e-06 true resid norm 3.125366689120e-06 ||r(i)||/||b|| 1.041453032426e-08
163 KSP unpreconditioned resid norm 2.749661801413e-06 true resid norm 2.749661801413e-06 ||r(i)||/||b|| 9.162584445515e-09
>>>> ksp solve time: 0.959829 (s)
            || b ||_2 = 3.0009674865898700e+02
|| r ||_2 / || b ||_2 = 9.1625844455154996e-09
