Config file: ../input/config/comsol/flat-shell/refine0.json
order_rbm = 2
angle_type = 1
mesh_type = 1
==== basic information of linear system ====
matrix Row = 6006, matrix Column = 6006
matrix nz_allocated = 77658, matrix nz_used = 77658, matrix nz_unneeded = 0
vector Row = 6006
initial     || b ||_2 = 8.0242448126731133e+03
>>>>local_vec_size = 1500
>>>>~~~~ local_mat_m = 1500, local_mat_n = 1500
>>>>local_vec_size = 1500
>>>>~~~~ local_mat_m = 1500, local_mat_n = 1500
>>>>local_vec_size = 1500
>>>>~~~~ local_mat_m = 1500, local_mat_n = 1500
>>>>local_vec_size = 1506
>>>>~~~~ local_mat_m = 1506, local_mat_n = 1506
            || b ||_2 = 8.0242448126731133e+03
|| r ||_2 / || b ||_2 = 1.0000000000000000e+00
Partitioning a graph of size 1001 serially
      Setup: Max:   0.001, Sum:   0.002, Balance:   1.000
      Remap: Max:   0.000, Sum:   0.000, Balance:   1.600
      Total: Max:   0.048, Sum:   0.191, Balance:   1.000
       Aux1: Max:   0.000, Sum:   0.000, Balance:   1.100
Final 250-way Cut:   1636 	Balance: 1.249 
Partitioning a graph of size 250 serially
      Setup: Max:   0.000, Sum:   0.000, Balance:   1.082
      Remap: Max:   0.000, Sum:   0.000, Balance:   1.000
      Total: Max:   0.011, Sum:   0.044, Balance:   1.000
       Aux1: Max:   0.000, Sum:   0.000, Balance:   1.182
Final  62-way Cut:    372 	Balance: 1.240 
Partitioning a graph of size 62 serially
      Setup: Max:   0.000, Sum:   0.000, Balance:   1.007
      Total: Max:   0.002, Sum:   0.009, Balance:   1.000
       Aux1: Max:   0.000, Sum:   0.000, Balance:   1.059
Final  15-way Cut:     74 	Balance: 1.210 


>>>>nodes in level 1 is 62, less than 100, setup DONE!>>>>


in rank 1/4, m_local_A = 1500, n_local = 1500
in rank 2/4, m_local_A = 1500, n_local = 1500
in rank 3/4, m_local_A = 1500, n_local = 1500
in rank 0/4, m_local_A = 1506, n_local = 1506
>>>> size of dinv_a: m = 6006, n = 6006
>>>> size of p_unsmooth: m = 6006, n = 2250
>>>> size of p_smooth: m = 6006, n = 2250
>>>> size of sa_prolongation: m = 6006, n = 2250
>>>> size of operator_fine: m = 6006, n = 6006
>>>> size of dinv_a: m = 6006, n = 6006
>>>> size of p_unsmooth: m = 6006, n = 2250
>>>> size of p_smooth: m = 6006, n = 2250
>>>> size of dinv_a: m = 6006, n = 6006
>>>> size of p_unsmooth: m = 6006, n = 2250
>>>> size of p_smooth: m = 6006, n = 2250
>>>> size of dinv_a: m = 6006, n = 6006
>>>> size of p_unsmooth: m = 6006, n = 2250
>>>> size of p_smooth: m = 6006, n = 2250
in rank 0/4, m_local_A = 567, n_local = 567
in rank 1/4, m_local_A = 567, n_local = 567
in rank 2/4, m_local_A = 558, n_local = 558
in rank 3/4, m_local_A = 558, n_local = 558
>>>> size of dinv_a: m = 2250, n = 2250
>>>> size of p_unsmooth: m = 2250, n = 558
>>>> size of p_smooth: m = 2250, n = 558
>>>> size of sa_prolongation: m = 2250, n = 558
>>>> size of operator_fine: m = 2250, n = 2250
>>>> size of dinv_a: m = 2250, n = 2250
>>>> size of p_unsmooth: m = 2250, n = 558
>>>> size of p_smooth: m = 2250, n = 558
>>>> size of dinv_a: m = 2250, n = 2250
>>>> size of p_unsmooth: m = 2250, n = 558
>>>> size of p_smooth: m = 2250, n = 558
>>>> size of dinv_a: m = 2250, n = 2250
>>>> size of p_unsmooth: m = 2250, n = 558
>>>> size of p_smooth: m = 2250, n = 558
>>>> mla setup time: 0.185265 (s)
KSP Object: (mg_coarse_) 4 MPI processes
  type: preonly
  maximum iterations=10000, initial guess is zero
  tolerances: relative=1e-05, absolute=1e-50, divergence=10000.
  left preconditioning
  using DEFAULT norm type for convergence test
PC Object: (mg_coarse_) 4 MPI processes
  type: redundant
  PC has not been set up so information may be incomplete
    Not yet setup
  linear system matrix = precond matrix:
  Mat Object: 4 MPI processes
    type: mpiaij
    rows=558, cols=558
    total: nonzeros=143856, allocated nonzeros=143856
    total number of mallocs used during MatSetValues calls=0
      using nonscalable MatPtAP() implementation
      using I-node (on process 0) routines: found 32 nodes, limit used is 5
KSP Object: (mg_levels_1_) 4 MPI processes
  type: chebyshev
    Chebyshev polynomial of first kind
    eigenvalue targets used: min 0., max 0.
  maximum iterations=2, initial guess is zero
  tolerances: relative=1e-05, absolute=1e-50, divergence=10000.
  left preconditioning
  using NONE norm type for convergence test
PC Object: (mg_levels_1_) 4 MPI processes
  type: sor
  PC has not been set up so information may be incomplete
    type = local_symmetric, iterations = 1, local iterations = 1, omega = 1.
  linear system matrix = precond matrix:
  Mat Object: 4 MPI processes
    type: mpiaij
    rows=2250, cols=2250
    total: nonzeros=314604, allocated nonzeros=314604
    total number of mallocs used during MatSetValues calls=0
      using I-node (on process 0) routines: found 126 nodes, limit used is 5
KSP Object: (mg_levels_2_) 4 MPI processes
  type: chebyshev
    Chebyshev polynomial of first kind
    eigenvalue targets used: min 0., max 0.
  maximum iterations=2, initial guess is zero
  tolerances: relative=1e-05, absolute=1e-50, divergence=10000.
  left preconditioning
  using NONE norm type for convergence test
PC Object: (mg_levels_2_) 4 MPI processes
  type: sor
  PC has not been set up so information may be incomplete
    type = local_symmetric, iterations = 1, local iterations = 1, omega = 1.
  linear system matrix = precond matrix:
  Mat Object: 4 MPI processes
    type: mpiaij
    rows=6006, cols=6006
    total: nonzeros=77658, allocated nonzeros=77658
    total number of mallocs used during MatSetValues calls=0
      using I-node (on process 0) routines: found 1098 nodes, limit used is 5
KSP Object: (mg_coarse_) 4 MPI processes
  type: preonly
  maximum iterations=10000, initial guess is zero
  tolerances: relative=1e-05, absolute=1e-50, divergence=10000.
  left preconditioning
  using DEFAULT norm type for convergence test
PC Object: (mg_coarse_) 4 MPI processes
  type: lu
  PC has not been set up so information may be incomplete
    out-of-place factorization
    tolerance for zero pivot 2.22045e-14
  linear system matrix = precond matrix:
  Mat Object: 4 MPI processes
    type: mpiaij
    rows=558, cols=558
    total: nonzeros=143856, allocated nonzeros=143856
    total number of mallocs used during MatSetValues calls=0
      using nonscalable MatPtAP() implementation
      using I-node (on process 0) routines: found 32 nodes, limit used is 5
  0 KSP unpreconditioned resid norm 8.024244812673e+03 true resid norm 8.024244812673e+03 ||r(i)||/||b|| 1.000000000000e+00
  1 KSP unpreconditioned resid norm 1.662480536560e+06 true resid norm 1.662480536560e+06 ||r(i)||/||b|| 2.071821804258e+02
  2 KSP unpreconditioned resid norm 1.120566484890e+06 true resid norm 1.120566484890e+06 ||r(i)||/||b|| 1.396475943905e+02
  3 KSP unpreconditioned resid norm 7.051814881108e+05 true resid norm 7.051814881108e+05 ||r(i)||/||b|| 8.788135264731e+01
  4 KSP unpreconditioned resid norm 4.539218766845e+05 true resid norm 4.539218766845e+05 ||r(i)||/||b|| 5.656879709946e+01
  5 KSP unpreconditioned resid norm 3.190770081104e+05 true resid norm 3.190770081104e+05 ||r(i)||/||b|| 3.976411681838e+01
  6 KSP unpreconditioned resid norm 2.555406564306e+05 true resid norm 2.555406564306e+05 ||r(i)||/||b|| 3.184606930574e+01
  7 KSP unpreconditioned resid norm 2.303037279751e+05 true resid norm 2.303037279751e+05 ||r(i)||/||b|| 2.870098474705e+01
  8 KSP unpreconditioned resid norm 2.228819851928e+05 true resid norm 2.228819851928e+05 ||r(i)||/||b|| 2.777606994752e+01
  9 KSP unpreconditioned resid norm 2.230699029713e+05 true resid norm 2.230699029713e+05 ||r(i)||/||b|| 2.779948869693e+01
 10 KSP unpreconditioned resid norm 2.265345193237e+05 true resid norm 2.265345193237e+05 ||r(i)||/||b|| 2.823125722260e+01
 11 KSP unpreconditioned resid norm 2.315515037247e+05 true resid norm 2.315515037247e+05 ||r(i)||/||b|| 2.885648545505e+01
 12 KSP unpreconditioned resid norm 2.374315343761e+05 true resid norm 2.374315343761e+05 ||r(i)||/||b|| 2.958926851298e+01
 13 KSP unpreconditioned resid norm 2.438849062791e+05 true resid norm 2.438849062791e+05 ||r(i)||/||b|| 3.039350268750e+01
 14 KSP unpreconditioned resid norm 2.507795629369e+05 true resid norm 2.507795629369e+05 ||r(i)||/||b|| 3.125273079167e+01
 15 KSP unpreconditioned resid norm 2.580493583992e+05 true resid norm 2.580493583992e+05 ||r(i)||/||b|| 3.215870956376e+01
 16 KSP unpreconditioned resid norm 2.656583474740e+05 true resid norm 2.656583474740e+05 ||r(i)||/||b|| 3.310695943056e+01
 17 KSP unpreconditioned resid norm 2.735861174607e+05 true resid norm 2.735861174607e+05 ||r(i)||/||b|| 3.409493651398e+01
 18 KSP unpreconditioned resid norm 2.818212403888e+05 true resid norm 2.818212403888e+05 ||r(i)||/||b|| 3.512121663383e+01
 19 KSP unpreconditioned resid norm 2.903580198110e+05 true resid norm 2.903580198110e+05 ||r(i)||/||b|| 3.618508988564e+01
 20 KSP unpreconditioned resid norm 2.991946806544e+05 true resid norm 2.991946806544e+05 ||r(i)||/||b|| 3.728633505571e+01
 21 KSP unpreconditioned resid norm 3.083322616605e+05 true resid norm 3.083322616605e+05 ||r(i)||/||b|| 3.842508159442e+01
 22 KSP unpreconditioned resid norm 3.177738897980e+05 true resid norm 3.177738897980e+05 ||r(i)||/||b|| 3.960171919184e+01
 23 KSP unpreconditioned resid norm 3.275242852835e+05 true resid norm 3.275242852835e+05 ||r(i)||/||b|| 4.081683609231e+01
 24 KSP unpreconditioned resid norm 3.375894159030e+05 true resid norm 3.375894159030e+05 ||r(i)||/||b|| 4.207117601520e+01
 25 KSP unpreconditioned resid norm 3.479762526108e+05 true resid norm 3.479762526108e+05 ||r(i)||/||b|| 4.336560769696e+01
 26 KSP unpreconditioned resid norm 3.586925955618e+05 true resid norm 3.586925955618e+05 ||r(i)||/||b|| 4.470110321102e+01
 27 KSP unpreconditioned resid norm 3.697469503231e+05 true resid norm 3.697469503231e+05 ||r(i)||/||b|| 4.607872254086e+01
 28 KSP unpreconditioned resid norm 3.811484395683e+05 true resid norm 3.811484395683e+05 ||r(i)||/||b|| 4.749960257523e+01
 29 KSP unpreconditioned resid norm 3.929067404607e+05 true resid norm 3.929067404607e+05 ||r(i)||/||b|| 4.896494930466e+01
 30 KSP unpreconditioned resid norm 4.050320407561e+05 true resid norm 4.050320407561e+05 ||r(i)||/||b|| 5.047603235090e+01
 31 KSP unpreconditioned resid norm 4.175350085104e+05 true resid norm 4.175350085104e+05 ||r(i)||/||b|| 5.203418119185e+01
 32 KSP unpreconditioned resid norm 4.304267716931e+05 true resid norm 4.304267716931e+05 ||r(i)||/||b|| 5.364078262085e+01
 33 KSP unpreconditioned resid norm 4.437189055910e+05 true resid norm 4.437189055910e+05 ||r(i)||/||b|| 5.529727917700e+01
 34 KSP unpreconditioned resid norm 4.574234256814e+05 true resid norm 4.574234256814e+05 ||r(i)||/||b|| 5.700516825695e+01
 35 KSP unpreconditioned resid norm 4.715527848997e+05 true resid norm 4.715527848997e+05 ||r(i)||/||b|| 5.876600177439e+01
 36 KSP unpreconditioned resid norm 4.861198743232e+05 true resid norm 4.861198743232e+05 ||r(i)||/||b|| 6.058138624528e+01
 37 KSP unpreconditioned resid norm 5.011380266681e+05 true resid norm 5.011380266681e+05 ||r(i)||/||b|| 6.245298322362e+01
 38 KSP unpreconditioned resid norm 5.166210216005e+05 true resid norm 5.166210216005e+05 ||r(i)||/||b|| 6.438250996338e+01
 39 KSP unpreconditioned resid norm 5.325830931875e+05 true resid norm 5.325830931875e+05 ||r(i)||/||b|| 6.637174034700e+01
 40 KSP unpreconditioned resid norm 5.490389387207e+05 true resid norm 5.490389387207e+05 ||r(i)||/||b|| 6.842250598505e+01
 41 KSP unpreconditioned resid norm 5.660037286980e+05 true resid norm 5.660037286980e+05 ||r(i)||/||b|| 7.053669746019e+01
 42 KSP unpreconditioned resid norm 5.834931180903e+05 true resid norm 5.834931180903e+05 ||r(i)||/||b|| 7.271626573117e+01
 43 KSP unpreconditioned resid norm 6.015232584445e+05 true resid norm 6.015232584445e+05 ||r(i)||/||b|| 7.496322364124e+01
 44 KSP unpreconditioned resid norm 6.201108110339e+05 true resid norm 6.201108110339e+05 ||r(i)||/||b|| 7.727964755694e+01
 45 KSP unpreconditioned resid norm 6.392729605545e+05 true resid norm 6.392729605545e+05 ||r(i)||/||b|| 7.966767907490e+01
 46 KSP unpreconditioned resid norm 6.590274300776e+05 true resid norm 6.590274300776e+05 ||r(i)||/||b|| 8.212952688541e+01
 47 KSP unpreconditioned resid norm 6.793924960414e+05 true resid norm 6.793924960414e+05 ||r(i)||/||b|| 8.466746864058e+01
 48 KSP unpreconditioned resid norm 7.003870047047e+05 true resid norm 7.003870047047e+05 ||r(i)||/||b|| 8.728385300490e+01
 49 KSP unpreconditioned resid norm 7.220303885474e+05 true resid norm 7.220303885474e+05 ||r(i)||/||b|| 8.998110169907e+01
 50 KSP unpreconditioned resid norm 7.443426840027e+05 true resid norm 7.443426840027e+05 ||r(i)||/||b|| 9.276171170988e+01
 51 KSP unpreconditioned resid norm 7.673445492943e+05 true resid norm 7.673445492943e+05 ||r(i)||/||b|| 9.562825751308e+01
 52 KSP unpreconditioned resid norm 7.910572833755e+05 true resid norm 7.910572833755e+05 ||r(i)||/||b|| 9.858339343363e+01
 53 KSP unpreconditioned resid norm 8.155028451890e+05 true resid norm 8.155028451890e+05 ||r(i)||/||b|| 1.016298560459e+02
 54 KSP unpreconditioned resid norm 8.407038737339e+05 true resid norm 8.407038737339e+05 ||r(i)||/||b|| 1.047704666745e+02
 55 KSP unpreconditioned resid norm 8.666837090709e+05 true resid norm 8.666837090709e+05 ||r(i)||/||b|| 1.080081340118e+02
 56 KSP unpreconditioned resid norm 8.934664132976e+05 true resid norm 8.934664132976e+05 ||r(i)||/||b|| 1.113458567324e+02
 57 KSP unpreconditioned resid norm 9.210767932361e+05 true resid norm 9.210767932361e+05 ||r(i)||/||b|| 1.147867263199e+02
 58 KSP unpreconditioned resid norm 9.495404228303e+05 true resid norm 9.495404228303e+05 ||r(i)||/||b|| 1.183339298585e+02
 59 KSP unpreconditioned resid norm 9.788836669502e+05 true resid norm 9.788836669502e+05 ||r(i)||/||b|| 1.219907529995e+02
 60 KSP unpreconditioned resid norm 1.009133705735e+06 true resid norm 1.009133705735e+06 ||r(i)||/||b|| 1.257605829948e+02
 61 KSP unpreconditioned resid norm 1.040318559604e+06 true resid norm 1.040318559604e+06 ||r(i)||/||b|| 1.296469118142e+02
 62 KSP unpreconditioned resid norm 1.072467115266e+06 true resid norm 1.072467115266e+06 ||r(i)||/||b|| 1.336533393862e+02
 63 KSP unpreconditioned resid norm 1.105609152380e+06 true resid norm 1.105609152380e+06 ||r(i)||/||b|| 1.377835769210e+02
 64 KSP unpreconditioned resid norm 1.139775371036e+06 true resid norm 1.139775371036e+06 ||r(i)||/||b|| 1.420414503351e+02
 65 KSP unpreconditioned resid norm 1.174997420257e+06 true resid norm 1.174997420257e+06 ||r(i)||/||b|| 1.464309038031e+02
 66 KSP unpreconditioned resid norm 1.211307927282e+06 true resid norm 1.211307927282e+06 ||r(i)||/||b|| 1.509560034072e+02
 67 KSP unpreconditioned resid norm 1.248740527738e+06 true resid norm 1.248740527738e+06 ||r(i)||/||b|| 1.556209408972e+02
 68 KSP unpreconditioned resid norm 1.287329896822e+06 true resid norm 1.287329896822e+06 ||r(i)||/||b|| 1.604300375768e+02
 69 KSP unpreconditioned resid norm 1.327111781216e+06 true resid norm 1.327111781216e+06 ||r(i)||/||b|| 1.653877482800e+02
 70 KSP unpreconditioned resid norm 1.368123032542e+06 true resid norm 1.368123032542e+06 ||r(i)||/||b|| 1.704986655418e+02
 71 KSP unpreconditioned resid norm 1.410401641187e+06 true resid norm 1.410401641187e+06 ||r(i)||/||b|| 1.757675238122e+02
 72 KSP unpreconditioned resid norm 1.453986771582e+06 true resid norm 1.453986771582e+06 ||r(i)||/||b|| 1.811992038535e+02
 73 KSP unpreconditioned resid norm 1.498918798520e+06 true resid norm 1.498918798520e+06 ||r(i)||/||b|| 1.867987372659e+02
 74 KSP unpreconditioned resid norm 1.545239344567e+06 true resid norm 1.545239344567e+06 ||r(i)||/||b|| 1.925713111502e+02
 75 KSP unpreconditioned resid norm 1.592991318386e+06 true resid norm 1.592991318386e+06 ||r(i)||/||b|| 1.985222728836e+02
 76 KSP unpreconditioned resid norm 1.642218954812e+06 true resid norm 1.642218954812e+06 ||r(i)||/||b|| 2.046571351137e+02
 77 KSP unpreconditioned resid norm 1.692967855656e+06 true resid norm 1.692967855656e+06 ||r(i)||/||b|| 2.109815808439e+02
 78 KSP unpreconditioned resid norm 1.745285031933e+06 true resid norm 1.745285031933e+06 ||r(i)||/||b|| 2.175014686961e+02
 79 KSP unpreconditioned resid norm 1.799218947403e+06 true resid norm 1.799218947403e+06 ||r(i)||/||b|| 2.242228383363e+02
 80 KSP unpreconditioned resid norm 1.854819563533e+06 true resid norm 1.854819563533e+06 ||r(i)||/||b|| 2.311519160786e+02
 81 KSP unpreconditioned resid norm 1.912138385746e+06 true resid norm 1.912138385746e+06 ||r(i)||/||b|| 2.382951206481e+02
 82 KSP unpreconditioned resid norm 1.971228511094e+06 true resid norm 1.971228511094e+06 ||r(i)||/||b|| 2.456590691228e+02
 83 KSP unpreconditioned resid norm 2.032144677542e+06 true resid norm 2.032144677542e+06 ||r(i)||/||b|| 2.532505830745e+02
 84 KSP unpreconditioned resid norm 2.094943314504e+06 true resid norm 2.094943314504e+06 ||r(i)||/||b|| 2.610766948679e+02
 85 KSP unpreconditioned resid norm 2.159682595285e+06 true resid norm 2.159682595285e+06 ||r(i)||/||b|| 2.691446541953e+02
 86 KSP unpreconditioned resid norm 2.226422490901e+06 true resid norm 2.226422490901e+06 ||r(i)||/||b|| 2.774619347836e+02
 87 KSP unpreconditioned resid norm 2.295224825645e+06 true resid norm 2.295224825645e+06 ||r(i)||/||b|| 2.860362413196e+02
 88 KSP unpreconditioned resid norm 2.366153334288e+06 true resid norm 2.366153334288e+06 ||r(i)||/||b|| 2.948755165783e+02
 89 KSP unpreconditioned resid norm 2.439273721193e+06 true resid norm 2.439273721193e+06 ||r(i)||/||b|| 3.039879487900e+02
 90 KSP unpreconditioned resid norm 2.514653721217e+06 true resid norm 2.514653721217e+06 ||r(i)||/||b|| 3.133819792294e+02
 91 KSP unpreconditioned resid norm 2.592363162334e+06 true resid norm 2.592363162334e+06 ||r(i)||/||b|| 3.230663100209e+02
 92 KSP unpreconditioned resid norm 2.672474030446e+06 true resid norm 2.672474030446e+06 ||r(i)||/||b|| 3.330499122143e+02
 93 KSP unpreconditioned resid norm 2.755060535991e+06 true resid norm 2.755060535991e+06 ||r(i)||/||b|| 3.433420340865e+02
 94 KSP unpreconditioned resid norm 2.840199182656e+06 true resid norm 2.840199182656e+06 ||r(i)||/||b|| 3.539522097045e+02
 95 KSP unpreconditioned resid norm 2.927968838406e+06 true resid norm 2.927968838406e+06 ||r(i)||/||b|| 3.648902677772e+02
 96 KSP unpreconditioned resid norm 3.018450808312e+06 true resid norm 3.018450808312e+06 ||r(i)||/||b|| 3.761663407308e+02
 97 KSP unpreconditioned resid norm 3.111728910068e+06 true resid norm 3.111728910068e+06 ||r(i)||/||b|| 3.877908741210e+02
 98 KSP unpreconditioned resid norm 3.207889551546e+06 true resid norm 3.207889551546e+06 ||r(i)||/||b|| 3.997746362972e+02
 99 KSP unpreconditioned resid norm 3.307021810796e+06 true resid norm 3.307021810796e+06 ||r(i)||/||b|| 4.121287283724e+02
100 KSP unpreconditioned resid norm 3.409217518672e+06 true resid norm 3.409217518672e+06 ||r(i)||/||b|| 4.248645945208e+02
101 KSP unpreconditioned resid norm 3.514571343841e+06 true resid norm 3.514571343841e+06 ||r(i)||/||b|| 4.379940325711e+02
102 KSP unpreconditioned resid norm 3.623180880402e+06 true resid norm 3.623180880402e+06 ||r(i)||/||b|| 4.515292049265e+02
103 KSP unpreconditioned resid norm 3.735146738558e+06 true resid norm 3.735146738558e+06 ||r(i)||/||b|| 4.654826498637e+02
104 KSP unpreconditioned resid norm 3.850572637415e+06 true resid norm 3.850572637415e+06 ||r(i)||/||b|| 4.798672930982e+02
105 KSP unpreconditioned resid norm 3.969565501393e+06 true resid norm 3.969565501393e+06 ||r(i)||/||b|| 4.946964597994e+02
106 KSP unpreconditioned resid norm 4.092235559127e+06 true resid norm 4.092235559127e+06 ||r(i)||/||b|| 5.099838869153e+02
107 KSP unpreconditioned resid norm 4.218696445613e+06 true resid norm 4.218696445613e+06 ||r(i)||/||b|| 5.257437359028e+02
108 KSP unpreconditioned resid norm 4.349065307457e+06 true resid norm 4.349065307457e+06 ||r(i)||/||b|| 5.419906058434e+02
109 KSP unpreconditioned resid norm 4.483462911484e+06 true resid norm 4.483462911484e+06 ||r(i)||/||b|| 5.587395469793e+02
110 KSP unpreconditioned resid norm 4.622013756427e+06 true resid norm 4.622013756427e+06 ||r(i)||/||b|| 5.760060746311e+02
111 KSP unpreconditioned resid norm 4.764846188381e+06 true resid norm 4.764846188381e+06 ||r(i)||/||b|| 5.938061835870e+02
112 KSP unpreconditioned resid norm 4.912092519707e+06 true resid norm 4.912092519707e+06 ||r(i)||/||b|| 6.121563629202e+02
113 KSP unpreconditioned resid norm 5.063889151545e+06 true resid norm 5.063889151545e+06 ||r(i)||/||b|| 6.310736112572e+02
114 KSP unpreconditioned resid norm 5.220376700237e+06 true resid norm 5.220376700237e+06 ||r(i)||/||b|| 6.505754525325e+02
115 KSP unpreconditioned resid norm 5.381700127446e+06 true resid norm 5.381700127446e+06 ||r(i)||/||b|| 6.706799522051e+02
116 KSP unpreconditioned resid norm 5.548008874625e+06 true resid norm 5.548008874625e+06 ||r(i)||/||b|| 6.914057340154e+02
117 KSP unpreconditioned resid norm 5.719457001296e+06 true resid norm 5.719457001296e+06 ||r(i)||/||b|| 7.127719972181e+02
118 KSP unpreconditioned resid norm 5.896203327901e+06 true resid norm 5.896203327901e+06 ||r(i)||/||b|| 7.347985343854e+02
119 KSP unpreconditioned resid norm 6.078411582789e+06 true resid norm 6.078411582789e+06 ||r(i)||/||b|| 7.575057497236e+02
120 KSP unpreconditioned resid norm 6.266250553991e+06 true resid norm 6.266250553991e+06 ||r(i)||/||b|| 7.809146779887e+02
121 KSP unpreconditioned resid norm 6.459894245487e+06 true resid norm 6.459894245487e+06 ||r(i)||/||b|| 8.050470039603e+02
122 KSP unpreconditioned resid norm 6.659522038444e+06 true resid norm 6.659522038444e+06 ||r(i)||/||b|| 8.299250825356e+02
123 KSP unpreconditioned resid norm 6.865318857454e+06 true resid norm 6.865318857454e+06 ||r(i)||/||b|| 8.555719594462e+02
124 KSP unpreconditioned resid norm 7.077475341668e+06 true resid norm 7.077475341668e+06 ||r(i)||/||b|| 8.820113925849e+02
125 KSP unpreconditioned resid norm 7.296188021567e+06 true resid norm 7.296188021567e+06 ||r(i)||/||b|| 9.092678740364e+02
126 KSP unpreconditioned resid norm 7.521659500909e+06 true resid norm 7.521659500909e+06 ||r(i)||/||b|| 9.373666527509e+02
127 KSP unpreconditioned resid norm 7.754098644415e+06 true resid norm 7.754098644415e+06 ||r(i)||/||b|| 9.663337579342e+02
128 KSP unpreconditioned resid norm 7.993720771352e+06 true resid norm 7.993720771352e+06 ||r(i)||/||b|| 9.961960231731e+02
129 KSP unpreconditioned resid norm 8.240747854845e+06 true resid norm 8.240747854845e+06 ||r(i)||/||b|| 1.026981111273e+03
130 KSP unpreconditioned resid norm 8.495408727634e+06 true resid norm 8.495408727634e+06 ||r(i)||/||b|| 1.058717539901e+03
131 KSP unpreconditioned resid norm 8.757939293966e+06 true resid norm 8.757939293966e+06 ||r(i)||/||b|| 1.091434707991e+03
132 KSP unpreconditioned resid norm 9.028582748164e+06 true resid norm 9.028582748164e+06 ||r(i)||/||b|| 1.125162922984e+03
133 KSP unpreconditioned resid norm 9.307589799841e+06 true resid norm 9.307589799841e+06 ||r(i)||/||b|| 1.159933428893e+03
134 KSP unpreconditioned resid norm 9.595218906311e+06 true resid norm 9.595218906311e+06 ||r(i)||/||b|| 1.195778435269e+03
135 KSP unpreconditioned resid norm 9.891736511794e+06 true resid norm 9.891736511794e+06 ||r(i)||/||b|| 1.232731147007e+03
136 KSP unpreconditioned resid norm 1.019741729440e+07 true resid norm 1.019741729440e+07 ||r(i)||/||b|| 1.270825795132e+03
137 KSP unpreconditioned resid norm 1.051254442049e+07 true resid norm 1.051254442049e+07 ||r(i)||/||b|| 1.310097668492e+03
138 KSP unpreconditioned resid norm 1.083740980704e+07 true resid norm 1.083740980704e+07 ||r(i)||/||b|| 1.350583146457e+03
139 KSP unpreconditioned resid norm 1.117231439201e+07 true resid norm 1.117231439201e+07 ||r(i)||/||b|| 1.392319732614e+03
140 KSP unpreconditioned resid norm 1.151756841317e+07 true resid norm 1.151756841317e+07 ||r(i)||/||b|| 1.435346089513e+03
141 KSP unpreconditioned resid norm 1.187349169540e+07 true resid norm 1.187349169540e+07 ||r(i)||/||b|| 1.479702074474e+03
142 KSP unpreconditioned resid norm 1.224041394708e+07 true resid norm 1.224041394708e+07 ||r(i)||/||b|| 1.525428776518e+03
143 KSP unpreconditioned resid norm 1.261867506538e+07 true resid norm 1.261867506538e+07 ||r(i)||/||b|| 1.572568554421e+03
144 KSP unpreconditioned resid norm 1.300862545119e+07 true resid norm 1.300862545119e+07 ||r(i)||/||b|| 1.621165075952e+03
145 KSP unpreconditioned resid norm 1.341062633384e+07 true resid norm 1.341062633384e+07 ||r(i)||/||b|| 1.671263358349e+03
146 KSP unpreconditioned resid norm 1.382505010541e+07 true resid norm 1.382505010541e+07 ||r(i)||/||b|| 1.722909809977e+03
147 KSP unpreconditioned resid norm 1.425228066609e+07 true resid norm 1.425228066609e+07 ||r(i)||/||b|| 1.776152273368e+03
148 KSP unpreconditioned resid norm 1.469271377940e+07 true resid norm 1.469271377940e+07 ||r(i)||/||b|| 1.831040069490e+03
149 KSP unpreconditioned resid norm 1.514675743912e+07 true resid norm 1.514675743912e+07 ||r(i)||/||b|| 1.887624043473e+03
150 KSP unpreconditioned resid norm 1.561483224706e+07 true resid norm 1.561483224706e+07 ||r(i)||/||b|| 1.945956611692e+03
151 KSP unpreconditioned resid norm 1.609737180274e+07 true resid norm 1.609737180274e+07 ||r(i)||/||b|| 2.006091810325e+03
152 KSP unpreconditioned resid norm 1.659482310512e+07 true resid norm 1.659482310512e+07 ||r(i)||/||b|| 2.068085345416e+03
153 KSP unpreconditioned resid norm 1.710764696652e+07 true resid norm 1.710764696652e+07 ||r(i)||/||b|| 2.131994644468e+03
154 KSP unpreconditioned resid norm 1.763631843964e+07 true resid norm 1.763631843964e+07 ||r(i)||/||b|| 2.197878909650e+03
155 KSP unpreconditioned resid norm 1.818132725749e+07 true resid norm 1.818132725749e+07 ||r(i)||/||b|| 2.265799172624e+03
156 KSP unpreconditioned resid norm 1.874317828723e+07 true resid norm 1.874317828723e+07 ||r(i)||/||b|| 2.335818351109e+03
157 KSP unpreconditioned resid norm 1.932239199762e+07 true resid norm 1.932239199762e+07 ||r(i)||/||b|| 2.408001307127e+03
158 KSP unpreconditioned resid norm 1.991950494142e+07 true resid norm 1.991950494142e+07 ||r(i)||/||b|| 2.482414907128e+03
159 KSP unpreconditioned resid norm 2.053507025213e+07 true resid norm 2.053507025213e+07 ||r(i)||/||b|| 2.559128083892e+03
160 KSP unpreconditioned resid norm 2.116965815670e+07 true resid norm 2.116965815670e+07 ||r(i)||/||b|| 2.638211900422e+03
161 KSP unpreconditioned resid norm 2.182385650347e+07 true resid norm 2.182385650347e+07 ||r(i)||/||b|| 2.719739615746e+03
162 KSP unpreconditioned resid norm 2.249827130693e+07 true resid norm 2.249827130693e+07 ||r(i)||/||b|| 2.803786752792e+03
163 KSP unpreconditioned resid norm 2.319352730897e+07 true resid norm 2.319352730897e+07 ||r(i)||/||b|| 2.890431168343e+03
164 KSP unpreconditioned resid norm 2.391026855765e+07 true resid norm 2.391026855765e+07 ||r(i)||/||b|| 2.979753125165e+03
165 KSP unpreconditioned resid norm 2.464915900385e+07 true resid norm 2.464915900385e+07 ||r(i)||/||b|| 3.071835366354e+03
166 KSP unpreconditioned resid norm 2.541088311628e+07 true resid norm 2.541088311628e+07 ||r(i)||/||b|| 3.166763191989e+03
167 KSP unpreconditioned resid norm 2.619614651552e+07 true resid norm 2.619614651552e+07 ||r(i)||/||b|| 3.264624538143e+03
168 KSP unpreconditioned resid norm 2.700567662772e+07 true resid norm 2.700567662772e+07 ||r(i)||/||b|| 3.365510058351e+03
169 KSP unpreconditioned resid norm 2.784022335836e+07 true resid norm 2.784022335836e+07 ||r(i)||/||b|| 3.469513207572e+03
170 KSP unpreconditioned resid norm 2.870055978704e+07 true resid norm 2.870055978704e+07 ||r(i)||/||b|| 3.576730328779e+03
171 KSP unpreconditioned resid norm 2.958748288356e+07 true resid norm 2.958748288356e+07 ||r(i)||/||b|| 3.687260742199e+03
172 KSP unpreconditioned resid norm 3.050181424615e+07 true resid norm 3.050181424615e+07 ||r(i)||/||b|| 3.801206837306e+03
173 KSP unpreconditioned resid norm 3.144440086260e+07 true resid norm 3.144440086260e+07 ||r(i)||/||b|| 3.918674167685e+03
174 KSP unpreconditioned resid norm 3.241611589493e+07 true resid norm 3.241611589493e+07 ||r(i)||/||b|| 4.039771548811e+03
175 KSP unpreconditioned resid norm 3.341785948806e+07 true resid norm 3.341785948806e+07 ||r(i)||/||b|| 4.164611158833e+03
176 KSP unpreconditioned resid norm 3.445055960389e+07 true resid norm 3.445055960389e+07 ||r(i)||/||b|| 4.293308642514e+03
177 KSP unpreconditioned resid norm 3.551517288066e+07 true resid norm 3.551517288066e+07 ||r(i)||/||b|| 4.425983218330e+03
178 KSP unpreconditioned resid norm 3.661268551938e+07 true resid norm 3.661268551938e+07 ||r(i)||/||b|| 4.562757788939e+03
179 KSP unpreconditioned resid norm 3.774411419718e+07 true resid norm 3.774411419718e+07 ||r(i)||/||b|| 4.703759055005e+03
180 KSP unpreconditioned resid norm 3.891050700927e+07 true resid norm 3.891050700927e+07 ||r(i)||/||b|| 4.849117632580e+03
181 KSP unpreconditioned resid norm 4.011294443974e+07 true resid norm 4.011294443974e+07 ||r(i)||/||b|| 4.998968174099e+03
182 KSP unpreconditioned resid norm 4.135254036249e+07 true resid norm 4.135254036249e+07 ||r(i)||/||b|| 5.153449493113e+03
183 KSP unpreconditioned resid norm 4.263044307306e+07 true resid norm 4.263044307306e+07 ||r(i)||/||b|| 5.312704692875e+03
184 KSP unpreconditioned resid norm 4.394783635237e+07 true resid norm 4.394783635237e+07 ||r(i)||/||b|| 5.476881298906e+03
185 KSP unpreconditioned resid norm 4.530594056330e+07 true resid norm 4.530594056330e+07 ||r(i)||/||b|| 5.646131395660e+03
186 KSP unpreconditioned resid norm 4.670601378111e+07 true resid norm 4.670601378111e+07 ||r(i)||/||b|| 5.820611767396e+03
187 KSP unpreconditioned resid norm 4.814935295905e+07 true resid norm 4.814935295905e+07 ||r(i)||/||b|| 6.000484043433e+03
188 KSP unpreconditioned resid norm 4.963729512944e+07 true resid norm 4.963729512944e+07 ||r(i)||/||b|| 6.185914847842e+03
189 KSP unpreconditioned resid norm 5.117121864260e+07 true resid norm 5.117121864260e+07 ||r(i)||/||b|| 6.377075953837e+03
190 KSP unpreconditioned resid norm 5.275254444348e+07 true resid norm 5.275254444348e+07 ||r(i)||/||b|| 6.574144442872e+03
191 KSP unpreconditioned resid norm 5.438273738791e+07 true resid norm 5.438273738791e+07 ||r(i)||/||b|| 6.777302868679e+03
192 KSP unpreconditioned resid norm 5.606330759974e+07 true resid norm 5.606330759974e+07 ||r(i)||/||b|| 6.986739426394e+03
193 KSP unpreconditioned resid norm 5.779581186956e+07 true resid norm 5.779581186956e+07 ||r(i)||/||b|| 7.202648126871e+03
194 KSP unpreconditioned resid norm 5.958185509692e+07 true resid norm 5.958185509692e+07 ||r(i)||/||b|| 7.425228976417e+03
195 KSP unpreconditioned resid norm 6.142309177696e+07 true resid norm 6.142309177696e+07 ||r(i)||/||b|| 7.654688162050e+03
196 KSP unpreconditioned resid norm 6.332122753322e+07 true resid norm 6.332122753322e+07 ||r(i)||/||b|| 7.891238242534e+03
197 KSP unpreconditioned resid norm 6.527802069733e+07 true resid norm 6.527802069733e+07 ||r(i)||/||b|| 8.135098345234e+03
198 KSP unpreconditioned resid norm 6.729528393823e+07 true resid norm 6.729528393823e+07 ||r(i)||/||b|| 8.386494369158e+03
199 KSP unpreconditioned resid norm 6.937488594092e+07 true resid norm 6.937488594092e+07 ||r(i)||/||b|| 8.645659194165e+03
200 KSP unpreconditioned resid norm 7.151875313779e+07 true resid norm 7.151875313779e+07 ||r(i)||/||b|| 8.912832896728e+03
201 KSP unpreconditioned resid norm 7.372887149302e+07 true resid norm 7.372887149302e+07 ||r(i)||/||b|| 9.188262972308e+03
202 KSP unpreconditioned resid norm 7.600728834245e+07 true resid norm 7.600728834245e+07 ||r(i)||/||b|| 9.472204564648e+03
203 KSP unpreconditioned resid norm 7.835611428989e+07 true resid norm 7.835611428989e+07 ||r(i)||/||b|| 9.764920702088e+03
204 KSP unpreconditioned resid norm 8.077752516243e+07 true resid norm 8.077752516243e+07 ||r(i)||/||b|| 1.006668254125e+04
>>>> ksp solve time: 0.561891 (s)
            || b ||_2 = 8.0242448126731133e+03
|| r ||_2 / || b ||_2 = 1.0066682541247488e+04
