Config file: ../input/config/mla_v_cycle-refine2.json
order_rbm = 2
==== basic information of linear system ====
matrix Row = 19158, matrix Column = 19158
matrix nz_allocated = 387515, matrix nz_used = 387515, matrix nz_unneeded = 0
vector Row = 19158
>>>>>>>> setup phase:
 prolongation_block_row = 3193, col = 979
size of prolongation: m = 19158, n = 8811
  0 KSP unpreconditioned resid norm 7.204273425169e-01 true resid norm 7.204273425169e-01 ||r(i)||/||b|| 1.000000000000e+00
  1 KSP unpreconditioned resid norm 7.196445896490e-01 true resid norm 7.196445896490e-01 ||r(i)||/||b|| 9.989134881178e-01
  2 KSP unpreconditioned resid norm 7.194171575829e-01 true resid norm 7.194171575829e-01 ||r(i)||/||b|| 9.985977976203e-01
  3 KSP unpreconditioned resid norm 7.190851547472e-01 true resid norm 7.190851547472e-01 ||r(i)||/||b|| 9.981369560947e-01
  4 KSP unpreconditioned resid norm 7.188293876657e-01 true resid norm 7.188293876657e-01 ||r(i)||/||b|| 9.977819347533e-01
  5 KSP unpreconditioned resid norm 7.185106586223e-01 true resid norm 7.185106586221e-01 ||r(i)||/||b|| 9.973395181142e-01
  6 KSP unpreconditioned resid norm 7.182732890640e-01 true resid norm 7.182732890638e-01 ||r(i)||/||b|| 9.970100337314e-01
  7 KSP unpreconditioned resid norm 7.181792350677e-01 true resid norm 7.181792350673e-01 ||r(i)||/||b|| 9.968794806680e-01
  8 KSP unpreconditioned resid norm 7.175708388991e-01 true resid norm 7.175708388983e-01 ||r(i)||/||b|| 9.960349872221e-01
  9 KSP unpreconditioned resid norm 7.173989331591e-01 true resid norm 7.173989331581e-01 ||r(i)||/||b|| 9.957963708759e-01
 10 KSP unpreconditioned resid norm 7.172695145258e-01 true resid norm 7.172695145246e-01 ||r(i)||/||b|| 9.956167293966e-01
 11 KSP unpreconditioned resid norm 7.171099916468e-01 true resid norm 7.171099916451e-01 ||r(i)||/||b|| 9.953953012663e-01
 12 KSP unpreconditioned resid norm 7.164685455254e-01 true resid norm 7.164685455224e-01 ||r(i)||/||b|| 9.945049323354e-01
 13 KSP unpreconditioned resid norm 7.154568152642e-01 true resid norm 7.154568152587e-01 ||r(i)||/||b|| 9.931005849377e-01
 14 KSP unpreconditioned resid norm 7.137569168474e-01 true resid norm 7.137569168387e-01 ||r(i)||/||b|| 9.907410153882e-01
 15 KSP unpreconditioned resid norm 7.129931072479e-01 true resid norm 7.129931072394e-01 ||r(i)||/||b|| 9.896807979948e-01
 16 KSP unpreconditioned resid norm 7.123400414766e-01 true resid norm 7.123400414653e-01 ||r(i)||/||b|| 9.887743002321e-01
 17 KSP unpreconditioned resid norm 7.115516127369e-01 true resid norm 7.115516127241e-01 ||r(i)||/||b|| 9.876799098688e-01
 18 KSP unpreconditioned resid norm 7.101734522183e-01 true resid norm 7.101734522022e-01 ||r(i)||/||b|| 9.857669334441e-01
 19 KSP unpreconditioned resid norm 7.086564564039e-01 true resid norm 7.086564563821e-01 ||r(i)||/||b|| 9.836612445972e-01
 20 KSP unpreconditioned resid norm 7.054802024978e-01 true resid norm 7.054802024689e-01 ||r(i)||/||b|| 9.792523976175e-01
 21 KSP unpreconditioned resid norm 7.015944204899e-01 true resid norm 7.015944204543e-01 ||r(i)||/||b|| 9.738586794932e-01
 22 KSP unpreconditioned resid norm 6.964072422602e-01 true resid norm 6.964072422166e-01 ||r(i)||/||b|| 9.666585387829e-01
 23 KSP unpreconditioned resid norm 6.943614395734e-01 true resid norm 6.943614395271e-01 ||r(i)||/||b|| 9.638188316136e-01
 24 KSP unpreconditioned resid norm 6.922818917886e-01 true resid norm 6.922818917400e-01 ||r(i)||/||b|| 9.609322840544e-01
 25 KSP unpreconditioned resid norm 6.917352621562e-01 true resid norm 6.917352621114e-01 ||r(i)||/||b|| 9.601735265831e-01
 26 KSP unpreconditioned resid norm 6.898188089676e-01 true resid norm 6.898188089154e-01 ||r(i)||/||b|| 9.575133649223e-01
 27 KSP unpreconditioned resid norm 6.868270236438e-01 true resid norm 6.868270235921e-01 ||r(i)||/||b|| 9.533605723411e-01
 28 KSP unpreconditioned resid norm 6.720564347906e-01 true resid norm 6.720564347475e-01 ||r(i)||/||b|| 9.328580345098e-01
 29 KSP unpreconditioned resid norm 6.206842301438e-01 true resid norm 6.206842301746e-01 ||r(i)||/||b|| 8.615500738855e-01
 30 KSP unpreconditioned resid norm 5.037490546248e-01 true resid norm 5.037490549333e-01 ||r(i)||/||b|| 6.992364464866e-01
 31 KSP unpreconditioned resid norm 3.415195416828e-01 true resid norm 3.415195423898e-01 ||r(i)||/||b|| 4.740513334720e-01
 32 KSP unpreconditioned resid norm 2.279398487288e-01 true resid norm 2.279398494245e-01 ||r(i)||/||b|| 3.163953336754e-01
 33 KSP unpreconditioned resid norm 1.735760114080e-01 true resid norm 1.735760117296e-01 ||r(i)||/||b|| 2.409347917351e-01
 34 KSP unpreconditioned resid norm 1.416863500790e-01 true resid norm 1.416863500377e-01 ||r(i)||/||b|| 1.966698675577e-01
 35 KSP unpreconditioned resid norm 9.875404653039e-02 true resid norm 9.875404564208e-02 ||r(i)||/||b|| 1.370770372167e-01
 36 KSP unpreconditioned resid norm 4.927155890455e-02 true resid norm 4.927155814981e-02 ||r(i)||/||b|| 6.839212678641e-02
 37 KSP unpreconditioned resid norm 2.019143422729e-02 true resid norm 2.019143438349e-02 ||r(i)||/||b|| 2.802702395074e-02
 38 KSP unpreconditioned resid norm 9.033472389929e-03 true resid norm 9.033472752678e-03 ||r(i)||/||b|| 1.253904761737e-02
 39 KSP unpreconditioned resid norm 4.034255590834e-03 true resid norm 4.034256196437e-03 ||r(i)||/||b|| 5.599809943835e-03
 40 KSP unpreconditioned resid norm 1.316806236727e-03 true resid norm 1.316806787393e-03 ||r(i)||/||b|| 1.827813451377e-03
 41 KSP unpreconditioned resid norm 3.888780700274e-04 true resid norm 3.888785349997e-04 ||r(i)||/||b|| 5.397886949169e-04
 42 KSP unpreconditioned resid norm 1.392568300623e-04 true resid norm 1.392571525825e-04 ||r(i)||/||b|| 1.932979835218e-04
 43 KSP unpreconditioned resid norm 5.578720004605e-05 true resid norm 5.578733097935e-05 ||r(i)||/||b|| 7.743644318725e-05
 44 KSP unpreconditioned resid norm 1.979326138606e-05 true resid norm 1.979300318637e-05 ||r(i)||/||b|| 2.747397553960e-05
 45 KSP unpreconditioned resid norm 6.724288793306e-06 true resid norm 6.724519380436e-06 ||r(i)||/||b|| 9.334070188040e-06
 46 KSP unpreconditioned resid norm 1.926837240951e-06 true resid norm 1.927395437282e-06 ||r(i)||/||b|| 2.675350203323e-06
 47 KSP unpreconditioned resid norm 5.887416464697e-07 true resid norm 5.894127355530e-07 ||r(i)||/||b|| 8.181432058003e-07
 48 KSP unpreconditioned resid norm 1.639475142858e-07 true resid norm 1.665042207119e-07 ||r(i)||/||b|| 2.311186859319e-07
 49 KSP unpreconditioned resid norm 4.763169800689e-08 true resid norm 5.533348296742e-08 ||r(i)||/||b|| 7.680647263346e-08
 50 KSP unpreconditioned resid norm 3.214011838665e-08 true resid norm 3.214011838665e-08 ||r(i)||/||b|| 4.461257435673e-08
 51 KSP unpreconditioned resid norm 2.189192643374e-08 true resid norm 2.192405037133e-08 ||r(i)||/||b|| 3.043200761194e-08
 52 KSP unpreconditioned resid norm 1.653706518256e-08 true resid norm 1.653684520106e-08 ||r(i)||/||b|| 2.295421651167e-08
 53 KSP unpreconditioned resid norm 1.357880706509e-08 true resid norm 1.360800972458e-08 ||r(i)||/||b|| 1.888880241141e-08
 54 KSP unpreconditioned resid norm 1.233546516505e-08 true resid norm 1.236470826211e-08 ||r(i)||/||b|| 1.716301913099e-08
 55 KSP unpreconditioned resid norm 1.220077252484e-08 true resid norm 1.221635247996e-08 ||r(i)||/||b|| 1.695709165796e-08
 56 KSP unpreconditioned resid norm 1.120783423611e-08 true resid norm 1.121881393079e-08 ||r(i)||/||b|| 1.557244328289e-08
 57 KSP unpreconditioned resid norm 9.885281731031e-09 true resid norm 9.930596684977e-09 ||r(i)||/||b|| 1.378431397437e-08
 58 KSP unpreconditioned resid norm 8.358984660817e-09 true resid norm 8.433571521720e-09 ||r(i)||/||b|| 1.170634569790e-08
 59 KSP unpreconditioned resid norm 7.672263814867e-09 true resid norm 7.721364693949e-09 ||r(i)||/||b|| 1.071775630693e-08
 60 KSP unpreconditioned resid norm 6.975769278863e-09 true resid norm 7.052695672288e-09 ||r(i)||/||b|| 9.789600222069e-09
            || b ||_2 = 7.2042734251691598e-01
|| r ||_2 / || b ||_2 = 9.7896002220686695e-09
