Config file: ../input/config/mla_v_cycle-refine3.json
order_rbm = 1
==== basic information of linear system ====
matrix Row = 73482, matrix Column = 73482
matrix nz_allocated = 1513726, matrix nz_used = 1513726, matrix nz_unneeded = 0
vector Row = 73482
>>>>>>>> setup phase:
 prolongation_block_row = 12247, col = 3944
size of prolongation: m = 73482, n = 23664
  0 KSP unpreconditioned resid norm 3.645678991486e-01 true resid norm 3.645678991486e-01 ||r(i)||/||b|| 1.000000000000e+00
  1 KSP unpreconditioned resid norm 3.642950323499e-01 true resid norm 3.642950323499e-01 ||r(i)||/||b|| 9.992515336666e-01
  2 KSP unpreconditioned resid norm 3.639722454783e-01 true resid norm 3.639722454783e-01 ||r(i)||/||b|| 9.983661379081e-01
  3 KSP unpreconditioned resid norm 3.635074161285e-01 true resid norm 3.635074161286e-01 ||r(i)||/||b|| 9.970911234298e-01
  4 KSP unpreconditioned resid norm 3.634984327794e-01 true resid norm 3.634984327794e-01 ||r(i)||/||b|| 9.970664823432e-01
  5 KSP unpreconditioned resid norm 3.632188543371e-01 true resid norm 3.632188543371e-01 ||r(i)||/||b|| 9.962996061511e-01
  6 KSP unpreconditioned resid norm 3.632188404334e-01 true resid norm 3.632188404334e-01 ||r(i)||/||b|| 9.962995680134e-01
  7 KSP unpreconditioned resid norm 3.627773626961e-01 true resid norm 3.627773626961e-01 ||r(i)||/||b|| 9.950886063837e-01
  8 KSP unpreconditioned resid norm 3.627479857993e-01 true resid norm 3.627479857993e-01 ||r(i)||/||b|| 9.950080263414e-01
  9 KSP unpreconditioned resid norm 3.623448461965e-01 true resid norm 3.623448461965e-01 ||r(i)||/||b|| 9.939022251895e-01
 10 KSP unpreconditioned resid norm 3.622832039788e-01 true resid norm 3.622832039788e-01 ||r(i)||/||b|| 9.937331422345e-01
 11 KSP unpreconditioned resid norm 3.620860749347e-01 true resid norm 3.620860749347e-01 ||r(i)||/||b|| 9.931924225372e-01
 12 KSP unpreconditioned resid norm 3.619408589283e-01 true resid norm 3.619408589283e-01 ||r(i)||/||b|| 9.927940989142e-01
 13 KSP unpreconditioned resid norm 3.617928334437e-01 true resid norm 3.617928334437e-01 ||r(i)||/||b|| 9.923880689676e-01
 14 KSP unpreconditioned resid norm 3.616954188107e-01 true resid norm 3.616954188106e-01 ||r(i)||/||b|| 9.921208632337e-01
 15 KSP unpreconditioned resid norm 3.616276001890e-01 true resid norm 3.616276001889e-01 ||r(i)||/||b|| 9.919348385676e-01
 16 KSP unpreconditioned resid norm 3.615127268956e-01 true resid norm 3.615127268956e-01 ||r(i)||/||b|| 9.916197441952e-01
 17 KSP unpreconditioned resid norm 3.614393232085e-01 true resid norm 3.614393232086e-01 ||r(i)||/||b|| 9.914183998445e-01
 18 KSP unpreconditioned resid norm 3.612639676124e-01 true resid norm 3.612639676124e-01 ||r(i)||/||b|| 9.909374041326e-01
 19 KSP unpreconditioned resid norm 3.612243416765e-01 true resid norm 3.612243416765e-01 ||r(i)||/||b|| 9.908287112497e-01
 20 KSP unpreconditioned resid norm 3.611320006732e-01 true resid norm 3.611320006733e-01 ||r(i)||/||b|| 9.905754223468e-01
 21 KSP unpreconditioned resid norm 3.610693824052e-01 true resid norm 3.610693824053e-01 ||r(i)||/||b|| 9.904036621120e-01
 22 KSP unpreconditioned resid norm 3.608683120281e-01 true resid norm 3.608683120283e-01 ||r(i)||/||b|| 9.898521314439e-01
 23 KSP unpreconditioned resid norm 3.608058503287e-01 true resid norm 3.608058503290e-01 ||r(i)||/||b|| 9.896808006727e-01
 24 KSP unpreconditioned resid norm 3.604795692906e-01 true resid norm 3.604795692918e-01 ||r(i)||/||b|| 9.887858205113e-01
 25 KSP unpreconditioned resid norm 3.603746680316e-01 true resid norm 3.603746680335e-01 ||r(i)||/||b|| 9.884980791647e-01
 26 KSP unpreconditioned resid norm 3.600351585583e-01 true resid norm 3.600351585623e-01 ||r(i)||/||b|| 9.875668137623e-01
 27 KSP unpreconditioned resid norm 3.596216203851e-01 true resid norm 3.596216203946e-01 ||r(i)||/||b|| 9.864324896250e-01
 28 KSP unpreconditioned resid norm 3.584241371940e-01 true resid norm 3.584241372017e-01 ||r(i)||/||b|| 9.831478252438e-01
 29 KSP unpreconditioned resid norm 3.567663261533e-01 true resid norm 3.567663261392e-01 ||r(i)||/||b|| 9.786004938240e-01
 30 KSP unpreconditioned resid norm 3.520844629101e-01 true resid norm 3.520844627040e-01 ||r(i)||/||b|| 9.657582675991e-01
 31 KSP unpreconditioned resid norm 3.403773510761e-01 true resid norm 3.403773496446e-01 ||r(i)||/||b|| 9.336459694873e-01
 32 KSP unpreconditioned resid norm 3.145652937107e-01 true resid norm 3.145652893843e-01 ||r(i)||/||b|| 8.628441783244e-01
 33 KSP unpreconditioned resid norm 2.599008314941e-01 true resid norm 2.599008131071e-01 ||r(i)||/||b|| 7.129009814469e-01
 34 KSP unpreconditioned resid norm 1.861076243615e-01 true resid norm 1.861076122853e-01 ||r(i)||/||b|| 5.104882045840e-01
 35 KSP unpreconditioned resid norm 1.312385806893e-01 true resid norm 1.312385579148e-01 ||r(i)||/||b|| 3.599838554664e-01
 36 KSP unpreconditioned resid norm 1.019795427953e-01 true resid norm 1.019795578689e-01 ||r(i)||/||b|| 2.797272006314e-01
 37 KSP unpreconditioned resid norm 9.400663221682e-02 true resid norm 9.400665935974e-02 ||r(i)||/||b|| 2.578577531902e-01
 38 KSP unpreconditioned resid norm 8.962958808432e-02 true resid norm 8.962965301844e-02 ||r(i)||/||b|| 2.458517418230e-01
 39 KSP unpreconditioned resid norm 8.879210788638e-02 true resid norm 8.879218767357e-02 ||r(i)||/||b|| 2.435545967731e-01
 40 KSP unpreconditioned resid norm 8.465124638311e-02 true resid norm 8.465137004137e-02 ||r(i)||/||b|| 2.321964447200e-01
 41 KSP unpreconditioned resid norm 7.991088584123e-02 true resid norm 7.991095428433e-02 ||r(i)||/||b|| 2.191936110418e-01
 42 KSP unpreconditioned resid norm 6.477432801606e-02 true resid norm 6.477425164898e-02 ||r(i)||/||b|| 1.776740404195e-01
 43 KSP unpreconditioned resid norm 5.338816511128e-02 true resid norm 5.338788335763e-02 ||r(i)||/||b|| 1.464415366309e-01
 44 KSP unpreconditioned resid norm 4.368496826912e-02 true resid norm 4.368440474451e-02 ||r(i)||/||b|| 1.198251542347e-01
 45 KSP unpreconditioned resid norm 3.946192349274e-02 true resid norm 3.946127618564e-02 ||r(i)||/||b|| 1.082412255105e-01
 46 KSP unpreconditioned resid norm 3.607159999592e-02 true resid norm 3.607053544260e-02 ||r(i)||/||b|| 9.894051430976e-02
 47 KSP unpreconditioned resid norm 3.451416075122e-02 true resid norm 3.451277257919e-02 ||r(i)||/||b|| 9.466761242497e-02
 48 KSP unpreconditioned resid norm 3.312235016902e-02 true resid norm 3.311986857190e-02 ||r(i)||/||b|| 9.084691397471e-02
 49 KSP unpreconditioned resid norm 3.233864968126e-02 true resid norm 3.233486411200e-02 ||r(i)||/||b|| 8.869366772969e-02
 50 KSP unpreconditioned resid norm 3.173885925056e-02 true resid norm 3.173885925056e-02 ||r(i)||/||b|| 8.705884232999e-02
 51 KSP unpreconditioned resid norm 3.173885919994e-02 true resid norm 3.173885919507e-02 ||r(i)||/||b|| 8.705884217780e-02
 52 KSP unpreconditioned resid norm 3.173826523049e-02 true resid norm 3.173826522415e-02 ||r(i)||/||b|| 8.705721293145e-02
 53 KSP unpreconditioned resid norm 3.173786762596e-02 true resid norm 3.173786761556e-02 ||r(i)||/||b|| 8.705612230170e-02
 54 KSP unpreconditioned resid norm 3.173111851660e-02 true resid norm 3.173111851092e-02 ||r(i)||/||b|| 8.703760968812e-02
 55 KSP unpreconditioned resid norm 3.172165664534e-02 true resid norm 3.172165664829e-02 ||r(i)||/||b|| 8.701165605190e-02
 56 KSP unpreconditioned resid norm 3.171536543295e-02 true resid norm 3.171536544319e-02 ||r(i)||/||b|| 8.699439944453e-02
 57 KSP unpreconditioned resid norm 3.171445439664e-02 true resid norm 3.171445440541e-02 ||r(i)||/||b|| 8.699190049225e-02
 58 KSP unpreconditioned resid norm 3.171238736539e-02 true resid norm 3.171238736332e-02 ||r(i)||/||b|| 8.698623065106e-02
 59 KSP unpreconditioned resid norm 3.171019254672e-02 true resid norm 3.171019254818e-02 ||r(i)||/||b|| 8.698021033184e-02
 60 KSP unpreconditioned resid norm 3.169083511643e-02 true resid norm 3.169083513070e-02 ||r(i)||/||b|| 8.692711345324e-02
 61 KSP unpreconditioned resid norm 3.166635454811e-02 true resid norm 3.166635455260e-02 ||r(i)||/||b|| 8.685996388204e-02
 62 KSP unpreconditioned resid norm 3.157551985954e-02 true resid norm 3.157551986892e-02 ||r(i)||/||b|| 8.661080677333e-02
 63 KSP unpreconditioned resid norm 3.148451377336e-02 true resid norm 3.148451378563e-02 ||r(i)||/||b|| 8.636117952007e-02
 64 KSP unpreconditioned resid norm 3.133089833329e-02 true resid norm 3.133089833189e-02 ||r(i)||/||b|| 8.593981643763e-02
 65 KSP unpreconditioned resid norm 3.116770687448e-02 true resid norm 3.116770688041e-02 ||r(i)||/||b|| 8.549218664943e-02
 66 KSP unpreconditioned resid norm 3.093180818210e-02 true resid norm 3.093180819284e-02 ||r(i)||/||b|| 8.484512285659e-02
 67 KSP unpreconditioned resid norm 3.061719894494e-02 true resid norm 3.061719895100e-02 ||r(i)||/||b|| 8.398215811786e-02
 68 KSP unpreconditioned resid norm 3.015655211351e-02 true resid norm 3.015655211121e-02 ||r(i)||/||b|| 8.271861615252e-02
 69 KSP unpreconditioned resid norm 2.978133296575e-02 true resid norm 2.978133297355e-02 ||r(i)||/||b|| 8.168940009006e-02
 70 KSP unpreconditioned resid norm 2.951155922470e-02 true resid norm 2.951155923985e-02 ||r(i)||/||b|| 8.094941795141e-02
 71 KSP unpreconditioned resid norm 2.935885491484e-02 true resid norm 2.935885491677e-02 ||r(i)||/||b|| 8.053055407602e-02
 72 KSP unpreconditioned resid norm 2.926286464382e-02 true resid norm 2.926286464894e-02 ||r(i)||/||b|| 8.026725533784e-02
 73 KSP unpreconditioned resid norm 2.921240564617e-02 true resid norm 2.921240567154e-02 ||r(i)||/||b|| 8.012884771193e-02
 74 KSP unpreconditioned resid norm 2.918682252105e-02 true resid norm 2.918682254027e-02 ||r(i)||/||b|| 8.005867386688e-02
 75 KSP unpreconditioned resid norm 2.915151182725e-02 true resid norm 2.915151184874e-02 ||r(i)||/||b|| 7.996181758410e-02
 76 KSP unpreconditioned resid norm 2.911687800564e-02 true resid norm 2.911687803470e-02 ||r(i)||/||b|| 7.986681795818e-02
 77 KSP unpreconditioned resid norm 2.909665750565e-02 true resid norm 2.909665754639e-02 ||r(i)||/||b|| 7.981135369937e-02
 78 KSP unpreconditioned resid norm 2.908626925789e-02 true resid norm 2.908626930373e-02 ||r(i)||/||b|| 7.978285902751e-02
 79 KSP unpreconditioned resid norm 2.907964967407e-02 true resid norm 2.907964972800e-02 ||r(i)||/||b|| 7.976470170826e-02
 80 KSP unpreconditioned resid norm 2.907960029716e-02 true resid norm 2.907960036112e-02 ||r(i)||/||b|| 7.976456629624e-02
 81 KSP unpreconditioned resid norm 2.907706376328e-02 true resid norm 2.907706378587e-02 ||r(i)||/||b|| 7.975760853815e-02
 82 KSP unpreconditioned resid norm 2.907211923244e-02 true resid norm 2.907211933193e-02 ||r(i)||/||b|| 7.974404603319e-02
 83 KSP unpreconditioned resid norm 2.906820141519e-02 true resid norm 2.906820140181e-02 ||r(i)||/||b|| 7.973329925560e-02
 84 KSP unpreconditioned resid norm 2.906790328591e-02 true resid norm 2.906790331774e-02 ||r(i)||/||b|| 7.973248161899e-02
 85 KSP unpreconditioned resid norm 2.905561728641e-02 true resid norm 2.905561788934e-02 ||r(i)||/||b|| 7.969878301736e-02
 86 KSP unpreconditioned resid norm 2.895293556774e-02 true resid norm 2.895293790021e-02 ||r(i)||/||b|| 7.941713455251e-02
 87 KSP unpreconditioned resid norm 2.877816727205e-02 true resid norm 2.877817954548e-02 ||r(i)||/||b|| 7.893777705796e-02
 88 KSP unpreconditioned resid norm 2.856430848334e-02 true resid norm 2.856431983370e-02 ||r(i)||/||b|| 7.835116558644e-02
 89 KSP unpreconditioned resid norm 2.831904318563e-02 true resid norm 2.831909041714e-02 ||r(i)||/||b|| 7.767850785346e-02
 90 KSP unpreconditioned resid norm 2.812673213704e-02 true resid norm 2.812674623920e-02 ||r(i)||/||b|| 7.715091291604e-02
 91 KSP unpreconditioned resid norm 2.778305163173e-02 true resid norm 2.778306064331e-02 ||r(i)||/||b|| 7.620819251555e-02
 92 KSP unpreconditioned resid norm 2.734641862674e-02 true resid norm 2.734583884834e-02 ||r(i)||/||b|| 7.500890482184e-02
 93 KSP unpreconditioned resid norm 2.578058187888e-02 true resid norm 2.577763171792e-02 ||r(i)||/||b|| 7.070735459187e-02
 94 KSP unpreconditioned resid norm 2.436620992563e-02 true resid norm 2.435482725371e-02 ||r(i)||/||b|| 6.680463998774e-02
 95 KSP unpreconditioned resid norm 2.060089073340e-02 true resid norm 2.054344716360e-02 ||r(i)||/||b|| 5.635012630452e-02
 96 KSP unpreconditioned resid norm 1.973569602306e-02 true resid norm 1.964239710698e-02 ||r(i)||/||b|| 5.387857009036e-02
 97 KSP unpreconditioned resid norm 1.577389571940e-02 true resid norm 1.543502095417e-02 ||r(i)||/||b|| 4.233784979484e-02
 98 KSP unpreconditioned resid norm 1.486095093357e-02 true resid norm 1.458200969757e-02 ||r(i)||/||b|| 3.999806272473e-02
 99 KSP unpreconditioned resid norm 1.310226859710e-02 true resid norm 1.280226617432e-02 ||r(i)||/||b|| 3.511627382502e-02
100 KSP unpreconditioned resid norm 1.271194585617e-02 true resid norm 1.271194585617e-02 ||r(i)||/||b|| 3.486852760723e-02
101 KSP unpreconditioned resid norm 1.270220895131e-02 true resid norm 1.270220896476e-02 ||r(i)||/||b|| 3.484181957441e-02
102 KSP unpreconditioned resid norm 1.267558999177e-02 true resid norm 1.267559000653e-02 ||r(i)||/||b|| 3.476880448368e-02
103 KSP unpreconditioned resid norm 1.262233099206e-02 true resid norm 1.262233100551e-02 ||r(i)||/||b|| 3.462271646786e-02
104 KSP unpreconditioned resid norm 1.262180629224e-02 true resid norm 1.262180629164e-02 ||r(i)||/||b|| 3.462127719176e-02
105 KSP unpreconditioned resid norm 1.261402197800e-02 true resid norm 1.261402197400e-02 ||r(i)||/||b|| 3.459992501658e-02
106 KSP unpreconditioned resid norm 1.252570531875e-02 true resid norm 1.252570532348e-02 ||r(i)||/||b|| 3.435767480553e-02
107 KSP unpreconditioned resid norm 1.250102900222e-02 true resid norm 1.250102901625e-02 ||r(i)||/||b|| 3.428998835455e-02
108 KSP unpreconditioned resid norm 1.236816288319e-02 true resid norm 1.236816290064e-02 ||r(i)||/||b|| 3.392554015184e-02
109 KSP unpreconditioned resid norm 1.230944099172e-02 true resid norm 1.230944099745e-02 ||r(i)||/||b|| 3.376446754142e-02
110 KSP unpreconditioned resid norm 1.222892902550e-02 true resid norm 1.222892902677e-02 ||r(i)||/||b|| 3.354362535848e-02
111 KSP unpreconditioned resid norm 1.218666182266e-02 true resid norm 1.218666182440e-02 ||r(i)||/||b|| 3.342768755246e-02
112 KSP unpreconditioned resid norm 1.209391890808e-02 true resid norm 1.209391892174e-02 ||r(i)||/||b|| 3.317329625011e-02
113 KSP unpreconditioned resid norm 1.206183056839e-02 true resid norm 1.206183057144e-02 ||r(i)||/||b|| 3.308527876317e-02
114 KSP unpreconditioned resid norm 1.197837262556e-02 true resid norm 1.197837262494e-02 ||r(i)||/||b|| 3.285635584732e-02
115 KSP unpreconditioned resid norm 1.187300640577e-02 true resid norm 1.187300640843e-02 ||r(i)||/||b|| 3.256733913260e-02
116 KSP unpreconditioned resid norm 1.173494800855e-02 true resid norm 1.173494802087e-02 ||r(i)||/||b|| 3.218864866674e-02
117 KSP unpreconditioned resid norm 1.157808488294e-02 true resid norm 1.157808489717e-02 ||r(i)||/||b|| 3.175837731245e-02
118 KSP unpreconditioned resid norm 1.141350111722e-02 true resid norm 1.141350111938e-02 ||r(i)||/||b|| 3.130692841041e-02
119 KSP unpreconditioned resid norm 1.131914814448e-02 true resid norm 1.131914814564e-02 ||r(i)||/||b|| 3.104812072614e-02
120 KSP unpreconditioned resid norm 1.116317271746e-02 true resid norm 1.116317273114e-02 ||r(i)||/||b|| 3.062028433442e-02
121 KSP unpreconditioned resid norm 1.114132729041e-02 true resid norm 1.114132729607e-02 ||r(i)||/||b|| 3.056036289011e-02
122 KSP unpreconditioned resid norm 1.107083309400e-02 true resid norm 1.107083311933e-02 ||r(i)||/||b|| 3.036699924812e-02
123 KSP unpreconditioned resid norm 1.099284564863e-02 true resid norm 1.099284564411e-02 ||r(i)||/||b|| 3.015308168871e-02
124 KSP unpreconditioned resid norm 1.082597062195e-02 true resid norm 1.082597063699e-02 ||r(i)||/||b|| 2.969534800588e-02
125 KSP unpreconditioned resid norm 1.049867562081e-02 true resid norm 1.049867565342e-02 ||r(i)||/||b|| 2.879758661675e-02
126 KSP unpreconditioned resid norm 1.007576872071e-02 true resid norm 1.007576874355e-02 ||r(i)||/||b|| 2.763756427015e-02
127 KSP unpreconditioned resid norm 9.785462634568e-03 true resid norm 9.785462671935e-03 ||r(i)||/||b|| 2.684126247754e-02
128 KSP unpreconditioned resid norm 9.453708567098e-03 true resid norm 9.453708636348e-03 ||r(i)||/||b|| 2.593127002796e-02
129 KSP unpreconditioned resid norm 9.070087466313e-03 true resid norm 9.070087525556e-03 ||r(i)||/||b|| 2.487900757784e-02
130 KSP unpreconditioned resid norm 8.532262505456e-03 true resid norm 8.532262649228e-03 ||r(i)||/||b|| 2.340376832177e-02
131 KSP unpreconditioned resid norm 7.721207948158e-03 true resid norm 7.721208169641e-03 ||r(i)||/||b|| 2.117906756923e-02
132 KSP unpreconditioned resid norm 6.777242694048e-03 true resid norm 6.777242977369e-03 ||r(i)||/||b|| 1.858979628540e-02
133 KSP unpreconditioned resid norm 5.167403428747e-03 true resid norm 5.167403735328e-03 ||r(i)||/||b|| 1.417405028637e-02
134 KSP unpreconditioned resid norm 3.973498912939e-03 true resid norm 3.973499034805e-03 ||r(i)||/||b|| 1.089920161398e-02
135 KSP unpreconditioned resid norm 3.004915062595e-03 true resid norm 3.004915273095e-03 ||r(i)||/||b|| 8.242402252398e-03
136 KSP unpreconditioned resid norm 2.489341565335e-03 true resid norm 2.489341459020e-03 ||r(i)||/||b|| 6.828197065166e-03
137 KSP unpreconditioned resid norm 2.030649175840e-03 true resid norm 2.030649183541e-03 ||r(i)||/||b|| 5.570016417472e-03
138 KSP unpreconditioned resid norm 1.602403984318e-03 true resid norm 1.602403205932e-03 ||r(i)||/||b|| 4.395349150800e-03
139 KSP unpreconditioned resid norm 1.146213512113e-03 true resid norm 1.146213149213e-03 ||r(i)||/||b|| 3.144032022265e-03
140 KSP unpreconditioned resid norm 8.716751191720e-04 true resid norm 8.716733195686e-04 ||r(i)||/||b|| 2.390976609856e-03
141 KSP unpreconditioned resid norm 6.800923348966e-04 true resid norm 6.800904270770e-04 ||r(i)||/||b|| 1.865469858057e-03
142 KSP unpreconditioned resid norm 5.790330740562e-04 true resid norm 5.790298583510e-04 ||r(i)||/||b|| 1.588263420074e-03
143 KSP unpreconditioned resid norm 5.226812082811e-04 true resid norm 5.226787340723e-04 ||r(i)||/||b|| 1.433693792824e-03
144 KSP unpreconditioned resid norm 4.898866190717e-04 true resid norm 4.898868740186e-04 ||r(i)||/||b|| 1.343746597445e-03
145 KSP unpreconditioned resid norm 4.388856521938e-04 true resid norm 4.388970461720e-04 ||r(i)||/||b|| 1.203882862964e-03
146 KSP unpreconditioned resid norm 4.139318336784e-04 true resid norm 4.139591140762e-04 ||r(i)||/||b|| 1.135478781985e-03
147 KSP unpreconditioned resid norm 3.732173619502e-04 true resid norm 3.732717602995e-04 ||r(i)||/||b|| 1.023874458424e-03
148 KSP unpreconditioned resid norm 3.518133027455e-04 true resid norm 3.518804594332e-04 ||r(i)||/||b|| 9.651986920815e-04
149 KSP unpreconditioned resid norm 3.375415370275e-04 true resid norm 3.376185372983e-04 ||r(i)||/||b|| 9.260786209831e-04
150 KSP unpreconditioned resid norm 3.322058640337e-04 true resid norm 3.322058640337e-04 ||r(i)||/||b|| 9.112318029358e-04
151 KSP unpreconditioned resid norm 3.322058350365e-04 true resid norm 3.322058478063e-04 ||r(i)||/||b|| 9.112317584242e-04
152 KSP unpreconditioned resid norm 3.322058011893e-04 true resid norm 3.322058196779e-04 ||r(i)||/||b|| 9.112316812689e-04
153 KSP unpreconditioned resid norm 3.322026449874e-04 true resid norm 3.322026744461e-04 ||r(i)||/||b|| 9.112230539822e-04
154 KSP unpreconditioned resid norm 3.321892497317e-04 true resid norm 3.321892888490e-04 ||r(i)||/||b|| 9.111863376473e-04
155 KSP unpreconditioned resid norm 3.321502649602e-04 true resid norm 3.321502771269e-04 ||r(i)||/||b|| 9.110793295365e-04
156 KSP unpreconditioned resid norm 3.321014821696e-04 true resid norm 3.321015144268e-04 ||r(i)||/||b|| 9.109455747540e-04
157 KSP unpreconditioned resid norm 3.320207728115e-04 true resid norm 3.320207954608e-04 ||r(i)||/||b|| 9.107241647884e-04
158 KSP unpreconditioned resid norm 3.320007360132e-04 true resid norm 3.320007540970e-04 ||r(i)||/||b|| 9.106691918633e-04
159 KSP unpreconditioned resid norm 3.319585131022e-04 true resid norm 3.319585357439e-04 ||r(i)||/||b|| 9.105533880496e-04
160 KSP unpreconditioned resid norm 3.318898418141e-04 true resid norm 3.318898879111e-04 ||r(i)||/||b|| 9.103650888796e-04
161 KSP unpreconditioned resid norm 3.318576648514e-04 true resid norm 3.318576752172e-04 ||r(i)||/||b|| 9.102767303216e-04
162 KSP unpreconditioned resid norm 3.317674935786e-04 true resid norm 3.317675279821e-04 ||r(i)||/||b|| 9.100294588658e-04
163 KSP unpreconditioned resid norm 3.317604085183e-04 true resid norm 3.317604278433e-04 ||r(i)||/||b|| 9.100099833749e-04
164 KSP unpreconditioned resid norm 3.317601419971e-04 true resid norm 3.317601704150e-04 ||r(i)||/||b|| 9.100092772559e-04
165 KSP unpreconditioned resid norm 3.317108046997e-04 true resid norm 3.317108012248e-04 ||r(i)||/||b|| 9.098738588873e-04
166 KSP unpreconditioned resid norm 3.313629740701e-04 true resid norm 3.313629988582e-04 ||r(i)||/||b|| 9.089198462949e-04
167 KSP unpreconditioned resid norm 3.312547439145e-04 true resid norm 3.312547647418e-04 ||r(i)||/||b|| 9.086229630073e-04
168 KSP unpreconditioned resid norm 3.306690191422e-04 true resid norm 3.306690162494e-04 ||r(i)||/||b|| 9.070162705538e-04
169 KSP unpreconditioned resid norm 3.303836691735e-04 true resid norm 3.303837010044e-04 ||r(i)||/||b|| 9.062336584650e-04
170 KSP unpreconditioned resid norm 3.301783343621e-04 true resid norm 3.301783196188e-04 ||r(i)||/||b|| 9.056703028156e-04
171 KSP unpreconditioned resid norm 3.301103495183e-04 true resid norm 3.301103681494e-04 ||r(i)||/||b|| 9.054839137519e-04
172 KSP unpreconditioned resid norm 3.301071439119e-04 true resid norm 3.301071626309e-04 ||r(i)||/||b|| 9.054751211004e-04
173 KSP unpreconditioned resid norm 3.301039128305e-04 true resid norm 3.301039312659e-04 ||r(i)||/||b|| 9.054662575524e-04
174 KSP unpreconditioned resid norm 3.300929733371e-04 true resid norm 3.300930009838e-04 ||r(i)||/||b|| 9.054362760808e-04
175 KSP unpreconditioned resid norm 3.300913908790e-04 true resid norm 3.300914141920e-04 ||r(i)||/||b|| 9.054319235534e-04
176 KSP unpreconditioned resid norm 3.299449189353e-04 true resid norm 3.299449329391e-04 ||r(i)||/||b|| 9.050301293932e-04
177 KSP unpreconditioned resid norm 3.299329235013e-04 true resid norm 3.299329171025e-04 ||r(i)||/||b|| 9.049971702745e-04
178 KSP unpreconditioned resid norm 3.299326027583e-04 true resid norm 3.299326323079e-04 ||r(i)||/||b|| 9.049963890908e-04
179 KSP unpreconditioned resid norm 3.299289681725e-04 true resid norm 3.299290102315e-04 ||r(i)||/||b|| 9.049864538320e-04
180 KSP unpreconditioned resid norm 3.296521615387e-04 true resid norm 3.296521802805e-04 ||r(i)||/||b|| 9.042271166780e-04
181 KSP unpreconditioned resid norm 3.288485636431e-04 true resid norm 3.288485527984e-04 ||r(i)||/||b|| 9.020227879810e-04
182 KSP unpreconditioned resid norm 3.275219297558e-04 true resid norm 3.275219585579e-04 ||r(i)||/||b|| 8.983839754482e-04
183 KSP unpreconditioned resid norm 3.229071401769e-04 true resid norm 3.229071364622e-04 ||r(i)||/||b|| 8.857256418249e-04
184 KSP unpreconditioned resid norm 3.183260141477e-04 true resid norm 3.183260322518e-04 ||r(i)||/||b|| 8.731597954596e-04
185 KSP unpreconditioned resid norm 3.136202847633e-04 true resid norm 3.136202895825e-04 ||r(i)||/||b|| 8.602520691341e-04
186 KSP unpreconditioned resid norm 3.130126615068e-04 true resid norm 3.130126737859e-04 ||r(i)||/||b|| 8.585853952496e-04
187 KSP unpreconditioned resid norm 3.125639040874e-04 true resid norm 3.125639069557e-04 ||r(i)||/||b|| 8.573544398330e-04
188 KSP unpreconditioned resid norm 3.119593986136e-04 true resid norm 3.119594074088e-04 ||r(i)||/||b|| 8.556963137382e-04
189 KSP unpreconditioned resid norm 3.119559919679e-04 true resid norm 3.119560271517e-04 ||r(i)||/||b|| 8.556870417835e-04
190 KSP unpreconditioned resid norm 3.111260209352e-04 true resid norm 3.111260611111e-04 ||r(i)||/||b|| 8.534104671248e-04
191 KSP unpreconditioned resid norm 3.109521353354e-04 true resid norm 3.109521519738e-04 ||r(i)||/||b|| 8.529334390109e-04
192 KSP unpreconditioned resid norm 3.107888719003e-04 true resid norm 3.107888850026e-04 ||r(i)||/||b|| 8.524856020739e-04
193 KSP unpreconditioned resid norm 3.073164112945e-04 true resid norm 3.073164682887e-04 ||r(i)||/||b|| 8.429608558689e-04
194 KSP unpreconditioned resid norm 3.038134265383e-04 true resid norm 3.038136438265e-04 ||r(i)||/||b|| 8.333527020233e-04
195 KSP unpreconditioned resid norm 2.927643537718e-04 true resid norm 2.927647842317e-04 ||r(i)||/||b|| 8.030459755655e-04
196 KSP unpreconditioned resid norm 2.804147626566e-04 true resid norm 2.804153176923e-04 ||r(i)||/||b|| 7.691717190328e-04
197 KSP unpreconditioned resid norm 2.767986936700e-04 true resid norm 2.767985345135e-04 ||r(i)||/||b|| 7.592509794743e-04
198 KSP unpreconditioned resid norm 2.632036177764e-04 true resid norm 2.631976502857e-04 ||r(i)||/||b|| 7.219441176810e-04
199 KSP unpreconditioned resid norm 2.570333529777e-04 true resid norm 2.570202233780e-04 ||r(i)||/||b|| 7.049996008376e-04
200 KSP unpreconditioned resid norm 2.452724043814e-04 true resid norm 2.452724043814e-04 ||r(i)||/||b|| 6.727756474285e-04
201 KSP unpreconditioned resid norm 2.452573347622e-04 true resid norm 2.452573332313e-04 ||r(i)||/||b|| 6.727343076667e-04
202 KSP unpreconditioned resid norm 2.450576674598e-04 true resid norm 2.450576740823e-04 ||r(i)||/||b|| 6.721866479594e-04
203 KSP unpreconditioned resid norm 2.444838932235e-04 true resid norm 2.444838900668e-04 ||r(i)||/||b|| 6.706127737459e-04
204 KSP unpreconditioned resid norm 2.439427811281e-04 true resid norm 2.439427790992e-04 ||r(i)||/||b|| 6.691285208294e-04
205 KSP unpreconditioned resid norm 2.435389000736e-04 true resid norm 2.435389100147e-04 ||r(i)||/||b|| 6.680207187287e-04
206 KSP unpreconditioned resid norm 2.433027960085e-04 true resid norm 2.433027786368e-04 ||r(i)||/||b|| 6.673730166725e-04
207 KSP unpreconditioned resid norm 2.429828935032e-04 true resid norm 2.429828845684e-04 ||r(i)||/||b|| 6.664955557958e-04
208 KSP unpreconditioned resid norm 2.427255908438e-04 true resid norm 2.427255767176e-04 ||r(i)||/||b|| 6.657897672407e-04
209 KSP unpreconditioned resid norm 2.423315738326e-04 true resid norm 2.423315609045e-04 ||r(i)||/||b|| 6.647089924002e-04
210 KSP unpreconditioned resid norm 2.420597444352e-04 true resid norm 2.420597344907e-04 ||r(i)||/||b|| 6.639633798147e-04
211 KSP unpreconditioned resid norm 2.418395860263e-04 true resid norm 2.418395761186e-04 ||r(i)||/||b|| 6.633594912865e-04
212 KSP unpreconditioned resid norm 2.417832429026e-04 true resid norm 2.417832280422e-04 ||r(i)||/||b|| 6.632049300195e-04
213 KSP unpreconditioned resid norm 2.415948644434e-04 true resid norm 2.415948560851e-04 ||r(i)||/||b|| 6.626882307774e-04
214 KSP unpreconditioned resid norm 2.415921098852e-04 true resid norm 2.415921001192e-04 ||r(i)||/||b|| 6.626806712368e-04
215 KSP unpreconditioned resid norm 2.415614655633e-04 true resid norm 2.415614681543e-04 ||r(i)||/||b|| 6.625966485760e-04
216 KSP unpreconditioned resid norm 2.415505428445e-04 true resid norm 2.415505332642e-04 ||r(i)||/||b|| 6.625666544648e-04
217 KSP unpreconditioned resid norm 2.415347977772e-04 true resid norm 2.415347786279e-04 ||r(i)||/||b|| 6.625234399186e-04
218 KSP unpreconditioned resid norm 2.414432746536e-04 true resid norm 2.414432769973e-04 ||r(i)||/||b|| 6.622724533925e-04
219 KSP unpreconditioned resid norm 2.414418772767e-04 true resid norm 2.414418600299e-04 ||r(i)||/||b|| 6.622685666887e-04
220 KSP unpreconditioned resid norm 2.413575500629e-04 true resid norm 2.413575382651e-04 ||r(i)||/||b|| 6.620372743425e-04
221 KSP unpreconditioned resid norm 2.413190062434e-04 true resid norm 2.413189812834e-04 ||r(i)||/||b|| 6.619315135724e-04
222 KSP unpreconditioned resid norm 2.411671953482e-04 true resid norm 2.411671949813e-04 ||r(i)||/||b|| 6.615151678042e-04
223 KSP unpreconditioned resid norm 2.410810604704e-04 true resid norm 2.410810538176e-04 ||r(i)||/||b|| 6.612788848953e-04
224 KSP unpreconditioned resid norm 2.410605184462e-04 true resid norm 2.410605159225e-04 ||r(i)||/||b|| 6.612225499981e-04
225 KSP unpreconditioned resid norm 2.410231268500e-04 true resid norm 2.410231181011e-04 ||r(i)||/||b|| 6.611199687739e-04
226 KSP unpreconditioned resid norm 2.409940157441e-04 true resid norm 2.409939998480e-04 ||r(i)||/||b|| 6.610400981842e-04
227 KSP unpreconditioned resid norm 2.409653104693e-04 true resid norm 2.409653193192e-04 ||r(i)||/||b|| 6.609614282605e-04
228 KSP unpreconditioned resid norm 2.409652910123e-04 true resid norm 2.409652664628e-04 ||r(i)||/||b|| 6.609612832767e-04
229 KSP unpreconditioned resid norm 2.407400833442e-04 true resid norm 2.407400624878e-04 ||r(i)||/||b|| 6.603435547945e-04
230 KSP unpreconditioned resid norm 2.407262636711e-04 true resid norm 2.407262556602e-04 ||r(i)||/||b|| 6.603056830356e-04
231 KSP unpreconditioned resid norm 2.405738594160e-04 true resid norm 2.405738369694e-04 ||r(i)||/||b|| 6.598876026419e-04
232 KSP unpreconditioned resid norm 2.405588121918e-04 true resid norm 2.405588003651e-04 ||r(i)||/||b|| 6.598463576383e-04
233 KSP unpreconditioned resid norm 2.405587823036e-04 true resid norm 2.405587659232e-04 ||r(i)||/||b|| 6.598462631652e-04
234 KSP unpreconditioned resid norm 2.405040895948e-04 true resid norm 2.405040832743e-04 ||r(i)||/||b|| 6.596962701212e-04
235 KSP unpreconditioned resid norm 2.404466778277e-04 true resid norm 2.404466885716e-04 ||r(i)||/||b|| 6.595388379863e-04
236 KSP unpreconditioned resid norm 2.404464332774e-04 true resid norm 2.404464149081e-04 ||r(i)||/||b|| 6.595380873347e-04
237 KSP unpreconditioned resid norm 2.402597038802e-04 true resid norm 2.402596964806e-04 ||r(i)||/||b|| 6.590259236802e-04
238 KSP unpreconditioned resid norm 2.400219004883e-04 true resid norm 2.400218756360e-04 ||r(i)||/||b|| 6.583735874621e-04
239 KSP unpreconditioned resid norm 2.393014101929e-04 true resid norm 2.393014037349e-04 ||r(i)||/||b|| 6.563973523006e-04
240 KSP unpreconditioned resid norm 2.386913113042e-04 true resid norm 2.386913136979e-04 ||r(i)||/||b|| 6.547238916407e-04
241 KSP unpreconditioned resid norm 2.376853463082e-04 true resid norm 2.376853492280e-04 ||r(i)||/||b|| 6.519645579960e-04
242 KSP unpreconditioned resid norm 2.374055556326e-04 true resid norm 2.374055408545e-04 ||r(i)||/||b|| 6.511970511086e-04
243 KSP unpreconditioned resid norm 2.334451089425e-04 true resid norm 2.334451025515e-04 ||r(i)||/||b|| 6.403336747328e-04
244 KSP unpreconditioned resid norm 2.317314114922e-04 true resid norm 2.317313929277e-04 ||r(i)||/||b|| 6.356330150538e-04
245 KSP unpreconditioned resid norm 2.168867958740e-04 true resid norm 2.168867631838e-04 ||r(i)||/||b|| 5.949145925636e-04
246 KSP unpreconditioned resid norm 2.085618670488e-04 true resid norm 2.085618706705e-04 ||r(i)||/||b|| 5.720796349803e-04
247 KSP unpreconditioned resid norm 1.844060482960e-04 true resid norm 1.844060275428e-04 ||r(i)||/||b|| 5.058208031301e-04
248 KSP unpreconditioned resid norm 1.591751738193e-04 true resid norm 1.591754921188e-04 ||r(i)||/||b|| 4.366141190448e-04
249 KSP unpreconditioned resid norm 1.579601069219e-04 true resid norm 1.579604862993e-04 ||r(i)||/||b|| 4.332813905671e-04
250 KSP unpreconditioned resid norm 1.368115142718e-04 true resid norm 1.368115142718e-04 ||r(i)||/||b|| 3.752703257509e-04
251 KSP unpreconditioned resid norm 1.367927915144e-04 true resid norm 1.367927611559e-04 ||r(i)||/||b|| 3.752188864554e-04
252 KSP unpreconditioned resid norm 1.367504201584e-04 true resid norm 1.367503933102e-04 ||r(i)||/||b|| 3.751026725872e-04
253 KSP unpreconditioned resid norm 1.366805422365e-04 true resid norm 1.366805195289e-04 ||r(i)||/||b|| 3.749110106735e-04
254 KSP unpreconditioned resid norm 1.364326315950e-04 true resid norm 1.364326113561e-04 ||r(i)||/||b|| 3.742310051836e-04
255 KSP unpreconditioned resid norm 1.361035788610e-04 true resid norm 1.361035368710e-04 ||r(i)||/||b|| 3.733283626693e-04
256 KSP unpreconditioned resid norm 1.357942328481e-04 true resid norm 1.357942279236e-04 ||r(i)||/||b|| 3.724799364967e-04
257 KSP unpreconditioned resid norm 1.356305674266e-04 true resid norm 1.356305362872e-04 ||r(i)||/||b|| 3.720309347145e-04
258 KSP unpreconditioned resid norm 1.354036678424e-04 true resid norm 1.354036577744e-04 ||r(i)||/||b|| 3.714086130199e-04
259 KSP unpreconditioned resid norm 1.354034937395e-04 true resid norm 1.354034625220e-04 ||r(i)||/||b|| 3.714080774480e-04
260 KSP unpreconditioned resid norm 1.353237813570e-04 true resid norm 1.353237625873e-04 ||r(i)||/||b|| 3.711894626578e-04
261 KSP unpreconditioned resid norm 1.352665387578e-04 true resid norm 1.352665055344e-04 ||r(i)||/||b|| 3.710324080928e-04
262 KSP unpreconditioned resid norm 1.352078166205e-04 true resid norm 1.352077908072e-04 ||r(i)||/||b|| 3.708713551659e-04
263 KSP unpreconditioned resid norm 1.351061855463e-04 true resid norm 1.351061662215e-04 ||r(i)||/||b|| 3.705926016444e-04
264 KSP unpreconditioned resid norm 1.350903195459e-04 true resid norm 1.350903009935e-04 ||r(i)||/||b|| 3.705490837481e-04
265 KSP unpreconditioned resid norm 1.349954318591e-04 true resid norm 1.349954138791e-04 ||r(i)||/||b|| 3.702888109303e-04
266 KSP unpreconditioned resid norm 1.349921207343e-04 true resid norm 1.349921032548e-04 ||r(i)||/||b|| 3.702797299763e-04
267 KSP unpreconditioned resid norm 1.349134433890e-04 true resid norm 1.349134162185e-04 ||r(i)||/||b|| 3.700638935397e-04
268 KSP unpreconditioned resid norm 1.349134225298e-04 true resid norm 1.349133810644e-04 ||r(i)||/||b|| 3.700637971129e-04
269 KSP unpreconditioned resid norm 1.349104324907e-04 true resid norm 1.349104133150e-04 ||r(i)||/||b|| 3.700556566555e-04
270 KSP unpreconditioned resid norm 1.348282312025e-04 true resid norm 1.348282136798e-04 ||r(i)||/||b|| 3.698301852539e-04
271 KSP unpreconditioned resid norm 1.347944328562e-04 true resid norm 1.347944041043e-04 ||r(i)||/||b|| 3.697374464925e-04
272 KSP unpreconditioned resid norm 1.343570401710e-04 true resid norm 1.343570310442e-04 ||r(i)||/||b|| 3.685377438823e-04
273 KSP unpreconditioned resid norm 1.342964663304e-04 true resid norm 1.342964328041e-04 ||r(i)||/||b|| 3.683715245300e-04
274 KSP unpreconditioned resid norm 1.336555472466e-04 true resid norm 1.336555214902e-04 ||r(i)||/||b|| 3.666135219319e-04
275 KSP unpreconditioned resid norm 1.336118580993e-04 true resid norm 1.336118478315e-04 ||r(i)||/||b|| 3.664937262537e-04
276 KSP unpreconditioned resid norm 1.329887933470e-04 true resid norm 1.329887715403e-04 ||r(i)||/||b|| 3.647846446459e-04
277 KSP unpreconditioned resid norm 1.329653991693e-04 true resid norm 1.329653715424e-04 ||r(i)||/||b|| 3.647204590775e-04
278 KSP unpreconditioned resid norm 1.322052214989e-04 true resid norm 1.322051791192e-04 ||r(i)||/||b|| 3.626352715857e-04
279 KSP unpreconditioned resid norm 1.321848847181e-04 true resid norm 1.321848559554e-04 ||r(i)||/||b|| 3.625795256908e-04
280 KSP unpreconditioned resid norm 1.316092997939e-04 true resid norm 1.316092802566e-04 ||r(i)||/||b|| 3.610007369380e-04
281 KSP unpreconditioned resid norm 1.315843852300e-04 true resid norm 1.315843602621e-04 ||r(i)||/||b|| 3.609323820594e-04
282 KSP unpreconditioned resid norm 1.301632025517e-04 true resid norm 1.301631977919e-04 ||r(i)||/||b|| 3.570341714008e-04
283 KSP unpreconditioned resid norm 1.301571522694e-04 true resid norm 1.301571565538e-04 ||r(i)||/||b|| 3.570176004464e-04
284 KSP unpreconditioned resid norm 1.285219630369e-04 true resid norm 1.285219298455e-04 ||r(i)||/||b|| 3.525322173062e-04
285 KSP unpreconditioned resid norm 1.284957292134e-04 true resid norm 1.284957067894e-04 ||r(i)||/||b|| 3.524602881644e-04
286 KSP unpreconditioned resid norm 1.277194487812e-04 true resid norm 1.277194326356e-04 ||r(i)||/||b|| 3.503309889156e-04
287 KSP unpreconditioned resid norm 1.273416942957e-04 true resid norm 1.273416763192e-04 ||r(i)||/||b|| 3.492948134397e-04
288 KSP unpreconditioned resid norm 1.266846560222e-04 true resid norm 1.266846444200e-04 ||r(i)||/||b|| 3.474925925069e-04
289 KSP unpreconditioned resid norm 1.265177201272e-04 true resid norm 1.265176979794e-04 ||r(i)||/||b|| 3.470346628840e-04
290 KSP unpreconditioned resid norm 1.258057144939e-04 true resid norm 1.258056988827e-04 ||r(i)||/||b|| 3.450816683984e-04
291 KSP unpreconditioned resid norm 1.257769810362e-04 true resid norm 1.257769723388e-04 ||r(i)||/||b|| 3.450028722564e-04
292 KSP unpreconditioned resid norm 1.248436812273e-04 true resid norm 1.248436780214e-04 ||r(i)||/||b|| 3.424428708970e-04
293 KSP unpreconditioned resid norm 1.247731914362e-04 true resid norm 1.247731725216e-04 ||r(i)||/||b|| 3.422494761963e-04
294 KSP unpreconditioned resid norm 1.243158234894e-04 true resid norm 1.243158090114e-04 ||r(i)||/||b|| 3.409949403161e-04
295 KSP unpreconditioned resid norm 1.242380713040e-04 true resid norm 1.242380721277e-04 ||r(i)||/||b|| 3.407817101227e-04
296 KSP unpreconditioned resid norm 1.231179400380e-04 true resid norm 1.231179180295e-04 ||r(i)||/||b|| 3.377091573807e-04
297 KSP unpreconditioned resid norm 1.190088864422e-04 true resid norm 1.190088762130e-04 ||r(i)||/||b|| 3.264381655404e-04
298 KSP unpreconditioned resid norm 1.065950308000e-04 true resid norm 1.065950527888e-04 ||r(i)||/||b|| 2.923873797933e-04
299 KSP unpreconditioned resid norm 6.351689508483e-05 true resid norm 6.351689637919e-05 ||r(i)||/||b|| 1.742251485320e-04
300 KSP unpreconditioned resid norm 5.467219477946e-05 true resid norm 5.467219477946e-05 ||r(i)||/||b|| 1.499643685227e-04
301 KSP unpreconditioned resid norm 5.467184315186e-05 true resid norm 5.467186957237e-05 ||r(i)||/||b|| 1.499634764883e-04
302 KSP unpreconditioned resid norm 5.465579815623e-05 true resid norm 5.465581845512e-05 ||r(i)||/||b|| 1.499194487028e-04
303 KSP unpreconditioned resid norm 5.455294279577e-05 true resid norm 5.455296855240e-05 ||r(i)||/||b|| 1.496373341696e-04
304 KSP unpreconditioned resid norm 5.439273259591e-05 true resid norm 5.439277311613e-05 ||r(i)||/||b|| 1.491979223710e-04
305 KSP unpreconditioned resid norm 5.428803747499e-05 true resid norm 5.428805666539e-05 ||r(i)||/||b|| 1.489106879464e-04
306 KSP unpreconditioned resid norm 5.424333589503e-05 true resid norm 5.424335120328e-05 ||r(i)||/||b|| 1.487880620591e-04
307 KSP unpreconditioned resid norm 5.422176270546e-05 true resid norm 5.422179449034e-05 ||r(i)||/||b|| 1.487289325719e-04
308 KSP unpreconditioned resid norm 5.419900252351e-05 true resid norm 5.419905112326e-05 ||r(i)||/||b|| 1.486665481240e-04
309 KSP unpreconditioned resid norm 5.419359942802e-05 true resid norm 5.419361822247e-05 ||r(i)||/||b|| 1.486516458224e-04
310 KSP unpreconditioned resid norm 5.411450194391e-05 true resid norm 5.411452625268e-05 ||r(i)||/||b|| 1.484346986640e-04
311 KSP unpreconditioned resid norm 5.411349712028e-05 true resid norm 5.411353528895e-05 ||r(i)||/||b|| 1.484319804770e-04
312 KSP unpreconditioned resid norm 5.405590124582e-05 true resid norm 5.405594423216e-05 ||r(i)||/||b|| 1.482740097480e-04
313 KSP unpreconditioned resid norm 5.402618501139e-05 true resid norm 5.402621236034e-05 ||r(i)||/||b|| 1.481924560185e-04
314 KSP unpreconditioned resid norm 5.401911080880e-05 true resid norm 5.401914852657e-05 ||r(i)||/||b|| 1.481730801113e-04
315 KSP unpreconditioned resid norm 5.396211899641e-05 true resid norm 5.396214443500e-05 ||r(i)||/||b|| 1.480167194123e-04
316 KSP unpreconditioned resid norm 5.396211642625e-05 true resid norm 5.396213732356e-05 ||r(i)||/||b|| 1.480166999058e-04
317 KSP unpreconditioned resid norm 5.391924076327e-05 true resid norm 5.391926586526e-05 ||r(i)||/||b|| 1.478991046419e-04
318 KSP unpreconditioned resid norm 5.391573551975e-05 true resid norm 5.391575454911e-05 ||r(i)||/||b|| 1.478894731956e-04
319 KSP unpreconditioned resid norm 5.391573229241e-05 true resid norm 5.391575407363e-05 ||r(i)||/||b|| 1.478894718913e-04
320 KSP unpreconditioned resid norm 5.390989257803e-05 true resid norm 5.390994091331e-05 ||r(i)||/||b|| 1.478735265480e-04
321 KSP unpreconditioned resid norm 5.389898277997e-05 true resid norm 5.389901828383e-05 ||r(i)||/||b|| 1.478435660674e-04
322 KSP unpreconditioned resid norm 5.380983318997e-05 true resid norm 5.380985524951e-05 ||r(i)||/||b|| 1.475989942482e-04
323 KSP unpreconditioned resid norm 5.353310524615e-05 true resid norm 5.353313681865e-05 ||r(i)||/||b|| 1.468399629909e-04
324 KSP unpreconditioned resid norm 5.298634524267e-05 true resid norm 5.298636845274e-05 ||r(i)||/||b|| 1.453401919820e-04
325 KSP unpreconditioned resid norm 5.209819213967e-05 true resid norm 5.209821127606e-05 ||r(i)||/||b|| 1.429040005928e-04
326 KSP unpreconditioned resid norm 5.133604388987e-05 true resid norm 5.133607552868e-05 ||r(i)||/||b|| 1.408134826148e-04
327 KSP unpreconditioned resid norm 5.045617302199e-05 true resid norm 5.045620668131e-05 ||r(i)||/||b|| 1.384000258913e-04
328 KSP unpreconditioned resid norm 5.023561415218e-05 true resid norm 5.023562357364e-05 ||r(i)||/||b|| 1.377949723246e-04
329 KSP unpreconditioned resid norm 5.017465704418e-05 true resid norm 5.017467373794e-05 ||r(i)||/||b|| 1.376277885549e-04
330 KSP unpreconditioned resid norm 5.016659792574e-05 true resid norm 5.016662258131e-05 ||r(i)||/||b|| 1.376057044475e-04
331 KSP unpreconditioned resid norm 5.016145989354e-05 true resid norm 5.016147630365e-05 ||r(i)||/||b|| 1.375915883455e-04
332 KSP unpreconditioned resid norm 5.012745700240e-05 true resid norm 5.012746301631e-05 ||r(i)||/||b|| 1.374982908078e-04
333 KSP unpreconditioned resid norm 5.011809469200e-05 true resid norm 5.011809667734e-05 ||r(i)||/||b|| 1.374725991904e-04
334 KSP unpreconditioned resid norm 4.999251862217e-05 true resid norm 4.999254489213e-05 ||r(i)||/||b|| 1.371282140004e-04
335 KSP unpreconditioned resid norm 4.991297140838e-05 true resid norm 4.991298131740e-05 ||r(i)||/||b|| 1.369099732422e-04
336 KSP unpreconditioned resid norm 4.946039376243e-05 true resid norm 4.946043357142e-05 ||r(i)||/||b|| 1.356686468746e-04
337 KSP unpreconditioned resid norm 4.911983329474e-05 true resid norm 4.911984448956e-05 ||r(i)||/||b|| 1.347344201293e-04
338 KSP unpreconditioned resid norm 4.839269800560e-05 true resid norm 4.839272297100e-05 ||r(i)||/||b|| 1.327399452448e-04
339 KSP unpreconditioned resid norm 4.757710293589e-05 true resid norm 4.757709533883e-05 ||r(i)||/||b|| 1.305027004570e-04
340 KSP unpreconditioned resid norm 4.643655739654e-05 true resid norm 4.643658667667e-05 ||r(i)||/||b|| 1.273743156902e-04
341 KSP unpreconditioned resid norm 4.491510672334e-05 true resid norm 4.491510872212e-05 ||r(i)||/||b|| 1.232009423403e-04
342 KSP unpreconditioned resid norm 4.285198843042e-05 true resid norm 4.285198006232e-05 ||r(i)||/||b|| 1.175418355878e-04
343 KSP unpreconditioned resid norm 3.917360221165e-05 true resid norm 3.917358882763e-05 ||r(i)||/||b|| 1.074521067793e-04
344 KSP unpreconditioned resid norm 3.602984182524e-05 true resid norm 3.602980261716e-05 ||r(i)||/||b|| 9.882878525866e-05
345 KSP unpreconditioned resid norm 3.394618014247e-05 true resid norm 3.394613344583e-05 ||r(i)||/||b|| 9.311333643227e-05
346 KSP unpreconditioned resid norm 3.191789099758e-05 true resid norm 3.191777896749e-05 ||r(i)||/||b|| 8.754961432981e-05
347 KSP unpreconditioned resid norm 3.133931689971e-05 true resid norm 3.133914851812e-05 ||r(i)||/||b|| 8.596244647789e-05
348 KSP unpreconditioned resid norm 2.998365716435e-05 true resid norm 2.998336663625e-05 ||r(i)||/||b|| 8.224357302514e-05
349 KSP unpreconditioned resid norm 2.871704739614e-05 true resid norm 2.871668523887e-05 ||r(i)||/||b|| 7.876909981908e-05
350 KSP unpreconditioned resid norm 2.855821449282e-05 true resid norm 2.855821449282e-05 ||r(i)||/||b|| 7.833441879966e-05
351 KSP unpreconditioned resid norm 2.855821407766e-05 true resid norm 2.855822889946e-05 ||r(i)||/||b|| 7.833445831668e-05
352 KSP unpreconditioned resid norm 2.855820631642e-05 true resid norm 2.855823019285e-05 ||r(i)||/||b|| 7.833446186442e-05
353 KSP unpreconditioned resid norm 2.855650115946e-05 true resid norm 2.855651547679e-05 ||r(i)||/||b|| 7.832975844410e-05
354 KSP unpreconditioned resid norm 2.855268276695e-05 true resid norm 2.855269548366e-05 ||r(i)||/||b|| 7.831928030509e-05
355 KSP unpreconditioned resid norm 2.850593784138e-05 true resid norm 2.850595857173e-05 ||r(i)||/||b|| 7.819108220526e-05
356 KSP unpreconditioned resid norm 2.848098035683e-05 true resid norm 2.848100192541e-05 ||r(i)||/||b|| 7.812262679166e-05
357 KSP unpreconditioned resid norm 2.835235475707e-05 true resid norm 2.835235981924e-05 ||r(i)||/||b|| 7.776976493391e-05
358 KSP unpreconditioned resid norm 2.832220674203e-05 true resid norm 2.832221083547e-05 ||r(i)||/||b|| 7.768706707752e-05
359 KSP unpreconditioned resid norm 2.822514247151e-05 true resid norm 2.822514308077e-05 ||r(i)||/||b|| 7.742081282165e-05
360 KSP unpreconditioned resid norm 2.820561038556e-05 true resid norm 2.820561648341e-05 ||r(i)||/||b|| 7.736725188718e-05
361 KSP unpreconditioned resid norm 2.814460006884e-05 true resid norm 2.814460215377e-05 ||r(i)||/||b|| 7.719989121229e-05
362 KSP unpreconditioned resid norm 2.811429277101e-05 true resid norm 2.811429292647e-05 ||r(i)||/||b|| 7.711675381219e-05
363 KSP unpreconditioned resid norm 2.808105181308e-05 true resid norm 2.808105981047e-05 ||r(i)||/||b|| 7.702559626354e-05
364 KSP unpreconditioned resid norm 2.807644428580e-05 true resid norm 2.807644196586e-05 ||r(i)||/||b|| 7.701292963925e-05
365 KSP unpreconditioned resid norm 2.807591131936e-05 true resid norm 2.807592759899e-05 ||r(i)||/||b|| 7.701151874467e-05
366 KSP unpreconditioned resid norm 2.806627721048e-05 true resid norm 2.806629381417e-05 ||r(i)||/||b|| 7.698509353047e-05
367 KSP unpreconditioned resid norm 2.802402989072e-05 true resid norm 2.802404317518e-05 ||r(i)||/||b|| 7.686920115739e-05
368 KSP unpreconditioned resid norm 2.798566588303e-05 true resid norm 2.798567402139e-05 ||r(i)||/||b|| 7.676395559439e-05
369 KSP unpreconditioned resid norm 2.795165495370e-05 true resid norm 2.795165154675e-05 ||r(i)||/||b|| 7.667063285612e-05
370 KSP unpreconditioned resid norm 2.794314277545e-05 true resid norm 2.794315571574e-05 ||r(i)||/||b|| 7.664732901881e-05
371 KSP unpreconditioned resid norm 2.793385853679e-05 true resid norm 2.793386513050e-05 ||r(i)||/||b|| 7.662184519189e-05
372 KSP unpreconditioned resid norm 2.792369698308e-05 true resid norm 2.792370295956e-05 ||r(i)||/||b|| 7.659397062870e-05
373 KSP unpreconditioned resid norm 2.791501494153e-05 true resid norm 2.791502143878e-05 ||r(i)||/||b|| 7.657015744932e-05
374 KSP unpreconditioned resid norm 2.787690690460e-05 true resid norm 2.787691293486e-05 ||r(i)||/||b|| 7.646562684197e-05
375 KSP unpreconditioned resid norm 2.787152668848e-05 true resid norm 2.787153800086e-05 ||r(i)||/||b|| 7.645088354171e-05
376 KSP unpreconditioned resid norm 2.774627805432e-05 true resid norm 2.774629165700e-05 ||r(i)||/||b|| 7.610733616920e-05
377 KSP unpreconditioned resid norm 2.768788989634e-05 true resid norm 2.768791618699e-05 ||r(i)||/||b|| 7.594721381571e-05
378 KSP unpreconditioned resid norm 2.739195077836e-05 true resid norm 2.739193550706e-05 ||r(i)||/||b|| 7.513534672424e-05
379 KSP unpreconditioned resid norm 2.728119490755e-05 true resid norm 2.728120916117e-05 ||r(i)||/||b|| 7.483162731793e-05
380 KSP unpreconditioned resid norm 2.698153674352e-05 true resid norm 2.698153329268e-05 ||r(i)||/||b|| 7.400962442301e-05
381 KSP unpreconditioned resid norm 2.677690578357e-05 true resid norm 2.677691775566e-05 ||r(i)||/||b|| 7.344836947574e-05
382 KSP unpreconditioned resid norm 2.639553922424e-05 true resid norm 2.639554750882e-05 ||r(i)||/||b|| 7.240228108527e-05
383 KSP unpreconditioned resid norm 2.588880714428e-05 true resid norm 2.588884032162e-05 ||r(i)||/||b|| 7.101239681849e-05
384 KSP unpreconditioned resid norm 2.514892572780e-05 true resid norm 2.514893199961e-05 ||r(i)||/||b|| 6.898284807396e-05
385 KSP unpreconditioned resid norm 2.394198317146e-05 true resid norm 2.394198677847e-05 ||r(i)||/||b|| 6.567222960217e-05
386 KSP unpreconditioned resid norm 2.235175919930e-05 true resid norm 2.235175899704e-05 ||r(i)||/||b|| 6.131027731526e-05
387 KSP unpreconditioned resid norm 1.964769825507e-05 true resid norm 1.964770165627e-05 ||r(i)||/||b|| 5.389312032725e-05
388 KSP unpreconditioned resid norm 1.659331615941e-05 true resid norm 1.659332364384e-05 ||r(i)||/||b|| 4.551504310332e-05
389 KSP unpreconditioned resid norm 1.209108380047e-05 true resid norm 1.209108413967e-05 ||r(i)||/||b|| 3.316552051870e-05
390 KSP unpreconditioned resid norm 8.258330974257e-06 true resid norm 8.258318813927e-06 ||r(i)||/||b|| 2.265234770591e-05
391 KSP unpreconditioned resid norm 5.685866621583e-06 true resid norm 5.685869561439e-06 ||r(i)||/||b|| 1.559618818529e-05
392 KSP unpreconditioned resid norm 4.735430364854e-06 true resid norm 4.735433289816e-06 ||r(i)||/||b|| 1.298916690382e-05
393 KSP unpreconditioned resid norm 4.478610404647e-06 true resid norm 4.478610875176e-06 ||r(i)||/||b|| 1.228470988706e-05
394 KSP unpreconditioned resid norm 4.314616060831e-06 true resid norm 4.314616831620e-06 ||r(i)||/||b|| 1.183487861026e-05
395 KSP unpreconditioned resid norm 4.305768249555e-06 true resid norm 4.305756283313e-06 ||r(i)||/||b|| 1.181057436315e-05
396 KSP unpreconditioned resid norm 4.150600029628e-06 true resid norm 4.150605661240e-06 ||r(i)||/||b|| 1.138500035503e-05
397 KSP unpreconditioned resid norm 4.072718175104e-06 true resid norm 4.072727498135e-06 ||r(i)||/||b|| 1.117138263584e-05
398 KSP unpreconditioned resid norm 4.065259815508e-06 true resid norm 4.065220595326e-06 ||r(i)||/||b|| 1.115079140215e-05
399 KSP unpreconditioned resid norm 4.037646888829e-06 true resid norm 4.037625351662e-06 ||r(i)||/||b|| 1.107509838659e-05
400 KSP unpreconditioned resid norm 4.036492712094e-06 true resid norm 4.036492712094e-06 ||r(i)||/||b|| 1.107199158653e-05
401 KSP unpreconditioned resid norm 4.036490536638e-06 true resid norm 4.036467376536e-06 ||r(i)||/||b|| 1.107192209177e-05
402 KSP unpreconditioned resid norm 4.036065103382e-06 true resid norm 4.036037669097e-06 ||r(i)||/||b|| 1.107074341576e-05
403 KSP unpreconditioned resid norm 4.033590246800e-06 true resid norm 4.033568795760e-06 ||r(i)||/||b|| 1.106397136221e-05
404 KSP unpreconditioned resid norm 4.028835296565e-06 true resid norm 4.028785890812e-06 ||r(i)||/||b|| 1.105085198181e-05
405 KSP unpreconditioned resid norm 4.022443349905e-06 true resid norm 4.022415236055e-06 ||r(i)||/||b|| 1.103337744614e-05
406 KSP unpreconditioned resid norm 4.021786170379e-06 true resid norm 4.021753598256e-06 ||r(i)||/||b|| 1.103156259135e-05
407 KSP unpreconditioned resid norm 4.021202882210e-06 true resid norm 4.021193612590e-06 ||r(i)||/||b|| 1.103002656564e-05
408 KSP unpreconditioned resid norm 4.020954798220e-06 true resid norm 4.020936565927e-06 ||r(i)||/||b|| 1.102932149352e-05
409 KSP unpreconditioned resid norm 4.020795540269e-06 true resid norm 4.020736794548e-06 ||r(i)||/||b|| 1.102877352597e-05
410 KSP unpreconditioned resid norm 4.018302363816e-06 true resid norm 4.018250496525e-06 ||r(i)||/||b|| 1.102195367697e-05
411 KSP unpreconditioned resid norm 4.011586257849e-06 true resid norm 4.011568282723e-06 ||r(i)||/||b|| 1.100362454317e-05
412 KSP unpreconditioned resid norm 3.999745440759e-06 true resid norm 3.999736230761e-06 ||r(i)||/||b|| 1.097116954099e-05
413 KSP unpreconditioned resid norm 3.976797372633e-06 true resid norm 3.976742577435e-06 ||r(i)||/||b|| 1.090809856469e-05
414 KSP unpreconditioned resid norm 3.941770366429e-06 true resid norm 3.941764001665e-06 ||r(i)||/||b|| 1.081215326657e-05
415 KSP unpreconditioned resid norm 3.888459185674e-06 true resid norm 3.888422376341e-06 ||r(i)||/||b|| 1.066583861448e-05
416 KSP unpreconditioned resid norm 3.837915001863e-06 true resid norm 3.837904588039e-06 ||r(i)||/||b|| 1.052726967185e-05
417 KSP unpreconditioned resid norm 3.797237197708e-06 true resid norm 3.797241204092e-06 ||r(i)||/||b|| 1.041573109689e-05
418 KSP unpreconditioned resid norm 3.770968652988e-06 true resid norm 3.770941627324e-06 ||r(i)||/||b|| 1.034359206098e-05
419 KSP unpreconditioned resid norm 3.762907726822e-06 true resid norm 3.762877002107e-06 ||r(i)||/||b|| 1.032147100964e-05
420 KSP unpreconditioned resid norm 3.757561062419e-06 true resid norm 3.757516674807e-06 ||r(i)||/||b|| 1.030676777517e-05
421 KSP unpreconditioned resid norm 3.756659276297e-06 true resid norm 3.756641816198e-06 ||r(i)||/||b|| 1.030436806140e-05
422 KSP unpreconditioned resid norm 3.755542067021e-06 true resid norm 3.755519211566e-06 ||r(i)||/||b|| 1.030128878691e-05
423 KSP unpreconditioned resid norm 3.752344198292e-06 true resid norm 3.752304308401e-06 ||r(i)||/||b|| 1.029247039348e-05
424 KSP unpreconditioned resid norm 3.745476031641e-06 true resid norm 3.745436629274e-06 ||r(i)||/||b|| 1.027363253326e-05
425 KSP unpreconditioned resid norm 3.725212973985e-06 true resid norm 3.725190651524e-06 ||r(i)||/||b|| 1.021809835760e-05
426 KSP unpreconditioned resid norm 3.691435188041e-06 true resid norm 3.691398064823e-06 ||r(i)||/||b|| 1.012540619578e-05
427 KSP unpreconditioned resid norm 3.653040774147e-06 true resid norm 3.653018862075e-06 ||r(i)||/||b|| 1.002013306878e-05
428 KSP unpreconditioned resid norm 3.602817641829e-06 true resid norm 3.602809611122e-06 ||r(i)||/||b|| 9.882410435848e-06
429 KSP unpreconditioned resid norm 3.547102175642e-06 true resid norm 3.547087436816e-06 ||r(i)||/||b|| 9.729566001557e-06
430 KSP unpreconditioned resid norm 3.497267054792e-06 true resid norm 3.497275742712e-06 ||r(i)||/||b|| 9.592933856433e-06
431 KSP unpreconditioned resid norm 3.471126062708e-06 true resid norm 3.471110410733e-06 ||r(i)||/||b|| 9.521163050392e-06
432 KSP unpreconditioned resid norm 3.460034572015e-06 true resid norm 3.460008192327e-06 ||r(i)||/||b|| 9.490709962141e-06
433 KSP unpreconditioned resid norm 3.452753943334e-06 true resid norm 3.452749840709e-06 ||r(i)||/||b|| 9.470800497718e-06
434 KSP unpreconditioned resid norm 3.447374868518e-06 true resid norm 3.447338622084e-06 ||r(i)||/||b|| 9.455957669707e-06
435 KSP unpreconditioned resid norm 3.443153687608e-06 true resid norm 3.443130427921e-06 ||r(i)||/||b|| 9.444414705632e-06
436 KSP unpreconditioned resid norm 3.436076042450e-06 true resid norm 3.436053513037e-06 ||r(i)||/||b|| 9.425002917320e-06
437 KSP unpreconditioned resid norm 3.432740063496e-06 true resid norm 3.432734438362e-06 ||r(i)||/||b|| 9.415898784227e-06
438 KSP unpreconditioned resid norm 3.426036988453e-06 true resid norm 3.426037681897e-06 ||r(i)||/||b|| 9.397529760295e-06
439 KSP unpreconditioned resid norm 3.423953778006e-06 true resid norm 3.423932142556e-06 ||r(i)||/||b|| 9.391754322177e-06
440 KSP unpreconditioned resid norm 3.419524383395e-06 true resid norm 3.419506177893e-06 ||r(i)||/||b|| 9.379614019441e-06
441 KSP unpreconditioned resid norm 3.416772521335e-06 true resid norm 3.416761522442e-06 ||r(i)||/||b|| 9.372085502923e-06
442 KSP unpreconditioned resid norm 3.408583628918e-06 true resid norm 3.408558937444e-06 ||r(i)||/||b|| 9.349586031584e-06
443 KSP unpreconditioned resid norm 3.391443811552e-06 true resid norm 3.391426633096e-06 ||r(i)||/||b|| 9.302592578820e-06
444 KSP unpreconditioned resid norm 3.346791956443e-06 true resid norm 3.346781203867e-06 ||r(i)||/||b|| 9.180131360118e-06
445 KSP unpreconditioned resid norm 3.260748181628e-06 true resid norm 3.260752409118e-06 ||r(i)||/||b|| 8.944156676252e-06
446 KSP unpreconditioned resid norm 3.155281488042e-06 true resid norm 3.155275273025e-06 ||r(i)||/||b|| 8.654835712066e-06
447 KSP unpreconditioned resid norm 2.965867271783e-06 true resid norm 2.965863140115e-06 ||r(i)||/||b|| 8.135283295762e-06
448 KSP unpreconditioned resid norm 2.752760949189e-06 true resid norm 2.752750174689e-06 ||r(i)||/||b|| 7.550720129549e-06
449 KSP unpreconditioned resid norm 2.404042182978e-06 true resid norm 2.403950699527e-06 ||r(i)||/||b|| 6.593972494948e-06
450 KSP unpreconditioned resid norm 2.180192218067e-06 true resid norm 2.180192218067e-06 ||r(i)||/||b|| 5.980208962881e-06
451 KSP unpreconditioned resid norm 2.179635111944e-06 true resid norm 2.179639882067e-06 ||r(i)||/||b|| 5.978693920001e-06
452 KSP unpreconditioned resid norm 2.169495074593e-06 true resid norm 2.169476144898e-06 ||r(i)||/||b|| 5.950815060690e-06
453 KSP unpreconditioned resid norm 2.141077127269e-06 true resid norm 2.141062926122e-06 ||r(i)||/||b|| 5.872878361267e-06
454 KSP unpreconditioned resid norm 2.112580217205e-06 true resid norm 2.112580486185e-06 ||r(i)||/||b|| 5.794751790047e-06
455 KSP unpreconditioned resid norm 2.069327379734e-06 true resid norm 2.069317104681e-06 ||r(i)||/||b|| 5.676081491305e-06
456 KSP unpreconditioned resid norm 2.054421032104e-06 true resid norm 2.054404520743e-06 ||r(i)||/||b|| 5.635176672274e-06
457 KSP unpreconditioned resid norm 2.000993546349e-06 true resid norm 2.000975686194e-06 ||r(i)||/||b|| 5.488622807622e-06
458 KSP unpreconditioned resid norm 1.982557788652e-06 true resid norm 1.982546008390e-06 ||r(i)||/||b|| 5.438070694156e-06
459 KSP unpreconditioned resid norm 1.937802823567e-06 true resid norm 1.937801576984e-06 ||r(i)||/||b|| 5.315337915131e-06
460 KSP unpreconditioned resid norm 1.915261945317e-06 true resid norm 1.915242519403e-06 ||r(i)||/||b|| 5.253459023341e-06
461 KSP unpreconditioned resid norm 1.879638088900e-06 true resid norm 1.879619137116e-06 ||r(i)||/||b|| 5.155745038182e-06
462 KSP unpreconditioned resid norm 1.857377995910e-06 true resid norm 1.857345695765e-06 ||r(i)||/||b|| 5.094649584076e-06
463 KSP unpreconditioned resid norm 1.831093120983e-06 true resid norm 1.831080416137e-06 ||r(i)||/||b|| 5.022604624305e-06
464 KSP unpreconditioned resid norm 1.816394489921e-06 true resid norm 1.816352759220e-06 ||r(i)||/||b|| 4.982207055151e-06
465 KSP unpreconditioned resid norm 1.798595733188e-06 true resid norm 1.798581913700e-06 ||r(i)||/||b|| 4.933462101024e-06
466 KSP unpreconditioned resid norm 1.787887967181e-06 true resid norm 1.787867346403e-06 ||r(i)||/||b|| 4.904072329401e-06
467 KSP unpreconditioned resid norm 1.771081536983e-06 true resid norm 1.771062927600e-06 ||r(i)||/||b|| 4.857978257921e-06
468 KSP unpreconditioned resid norm 1.759776486471e-06 true resid norm 1.759734551338e-06 ||r(i)||/||b|| 4.826904824718e-06
469 KSP unpreconditioned resid norm 1.729984779028e-06 true resid norm 1.729951033661e-06 ||r(i)||/||b|| 4.745209432044e-06
470 KSP unpreconditioned resid norm 1.704248896049e-06 true resid norm 1.704229045121e-06 ||r(i)||/||b|| 4.674654705204e-06
471 KSP unpreconditioned resid norm 1.662252833273e-06 true resid norm 1.662226121508e-06 ||r(i)||/||b|| 4.559441808753e-06
472 KSP unpreconditioned resid norm 1.621686495832e-06 true resid norm 1.621663340449e-06 ||r(i)||/||b|| 4.448179184827e-06
473 KSP unpreconditioned resid norm 1.574107549817e-06 true resid norm 1.574057401928e-06 ||r(i)||/||b|| 4.317597368293e-06
474 KSP unpreconditioned resid norm 1.528052794089e-06 true resid norm 1.528023700090e-06 ||r(i)||/||b|| 4.191328154943e-06
475 KSP unpreconditioned resid norm 1.464305905345e-06 true resid norm 1.464285611033e-06 ||r(i)||/||b|| 4.016496280808e-06
476 KSP unpreconditioned resid norm 1.378230435201e-06 true resid norm 1.378193528937e-06 ||r(i)||/||b|| 3.780348001444e-06
477 KSP unpreconditioned resid norm 1.218400890137e-06 true resid norm 1.218407393117e-06 ||r(i)||/||b|| 3.342058903052e-06
478 KSP unpreconditioned resid norm 1.073320025944e-06 true resid norm 1.073308774149e-06 ||r(i)||/||b|| 2.944057270692e-06
479 KSP unpreconditioned resid norm 9.113210228351e-07 true resid norm 9.113101167591e-07 ||r(i)||/||b|| 2.499699284790e-06
480 KSP unpreconditioned resid norm 7.340200241616e-07 true resid norm 7.340118446294e-07 ||r(i)||/||b|| 2.013374864719e-06
481 KSP unpreconditioned resid norm 6.154331691041e-07 true resid norm 6.154323580011e-07 ||r(i)||/||b|| 1.688114503329e-06
482 KSP unpreconditioned resid norm 5.483420362874e-07 true resid norm 5.483453040030e-07 ||r(i)||/||b|| 1.504096507903e-06
483 KSP unpreconditioned resid norm 5.112925234678e-07 true resid norm 5.112984142730e-07 ||r(i)||/||b|| 1.402477879888e-06
484 KSP unpreconditioned resid norm 4.877945132560e-07 true resid norm 4.877948429648e-07 ||r(i)||/||b|| 1.338008212198e-06
485 KSP unpreconditioned resid norm 4.707325822460e-07 true resid norm 4.707471476048e-07 ||r(i)||/||b|| 1.291246839626e-06
486 KSP unpreconditioned resid norm 4.574063247301e-07 true resid norm 4.574151588129e-07 ||r(i)||/||b|| 1.254677550824e-06
487 KSP unpreconditioned resid norm 4.222609050792e-07 true resid norm 4.222704125918e-07 ||r(i)||/||b|| 1.158276451596e-06
488 KSP unpreconditioned resid norm 3.751555812392e-07 true resid norm 3.751675810028e-07 ||r(i)||/||b|| 1.029074643925e-06
489 KSP unpreconditioned resid norm 3.060142087855e-07 true resid norm 3.060113090978e-07 ||r(i)||/||b|| 8.393808391040e-07
490 KSP unpreconditioned resid norm 2.713327291778e-07 true resid norm 2.713477048048e-07 ||r(i)||/||b|| 7.442994993209e-07
491 KSP unpreconditioned resid norm 2.530444098126e-07 true resid norm 2.530383673786e-07 ||r(i)||/||b|| 6.940774762932e-07
492 KSP unpreconditioned resid norm 2.460568153591e-07 true resid norm 2.461011583643e-07 ||r(i)||/||b|| 6.750488974455e-07
493 KSP unpreconditioned resid norm 2.441334619980e-07 true resid norm 2.441466409855e-07 ||r(i)||/||b|| 6.696877085328e-07
494 KSP unpreconditioned resid norm 2.391264608212e-07 true resid norm 2.391420330502e-07 ||r(i)||/||b|| 6.559602027733e-07
495 KSP unpreconditioned resid norm 2.375721451197e-07 true resid norm 2.375671255151e-07 ||r(i)||/||b|| 6.516402735124e-07
496 KSP unpreconditioned resid norm 2.312740652401e-07 true resid norm 2.312919852692e-07 ||r(i)||/||b|| 6.344277315950e-07
497 KSP unpreconditioned resid norm 2.300353225764e-07 true resid norm 2.300371186564e-07 ||r(i)||/||b|| 6.309856660272e-07
498 KSP unpreconditioned resid norm 2.253889608671e-07 true resid norm 2.254081427204e-07 ||r(i)||/||b|| 6.182885087985e-07
499 KSP unpreconditioned resid norm 2.139247365705e-07 true resid norm 2.139547256613e-07 ||r(i)||/||b|| 5.868720920327e-07
500 KSP unpreconditioned resid norm 1.880518985036e-07 true resid norm 1.880518985036e-07 ||r(i)||/||b|| 5.158213296967e-07
501 KSP unpreconditioned resid norm 1.880518667304e-07 true resid norm 1.880418776099e-07 ||r(i)||/||b|| 5.157938426533e-07
502 KSP unpreconditioned resid norm 1.880511198149e-07 true resid norm 1.880358799417e-07 ||r(i)||/||b|| 5.157773912097e-07
503 KSP unpreconditioned resid norm 1.880474874354e-07 true resid norm 1.880280793039e-07 ||r(i)||/||b|| 5.157559942688e-07
504 KSP unpreconditioned resid norm 1.879491846038e-07 true resid norm 1.879419971791e-07 ||r(i)||/||b|| 5.155198733021e-07
505 KSP unpreconditioned resid norm 1.879305390206e-07 true resid norm 1.879187768988e-07 ||r(i)||/||b|| 5.154561806940e-07
506 KSP unpreconditioned resid norm 1.879287902272e-07 true resid norm 1.879068994796e-07 ||r(i)||/||b|| 5.154236012508e-07
507 KSP unpreconditioned resid norm 1.878727787922e-07 true resid norm 1.878637661029e-07 ||r(i)||/||b|| 5.153052875517e-07
508 KSP unpreconditioned resid norm 1.878725883836e-07 true resid norm 1.878545673917e-07 ||r(i)||/||b|| 5.152800557328e-07
509 KSP unpreconditioned resid norm 1.878426426540e-07 true resid norm 1.878397647829e-07 ||r(i)||/||b|| 5.152394525725e-07
510 KSP unpreconditioned resid norm 1.878306030915e-07 true resid norm 1.878206575916e-07 ||r(i)||/||b|| 5.151870420578e-07
511 KSP unpreconditioned resid norm 1.878240582245e-07 true resid norm 1.878085695785e-07 ||r(i)||/||b|| 5.151538849610e-07
512 KSP unpreconditioned resid norm 1.878202434268e-07 true resid norm 1.878170007964e-07 ||r(i)||/||b|| 5.151770115664e-07
513 KSP unpreconditioned resid norm 1.877876018975e-07 true resid norm 1.877914898623e-07 ||r(i)||/||b|| 5.151070357561e-07
514 KSP unpreconditioned resid norm 1.877422775895e-07 true resid norm 1.877363787049e-07 ||r(i)||/||b|| 5.149558673250e-07
515 KSP unpreconditioned resid norm 1.873946617471e-07 true resid norm 1.873833967386e-07 ||r(i)||/||b|| 5.139876472290e-07
516 KSP unpreconditioned resid norm 1.870519053930e-07 true resid norm 1.870528622348e-07 ||r(i)||/||b|| 5.130809999224e-07
517 KSP unpreconditioned resid norm 1.862097130568e-07 true resid norm 1.862122050566e-07 ||r(i)||/||b|| 5.107750997591e-07
518 KSP unpreconditioned resid norm 1.855576037664e-07 true resid norm 1.855300451601e-07 ||r(i)||/||b|| 5.089039534017e-07
519 KSP unpreconditioned resid norm 1.844676826221e-07 true resid norm 1.844580017478e-07 ||r(i)||/||b|| 5.059633669846e-07
520 KSP unpreconditioned resid norm 1.839884200395e-07 true resid norm 1.839865763384e-07 ||r(i)||/||b|| 5.046702596911e-07
521 KSP unpreconditioned resid norm 1.832546019329e-07 true resid norm 1.832391382206e-07 ||r(i)||/||b|| 5.026200569180e-07
522 KSP unpreconditioned resid norm 1.829140967288e-07 true resid norm 1.829057339558e-07 ||r(i)||/||b|| 5.017055379340e-07
523 KSP unpreconditioned resid norm 1.826970246081e-07 true resid norm 1.826989952048e-07 ||r(i)||/||b|| 5.011384590673e-07
524 KSP unpreconditioned resid norm 1.826805649991e-07 true resid norm 1.826765260743e-07 ||r(i)||/||b|| 5.010768268431e-07
525 KSP unpreconditioned resid norm 1.826696235615e-07 true resid norm 1.826553489847e-07 ||r(i)||/||b|| 5.010187386528e-07
526 KSP unpreconditioned resid norm 1.825910726075e-07 true resid norm 1.825776741291e-07 ||r(i)||/||b|| 5.008056786006e-07
527 KSP unpreconditioned resid norm 1.825221288577e-07 true resid norm 1.824996460648e-07 ||r(i)||/||b|| 5.005916497063e-07
528 KSP unpreconditioned resid norm 1.823131929903e-07 true resid norm 1.823051494911e-07 ||r(i)||/||b|| 5.000581508050e-07
529 KSP unpreconditioned resid norm 1.822559256261e-07 true resid norm 1.822313383559e-07 ||r(i)||/||b|| 4.998556888346e-07
530 KSP unpreconditioned resid norm 1.820930408705e-07 true resid norm 1.820681638310e-07 ||r(i)||/||b|| 4.994081054755e-07
531 KSP unpreconditioned resid norm 1.820821713038e-07 true resid norm 1.820701045047e-07 ||r(i)||/||b|| 4.994134286917e-07
532 KSP unpreconditioned resid norm 1.820798400885e-07 true resid norm 1.820730051920e-07 ||r(i)||/||b|| 4.994213851993e-07
533 KSP unpreconditioned resid norm 1.819361359749e-07 true resid norm 1.819229320865e-07 ||r(i)||/||b|| 4.990097386833e-07
534 KSP unpreconditioned resid norm 1.818834271389e-07 true resid norm 1.818605240618e-07 ||r(i)||/||b|| 4.988385551401e-07
535 KSP unpreconditioned resid norm 1.815678103654e-07 true resid norm 1.815584547546e-07 ||r(i)||/||b|| 4.980099871069e-07
536 KSP unpreconditioned resid norm 1.811932625731e-07 true resid norm 1.811776614409e-07 ||r(i)||/||b|| 4.969654812286e-07
537 KSP unpreconditioned resid norm 1.802264247881e-07 true resid norm 1.802215026521e-07 ||r(i)||/||b|| 4.943427632356e-07
538 KSP unpreconditioned resid norm 1.791438564293e-07 true resid norm 1.791399647568e-07 ||r(i)||/||b|| 4.913761337054e-07
539 KSP unpreconditioned resid norm 1.767912936052e-07 true resid norm 1.767823617718e-07 ||r(i)||/||b|| 4.849092917523e-07
540 KSP unpreconditioned resid norm 1.746920699684e-07 true resid norm 1.746775609780e-07 ||r(i)||/||b|| 4.791358794505e-07
541 KSP unpreconditioned resid norm 1.720534374601e-07 true resid norm 1.720576790391e-07 ||r(i)||/||b|| 4.719496133392e-07
542 KSP unpreconditioned resid norm 1.685199999629e-07 true resid norm 1.685080703534e-07 ||r(i)||/||b|| 4.622131316194e-07
543 KSP unpreconditioned resid norm 1.606511463528e-07 true resid norm 1.606313468243e-07 ||r(i)||/||b|| 4.406074895771e-07
544 KSP unpreconditioned resid norm 1.443795822616e-07 true resid norm 1.443617873657e-07 ||r(i)||/||b|| 3.959805229775e-07
545 KSP unpreconditioned resid norm 1.167239005301e-07 true resid norm 1.167110973000e-07 ||r(i)||/||b|| 3.201354194173e-07
546 KSP unpreconditioned resid norm 9.373170644374e-08 true resid norm 9.370411645832e-08 ||r(i)||/||b|| 2.570278861006e-07
547 KSP unpreconditioned resid norm 7.196052165725e-08 true resid norm 7.193960301786e-08 ||r(i)||/||b|| 1.973284076460e-07
548 KSP unpreconditioned resid norm 5.595481888652e-08 true resid norm 5.597367500292e-08 ||r(i)||/||b|| 1.535342939782e-07
549 KSP unpreconditioned resid norm 4.590614481284e-08 true resid norm 4.595860023166e-08 ||r(i)||/||b|| 1.260632116514e-07
550 KSP unpreconditioned resid norm 3.747424271407e-08 true resid norm 3.747424271407e-08 ||r(i)||/||b|| 1.027908458248e-07
551 KSP unpreconditioned resid norm 3.747205267911e-08 true resid norm 3.747016360569e-08 ||r(i)||/||b|| 1.027796569396e-07
552 KSP unpreconditioned resid norm 3.745283864862e-08 true resid norm 3.744039159726e-08 ||r(i)||/||b|| 1.026979931165e-07
553 KSP unpreconditioned resid norm 3.733921397559e-08 true resid norm 3.735216618791e-08 ||r(i)||/||b|| 1.024559931775e-07
554 KSP unpreconditioned resid norm 3.723398788432e-08 true resid norm 3.722230718559e-08 ||r(i)||/||b|| 1.020997934061e-07
555 KSP unpreconditioned resid norm 3.703672838901e-08 true resid norm 3.702821701498e-08 ||r(i)||/||b|| 1.015674092575e-07
556 KSP unpreconditioned resid norm 3.700350176144e-08 true resid norm 3.700499397189e-08 ||r(i)||/||b|| 1.015037090712e-07
557 KSP unpreconditioned resid norm 3.686113783781e-08 true resid norm 3.684489253103e-08 ||r(i)||/||b|| 1.010645550995e-07
558 KSP unpreconditioned resid norm 3.679083717338e-08 true resid norm 3.678398289749e-08 ||r(i)||/||b|| 1.008974816033e-07
559 KSP unpreconditioned resid norm 3.660325123656e-08 true resid norm 3.660181326825e-08 ||r(i)||/||b|| 1.003977951809e-07
560 KSP unpreconditioned resid norm 3.641847337752e-08 true resid norm 3.643650584472e-08 ||r(i)||/||b|| 9.994436133793e-08
561 KSP unpreconditioned resid norm 3.620429213822e-08 true resid norm 3.619315161900e-08 ||r(i)||/||b|| 9.927684720327e-08
562 KSP unpreconditioned resid norm 3.600343418193e-08 true resid norm 3.599523253755e-08 ||r(i)||/||b|| 9.873396045458e-08
563 KSP unpreconditioned resid norm 3.581979834633e-08 true resid norm 3.580212000607e-08 ||r(i)||/||b|| 9.820425794392e-08
564 KSP unpreconditioned resid norm 3.570040289898e-08 true resid norm 3.568946612626e-08 ||r(i)||/||b|| 9.789525136361e-08
565 KSP unpreconditioned resid norm 3.557034346235e-08 true resid norm 3.556172596175e-08 ||r(i)||/||b|| 9.754486350772e-08
566 KSP unpreconditioned resid norm 3.554796277417e-08 true resid norm 3.552926656555e-08 ||r(i)||/||b|| 9.745582825180e-08
567 KSP unpreconditioned resid norm 3.548022022585e-08 true resid norm 3.549376644163e-08 ||r(i)||/||b|| 9.735845236105e-08
568 KSP unpreconditioned resid norm 3.547473490658e-08 true resid norm 3.548446307221e-08 ||r(i)||/||b|| 9.733293346747e-08
569 KSP unpreconditioned resid norm 3.536238378907e-08 true resid norm 3.539247679936e-08 ||r(i)||/||b|| 9.708061758046e-08
570 KSP unpreconditioned resid norm 3.534107565005e-08 true resid norm 3.532700944090e-08 ||r(i)||/||b|| 9.690104236658e-08
571 KSP unpreconditioned resid norm 3.529230552151e-08 true resid norm 3.530154758820e-08 ||r(i)||/||b|| 9.683120118538e-08
572 KSP unpreconditioned resid norm 3.528203641846e-08 true resid norm 3.527308139309e-08 ||r(i)||/||b|| 9.675311917330e-08
573 KSP unpreconditioned resid norm 3.527912224795e-08 true resid norm 3.528851108360e-08 ||r(i)||/||b|| 9.679544240184e-08
574 KSP unpreconditioned resid norm 3.527814464510e-08 true resid norm 3.528670322034e-08 ||r(i)||/||b|| 9.679048348125e-08
575 KSP unpreconditioned resid norm 3.527208101783e-08 true resid norm 3.526584140284e-08 ||r(i)||/||b|| 9.673326007361e-08
576 KSP unpreconditioned resid norm 3.526082360106e-08 true resid norm 3.527612027896e-08 ||r(i)||/||b|| 9.676145475599e-08
577 KSP unpreconditioned resid norm 3.518454078395e-08 true resid norm 3.518366014431e-08 ||r(i)||/||b|| 9.650783907874e-08
578 KSP unpreconditioned resid norm 3.512045861196e-08 true resid norm 3.512556537366e-08 ||r(i)||/||b|| 9.634848667611e-08
579 KSP unpreconditioned resid norm 3.492019325666e-08 true resid norm 3.492650210719e-08 ||r(i)||/||b|| 9.580246145849e-08
580 KSP unpreconditioned resid norm 3.478912253280e-08 true resid norm 3.481423977233e-08 ||r(i)||/||b|| 9.549452887549e-08
581 KSP unpreconditioned resid norm 3.415724667780e-08 true resid norm 3.417874335234e-08 ||r(i)||/||b|| 9.375137918658e-08
582 KSP unpreconditioned resid norm 3.385641769263e-08 true resid norm 3.386534203377e-08 ||r(i)||/||b|| 9.289172774909e-08
583 KSP unpreconditioned resid norm 3.259797978439e-08 true resid norm 3.263695065114e-08 ||r(i)||/||b|| 8.952228302975e-08
584 KSP unpreconditioned resid norm 3.217984920793e-08 true resid norm 3.218279898340e-08 ||r(i)||/||b|| 8.827655714767e-08
585 KSP unpreconditioned resid norm 3.042023716495e-08 true resid norm 3.045499707508e-08 ||r(i)||/||b|| 8.353724270896e-08
586 KSP unpreconditioned resid norm 2.952827880122e-08 true resid norm 2.955425111106e-08 ||r(i)||/||b|| 8.106652061269e-08
587 KSP unpreconditioned resid norm 2.537084016916e-08 true resid norm 2.541353643780e-08 ||r(i)||/||b|| 6.970865097325e-08
588 KSP unpreconditioned resid norm 2.111176260083e-08 true resid norm 2.114927837146e-08 ||r(i)||/||b|| 5.801190510971e-08
589 KSP unpreconditioned resid norm 1.399612242542e-08 true resid norm 1.411540928724e-08 ||r(i)||/||b|| 3.871819027457e-08
590 KSP unpreconditioned resid norm 9.368050892914e-09 true resid norm 9.522364473422e-09 ||r(i)||/||b|| 2.611959115342e-08
591 KSP unpreconditioned resid norm 6.342439569666e-09 true resid norm 6.592648435481e-09 ||r(i)||/||b|| 1.808345839246e-08
592 KSP unpreconditioned resid norm 4.832477994827e-09 true resid norm 5.164279446033e-09 ||r(i)||/||b|| 1.416548044436e-08
593 KSP unpreconditioned resid norm 3.900808997137e-09 true resid norm 4.336779954849e-09 ||r(i)||/||b|| 1.189567146470e-08
594 KSP unpreconditioned resid norm 3.114875097651e-09 true resid norm 3.653734691510e-09 ||r(i)||/||b|| 1.002209656978e-08
            || b ||_2 = 3.6456789914864118e-01
|| r ||_2 / || b ||_2 = 1.0022096569780286e-08
