Config file: ../input/config/mla_v_cycle-refine0.json
order_rbm = 2
angle_type = 1
==== basic information of linear system ====
matrix Row = 1506, matrix Column = 1506
matrix nz_allocated = 27747, matrix nz_used = 27747, matrix nz_unneeded = 0
vector Row = 1506
initial     || b ||_2 = 2.6501139470351753e+00
nodes in level 0 (coarse) is 62, less than 100, setup done!
>>>> setup time: 0.0126593 (s)
0 MLA ||r(i)||/||b|| 1.0000000000000000e+00
1 MLA ||r(i)||/||b|| 1.0437289860655961e+00
2 MLA ||r(i)||/||b|| 1.6595643904737920e+00
3 MLA ||r(i)||/||b|| 1.2710516098713265e+00
4 MLA ||r(i)||/||b|| 5.2671215703879881e-01
5 MLA ||r(i)||/||b|| 1.5680223224638495e-01
6 MLA ||r(i)||/||b|| 8.1673271917625259e-02
7 MLA ||r(i)||/||b|| 5.2870347784171691e-02
8 MLA ||r(i)||/||b|| 3.6092636068351065e-02
9 MLA ||r(i)||/||b|| 2.5309025225383416e-02
10 MLA ||r(i)||/||b|| 1.8584301602647339e-02
11 MLA ||r(i)||/||b|| 1.4225122666340738e-02
12 MLA ||r(i)||/||b|| 1.1293828289552008e-02
13 MLA ||r(i)||/||b|| 9.2668582114550299e-03
14 MLA ||r(i)||/||b|| 7.8311776261314331e-03
15 MLA ||r(i)||/||b|| 6.7915178490555918e-03
16 MLA ||r(i)||/||b|| 6.0225863733059685e-03
17 MLA ||r(i)||/||b|| 5.4417358714970695e-03
18 MLA ||r(i)||/||b|| 4.9932164764704134e-03
19 MLA ||r(i)||/||b|| 4.6388575630735779e-03
20 MLA ||r(i)||/||b|| 4.3522607535731112e-03
21 MLA ||r(i)||/||b|| 4.1150296761190090e-03
22 MLA ||r(i)||/||b|| 3.9142600815977946e-03
23 MLA ||r(i)||/||b|| 3.7408415298920933e-03
24 MLA ||r(i)||/||b|| 3.5882971277040629e-03
25 MLA ||r(i)||/||b|| 3.4519856829448620e-03
26 MLA ||r(i)||/||b|| 3.3285510779535762e-03
27 MLA ||r(i)||/||b|| 3.2155373353450721e-03
28 MLA ||r(i)||/||b|| 3.1111426063747138e-03
29 MLA ||r(i)||/||b|| 3.0140003086661978e-03
30 MLA ||r(i)||/||b|| 2.9230743386078209e-03
31 MLA ||r(i)||/||b|| 2.8375720043510425e-03
32 MLA ||r(i)||/||b|| 2.7568663102302453e-03
33 MLA ||r(i)||/||b|| 2.6804552117956687e-03
34 MLA ||r(i)||/||b|| 2.6079303677110912e-03
35 MLA ||r(i)||/||b|| 2.5389534345444087e-03
36 MLA ||r(i)||/||b|| 2.4732391228516706e-03
37 MLA ||r(i)||/||b|| 2.4105429877597658e-03
38 MLA ||r(i)||/||b|| 2.3506525357915300e-03
39 MLA ||r(i)||/||b|| 2.2933806037990861e-03
40 MLA ||r(i)||/||b|| 2.2385604333073580e-03
41 MLA ||r(i)||/||b|| 2.1860420053674448e-03
42 MLA ||r(i)||/||b|| 2.1356891948851706e-03
43 MLA ||r(i)||/||b|| 2.0873776397826640e-03
44 MLA ||r(i)||/||b|| 2.0409930577104185e-03
45 MLA ||r(i)||/||b|| 1.9964298839400133e-03
46 MLA ||r(i)||/||b|| 1.9535902340708081e-03
47 MLA ||r(i)||/||b|| 1.9123833097813747e-03
48 MLA ||r(i)||/||b|| 1.8727239770437653e-03
49 MLA ||r(i)||/||b|| 1.8345329762150511e-03
50 MLA ||r(i)||/||b|| 1.7977360270766008e-03
51 MLA ||r(i)||/||b|| 1.7622634637405328e-03
52 MLA ||r(i)||/||b|| 1.7280498429792551e-03
53 MLA ||r(i)||/||b|| 1.6950336439372721e-03
54 MLA ||r(i)||/||b|| 1.6631604423122661e-03
55 MLA ||r(i)||/||b|| 1.6323658369575590e-03
56 MLA ||r(i)||/||b|| 1.6026076722913413e-03
57 MLA ||r(i)||/||b|| 1.5738351828557136e-03
58 MLA ||r(i)||/||b|| 1.5460023153997208e-03
59 MLA ||r(i)||/||b|| 1.5190658818747340e-03
60 MLA ||r(i)||/||b|| 1.4929847115943392e-03
61 MLA ||r(i)||/||b|| 1.4677226082487713e-03
62 MLA ||r(i)||/||b|| 1.4432399427427047e-03
63 MLA ||r(i)||/||b|| 1.4195006477753897e-03
64 MLA ||r(i)||/||b|| 1.3964524166811354e-03
65 MLA ||r(i)||/||b|| 1.3741582661567560e-03
66 MLA ||r(i)||/||b|| 1.3524665621455049e-03
67 MLA ||r(i)||/||b|| 1.3314039878356036e-03
68 MLA ||r(i)||/||b|| 1.3109468643713895e-03
69 MLA ||r(i)||/||b|| 1.2910657294294282e-03
70 MLA ||r(i)||/||b|| 1.2717365581491754e-03
71 MLA ||r(i)||/||b|| 1.2529375789939151e-03
72 MLA ||r(i)||/||b|| 1.2346501095502479e-03
73 MLA ||r(i)||/||b|| 1.2168435129895835e-03
74 MLA ||r(i)||/||b|| 1.1995125474899787e-03
75 MLA ||r(i)||/||b|| 1.1826326352799908e-03
76 MLA ||r(i)||/||b|| 1.1661863709551991e-03
77 MLA ||r(i)||/||b|| 1.1501569389506595e-03
78 MLA ||r(i)||/||b|| 1.1345308880572119e-03
79 MLA ||r(i)||/||b|| 1.1192936295160393e-03
80 MLA ||r(i)||/||b|| 1.1044278621075408e-03
81 MLA ||r(i)||/||b|| 1.0899222294054882e-03
82 MLA ||r(i)||/||b|| 1.0757637223215875e-03
83 MLA ||r(i)||/||b|| 1.0619397875671697e-03
84 MLA ||r(i)||/||b|| 1.0484394051731738e-03
85 MLA ||r(i)||/||b|| 1.0352502931244313e-03
86 MLA ||r(i)||/||b|| 1.0223628374739970e-03
87 MLA ||r(i)||/||b|| 1.0097664299577344e-03
88 MLA ||r(i)||/||b|| 9.9745130698166828e-04
89 MLA ||r(i)||/||b|| 9.8541054243599904e-04
90 MLA ||r(i)||/||b|| 9.7362349951806500e-04
91 MLA ||r(i)||/||b|| 9.6210715857468476e-04
92 MLA ||r(i)||/||b|| 9.5082571845280385e-04
93 MLA ||r(i)||/||b|| 9.3978427653062179e-04
94 MLA ||r(i)||/||b|| 9.2897534758190950e-04
95 MLA ||r(i)||/||b|| 9.1839023214044916e-04
96 MLA ||r(i)||/||b|| 9.0802216466345277e-04
97 MLA ||r(i)||/||b|| 8.9786456317137570e-04
98 MLA ||r(i)||/||b|| 8.8791105428631071e-04
99 MLA ||r(i)||/||b|| 8.7815557730218938e-04
100 MLA ||r(i)||/||b|| 8.6859201363653554e-04
101 MLA ||r(i)||/||b|| 8.5921535738901831e-04
102 MLA ||r(i)||/||b|| 8.5001960278087701e-04
103 MLA ||r(i)||/||b|| 8.4099899313789595e-04
104 MLA ||r(i)||/||b|| 8.3214980320534882e-04
105 MLA ||r(i)||/||b|| 8.2346652994410804e-04
106 MLA ||r(i)||/||b|| 8.1494449134115533e-04
107 MLA ||r(i)||/||b|| 8.0657925508396467e-04
108 MLA ||r(i)||/||b|| 7.9836650710616631e-04
109 MLA ||r(i)||/||b|| 7.9030205843259036e-04
110 MLA ||r(i)||/||b|| 7.8238189017289304e-04
111 MLA ||r(i)||/||b|| 7.7460212736305326e-04
112 MLA ||r(i)||/||b|| 7.6695901676376898e-04
113 MLA ||r(i)||/||b|| 7.5944894839026446e-04
114 MLA ||r(i)||/||b|| 7.5206842803958907e-04
115 MLA ||r(i)||/||b|| 7.4481407617098933e-04
116 MLA ||r(i)||/||b|| 7.3768262722933718e-04
117 MLA ||r(i)||/||b|| 7.3067095159272128e-04
118 MLA ||r(i)||/||b|| 7.2377598704922498e-04
119 MLA ||r(i)||/||b|| 7.1699479004115314e-04
120 MLA ||r(i)||/||b|| 7.1032451745893152e-04
121 MLA ||r(i)||/||b|| 7.0376240971602123e-04
122 MLA ||r(i)||/||b|| 6.9730580744685456e-04
123 MLA ||r(i)||/||b|| 6.9095211251388828e-04
124 MLA ||r(i)||/||b|| 6.8469886961253907e-04
125 MLA ||r(i)||/||b|| 6.7854361164281873e-04
126 MLA ||r(i)||/||b|| 6.7248399716366260e-04
127 MLA ||r(i)||/||b|| 6.6651778475697375e-04
128 MLA ||r(i)||/||b|| 6.6064280749931050e-04
129 MLA ||r(i)||/||b|| 6.5485683832132359e-04
130 MLA ||r(i)||/||b|| 6.4915787880902992e-04
131 MLA ||r(i)||/||b|| 6.4354391584688477e-04
132 MLA ||r(i)||/||b|| 6.3801298202394131e-04
133 MLA ||r(i)||/||b|| 6.3256325235964148e-04
134 MLA ||r(i)||/||b|| 6.2719284742974676e-04
135 MLA ||r(i)||/||b|| 6.2190001444903311e-04
136 MLA ||r(i)||/||b|| 6.1668302782316405e-04
137 MLA ||r(i)||/||b|| 6.1154022691417163e-04
138 MLA ||r(i)||/||b|| 6.0646998541866008e-04
139 MLA ||r(i)||/||b|| 6.0147073434742250e-04
140 MLA ||r(i)||/||b|| 5.9654093980746037e-04
141 MLA ||r(i)||/||b|| 5.9167914286802309e-04
142 MLA ||r(i)||/||b|| 5.8688388644292748e-04
143 MLA ||r(i)||/||b|| 5.8215377863330634e-04
144 MLA ||r(i)||/||b|| 5.7748741449857393e-04
145 MLA ||r(i)||/||b|| 5.7288353870881177e-04
146 MLA ||r(i)||/||b|| 5.6834085651034439e-04
147 MLA ||r(i)||/||b|| 5.6385810196754474e-04
148 MLA ||r(i)||/||b|| 5.5943406136884375e-04
149 MLA ||r(i)||/||b|| 5.5506758541605148e-04
150 MLA ||r(i)||/||b|| 5.5075748094872055e-04
151 MLA ||r(i)||/||b|| 5.4650267567546657e-04
152 MLA ||r(i)||/||b|| 5.4230187487657486e-04
153 MLA ||r(i)||/||b|| 5.3815474266008935e-04
154 MLA ||r(i)||/||b|| 5.3405906119405300e-04
155 MLA ||r(i)||/||b|| 5.3001492918455253e-04
156 MLA ||r(i)||/||b|| 5.2602093028103817e-04
157 MLA ||r(i)||/||b|| 5.2207605572344225e-04
158 MLA ||r(i)||/||b|| 5.1817944906186833e-04
159 MLA ||r(i)||/||b|| 5.1433025652991148e-04
160 MLA ||r(i)||/||b|| 5.1052755879399273e-04
161 MLA ||r(i)||/||b|| 5.0673308598415772e-04
162 MLA ||r(i)||/||b|| 5.0304227292602812e-04
163 MLA ||r(i)||/||b|| 4.9939778237659575e-04
164 MLA ||r(i)||/||b|| 4.9576851080251720e-04
165 MLA ||r(i)||/||b|| 4.9218298405605374e-04
166 MLA ||r(i)||/||b|| 4.8864222412350010e-04
167 MLA ||r(i)||/||b|| 4.8514238735441426e-04
168 MLA ||r(i)||/||b|| 4.8168325169628453e-04
169 MLA ||r(i)||/||b|| 4.7826298467168628e-04
170 MLA ||r(i)||/||b|| 4.7488227011439010e-04
171 MLA ||r(i)||/||b|| 4.7151068551656546e-04
172 MLA ||r(i)||/||b|| 4.6821701610198134e-04
173 MLA ||r(i)||/||b|| 4.6499475532555702e-04
174 MLA ||r(i)||/||b|| 4.6174583051165240e-04
175 MLA ||r(i)||/||b|| 4.5854066986742803e-04
176 MLA ||r(i)||/||b|| 4.5538000638272244e-04
177 MLA ||r(i)||/||b|| 4.5225423349735049e-04
178 MLA ||r(i)||/||b|| 4.4916208960050699e-04
179 MLA ||r(i)||/||b|| 4.4610362922542631e-04
180 MLA ||r(i)||/||b|| 4.4307836743405314e-04
181 MLA ||r(i)||/||b|| 4.4008565810705285e-04
182 MLA ||r(i)||/||b|| 4.3712496903322600e-04
183 MLA ||r(i)||/||b|| 4.3419583149621445e-04
184 MLA ||r(i)||/||b|| 4.3129773377558936e-04
185 MLA ||r(i)||/||b|| 4.2843021610146701e-04
186 MLA ||r(i)||/||b|| 4.2559279627455641e-04
187 MLA ||r(i)||/||b|| 4.2278496237652504e-04
188 MLA ||r(i)||/||b|| 4.2000649793211839e-04
189 MLA ||r(i)||/||b|| 4.1725692564725499e-04
190 MLA ||r(i)||/||b|| 4.1453554211719163e-04
191 MLA ||r(i)||/||b|| 4.1184213731200979e-04
192 MLA ||r(i)||/||b|| 4.0917634172571177e-04
193 MLA ||r(i)||/||b|| 4.0654534792970866e-04
194 MLA ||r(i)||/||b|| 4.0392793358137589e-04
195 MLA ||r(i)||/||b|| 4.0133911565325137e-04
196 MLA ||r(i)||/||b|| 3.9878051348712137e-04
197 MLA ||r(i)||/||b|| 3.9624726608471927e-04
198 MLA ||r(i)||/||b|| 3.9373814334381965e-04
199 MLA ||r(i)||/||b|| 3.9125692744369501e-04
200 MLA ||r(i)||/||b|| 3.8879728482959407e-04
201 MLA ||r(i)||/||b|| 3.8636234146457039e-04
202 MLA ||r(i)||/||b|| 3.8395187457455671e-04
203 MLA ||r(i)||/||b|| 3.8156509262823196e-04
204 MLA ||r(i)||/||b|| 3.7920163011089604e-04
205 MLA ||r(i)||/||b|| 3.7686122989668468e-04
206 MLA ||r(i)||/||b|| 3.7454357824175328e-04
207 MLA ||r(i)||/||b|| 3.7224838584087720e-04
208 MLA ||r(i)||/||b|| 3.6997615739805189e-04
209 MLA ||r(i)||/||b|| 3.6772429027010319e-04
210 MLA ||r(i)||/||b|| 3.6549461726458586e-04
211 MLA ||r(i)||/||b|| 3.6328643376148489e-04
212 MLA ||r(i)||/||b|| 3.6109932939615649e-04
213 MLA ||r(i)||/||b|| 3.5893300501580236e-04
214 MLA ||r(i)||/||b|| 3.5678720706555232e-04
215 MLA ||r(i)||/||b|| 3.5466191638343299e-04
216 MLA ||r(i)||/||b|| 3.5255633837922537e-04
217 MLA ||r(i)||/||b|| 3.5047042157726265e-04
218 MLA ||r(i)||/||b|| 3.4840442474242734e-04
219 MLA ||r(i)||/||b|| 3.4635767998238354e-04
220 MLA ||r(i)||/||b|| 3.4432997177108151e-04
221 MLA ||r(i)||/||b|| 3.4232113801227254e-04
222 MLA ||r(i)||/||b|| 3.4033095711633445e-04
223 MLA ||r(i)||/||b|| 3.3835918068040617e-04
224 MLA ||r(i)||/||b|| 3.3640562321518369e-04
225 MLA ||r(i)||/||b|| 3.3447004426530156e-04
226 MLA ||r(i)||/||b|| 3.3255225236403484e-04
227 MLA ||r(i)||/||b|| 3.3065230545356318e-04
228 MLA ||r(i)||/||b|| 3.2876920983273107e-04
229 MLA ||r(i)||/||b|| 3.2690362621359733e-04
230 MLA ||r(i)||/||b|| 3.2505487603411311e-04
231 MLA ||r(i)||/||b|| 3.2322299169516437e-04
232 MLA ||r(i)||/||b|| 3.2140771627070888e-04
233 MLA ||r(i)||/||b|| 3.1960885084374597e-04
234 MLA ||r(i)||/||b|| 3.1782549303168632e-04
235 MLA ||r(i)||/||b|| 3.1605940123966659e-04
236 MLA ||r(i)||/||b|| 3.1430830692656854e-04
237 MLA ||r(i)||/||b|| 3.1257365065117635e-04
238 MLA ||r(i)||/||b|| 3.1085433258335674e-04
239 MLA ||r(i)||/||b|| 3.0915020014163396e-04
240 MLA ||r(i)||/||b|| 3.0746124683094281e-04
241 MLA ||r(i)||/||b|| 3.0578645538689990e-04
242 MLA ||r(i)||/||b|| 3.0412825534868639e-04
243 MLA ||r(i)||/||b|| 3.0248390114185405e-04
244 MLA ||r(i)||/||b|| 3.0085391307525702e-04
245 MLA ||r(i)||/||b|| 2.9923875151633805e-04
246 MLA ||r(i)||/||b|| 2.9763744025203780e-04
247 MLA ||r(i)||/||b|| 2.9605041209745226e-04
248 MLA ||r(i)||/||b|| 2.9447697784985903e-04
249 MLA ||r(i)||/||b|| 2.9291760433836572e-04
250 MLA ||r(i)||/||b|| 2.9137183892504468e-04
251 MLA ||r(i)||/||b|| 2.8983383754515967e-04
252 MLA ||r(i)||/||b|| 2.8831836063902616e-04
253 MLA ||r(i)||/||b|| 2.8681813972000530e-04
254 MLA ||r(i)||/||b|| 2.8532516605785162e-04
255 MLA ||r(i)||/||b|| 2.8384283728513816e-04
256 MLA ||r(i)||/||b|| 2.8237553819538075e-04
257 MLA ||r(i)||/||b|| 2.8092188733262605e-04
258 MLA ||r(i)||/||b|| 2.7947998570378917e-04
259 MLA ||r(i)||/||b|| 2.7807251095099145e-04
260 MLA ||r(i)||/||b|| 2.7664209725910925e-04
261 MLA ||r(i)||/||b|| 2.7523636184636222e-04
262 MLA ||r(i)||/||b|| 2.7383818746664013e-04
263 MLA ||r(i)||/||b|| 2.7245514610352062e-04
264 MLA ||r(i)||/||b|| 2.7108625522855289e-04
265 MLA ||r(i)||/||b|| 2.6972888198191085e-04
266 MLA ||r(i)||/||b|| 2.6838290759620599e-04
267 MLA ||r(i)||/||b|| 2.6704843497291845e-04
268 MLA ||r(i)||/||b|| 2.6572533553370766e-04
269 MLA ||r(i)||/||b|| 2.6441350022627736e-04
270 MLA ||r(i)||/||b|| 2.6311275103791363e-04
271 MLA ||r(i)||/||b|| 2.6182297170644804e-04
272 MLA ||r(i)||/||b|| 2.6054594492624472e-04
273 MLA ||r(i)||/||b|| 2.5927643575633462e-04
274 MLA ||r(i)||/||b|| 2.5801886648797766e-04
275 MLA ||r(i)||/||b|| 2.5677176056625411e-04
276 MLA ||r(i)||/||b|| 2.5553524647149641e-04
277 MLA ||r(i)||/||b|| 2.5430913753489556e-04
278 MLA ||r(i)||/||b|| 2.5309328041891234e-04
279 MLA ||r(i)||/||b|| 2.5188735527558961e-04
280 MLA ||r(i)||/||b|| 2.5069191930306471e-04
281 MLA ||r(i)||/||b|| 2.4950622609199195e-04
282 MLA ||r(i)||/||b|| 2.4833042360169642e-04
283 MLA ||r(i)||/||b|| 2.4716434202271475e-04
284 MLA ||r(i)||/||b|| 2.4600790031046042e-04
285 MLA ||r(i)||/||b|| 2.4486101676511965e-04
286 MLA ||r(i)||/||b|| 2.4372360470502097e-04
287 MLA ||r(i)||/||b|| 2.4259555505254138e-04
288 MLA ||r(i)||/||b|| 2.4147680300837441e-04
289 MLA ||r(i)||/||b|| 2.4036723837458747e-04
290 MLA ||r(i)||/||b|| 2.3926677642039786e-04
291 MLA ||r(i)||/||b|| 2.3817365503028606e-04
292 MLA ||r(i)||/||b|| 2.3709258704970247e-04
293 MLA ||r(i)||/||b|| 2.3601921092461238e-04
294 MLA ||r(i)||/||b|| 2.3495421764285190e-04
295 MLA ||r(i)||/||b|| 2.3389791709854392e-04
296 MLA ||r(i)||/||b|| 2.3285054618147520e-04
297 MLA ||r(i)||/||b|| 2.3181124558755242e-04
298 MLA ||r(i)||/||b|| 2.3078030033124179e-04
299 MLA ||r(i)||/||b|| 2.2975787325890841e-04
300 MLA ||r(i)||/||b|| 2.2874367276753466e-04
301 MLA ||r(i)||/||b|| 2.2773923388044512e-04
302 MLA ||r(i)||/||b|| 2.2674071711068901e-04
303 MLA ||r(i)||/||b|| 2.2574988737397925e-04
304 MLA ||r(i)||/||b|| 2.2476789829953148e-04
305 MLA ||r(i)||/||b|| 2.2379385098637522e-04
306 MLA ||r(i)||/||b|| 2.2282755862647747e-04
307 MLA ||r(i)||/||b|| 2.2186895890687129e-04
308 MLA ||r(i)||/||b|| 2.2091800653051939e-04
309 MLA ||r(i)||/||b|| 2.1997462496273890e-04
310 MLA ||r(i)||/||b|| 2.1903873481549704e-04
311 MLA ||r(i)||/||b|| 2.1811334069861676e-04
312 MLA ||r(i)||/||b|| 2.1718990657436192e-04
313 MLA ||r(i)||/||b|| 2.1627539131784980e-04
314 MLA ||r(i)||/||b|| 2.1536864359366983e-04
315 MLA ||r(i)||/||b|| 2.1446912993338137e-04
316 MLA ||r(i)||/||b|| 2.1357670185133052e-04
317 MLA ||r(i)||/||b|| 2.1269125829593915e-04
318 MLA ||r(i)||/||b|| 2.1181275214795210e-04
319 MLA ||r(i)||/||b|| 2.1094112222162572e-04
320 MLA ||r(i)||/||b|| 2.1007634634237103e-04
321 MLA ||r(i)||/||b|| 2.0921837919903949e-04
322 MLA ||r(i)||/||b|| 2.0836659593485816e-04
323 MLA ||r(i)||/||b|| 2.0752173917930631e-04
324 MLA ||r(i)||/||b|| 2.0668357663240007e-04
325 MLA ||r(i)||/||b|| 2.0585207201561666e-04
326 MLA ||r(i)||/||b|| 2.0502572835598865e-04
327 MLA ||r(i)||/||b|| 2.0420700159908862e-04
328 MLA ||r(i)||/||b|| 2.0339448401861270e-04
329 MLA ||r(i)||/||b|| 2.0258882255911909e-04
330 MLA ||r(i)||/||b|| 2.0178771410244695e-04
331 MLA ||r(i)||/||b|| 2.0099343174676977e-04
332 MLA ||r(i)||/||b|| 2.0020539373917523e-04
333 MLA ||r(i)||/||b|| 1.9942329187960003e-04
334 MLA ||r(i)||/||b|| 1.9864707103404167e-04
335 MLA ||r(i)||/||b|| 1.9787673552211331e-04
336 MLA ||r(i)||/||b|| 1.9711224081651066e-04
337 MLA ||r(i)||/||b|| 1.9635349941470625e-04
338 MLA ||r(i)||/||b|| 1.9560048357252240e-04
339 MLA ||r(i)||/||b|| 1.9485315171721546e-04
340 MLA ||r(i)||/||b|| 1.9411137650416599e-04
341 MLA ||r(i)||/||b|| 1.9337516956256863e-04
342 MLA ||r(i)||/||b|| 1.9264445956449739e-04
343 MLA ||r(i)||/||b|| 1.9191921841781972e-04
344 MLA ||r(i)||/||b|| 1.9119935346617511e-04
345 MLA ||r(i)||/||b|| 1.9058521868480481e-04
346 MLA ||r(i)||/||b|| 1.8990906153789358e-04
347 MLA ||r(i)||/||b|| 1.8909970392714680e-04
348 MLA ||r(i)||/||b|| 1.8838044622188993e-04
349 MLA ||r(i)||/||b|| 1.8768137924118233e-04
350 MLA ||r(i)||/||b|| 1.8699221267977155e-04
351 MLA ||r(i)||/||b|| 1.8630842137290794e-04
352 MLA ||r(i)||/||b|| 1.8562881177905472e-04
353 MLA ||r(i)||/||b|| 1.8495491634011677e-04
354 MLA ||r(i)||/||b|| 1.8428615316140714e-04
355 MLA ||r(i)||/||b|| 1.8362225332666369e-04
356 MLA ||r(i)||/||b|| 1.8296305383678761e-04
357 MLA ||r(i)||/||b|| 1.8230870963230396e-04
358 MLA ||r(i)||/||b|| 1.8165914413633297e-04
359 MLA ||r(i)||/||b|| 1.8101426605504140e-04
360 MLA ||r(i)||/||b|| 1.8037402500233407e-04
361 MLA ||r(i)||/||b|| 1.7973831771931291e-04
362 MLA ||r(i)||/||b|| 1.7910715173748875e-04
363 MLA ||r(i)||/||b|| 1.7848048689921958e-04
364 MLA ||r(i)||/||b|| 1.7785827801719174e-04
365 MLA ||r(i)||/||b|| 1.7724047310108416e-04
366 MLA ||r(i)||/||b|| 1.7669133659468543e-04
367 MLA ||r(i)||/||b|| 1.7607937883256023e-04
368 MLA ||r(i)||/||b|| 1.7542566119101659e-04
369 MLA ||r(i)||/||b|| 1.7481438510801199e-04
370 MLA ||r(i)||/||b|| 1.7421570165074900e-04
371 MLA ||r(i)||/||b|| 1.7362452724179001e-04
372 MLA ||r(i)||/||b|| 1.7303635281687096e-04
373 MLA ||r(i)||/||b|| 1.7245191206253428e-04
374 MLA ||r(i)||/||b|| 1.7187171238389955e-04
375 MLA ||r(i)||/||b|| 1.7129562513393598e-04
376 MLA ||r(i)||/||b|| 1.7072356093897697e-04
377 MLA ||r(i)||/||b|| 1.7015540894122427e-04
378 MLA ||r(i)||/||b|| 1.6959118737430739e-04
379 MLA ||r(i)||/||b|| 1.6903076634023942e-04
380 MLA ||r(i)||/||b|| 1.6847423886282416e-04
381 MLA ||r(i)||/||b|| 1.6792153483310377e-04
382 MLA ||r(i)||/||b|| 1.6737246947454417e-04
383 MLA ||r(i)||/||b|| 1.6682751518814909e-04
384 MLA ||r(i)||/||b|| 1.6628560697349594e-04
385 MLA ||r(i)||/||b|| 1.6580835755654417e-04
386 MLA ||r(i)||/||b|| 1.6551490330385699e-04
387 MLA ||r(i)||/||b|| 1.6472853969803577e-04
388 MLA ||r(i)||/||b|| 1.6416635495812923e-04
389 MLA ||r(i)||/||b|| 1.6363157881496337e-04
390 MLA ||r(i)||/||b|| 1.6311329917845300e-04
391 MLA ||r(i)||/||b|| 1.6259618365406259e-04
392 MLA ||r(i)||/||b|| 1.6208161875719742e-04
393 MLA ||r(i)||/||b|| 1.6157092983062546e-04
394 MLA ||r(i)||/||b|| 1.6106390334908623e-04
395 MLA ||r(i)||/||b|| 1.6056017822910123e-04
396 MLA ||r(i)||/||b|| 1.6006062090337519e-04
397 MLA ||r(i)||/||b|| 1.5956315611981702e-04
398 MLA ||r(i)||/||b|| 1.5906904465634112e-04
399 MLA ||r(i)||/||b|| 1.5857835362857476e-04
400 MLA ||r(i)||/||b|| 1.5808999288710281e-04
401 MLA ||r(i)||/||b|| 1.5760494944723770e-04
402 MLA ||r(i)||/||b|| 1.5712440241978442e-04
403 MLA ||r(i)||/||b|| 1.5664694579401117e-04
404 MLA ||r(i)||/||b|| 1.5617254413291149e-04
405 MLA ||r(i)||/||b|| 1.5570002777348554e-04
406 MLA ||r(i)||/||b|| 1.5523064637235100e-04
407 MLA ||r(i)||/||b|| 1.5476441059130306e-04
408 MLA ||r(i)||/||b|| 1.5430111613971942e-04
409 MLA ||r(i)||/||b|| 1.5384072293427785e-04
410 MLA ||r(i)||/||b|| 1.5338297149987195e-04
411 MLA ||r(i)||/||b|| 1.5292853556598962e-04
412 MLA ||r(i)||/||b|| 1.5247665138333824e-04
413 MLA ||r(i)||/||b|| 1.5202754623967158e-04
414 MLA ||r(i)||/||b|| 1.5158120090614483e-04
415 MLA ||r(i)||/||b|| 1.5113759945672704e-04
416 MLA ||r(i)||/||b|| 1.5069671864174753e-04
417 MLA ||r(i)||/||b|| 1.5025862424319062e-04
418 MLA ||r(i)||/||b|| 1.4982342892257440e-04
419 MLA ||r(i)||/||b|| 1.4939012974307680e-04
420 MLA ||r(i)||/||b|| 1.4895974847135905e-04
421 MLA ||r(i)||/||b|| 1.4853199232254532e-04
422 MLA ||r(i)||/||b|| 1.4810683192523211e-04
423 MLA ||r(i)||/||b|| 1.4768419457513002e-04
424 MLA ||r(i)||/||b|| 1.4726407702981268e-04
425 MLA ||r(i)||/||b|| 1.4684643290063120e-04
426 MLA ||r(i)||/||b|| 1.4643127563616695e-04
427 MLA ||r(i)||/||b|| 1.4601854282291621e-04
428 MLA ||r(i)||/||b|| 1.4560823280977659e-04
429 MLA ||r(i)||/||b|| 1.4520030944161128e-04
430 MLA ||r(i)||/||b|| 1.4479478168380729e-04
431 MLA ||r(i)||/||b|| 1.4439159347199080e-04
432 MLA ||r(i)||/||b|| 1.4399866512161851e-04
433 MLA ||r(i)||/||b|| 1.4359983302331830e-04
434 MLA ||r(i)||/||b|| 1.4319640918284700e-04
435 MLA ||r(i)||/||b|| 1.4280217218855848e-04
436 MLA ||r(i)||/||b|| 1.4241025393666858e-04
437 MLA ||r(i)||/||b|| 1.4202224184316906e-04
438 MLA ||r(i)||/||b|| 1.4163428380426171e-04
439 MLA ||r(i)||/||b|| 1.4124838208047418e-04
440 MLA ||r(i)||/||b|| 1.4086533190654256e-04
441 MLA ||r(i)||/||b|| 1.4048450745674375e-04
442 MLA ||r(i)||/||b|| 1.4010582293627743e-04
443 MLA ||r(i)||/||b|| 1.3972923864307940e-04
444 MLA ||r(i)||/||b|| 1.3935472582146804e-04
445 MLA ||r(i)||/||b|| 1.3898227368300896e-04
446 MLA ||r(i)||/||b|| 1.3861192466563125e-04
447 MLA ||r(i)||/||b|| 1.3824355349595870e-04
448 MLA ||r(i)||/||b|| 1.3787771612127467e-04
449 MLA ||r(i)||/||b|| 1.3751706796642581e-04
450 MLA ||r(i)||/||b|| 1.3715099913915517e-04
451 MLA ||r(i)||/||b|| 1.3679018174881283e-04
452 MLA ||r(i)||/||b|| 1.3645283058173424e-04
453 MLA ||r(i)||/||b|| 1.3606883971792975e-04
454 MLA ||r(i)||/||b|| 1.3571882772279276e-04
455 MLA ||r(i)||/||b|| 1.3536762397638275e-04
456 MLA ||r(i)||/||b|| 1.3501699299252152e-04
457 MLA ||r(i)||/||b|| 1.3466745111584579e-04
458 MLA ||r(i)||/||b|| 1.3432025519689609e-04
459 MLA ||r(i)||/||b|| 1.3397503367139753e-04
460 MLA ||r(i)||/||b|| 1.3363154365692557e-04
461 MLA ||r(i)||/||b|| 1.3328973377248557e-04
462 MLA ||r(i)||/||b|| 1.3294984337148437e-04
463 MLA ||r(i)||/||b|| 1.3261177814705911e-04
464 MLA ||r(i)||/||b|| 1.3227600025753211e-04
465 MLA ||r(i)||/||b|| 1.3194044015893443e-04
466 MLA ||r(i)||/||b|| 1.3160731055543012e-04
467 MLA ||r(i)||/||b|| 1.3127596599466306e-04
468 MLA ||r(i)||/||b|| 1.3094631756721507e-04
469 MLA ||r(i)||/||b|| 1.3061829787063987e-04
470 MLA ||r(i)||/||b|| 1.3029210524091118e-04
471 MLA ||r(i)||/||b|| 1.2996719903544645e-04
472 MLA ||r(i)||/||b|| 1.2964414759529519e-04
473 MLA ||r(i)||/||b|| 1.2932265910327334e-04
474 MLA ||r(i)||/||b|| 1.2900291235881471e-04
475 MLA ||r(i)||/||b|| 1.2868451781569712e-04
476 MLA ||r(i)||/||b|| 1.2836774793215504e-04
477 MLA ||r(i)||/||b|| 1.2805258662198276e-04
478 MLA ||r(i)||/||b|| 1.2773893428672734e-04
479 MLA ||r(i)||/||b|| 1.2742684168035056e-04
480 MLA ||r(i)||/||b|| 1.2711624108679824e-04
481 MLA ||r(i)||/||b|| 1.2680715757308134e-04
482 MLA ||r(i)||/||b|| 1.2649955975812662e-04
483 MLA ||r(i)||/||b|| 1.2619343715011624e-04
484 MLA ||r(i)||/||b|| 1.2588877728516649e-04
485 MLA ||r(i)||/||b|| 1.2558557757158669e-04
486 MLA ||r(i)||/||b|| 1.2528381285842503e-04
487 MLA ||r(i)||/||b|| 1.2498348312068168e-04
488 MLA ||r(i)||/||b|| 1.2468450776400474e-04
489 MLA ||r(i)||/||b|| 1.2438703294022184e-04
490 MLA ||r(i)||/||b|| 1.2409090617349471e-04
491 MLA ||r(i)||/||b|| 1.2379613774663595e-04
492 MLA ||r(i)||/||b|| 1.2350277730572979e-04
493 MLA ||r(i)||/||b|| 1.2321075714630904e-04
494 MLA ||r(i)||/||b|| 1.2292007844067292e-04
495 MLA ||r(i)||/||b|| 1.2263079601436565e-04
496 MLA ||r(i)||/||b|| 1.2234280910140708e-04
497 MLA ||r(i)||/||b|| 1.2205601214313525e-04
498 MLA ||r(i)||/||b|| 1.2177060866690839e-04
499 MLA ||r(i)||/||b|| 1.2148649453738211e-04
500 MLA ||r(i)||/||b|| 1.2120366581930575e-04
501 MLA ||r(i)||/||b|| 1.2092210039931079e-04
502 MLA ||r(i)||/||b|| 1.2064179997078239e-04
503 MLA ||r(i)||/||b|| 1.2036274448362285e-04
504 MLA ||r(i)||/||b|| 1.2008492885331909e-04
505 MLA ||r(i)||/||b|| 1.1980834860314109e-04
506 MLA ||r(i)||/||b|| 1.1953298477483155e-04
507 MLA ||r(i)||/||b|| 1.1925884333803274e-04
508 MLA ||r(i)||/||b|| 1.1898591293456078e-04
509 MLA ||r(i)||/||b|| 1.1871419211563428e-04
510 MLA ||r(i)||/||b|| 1.1844352995909220e-04
511 MLA ||r(i)||/||b|| 1.1817033836364034e-04
512 MLA ||r(i)||/||b|| 1.1790601605584966e-04
513 MLA ||r(i)||/||b|| 1.1763879806641952e-04
514 MLA ||r(i)||/||b|| 1.1737287342001792e-04
515 MLA ||r(i)||/||b|| 1.1710800268026809e-04
516 MLA ||r(i)||/||b|| 1.1684431635484730e-04
517 MLA ||r(i)||/||b|| 1.1658175116323006e-04
518 MLA ||r(i)||/||b|| 1.1632027042086311e-04
519 MLA ||r(i)||/||b|| 1.1605990104592293e-04
520 MLA ||r(i)||/||b|| 1.1580062193547947e-04
521 MLA ||r(i)||/||b|| 1.1554242958885361e-04
522 MLA ||r(i)||/||b|| 1.1528530339195909e-04
523 MLA ||r(i)||/||b|| 1.1502924595332990e-04
524 MLA ||r(i)||/||b|| 1.1477425600514702e-04
525 MLA ||r(i)||/||b|| 1.1452031672194749e-04
526 MLA ||r(i)||/||b|| 1.1426739206884437e-04
527 MLA ||r(i)||/||b|| 1.1401553617516622e-04
528 MLA ||r(i)||/||b|| 1.1376468387365645e-04
529 MLA ||r(i)||/||b|| 1.1351485509167250e-04
530 MLA ||r(i)||/||b|| 1.1326604478695505e-04
531 MLA ||r(i)||/||b|| 1.1301826130434071e-04
532 MLA ||r(i)||/||b|| 1.1277140298336649e-04
533 MLA ||r(i)||/||b|| 1.1252556389663597e-04
534 MLA ||r(i)||/||b|| 1.1228070559804594e-04
535 MLA ||r(i)||/||b|| 1.1203683229543579e-04
536 MLA ||r(i)||/||b|| 1.1179392928964613e-04
537 MLA ||r(i)||/||b|| 1.1155196372184262e-04
538 MLA ||r(i)||/||b|| 1.1131096262522921e-04
539 MLA ||r(i)||/||b|| 1.1107090289709535e-04
540 MLA ||r(i)||/||b|| 1.1083179510773521e-04
541 MLA ||r(i)||/||b|| 1.1059361085475255e-04
542 MLA ||r(i)||/||b|| 1.1035633607216775e-04
543 MLA ||r(i)||/||b|| 1.1011999555051053e-04
544 MLA ||r(i)||/||b|| 1.0988455370246350e-04
545 MLA ||r(i)||/||b|| 1.0964985162665253e-04
546 MLA ||r(i)||/||b|| 1.0941586082445405e-04
547 MLA ||r(i)||/||b|| 1.0918366381590563e-04
548 MLA ||r(i)||/||b|| 1.0895179122871064e-04
549 MLA ||r(i)||/||b|| 1.0872081988946374e-04
550 MLA ||r(i)||/||b|| 1.0849071462270744e-04
551 MLA ||r(i)||/||b|| 1.0826185646407602e-04
552 MLA ||r(i)||/||b|| 1.0803314868045620e-04
553 MLA ||r(i)||/||b|| 1.0780556541928313e-04
554 MLA ||r(i)||/||b|| 1.0757889070576908e-04
555 MLA ||r(i)||/||b|| 1.0733470784761795e-04
556 MLA ||r(i)||/||b|| 1.0712487499654553e-04
557 MLA ||r(i)||/||b|| 1.0690425732002652e-04
558 MLA ||r(i)||/||b|| 1.0668053794259100e-04
559 MLA ||r(i)||/||b|| 1.0645824033116697e-04
560 MLA ||r(i)||/||b|| 1.0623629506636031e-04
561 MLA ||r(i)||/||b|| 1.0601543122543076e-04
562 MLA ||r(i)||/||b|| 1.0579538771642034e-04
563 MLA ||r(i)||/||b|| 1.0557607172458525e-04
564 MLA ||r(i)||/||b|| 1.0535754189169651e-04
565 MLA ||r(i)||/||b|| 1.0513981426409704e-04
566 MLA ||r(i)||/||b|| 1.0492287902804670e-04
567 MLA ||r(i)||/||b|| 1.0470674021269749e-04
568 MLA ||r(i)||/||b|| 1.0449134100588450e-04
569 MLA ||r(i)||/||b|| 1.0427671930438267e-04
570 MLA ||r(i)||/||b|| 1.0406286777447774e-04
571 MLA ||r(i)||/||b|| 1.0384974855807078e-04
572 MLA ||r(i)||/||b|| 1.0363740155792925e-04
573 MLA ||r(i)||/||b|| 1.0342577485291319e-04
574 MLA ||r(i)||/||b|| 1.0321490844932189e-04
575 MLA ||r(i)||/||b|| 1.0300478609803579e-04
576 MLA ||r(i)||/||b|| 1.0279546172541153e-04
577 MLA ||r(i)||/||b|| 1.0258672637302462e-04
578 MLA ||r(i)||/||b|| 1.0237877227506282e-04
579 MLA ||r(i)||/||b|| 1.0217152670931579e-04
580 MLA ||r(i)||/||b|| 1.0196498763884305e-04
581 MLA ||r(i)||/||b|| 1.0175916026692411e-04
582 MLA ||r(i)||/||b|| 1.0155408749352326e-04
583 MLA ||r(i)||/||b|| 1.0134945455758425e-04
584 MLA ||r(i)||/||b|| 1.0115019628117972e-04
585 MLA ||r(i)||/||b|| 1.0094285556834573e-04
586 MLA ||r(i)||/||b|| 1.0074046592204491e-04
587 MLA ||r(i)||/||b|| 1.0053889964623538e-04
588 MLA ||r(i)||/||b|| 1.0033802526918900e-04
589 MLA ||r(i)||/||b|| 1.0013771586863964e-04
590 MLA ||r(i)||/||b|| 9.9938056929802714e-05
591 MLA ||r(i)||/||b|| 9.9739078888619177e-05
592 MLA ||r(i)||/||b|| 9.9540777790832499e-05
593 MLA ||r(i)||/||b|| 9.9343133389822395e-05
594 MLA ||r(i)||/||b|| 9.9145954056573368e-05
595 MLA ||r(i)||/||b|| 9.8949431112297314e-05
596 MLA ||r(i)||/||b|| 9.8754104950132688e-05
597 MLA ||r(i)||/||b|| 9.8559049852007928e-05
598 MLA ||r(i)||/||b|| 9.8364622177557083e-05
599 MLA ||r(i)||/||b|| 9.8170841541742003e-05
600 MLA ||r(i)||/||b|| 9.7977690149816609e-05
601 MLA ||r(i)||/||b|| 9.7785182509164113e-05
602 MLA ||r(i)||/||b|| 9.7593386209450229e-05
603 MLA ||r(i)||/||b|| 9.7401895364955854e-05
604 MLA ||r(i)||/||b|| 9.7211337046130698e-05
605 MLA ||r(i)||/||b|| 9.7021309562722371e-05
606 MLA ||r(i)||/||b|| 9.6831875336025731e-05
607 MLA ||r(i)||/||b|| 9.6643031557785278e-05
608 MLA ||r(i)||/||b|| 9.6454718090495603e-05
609 MLA ||r(i)||/||b|| 9.6334736329395382e-05
610 MLA ||r(i)||/||b|| 9.6081472901398790e-05
611 MLA ||r(i)||/||b|| 9.5893857110608004e-05
612 MLA ||r(i)||/||b|| 9.5708094205358127e-05
613 MLA ||r(i)||/||b|| 9.5523404042791127e-05
614 MLA ||r(i)||/||b|| 9.5338560243531201e-05
615 MLA ||r(i)||/||b|| 9.5154168444036935e-05
616 MLA ||r(i)||/||b|| 9.4970525057540923e-05
617 MLA ||r(i)||/||b|| 9.4787516186610815e-05
618 MLA ||r(i)||/||b|| 9.4605078999352246e-05
619 MLA ||r(i)||/||b|| 9.4423223426024657e-05
620 MLA ||r(i)||/||b|| 9.4241925667819666e-05
621 MLA ||r(i)||/||b|| 9.4061215519028357e-05
622 MLA ||r(i)||/||b|| 9.3881064797635117e-05
623 MLA ||r(i)||/||b|| 9.3701457745865724e-05
624 MLA ||r(i)||/||b|| 9.3522417232589803e-05
625 MLA ||r(i)||/||b|| 9.3343922706945739e-05
626 MLA ||r(i)||/||b|| 9.3165966709319914e-05
627 MLA ||r(i)||/||b|| 9.2988575442222327e-05
628 MLA ||r(i)||/||b|| 9.2811692870889396e-05
629 MLA ||r(i)||/||b|| 9.2635392822727021e-05
630 MLA ||r(i)||/||b|| 9.2459613681229765e-05
631 MLA ||r(i)||/||b|| 9.2289423467989444e-05
632 MLA ||r(i)||/||b|| 9.2114432715081641e-05
633 MLA ||r(i)||/||b|| 9.1937965107033757e-05
634 MLA ||r(i)||/||b|| 9.1761410976236540e-05
635 MLA ||r(i)||/||b|| 9.1588531969998981e-05
636 MLA ||r(i)||/||b|| 9.1416006811240056e-05
637 MLA ||r(i)||/||b|| 9.1243960899930216e-05
638 MLA ||r(i)||/||b|| 9.1072267078568501e-05
639 MLA ||r(i)||/||b|| 9.0901153995003614e-05
640 MLA ||r(i)||/||b|| 9.0730580749181906e-05
641 MLA ||r(i)||/||b|| 9.0560499911483873e-05
642 MLA ||r(i)||/||b|| 9.0390933643026233e-05
643 MLA ||r(i)||/||b|| 9.0221846033820016e-05
644 MLA ||r(i)||/||b|| 9.0053261338626385e-05
645 MLA ||r(i)||/||b|| 8.9885918894968292e-05
646 MLA ||r(i)||/||b|| 8.9717716312104096e-05
647 MLA ||r(i)||/||b|| 8.9550460402386118e-05
648 MLA ||r(i)||/||b|| 8.9383862961212696e-05
649 MLA ||r(i)||/||b|| 8.9217748986365262e-05
650 MLA ||r(i)||/||b|| 8.9052116390828467e-05
651 MLA ||r(i)||/||b|| 8.8886956247761898e-05
652 MLA ||r(i)||/||b|| 8.8722277781122115e-05
653 MLA ||r(i)||/||b|| 8.8558072408620591e-05
654 MLA ||r(i)||/||b|| 8.8394347017991878e-05
655 MLA ||r(i)||/||b|| 8.8231075418588315e-05
656 MLA ||r(i)||/||b|| 8.8068298522182815e-05
657 MLA ||r(i)||/||b|| 8.7905989008838889e-05
658 MLA ||r(i)||/||b|| 8.7744079573791464e-05
659 MLA ||r(i)||/||b|| 8.7582569961141911e-05
660 MLA ||r(i)||/||b|| 8.7421823286273074e-05
661 MLA ||r(i)||/||b|| 8.7261359656736634e-05
662 MLA ||r(i)||/||b|| 8.7101330022957494e-05
663 MLA ||r(i)||/||b|| 8.6941794197993808e-05
664 MLA ||r(i)||/||b|| 8.6778717840707274e-05
665 MLA ||r(i)||/||b|| 8.6624392471961183e-05
666 MLA ||r(i)||/||b|| 8.6466113856545985e-05
667 MLA ||r(i)||/||b|| 8.6308327559863579e-05
668 MLA ||r(i)||/||b|| 8.6150756689200333e-05
669 MLA ||r(i)||/||b|| 8.5993894588433660e-05
670 MLA ||r(i)||/||b|| 8.5837462276730118e-05
671 MLA ||r(i)||/||b|| 8.5681527513453690e-05
672 MLA ||r(i)||/||b|| 8.5526336461860835e-05
673 MLA ||r(i)||/||b|| 8.5370520483835818e-05
674 MLA ||r(i)||/||b|| 8.5216257680818786e-05
675 MLA ||r(i)||/||b|| 8.5061990643748353e-05
676 MLA ||r(i)||/||b|| 8.4627570252579628e-05
677 MLA ||r(i)||/||b|| 8.4722724473357993e-05
678 MLA ||r(i)||/||b|| 8.4603467167569213e-05
679 MLA ||r(i)||/||b|| 8.4449280573439730e-05
680 MLA ||r(i)||/||b|| 8.4296313371748073e-05
681 MLA ||r(i)||/||b|| 8.4145610575711601e-05
682 MLA ||r(i)||/||b|| 8.3994726338343565e-05
683 MLA ||r(i)||/||b|| 8.3843890337748273e-05
684 MLA ||r(i)||/||b|| 8.3693469714089943e-05
685 MLA ||r(i)||/||b|| 8.3543471501351671e-05
686 MLA ||r(i)||/||b|| 8.3393884862464733e-05
687 MLA ||r(i)||/||b|| 8.3244700297835432e-05
688 MLA ||r(i)||/||b|| 8.3095914945777971e-05
689 MLA ||r(i)||/||b|| 8.2947524355818115e-05
690 MLA ||r(i)||/||b|| 8.2799566569355252e-05
691 MLA ||r(i)||/||b|| 8.2651989922093684e-05
692 MLA ||r(i)||/||b|| 8.2504813001607369e-05
693 MLA ||r(i)||/||b|| 8.2361263313575269e-05
694 MLA ||r(i)||/||b|| 8.2213629116844063e-05
695 MLA ||r(i)||/||b|| 8.2065505008098227e-05
696 MLA ||r(i)||/||b|| 8.1919983333191552e-05
697 MLA ||r(i)||/||b|| 8.1774916957670513e-05
698 MLA ||r(i)||/||b|| 8.1630149398830983e-05
699 MLA ||r(i)||/||b|| 8.1485753737324477e-05
700 MLA ||r(i)||/||b|| 8.1339404841535839e-05
701 MLA ||r(i)||/||b|| 8.1198392304983642e-05
702 MLA ||r(i)||/||b|| 8.1054821166597706e-05
703 MLA ||r(i)||/||b|| 8.0912006481431779e-05
704 MLA ||r(i)||/||b|| 8.0769534167171526e-05
705 MLA ||r(i)||/||b|| 8.0627465504679981e-05
706 MLA ||r(i)||/||b|| 8.0485750531576367e-05
707 MLA ||r(i)||/||b|| 8.0344436490085980e-05
708 MLA ||r(i)||/||b|| 8.0203525498509065e-05
709 MLA ||r(i)||/||b|| 8.0061250915472432e-05
710 MLA ||r(i)||/||b|| 7.9921553609883626e-05
711 MLA ||r(i)||/||b|| 7.9782470919136060e-05
712 MLA ||r(i)||/||b|| 7.9643519814419410e-05
713 MLA ||r(i)||/||b|| 7.9504369910639354e-05
714 MLA ||r(i)||/||b|| 7.9365670136397474e-05
715 MLA ||r(i)||/||b|| 7.9227223423859782e-05
716 MLA ||r(i)||/||b|| 7.9089316586316856e-05
717 MLA ||r(i)||/||b|| 7.8951704047996765e-05
718 MLA ||r(i)||/||b|| 7.8814442003332150e-05
719 MLA ||r(i)||/||b|| 7.8677564595759080e-05
720 MLA ||r(i)||/||b|| 7.8541054019610690e-05
721 MLA ||r(i)||/||b|| 7.8404942681409363e-05
722 MLA ||r(i)||/||b|| 7.8269088459670733e-05
723 MLA ||r(i)||/||b|| 7.8133636891390218e-05
724 MLA ||r(i)||/||b|| 7.7998553525150433e-05
725 MLA ||r(i)||/||b|| 7.7863809956147423e-05
726 MLA ||r(i)||/||b|| 7.7729430983722344e-05
727 MLA ||r(i)||/||b|| 7.7595405815997483e-05
728 MLA ||r(i)||/||b|| 7.7461737560961493e-05
729 MLA ||r(i)||/||b|| 7.7328398829598188e-05
730 MLA ||r(i)||/||b|| 7.7195437761886753e-05
731 MLA ||r(i)||/||b|| 7.7062710454650502e-05
732 MLA ||r(i)||/||b|| 7.6930518504821839e-05
733 MLA ||r(i)||/||b|| 7.6798585431964102e-05
734 MLA ||r(i)||/||b|| 7.6666985791689436e-05
735 MLA ||r(i)||/||b|| 7.6551240736292371e-05
736 MLA ||r(i)||/||b|| 7.6418327089017180e-05
737 MLA ||r(i)||/||b|| 7.6274388099793454e-05
738 MLA ||r(i)||/||b|| 7.6143179877281126e-05
739 MLA ||r(i)||/||b|| 7.6013669695861692e-05
740 MLA ||r(i)||/||b|| 7.5884466644004952e-05
741 MLA ||r(i)||/||b|| 7.5755474198364138e-05
742 MLA ||r(i)||/||b|| 7.5626543050692627e-05
743 MLA ||r(i)||/||b|| 7.5497953658728307e-05
744 MLA ||r(i)||/||b|| 7.5369726718378470e-05
745 MLA ||r(i)||/||b|| 7.5242008571827000e-05
746 MLA ||r(i)||/||b|| 7.5114006970439294e-05
747 MLA ||r(i)||/||b|| 7.4987060097246019e-05
748 MLA ||r(i)||/||b|| 7.4860129644991179e-05
749 MLA ||r(i)||/||b|| 7.4733549996883666e-05
750 MLA ||r(i)||/||b|| 7.4607202827701804e-05
751 MLA ||r(i)||/||b|| 7.4481469419679743e-05
752 MLA ||r(i)||/||b|| 7.4354928482895318e-05
753 MLA ||r(i)||/||b|| 7.4230847978560104e-05
754 MLA ||r(i)||/||b|| 7.4105518015709398e-05
755 MLA ||r(i)||/||b|| 7.3981510400102400e-05
756 MLA ||r(i)||/||b|| 7.3856359375743810e-05
757 MLA ||r(i)||/||b|| 7.3732615930229391e-05
758 MLA ||r(i)||/||b|| 7.3608916328326629e-05
759 MLA ||r(i)||/||b|| 7.3485575934137531e-05
760 MLA ||r(i)||/||b|| 7.3362504173279900e-05
761 MLA ||r(i)||/||b|| 7.3239849348463937e-05
762 MLA ||r(i)||/||b|| 7.3117439647344651e-05
763 MLA ||r(i)||/||b|| 7.2995242672883119e-05
764 MLA ||r(i)||/||b|| 7.2873470202785296e-05
765 MLA ||r(i)||/||b|| 7.2752041551576684e-05
766 MLA ||r(i)||/||b|| 7.2630936370113284e-05
767 MLA ||r(i)||/||b|| 7.2510036103311538e-05
768 MLA ||r(i)||/||b|| 7.2389135945267373e-05
769 MLA ||r(i)||/||b|| 7.2269155095962991e-05
770 MLA ||r(i)||/||b|| 7.2149183002759922e-05
771 MLA ||r(i)||/||b|| 7.2029543235857310e-05
772 MLA ||r(i)||/||b|| 7.1910206872473925e-05
773 MLA ||r(i)||/||b|| 7.1791118226358964e-05
774 MLA ||r(i)||/||b|| 7.1672453240023489e-05
775 MLA ||r(i)||/||b|| 7.1554280314535824e-05
776 MLA ||r(i)||/||b|| 7.1436151744118517e-05
777 MLA ||r(i)||/||b|| 7.1317812687322435e-05
778 MLA ||r(i)||/||b|| 7.1200583012974198e-05
779 MLA ||r(i)||/||b|| 7.1083256036774759e-05
780 MLA ||r(i)||/||b|| 7.0966423591098420e-05
781 MLA ||r(i)||/||b|| 7.0849902318208309e-05
782 MLA ||r(i)||/||b|| 7.0733333299015749e-05
783 MLA ||r(i)||/||b|| 7.0617312315306543e-05
784 MLA ||r(i)||/||b|| 7.0502875621951164e-05
785 MLA ||r(i)||/||b|| 7.0387191010315490e-05
786 MLA ||r(i)||/||b|| 7.0270965724620934e-05
787 MLA ||r(i)||/||b|| 7.0155330337502071e-05
788 MLA ||r(i)||/||b|| 7.0062956430716074e-05
789 MLA ||r(i)||/||b|| 6.9927195327420399e-05
790 MLA ||r(i)||/||b|| 6.9811250278601649e-05
791 MLA ||r(i)||/||b|| 6.9698674039857968e-05
792 MLA ||r(i)||/||b|| 6.9583253360923266e-05
793 MLA ||r(i)||/||b|| 6.9499148944808574e-05
794 MLA ||r(i)||/||b|| 6.9376670398338264e-05
795 MLA ||r(i)||/||b|| 6.9245439067047645e-05
796 MLA ||r(i)||/||b|| 6.9134235001037800e-05
797 MLA ||r(i)||/||b|| 6.9022969704584782e-05
798 MLA ||r(i)||/||b|| 6.8911334753077341e-05
799 MLA ||r(i)||/||b|| 6.8799906871081298e-05
800 MLA ||r(i)||/||b|| 6.8688639082064548e-05
801 MLA ||r(i)||/||b|| 6.8577714795366550e-05
802 MLA ||r(i)||/||b|| 6.8467057013421050e-05
803 MLA ||r(i)||/||b|| 6.8356685169366536e-05
804 MLA ||r(i)||/||b|| 6.8246611068645049e-05
805 MLA ||r(i)||/||b|| 6.8137961554664805e-05
806 MLA ||r(i)||/||b|| 6.8033880965334825e-05
807 MLA ||r(i)||/||b|| 6.7917317469631428e-05
808 MLA ||r(i)||/||b|| 6.7807856926793017e-05
809 MLA ||r(i)||/||b|| 6.7700479372138981e-05
810 MLA ||r(i)||/||b|| 6.7592634809255956e-05
811 MLA ||r(i)||/||b|| 6.7483877517277935e-05
812 MLA ||r(i)||/||b|| 6.7375734694012358e-05
813 MLA ||r(i)||/||b|| 6.7268078484680540e-05
814 MLA ||r(i)||/||b|| 6.7160841543282516e-05
815 MLA ||r(i)||/||b|| 6.7053759299796144e-05
816 MLA ||r(i)||/||b|| 6.6946932184857048e-05
817 MLA ||r(i)||/||b|| 6.6840371834808648e-05
818 MLA ||r(i)||/||b|| 6.6734084883980841e-05
819 MLA ||r(i)||/||b|| 6.6624092927887246e-05
820 MLA ||r(i)||/||b|| 6.6533494820239912e-05
821 MLA ||r(i)||/||b|| 6.6415881213318251e-05
822 MLA ||r(i)||/||b|| 6.6311146533029481e-05
823 MLA ||r(i)||/||b|| 6.6211589444184252e-05
824 MLA ||r(i)||/||b|| 6.6104485227664705e-05
825 MLA ||r(i)||/||b|| 6.5997438368473423e-05
826 MLA ||r(i)||/||b|| 6.5891056422976273e-05
827 MLA ||r(i)||/||b|| 6.5791812348835614e-05
828 MLA ||r(i)||/||b|| 6.5685309776738595e-05
829 MLA ||r(i)||/||b|| 6.5582128220069419e-05
830 MLA ||r(i)||/||b|| 6.5479109600015845e-05
831 MLA ||r(i)||/||b|| 6.5376258981298719e-05
832 MLA ||r(i)||/||b|| 6.5273626160469446e-05
833 MLA ||r(i)||/||b|| 6.5171222584552776e-05
834 MLA ||r(i)||/||b|| 6.5069065558008928e-05
835 MLA ||r(i)||/||b|| 6.4967176683487885e-05
836 MLA ||r(i)||/||b|| 6.4865554556056508e-05
837 MLA ||r(i)||/||b|| 6.4764151061120784e-05
838 MLA ||r(i)||/||b|| 6.4663026130993149e-05
839 MLA ||r(i)||/||b|| 6.4562172912376674e-05
840 MLA ||r(i)||/||b|| 6.4461576096902921e-05
841 MLA ||r(i)||/||b|| 6.4361210403784757e-05
842 MLA ||r(i)||/||b|| 6.4261100860321329e-05
843 MLA ||r(i)||/||b|| 6.4161069478805722e-05
844 MLA ||r(i)||/||b|| 6.4061573946291869e-05
845 MLA ||r(i)||/||b|| 6.3962081438856359e-05
846 MLA ||r(i)||/||b|| 6.3862948757281119e-05
847 MLA ||r(i)||/||b|| 6.3764291657078244e-05
848 MLA ||r(i)||/||b|| 6.3665558770075749e-05
849 MLA ||r(i)||/||b|| 6.3567164175980614e-05
850 MLA ||r(i)||/||b|| 6.3469028712980139e-05
851 MLA ||r(i)||/||b|| 6.3371119683678346e-05
852 MLA ||r(i)||/||b|| 6.3273430875758903e-05
853 MLA ||r(i)||/||b|| 6.3176032422399136e-05
854 MLA ||r(i)||/||b|| 6.3078838433291431e-05
855 MLA ||r(i)||/||b|| 6.2981840878432801e-05
856 MLA ||r(i)||/||b|| 6.2885076495762204e-05
857 MLA ||r(i)||/||b|| 6.2783950129062651e-05
858 MLA ||r(i)||/||b|| 6.2696132378991365e-05
859 MLA ||r(i)||/||b|| 6.2596067866399710e-05
860 MLA ||r(i)||/||b|| 6.2500544726091641e-05
861 MLA ||r(i)||/||b|| 6.2405010619577534e-05
862 MLA ||r(i)||/||b|| 6.2310031009709345e-05
863 MLA ||r(i)||/||b|| 6.2215012668536575e-05
864 MLA ||r(i)||/||b|| 6.2120192053872624e-05
865 MLA ||r(i)||/||b|| 6.2025718741516909e-05
866 MLA ||r(i)||/||b|| 6.1930438778543418e-05
867 MLA ||r(i)||/||b|| 6.1838317003158478e-05
868 MLA ||r(i)||/||b|| 6.1745087042612429e-05
869 MLA ||r(i)||/||b|| 6.1649432884962229e-05
870 MLA ||r(i)||/||b|| 6.1556158884356306e-05
871 MLA ||r(i)||/||b|| 6.1472933069751262e-05
872 MLA ||r(i)||/||b|| 6.1381955828958423e-05
873 MLA ||r(i)||/||b|| 6.1275357342707032e-05
874 MLA ||r(i)||/||b|| 6.1184473346039938e-05
875 MLA ||r(i)||/||b|| 6.1092675525635745e-05
876 MLA ||r(i)||/||b|| 6.0999520391172601e-05
877 MLA ||r(i)||/||b|| 6.0909567647528011e-05
878 MLA ||r(i)||/||b|| 6.0817051404570126e-05
879 MLA ||r(i)||/||b|| 6.0725638040469111e-05
880 MLA ||r(i)||/||b|| 6.0634894164698728e-05
881 MLA ||r(i)||/||b|| 6.0541579478908070e-05
882 MLA ||r(i)||/||b|| 6.0345163412692089e-05
883 MLA ||r(i)||/||b|| 6.0393440901243347e-05
884 MLA ||r(i)||/||b|| 6.0271870840900740e-05
885 MLA ||r(i)||/||b|| 6.0182011231136308e-05
886 MLA ||r(i)||/||b|| 6.0092670114224561e-05
887 MLA ||r(i)||/||b|| 6.0003785846425600e-05
888 MLA ||r(i)||/||b|| 5.9914437378989603e-05
889 MLA ||r(i)||/||b|| 5.9825296594324225e-05
890 MLA ||r(i)||/||b|| 5.9736678685522833e-05
891 MLA ||r(i)||/||b|| 5.9647194343095185e-05
892 MLA ||r(i)||/||b|| 5.9559091178231682e-05
893 MLA ||r(i)||/||b|| 5.9470825817414843e-05
894 MLA ||r(i)||/||b|| 5.9382803545534346e-05
895 MLA ||r(i)||/||b|| 5.9294993018545293e-05
896 MLA ||r(i)||/||b|| 5.9247728352640838e-05
897 MLA ||r(i)||/||b|| 5.9148305299046742e-05
898 MLA ||r(i)||/||b|| 5.9029707555582734e-05
899 MLA ||r(i)||/||b|| 5.8944385581993556e-05
900 MLA ||r(i)||/||b|| 5.8853457286612514e-05
901 MLA ||r(i)||/||b|| 5.8773759153360076e-05
902 MLA ||r(i)||/||b|| 5.8686443100211728e-05
903 MLA ||r(i)||/||b|| 5.8600384441486080e-05
904 MLA ||r(i)||/||b|| 5.8514032207522940e-05
905 MLA ||r(i)||/||b|| 5.8582982068271298e-05
906 MLA ||r(i)||/||b|| 5.8535835071279156e-05
907 MLA ||r(i)||/||b|| 5.8252040064301354e-05
908 MLA ||r(i)||/||b|| 5.8168603518919101e-05
909 MLA ||r(i)||/||b|| 5.8087391188945232e-05
910 MLA ||r(i)||/||b|| 5.7996483832087240e-05
911 MLA ||r(i)||/||b|| 5.7926417638232781e-05
912 MLA ||r(i)||/||b|| 5.7834980826761561e-05
913 MLA ||r(i)||/||b|| 5.7751380282239126e-05
914 MLA ||r(i)||/||b|| 5.7667453788549979e-05
915 MLA ||r(i)||/||b|| 5.7583884789460882e-05
916 MLA ||r(i)||/||b|| 5.7500477656314033e-05
917 MLA ||r(i)||/||b|| 5.7417655251037649e-05
918 MLA ||r(i)||/||b|| 5.7331298020039613e-05
919 MLA ||r(i)||/||b|| 5.7252712835214955e-05
920 MLA ||r(i)||/||b|| 5.7167653517076843e-05
921 MLA ||r(i)||/||b|| 5.7086437898705763e-05
922 MLA ||r(i)||/||b|| 5.7005343605325176e-05
923 MLA ||r(i)||/||b|| 5.6922948796145317e-05
924 MLA ||r(i)||/||b|| 5.6841202409539542e-05
925 MLA ||r(i)||/||b|| 5.6759130584628590e-05
926 MLA ||r(i)||/||b|| 5.6677919078596770e-05
927 MLA ||r(i)||/||b|| 5.6596834487578632e-05
928 MLA ||r(i)||/||b|| 5.6515908076709839e-05
929 MLA ||r(i)||/||b|| 5.6435185757848290e-05
930 MLA ||r(i)||/||b|| 5.6354470322101878e-05
931 MLA ||r(i)||/||b|| 5.6274595220379776e-05
932 MLA ||r(i)||/||b|| 5.6194209413794632e-05
933 MLA ||r(i)||/||b|| 5.6114297339640314e-05
934 MLA ||r(i)||/||b|| 5.6034616811448806e-05
935 MLA ||r(i)||/||b|| 5.5955147818883614e-05
936 MLA ||r(i)||/||b|| 5.5875703353623847e-05
937 MLA ||r(i)||/||b|| 5.5796582454390348e-05
938 MLA ||r(i)||/||b|| 5.5717639150443978e-05
939 MLA ||r(i)||/||b|| 5.5638897302339322e-05
940 MLA ||r(i)||/||b|| 5.5560363852746824e-05
941 MLA ||r(i)||/||b|| 5.5482002222767741e-05
942 MLA ||r(i)||/||b|| 5.5403839187277128e-05
943 MLA ||r(i)||/||b|| 5.5325883339988412e-05
944 MLA ||r(i)||/||b|| 5.5248103840596492e-05
945 MLA ||r(i)||/||b|| 5.5170656006128910e-05
946 MLA ||r(i)||/||b|| 5.5093291636394121e-05
947 MLA ||r(i)||/||b|| 5.5015924976893657e-05
948 MLA ||r(i)||/||b|| 5.4938926956321408e-05
949 MLA ||r(i)||/||b|| 5.4862108216976061e-05
950 MLA ||r(i)||/||b|| 5.4785486269506254e-05
951 MLA ||r(i)||/||b|| 5.4709099187181188e-05
952 MLA ||r(i)||/||b|| 5.4632696163467085e-05
953 MLA ||r(i)||/||b|| 5.4556859075300708e-05
954 MLA ||r(i)||/||b|| 5.4480882700383815e-05
955 MLA ||r(i)||/||b|| 5.4405206307456021e-05
956 MLA ||r(i)||/||b|| 5.4329713492279081e-05
957 MLA ||r(i)||/||b|| 5.4255286194052115e-05
958 MLA ||r(i)||/||b|| 5.4180326143938102e-05
959 MLA ||r(i)||/||b|| 5.4104169869123558e-05
960 MLA ||r(i)||/||b|| 5.4029008938201423e-05
961 MLA ||r(i)||/||b|| 5.3956156323582364e-05
962 MLA ||r(i)||/||b|| 5.3880504282638860e-05
963 MLA ||r(i)||/||b|| 5.3806421091795493e-05
964 MLA ||r(i)||/||b|| 5.3732424971376150e-05
965 MLA ||r(i)||/||b|| 5.3658626961392213e-05
966 MLA ||r(i)||/||b|| 5.3584998328125247e-05
967 MLA ||r(i)||/||b|| 5.3511574624924761e-05
968 MLA ||r(i)||/||b|| 5.3438261802279866e-05
969 MLA ||r(i)||/||b|| 5.3365146772099840e-05
970 MLA ||r(i)||/||b|| 5.3292215492854163e-05
971 MLA ||r(i)||/||b|| 5.3219488514583101e-05
972 MLA ||r(i)||/||b|| 5.3144803840244393e-05
973 MLA ||r(i)||/||b|| 5.3074072756186255e-05
974 MLA ||r(i)||/||b|| 5.3002382033318708e-05
975 MLA ||r(i)||/||b|| 5.2938501674976206e-05
976 MLA ||r(i)||/||b|| 5.2851021992419502e-05
977 MLA ||r(i)||/||b|| 5.2785744373062548e-05
978 MLA ||r(i)||/||b|| 5.2715907165773415e-05
979 MLA ||r(i)||/||b|| 5.2644194630017147e-05
980 MLA ||r(i)||/||b|| 5.2572875248821564e-05
981 MLA ||r(i)||/||b|| 5.2504502268168446e-05
982 MLA ||r(i)||/||b|| 5.2427799365836027e-05
983 MLA ||r(i)||/||b|| 5.2361175659221898e-05
984 MLA ||r(i)||/||b|| 5.2289517757704461e-05
985 MLA ||r(i)||/||b|| 5.2219507020914500e-05
986 MLA ||r(i)||/||b|| 5.2146855582198214e-05
987 MLA ||r(i)||/||b|| 5.2080389393762619e-05
988 MLA ||r(i)||/||b|| 5.2010343802343377e-05
989 MLA ||r(i)||/||b|| 5.1999802730339314e-05
990 MLA ||r(i)||/||b|| 5.1942598324120113e-05
991 MLA ||r(i)||/||b|| 5.1796357954772096e-05
992 MLA ||r(i)||/||b|| 5.1769302580710743e-05
993 MLA ||r(i)||/||b|| 5.1705089026634880e-05
994 MLA ||r(i)||/||b|| 5.1591834800384542e-05
995 MLA ||r(i)||/||b|| 5.1525433463901720e-05
996 MLA ||r(i)||/||b|| 5.1458539553890574e-05
997 MLA ||r(i)||/||b|| 5.1390654179661851e-05
998 MLA ||r(i)||/||b|| 5.1322986859391888e-05
999 MLA ||r(i)||/||b|| 5.1255259433100338e-05
1000 MLA ||r(i)||/||b|| 5.1184907732233939e-05
>>>> solve time: 30.2241 (s)
>>>> ksp solve time: 0.00167513 (s)
            || b ||_2 = 2.6501139470351753e+00
|| r ||_2 / || b ||_2 = 1.4365554870196187e+01
