Config file: ../input/config/mla_v_cycle-refine2.json
order_rbm = 1
angle_type = 1
==== basic information of linear system ====
matrix Row = 19158, matrix Column = 19158
matrix nz_allocated = 387515, matrix nz_used = 387515, matrix nz_unneeded = 0
vector Row = 19158
initial     || b ||_2 = 7.2042734251691598e-01
in level 1:
in level 2:
nodes in level 2 (coarse) is 49, less than 100, setup done!
>>>> setup time: 0.220225 (s)
0 MLA ||r(i)||/||b|| 1.0000000000000000e+00
1 MLA ||r(i)||/||b|| 9.9711623221609962e+00
2 MLA ||r(i)||/||b|| 7.2099329519179323e+00
3 MLA ||r(i)||/||b|| 6.2024479709580502e+00
4 MLA ||r(i)||/||b|| 5.4963730024248028e+00
5 MLA ||r(i)||/||b|| 4.8386482243332232e+00
6 MLA ||r(i)||/||b|| 4.1865523145227934e+00
7 MLA ||r(i)||/||b|| 3.5919913723455985e+00
8 MLA ||r(i)||/||b|| 3.1099213919306692e+00
9 MLA ||r(i)||/||b|| 2.7526386747787290e+00
10 MLA ||r(i)||/||b|| 2.5142218524625077e+00
11 MLA ||r(i)||/||b|| 2.3808184706211564e+00
12 MLA ||r(i)||/||b|| 2.3237201973719159e+00
13 MLA ||r(i)||/||b|| 2.3039528592519196e+00
14 MLA ||r(i)||/||b|| 2.2867040268816958e+00
15 MLA ||r(i)||/||b|| 2.2503193898205405e+00
16 MLA ||r(i)||/||b|| 2.1864296205016016e+00
17 MLA ||r(i)||/||b|| 2.0958797783306604e+00
18 MLA ||r(i)||/||b|| 1.9844148461628479e+00
19 MLA ||r(i)||/||b|| 1.8596010598534884e+00
20 MLA ||r(i)||/||b|| 1.7290487472030911e+00
21 MLA ||r(i)||/||b|| 1.5995254278538158e+00
22 MLA ||r(i)||/||b|| 1.4765395649530939e+00
23 MLA ||r(i)||/||b|| 1.3641339728896062e+00
24 MLA ||r(i)||/||b|| 1.2647920196633544e+00
25 MLA ||r(i)||/||b|| 1.1794620787333927e+00
26 MLA ||r(i)||/||b|| 1.1077334315217333e+00
27 MLA ||r(i)||/||b|| 1.0481647414228947e+00
28 MLA ||r(i)||/||b|| 9.9870827861993550e-01
29 MLA ||r(i)||/||b|| 9.5713326696963452e-01
30 MLA ||r(i)||/||b|| 9.2135805378111946e-01
31 MLA ||r(i)||/||b|| 8.8964527730722287e-01
32 MLA ||r(i)||/||b|| 8.6066544861355398e-01
33 MLA ||r(i)||/||b|| 8.3346698288649801e-01
34 MLA ||r(i)||/||b|| 8.0739919867239418e-01
35 MLA ||r(i)||/||b|| 7.8202685842367481e-01
36 MLA ||r(i)||/||b|| 7.5706025328311422e-01
37 MLA ||r(i)||/||b|| 7.3231030083245507e-01
38 MLA ||r(i)||/||b|| 7.0766695845268268e-01
39 MLA ||r(i)||/||b|| 6.8309271000757488e-01
40 MLA ||r(i)||/||b|| 6.5862090756450375e-01
41 MLA ||r(i)||/||b|| 6.3435039687500239e-01
42 MLA ||r(i)||/||b|| 6.1043165768382857e-01
43 MLA ||r(i)||/||b|| 5.8704411810676949e-01
44 MLA ||r(i)||/||b|| 5.6436807207453732e-01
45 MLA ||r(i)||/||b|| 5.4255689712859123e-01
46 MLA ||r(i)||/||b|| 5.2171562298219643e-01
47 MLA ||r(i)||/||b|| 5.0189039320683249e-01
48 MLA ||r(i)||/||b|| 4.8307050988745770e-01
49 MLA ||r(i)||/||b|| 4.6520146251219463e-01
50 MLA ||r(i)||/||b|| 4.4820467400359454e-01
51 MLA ||r(i)||/||b|| 4.3199843456251086e-01
52 MLA ||r(i)||/||b|| 4.1651488006119514e-01
53 MLA ||r(i)||/||b|| 4.0170955367749778e-01
54 MLA ||r(i)||/||b|| 3.8756237937129123e-01
55 MLA ||r(i)||/||b|| 3.7407107263680328e-01
56 MLA ||r(i)||/||b|| 3.6123961606393679e-01
57 MLA ||r(i)||/||b|| 3.4906520747478192e-01
58 MLA ||r(i)||/||b|| 3.3752701503002380e-01
59 MLA ||r(i)||/||b|| 3.2657928226525851e-01
60 MLA ||r(i)||/||b|| 3.1615006170481380e-01
61 MLA ||r(i)||/||b|| 3.0614545990909742e-01
62 MLA ||r(i)||/||b|| 2.9645809340447959e-01
63 MLA ||r(i)||/||b|| 2.8697775924971086e-01
64 MLA ||r(i)||/||b|| 2.7760220338734892e-01
65 MLA ||r(i)||/||b|| 2.6824623723960489e-01
66 MLA ||r(i)||/||b|| 2.5884810092690841e-01
67 MLA ||r(i)||/||b|| 2.4937266576265268e-01
68 MLA ||r(i)||/||b|| 2.3981164536617508e-01
69 MLA ||r(i)||/||b|| 2.3018136025552713e-01
70 MLA ||r(i)||/||b|| 2.2051877625395569e-01
71 MLA ||r(i)||/||b|| 2.1087655012059717e-01
72 MLA ||r(i)||/||b|| 2.0131773013032922e-01
73 MLA ||r(i)||/||b|| 1.9191061629720652e-01
74 MLA ||r(i)||/||b|| 1.8272413699668247e-01
75 MLA ||r(i)||/||b|| 1.7382395387728972e-01
76 MLA ||r(i)||/||b|| 1.6526939169466121e-01
77 MLA ||r(i)||/||b|| 1.5711120016580535e-01
78 MLA ||r(i)||/||b|| 1.4939009547572368e-01
79 MLA ||r(i)||/||b|| 1.4213599291872331e-01
80 MLA ||r(i)||/||b|| 1.3536782836829003e-01
81 MLA ||r(i)||/||b|| 1.2909386432930153e-01
82 MLA ||r(i)||/||b|| 1.2331238418063609e-01
83 MLA ||r(i)||/||b|| 1.1801268809984136e-01
84 MLA ||r(i)||/||b|| 1.1317631347149543e-01
85 MLA ||r(i)||/||b|| 1.0877840845085869e-01
86 MLA ||r(i)||/||b|| 1.0478919045046008e-01
87 MLA ||r(i)||/||b|| 1.0117542303748511e-01
88 MLA ||r(i)||/||b|| 9.7901845646791386e-02
89 MLA ||r(i)||/||b|| 9.4932498089039960e-02
90 MLA ||r(i)||/||b|| 9.2231889564697037e-02
91 MLA ||r(i)||/||b|| 8.9765976812132761e-02
92 MLA ||r(i)||/||b|| 8.7502930972564716e-02
93 MLA ||r(i)||/||b|| 8.5413689219275432e-02
94 MLA ||r(i)||/||b|| 8.3472301065433241e-02
95 MLA ||r(i)||/||b|| 8.1656090492122149e-02
96 MLA ||r(i)||/||b|| 7.9945660837355270e-02
97 MLA ||r(i)||/||b|| 7.8324773603728359e-02
98 MLA ||r(i)||/||b|| 7.6780132895030495e-02
99 MLA ||r(i)||/||b|| 7.5301103057191357e-02
100 MLA ||r(i)||/||b|| 7.3879386774322653e-02
101 MLA ||r(i)||/||b|| 7.2508684396125095e-02
102 MLA ||r(i)||/||b|| 7.1184352674286466e-02
103 MLA ||r(i)||/||b|| 6.9903076995722846e-02
104 MLA ||r(i)||/||b|| 6.8662566757677221e-02
105 MLA ||r(i)||/||b|| 6.7461281328337605e-02
106 MLA ||r(i)||/||b|| 6.6298191330182860e-02
107 MLA ||r(i)||/||b|| 6.5172576111489869e-02
108 MLA ||r(i)||/||b|| 6.4083859187646364e-02
109 MLA ||r(i)||/||b|| 6.3031478272392000e-02
110 MLA ||r(i)||/||b|| 6.2014788978341735e-02
111 MLA ||r(i)||/||b|| 6.1032998026272246e-02
112 MLA ||r(i)||/||b|| 6.0085122449076871e-02
113 MLA ||r(i)||/||b|| 5.9169970669106349e-02
114 MLA ||r(i)||/||b|| 5.8286141478826478e-02
115 MLA ||r(i)||/||b|| 5.7432038397931116e-02
116 MLA ||r(i)||/||b|| 5.6605893912371280e-02
117 MLA ||r(i)||/||b|| 5.5805802556733917e-02
118 MLA ||r(i)||/||b|| 5.5029759145481423e-02
119 MLA ||r(i)||/||b|| 5.4275699808481681e-02
120 MLA ||r(i)||/||b|| 5.3541543711697344e-02
121 MLA ||r(i)||/||b|| 5.2825234551595171e-02
122 MLA ||r(i)||/||b|| 5.2124778645813566e-02
123 MLA ||r(i)||/||b|| 5.1438279773307151e-02
124 MLA ||r(i)||/||b|| 5.0763969030582681e-02
125 MLA ||r(i)||/||b|| 5.0100229498528749e-02
126 MLA ||r(i)||/||b|| 4.9445614288362486e-02
127 MLA ||r(i)||/||b|| 4.8798858963369274e-02
128 MLA ||r(i)||/||b|| 4.8158887688075011e-02
129 MLA ||r(i)||/||b|| 4.7524813553624840e-02
130 MLA ||r(i)||/||b|| 4.6895933600663534e-02
131 MLA ||r(i)||/||b|| 4.6271719673195141e-02
132 MLA ||r(i)||/||b|| 4.5651805307997076e-02
133 MLA ||r(i)||/||b|| 4.5035969655433016e-02
134 MLA ||r(i)||/||b|| 4.4424119734330615e-02
135 MLA ||r(i)||/||b|| 4.3816271528221262e-02
136 MLA ||r(i)||/||b|| 4.3212530590023016e-02
137 MLA ||r(i)||/||b|| 4.2613073272774686e-02
138 MLA ||r(i)||/||b|| 4.2018129015830560e-02
139 MLA ||r(i)||/||b|| 4.1427963531810837e-02
140 MLA ||r(i)||/||b|| 4.0842863978416855e-02
141 MLA ||r(i)||/||b|| 4.0263126673429669e-02
142 MLA ||r(i)||/||b|| 3.9689045685352115e-02
143 MLA ||r(i)||/||b|| 3.9120904161293740e-02
144 MLA ||r(i)||/||b|| 3.8558967645837709e-02
145 MLA ||r(i)||/||b|| 3.8003478561120387e-02
146 MLA ||r(i)||/||b|| 3.7454653301210519e-02
147 MLA ||r(i)||/||b|| 3.6912679353355189e-02
148 MLA ||r(i)||/||b|| 3.6377714992758138e-02
149 MLA ||r(i)||/||b|| 3.5849889185029751e-02
150 MLA ||r(i)||/||b|| 3.5329302231805540e-02
151 MLA ||r(i)||/||b|| 3.4816027385546434e-02
152 MLA ||r(i)||/||b|| 3.4310112441956545e-02
153 MLA ||r(i)||/||b|| 3.3811582155396279e-02
154 MLA ||r(i)||/||b|| 3.3320439980606034e-02
155 MLA ||r(i)||/||b|| 3.2836670816236216e-02
156 MLA ||r(i)||/||b|| 3.2360242914684360e-02
157 MLA ||r(i)||/||b|| 3.1891110146786084e-02
158 MLA ||r(i)||/||b|| 3.1429214083751565e-02
159 MLA ||r(i)||/||b|| 3.0974485807970933e-02
160 MLA ||r(i)||/||b|| 3.0526847500825197e-02
161 MLA ||r(i)||/||b|| 3.0086214299250992e-02
162 MLA ||r(i)||/||b|| 2.9652495271199921e-02
163 MLA ||r(i)||/||b|| 2.9225595017341014e-02
164 MLA ||r(i)||/||b|| 2.8805414262660763e-02
165 MLA ||r(i)||/||b|| 2.8391851128853330e-02
166 MLA ||r(i)||/||b|| 2.7984801931616406e-02
167 MLA ||r(i)||/||b|| 2.7584161431943203e-02
168 MLA ||r(i)||/||b|| 2.7189823878475499e-02
169 MLA ||r(i)||/||b|| 2.6801683351652603e-02
170 MLA ||r(i)||/||b|| 2.6419633955253229e-02
171 MLA ||r(i)||/||b|| 2.6043570447412307e-02
172 MLA ||r(i)||/||b|| 2.5673388304963515e-02
173 MLA ||r(i)||/||b|| 2.5308984165339912e-02
174 MLA ||r(i)||/||b|| 2.4950255800304879e-02
175 MLA ||r(i)||/||b|| 2.4597102475964687e-02
176 MLA ||r(i)||/||b|| 2.4249424981812876e-02
177 MLA ||r(i)||/||b|| 2.3907125608593587e-02
178 MLA ||r(i)||/||b|| 2.3570108596300675e-02
179 MLA ||r(i)||/||b|| 2.3238279747400961e-02
180 MLA ||r(i)||/||b|| 2.2911546784218362e-02
181 MLA ||r(i)||/||b|| 2.2589819455047740e-02
182 MLA ||r(i)||/||b|| 2.2273009147580781e-02
183 MLA ||r(i)||/||b|| 2.1961029303553026e-02
184 MLA ||r(i)||/||b|| 2.1653795285757817e-02
185 MLA ||r(i)||/||b|| 2.1351224505277561e-02
186 MLA ||r(i)||/||b|| 2.1053236079676588e-02
187 MLA ||r(i)||/||b|| 2.0759751223644367e-02
188 MLA ||r(i)||/||b|| 2.0470693049373771e-02
189 MLA ||r(i)||/||b|| 2.0185986628295044e-02
190 MLA ||r(i)||/||b|| 1.9905558844119035e-02
191 MLA ||r(i)||/||b|| 1.9629338534056941e-02
192 MLA ||r(i)||/||b|| 1.9357256364246494e-02
193 MLA ||r(i)||/||b|| 1.9089244943798326e-02
194 MLA ||r(i)||/||b|| 1.8825238561858002e-02
195 MLA ||r(i)||/||b|| 1.8565173314357579e-02
196 MLA ||r(i)||/||b|| 1.8308987155240972e-02
197 MLA ||r(i)||/||b|| 1.8056619570539962e-02
198 MLA ||r(i)||/||b|| 1.7808011859679177e-02
199 MLA ||r(i)||/||b|| 1.7563106720985936e-02
200 MLA ||r(i)||/||b|| 1.7321848619630417e-02
201 MLA ||r(i)||/||b|| 1.7084183378810291e-02
202 MLA ||r(i)||/||b|| 1.6850058371097088e-02
203 MLA ||r(i)||/||b|| 1.6619422157728044e-02
204 MLA ||r(i)||/||b|| 1.6392224774616573e-02
205 MLA ||r(i)||/||b|| 1.6168417393438439e-02
206 MLA ||r(i)||/||b|| 1.5947952352314217e-02
207 MLA ||r(i)||/||b|| 1.5730783061102607e-02
208 MLA ||r(i)||/||b|| 1.5516864031725575e-02
209 MLA ||r(i)||/||b|| 1.5306150580060140e-02
210 MLA ||r(i)||/||b|| 1.5098599018875541e-02
211 MLA ||r(i)||/||b|| 1.4894166344311557e-02
212 MLA ||r(i)||/||b|| 1.4692810400550267e-02
213 MLA ||r(i)||/||b|| 1.4494489551761854e-02
214 MLA ||r(i)||/||b|| 1.4299162887301695e-02
215 MLA ||r(i)||/||b|| 1.4106789996572248e-02
216 MLA ||r(i)||/||b|| 1.3917330838619246e-02
217 MLA ||r(i)||/||b|| 1.3730746021969159e-02
218 MLA ||r(i)||/||b|| 1.3546996354027566e-02
219 MLA ||r(i)||/||b|| 1.3366043010899177e-02
220 MLA ||r(i)||/||b|| 1.3187847618787699e-02
221 MLA ||r(i)||/||b|| 1.3012371912740166e-02
222 MLA ||r(i)||/||b|| 1.2839577902701804e-02
223 MLA ||r(i)||/||b|| 1.2669427908294041e-02
224 MLA ||r(i)||/||b|| 1.2501884370937084e-02
225 MLA ||r(i)||/||b|| 1.2336909967289641e-02
226 MLA ||r(i)||/||b|| 1.2174467547147714e-02
227 MLA ||r(i)||/||b|| 1.2014520160033459e-02
228 MLA ||r(i)||/||b|| 1.1857030961760240e-02
229 MLA ||r(i)||/||b|| 1.1701963413144126e-02
230 MLA ||r(i)||/||b|| 1.1549281121143517e-02
231 MLA ||r(i)||/||b|| 1.1398947902828326e-02
232 MLA ||r(i)||/||b|| 1.1250927696720781e-02
233 MLA ||r(i)||/||b|| 1.1105184787280635e-02
234 MLA ||r(i)||/||b|| 1.0961683655424890e-02
235 MLA ||r(i)||/||b|| 1.0820389077773497e-02
236 MLA ||r(i)||/||b|| 1.0681265998634103e-02
237 MLA ||r(i)||/||b|| 1.0544279918762219e-02
238 MLA ||r(i)||/||b|| 1.0409396230430135e-02
239 MLA ||r(i)||/||b|| 1.0276581067248589e-02
240 MLA ||r(i)||/||b|| 1.0145800686388741e-02
241 MLA ||r(i)||/||b|| 1.0017021855441250e-02
242 MLA ||r(i)||/||b|| 9.8902115734838553e-03
243 MLA ||r(i)||/||b|| 9.7653372513212024e-03
244 MLA ||r(i)||/||b|| 9.6423669439928399e-03
245 MLA ||r(i)||/||b|| 9.5212687685730518e-03
246 MLA ||r(i)||/||b|| 9.4020115612667137e-03
247 MLA ||r(i)||/||b|| 9.2845644709623719e-03
248 MLA ||r(i)||/||b|| 9.1688971940011247e-03
249 MLA ||r(i)||/||b|| 9.0549797602120681e-03
250 MLA ||r(i)||/||b|| 8.9427827541041574e-03
251 MLA ||r(i)||/||b|| 8.8322771709700033e-03
252 MLA ||r(i)||/||b|| 8.7234346035903743e-03
253 MLA ||r(i)||/||b|| 8.6162269531853530e-03
254 MLA ||r(i)||/||b|| 8.5106266829101090e-03
255 MLA ||r(i)||/||b|| 8.4066067716390119e-03
256 MLA ||r(i)||/||b|| 8.3041405146738311e-03
257 MLA ||r(i)||/||b|| 8.2032017772132818e-03
258 MLA ||r(i)||/||b|| 8.1037649232001442e-03
259 MLA ||r(i)||/||b|| 8.0058046525520281e-03
260 MLA ||r(i)||/||b|| 7.9092962629101222e-03
261 MLA ||r(i)||/||b|| 7.8142153348858320e-03
262 MLA ||r(i)||/||b|| 7.7205379477719854e-03
263 MLA ||r(i)||/||b|| 7.6282406834812756e-03
264 MLA ||r(i)||/||b|| 7.5373004669486432e-03
265 MLA ||r(i)||/||b|| 7.4476945772343492e-03
266 MLA ||r(i)||/||b|| 7.3594008078584133e-03
267 MLA ||r(i)||/||b|| 7.2723972989472167e-03
268 MLA ||r(i)||/||b|| 7.1866626106053500e-03
269 MLA ||r(i)||/||b|| 7.1021756046052058e-03
270 MLA ||r(i)||/||b|| 7.0189155507418780e-03
271 MLA ||r(i)||/||b|| 6.9368620986655499e-03
272 MLA ||r(i)||/||b|| 6.8559952275428779e-03
273 MLA ||r(i)||/||b|| 6.7762953002025719e-03
274 MLA ||r(i)||/||b|| 6.6977429171569854e-03
275 MLA ||r(i)||/||b|| 6.6203191868054031e-03
276 MLA ||r(i)||/||b|| 6.5440053200624499e-03
277 MLA ||r(i)||/||b|| 6.4687829877847162e-03
278 MLA ||r(i)||/||b|| 6.3946341539619974e-03
279 MLA ||r(i)||/||b|| 6.3215409912644460e-03
280 MLA ||r(i)||/||b|| 6.2494861409627366e-03
281 MLA ||r(i)||/||b|| 6.1784523985940311e-03
282 MLA ||r(i)||/||b|| 6.1084228489954656e-03
283 MLA ||r(i)||/||b|| 6.0393808700868381e-03
284 MLA ||r(i)||/||b|| 5.9713102380752042e-03
285 MLA ||r(i)||/||b|| 5.9041948186337335e-03
286 MLA ||r(i)||/||b|| 5.8380188431827211e-03
287 MLA ||r(i)||/||b|| 5.7727667638388875e-03
288 MLA ||r(i)||/||b|| 5.7084233007039945e-03
289 MLA ||r(i)||/||b|| 5.6449734763674648e-03
290 MLA ||r(i)||/||b|| 5.5824025211982410e-03
291 MLA ||r(i)||/||b|| 5.5206958529566844e-03
292 MLA ||r(i)||/||b|| 5.4598392260218447e-03
293 MLA ||r(i)||/||b|| 5.3998186577214266e-03
294 MLA ||r(i)||/||b|| 5.3406202890880867e-03
295 MLA ||r(i)||/||b|| 5.2822305137603222e-03
296 MLA ||r(i)||/||b|| 5.2246361100092122e-03
297 MLA ||r(i)||/||b|| 5.1678239018537863e-03
298 MLA ||r(i)||/||b|| 5.1117810003344193e-03
299 MLA ||r(i)||/||b|| 5.0564947568977753e-03
300 MLA ||r(i)||/||b|| 5.0019527741469059e-03
301 MLA ||r(i)||/||b|| 4.9481427793521791e-03
302 MLA ||r(i)||/||b|| 4.8950527833443369e-03
303 MLA ||r(i)||/||b|| 4.8426710901097311e-03
304 MLA ||r(i)||/||b|| 4.7909860163405276e-03
305 MLA ||r(i)||/||b|| 4.7399862573334990e-03
306 MLA ||r(i)||/||b|| 4.6896606095454011e-03
307 MLA ||r(i)||/||b|| 4.6399981118754865e-03
308 MLA ||r(i)||/||b|| 4.5909880121980584e-03
309 MLA ||r(i)||/||b|| 4.5426197578982523e-03
310 MLA ||r(i)||/||b|| 4.4948829761239277e-03
311 MLA ||r(i)||/||b|| 4.4477675072445277e-03
312 MLA ||r(i)||/||b|| 4.4012634029039696e-03
313 MLA ||r(i)||/||b|| 4.3553608090095459e-03
314 MLA ||r(i)||/||b|| 4.3100501110686518e-03
315 MLA ||r(i)||/||b|| 4.2653219660774054e-03
316 MLA ||r(i)||/||b|| 4.2211670845727729e-03
317 MLA ||r(i)||/||b|| 4.1775764164689285e-03
318 MLA ||r(i)||/||b|| 4.1345411118189103e-03
319 MLA ||r(i)||/||b|| 4.0920523563913788e-03
320 MLA ||r(i)||/||b|| 4.0501016711526503e-03
321 MLA ||r(i)||/||b|| 4.0086806385114249e-03
322 MLA ||r(i)||/||b|| 3.9677810576951109e-03
323 MLA ||r(i)||/||b|| 3.9273949322670256e-03
324 MLA ||r(i)||/||b|| 3.8875143314611518e-03
325 MLA ||r(i)||/||b|| 3.8481315721035081e-03
326 MLA ||r(i)||/||b|| 3.8092389977722203e-03
327 MLA ||r(i)||/||b|| 3.7708292057213703e-03
328 MLA ||r(i)||/||b|| 3.7328949229792109e-03
329 MLA ||r(i)||/||b|| 3.6954290151743666e-03
330 MLA ||r(i)||/||b|| 3.6584245452096617e-03
331 MLA ||r(i)||/||b|| 3.6218746475519125e-03
332 MLA ||r(i)||/||b|| 3.5857725685001208e-03
333 MLA ||r(i)||/||b|| 3.5501117845089547e-03
334 MLA ||r(i)||/||b|| 3.5148858525348250e-03
335 MLA ||r(i)||/||b|| 3.4800885042017070e-03
336 MLA ||r(i)||/||b|| 3.4457134321086960e-03
337 MLA ||r(i)||/||b|| 3.4117547738759637e-03
338 MLA ||r(i)||/||b|| 3.3782064804091152e-03
339 MLA ||r(i)||/||b|| 3.3450628604294774e-03
340 MLA ||r(i)||/||b|| 3.3123181473339058e-03
341 MLA ||r(i)||/||b|| 3.2799667379465854e-03
342 MLA ||r(i)||/||b|| 3.2480033114845974e-03
343 MLA ||r(i)||/||b|| 3.2164224279765405e-03
344 MLA ||r(i)||/||b|| 3.1852189489696000e-03
345 MLA ||r(i)||/||b|| 3.1543876768290314e-03
346 MLA ||r(i)||/||b|| 3.1239236701951288e-03
347 MLA ||r(i)||/||b|| 3.0938219790387959e-03
348 MLA ||r(i)||/||b|| 3.0640778289998702e-03
349 MLA ||r(i)||/||b|| 3.0346865252030152e-03
350 MLA ||r(i)||/||b|| 3.0056434085718228e-03
351 MLA ||r(i)||/||b|| 2.9769440766544602e-03
352 MLA ||r(i)||/||b|| 2.9485840486648983e-03
353 MLA ||r(i)||/||b|| 2.9205590131658422e-03
354 MLA ||r(i)||/||b|| 2.8928647250669602e-03
355 MLA ||r(i)||/||b|| 2.8654970565825818e-03
356 MLA ||r(i)||/||b|| 2.8384519575727954e-03
357 MLA ||r(i)||/||b|| 2.8117254532003728e-03
358 MLA ||r(i)||/||b|| 2.7853136546349046e-03
359 MLA ||r(i)||/||b|| 2.7592128140778421e-03
360 MLA ||r(i)||/||b|| 2.7334191027609269e-03
361 MLA ||r(i)||/||b|| 2.7079289649559798e-03
362 MLA ||r(i)||/||b|| 2.6827387840237743e-03
363 MLA ||r(i)||/||b|| 2.6578450620594013e-03
364 MLA ||r(i)||/||b|| 2.6332443965393685e-03
365 MLA ||r(i)||/||b|| 2.6089334749666475e-03
366 MLA ||r(i)||/||b|| 2.5849088844233765e-03
367 MLA ||r(i)||/||b|| 2.5611675783860591e-03
368 MLA ||r(i)||/||b|| 2.5377062982624428e-03
369 MLA ||r(i)||/||b|| 2.5145220213678436e-03
370 MLA ||r(i)||/||b|| 2.4916117056520211e-03
371 MLA ||r(i)||/||b|| 2.4689723705624460e-03
372 MLA ||r(i)||/||b|| 2.4466012208276093e-03
373 MLA ||r(i)||/||b|| 2.4244952975571049e-03
374 MLA ||r(i)||/||b|| 2.4026519252304474e-03
375 MLA ||r(i)||/||b|| 2.3810683584379630e-03
376 MLA ||r(i)||/||b|| 2.3597418683507913e-03
377 MLA ||r(i)||/||b|| 2.3386699116469739e-03
378 MLA ||r(i)||/||b|| 2.3178499053122851e-03
379 MLA ||r(i)||/||b|| 2.2972793588720945e-03
380 MLA ||r(i)||/||b|| 2.2769558349464312e-03
381 MLA ||r(i)||/||b|| 2.2568768757443075e-03
382 MLA ||r(i)||/||b|| 2.2370401333830863e-03
383 MLA ||r(i)||/||b|| 2.2174433068423518e-03
384 MLA ||r(i)||/||b|| 2.1980841461219061e-03
385 MLA ||r(i)||/||b|| 2.1789603687478380e-03
386 MLA ||r(i)||/||b|| 2.1600698040718344e-03
387 MLA ||r(i)||/||b|| 2.1414103560431458e-03
388 MLA ||r(i)||/||b|| 2.1229798906135257e-03
389 MLA ||r(i)||/||b|| 2.1047763080890799e-03
390 MLA ||r(i)||/||b|| 2.0867976368412165e-03
391 MLA ||r(i)||/||b|| 2.0690418482540605e-03
392 MLA ||r(i)||/||b|| 2.0515069435584751e-03
393 MLA ||r(i)||/||b|| 2.0341911026223541e-03
394 MLA ||r(i)||/||b|| 2.0170923530603412e-03
395 MLA ||r(i)||/||b|| 2.0002089017410263e-03
396 MLA ||r(i)||/||b|| 1.9835388717913661e-03
397 MLA ||r(i)||/||b|| 1.9670804396835283e-03
398 MLA ||r(i)||/||b|| 1.9508319728352346e-03
399 MLA ||r(i)||/||b|| 1.9347915899081438e-03
400 MLA ||r(i)||/||b|| 1.9189575851296218e-03
401 MLA ||r(i)||/||b|| 1.9033283255938953e-03
402 MLA ||r(i)||/||b|| 1.8879021297776902e-03
403 MLA ||r(i)||/||b|| 1.8726773191966889e-03
404 MLA ||r(i)||/||b|| 1.8576523327216710e-03
405 MLA ||r(i)||/||b|| 1.8428255505063250e-03
406 MLA ||r(i)||/||b|| 1.8281953247949593e-03
407 MLA ||r(i)||/||b|| 1.8137601886040826e-03
408 MLA ||r(i)||/||b|| 1.7995185604190217e-03
409 MLA ||r(i)||/||b|| 1.7854689472783501e-03
410 MLA ||r(i)||/||b|| 1.7716098579354678e-03
411 MLA ||r(i)||/||b|| 1.7579397007402191e-03
412 MLA ||r(i)||/||b|| 1.7444571116086759e-03
413 MLA ||r(i)||/||b|| 1.7311605749538621e-03
414 MLA ||r(i)||/||b|| 1.7180486747482712e-03
415 MLA ||r(i)||/||b|| 1.7051199728899944e-03
416 MLA ||r(i)||/||b|| 1.6923729999633206e-03
417 MLA ||r(i)||/||b|| 1.6798064184551293e-03
418 MLA ||r(i)||/||b|| 1.6674188531506601e-03
419 MLA ||r(i)||/||b|| 1.6552087702733061e-03
420 MLA ||r(i)||/||b|| 1.6431749387614449e-03
421 MLA ||r(i)||/||b|| 1.6313159032958302e-03
422 MLA ||r(i)||/||b|| 1.6196303034891565e-03
423 MLA ||r(i)||/||b|| 1.6081168063916227e-03
424 MLA ||r(i)||/||b|| 1.5967739956936190e-03
425 MLA ||r(i)||/||b|| 1.5856006254976896e-03
426 MLA ||r(i)||/||b|| 1.5745953056832077e-03
427 MLA ||r(i)||/||b|| 1.5637566368449578e-03
428 MLA ||r(i)||/||b|| 1.5530833259936499e-03
429 MLA ||r(i)||/||b|| 1.5425740474473409e-03
430 MLA ||r(i)||/||b|| 1.5322274725845389e-03
431 MLA ||r(i)||/||b|| 1.5220422841968069e-03
432 MLA ||r(i)||/||b|| 1.5120171553702629e-03
433 MLA ||r(i)||/||b|| 1.5021506725416108e-03
434 MLA ||r(i)||/||b|| 1.4924415822402308e-03
435 MLA ||r(i)||/||b|| 1.4828885356912979e-03
436 MLA ||r(i)||/||b|| 1.4734902536647275e-03
437 MLA ||r(i)||/||b|| 1.4642453578274494e-03
438 MLA ||r(i)||/||b|| 1.4551524756099405e-03
439 MLA ||r(i)||/||b|| 1.4462103868093398e-03
440 MLA ||r(i)||/||b|| 1.4374176498318943e-03
441 MLA ||r(i)||/||b|| 1.4287729623683053e-03
442 MLA ||r(i)||/||b|| 1.4202749739506357e-03
443 MLA ||r(i)||/||b|| 1.4119223409286524e-03
444 MLA ||r(i)||/||b|| 1.4037137753987597e-03
445 MLA ||r(i)||/||b|| 1.3956479261567156e-03
446 MLA ||r(i)||/||b|| 1.3877233141304473e-03
447 MLA ||r(i)||/||b|| 1.3799386725141484e-03
448 MLA ||r(i)||/||b|| 1.3722926432386462e-03
449 MLA ||r(i)||/||b|| 1.3647838063172951e-03
450 MLA ||r(i)||/||b|| 1.3574108173003937e-03
451 MLA ||r(i)||/||b|| 1.3501723301592215e-03
452 MLA ||r(i)||/||b|| 1.3430669057255132e-03
453 MLA ||r(i)||/||b|| 1.3360931573667065e-03
454 MLA ||r(i)||/||b|| 1.3292497519705889e-03
455 MLA ||r(i)||/||b|| 1.3225352579769774e-03
456 MLA ||r(i)||/||b|| 1.3159482878081538e-03
457 MLA ||r(i)||/||b|| 1.3094874485095503e-03
458 MLA ||r(i)||/||b|| 1.3031513197455306e-03
459 MLA ||r(i)||/||b|| 1.2969384835504951e-03
460 MLA ||r(i)||/||b|| 1.2908475273700638e-03
461 MLA ||r(i)||/||b|| 1.2848769814329042e-03
462 MLA ||r(i)||/||b|| 1.2790255656147797e-03
463 MLA ||r(i)||/||b|| 1.2732916072098572e-03
464 MLA ||r(i)||/||b|| 1.2676738845384364e-03
465 MLA ||r(i)||/||b|| 1.2621709157053008e-03
466 MLA ||r(i)||/||b|| 1.2567812191190183e-03
467 MLA ||r(i)||/||b|| 1.2515033735452518e-03
468 MLA ||r(i)||/||b|| 1.2463359701940645e-03
469 MLA ||r(i)||/||b|| 1.2412774773753730e-03
470 MLA ||r(i)||/||b|| 1.2363265110969291e-03
471 MLA ||r(i)||/||b|| 1.2314815879309778e-03
472 MLA ||r(i)||/||b|| 1.2267413103271331e-03
473 MLA ||r(i)||/||b|| 1.2221041427693524e-03
474 MLA ||r(i)||/||b|| 1.2175687303879041e-03
475 MLA ||r(i)||/||b|| 1.2131335554932223e-03
476 MLA ||r(i)||/||b|| 1.2087971742681088e-03
477 MLA ||r(i)||/||b|| 1.2045581187931449e-03
478 MLA ||r(i)||/||b|| 1.2004149972913787e-03
479 MLA ||r(i)||/||b|| 1.1963662610795158e-03
480 MLA ||r(i)||/||b|| 1.1924105201373044e-03
481 MLA ||r(i)||/||b|| 1.1885464064994987e-03
482 MLA ||r(i)||/||b|| 1.1847724069817972e-03
483 MLA ||r(i)||/||b|| 1.1810869903472966e-03
484 MLA ||r(i)||/||b|| 1.1774888682513863e-03
485 MLA ||r(i)||/||b|| 1.1739765370957053e-03
486 MLA ||r(i)||/||b|| 1.1705485471586302e-03
487 MLA ||r(i)||/||b|| 1.1672034756313239e-03
488 MLA ||r(i)||/||b|| 1.1639399474824403e-03
489 MLA ||r(i)||/||b|| 1.1607565088369660e-03
490 MLA ||r(i)||/||b|| 1.1576518047083167e-03
491 MLA ||r(i)||/||b|| 1.1546243691412175e-03
492 MLA ||r(i)||/||b|| 1.1516728542781971e-03
493 MLA ||r(i)||/||b|| 1.1487958230669329e-03
494 MLA ||r(i)||/||b|| 1.1459919750305234e-03
495 MLA ||r(i)||/||b|| 1.1432598554465684e-03
496 MLA ||r(i)||/||b|| 1.1405981285813917e-03
497 MLA ||r(i)||/||b|| 1.1380054488323674e-03
498 MLA ||r(i)||/||b|| 1.1354804631133694e-03
499 MLA ||r(i)||/||b|| 1.1330218371146180e-03
500 MLA ||r(i)||/||b|| 1.1306282214120604e-03
501 MLA ||r(i)||/||b|| 1.1282983157586818e-03
502 MLA ||r(i)||/||b|| 1.1260308271717309e-03
503 MLA ||r(i)||/||b|| 1.1238244572391179e-03
504 MLA ||r(i)||/||b|| 1.1216778778493721e-03
505 MLA ||r(i)||/||b|| 1.1195898311039713e-03
506 MLA ||r(i)||/||b|| 1.1175591056961968e-03
507 MLA ||r(i)||/||b|| 1.1155843747444301e-03
508 MLA ||r(i)||/||b|| 1.1136644141417041e-03
509 MLA ||r(i)||/||b|| 1.1117980590131717e-03
510 MLA ||r(i)||/||b|| 1.1099839678673821e-03
511 MLA ||r(i)||/||b|| 1.1082210994314199e-03
512 MLA ||r(i)||/||b|| 1.1065081319732064e-03
513 MLA ||r(i)||/||b|| 1.1048439545536665e-03
514 MLA ||r(i)||/||b|| 1.1032273896389229e-03
515 MLA ||r(i)||/||b|| 1.1016572728527842e-03
516 MLA ||r(i)||/||b|| 1.1001324969019534e-03
517 MLA ||r(i)||/||b|| 1.0986519569094405e-03
518 MLA ||r(i)||/||b|| 1.0972145474296199e-03
519 MLA ||r(i)||/||b|| 1.0958190659131567e-03
520 MLA ||r(i)||/||b|| 1.0944645753771431e-03
521 MLA ||r(i)||/||b|| 1.0931499447029485e-03
522 MLA ||r(i)||/||b|| 1.0918740554682247e-03
523 MLA ||r(i)||/||b|| 1.0906359458345768e-03
524 MLA ||r(i)||/||b|| 1.0894345819797376e-03
525 MLA ||r(i)||/||b|| 1.0882689878187156e-03
526 MLA ||r(i)||/||b|| 1.0871381123514123e-03
527 MLA ||r(i)||/||b|| 1.0860410426746228e-03
528 MLA ||r(i)||/||b|| 1.0849767247444542e-03
529 MLA ||r(i)||/||b|| 1.0839443351430521e-03
530 MLA ||r(i)||/||b|| 1.0829428311760795e-03
531 MLA ||r(i)||/||b|| 1.0819713445905357e-03
532 MLA ||r(i)||/||b|| 1.0810288934038704e-03
533 MLA ||r(i)||/||b|| 1.0801146622198073e-03
534 MLA ||r(i)||/||b|| 1.0792278272278174e-03
535 MLA ||r(i)||/||b|| 1.0783673709845723e-03
536 MLA ||r(i)||/||b|| 1.0775325874447441e-03
537 MLA ||r(i)||/||b|| 1.0767225904565699e-03
538 MLA ||r(i)||/||b|| 1.0759365403982431e-03
539 MLA ||r(i)||/||b|| 1.0751736732077322e-03
540 MLA ||r(i)||/||b|| 1.0744331066133456e-03
541 MLA ||r(i)||/||b|| 1.0737142046713833e-03
542 MLA ||r(i)||/||b|| 1.0730161089006396e-03
543 MLA ||r(i)||/||b|| 1.0723381759283439e-03
544 MLA ||r(i)||/||b|| 1.0716795041541868e-03
545 MLA ||r(i)||/||b|| 1.0710395377040106e-03
546 MLA ||r(i)||/||b|| 1.0704174595582610e-03
547 MLA ||r(i)||/||b|| 1.0698126580269524e-03
548 MLA ||r(i)||/||b|| 1.0692244591287586e-03
549 MLA ||r(i)||/||b|| 1.0686520322780284e-03
550 MLA ||r(i)||/||b|| 1.0680949264784542e-03
551 MLA ||r(i)||/||b|| 1.0675523656021658e-03
552 MLA ||r(i)||/||b|| 1.0670238546431107e-03
553 MLA ||r(i)||/||b|| 1.0665086325394300e-03
554 MLA ||r(i)||/||b|| 1.0660061284913785e-03
555 MLA ||r(i)||/||b|| 1.0655158554661536e-03
556 MLA ||r(i)||/||b|| 1.0650371896551675e-03
557 MLA ||r(i)||/||b|| 1.0645695122430924e-03
558 MLA ||r(i)||/||b|| 1.0641123679347693e-03
559 MLA ||r(i)||/||b|| 1.0636650978155169e-03
560 MLA ||r(i)||/||b|| 1.0632272803891597e-03
561 MLA ||r(i)||/||b|| 1.0627983091038684e-03
562 MLA ||r(i)||/||b|| 1.0623777678040397e-03
563 MLA ||r(i)||/||b|| 1.0619650683720888e-03
564 MLA ||r(i)||/||b|| 1.0615598570814138e-03
565 MLA ||r(i)||/||b|| 1.0611614871599043e-03
566 MLA ||r(i)||/||b|| 1.0607697033487976e-03
567 MLA ||r(i)||/||b|| 1.0603838685953309e-03
568 MLA ||r(i)||/||b|| 1.0600036295125871e-03
569 MLA ||r(i)||/||b|| 1.0596286061036930e-03
570 MLA ||r(i)||/||b|| 1.0592582758063860e-03
571 MLA ||r(i)||/||b|| 1.0588922827190102e-03
572 MLA ||r(i)||/||b|| 1.0585302443513545e-03
573 MLA ||r(i)||/||b|| 1.0581717161186706e-03
574 MLA ||r(i)||/||b|| 1.0578164104152830e-03
575 MLA ||r(i)||/||b|| 1.0574638125263203e-03
576 MLA ||r(i)||/||b|| 1.0571137101445661e-03
577 MLA ||r(i)||/||b|| 1.0567656851114288e-03
578 MLA ||r(i)||/||b|| 1.0564193728237721e-03
579 MLA ||r(i)||/||b|| 1.0560745040979309e-03
580 MLA ||r(i)||/||b|| 1.0557306985130102e-03
581 MLA ||r(i)||/||b|| 1.0553876786534959e-03
582 MLA ||r(i)||/||b|| 1.0550450889675463e-03
583 MLA ||r(i)||/||b|| 1.0547026630547812e-03
584 MLA ||r(i)||/||b|| 1.0543601233784460e-03
585 MLA ||r(i)||/||b|| 1.0540171972308573e-03
586 MLA ||r(i)||/||b|| 1.0536735802734074e-03
587 MLA ||r(i)||/||b|| 1.0533289245760978e-03
588 MLA ||r(i)||/||b|| 1.0529830974078955e-03
589 MLA ||r(i)||/||b|| 1.0526357233853660e-03
590 MLA ||r(i)||/||b|| 1.0522866606044476e-03
591 MLA ||r(i)||/||b|| 1.0519356879708926e-03
592 MLA ||r(i)||/||b|| 1.0515825280722289e-03
593 MLA ||r(i)||/||b|| 1.0512269940892551e-03
594 MLA ||r(i)||/||b|| 1.0508687278575988e-03
595 MLA ||r(i)||/||b|| 1.0505076285374983e-03
596 MLA ||r(i)||/||b|| 1.0501435252894926e-03
597 MLA ||r(i)||/||b|| 1.0497761422283275e-03
598 MLA ||r(i)||/||b|| 1.0494052523342806e-03
599 MLA ||r(i)||/||b|| 1.0490308474184308e-03
600 MLA ||r(i)||/||b|| 1.0486525397423677e-03
601 MLA ||r(i)||/||b|| 1.0482702991448554e-03
602 MLA ||r(i)||/||b|| 1.0478839280880262e-03
603 MLA ||r(i)||/||b|| 1.0474932209265553e-03
604 MLA ||r(i)||/||b|| 1.0470980172797360e-03
605 MLA ||r(i)||/||b|| 1.0466982112933064e-03
606 MLA ||r(i)||/||b|| 1.0462935660049159e-03
607 MLA ||r(i)||/||b|| 1.0458840974836795e-03
608 MLA ||r(i)||/||b|| 1.0454694997540717e-03
609 MLA ||r(i)||/||b|| 1.0450497621062446e-03
610 MLA ||r(i)||/||b|| 1.0446247078744475e-03
611 MLA ||r(i)||/||b|| 1.0441942045428768e-03
612 MLA ||r(i)||/||b|| 1.0437581547805726e-03
613 MLA ||r(i)||/||b|| 1.0433164137372039e-03
614 MLA ||r(i)||/||b|| 1.0428689093227846e-03
615 MLA ||r(i)||/||b|| 1.0424155523981022e-03
616 MLA ||r(i)||/||b|| 1.0419562095674410e-03
617 MLA ||r(i)||/||b|| 1.0414907507310808e-03
618 MLA ||r(i)||/||b|| 1.0410191584605346e-03
619 MLA ||r(i)||/||b|| 1.0405412771492518e-03
620 MLA ||r(i)||/||b|| 1.0400570171130276e-03
621 MLA ||r(i)||/||b|| 1.0395663992571560e-03
622 MLA ||r(i)||/||b|| 1.0390692540043563e-03
623 MLA ||r(i)||/||b|| 1.0385655569148371e-03
624 MLA ||r(i)||/||b|| 1.0380551816057666e-03
625 MLA ||r(i)||/||b|| 1.0375381483608245e-03
626 MLA ||r(i)||/||b|| 1.0370143153306491e-03
627 MLA ||r(i)||/||b|| 1.0364836563520705e-03
628 MLA ||r(i)||/||b|| 1.0359461338205257e-03
629 MLA ||r(i)||/||b|| 1.0354016045804135e-03
630 MLA ||r(i)||/||b|| 1.0348501658373861e-03
631 MLA ||r(i)||/||b|| 1.0342915915755879e-03
632 MLA ||r(i)||/||b|| 1.0337259442219572e-03
633 MLA ||r(i)||/||b|| 1.0331532265072958e-03
634 MLA ||r(i)||/||b|| 1.0325732933803317e-03
635 MLA ||r(i)||/||b|| 1.0319861936657225e-03
636 MLA ||r(i)||/||b|| 1.0313919113538038e-03
637 MLA ||r(i)||/||b|| 1.0307903324052528e-03
638 MLA ||r(i)||/||b|| 1.0301813971461873e-03
639 MLA ||r(i)||/||b|| 1.0295651769493194e-03
640 MLA ||r(i)||/||b|| 1.0289416159885631e-03
641 MLA ||r(i)||/||b|| 1.0283107299540004e-03
642 MLA ||r(i)||/||b|| 1.0276724149491511e-03
643 MLA ||r(i)||/||b|| 1.0270267422350359e-03
644 MLA ||r(i)||/||b|| 1.0263736135640740e-03
645 MLA ||r(i)||/||b|| 1.0257130719943861e-03
646 MLA ||r(i)||/||b|| 1.0250451585488850e-03
647 MLA ||r(i)||/||b|| 1.0243697772616769e-03
648 MLA ||r(i)||/||b|| 1.0236869812939868e-03
649 MLA ||r(i)||/||b|| 1.0229966489494692e-03
650 MLA ||r(i)||/||b|| 1.0222989079486297e-03
651 MLA ||r(i)||/||b|| 1.0215937128651741e-03
652 MLA ||r(i)||/||b|| 1.0208809921441308e-03
653 MLA ||r(i)||/||b|| 1.0201609440202411e-03
654 MLA ||r(i)||/||b|| 1.0194333368525564e-03
655 MLA ||r(i)||/||b|| 1.0186983323515941e-03
656 MLA ||r(i)||/||b|| 1.0179559022890138e-03
657 MLA ||r(i)||/||b|| 1.0172060459923112e-03
658 MLA ||r(i)||/||b|| 1.0164487869600547e-03
659 MLA ||r(i)||/||b|| 1.0156841270048914e-03
660 MLA ||r(i)||/||b|| 1.0149120596405230e-03
661 MLA ||r(i)||/||b|| 1.0141326582500236e-03
662 MLA ||r(i)||/||b|| 1.0133458493331775e-03
663 MLA ||r(i)||/||b|| 1.0125517340919335e-03
664 MLA ||r(i)||/||b|| 1.0117502824298491e-03
665 MLA ||r(i)||/||b|| 1.0109415718210851e-03
666 MLA ||r(i)||/||b|| 1.0101255695184048e-03
667 MLA ||r(i)||/||b|| 1.0093022544411939e-03
668 MLA ||r(i)||/||b|| 1.0084717618229380e-03
669 MLA ||r(i)||/||b|| 1.0076341114051565e-03
670 MLA ||r(i)||/||b|| 1.0067891795546061e-03
671 MLA ||r(i)||/||b|| 1.0059371704709205e-03
672 MLA ||r(i)||/||b|| 1.0050780111108782e-03
673 MLA ||r(i)||/||b|| 1.0042116875318265e-03
674 MLA ||r(i)||/||b|| 1.0033382944806312e-03
675 MLA ||r(i)||/||b|| 1.0024579853831382e-03
676 MLA ||r(i)||/||b|| 1.0015705784748666e-03
677 MLA ||r(i)||/||b|| 1.0006761901650426e-03
678 MLA ||r(i)||/||b|| 9.9977488843275503e-04
679 MLA ||r(i)||/||b|| 9.9886664483331646e-04
680 MLA ||r(i)||/||b|| 9.9795157906218076e-04
681 MLA ||r(i)||/||b|| 9.9702966500020700e-04
682 MLA ||r(i)||/||b|| 9.9610097170924755e-04
683 MLA ||r(i)||/||b|| 9.9516537738287745e-04
684 MLA ||r(i)||/||b|| 9.9422320213011909e-04
685 MLA ||r(i)||/||b|| 9.9327428837539793e-04
686 MLA ||r(i)||/||b|| 9.9231871833594721e-04
687 MLA ||r(i)||/||b|| 9.9135657779604396e-04
688 MLA ||r(i)||/||b|| 9.9038778878844397e-04
689 MLA ||r(i)||/||b|| 9.8941249264168966e-04
690 MLA ||r(i)||/||b|| 9.8843063194905796e-04
691 MLA ||r(i)||/||b|| 9.8744245456904587e-04
692 MLA ||r(i)||/||b|| 9.8644778242246416e-04
693 MLA ||r(i)||/||b|| 9.8544675145953225e-04
694 MLA ||r(i)||/||b|| 9.8443940258515915e-04
695 MLA ||r(i)||/||b|| 9.8342575881259480e-04
696 MLA ||r(i)||/||b|| 9.8240590543691598e-04
697 MLA ||r(i)||/||b|| 9.8137983439349104e-04
698 MLA ||r(i)||/||b|| 9.8034766038772618e-04
699 MLA ||r(i)||/||b|| 9.7930928487207367e-04
700 MLA ||r(i)||/||b|| 9.7826491642500160e-04
701 MLA ||r(i)||/||b|| 9.7721448870914315e-04
702 MLA ||r(i)||/||b|| 9.7615816269317282e-04
703 MLA ||r(i)||/||b|| 9.7509583090966902e-04
704 MLA ||r(i)||/||b|| 9.7402767577180150e-04
705 MLA ||r(i)||/||b|| 9.7295363749627813e-04
706 MLA ||r(i)||/||b|| 9.7187386673239684e-04
707 MLA ||r(i)||/||b|| 9.7078825102981249e-04
708 MLA ||r(i)||/||b|| 3.8614186909693847e-03
709 MLA ||r(i)||/||b|| 2.9256295972967124e-03
710 MLA ||r(i)||/||b|| 1.8578599181274791e-03
711 MLA ||r(i)||/||b|| 1.4520706788265498e-03
712 MLA ||r(i)||/||b|| 1.2743672232843049e-03
713 MLA ||r(i)||/||b|| 1.1861122417882494e-03
714 MLA ||r(i)||/||b|| 1.1396228638300594e-03
715 MLA ||r(i)||/||b|| 1.1054695140077994e-03
716 MLA ||r(i)||/||b|| 1.0792943778686719e-03
717 MLA ||r(i)||/||b|| 4.0269964733605380e-03
718 MLA ||r(i)||/||b|| 2.9913817921289809e-03
719 MLA ||r(i)||/||b|| 1.8755917262857197e-03
720 MLA ||r(i)||/||b|| 3.6024596796984791e-03
721 MLA ||r(i)||/||b|| 2.8945806042483704e-03
722 MLA ||r(i)||/||b|| 1.9165219129143134e-03
723 MLA ||r(i)||/||b|| 1.5849945187449371e-03
724 MLA ||r(i)||/||b|| 1.4392596169417132e-03
725 MLA ||r(i)||/||b|| 1.3435409750131835e-03
726 MLA ||r(i)||/||b|| 1.2695953573215422e-03
727 MLA ||r(i)||/||b|| 1.2070658350529857e-03
728 MLA ||r(i)||/||b|| 1.1555199973740378e-03
729 MLA ||r(i)||/||b|| 1.1120619074893288e-03
730 MLA ||r(i)||/||b|| 1.0733329491790866e-03
731 MLA ||r(i)||/||b|| 1.0387006552380936e-03
732 MLA ||r(i)||/||b|| 1.0090379758003897e-03
733 MLA ||r(i)||/||b|| 9.8475852048434992e-04
734 MLA ||r(i)||/||b|| 4.0075418640633971e-03
735 MLA ||r(i)||/||b|| 3.0001166863875849e-03
736 MLA ||r(i)||/||b|| 1.8735360902662687e-03
737 MLA ||r(i)||/||b|| 1.4258657571102596e-03
738 MLA ||r(i)||/||b|| 1.2153055831148061e-03
739 MLA ||r(i)||/||b|| 3.4146511443313467e-03
740 MLA ||r(i)||/||b|| 2.4679180770226703e-03
741 MLA ||r(i)||/||b|| 1.5482958773836097e-03
742 MLA ||r(i)||/||b|| 1.2651817598812538e-03
743 MLA ||r(i)||/||b|| 1.1655239212926226e-03
744 MLA ||r(i)||/||b|| 1.1134498373121839e-03
745 MLA ||r(i)||/||b|| 1.0808322576169322e-03
746 MLA ||r(i)||/||b|| 1.0502748728242596e-03
747 MLA ||r(i)||/||b|| 1.0209206582825251e-03
748 MLA ||r(i)||/||b|| 4.1479722108766276e-03
749 MLA ||r(i)||/||b|| 3.0533949149037839e-03
750 MLA ||r(i)||/||b|| 1.8758527126589853e-03
751 MLA ||r(i)||/||b|| 1.4235302412098302e-03
752 MLA ||r(i)||/||b|| 1.2206178995182253e-03
753 MLA ||r(i)||/||b|| 1.1163902165576244e-03
754 MLA ||r(i)||/||b|| 1.0581381069509203e-03
755 MLA ||r(i)||/||b|| 1.0134495222562890e-03
756 MLA ||r(i)||/||b|| 9.7984609237328668e-04
757 MLA ||r(i)||/||b|| 9.5662251396543376e-04
758 MLA ||r(i)||/||b|| 9.3918031540647824e-04
759 MLA ||r(i)||/||b|| 9.2419241085322081e-04
760 MLA ||r(i)||/||b|| 9.1084408137691796e-04
761 MLA ||r(i)||/||b|| 8.9938650924272824e-04
762 MLA ||r(i)||/||b|| 8.8997907140149729e-04
763 MLA ||r(i)||/||b|| 2.0650140485713921e-03
764 MLA ||r(i)||/||b|| 1.6188431108567424e-03
765 MLA ||r(i)||/||b|| 1.1603946801450225e-03
766 MLA ||r(i)||/||b|| 1.0050076590999650e-03
767 MLA ||r(i)||/||b|| 9.4321268505609651e-04
768 MLA ||r(i)||/||b|| 9.1537563593238006e-04
769 MLA ||r(i)||/||b|| 9.0235198190334424e-04
770 MLA ||r(i)||/||b|| 8.9399196898798318e-04
771 MLA ||r(i)||/||b|| 8.8849327188268116e-04
772 MLA ||r(i)||/||b|| 8.8501406182050503e-04
773 MLA ||r(i)||/||b|| 8.8227592885203323e-04
774 MLA ||r(i)||/||b|| 8.7957896637663518e-04
775 MLA ||r(i)||/||b|| 8.7687878911121722e-04
776 MLA ||r(i)||/||b|| 8.7435738195814380e-04
777 MLA ||r(i)||/||b|| 8.7214353203633819e-04
778 MLA ||r(i)||/||b|| 8.7025717672044149e-04
779 MLA ||r(i)||/||b|| 8.6865744100480440e-04
780 MLA ||r(i)||/||b|| 3.5451675301424635e-03
781 MLA ||r(i)||/||b|| 2.6817802228611275e-03
782 MLA ||r(i)||/||b|| 1.6881437910064711e-03
783 MLA ||r(i)||/||b|| 3.5574751610536826e-03
784 MLA ||r(i)||/||b|| 2.8464935232144837e-03
785 MLA ||r(i)||/||b|| 1.8542008062332491e-03
786 MLA ||r(i)||/||b|| 1.5008846598147784e-03
787 MLA ||r(i)||/||b|| 1.3441482862880090e-03
788 MLA ||r(i)||/||b|| 1.2492580881094575e-03
789 MLA ||r(i)||/||b|| 1.1825541927304771e-03
790 MLA ||r(i)||/||b|| 1.1278543627914338e-03
791 MLA ||r(i)||/||b|| 1.0823422869764773e-03
792 MLA ||r(i)||/||b|| 1.0429573121054964e-03
793 MLA ||r(i)||/||b|| 1.0069298800112674e-03
794 MLA ||r(i)||/||b|| 9.7426987152627643e-04
795 MLA ||r(i)||/||b|| 9.4631579008177462e-04
796 MLA ||r(i)||/||b|| 3.8766045532283148e-03
797 MLA ||r(i)||/||b|| 2.8963116114392611e-03
798 MLA ||r(i)||/||b|| 1.7997702688521970e-03
799 MLA ||r(i)||/||b|| 1.3660705141099810e-03
800 MLA ||r(i)||/||b|| 2.6101644394448320e-03
801 MLA ||r(i)||/||b|| 1.9365674457033153e-03
802 MLA ||r(i)||/||b|| 1.3067227186807585e-03
803 MLA ||r(i)||/||b|| 1.1266703618747257e-03
804 MLA ||r(i)||/||b|| 1.0624451242898987e-03
805 MLA ||r(i)||/||b|| 1.0225671512050804e-03
806 MLA ||r(i)||/||b|| 9.9318846308239068e-04
807 MLA ||r(i)||/||b|| 9.6642683105367634e-04
808 MLA ||r(i)||/||b|| 9.4127972712384686e-04
809 MLA ||r(i)||/||b|| 9.1802979233785614e-04
810 MLA ||r(i)||/||b|| 8.9685437096722058e-04
811 MLA ||r(i)||/||b|| 8.7824465075058745e-04
812 MLA ||r(i)||/||b|| 8.6259028466419401e-04
813 MLA ||r(i)||/||b|| 3.6086340757271527e-03
814 MLA ||r(i)||/||b|| 2.7040860090154131e-03
815 MLA ||r(i)||/||b|| 1.6773688966939186e-03
816 MLA ||r(i)||/||b|| 1.2764462853575491e-03
817 MLA ||r(i)||/||b|| 1.0901038694593698e-03
818 MLA ||r(i)||/||b|| 9.9101149351821650e-04
819 MLA ||r(i)||/||b|| 9.3731187128362546e-04
820 MLA ||r(i)||/||b|| 1.1861616676829556e-03
821 MLA ||r(i)||/||b|| 9.9096901014574814e-04
822 MLA ||r(i)||/||b|| 8.7474831995337820e-04
823 MLA ||r(i)||/||b|| 8.5197757762845491e-04
824 MLA ||r(i)||/||b|| 3.8786200018175914e-03
825 MLA ||r(i)||/||b|| 2.8705310218707894e-03
826 MLA ||r(i)||/||b|| 1.7521355024936408e-03
827 MLA ||r(i)||/||b|| 1.3263861431441638e-03
828 MLA ||r(i)||/||b|| 1.1372655983219607e-03
829 MLA ||r(i)||/||b|| 1.0366126923984653e-03
830 MLA ||r(i)||/||b|| 9.7853155682531734e-04
831 MLA ||r(i)||/||b|| 9.3463310765495226e-04
832 MLA ||r(i)||/||b|| 9.0183028162971223e-04
833 MLA ||r(i)||/||b|| 8.7850794042872453e-04
834 MLA ||r(i)||/||b|| 8.6012627748468140e-04
835 MLA ||r(i)||/||b|| 8.4390926229940821e-04
836 MLA ||r(i)||/||b|| 8.2950032158474218e-04
837 MLA ||r(i)||/||b|| 8.1731187308981760e-04
838 MLA ||r(i)||/||b|| 8.0742961861866543e-04
839 MLA ||r(i)||/||b|| 7.9946987836896732e-04
840 MLA ||r(i)||/||b|| 7.9287115906800649e-04
841 MLA ||r(i)||/||b|| 7.8717234669304693e-04
842 MLA ||r(i)||/||b|| 7.8211704089934178e-04
843 MLA ||r(i)||/||b|| 7.7762040814918277e-04
844 MLA ||r(i)||/||b|| 7.7368947537781452e-04
845 MLA ||r(i)||/||b|| 7.7035744802971407e-04
846 MLA ||r(i)||/||b|| 7.6764640195367280e-04
847 MLA ||r(i)||/||b|| 7.6555320769218342e-04
848 MLA ||r(i)||/||b|| 7.6404648380960706e-04
849 MLA ||r(i)||/||b|| 7.6306990745881773e-04
850 MLA ||r(i)||/||b|| 7.6254791806826955e-04
851 MLA ||r(i)||/||b|| 7.6239365720478624e-04
852 MLA ||r(i)||/||b|| 7.6251633712595256e-04
853 MLA ||r(i)||/||b|| 7.6282888826030766e-04
854 MLA ||r(i)||/||b|| 3.4802659131268872e-03
855 MLA ||r(i)||/||b|| 2.6214024750133040e-03
856 MLA ||r(i)||/||b|| 1.6305770160644345e-03
857 MLA ||r(i)||/||b|| 2.9069190032933131e-03
858 MLA ||r(i)||/||b|| 2.3656964714736397e-03
859 MLA ||r(i)||/||b|| 1.5711539374756050e-03
860 MLA ||r(i)||/||b|| 1.3008320663719390e-03
861 MLA ||r(i)||/||b|| 1.1817291932248303e-03
862 MLA ||r(i)||/||b|| 1.1049544583714942e-03
863 MLA ||r(i)||/||b|| 1.0470220456068708e-03
864 MLA ||r(i)||/||b|| 9.9838880037030715e-04
865 MLA ||r(i)||/||b|| 9.5751691597356571e-04
866 MLA ||r(i)||/||b|| 9.2184462175580787e-04
867 MLA ||r(i)||/||b|| 8.8928029283629579e-04
868 MLA ||r(i)||/||b|| 8.6006721111559685e-04
869 MLA ||r(i)||/||b|| 8.3536110109113325e-04
870 MLA ||r(i)||/||b|| 8.1558124160082822e-04
871 MLA ||r(i)||/||b|| 8.0006889479495278e-04
872 MLA ||r(i)||/||b|| 7.8761472707004291e-04
873 MLA ||r(i)||/||b|| 7.7707165188030695e-04
874 MLA ||r(i)||/||b|| 7.6766780337682858e-04
875 MLA ||r(i)||/||b|| 3.2181248033590838e-03
876 MLA ||r(i)||/||b|| 2.4269239554435959e-03
877 MLA ||r(i)||/||b|| 1.5157872318951984e-03
878 MLA ||r(i)||/||b|| 1.1532701162887406e-03
879 MLA ||r(i)||/||b|| 9.8277197363624987e-04
880 MLA ||r(i)||/||b|| 8.9450027572105233e-04
881 MLA ||r(i)||/||b|| 8.4909388026836285e-04
882 MLA ||r(i)||/||b|| 8.1910171038959679e-04
883 MLA ||r(i)||/||b|| 7.9868899347611776e-04
884 MLA ||r(i)||/||b|| 7.8491251260102816e-04
885 MLA ||r(i)||/||b|| 7.7371943169329165e-04
886 MLA ||r(i)||/||b|| 7.6301072719571071e-04
887 MLA ||r(i)||/||b|| 7.5276039646758098e-04
888 MLA ||r(i)||/||b|| 7.4357805323375492e-04
889 MLA ||r(i)||/||b|| 7.3590057894381894e-04
890 MLA ||r(i)||/||b|| 7.2926387699444816e-04
891 MLA ||r(i)||/||b|| 7.2379825312210119e-04
892 MLA ||r(i)||/||b|| 7.1908288022928075e-04
893 MLA ||r(i)||/||b|| 7.1488359431497108e-04
894 MLA ||r(i)||/||b|| 7.1110154859252168e-04
895 MLA ||r(i)||/||b|| 7.0771504285701799e-04
896 MLA ||r(i)||/||b|| 3.6390264433194502e-03
897 MLA ||r(i)||/||b|| 2.7315564270537314e-03
898 MLA ||r(i)||/||b|| 1.6674351968177323e-03
899 MLA ||r(i)||/||b|| 1.2381438383646060e-03
900 MLA ||r(i)||/||b|| 1.0345077545333666e-03
901 MLA ||r(i)||/||b|| 9.2747460004605556e-04
902 MLA ||r(i)||/||b|| 8.7081421329428114e-04
903 MLA ||r(i)||/||b|| 3.8217839412858570e-03
904 MLA ||r(i)||/||b|| 2.7757169167342143e-03
905 MLA ||r(i)||/||b|| 1.6529510619925144e-03
906 MLA ||r(i)||/||b|| 1.2417500508348808e-03
907 MLA ||r(i)||/||b|| 1.0629496196454986e-03
908 MLA ||r(i)||/||b|| 9.6933912299190892e-04
909 MLA ||r(i)||/||b|| 9.1492777844148071e-04
910 MLA ||r(i)||/||b|| 8.6912780369294859e-04
911 MLA ||r(i)||/||b|| 8.3044018198493721e-04
912 MLA ||r(i)||/||b|| 8.0041830084520075e-04
913 MLA ||r(i)||/||b|| 7.7651021757960082e-04
914 MLA ||r(i)||/||b|| 7.5637163981852264e-04
915 MLA ||r(i)||/||b|| 7.3928305386444413e-04
916 MLA ||r(i)||/||b|| 7.2513898058410627e-04
917 MLA ||r(i)||/||b|| 7.1362989478340722e-04
918 MLA ||r(i)||/||b|| 7.0414102595882540e-04
919 MLA ||r(i)||/||b|| 6.9599633711397578e-04
920 MLA ||r(i)||/||b|| 6.8868991250564551e-04
921 MLA ||r(i)||/||b|| 6.8196363808773885e-04
922 MLA ||r(i)||/||b|| 6.7576007831151935e-04
923 MLA ||r(i)||/||b|| 6.7013139134843090e-04
924 MLA ||r(i)||/||b|| 6.6516062138905515e-04
925 MLA ||r(i)||/||b|| 3.3763378266072727e-03
926 MLA ||r(i)||/||b|| 2.5338494657335172e-03
927 MLA ||r(i)||/||b|| 1.5463487847866325e-03
928 MLA ||r(i)||/||b|| 1.1491511789969515e-03
929 MLA ||r(i)||/||b|| 9.6158816231268270e-04
930 MLA ||r(i)||/||b|| 8.6366840788225320e-04
931 MLA ||r(i)||/||b|| 8.1224711686811544e-04
932 MLA ||r(i)||/||b|| 7.7702766323084341e-04
933 MLA ||r(i)||/||b|| 7.5236725759571244e-04
934 MLA ||r(i)||/||b|| 7.3545890169836737e-04
935 MLA ||r(i)||/||b|| 7.2172780768713096e-04
936 MLA ||r(i)||/||b|| 7.0873697741216191e-04
937 MLA ||r(i)||/||b|| 6.9649113786035186e-04
938 MLA ||r(i)||/||b|| 6.8574136516870313e-04
939 MLA ||r(i)||/||b|| 6.7687489915198805e-04
940 MLA ||r(i)||/||b|| 6.6973100820109010e-04
941 MLA ||r(i)||/||b|| 6.6386518329138589e-04
942 MLA ||r(i)||/||b|| 6.5883843346512471e-04
943 MLA ||r(i)||/||b|| 6.5435727256172487e-04
944 MLA ||r(i)||/||b|| 3.7217832339611510e-03
945 MLA ||r(i)||/||b|| 2.7831108704402330e-03
946 MLA ||r(i)||/||b|| 1.6835586539418483e-03
947 MLA ||r(i)||/||b|| 1.2284794415370480e-03
948 MLA ||r(i)||/||b|| 1.0051795300463409e-03
949 MLA ||r(i)||/||b|| 8.8504656611759324e-04
950 MLA ||r(i)||/||b|| 8.2124580795683302e-04
951 MLA ||r(i)||/||b|| 3.8874840630692422e-03
952 MLA ||r(i)||/||b|| 2.8115079398877817e-03
953 MLA ||r(i)||/||b|| 1.6547060496740686e-03
954 MLA ||r(i)||/||b|| 1.2215757203271646e-03
955 MLA ||r(i)||/||b|| 1.0287284949664342e-03
956 MLA ||r(i)||/||b|| 3.7185663976679307e-03
957 MLA ||r(i)||/||b|| 2.6459364912068844e-03
958 MLA ||r(i)||/||b|| 1.5464259537453734e-03
959 MLA ||r(i)||/||b|| 1.1798613470394147e-03
960 MLA ||r(i)||/||b|| 1.0328471624064647e-03
961 MLA ||r(i)||/||b|| 9.4469389616879730e-04
962 MLA ||r(i)||/||b|| 8.9813807864566261e-04
963 MLA ||r(i)||/||b|| 8.2048279510819574e-04
964 MLA ||r(i)||/||b|| 7.7569111669435601e-04
965 MLA ||r(i)||/||b|| 7.4506309530815418e-04
966 MLA ||r(i)||/||b|| 7.1961051259964055e-04
967 MLA ||r(i)||/||b|| 6.9740867974791318e-04
968 MLA ||r(i)||/||b|| 6.7863960741995481e-04
969 MLA ||r(i)||/||b|| 6.6325498019737992e-04
970 MLA ||r(i)||/||b|| 6.5070748460310638e-04
971 MLA ||r(i)||/||b|| 6.4017784224489700e-04
972 MLA ||r(i)||/||b|| 6.3088729697465277e-04
973 MLA ||r(i)||/||b|| 6.2231520091095207e-04
974 MLA ||r(i)||/||b|| 6.1424498512693522e-04
975 MLA ||r(i)||/||b|| 6.0668745416090979e-04
976 MLA ||r(i)||/||b|| 5.9977006880546980e-04
977 MLA ||r(i)||/||b|| 5.9364473906327428e-04
978 MLA ||r(i)||/||b|| 5.8843057053093839e-04
979 MLA ||r(i)||/||b|| 5.8418757356511989e-04
980 MLA ||r(i)||/||b|| 5.8091044061242851e-04
981 MLA ||r(i)||/||b|| 5.7853738491826030e-04
982 MLA ||r(i)||/||b|| 3.6072516829890955e-03
983 MLA ||r(i)||/||b|| 2.6941069890082494e-03
984 MLA ||r(i)||/||b|| 1.6139885104905244e-03
985 MLA ||r(i)||/||b|| 1.1700594538447161e-03
986 MLA ||r(i)||/||b|| 9.5467448880618311e-04
987 MLA ||r(i)||/||b|| 8.3890846701653067e-04
988 MLA ||r(i)||/||b|| 7.7644002449010427e-04
989 MLA ||r(i)||/||b|| 7.3280410491085245e-04
990 MLA ||r(i)||/||b|| 7.0196294225268949e-04
991 MLA ||r(i)||/||b|| 6.8096120960962469e-04
992 MLA ||r(i)||/||b|| 6.6430154302286903e-04
993 MLA ||r(i)||/||b|| 6.4892391926786065e-04
994 MLA ||r(i)||/||b|| 6.3475422639367677e-04
995 MLA ||r(i)||/||b|| 6.2264919769380520e-04
996 MLA ||r(i)||/||b|| 6.1300854293869082e-04
997 MLA ||r(i)||/||b|| 6.0554108388737201e-04
998 MLA ||r(i)||/||b|| 5.9960837262421009e-04
999 MLA ||r(i)||/||b|| 5.9460158191360600e-04
1000 MLA ||r(i)||/||b|| 5.9012153213454377e-04
>>>> solve time: 16.018 (s)
>>>> ksp solve time: 0.031208 (s)
            || b ||_2 = 7.2042734251691598e-01
|| r ||_2 / || b ||_2 = 2.1516647020548739e+01
