Config file: ../input/config/mla_v_cycle-refine1.json
order_rbm = 1
angle_type = 1
==== basic information of linear system ====
matrix Row = 5340, matrix Column = 5340
matrix nz_allocated = 104619, matrix nz_used = 104619, matrix nz_unneeded = 0
vector Row = 5340
initial     || b ||_2 = 1.3851994067587832e+00
in level 1:
nodes in level 1 (coarse) is 55, less than 100, setup done!
>>>> setup time: 0.0461395 (s)
0 MLA ||r(i)||/||b|| 1.0000000000000000e+00
1 MLA ||r(i)||/||b|| 1.1232264776358974e+01
2 MLA ||r(i)||/||b|| 7.5682930824675942e+00
3 MLA ||r(i)||/||b|| 6.0697201246922221e+00
4 MLA ||r(i)||/||b|| 4.8996834892892398e+00
5 MLA ||r(i)||/||b|| 4.1066805669384872e+00
6 MLA ||r(i)||/||b|| 3.4354808179751353e+00
7 MLA ||r(i)||/||b|| 2.8119486856891576e+00
8 MLA ||r(i)||/||b|| 2.3177186249858144e+00
9 MLA ||r(i)||/||b|| 1.9992125175238553e+00
10 MLA ||r(i)||/||b|| 1.8239988139796899e+00
11 MLA ||r(i)||/||b|| 1.7221333753878363e+00
12 MLA ||r(i)||/||b|| 1.6375708259729533e+00
13 MLA ||r(i)||/||b|| 1.5451801803799079e+00
14 MLA ||r(i)||/||b|| 1.4419224176909300e+00
15 MLA ||r(i)||/||b|| 1.3338182954795215e+00
16 MLA ||r(i)||/||b|| 1.2277277683675869e+00
17 MLA ||r(i)||/||b|| 1.1282165231672823e+00
18 MLA ||r(i)||/||b|| 1.0373407398855514e+00
19 MLA ||r(i)||/||b|| 9.5546486609487791e-01
20 MLA ||r(i)||/||b|| 8.8209809611079837e-01
21 MLA ||r(i)||/||b|| 8.1641195569307634e-01
22 MLA ||r(i)||/||b|| 7.5747075464385527e-01
23 MLA ||r(i)||/||b|| 7.0432642124590683e-01
24 MLA ||r(i)||/||b|| 6.5609093004805130e-01
25 MLA ||r(i)||/||b|| 6.1201293575947613e-01
26 MLA ||r(i)||/||b|| 5.7153185062731260e-01
27 MLA ||r(i)||/||b|| 5.3428194069752621e-01
28 MLA ||r(i)||/||b|| 5.0004594308915329e-01
29 MLA ||r(i)||/||b|| 4.6868142435985100e-01
30 MLA ||r(i)||/||b|| 4.4004996397420176e-01
31 MLA ||r(i)||/||b|| 4.1397150826586704e-01
32 MLA ||r(i)||/||b|| 3.9021212790223408e-01
33 MLA ||r(i)||/||b|| 3.6850021274817446e-01
34 MLA ||r(i)||/||b|| 3.4855810278070209e-01
35 MLA ||r(i)||/||b|| 3.3013457473872554e-01
36 MLA ||r(i)||/||b|| 3.1302726739260206e-01
37 MLA ||r(i)||/||b|| 2.9709031158132393e-01
38 MLA ||r(i)||/||b|| 2.8222830761388573e-01
39 MLA ||r(i)||/||b|| 2.6838153818930471e-01
40 MLA ||r(i)||/||b|| 2.5550843538478446e-01
41 MLA ||r(i)||/||b|| 2.4357035550840442e-01
42 MLA ||r(i)||/||b|| 2.3252161789594308e-01
43 MLA ||r(i)||/||b|| 2.2230549549961628e-01
44 MLA ||r(i)||/||b|| 2.1285511348231198e-01
45 MLA ||r(i)||/||b|| 2.0409733872777841e-01
46 MLA ||r(i)||/||b|| 1.9595768496923116e-01
47 MLA ||r(i)||/||b|| 1.8836474913949039e-01
48 MLA ||r(i)||/||b|| 1.8125337967402438e-01
49 MLA ||r(i)||/||b|| 1.7456638729483473e-01
50 MLA ||r(i)||/||b|| 1.6825500545017338e-01
51 MLA ||r(i)||/||b|| 1.6227847928297484e-01
52 MLA ||r(i)||/||b|| 1.5660316819830103e-01
53 MLA ||r(i)||/||b|| 1.5120146442259136e-01
54 MLA ||r(i)||/||b|| 1.4605072220577328e-01
55 MLA ||r(i)||/||b|| 1.4113229969337007e-01
56 MLA ||r(i)||/||b|| 1.3643074699370278e-01
57 MLA ||r(i)||/||b|| 1.3193313664083725e-01
58 MLA ||r(i)||/||b|| 1.2762851758672514e-01
59 MLA ||r(i)||/||b|| 1.2350746877792750e-01
60 MLA ||r(i)||/||b|| 1.1956173315728516e-01
61 MLA ||r(i)||/||b|| 1.1578391820124657e-01
62 MLA ||r(i)||/||b|| 1.1216725488687383e-01
63 MLA ||r(i)||/||b|| 1.0870540671326305e-01
64 MLA ||r(i)||/||b|| 1.0539232594456252e-01
65 MLA ||r(i)||/||b|| 1.0222215119380317e-01
66 MLA ||r(i)||/||b|| 9.9189142014598733e-02
67 MLA ||r(i)||/||b|| 9.6287643113229723e-02
68 MLA ||r(i)||/||b|| 9.3512072977961921e-02
69 MLA ||r(i)||/||b|| 9.0856929718198517e-02
70 MLA ||r(i)||/||b|| 8.8316808813816747e-02
71 MLA ||r(i)||/||b|| 8.5886425603423702e-02
72 MLA ||r(i)||/||b|| 8.3560640209510567e-02
73 MLA ||r(i)||/||b|| 8.1334480425808611e-02
74 MLA ||r(i)||/||b|| 7.9203160742029197e-02
75 MLA ||r(i)||/||b|| 7.7162095794296906e-02
76 MLA ||r(i)||/||b|| 7.5206908910269196e-02
77 MLA ||r(i)||/||b|| 7.3333435041354991e-02
78 MLA ||r(i)||/||b|| 7.1537719268961672e-02
79 MLA ||r(i)||/||b|| 6.9816011446156082e-02
80 MLA ||r(i)||/||b|| 6.8164758052477750e-02
81 MLA ||r(i)||/||b|| 6.6580592351024065e-02
82 MLA ||r(i)||/||b|| 6.5060323438331541e-02
83 MLA ||r(i)||/||b|| 6.3600924811418963e-02
84 MLA ||r(i)||/||b|| 6.2199523450782057e-02
85 MLA ||r(i)||/||b|| 6.0853388688010220e-02
86 MLA ||r(i)||/||b|| 5.9559923099493317e-02
87 MLA ||r(i)||/||b|| 5.8316652843704457e-02
88 MLA ||r(i)||/||b|| 5.7121220385091570e-02
89 MLA ||r(i)||/||b|| 5.5971377208915742e-02
90 MLA ||r(i)||/||b|| 5.4864977398684157e-02
91 MLA ||r(i)||/||b|| 5.3799972648886918e-02
92 MLA ||r(i)||/||b|| 5.2774407470868215e-02
93 MLA ||r(i)||/||b|| 5.1786414728705446e-02
94 MLA ||r(i)||/||b|| 5.0834212128219806e-02
95 MLA ||r(i)||/||b|| 4.9916098746813548e-02
96 MLA ||r(i)||/||b|| 4.9030451795288178e-02
97 MLA ||r(i)||/||b|| 4.8175723778201410e-02
98 MLA ||r(i)||/||b|| 4.7350439498432310e-02
99 MLA ||r(i)||/||b|| 4.6553193366897172e-02
100 MLA ||r(i)||/||b|| 4.5782647051300890e-02
101 MLA ||r(i)||/||b|| 4.5037526597754014e-02
102 MLA ||r(i)||/||b|| 4.4316619742429182e-02
103 MLA ||r(i)||/||b|| 4.3618774117001581e-02
104 MLA ||r(i)||/||b|| 4.2942894194648834e-02
105 MLA ||r(i)||/||b|| 4.2287939108982348e-02
106 MLA ||r(i)||/||b|| 4.1652920288828187e-02
107 MLA ||r(i)||/||b|| 4.1036899365689487e-02
108 MLA ||r(i)||/||b|| 4.0438985861041804e-02
109 MLA ||r(i)||/||b|| 3.9858334954972749e-02
110 MLA ||r(i)||/||b|| 3.9294145470824264e-02
111 MLA ||r(i)||/||b|| 3.8745657758047510e-02
112 MLA ||r(i)||/||b|| 3.8212151835178940e-02
113 MLA ||r(i)||/||b|| 3.7692945394601773e-02
114 MLA ||r(i)||/||b|| 3.7187392104239839e-02
115 MLA ||r(i)||/||b|| 3.6694879581882812e-02
116 MLA ||r(i)||/||b|| 3.6214827872838043e-02
117 MLA ||r(i)||/||b|| 3.5746687843181385e-02
118 MLA ||r(i)||/||b|| 3.5289939541155710e-02
119 MLA ||r(i)||/||b|| 3.4844090645685340e-02
120 MLA ||r(i)||/||b|| 3.4408675103172630e-02
121 MLA ||r(i)||/||b|| 3.3983251632235950e-02
122 MLA ||r(i)||/||b|| 3.3567402451774205e-02
123 MLA ||r(i)||/||b|| 3.3160732097054058e-02
124 MLA ||r(i)||/||b|| 3.2762866080253361e-02
125 MLA ||r(i)||/||b|| 3.2373449818359733e-02
126 MLA ||r(i)||/||b|| 3.1992147649374934e-02
127 MLA ||r(i)||/||b|| 3.1618641441289133e-02
128 MLA ||r(i)||/||b|| 3.1252629957220154e-02
129 MLA ||r(i)||/||b|| 3.0893827871381698e-02
130 MLA ||r(i)||/||b|| 3.0541964641187139e-02
131 MLA ||r(i)||/||b|| 3.0196783968572529e-02
132 MLA ||r(i)||/||b|| 2.9858042821120184e-02
133 MLA ||r(i)||/||b|| 2.9525510600415715e-02
134 MLA ||r(i)||/||b|| 2.9198968739899207e-02
135 MLA ||r(i)||/||b|| 2.8878209728625082e-02
136 MLA ||r(i)||/||b|| 2.8563036553076408e-02
137 MLA ||r(i)||/||b|| 2.8253262229307147e-02
138 MLA ||r(i)||/||b|| 2.7948708984970122e-02
139 MLA ||r(i)||/||b|| 2.7649208133297569e-02
140 MLA ||r(i)||/||b|| 2.7354599035715570e-02
141 MLA ||r(i)||/||b|| 2.7064729050322003e-02
142 MLA ||r(i)||/||b|| 2.6779452955200643e-02
143 MLA ||r(i)||/||b|| 2.6498632390106375e-02
144 MLA ||r(i)||/||b|| 2.6222135664739396e-02
145 MLA ||r(i)||/||b|| 2.5949837321511255e-02
146 MLA ||r(i)||/||b|| 2.5681617657975355e-02
147 MLA ||r(i)||/||b|| 2.5417362608368639e-02
148 MLA ||r(i)||/||b|| 2.5156963341225861e-02
149 MLA ||r(i)||/||b|| 2.4900315841305268e-02
150 MLA ||r(i)||/||b|| 2.4647320831572384e-02
151 MLA ||r(i)||/||b|| 2.4397883334172438e-02
152 MLA ||r(i)||/||b|| 2.4151912655022572e-02
153 MLA ||r(i)||/||b|| 2.3909321930526986e-02
154 MLA ||r(i)||/||b|| 2.3670027929172596e-02
155 MLA ||r(i)||/||b|| 2.3433951123558661e-02
156 MLA ||r(i)||/||b|| 2.3201015185433119e-02
157 MLA ||r(i)||/||b|| 2.2971146907430819e-02
158 MLA ||r(i)||/||b|| 2.2744276118024358e-02
159 MLA ||r(i)||/||b|| 2.2520335385413540e-02
160 MLA ||r(i)||/||b|| 2.2299259951183759e-02
161 MLA ||r(i)||/||b|| 2.2080987592759848e-02
162 MLA ||r(i)||/||b|| 2.1865458459520645e-02
163 MLA ||r(i)||/||b|| 2.1652614992295958e-02
164 MLA ||r(i)||/||b|| 2.1442401843947346e-02
165 MLA ||r(i)||/||b|| 2.1234765629062770e-02
166 MLA ||r(i)||/||b|| 2.1029654873751236e-02
167 MLA ||r(i)||/||b|| 2.0827020086035031e-02
168 MLA ||r(i)||/||b|| 2.0626813218594948e-02
169 MLA ||r(i)||/||b|| 2.0428988232595632e-02
170 MLA ||r(i)||/||b|| 2.0233500570990520e-02
171 MLA ||r(i)||/||b|| 2.0040307092377471e-02
172 MLA ||r(i)||/||b|| 1.9849366151169178e-02
173 MLA ||r(i)||/||b|| 1.9660637514537047e-02
174 MLA ||r(i)||/||b|| 1.9474082089854981e-02
175 MLA ||r(i)||/||b|| 1.9289662192678539e-02
176 MLA ||r(i)||/||b|| 1.9107341255312025e-02
177 MLA ||r(i)||/||b|| 1.8927083897028484e-02
178 MLA ||r(i)||/||b|| 1.8748855703601481e-02
179 MLA ||r(i)||/||b|| 1.8572623406503994e-02
180 MLA ||r(i)||/||b|| 1.8398354664682728e-02
181 MLA ||r(i)||/||b|| 1.8226018015877733e-02
182 MLA ||r(i)||/||b|| 1.8055583074451521e-02
183 MLA ||r(i)||/||b|| 1.7887020239224286e-02
184 MLA ||r(i)||/||b|| 1.7720300562910036e-02
185 MLA ||r(i)||/||b|| 1.7555396097467185e-02
186 MLA ||r(i)||/||b|| 1.7392279593148128e-02
187 MLA ||r(i)||/||b|| 1.7230924557387325e-02
188 MLA ||r(i)||/||b|| 1.7071305126715498e-02
189 MLA ||r(i)||/||b|| 1.6913396099545709e-02
190 MLA ||r(i)||/||b|| 1.6757173006584230e-02
191 MLA ||r(i)||/||b|| 1.6602611906334112e-02
192 MLA ||r(i)||/||b|| 1.6449689448117661e-02
193 MLA ||r(i)||/||b|| 1.6298382873988181e-02
194 MLA ||r(i)||/||b|| 1.6148670036687237e-02
195 MLA ||r(i)||/||b|| 1.6000529189229052e-02
196 MLA ||r(i)||/||b|| 1.5853939246005821e-02
197 MLA ||r(i)||/||b|| 1.5708879470518494e-02
198 MLA ||r(i)||/||b|| 1.5565329590537386e-02
199 MLA ||r(i)||/||b|| 1.5423269838577012e-02
200 MLA ||r(i)||/||b|| 1.5282680880351781e-02
201 MLA ||r(i)||/||b|| 1.5143543771575139e-02
202 MLA ||r(i)||/||b|| 1.5005840039932189e-02
203 MLA ||r(i)||/||b|| 1.4869551526690132e-02
204 MLA ||r(i)||/||b|| 1.4734660477152406e-02
205 MLA ||r(i)||/||b|| 1.4601149508248401e-02
206 MLA ||r(i)||/||b|| 1.4469001521582639e-02
207 MLA ||r(i)||/||b|| 1.4338199814151898e-02
208 MLA ||r(i)||/||b|| 1.4208728030025619e-02
209 MLA ||r(i)||/||b|| 1.4080570049034319e-02
210 MLA ||r(i)||/||b|| 1.3953710141583633e-02
211 MLA ||r(i)||/||b|| 1.3828132808020555e-02
212 MLA ||r(i)||/||b|| 1.3703822841073276e-02
213 MLA ||r(i)||/||b|| 1.3580765414923037e-02
214 MLA ||r(i)||/||b|| 1.3458945837661149e-02
215 MLA ||r(i)||/||b|| 1.3338349644516287e-02
216 MLA ||r(i)||/||b|| 1.3218962736601014e-02
217 MLA ||r(i)||/||b|| 1.3100771288117425e-02
218 MLA ||r(i)||/||b|| 1.2983761624056346e-02
219 MLA ||r(i)||/||b|| 1.2867920209503942e-02
220 MLA ||r(i)||/||b|| 1.2753233866341406e-02
221 MLA ||r(i)||/||b|| 1.2639689626877757e-02
222 MLA ||r(i)||/||b|| 1.2527274662953267e-02
223 MLA ||r(i)||/||b|| 1.2415976363304996e-02
224 MLA ||r(i)||/||b|| 1.2305782380210545e-02
225 MLA ||r(i)||/||b|| 1.2196680505678147e-02
226 MLA ||r(i)||/||b|| 1.2088658783242553e-02
227 MLA ||r(i)||/||b|| 1.1981705216620718e-02
228 MLA ||r(i)||/||b|| 1.1875808235692157e-02
229 MLA ||r(i)||/||b|| 1.1770956380151071e-02
230 MLA ||r(i)||/||b|| 1.1667138228629166e-02
231 MLA ||r(i)||/||b|| 1.1564342668235023e-02
232 MLA ||r(i)||/||b|| 1.1462558683413235e-02
233 MLA ||r(i)||/||b|| 1.1361775459640875e-02
234 MLA ||r(i)||/||b|| 1.1261982238508099e-02
235 MLA ||r(i)||/||b|| 1.1163168466828891e-02
236 MLA ||r(i)||/||b|| 1.1065323778386121e-02
237 MLA ||r(i)||/||b|| 1.0968437812707591e-02
238 MLA ||r(i)||/||b|| 1.0872500446064377e-02
239 MLA ||r(i)||/||b|| 1.0777501700045039e-02
240 MLA ||r(i)||/||b|| 1.0683431680167468e-02
241 MLA ||r(i)||/||b|| 1.0590280659431864e-02
242 MLA ||r(i)||/||b|| 1.0498038954606803e-02
243 MLA ||r(i)||/||b|| 1.0406697089637089e-02
244 MLA ||r(i)||/||b|| 1.0316245614829998e-02
245 MLA ||r(i)||/||b|| 1.0226675428895486e-02
246 MLA ||r(i)||/||b|| 1.0137977191952266e-02
247 MLA ||r(i)||/||b|| 1.0050141828699071e-02
248 MLA ||r(i)||/||b|| 9.9631604974653974e-03
249 MLA ||r(i)||/||b|| 9.8770243543999901e-03
250 MLA ||r(i)||/||b|| 9.7917246707808561e-03
251 MLA ||r(i)||/||b|| 9.7072527756686157e-03
252 MLA ||r(i)||/||b|| 9.6236001854570537e-03
253 MLA ||r(i)||/||b|| 9.5407584642639032e-03
254 MLA ||r(i)||/||b|| 9.4587192677679181e-03
255 MLA ||r(i)||/||b|| 9.3774743436989844e-03
256 MLA ||r(i)||/||b|| 9.2970156185168684e-03
257 MLA ||r(i)||/||b|| 9.2173349531409158e-03
258 MLA ||r(i)||/||b|| 9.1384243907217198e-03
259 MLA ||r(i)||/||b|| 9.0602761067047725e-03
260 MLA ||r(i)||/||b|| 8.9828823228685125e-03
261 MLA ||r(i)||/||b|| 8.9062352825408520e-03
262 MLA ||r(i)||/||b|| 8.8303274098808938e-03
263 MLA ||r(i)||/||b|| 8.7551512096245617e-03
264 MLA ||r(i)||/||b|| 8.6806991464482754e-03
265 MLA ||r(i)||/||b|| 8.6069639654037314e-03
266 MLA ||r(i)||/||b|| 8.5339382997102354e-03
267 MLA ||r(i)||/||b|| 8.4616149901108832e-03
268 MLA ||r(i)||/||b|| 8.3899868311014553e-03
269 MLA ||r(i)||/||b|| 8.3190468754837966e-03
270 MLA ||r(i)||/||b|| 8.2487879903218268e-03
271 MLA ||r(i)||/||b|| 8.1792033521062985e-03
272 MLA ||r(i)||/||b|| 8.1102861566063767e-03
273 MLA ||r(i)||/||b|| 8.0420296201721437e-03
274 MLA ||r(i)||/||b|| 7.9744270778210283e-03
275 MLA ||r(i)||/||b|| 7.9074719119772117e-03
276 MLA ||r(i)||/||b|| 7.8411575118085830e-03
277 MLA ||r(i)||/||b|| 7.7754774359305324e-03
278 MLA ||r(i)||/||b|| 7.7104252486756295e-03
279 MLA ||r(i)||/||b|| 7.6459946438674695e-03
280 MLA ||r(i)||/||b|| 7.5821793807039706e-03
281 MLA ||r(i)||/||b|| 7.5189731834421738e-03
282 MLA ||r(i)||/||b|| 7.4563698995903840e-03
283 MLA ||r(i)||/||b|| 7.3943633932248331e-03
284 MLA ||r(i)||/||b|| 7.3329477357750011e-03
285 MLA ||r(i)||/||b|| 7.2721169217008219e-03
286 MLA ||r(i)||/||b|| 7.2118651176524351e-03
287 MLA ||r(i)||/||b|| 7.1521863640039958e-03
288 MLA ||r(i)||/||b|| 7.0930749981667450e-03
289 MLA ||r(i)||/||b|| 7.0345252895177447e-03
290 MLA ||r(i)||/||b|| 6.9765315321710627e-03
291 MLA ||r(i)||/||b|| 6.9190881420476864e-03
292 MLA ||r(i)||/||b|| 6.8621895960919825e-03
293 MLA ||r(i)||/||b|| 6.8058303679156117e-03
294 MLA ||r(i)||/||b|| 6.7500050190343417e-03
295 MLA ||r(i)||/||b|| 6.6947082351852061e-03
296 MLA ||r(i)||/||b|| 6.6399347487263562e-03
297 MLA ||r(i)||/||b|| 6.5856792055083930e-03
298 MLA ||r(i)||/||b|| 6.5319364071410382e-03
299 MLA ||r(i)||/||b|| 6.4787011809775497e-03
300 MLA ||r(i)||/||b|| 6.4259685103833881e-03
301 MLA ||r(i)||/||b|| 6.3737333142477636e-03
302 MLA ||r(i)||/||b|| 6.3219905520056950e-03
303 MLA ||r(i)||/||b|| 6.2707353229466585e-03
304 MLA ||r(i)||/||b|| 6.2199627437404814e-03
305 MLA ||r(i)||/||b|| 6.1696679924932466e-03
306 MLA ||r(i)||/||b|| 6.1198462432882463e-03
307 MLA ||r(i)||/||b|| 6.0704927205626827e-03
308 MLA ||r(i)||/||b|| 6.0216027432991167e-03
309 MLA ||r(i)||/||b|| 5.9731717017268843e-03
310 MLA ||r(i)||/||b|| 5.9251950013280248e-03
311 MLA ||r(i)||/||b|| 5.8776681079710435e-03
312 MLA ||r(i)||/||b|| 5.8305864954530150e-03
313 MLA ||r(i)||/||b|| 5.7839457458357052e-03
314 MLA ||r(i)||/||b|| 5.7377414008278520e-03
315 MLA ||r(i)||/||b|| 5.6919691269016323e-03
316 MLA ||r(i)||/||b|| 5.6466246020942072e-03
317 MLA ||r(i)||/||b|| 5.6017035143022826e-03
318 MLA ||r(i)||/||b|| 5.5572017144777724e-03
319 MLA ||r(i)||/||b|| 5.5131150145918545e-03
320 MLA ||r(i)||/||b|| 5.4694392239019235e-03
321 MLA ||r(i)||/||b|| 5.4261702877131893e-03
322 MLA ||r(i)||/||b|| 5.3833041840227521e-03
323 MLA ||r(i)||/||b|| 5.3408368504916049e-03
324 MLA ||r(i)||/||b|| 5.2987643057523558e-03
325 MLA ||r(i)||/||b|| 5.2570826796132656e-03
326 MLA ||r(i)||/||b|| 5.2157880936202824e-03
327 MLA ||r(i)||/||b|| 5.1748766683061276e-03
328 MLA ||r(i)||/||b|| 5.1343445995135134e-03
329 MLA ||r(i)||/||b|| 5.0941881653019886e-03
330 MLA ||r(i)||/||b|| 5.0544036339221316e-03
331 MLA ||r(i)||/||b|| 5.0149873033874942e-03
332 MLA ||r(i)||/||b|| 4.9759355380569409e-03
333 MLA ||r(i)||/||b|| 4.9372447118788670e-03
334 MLA ||r(i)||/||b|| 4.8989113075295363e-03
335 MLA ||r(i)||/||b|| 4.8609317530257795e-03
336 MLA ||r(i)||/||b|| 4.8233025894954444e-03
337 MLA ||r(i)||/||b|| 4.7860203269742664e-03
338 MLA ||r(i)||/||b|| 4.7490816265508560e-03
339 MLA ||r(i)||/||b|| 4.7124830415694857e-03
340 MLA ||r(i)||/||b|| 4.6762212275499523e-03
341 MLA ||r(i)||/||b|| 4.6402928482169956e-03
342 MLA ||r(i)||/||b|| 4.6046946833006698e-03
343 MLA ||r(i)||/||b|| 4.5694234673787403e-03
344 MLA ||r(i)||/||b|| 4.5344760198140922e-03
345 MLA ||r(i)||/||b|| 4.4998491626089421e-03
346 MLA ||r(i)||/||b|| 4.4655397689814628e-03
347 MLA ||r(i)||/||b|| 4.4315446804138563e-03
348 MLA ||r(i)||/||b|| 4.3978609268334762e-03
349 MLA ||r(i)||/||b|| 4.3644854178550565e-03
350 MLA ||r(i)||/||b|| 4.3314151544947633e-03
351 MLA ||r(i)||/||b|| 4.2986471083545329e-03
352 MLA ||r(i)||/||b|| 4.2661783596172490e-03
353 MLA ||r(i)||/||b|| 4.2340060159685288e-03
354 MLA ||r(i)||/||b|| 4.2021272605862218e-03
355 MLA ||r(i)||/||b|| 4.1705391918179730e-03
356 MLA ||r(i)||/||b|| 4.1392390189674633e-03
357 MLA ||r(i)||/||b|| 4.1082239134553689e-03
358 MLA ||r(i)||/||b|| 4.0774911345287492e-03
359 MLA ||r(i)||/||b|| 4.0470379539313713e-03
360 MLA ||r(i)||/||b|| 4.0168616725337614e-03
361 MLA ||r(i)||/||b|| 3.9869596885710630e-03
362 MLA ||r(i)||/||b|| 3.9573292868894366e-03
363 MLA ||r(i)||/||b|| 3.9279678348054887e-03
364 MLA ||r(i)||/||b|| 3.8988728274793280e-03
365 MLA ||r(i)||/||b|| 3.8700416910680186e-03
366 MLA ||r(i)||/||b|| 3.8414718550754908e-03
367 MLA ||r(i)||/||b|| 3.8131608105495480e-03
368 MLA ||r(i)||/||b|| 3.7851061636863699e-03
369 MLA ||r(i)||/||b|| 3.7573054365700647e-03
370 MLA ||r(i)||/||b|| 3.7297561553875235e-03
371 MLA ||r(i)||/||b|| 3.7024559572859479e-03
372 MLA ||r(i)||/||b|| 3.6754024416481121e-03
373 MLA ||r(i)||/||b|| 3.6485932993519658e-03
374 MLA ||r(i)||/||b|| 3.6220262216754740e-03
375 MLA ||r(i)||/||b|| 3.5956989381463484e-03
376 MLA ||r(i)||/||b|| 3.5696091054712329e-03
377 MLA ||r(i)||/||b|| 3.5437545350949658e-03
378 MLA ||r(i)||/||b|| 3.5181329953200527e-03
379 MLA ||r(i)||/||b|| 3.4927422853178176e-03
380 MLA ||r(i)||/||b|| 3.4675802201265321e-03
381 MLA ||r(i)||/||b|| 3.4426446788945143e-03
382 MLA ||r(i)||/||b|| 3.4179334883568885e-03
383 MLA ||r(i)||/||b|| 3.3934445404816146e-03
384 MLA ||r(i)||/||b|| 3.3691757431673136e-03
385 MLA ||r(i)||/||b|| 3.3451250846088646e-03
386 MLA ||r(i)||/||b|| 3.3212905583204426e-03
387 MLA ||r(i)||/||b|| 3.2976701116183369e-03
388 MLA ||r(i)||/||b|| 3.2742617159496430e-03
389 MLA ||r(i)||/||b|| 3.2510634375744552e-03
390 MLA ||r(i)||/||b|| 3.2280732648998604e-03
391 MLA ||r(i)||/||b|| 3.2052892792527256e-03
392 MLA ||r(i)||/||b|| 3.1827096513630661e-03
393 MLA ||r(i)||/||b|| 3.1603324291378139e-03
394 MLA ||r(i)||/||b|| 3.1381557010863375e-03
395 MLA ||r(i)||/||b|| 3.1161776832254536e-03
396 MLA ||r(i)||/||b|| 3.0943965026682609e-03
397 MLA ||r(i)||/||b|| 3.0728103770128090e-03
398 MLA ||r(i)||/||b|| 3.0514174768510251e-03
399 MLA ||r(i)||/||b|| 3.0302160715965417e-03
400 MLA ||r(i)||/||b|| 3.0092043785360607e-03
401 MLA ||r(i)||/||b|| 2.9883806730031269e-03
402 MLA ||r(i)||/||b|| 2.9677432143433813e-03
403 MLA ||r(i)||/||b|| 2.9472902819325363e-03
404 MLA ||r(i)||/||b|| 2.9270202156420943e-03
405 MLA ||r(i)||/||b|| 2.9069313786981516e-03
406 MLA ||r(i)||/||b|| 2.8870221170582246e-03
407 MLA ||r(i)||/||b|| 2.8672907362867536e-03
408 MLA ||r(i)||/||b|| 2.8477356893587386e-03
409 MLA ||r(i)||/||b|| 2.8283553146549777e-03
410 MLA ||r(i)||/||b|| 2.8091480965870201e-03
411 MLA ||r(i)||/||b|| 2.7901124769031558e-03
412 MLA ||r(i)||/||b|| 2.7712468043251280e-03
413 MLA ||r(i)||/||b|| 2.7525496444649137e-03
414 MLA ||r(i)||/||b|| 2.7340194292381982e-03
415 MLA ||r(i)||/||b|| 2.7156546500556162e-03
416 MLA ||r(i)||/||b|| 2.6974538654227316e-03
417 MLA ||r(i)||/||b|| 2.6794155671855269e-03
418 MLA ||r(i)||/||b|| 2.6615383641569335e-03
419 MLA ||r(i)||/||b|| 2.6438207769011179e-03
420 MLA ||r(i)||/||b|| 2.6262613380508251e-03
421 MLA ||r(i)||/||b|| 2.6088586219769135e-03
422 MLA ||r(i)||/||b|| 2.5916112749170559e-03
423 MLA ||r(i)||/||b|| 2.5745179319902030e-03
424 MLA ||r(i)||/||b|| 2.5575772036479558e-03
425 MLA ||r(i)||/||b|| 2.5407877211290316e-03
426 MLA ||r(i)||/||b|| 2.5241482183366399e-03
427 MLA ||r(i)||/||b|| 2.5076572702270607e-03
428 MLA ||r(i)||/||b|| 2.4913135679220282e-03
429 MLA ||r(i)||/||b|| 2.4751158152435640e-03
430 MLA ||r(i)||/||b|| 2.4590627275956896e-03
431 MLA ||r(i)||/||b|| 2.4431530872971413e-03
432 MLA ||r(i)||/||b|| 2.4273856355167783e-03
433 MLA ||r(i)||/||b|| 2.4117589978291266e-03
434 MLA ||r(i)||/||b|| 2.3962719912977480e-03
435 MLA ||r(i)||/||b|| 2.3809234348321235e-03
436 MLA ||r(i)||/||b|| 2.3657120623444515e-03
437 MLA ||r(i)||/||b|| 2.3506366701724576e-03
438 MLA ||r(i)||/||b|| 2.3356961114470312e-03
439 MLA ||r(i)||/||b|| 2.3208891605916442e-03
440 MLA ||r(i)||/||b|| 2.3062146394552687e-03
441 MLA ||r(i)||/||b|| 2.2916714649778144e-03
442 MLA ||r(i)||/||b|| 2.2772584735589918e-03
443 MLA ||r(i)||/||b|| 2.2629744823956161e-03
444 MLA ||r(i)||/||b|| 2.2488183558864298e-03
445 MLA ||r(i)||/||b|| 2.2347890175624927e-03
446 MLA ||r(i)||/||b|| 2.2208854010422130e-03
447 MLA ||r(i)||/||b|| 2.2071063269243477e-03
448 MLA ||r(i)||/||b|| 2.1934507734329245e-03
449 MLA ||r(i)||/||b|| 2.1799176461768884e-03
450 MLA ||r(i)||/||b|| 2.1665058450427497e-03
451 MLA ||r(i)||/||b|| 2.1532143910884469e-03
452 MLA ||r(i)||/||b|| 2.1400422863013828e-03
453 MLA ||r(i)||/||b|| 2.1269883758376269e-03
454 MLA ||r(i)||/||b|| 2.1140516480819002e-03
455 MLA ||r(i)||/||b|| 2.1012311751103930e-03
456 MLA ||r(i)||/||b|| 2.0885259366712336e-03
457 MLA ||r(i)||/||b|| 2.0759348423296294e-03
458 MLA ||r(i)||/||b|| 2.0634569953891266e-03
459 MLA ||r(i)||/||b|| 2.0510913973474593e-03
460 MLA ||r(i)||/||b|| 2.0388370563309307e-03
461 MLA ||r(i)||/||b|| 2.0266930654091395e-03
462 MLA ||r(i)||/||b|| 2.0146584435857162e-03
463 MLA ||r(i)||/||b|| 2.0027322162566369e-03
464 MLA ||r(i)||/||b|| 1.9909135137694779e-03
465 MLA ||r(i)||/||b|| 1.9792013877748655e-03
466 MLA ||r(i)||/||b|| 1.9675949284931500e-03
467 MLA ||r(i)||/||b|| 1.9560931787267069e-03
468 MLA ||r(i)||/||b|| 1.9446953218754592e-03
469 MLA ||r(i)||/||b|| 1.9334003658209890e-03
470 MLA ||r(i)||/||b|| 1.9222074806408446e-03
471 MLA ||r(i)||/||b|| 1.9111158217866482e-03
472 MLA ||r(i)||/||b|| 1.9001244912515047e-03
473 MLA ||r(i)||/||b|| 1.8892326221423296e-03
474 MLA ||r(i)||/||b|| 1.8784393492197674e-03
475 MLA ||r(i)||/||b|| 1.8677438221432259e-03
476 MLA ||r(i)||/||b|| 1.8571452030431547e-03
477 MLA ||r(i)||/||b|| 1.8466426746119688e-03
478 MLA ||r(i)||/||b|| 1.8362354303132899e-03
479 MLA ||r(i)||/||b|| 1.8259226756238609e-03
480 MLA ||r(i)||/||b|| 1.8157035079948353e-03
481 MLA ||r(i)||/||b|| 1.8055771821483800e-03
482 MLA ||r(i)||/||b|| 1.7955428432592441e-03
483 MLA ||r(i)||/||b|| 1.7855997667054417e-03
484 MLA ||r(i)||/||b|| 1.7757471478219375e-03
485 MLA ||r(i)||/||b|| 1.7659842105903995e-03
486 MLA ||r(i)||/||b|| 1.7563101952783788e-03
487 MLA ||r(i)||/||b|| 1.7467243438382405e-03
488 MLA ||r(i)||/||b|| 1.7372258386917810e-03
489 MLA ||r(i)||/||b|| 1.7278139541574899e-03
490 MLA ||r(i)||/||b|| 1.7184879861327738e-03
491 MLA ||r(i)||/||b|| 1.7092471791986812e-03
492 MLA ||r(i)||/||b|| 1.7000907474136458e-03
493 MLA ||r(i)||/||b|| 1.6910179557524151e-03
494 MLA ||r(i)||/||b|| 1.6820281317885106e-03
495 MLA ||r(i)||/||b|| 1.6731205787943152e-03
496 MLA ||r(i)||/||b|| 1.6642945723681132e-03
497 MLA ||r(i)||/||b|| 1.6555494020454248e-03
498 MLA ||r(i)||/||b|| 1.6468843389099951e-03
499 MLA ||r(i)||/||b|| 1.6382986908736628e-03
500 MLA ||r(i)||/||b|| 1.6297917594262576e-03
501 MLA ||r(i)||/||b|| 1.6213629346176026e-03
502 MLA ||r(i)||/||b|| 1.6130115104103684e-03
503 MLA ||r(i)||/||b|| 1.6047367656587500e-03
504 MLA ||r(i)||/||b|| 1.5965380555979043e-03
505 MLA ||r(i)||/||b|| 1.5884146998870080e-03
506 MLA ||r(i)||/||b|| 1.5803660951935548e-03
507 MLA ||r(i)||/||b|| 1.5723915748729318e-03
508 MLA ||r(i)||/||b|| 1.5644904447270204e-03
509 MLA ||r(i)||/||b|| 1.5566621094082614e-03
510 MLA ||r(i)||/||b|| 1.5489059030177163e-03
511 MLA ||r(i)||/||b|| 1.5412212258874810e-03
512 MLA ||r(i)||/||b|| 1.5336074223231628e-03
513 MLA ||r(i)||/||b|| 1.5260638755859595e-03
514 MLA ||r(i)||/||b|| 1.5185899378048796e-03
515 MLA ||r(i)||/||b|| 1.5111850514391788e-03
516 MLA ||r(i)||/||b|| 1.5038486212550957e-03
517 MLA ||r(i)||/||b|| 1.4965799860380295e-03
518 MLA ||r(i)||/||b|| 1.4893785482149287e-03
519 MLA ||r(i)||/||b|| 1.4822437479936241e-03
520 MLA ||r(i)||/||b|| 1.4751749157817515e-03
521 MLA ||r(i)||/||b|| 1.4681715535211719e-03
522 MLA ||r(i)||/||b|| 1.4612330712304388e-03
523 MLA ||r(i)||/||b|| 1.4543588559229540e-03
524 MLA ||r(i)||/||b|| 1.4475483623152768e-03
525 MLA ||r(i)||/||b|| 1.4408009967805798e-03
526 MLA ||r(i)||/||b|| 1.4341161995145896e-03
527 MLA ||r(i)||/||b|| 1.4274934465441540e-03
528 MLA ||r(i)||/||b|| 1.4209321026512382e-03
529 MLA ||r(i)||/||b|| 1.4144316571036734e-03
530 MLA ||r(i)||/||b|| 1.4079915724196691e-03
531 MLA ||r(i)||/||b|| 1.4016113155463730e-03
532 MLA ||r(i)||/||b|| 1.3952902929650350e-03
533 MLA ||r(i)||/||b|| 1.3890280010627571e-03
534 MLA ||r(i)||/||b|| 1.3828239074261267e-03
535 MLA ||r(i)||/||b|| 1.3766775009477013e-03
536 MLA ||r(i)||/||b|| 1.3705881885693104e-03
537 MLA ||r(i)||/||b|| 1.3645555438424760e-03
538 MLA ||r(i)||/||b|| 1.3585789819493307e-03
539 MLA ||r(i)||/||b|| 1.3526580009567450e-03
540 MLA ||r(i)||/||b|| 1.3467920868626701e-03
541 MLA ||r(i)||/||b|| 1.3409807460336319e-03
542 MLA ||r(i)||/||b|| 1.3352234424082187e-03
543 MLA ||r(i)||/||b|| 1.3295197232791307e-03
544 MLA ||r(i)||/||b|| 1.3238690809008887e-03
545 MLA ||r(i)||/||b|| 1.3182710000832548e-03
546 MLA ||r(i)||/||b|| 1.3127250104446005e-03
547 MLA ||r(i)||/||b|| 1.3072306473475659e-03
548 MLA ||r(i)||/||b|| 1.3017873967893603e-03
549 MLA ||r(i)||/||b|| 1.2963947880235509e-03
550 MLA ||r(i)||/||b|| 1.2910523131584896e-03
551 MLA ||r(i)||/||b|| 1.2857595417360493e-03
552 MLA ||r(i)||/||b|| 1.2805160494436787e-03
553 MLA ||r(i)||/||b|| 1.2753212737243121e-03
554 MLA ||r(i)||/||b|| 1.2701747903879469e-03
555 MLA ||r(i)||/||b|| 1.2650761878782127e-03
556 MLA ||r(i)||/||b|| 1.2600249723100699e-03
557 MLA ||r(i)||/||b|| 1.2550206813325957e-03
558 MLA ||r(i)||/||b|| 1.2500628638909517e-03
559 MLA ||r(i)||/||b|| 1.2451511172613086e-03
560 MLA ||r(i)||/||b|| 1.2402849127462780e-03
561 MLA ||r(i)||/||b|| 1.2354639280724648e-03
562 MLA ||r(i)||/||b|| 1.2306876600189597e-03
563 MLA ||r(i)||/||b|| 1.2259557008758800e-03
564 MLA ||r(i)||/||b|| 1.2212423364304115e-03
565 MLA ||r(i)||/||b|| 1.7082888184643886e-03
566 MLA ||r(i)||/||b|| 1.5800380105558873e-03
567 MLA ||r(i)||/||b|| 1.3204137891265808e-03
568 MLA ||r(i)||/||b|| 1.2745933680721980e-03
569 MLA ||r(i)||/||b|| 1.2440065700181915e-03
570 MLA ||r(i)||/||b|| 1.2248060025993339e-03
571 MLA ||r(i)||/||b|| 1.2143353962486138e-03
572 MLA ||r(i)||/||b|| 1.2066209228458686e-03
573 MLA ||r(i)||/||b|| 1.1994701090314427e-03
574 MLA ||r(i)||/||b|| 1.1924499856249390e-03
575 MLA ||r(i)||/||b|| 1.1855622716335091e-03
576 MLA ||r(i)||/||b|| 1.1789123178640403e-03
577 MLA ||r(i)||/||b|| 1.1725947537276772e-03
578 MLA ||r(i)||/||b|| 1.1666502004123499e-03
579 MLA ||r(i)||/||b|| 1.1610735630908035e-03
580 MLA ||r(i)||/||b|| 1.1726615030561807e-03
581 MLA ||r(i)||/||b|| 1.1609934349059293e-03
582 MLA ||r(i)||/||b|| 1.1517773345143677e-03
583 MLA ||r(i)||/||b|| 1.1491009402112790e-03
584 MLA ||r(i)||/||b|| 1.1436561987895005e-03
585 MLA ||r(i)||/||b|| 1.4794914037235380e-03
586 MLA ||r(i)||/||b|| 1.3757207577379425e-03
587 MLA ||r(i)||/||b|| 1.2004492326688184e-03
588 MLA ||r(i)||/||b|| 1.1725560650021666e-03
589 MLA ||r(i)||/||b|| 1.1522963982283627e-03
590 MLA ||r(i)||/||b|| 1.1383975079287062e-03
591 MLA ||r(i)||/||b|| 1.1299993944769676e-03
592 MLA ||r(i)||/||b|| 1.1234843179924354e-03
593 MLA ||r(i)||/||b|| 1.1174583611405315e-03
594 MLA ||r(i)||/||b|| 1.1116131107501452e-03
595 MLA ||r(i)||/||b|| 1.1059227333266766e-03
596 MLA ||r(i)||/||b|| 1.1004417961317002e-03
597 MLA ||r(i)||/||b|| 1.0952303452945377e-03
598 MLA ||r(i)||/||b|| 1.0903183808728611e-03
599 MLA ||r(i)||/||b|| 1.0857040694872532e-03
600 MLA ||r(i)||/||b|| 1.0813635531693956e-03
601 MLA ||r(i)||/||b|| 1.0772610872335491e-03
602 MLA ||r(i)||/||b|| 1.0733575657068198e-03
603 MLA ||r(i)||/||b|| 1.0696169144291056e-03
604 MLA ||r(i)||/||b|| 1.0660090304957831e-03
605 MLA ||r(i)||/||b|| 1.0625103598994902e-03
606 MLA ||r(i)||/||b|| 1.0591031310114799e-03
607 MLA ||r(i)||/||b|| 1.0557739283865092e-03
608 MLA ||r(i)||/||b|| 1.0525125460002038e-03
609 MLA ||r(i)||/||b|| 1.0493106569005332e-03
610 MLA ||r(i)||/||b|| 1.0461615847869889e-03
611 MLA ||r(i)||/||b|| 1.0430596466763952e-03
612 MLA ||r(i)||/||b|| 1.0400000252814730e-03
613 MLA ||r(i)||/||b|| 1.0369786984223111e-03
614 MLA ||r(i)||/||b|| 1.0339923276766760e-03
615 MLA ||r(i)||/||b|| 1.0310382818813106e-03
616 MLA ||r(i)||/||b|| 1.0281143108448133e-03
617 MLA ||r(i)||/||b|| 1.0252186880645945e-03
618 MLA ||r(i)||/||b|| 1.0223500023662023e-03
619 MLA ||r(i)||/||b|| 1.0195071563033878e-03
620 MLA ||r(i)||/||b|| 1.0166892630141069e-03
621 MLA ||r(i)||/||b|| 1.0138955750315778e-03
622 MLA ||r(i)||/||b|| 1.0111254658776968e-03
623 MLA ||r(i)||/||b|| 1.0083785600614613e-03
624 MLA ||r(i)||/||b|| 1.0056545179903890e-03
625 MLA ||r(i)||/||b|| 1.0029529956661371e-03
626 MLA ||r(i)||/||b|| 1.0002738112547774e-03
627 MLA ||r(i)||/||b|| 9.9761674245878564e-04
628 MLA ||r(i)||/||b|| 9.9498159671724618e-04
629 MLA ||r(i)||/||b|| 9.9236820836445089e-04
630 MLA ||r(i)||/||b|| 9.8977642318468124e-04
631 MLA ||r(i)||/||b|| 9.8720603715316099e-04
632 MLA ||r(i)||/||b|| 9.8465691211070900e-04
633 MLA ||r(i)||/||b|| 9.8212876751556377e-04
634 MLA ||r(i)||/||b|| 9.7962143942772833e-04
635 MLA ||r(i)||/||b|| 9.7713469778690546e-04
636 MLA ||r(i)||/||b|| 9.7466827517111521e-04
637 MLA ||r(i)||/||b|| 9.7222202098703255e-04
638 MLA ||r(i)||/||b|| 9.6979566953100157e-04
639 MLA ||r(i)||/||b|| 9.6738901654269259e-04
640 MLA ||r(i)||/||b|| 9.6500084778157686e-04
641 MLA ||r(i)||/||b|| 9.6263267806492219e-04
642 MLA ||r(i)||/||b|| 9.6028433779133434e-04
643 MLA ||r(i)||/||b|| 9.5795437824556596e-04
644 MLA ||r(i)||/||b|| 9.5564260649727453e-04
645 MLA ||r(i)||/||b|| 9.5334899944138764e-04
646 MLA ||r(i)||/||b|| 9.5107343488677230e-04
647 MLA ||r(i)||/||b|| 9.4881573763129306e-04
648 MLA ||r(i)||/||b|| 9.4657570502336148e-04
649 MLA ||r(i)||/||b|| 9.4435311329876522e-04
650 MLA ||r(i)||/||b|| 9.4214773730714357e-04
651 MLA ||r(i)||/||b|| 9.3995935546782106e-04
652 MLA ||r(i)||/||b|| 9.3778784077772569e-04
653 MLA ||r(i)||/||b|| 9.3563298706106736e-04
654 MLA ||r(i)||/||b|| 9.3349455821849898e-04
655 MLA ||r(i)||/||b|| 9.3137242218824755e-04
656 MLA ||r(i)||/||b|| 9.2926632486307469e-04
657 MLA ||r(i)||/||b|| 9.2717620203586085e-04
658 MLA ||r(i)||/||b|| 9.2510181649547692e-04
659 MLA ||r(i)||/||b|| 9.2304289418249498e-04
660 MLA ||r(i)||/||b|| 9.2099934260824151e-04
661 MLA ||r(i)||/||b|| 9.1897099222645667e-04
662 MLA ||r(i)||/||b|| 9.1695760631856299e-04
663 MLA ||r(i)||/||b|| 9.1495906410064343e-04
664 MLA ||r(i)||/||b|| 9.1297630043008838e-04
665 MLA ||r(i)||/||b|| 9.1100670760626981e-04
666 MLA ||r(i)||/||b|| 9.0905047862720201e-04
667 MLA ||r(i)||/||b|| 9.0778812513687783e-04
668 MLA ||r(i)||/||b|| 9.0574176656513662e-04
669 MLA ||r(i)||/||b|| 9.0457015233747439e-04
670 MLA ||r(i)||/||b|| 9.0231793351127970e-04
671 MLA ||r(i)||/||b|| 8.9943148989155681e-04
672 MLA ||r(i)||/||b|| 8.9724583254587043e-04
673 MLA ||r(i)||/||b|| 8.9537154142073784e-04
674 MLA ||r(i)||/||b|| 8.9355943745859825e-04
675 MLA ||r(i)||/||b|| 8.9233269837178967e-04
676 MLA ||r(i)||/||b|| 8.9040951044756236e-04
677 MLA ||r(i)||/||b|| 8.8819251902345268e-04
678 MLA ||r(i)||/||b|| 8.8630384759318006e-04
679 MLA ||r(i)||/||b|| 8.8455291131956022e-04
680 MLA ||r(i)||/||b|| 8.8283523871385164e-04
681 MLA ||r(i)||/||b|| 8.8111983300586988e-04
682 MLA ||r(i)||/||b|| 8.7940563777647843e-04
683 MLA ||r(i)||/||b|| 8.7769682165645465e-04
684 MLA ||r(i)||/||b|| 8.7599632185222953e-04
685 MLA ||r(i)||/||b|| 8.7430509231280088e-04
686 MLA ||r(i)||/||b|| 8.7262283566261895e-04
687 MLA ||r(i)||/||b|| 8.7094900256079466e-04
688 MLA ||r(i)||/||b|| 8.6928309684199839e-04
689 MLA ||r(i)||/||b|| 8.6762508016387187e-04
690 MLA ||r(i)||/||b|| 8.6597508976605001e-04
691 MLA ||r(i)||/||b|| 8.6440132214099334e-04
692 MLA ||r(i)||/||b|| 8.6275697276471449e-04
693 MLA ||r(i)||/||b|| 8.6148504831309153e-04
694 MLA ||r(i)||/||b|| 8.5981472358007030e-04
695 MLA ||r(i)||/||b|| 8.5787725991029440e-04
696 MLA ||r(i)||/||b|| 8.5545808796361319e-04
697 MLA ||r(i)||/||b|| 8.5392210321331801e-04
698 MLA ||r(i)||/||b|| 1.5228818076456205e-03
699 MLA ||r(i)||/||b|| 1.3727475132560294e-03
700 MLA ||r(i)||/||b|| 1.1823329067057746e-03
701 MLA ||r(i)||/||b|| 1.3557277588736542e-03
702 MLA ||r(i)||/||b|| 1.2053207539532498e-03
703 MLA ||r(i)||/||b|| 1.3186813212012313e-03
704 MLA ||r(i)||/||b|| 1.0514809757204665e-03
705 MLA ||r(i)||/||b|| 9.8439527202316148e-04
706 MLA ||r(i)||/||b|| 9.4100291787744107e-04
707 MLA ||r(i)||/||b|| 9.1643672894311753e-04
708 MLA ||r(i)||/||b|| 8.9968270085992691e-04
709 MLA ||r(i)||/||b|| 8.8505993274348672e-04
710 MLA ||r(i)||/||b|| 8.7260701970446643e-04
711 MLA ||r(i)||/||b|| 8.6264810938624066e-04
712 MLA ||r(i)||/||b|| 8.5482652574865386e-04
713 MLA ||r(i)||/||b|| 8.4854601192951038e-04
714 MLA ||r(i)||/||b|| 8.4329772171017644e-04
715 MLA ||r(i)||/||b|| 8.3876477477397824e-04
716 MLA ||r(i)||/||b|| 8.3479209566423315e-04
717 MLA ||r(i)||/||b|| 8.3130162746148815e-04
718 MLA ||r(i)||/||b|| 8.2823125563674942e-04
719 MLA ||r(i)||/||b|| 8.2551846624302630e-04
720 MLA ||r(i)||/||b|| 8.2441003373529725e-04
721 MLA ||r(i)||/||b|| 8.2208968991833863e-04
722 MLA ||r(i)||/||b|| 8.1896348074171838e-04
723 MLA ||r(i)||/||b|| 8.1697469436886258e-04
724 MLA ||r(i)||/||b|| 8.2411156260776136e-04
725 MLA ||r(i)||/||b|| 1.0495952927702342e-03
726 MLA ||r(i)||/||b|| 9.4345816598690835e-04
727 MLA ||r(i)||/||b|| 8.4688850763422487e-04
728 MLA ||r(i)||/||b|| 1.4268629608884806e-03
729 MLA ||r(i)||/||b|| 1.2939104366498939e-03
730 MLA ||r(i)||/||b|| 1.0180069131136558e-03
731 MLA ||r(i)||/||b|| 1.1720084307522305e-03
732 MLA ||r(i)||/||b|| 9.6412057132347871e-04
733 MLA ||r(i)||/||b|| 9.0595847438866572e-04
734 MLA ||r(i)||/||b|| 8.6950971928938530e-04
735 MLA ||r(i)||/||b|| 8.5105667726202510e-04
736 MLA ||r(i)||/||b|| 8.3993906372219760e-04
737 MLA ||r(i)||/||b|| 8.3048389825017522e-04
738 MLA ||r(i)||/||b|| 8.2224001638185780e-04
739 MLA ||r(i)||/||b|| 8.1542368936320456e-04
740 MLA ||r(i)||/||b|| 8.0989951609097724e-04
741 MLA ||r(i)||/||b|| 8.0535903433338418e-04
742 MLA ||r(i)||/||b|| 8.0151086468500585e-04
743 MLA ||r(i)||/||b|| 7.9815560764758453e-04
744 MLA ||r(i)||/||b|| 7.9518613000006011e-04
745 MLA ||r(i)||/||b|| 7.9254766415486294e-04
746 MLA ||r(i)||/||b|| 7.9019181743553504e-04
747 MLA ||r(i)||/||b|| 7.8807345730834595e-04
748 MLA ||r(i)||/||b|| 7.8615476001614134e-04
749 MLA ||r(i)||/||b|| 7.8439684408138663e-04
750 MLA ||r(i)||/||b|| 7.8276738391109093e-04
751 MLA ||r(i)||/||b|| 7.8124262664116422e-04
752 MLA ||r(i)||/||b|| 7.7980402428725227e-04
753 MLA ||r(i)||/||b|| 7.7843636848648077e-04
754 MLA ||r(i)||/||b|| 7.7712633043980719e-04
755 MLA ||r(i)||/||b|| 7.7586242383129232e-04
756 MLA ||r(i)||/||b|| 7.7463480429314647e-04
757 MLA ||r(i)||/||b|| 7.7343520054874097e-04
758 MLA ||r(i)||/||b|| 7.7225704722648329e-04
759 MLA ||r(i)||/||b|| 7.7109511149342394e-04
760 MLA ||r(i)||/||b|| 7.6994532664092499e-04
761 MLA ||r(i)||/||b|| 7.6881383008299260e-04
762 MLA ||r(i)||/||b|| 7.6767840091783858e-04
763 MLA ||r(i)||/||b|| 7.6654109380695638e-04
764 MLA ||r(i)||/||b|| 7.6541227538129430e-04
765 MLA ||r(i)||/||b|| 7.6428810373172212e-04
766 MLA ||r(i)||/||b|| 7.6316569666695622e-04
767 MLA ||r(i)||/||b|| 7.6204401465419086e-04
768 MLA ||r(i)||/||b|| 7.6092295076049944e-04
769 MLA ||r(i)||/||b|| 7.5980494085935960e-04
770 MLA ||r(i)||/||b|| 7.5868532661153810e-04
771 MLA ||r(i)||/||b|| 7.5756539701051493e-04
772 MLA ||r(i)||/||b|| 7.5644836784748625e-04
773 MLA ||r(i)||/||b|| 7.5533380320627489e-04
774 MLA ||r(i)||/||b|| 7.5422149026368394e-04
775 MLA ||r(i)||/||b|| 7.5311150856305006e-04
776 MLA ||r(i)||/||b|| 7.5200409587184043e-04
777 MLA ||r(i)||/||b|| 7.5089937551245096e-04
778 MLA ||r(i)||/||b|| 7.4979750619056154e-04
779 MLA ||r(i)||/||b|| 7.4869854730119396e-04
780 MLA ||r(i)||/||b|| 7.4760271372248789e-04
781 MLA ||r(i)||/||b|| 7.4650997812983680e-04
782 MLA ||r(i)||/||b|| 7.4542024499095526e-04
783 MLA ||r(i)||/||b|| 7.4433360587098708e-04
784 MLA ||r(i)||/||b|| 7.4325003670633750e-04
785 MLA ||r(i)||/||b|| 7.4216953005542424e-04
786 MLA ||r(i)||/||b|| 7.4109212012277484e-04
787 MLA ||r(i)||/||b|| 7.4001777207763570e-04
788 MLA ||r(i)||/||b|| 7.3894646582314675e-04
789 MLA ||r(i)||/||b|| 7.3787621771119905e-04
790 MLA ||r(i)||/||b|| 7.3681129097825492e-04
791 MLA ||r(i)||/||b|| 7.3574663497752771e-04
792 MLA ||r(i)||/||b|| 7.3468859398390768e-04
793 MLA ||r(i)||/||b|| 7.3363590006141294e-04
794 MLA ||r(i)||/||b|| 7.3258365629243216e-04
795 MLA ||r(i)||/||b|| 7.3153333923018900e-04
796 MLA ||r(i)||/||b|| 7.3048584208864264e-04
797 MLA ||r(i)||/||b|| 7.2944140097072336e-04
798 MLA ||r(i)||/||b|| 7.2839999925114972e-04
799 MLA ||r(i)||/||b|| 7.2736152713392661e-04
800 MLA ||r(i)||/||b|| 7.2632598900977804e-04
801 MLA ||r(i)||/||b|| 7.2529332365802108e-04
802 MLA ||r(i)||/||b|| 7.2426349699356170e-04
803 MLA ||r(i)||/||b|| 7.2323654349378853e-04
804 MLA ||r(i)||/||b|| 7.2221244241409989e-04
805 MLA ||r(i)||/||b|| 7.2119113049642599e-04
806 MLA ||r(i)||/||b|| 7.2017260911168344e-04
807 MLA ||r(i)||/||b|| 7.1915684607227223e-04
808 MLA ||r(i)||/||b|| 7.1814380275560404e-04
809 MLA ||r(i)||/||b|| 7.1713341431719178e-04
810 MLA ||r(i)||/||b|| 7.1612570347692511e-04
811 MLA ||r(i)||/||b|| 7.1512056878568952e-04
812 MLA ||r(i)||/||b|| 7.1411806538750999e-04
813 MLA ||r(i)||/||b|| 7.1311807939361700e-04
814 MLA ||r(i)||/||b|| 7.1212060161062721e-04
815 MLA ||r(i)||/||b|| 7.1112562203327228e-04
816 MLA ||r(i)||/||b|| 7.1013308667137759e-04
817 MLA ||r(i)||/||b|| 7.0914298240757527e-04
818 MLA ||r(i)||/||b|| 7.0815525304394964e-04
819 MLA ||r(i)||/||b|| 7.0716990244399660e-04
820 MLA ||r(i)||/||b|| 7.0618690023041802e-04
821 MLA ||r(i)||/||b|| 7.0520619463671375e-04
822 MLA ||r(i)||/||b|| 7.0422776740250415e-04
823 MLA ||r(i)||/||b|| 7.0325153219176419e-04
824 MLA ||r(i)||/||b|| 7.0227756749606876e-04
825 MLA ||r(i)||/||b|| 7.0130579970355733e-04
826 MLA ||r(i)||/||b|| 7.0033619480844517e-04
827 MLA ||r(i)||/||b|| 6.9936876424152837e-04
828 MLA ||r(i)||/||b|| 6.9840342308590366e-04
829 MLA ||r(i)||/||b|| 6.9744017375269975e-04
830 MLA ||r(i)||/||b|| 6.9647901588080986e-04
831 MLA ||r(i)||/||b|| 6.9551988369990179e-04
832 MLA ||r(i)||/||b|| 6.9456281900440425e-04
833 MLA ||r(i)||/||b|| 6.9360774698041508e-04
834 MLA ||r(i)||/||b|| 6.9265467007217267e-04
835 MLA ||r(i)||/||b|| 6.9170351170138276e-04
836 MLA ||r(i)||/||b|| 6.9075432542171358e-04
837 MLA ||r(i)||/||b|| 6.8980707677855331e-04
838 MLA ||r(i)||/||b|| 6.8886169321440811e-04
839 MLA ||r(i)||/||b|| 6.8791821917526055e-04
840 MLA ||r(i)||/||b|| 6.8697660000926748e-04
841 MLA ||r(i)||/||b|| 6.8603683698499781e-04
842 MLA ||r(i)||/||b|| 6.8509887719513747e-04
843 MLA ||r(i)||/||b|| 6.8416274723369515e-04
844 MLA ||r(i)||/||b|| 6.8322840465514438e-04
845 MLA ||r(i)||/||b|| 6.8229582207128829e-04
846 MLA ||r(i)||/||b|| 6.8136499134959178e-04
847 MLA ||r(i)||/||b|| 6.8043590607379755e-04
848 MLA ||r(i)||/||b|| 6.7950856957332720e-04
849 MLA ||r(i)||/||b|| 6.7858290202556964e-04
850 MLA ||r(i)||/||b|| 6.7765891874090533e-04
851 MLA ||r(i)||/||b|| 6.7673661122680446e-04
852 MLA ||r(i)||/||b|| 6.7581596632485810e-04
853 MLA ||r(i)||/||b|| 6.7489699273978374e-04
854 MLA ||r(i)||/||b|| 6.7397966492857043e-04
855 MLA ||r(i)||/||b|| 6.7306391736058789e-04
856 MLA ||r(i)||/||b|| 6.7214975889073468e-04
857 MLA ||r(i)||/||b|| 6.7123718362824920e-04
858 MLA ||r(i)||/||b|| 6.7032621048816385e-04
859 MLA ||r(i)||/||b|| 6.6941678823181677e-04
860 MLA ||r(i)||/||b|| 6.6850889599050656e-04
861 MLA ||r(i)||/||b|| 6.6760255605777252e-04
862 MLA ||r(i)||/||b|| 6.6669772646647579e-04
863 MLA ||r(i)||/||b|| 6.6579443383263392e-04
864 MLA ||r(i)||/||b|| 6.6489261636936867e-04
865 MLA ||r(i)||/||b|| 6.6399226645901780e-04
866 MLA ||r(i)||/||b|| 6.6309337951101714e-04
867 MLA ||r(i)||/||b|| 6.6219599315345018e-04
868 MLA ||r(i)||/||b|| 6.6130003561704835e-04
869 MLA ||r(i)||/||b|| 6.6040551172567819e-04
870 MLA ||r(i)||/||b|| 6.5951244985096931e-04
871 MLA ||r(i)||/||b|| 6.5862080634721584e-04
872 MLA ||r(i)||/||b|| 6.5773053165411335e-04
873 MLA ||r(i)||/||b|| 6.5684167237808541e-04
874 MLA ||r(i)||/||b|| 6.5595419429792512e-04
875 MLA ||r(i)||/||b|| 6.5506810613339230e-04
876 MLA ||r(i)||/||b|| 6.5418337089568159e-04
877 MLA ||r(i)||/||b|| 6.5330000871739280e-04
878 MLA ||r(i)||/||b|| 6.5241796387578189e-04
879 MLA ||r(i)||/||b|| 6.5153732097018857e-04
880 MLA ||r(i)||/||b|| 6.5065796168642322e-04
881 MLA ||r(i)||/||b|| 6.4977994205453157e-04
882 MLA ||r(i)||/||b|| 6.4890321780737168e-04
883 MLA ||r(i)||/||b|| 6.4802780609846426e-04
884 MLA ||r(i)||/||b|| 6.4715370342901624e-04
885 MLA ||r(i)||/||b|| 6.4628088276794300e-04
886 MLA ||r(i)||/||b|| 6.4540936886160489e-04
887 MLA ||r(i)||/||b|| 6.4453909461648692e-04
888 MLA ||r(i)||/||b|| 6.4367011340668600e-04
889 MLA ||r(i)||/||b|| 6.4280238361635758e-04
890 MLA ||r(i)||/||b|| 6.4193588023264204e-04
891 MLA ||r(i)||/||b|| 6.4107065379333955e-04
892 MLA ||r(i)||/||b|| 6.4020664308822291e-04
893 MLA ||r(i)||/||b|| 6.3934387529246222e-04
894 MLA ||r(i)||/||b|| 6.3848233942394284e-04
895 MLA ||r(i)||/||b|| 6.3762198935047524e-04
896 MLA ||r(i)||/||b|| 6.3676285943000982e-04
897 MLA ||r(i)||/||b|| 6.3590496030036816e-04
898 MLA ||r(i)||/||b|| 6.3504823412967966e-04
899 MLA ||r(i)||/||b|| 6.3419271705000434e-04
900 MLA ||r(i)||/||b|| 6.3333834830725749e-04
901 MLA ||r(i)||/||b|| 6.3248520265320781e-04
902 MLA ||r(i)||/||b|| 6.3163322202680670e-04
903 MLA ||r(i)||/||b|| 6.3078239862505092e-04
904 MLA ||r(i)||/||b|| 6.2993276000059581e-04
905 MLA ||r(i)||/||b|| 6.2908426572804517e-04
906 MLA ||r(i)||/||b|| 6.2823691267928188e-04
907 MLA ||r(i)||/||b|| 6.2739071036614451e-04
908 MLA ||r(i)||/||b|| 6.2654566628052711e-04
909 MLA ||r(i)||/||b|| 6.2570178071592376e-04
910 MLA ||r(i)||/||b|| 6.2485898499838792e-04
911 MLA ||r(i)||/||b|| 6.2401731982294193e-04
912 MLA ||r(i)||/||b|| 6.2317681601027077e-04
913 MLA ||r(i)||/||b|| 6.2233739466512376e-04
914 MLA ||r(i)||/||b|| 6.2149910869593330e-04
915 MLA ||r(i)||/||b|| 6.2066190939451900e-04
916 MLA ||r(i)||/||b|| 6.1982583765388686e-04
917 MLA ||r(i)||/||b|| 6.1899087660076716e-04
918 MLA ||r(i)||/||b|| 6.1815699940491540e-04
919 MLA ||r(i)||/||b|| 6.1732422200040226e-04
920 MLA ||r(i)||/||b|| 6.1649252041198310e-04
921 MLA ||r(i)||/||b|| 6.1566190934324359e-04
922 MLA ||r(i)||/||b|| 6.1483239561389196e-04
923 MLA ||r(i)||/||b|| 6.1400393188304199e-04
924 MLA ||r(i)||/||b|| 6.1317656686166893e-04
925 MLA ||r(i)||/||b|| 6.1235028191160648e-04
926 MLA ||r(i)||/||b|| 6.1152505580645995e-04
927 MLA ||r(i)||/||b|| 6.1070088906132298e-04
928 MLA ||r(i)||/||b|| 6.0987776468187207e-04
929 MLA ||r(i)||/||b|| 6.0905577278376705e-04
930 MLA ||r(i)||/||b|| 6.0823478273636859e-04
931 MLA ||r(i)||/||b|| 6.0741484317764199e-04
932 MLA ||r(i)||/||b|| 6.0659595208687107e-04
933 MLA ||r(i)||/||b|| 6.0577813985726375e-04
934 MLA ||r(i)||/||b|| 6.0496134784770485e-04
935 MLA ||r(i)||/||b|| 6.0414562090665839e-04
936 MLA ||r(i)||/||b|| 6.0333089764935243e-04
937 MLA ||r(i)||/||b|| 6.0251723499799589e-04
938 MLA ||r(i)||/||b|| 6.0170458796646241e-04
939 MLA ||r(i)||/||b|| 6.0089296365733807e-04
940 MLA ||r(i)||/||b|| 6.0008241588580978e-04
941 MLA ||r(i)||/||b|| 5.9927286390007504e-04
942 MLA ||r(i)||/||b|| 5.9846434775207458e-04
943 MLA ||r(i)||/||b|| 5.9765683114224955e-04
944 MLA ||r(i)||/||b|| 5.9685034869388465e-04
945 MLA ||r(i)||/||b|| 5.9604487944385270e-04
946 MLA ||r(i)||/||b|| 5.9524042817173258e-04
947 MLA ||r(i)||/||b|| 5.9443698612022232e-04
948 MLA ||r(i)||/||b|| 5.9363454783220636e-04
949 MLA ||r(i)||/||b|| 5.9283315232902035e-04
950 MLA ||r(i)||/||b|| 5.9203273948017277e-04
951 MLA ||r(i)||/||b|| 5.9123334409472562e-04
952 MLA ||r(i)||/||b|| 5.9043495034153326e-04
953 MLA ||r(i)||/||b|| 5.8963753224235051e-04
954 MLA ||r(i)||/||b|| 5.8884115772567746e-04
955 MLA ||r(i)||/||b|| 5.8804578087860108e-04
956 MLA ||r(i)||/||b|| 5.8725138280288369e-04
957 MLA ||r(i)||/||b|| 5.8645798342225202e-04
958 MLA ||r(i)||/||b|| 5.8566559912832310e-04
959 MLA ||r(i)||/||b|| 5.8487416458458022e-04
960 MLA ||r(i)||/||b|| 5.8408374699168303e-04
961 MLA ||r(i)||/||b|| 1.0922288243249804e-03
962 MLA ||r(i)||/||b|| 9.7818122448109089e-04
963 MLA ||r(i)||/||b|| 6.2436549077690316e-04
964 MLA ||r(i)||/||b|| 7.1033411747692540e-04
965 MLA ||r(i)||/||b|| 6.4497428877676854e-04
966 MLA ||r(i)||/||b|| 6.1809598918289438e-04
967 MLA ||r(i)||/||b|| 6.0275707573167396e-04
968 MLA ||r(i)||/||b|| 5.9578563151160586e-04
969 MLA ||r(i)||/||b|| 5.9148213590450873e-04
970 MLA ||r(i)||/||b|| 5.8772585646286546e-04
971 MLA ||r(i)||/||b|| 5.8442056593621173e-04
972 MLA ||r(i)||/||b|| 5.8165807812583185e-04
973 MLA ||r(i)||/||b|| 5.7939198749979066e-04
974 MLA ||r(i)||/||b|| 5.7750352024929107e-04
975 MLA ||r(i)||/||b|| 5.7587353763627108e-04
976 MLA ||r(i)||/||b|| 5.7441982460107878e-04
977 MLA ||r(i)||/||b|| 5.7309749854745479e-04
978 MLA ||r(i)||/||b|| 5.7188151789602153e-04
979 MLA ||r(i)||/||b|| 1.3058085956900586e-03
980 MLA ||r(i)||/||b|| 1.1487053300945867e-03
981 MLA ||r(i)||/||b|| 1.2833029046066130e-03
982 MLA ||r(i)||/||b|| 1.4063945713104417e-03
983 MLA ||r(i)||/||b|| 9.1671346177604664e-04
984 MLA ||r(i)||/||b|| 7.6005889146327872e-04
985 MLA ||r(i)||/||b|| 6.6972268923258397e-04
986 MLA ||r(i)||/||b|| 6.3034456211287894e-04
987 MLA ||r(i)||/||b|| 6.1374789298868592e-04
988 MLA ||r(i)||/||b|| 6.0128113386037998e-04
989 MLA ||r(i)||/||b|| 5.9038952749381661e-04
990 MLA ||r(i)||/||b|| 5.8179451068708621e-04
991 MLA ||r(i)||/||b|| 5.7569889692651280e-04
992 MLA ||r(i)||/||b|| 5.7129902210819889e-04
993 MLA ||r(i)||/||b|| 5.6811132012166805e-04
994 MLA ||r(i)||/||b|| 5.6559431149934183e-04
995 MLA ||r(i)||/||b|| 5.6343848724273778e-04
996 MLA ||r(i)||/||b|| 5.6152287290893812e-04
997 MLA ||r(i)||/||b|| 5.5980753681455185e-04
998 MLA ||r(i)||/||b|| 5.5826828869904200e-04
999 MLA ||r(i)||/||b|| 5.5687812957837832e-04
1000 MLA ||r(i)||/||b|| 5.5560950870613070e-04
>>>> solve time: 6.2975 (s)
>>>> ksp solve time: 0.00590587 (s)
            || b ||_2 = 1.3851994067587832e+00
|| r ||_2 / || b ||_2 = 2.0562367588677056e+01
