Config file: ../input/config/mla_v_cycle-refine0.json
order_rbm = 2
angle_type = 1
==== basic information of linear system ====
matrix Row = 1506, matrix Column = 1506
matrix nz_allocated = 27747, matrix nz_used = 27747, matrix nz_unneeded = 0
vector Row = 1506
initial     || b ||_2 = 2.6501139470351753e+00
nodes in level 0 (coarse) is 62, less than 100, setup done!
>>>> setup time: 0.0129187 (s)
0 MLA ||r(i)||/||b|| 1.0000000000000000e+00
1 MLA ||r(i)||/||b|| 1.0437289860656207e+00
2 MLA ||r(i)||/||b|| 1.8428486739593137e+00
3 MLA ||r(i)||/||b|| 1.6513178494046707e-01
4 MLA ||r(i)||/||b|| 1.8595014801656502e-02
5 MLA ||r(i)||/||b|| 2.5064315073720748e-03
6 MLA ||r(i)||/||b|| 3.6185862146703089e-04
7 MLA ||r(i)||/||b|| 5.4134569696859871e-05
8 MLA ||r(i)||/||b|| 8.3039316292288858e-06
9 MLA ||r(i)||/||b|| 1.3021647406378942e-06
10 MLA ||r(i)||/||b|| 2.0870238345798642e-07
11 MLA ||r(i)||/||b|| 3.4208798265068182e-08
12 MLA ||r(i)||/||b|| 5.7414579653938522e-09
>>>> solve time: 0.229248 (s)
>>>> ksp solve time: 0.00171161 (s)
            || b ||_2 = 2.6501139470351753e+00
|| r ||_2 / || b ||_2 = 1.4365554870196187e+01
