Config file: ../input/config/mla_v_cycle-refine0.json
order_rbm = 1
==== basic information of linear system ====
matrix Row = 1506, matrix Column = 1506
matrix nz_allocated = 27747, matrix nz_used = 27747, matrix nz_unneeded = 0
vector Row = 1506
  0 KSP unpreconditioned resid norm 2.650113947035e+00 true resid norm 2.650113947035e+00 ||r(i)||/||b|| 1.000000000000e+00
  1 KSP unpreconditioned resid norm 9.606359957021e+00 true resid norm 9.606359957021e+00 ||r(i)||/||b|| 3.624885627189e+00
  2 KSP unpreconditioned resid norm 1.498096992789e+01 true resid norm 1.498096992789e+01 ||r(i)||/||b|| 5.652953128543e+00
  3 KSP unpreconditioned resid norm 2.130034187602e+01 true resid norm 2.130034187602e+01 ||r(i)||/||b|| 8.037519254540e+00
  4 KSP unpreconditioned resid norm 2.333282700589e+01 true resid norm 2.333282700589e+01 ||r(i)||/||b|| 8.804461797573e+00
  5 KSP unpreconditioned resid norm 1.994325151394e+01 true resid norm 1.994325151394e+01 ||r(i)||/||b|| 7.525431703134e+00
  6 KSP unpreconditioned resid norm 2.774457768102e+01 true resid norm 2.774457768102e+01 ||r(i)||/||b|| 1.046920179114e+01
  7 KSP unpreconditioned resid norm 2.824487990656e+01 true resid norm 2.824487990656e+01 ||r(i)||/||b|| 1.065798696624e+01
  8 KSP unpreconditioned resid norm 2.748847265714e+01 true resid norm 2.748847265714e+01 ||r(i)||/||b|| 1.037256254128e+01
  9 KSP unpreconditioned resid norm 3.850474886768e+01 true resid norm 3.850474886768e+01 ||r(i)||/||b|| 1.452946916142e+01
 10 KSP unpreconditioned resid norm 3.476864708688e+01 true resid norm 3.476864708688e+01 ||r(i)||/||b|| 1.311968005216e+01
 11 KSP unpreconditioned resid norm 3.617085103183e+01 true resid norm 3.617085103183e+01 ||r(i)||/||b|| 1.364879086512e+01
 12 KSP unpreconditioned resid norm 3.597088694813e+01 true resid norm 3.597088694813e+01 ||r(i)||/||b|| 1.357333596481e+01
 13 KSP unpreconditioned resid norm 3.880800458660e+01 true resid norm 3.880800458660e+01 ||r(i)||/||b|| 1.464390036135e+01
 14 KSP unpreconditioned resid norm 3.797712543609e+01 true resid norm 3.797712543609e+01 ||r(i)||/||b|| 1.433037454053e+01
 15 KSP unpreconditioned resid norm 3.509243255126e+01 true resid norm 3.509243255126e+01 ||r(i)||/||b|| 1.324185799275e+01
 16 KSP unpreconditioned resid norm 3.746554194388e+01 true resid norm 3.746554194388e+01 ||r(i)||/||b|| 1.413733246670e+01
 17 KSP unpreconditioned resid norm 3.580272445322e+01 true resid norm 3.580272445322e+01 ||r(i)||/||b|| 1.350988114804e+01
 18 KSP unpreconditioned resid norm 3.795645417678e+01 true resid norm 3.795645417678e+01 ||r(i)||/||b|| 1.432257440071e+01
 19 KSP unpreconditioned resid norm 3.897494648972e+01 true resid norm 3.897494648972e+01 ||r(i)||/||b|| 1.470689459724e+01
 20 KSP unpreconditioned resid norm 3.988737198566e+01 true resid norm 3.988737198566e+01 ||r(i)||/||b|| 1.505119130077e+01
 21 KSP unpreconditioned resid norm 4.049721071711e+01 true resid norm 4.049721071711e+01 ||r(i)||/||b|| 1.528130922914e+01
 22 KSP unpreconditioned resid norm 4.001264735490e+01 true resid norm 4.001264735490e+01 ||r(i)||/||b|| 1.509846299238e+01
 23 KSP unpreconditioned resid norm 4.299670575685e+01 true resid norm 4.299670575685e+01 ||r(i)||/||b|| 1.622447434947e+01
 24 KSP unpreconditioned resid norm 3.882172825656e+01 true resid norm 3.882172825656e+01 ||r(i)||/||b|| 1.464907888206e+01
 25 KSP unpreconditioned resid norm 3.912088462349e+01 true resid norm 3.912088462349e+01 ||r(i)||/||b|| 1.476196322322e+01
 26 KSP unpreconditioned resid norm 4.151365873903e+01 true resid norm 4.151365873903e+01 ||r(i)||/||b|| 1.566485802826e+01
 27 KSP unpreconditioned resid norm 4.372765573924e+01 true resid norm 4.372765573924e+01 ||r(i)||/||b|| 1.650029267163e+01
 28 KSP unpreconditioned resid norm 4.197721227624e+01 true resid norm 4.197721227624e+01 ||r(i)||/||b|| 1.583977637007e+01
 29 KSP unpreconditioned resid norm 3.929576089587e+01 true resid norm 3.929576089587e+01 ||r(i)||/||b|| 1.482795143199e+01
 30 KSP unpreconditioned resid norm 4.062380126380e+01 true resid norm 4.062380126380e+01 ||r(i)||/||b|| 1.532907719279e+01
 31 KSP unpreconditioned resid norm 4.076969326690e+01 true resid norm 4.076969326690e+01 ||r(i)||/||b|| 1.538412841173e+01
 32 KSP unpreconditioned resid norm 4.196207141806e+01 true resid norm 4.196207141806e+01 ||r(i)||/||b|| 1.583406308435e+01
 33 KSP unpreconditioned resid norm 3.984019572241e+01 true resid norm 3.984019572241e+01 ||r(i)||/||b|| 1.503338970272e+01
 34 KSP unpreconditioned resid norm 4.353908323342e+01 true resid norm 4.353908323342e+01 ||r(i)||/||b|| 1.642913629511e+01
 35 KSP unpreconditioned resid norm 4.163144516334e+01 true resid norm 4.163144516334e+01 ||r(i)||/||b|| 1.570930382443e+01
 36 KSP unpreconditioned resid norm 4.413704086560e+01 true resid norm 4.413704086560e+01 ||r(i)||/||b|| 1.665477098257e+01
 37 KSP unpreconditioned resid norm 4.401314252029e+01 true resid norm 4.401314252029e+01 ||r(i)||/||b|| 1.660801890029e+01
 38 KSP unpreconditioned resid norm 4.069463348630e+01 true resid norm 4.069463348630e+01 ||r(i)||/||b|| 1.535580518409e+01
 39 KSP unpreconditioned resid norm 4.456363342916e+01 true resid norm 4.456363342916e+01 ||r(i)||/||b|| 1.681574238686e+01
 40 KSP unpreconditioned resid norm 4.569917540459e+01 true resid norm 4.569917540459e+01 ||r(i)||/||b|| 1.724423036818e+01
 41 KSP unpreconditioned resid norm 4.779329090418e+01 true resid norm 4.779329090418e+01 ||r(i)||/||b|| 1.803442865453e+01
 42 KSP unpreconditioned resid norm 4.113622818669e+01 true resid norm 4.113622818669e+01 ||r(i)||/||b|| 1.552243752866e+01
 43 KSP unpreconditioned resid norm 4.218356302421e+01 true resid norm 4.218356302421e+01 ||r(i)||/||b|| 1.591764122875e+01
 44 KSP unpreconditioned resid norm 4.206881825487e+01 true resid norm 4.206881825487e+01 ||r(i)||/||b|| 1.587434317756e+01
 45 KSP unpreconditioned resid norm 4.374669833685e+01 true resid norm 4.374669833685e+01 ||r(i)||/||b|| 1.650747824854e+01
 46 KSP unpreconditioned resid norm 4.374627170434e+01 true resid norm 4.374627170434e+01 ||r(i)||/||b|| 1.650731726207e+01
 47 KSP unpreconditioned resid norm 4.314385715335e+01 true resid norm 4.314385715335e+01 ||r(i)||/||b|| 1.628000079076e+01
 48 KSP unpreconditioned resid norm 4.555751289082e+01 true resid norm 4.555751289082e+01 ||r(i)||/||b|| 1.719077511432e+01
 49 KSP unpreconditioned resid norm 4.308860436289e+01 true resid norm 4.308860436289e+01 ||r(i)||/||b|| 1.625915157765e+01
 50 KSP unpreconditioned resid norm 4.244112026900e+01 true resid norm 4.244112026900e+01 ||r(i)||/||b|| 1.601482846294e+01
 51 KSP unpreconditioned resid norm 4.325245750912e+01 true resid norm 4.325245750912e+01 ||r(i)||/||b|| 1.632098029502e+01
 52 KSP unpreconditioned resid norm 4.620780779152e+01 true resid norm 4.620780779152e+01 ||r(i)||/||b|| 1.743615886525e+01
 53 KSP unpreconditioned resid norm 4.636178078435e+01 true resid norm 4.636178078435e+01 ||r(i)||/||b|| 1.749425938315e+01
 54 KSP unpreconditioned resid norm 4.256709582284e+01 true resid norm 4.256709582284e+01 ||r(i)||/||b|| 1.606236436379e+01
 55 KSP unpreconditioned resid norm 4.419555851079e+01 true resid norm 4.419555851079e+01 ||r(i)||/||b|| 1.667685216337e+01
 56 KSP unpreconditioned resid norm 4.479620434636e+01 true resid norm 4.479620434636e+01 ||r(i)||/||b|| 1.690350122359e+01
 57 KSP unpreconditioned resid norm 4.348592165704e+01 true resid norm 4.348592165704e+01 ||r(i)||/||b|| 1.640907618546e+01
 58 KSP unpreconditioned resid norm 4.360910130132e+01 true resid norm 4.360910130132e+01 ||r(i)||/||b|| 1.645555707146e+01
 59 KSP unpreconditioned resid norm 5.119535320440e+01 true resid norm 5.119535320440e+01 ||r(i)||/||b|| 1.931817054949e+01
 60 KSP unpreconditioned resid norm 4.796946622375e+01 true resid norm 4.796946622375e+01 ||r(i)||/||b|| 1.810090704870e+01
 61 KSP unpreconditioned resid norm 5.027376941092e+01 true resid norm 5.027376941092e+01 ||r(i)||/||b|| 1.897041803322e+01
 62 KSP unpreconditioned resid norm 4.664162258136e+01 true resid norm 4.664162258136e+01 ||r(i)||/||b|| 1.759985552076e+01
 63 KSP unpreconditioned resid norm 5.386390298296e+01 true resid norm 5.386390298296e+01 ||r(i)||/||b|| 2.032512716792e+01
 64 KSP unpreconditioned resid norm 4.874245757393e+01 true resid norm 4.874245757393e+01 ||r(i)||/||b|| 1.839258935581e+01
 65 KSP unpreconditioned resid norm 4.908371789931e+01 true resid norm 4.908371789931e+01 ||r(i)||/||b|| 1.852136130004e+01
 66 KSP unpreconditioned resid norm 4.790679162229e+01 true resid norm 4.790679162229e+01 ||r(i)||/||b|| 1.807725727261e+01
 67 KSP unpreconditioned resid norm 4.553680029529e+01 true resid norm 4.553680029529e+01 ||r(i)||/||b|| 1.718295937661e+01
 68 KSP unpreconditioned resid norm 4.580446541528e+01 true resid norm 4.580446541528e+01 ||r(i)||/||b|| 1.728396073932e+01
 69 KSP unpreconditioned resid norm 4.707460750404e+01 true resid norm 4.707460750404e+01 ||r(i)||/||b|| 1.776323903231e+01
 70 KSP unpreconditioned resid norm 4.767987063779e+01 true resid norm 4.767987063779e+01 ||r(i)||/||b|| 1.799163039428e+01
 71 KSP unpreconditioned resid norm 4.728126802982e+01 true resid norm 4.728126802982e+01 ||r(i)||/||b|| 1.784122078325e+01
 72 KSP unpreconditioned resid norm 4.435507742049e+01 true resid norm 4.435507742049e+01 ||r(i)||/||b|| 1.673704539011e+01
 73 KSP unpreconditioned resid norm 4.609930256461e+01 true resid norm 4.609930256461e+01 ||r(i)||/||b|| 1.739521525713e+01
 74 KSP unpreconditioned resid norm 4.651988341661e+01 true resid norm 4.651988341661e+01 ||r(i)||/||b|| 1.755391818856e+01
 75 KSP unpreconditioned resid norm 4.829738010279e+01 true resid norm 4.829738010279e+01 ||r(i)||/||b|| 1.822464281463e+01
 76 KSP unpreconditioned resid norm 4.529910493077e+01 true resid norm 4.529910493077e+01 ||r(i)||/||b|| 1.709326686932e+01
 77 KSP unpreconditioned resid norm 4.548242291739e+01 true resid norm 4.548242291739e+01 ||r(i)||/||b|| 1.716244049365e+01
 78 KSP unpreconditioned resid norm 4.274610820093e+01 true resid norm 4.274610820093e+01 ||r(i)||/||b|| 1.612991330005e+01
 79 KSP unpreconditioned resid norm 4.336649545202e+01 true resid norm 4.336649545202e+01 ||r(i)||/||b|| 1.636401163072e+01
 80 KSP unpreconditioned resid norm 4.301890674695e+01 true resid norm 4.301890674695e+01 ||r(i)||/||b|| 1.623285172137e+01
 81 KSP unpreconditioned resid norm 4.071089124115e+01 true resid norm 4.071089124115e+01 ||r(i)||/||b|| 1.536193992213e+01
 82 KSP unpreconditioned resid norm 4.324060607428e+01 true resid norm 4.324060607428e+01 ||r(i)||/||b|| 1.631650824775e+01
 83 KSP unpreconditioned resid norm 4.413952301378e+01 true resid norm 4.413952301378e+01 ||r(i)||/||b|| 1.665570760199e+01
 84 KSP unpreconditioned resid norm 4.333171180437e+01 true resid norm 4.333171180437e+01 ||r(i)||/||b|| 1.635088629032e+01
 85 KSP unpreconditioned resid norm 4.421550913752e+01 true resid norm 4.421550913752e+01 ||r(i)||/||b|| 1.668438037805e+01
 86 KSP unpreconditioned resid norm 4.591508429583e+01 true resid norm 4.591508429583e+01 ||r(i)||/||b|| 1.732570191829e+01
 87 KSP unpreconditioned resid norm 4.450978021008e+01 true resid norm 4.450978021008e+01 ||r(i)||/||b|| 1.679542129118e+01
 88 KSP unpreconditioned resid norm 4.730789996767e+01 true resid norm 4.730789996767e+01 ||r(i)||/||b|| 1.785127013900e+01
 89 KSP unpreconditioned resid norm 4.761856075956e+01 true resid norm 4.761856075956e+01 ||r(i)||/||b|| 1.796849558595e+01
 90 KSP unpreconditioned resid norm 4.768961472353e+01 true resid norm 4.768961472353e+01 ||r(i)||/||b|| 1.799530724967e+01
 91 KSP unpreconditioned resid norm 4.437546366853e+01 true resid norm 4.437546366853e+01 ||r(i)||/||b|| 1.674473798312e+01
 92 KSP unpreconditioned resid norm 4.407637260323e+01 true resid norm 4.407637260323e+01 ||r(i)||/||b|| 1.663187828302e+01
 93 KSP unpreconditioned resid norm 4.165795063541e+01 true resid norm 4.165795063541e+01 ||r(i)||/||b|| 1.571930545931e+01
 94 KSP unpreconditioned resid norm 4.022833296676e+01 true resid norm 4.022833296676e+01 ||r(i)||/||b|| 1.517985028975e+01
 95 KSP unpreconditioned resid norm 3.984434744468e+01 true resid norm 3.984434744468e+01 ||r(i)||/||b|| 1.503495632301e+01
 96 KSP unpreconditioned resid norm 3.946221958488e+01 true resid norm 3.946221958488e+01 ||r(i)||/||b|| 1.489076333077e+01
 97 KSP unpreconditioned resid norm 4.328850411211e+01 true resid norm 4.328850411211e+01 ||r(i)||/||b|| 1.633458220185e+01
 98 KSP unpreconditioned resid norm 4.175203844639e+01 true resid norm 4.175203844639e+01 ||r(i)||/||b|| 1.575480876703e+01
 99 KSP unpreconditioned resid norm 4.619310046445e+01 true resid norm 4.619310046445e+01 ||r(i)||/||b|| 1.743060916914e+01
100 KSP unpreconditioned resid norm 4.539941980668e+01 true resid norm 4.539941980668e+01 ||r(i)||/||b|| 1.713111991183e+01
101 KSP unpreconditioned resid norm 4.648620881655e+01 true resid norm 4.648620881655e+01 ||r(i)||/||b|| 1.754121133869e+01
102 KSP unpreconditioned resid norm 4.466646117347e+01 true resid norm 4.466646117347e+01 ||r(i)||/||b|| 1.685454364083e+01
103 KSP unpreconditioned resid norm 4.499855692946e+01 true resid norm 4.499855692946e+01 ||r(i)||/||b|| 1.697985740568e+01
104 KSP unpreconditioned resid norm 4.807960970530e+01 true resid norm 4.807960970530e+01 ||r(i)||/||b|| 1.814246883953e+01
105 KSP unpreconditioned resid norm 4.576733978451e+01 true resid norm 4.576733978451e+01 ||r(i)||/||b|| 1.726995166971e+01
106 KSP unpreconditioned resid norm 4.369602528653e+01 true resid norm 4.369602528653e+01 ||r(i)||/||b|| 1.648835716495e+01
107 KSP unpreconditioned resid norm 4.323000502205e+01 true resid norm 4.323000502205e+01 ||r(i)||/||b|| 1.631250802269e+01
108 KSP unpreconditioned resid norm 4.258794335324e+01 true resid norm 4.258794335324e+01 ||r(i)||/||b|| 1.607023101814e+01
109 KSP unpreconditioned resid norm 4.133974494625e+01 true resid norm 4.133974494625e+01 ||r(i)||/||b|| 1.559923300374e+01
110 KSP unpreconditioned resid norm 4.149231009380e+01 true resid norm 4.149231009380e+01 ||r(i)||/||b|| 1.565680228211e+01
111 KSP unpreconditioned resid norm 4.145482032775e+01 true resid norm 4.145482032775e+01 ||r(i)||/||b|| 1.564265580887e+01
112 KSP unpreconditioned resid norm 4.191349541692e+01 true resid norm 4.191349541692e+01 ||r(i)||/||b|| 1.581573330604e+01
113 KSP unpreconditioned resid norm 3.768136428171e+01 true resid norm 3.768136428171e+01 ||r(i)||/||b|| 1.421877135656e+01
114 KSP unpreconditioned resid norm 3.680339672946e+01 true resid norm 3.680339672946e+01 ||r(i)||/||b|| 1.388747709155e+01
115 KSP unpreconditioned resid norm 3.420056118403e+01 true resid norm 3.420056118403e+01 ||r(i)||/||b|| 1.290531723071e+01
116 KSP unpreconditioned resid norm 3.462701244155e+01 true resid norm 3.462701244155e+01 ||r(i)||/||b|| 1.306623531425e+01
117 KSP unpreconditioned resid norm 3.315729402094e+01 true resid norm 3.315729402094e+01 ||r(i)||/||b|| 1.251164843611e+01
118 KSP unpreconditioned resid norm 3.160141335220e+01 true resid norm 3.160141335220e+01 ||r(i)||/||b|| 1.192454890008e+01
119 KSP unpreconditioned resid norm 3.068389591995e+01 true resid norm 3.068389591995e+01 ||r(i)||/||b|| 1.157833079377e+01
120 KSP unpreconditioned resid norm 3.312391300905e+01 true resid norm 3.312391300905e+01 ||r(i)||/||b|| 1.249905236947e+01
121 KSP unpreconditioned resid norm 3.783412188456e+01 true resid norm 3.783412188456e+01 ||r(i)||/||b|| 1.427641325645e+01
122 KSP unpreconditioned resid norm 4.278575208543e+01 true resid norm 4.278575208543e+01 ||r(i)||/||b|| 1.614487261323e+01
123 KSP unpreconditioned resid norm 5.157355711200e+01 true resid norm 5.157355711200e+01 ||r(i)||/||b|| 1.946088286871e+01
124 KSP unpreconditioned resid norm 5.676559940475e+01 true resid norm 5.676559940475e+01 ||r(i)||/||b|| 2.142005986884e+01
125 KSP unpreconditioned resid norm 6.638875625636e+01 true resid norm 6.638875625636e+01 ||r(i)||/||b|| 2.505128367428e+01
126 KSP unpreconditioned resid norm 7.233974867321e+01 true resid norm 7.233974867321e+01 ||r(i)||/||b|| 2.729684463347e+01
127 KSP unpreconditioned resid norm 8.494602960783e+01 true resid norm 8.494602960783e+01 ||r(i)||/||b|| 3.205372723798e+01
128 KSP unpreconditioned resid norm 9.093984683383e+01 true resid norm 9.093984683383e+01 ||r(i)||/||b|| 3.431544780766e+01
129 KSP unpreconditioned resid norm 9.710523453542e+01 true resid norm 9.710523453542e+01 ||r(i)||/||b|| 3.664190916925e+01
130 KSP unpreconditioned resid norm 9.014212822242e+01 true resid norm 9.014212822242e+01 ||r(i)||/||b|| 3.401443485978e+01
131 KSP unpreconditioned resid norm 8.895290679582e+01 true resid norm 8.895290679582e+01 ||r(i)||/||b|| 3.356569135276e+01
132 KSP unpreconditioned resid norm 8.220878700310e+01 true resid norm 8.220878700310e+01 ||r(i)||/||b|| 3.102084991291e+01
133 KSP unpreconditioned resid norm 7.075233612473e+01 true resid norm 7.075233612473e+01 ||r(i)||/||b|| 2.669784678651e+01
134 KSP unpreconditioned resid norm 6.557863325071e+01 true resid norm 6.557863325071e+01 ||r(i)||/||b|| 2.474559002418e+01
135 KSP unpreconditioned resid norm 5.386561083603e+01 true resid norm 5.386561083603e+01 ||r(i)||/||b|| 2.032577161306e+01
136 KSP unpreconditioned resid norm 5.046551998442e+01 true resid norm 5.046551998442e+01 ||r(i)||/||b|| 1.904277362899e+01
137 KSP unpreconditioned resid norm 4.009657745810e+01 true resid norm 4.009657745810e+01 ||r(i)||/||b|| 1.513013336765e+01
138 KSP unpreconditioned resid norm 4.040542796574e+01 true resid norm 4.040542796574e+01 ||r(i)||/||b|| 1.524667571783e+01
139 KSP unpreconditioned resid norm 3.212376243521e+01 true resid norm 3.212376243521e+01 ||r(i)||/||b|| 1.212165328632e+01
140 KSP unpreconditioned resid norm 2.662500181399e+01 true resid norm 2.662500181399e+01 ||r(i)||/||b|| 1.004673849733e+01
141 KSP unpreconditioned resid norm 2.120345841809e+01 true resid norm 2.120345841809e+01 ||r(i)||/||b|| 8.000961031056e+00
142 KSP unpreconditioned resid norm 1.912752745257e+01 true resid norm 1.912752745257e+01 ||r(i)||/||b|| 7.217624537981e+00
143 KSP unpreconditioned resid norm 1.685236490869e+01 true resid norm 1.685236490869e+01 ||r(i)||/||b|| 6.359109549815e+00
144 KSP unpreconditioned resid norm 1.594874845606e+01 true resid norm 1.594874845606e+01 ||r(i)||/||b|| 6.018136870642e+00
145 KSP unpreconditioned resid norm 1.435425222720e+01 true resid norm 1.435425222720e+01 ||r(i)||/||b|| 5.416466051678e+00
146 KSP unpreconditioned resid norm 1.446116302483e+01 true resid norm 1.446116302483e+01 ||r(i)||/||b|| 5.456808014238e+00
147 KSP unpreconditioned resid norm 1.523454935894e+01 true resid norm 1.523454935894e+01 ||r(i)||/||b|| 5.748639365484e+00
148 KSP unpreconditioned resid norm 1.593520768964e+01 true resid norm 1.593520768964e+01 ||r(i)||/||b|| 6.013027367169e+00
149 KSP unpreconditioned resid norm 1.690860286773e+01 true resid norm 1.690860286773e+01 ||r(i)||/||b|| 6.380330508674e+00
150 KSP unpreconditioned resid norm 2.105124671276e+01 true resid norm 2.105124671276e+01 ||r(i)||/||b|| 7.943525121366e+00
151 KSP unpreconditioned resid norm 2.490468656403e+01 true resid norm 2.490468656403e+01 ||r(i)||/||b|| 9.397590843931e+00
152 KSP unpreconditioned resid norm 2.608603840241e+01 true resid norm 2.608603840241e+01 ||r(i)||/||b|| 9.843364822707e+00
153 KSP unpreconditioned resid norm 3.151360407767e+01 true resid norm 3.151360407767e+01 ||r(i)||/||b|| 1.189141474951e+01
154 KSP unpreconditioned resid norm 3.266607958953e+01 true resid norm 3.266607958953e+01 ||r(i)||/||b|| 1.232629246983e+01
155 KSP unpreconditioned resid norm 3.916771899679e+01 true resid norm 3.916771899679e+01 ||r(i)||/||b|| 1.477963581174e+01
156 KSP unpreconditioned resid norm 3.956410123464e+01 true resid norm 3.956410123464e+01 ||r(i)||/||b|| 1.492920758328e+01
157 KSP unpreconditioned resid norm 4.281223487672e+01 true resid norm 4.281223487672e+01 ||r(i)||/||b|| 1.615486568969e+01
158 KSP unpreconditioned resid norm 4.441549970359e+01 true resid norm 4.441549970359e+01 ||r(i)||/||b|| 1.675984527129e+01
159 KSP unpreconditioned resid norm 4.829873511842e+01 true resid norm 4.829873511842e+01 ||r(i)||/||b|| 1.822515411930e+01
160 KSP unpreconditioned resid norm 5.288189040707e+01 true resid norm 5.288189040707e+01 ||r(i)||/||b|| 1.995457231800e+01
161 KSP unpreconditioned resid norm 5.626608313505e+01 true resid norm 5.626608313505e+01 ||r(i)||/||b|| 2.123157126809e+01
162 KSP unpreconditioned resid norm 6.316376743021e+01 true resid norm 6.316376743021e+01 ||r(i)||/||b|| 2.383435908516e+01
163 KSP unpreconditioned resid norm 7.042808102605e+01 true resid norm 7.042808102605e+01 ||r(i)||/||b|| 2.657549163305e+01
164 KSP unpreconditioned resid norm 7.785230638735e+01 true resid norm 7.785230638735e+01 ||r(i)||/||b|| 2.937696564876e+01
165 KSP unpreconditioned resid norm 8.415537743114e+01 true resid norm 8.415537743114e+01 ||r(i)||/||b|| 3.175538075459e+01
166 KSP unpreconditioned resid norm 8.596370239161e+01 true resid norm 8.596370239161e+01 ||r(i)||/||b|| 3.243773819152e+01
167 KSP unpreconditioned resid norm 1.004514169240e+02 true resid norm 1.004514169240e+02 ||r(i)||/||b|| 3.790456521176e+01
168 KSP unpreconditioned resid norm 1.065551145774e+02 true resid norm 1.065551145774e+02 ||r(i)||/||b|| 4.020774831081e+01
169 KSP unpreconditioned resid norm 1.156535453636e+02 true resid norm 1.156535453636e+02 ||r(i)||/||b|| 4.364097079410e+01
170 KSP unpreconditioned resid norm 1.233611392652e+02 true resid norm 1.233611392652e+02 ||r(i)||/||b|| 4.654937173671e+01
171 KSP unpreconditioned resid norm 1.283993851765e+02 true resid norm 1.283993851765e+02 ||r(i)||/||b|| 4.845051486189e+01
172 KSP unpreconditioned resid norm 1.464651768878e+02 true resid norm 1.464651768878e+02 ||r(i)||/||b|| 5.526750163013e+01
173 KSP unpreconditioned resid norm 1.420619703957e+02 true resid norm 1.420619703957e+02 ||r(i)||/||b|| 5.360598571795e+01
174 KSP unpreconditioned resid norm 1.294308667922e+02 true resid norm 1.294308667922e+02 ||r(i)||/||b|| 4.883973647132e+01
175 KSP unpreconditioned resid norm 1.225802893428e+02 true resid norm 1.225802893428e+02 ||r(i)||/||b|| 4.625472405816e+01
176 KSP unpreconditioned resid norm 1.312146903696e+02 true resid norm 1.312146903696e+02 ||r(i)||/||b|| 4.951284850086e+01
177 KSP unpreconditioned resid norm 1.373602407125e+02 true resid norm 1.373602407125e+02 ||r(i)||/||b|| 5.183182438861e+01
178 KSP unpreconditioned resid norm 1.475568276596e+02 true resid norm 1.475568276596e+02 ||r(i)||/||b|| 5.567942760525e+01
179 KSP unpreconditioned resid norm 1.667015309729e+02 true resid norm 1.667015309729e+02 ||r(i)||/||b|| 6.290353332142e+01
180 KSP unpreconditioned resid norm 1.652584826036e+02 true resid norm 1.652584826036e+02 ||r(i)||/||b|| 6.235901018087e+01
181 KSP unpreconditioned resid norm 2.082967283412e+02 true resid norm 2.082967283412e+02 ||r(i)||/||b|| 7.859915932075e+01
182 KSP unpreconditioned resid norm 2.136371058605e+02 true resid norm 2.136371058605e+02 ||r(i)||/||b|| 8.061430947130e+01
183 KSP unpreconditioned resid norm 2.403665688688e+02 true resid norm 2.403665688688e+02 ||r(i)||/||b|| 9.070046559231e+01
184 KSP unpreconditioned resid norm 2.247323293008e+02 true resid norm 2.247323293008e+02 ||r(i)||/||b|| 8.480100621796e+01
185 KSP unpreconditioned resid norm 2.224305089438e+02 true resid norm 2.224305089438e+02 ||r(i)||/||b|| 8.393243211018e+01
186 KSP unpreconditioned resid norm 1.980143104988e+02 true resid norm 1.980143104988e+02 ||r(i)||/||b|| 7.471916847967e+01
187 KSP unpreconditioned resid norm 2.135360089745e+02 true resid norm 2.135360089745e+02 ||r(i)||/||b|| 8.057616134331e+01
188 KSP unpreconditioned resid norm 1.766907674861e+02 true resid norm 1.766907674861e+02 ||r(i)||/||b|| 6.667289445564e+01
189 KSP unpreconditioned resid norm 1.727102219994e+02 true resid norm 1.727102219994e+02 ||r(i)||/||b|| 6.517086640468e+01
190 KSP unpreconditioned resid norm 1.662560778842e+02 true resid norm 1.662560778842e+02 ||r(i)||/||b|| 6.273544504387e+01
191 KSP unpreconditioned resid norm 1.859978652393e+02 true resid norm 1.859978652393e+02 ||r(i)||/||b|| 7.018485580493e+01
192 KSP unpreconditioned resid norm 1.848143814093e+02 true resid norm 1.848143814093e+02 ||r(i)||/||b|| 6.973827733562e+01
193 KSP unpreconditioned resid norm 1.834059206732e+02 true resid norm 1.834059206732e+02 ||r(i)||/||b|| 6.920680557089e+01
194 KSP unpreconditioned resid norm 1.773406827139e+02 true resid norm 1.773406827139e+02 ||r(i)||/||b|| 6.691813493995e+01
195 KSP unpreconditioned resid norm 1.657540482660e+02 true resid norm 1.657540482660e+02 ||r(i)||/||b|| 6.254600805048e+01
196 KSP unpreconditioned resid norm 1.632324473528e+02 true resid norm 1.632324473528e+02 ||r(i)||/||b|| 6.159450144980e+01
197 KSP unpreconditioned resid norm 1.595827147222e+02 true resid norm 1.595827147222e+02 ||r(i)||/||b|| 6.021730307133e+01
198 KSP unpreconditioned resid norm 1.384636910908e+02 true resid norm 1.384636910908e+02 ||r(i)||/||b|| 5.224820285397e+01
199 KSP unpreconditioned resid norm 1.478240200148e+02 true resid norm 1.478240200148e+02 ||r(i)||/||b|| 5.578025057382e+01
200 KSP unpreconditioned resid norm 1.298267611354e+02 true resid norm 1.298267611354e+02 ||r(i)||/||b|| 4.898912413960e+01
201 KSP unpreconditioned resid norm 1.243220399067e+02 true resid norm 1.243220399067e+02 ||r(i)||/||b|| 4.691196016146e+01
202 KSP unpreconditioned resid norm 1.184961117482e+02 true resid norm 1.184961117482e+02 ||r(i)||/||b|| 4.471359123285e+01
203 KSP unpreconditioned resid norm 1.101066782977e+02 true resid norm 1.101066782977e+02 ||r(i)||/||b|| 4.154790341029e+01
204 KSP unpreconditioned resid norm 1.095311356252e+02 true resid norm 1.095311356252e+02 ||r(i)||/||b|| 4.133072683451e+01
205 KSP unpreconditioned resid norm 9.885465769674e+01 true resid norm 9.885465769674e+01 ||r(i)||/||b|| 3.730204046786e+01
206 KSP unpreconditioned resid norm 1.063934369053e+02 true resid norm 1.063934369053e+02 ||r(i)||/||b|| 4.014674049179e+01
207 KSP unpreconditioned resid norm 1.107191534173e+02 true resid norm 1.107191534173e+02 ||r(i)||/||b|| 4.177901615934e+01
208 KSP unpreconditioned resid norm 1.172016838601e+02 true resid norm 1.172016838601e+02 ||r(i)||/||b|| 4.422514888131e+01
209 KSP unpreconditioned resid norm 1.204916568104e+02 true resid norm 1.204916568104e+02 ||r(i)||/||b|| 4.546659472708e+01
210 KSP unpreconditioned resid norm 1.255917423604e+02 true resid norm 1.255917423604e+02 ||r(i)||/||b|| 4.739107256159e+01
211 KSP unpreconditioned resid norm 1.007321671761e+02 true resid norm 1.007321671761e+02 ||r(i)||/||b|| 3.801050414788e+01
212 KSP unpreconditioned resid norm 1.074337685195e+02 true resid norm 1.074337685195e+02 ||r(i)||/||b|| 4.053930157973e+01
213 KSP unpreconditioned resid norm 8.541067211628e+01 true resid norm 8.541067211628e+01 ||r(i)||/||b|| 3.222905649466e+01
214 KSP unpreconditioned resid norm 7.428167031655e+01 true resid norm 7.428167031655e+01 ||r(i)||/||b|| 2.802961374535e+01
215 KSP unpreconditioned resid norm 6.617862837837e+01 true resid norm 6.617862837837e+01 ||r(i)||/||b|| 2.497199354481e+01
216 KSP unpreconditioned resid norm 6.153016220284e+01 true resid norm 6.153016220284e+01 ||r(i)||/||b|| 2.321793078810e+01
217 KSP unpreconditioned resid norm 5.985454368636e+01 true resid norm 5.985454368636e+01 ||r(i)||/||b|| 2.258564910136e+01
218 KSP unpreconditioned resid norm 5.732578266781e+01 true resid norm 5.732578266781e+01 ||r(i)||/||b|| 2.163144069029e+01
219 KSP unpreconditioned resid norm 4.979997723518e+01 true resid norm 4.979997723518e+01 ||r(i)||/||b|| 1.879163622036e+01
220 KSP unpreconditioned resid norm 4.466233992151e+01 true resid norm 4.466233992151e+01 ||r(i)||/||b|| 1.685298851828e+01
221 KSP unpreconditioned resid norm 4.890304971276e+01 true resid norm 4.890304971276e+01 ||r(i)||/||b|| 1.845318755726e+01
222 KSP unpreconditioned resid norm 4.480542950848e+01 true resid norm 4.480542950848e+01 ||r(i)||/||b|| 1.690698226716e+01
223 KSP unpreconditioned resid norm 5.043236779609e+01 true resid norm 5.043236779609e+01 ||r(i)||/||b|| 1.903026390715e+01
224 KSP unpreconditioned resid norm 4.570822405208e+01 true resid norm 4.570822405208e+01 ||r(i)||/||b|| 1.724764480532e+01
225 KSP unpreconditioned resid norm 5.077642259595e+01 true resid norm 5.077642259595e+01 ||r(i)||/||b|| 1.916009032470e+01
226 KSP unpreconditioned resid norm 4.637946353182e+01 true resid norm 4.637946353182e+01 ||r(i)||/||b|| 1.750093183114e+01
227 KSP unpreconditioned resid norm 4.487871644980e+01 true resid norm 4.487871644980e+01 ||r(i)||/||b|| 1.693463652761e+01
228 KSP unpreconditioned resid norm 4.154503771827e+01 true resid norm 4.154503771827e+01 ||r(i)||/||b|| 1.567669864337e+01
229 KSP unpreconditioned resid norm 4.654559719437e+01 true resid norm 4.654559719437e+01 ||r(i)||/||b|| 1.756362108371e+01
230 KSP unpreconditioned resid norm 3.962147875465e+01 true resid norm 3.962147875465e+01 ||r(i)||/||b|| 1.495085854666e+01
231 KSP unpreconditioned resid norm 4.105928187831e+01 true resid norm 4.105928187831e+01 ||r(i)||/||b|| 1.549340243435e+01
232 KSP unpreconditioned resid norm 3.643669893123e+01 true resid norm 3.643669893123e+01 ||r(i)||/||b|| 1.374910651370e+01
233 KSP unpreconditioned resid norm 3.760618647751e+01 true resid norm 3.760618647751e+01 ||r(i)||/||b|| 1.419040359362e+01
234 KSP unpreconditioned resid norm 3.683654572373e+01 true resid norm 3.683654572373e+01 ||r(i)||/||b|| 1.389998560814e+01
235 KSP unpreconditioned resid norm 3.509406458067e+01 true resid norm 3.509406458067e+01 ||r(i)||/||b|| 1.324247382643e+01
236 KSP unpreconditioned resid norm 3.090405051801e+01 true resid norm 3.090405051801e+01 ||r(i)||/||b|| 1.166140442851e+01
237 KSP unpreconditioned resid norm 2.782062208288e+01 true resid norm 2.782062208288e+01 ||r(i)||/||b|| 1.049789655800e+01
238 KSP unpreconditioned resid norm 2.954566091706e+01 true resid norm 2.954566091706e+01 ||r(i)||/||b|| 1.114882661936e+01
239 KSP unpreconditioned resid norm 2.413134676668e+01 true resid norm 2.413134676668e+01 ||r(i)||/||b|| 9.105777052976e+00
240 KSP unpreconditioned resid norm 2.610462819242e+01 true resid norm 2.610462819242e+01 ||r(i)||/||b|| 9.850379536180e+00
241 KSP unpreconditioned resid norm 1.875524918871e+01 true resid norm 1.875524918871e+01 ||r(i)||/||b|| 7.077148214586e+00
242 KSP unpreconditioned resid norm 2.084801408343e+01 true resid norm 2.084801408343e+01 ||r(i)||/||b|| 7.866836860640e+00
243 KSP unpreconditioned resid norm 1.917042827602e+01 true resid norm 1.917042827602e+01 ||r(i)||/||b|| 7.233812831883e+00
244 KSP unpreconditioned resid norm 1.998390566022e+01 true resid norm 1.998390566022e+01 ||r(i)||/||b|| 7.540772230786e+00
245 KSP unpreconditioned resid norm 1.831431774282e+01 true resid norm 1.831431774282e+01 ||r(i)||/||b|| 6.910766143965e+00
246 KSP unpreconditioned resid norm 1.703331285182e+01 true resid norm 1.703331285182e+01 ||r(i)||/||b|| 6.427388856572e+00
247 KSP unpreconditioned resid norm 1.542441162016e+01 true resid norm 1.542441162016e+01 ||r(i)||/||b|| 5.820282421221e+00
248 KSP unpreconditioned resid norm 1.670497727734e+01 true resid norm 1.670497727734e+01 ||r(i)||/||b|| 6.303493967130e+00
249 KSP unpreconditioned resid norm 1.495381266019e+01 true resid norm 1.495381266019e+01 ||r(i)||/||b|| 5.642705543631e+00
250 KSP unpreconditioned resid norm 1.481320371640e+01 true resid norm 1.481320371640e+01 ||r(i)||/||b|| 5.589647846263e+00
251 KSP unpreconditioned resid norm 1.364107006661e+01 true resid norm 1.364107006661e+01 ||r(i)||/||b|| 5.147352279651e+00
252 KSP unpreconditioned resid norm 1.372288022831e+01 true resid norm 1.372288022831e+01 ||r(i)||/||b|| 5.178222711389e+00
253 KSP unpreconditioned resid norm 1.241130962575e+01 true resid norm 1.241130962575e+01 ||r(i)||/||b|| 4.683311689160e+00
254 KSP unpreconditioned resid norm 1.193685506708e+01 true resid norm 1.193685506708e+01 ||r(i)||/||b|| 4.504279931220e+00
255 KSP unpreconditioned resid norm 1.047232308193e+01 true resid norm 1.047232308193e+01 ||r(i)||/||b|| 3.951650114382e+00
256 KSP unpreconditioned resid norm 8.832958089310e+00 true resid norm 8.832958089310e+00 ||r(i)||/||b|| 3.333048414462e+00
257 KSP unpreconditioned resid norm 9.894742227873e+00 true resid norm 9.894742227873e+00 ||r(i)||/||b|| 3.733704446536e+00
258 KSP unpreconditioned resid norm 7.962446733375e+00 true resid norm 7.962446733375e+00 ||r(i)||/||b|| 3.004567687470e+00
259 KSP unpreconditioned resid norm 1.118865879340e+01 true resid norm 1.118865879340e+01 ||r(i)||/||b|| 4.221953854444e+00
260 KSP unpreconditioned resid norm 9.113444519829e+00 true resid norm 9.113444519829e+00 ||r(i)||/||b|| 3.438887799532e+00
261 KSP unpreconditioned resid norm 1.072294036317e+01 true resid norm 1.072294036317e+01 ||r(i)||/||b|| 4.046218607001e+00
262 KSP unpreconditioned resid norm 1.066526922129e+01 true resid norm 1.066526922129e+01 ||r(i)||/||b|| 4.024456847685e+00
263 KSP unpreconditioned resid norm 1.331594205499e+01 true resid norm 1.331594205499e+01 ||r(i)||/||b|| 5.024667739243e+00
264 KSP unpreconditioned resid norm 1.477235780615e+01 true resid norm 1.477235780615e+01 ||r(i)||/||b|| 5.574234957965e+00
265 KSP unpreconditioned resid norm 1.700352538395e+01 true resid norm 1.700352538395e+01 ||r(i)||/||b|| 6.416148785970e+00
266 KSP unpreconditioned resid norm 1.926222375107e+01 true resid norm 1.926222375107e+01 ||r(i)||/||b|| 7.268451144382e+00
267 KSP unpreconditioned resid norm 1.821677716807e+01 true resid norm 1.821677716807e+01 ||r(i)||/||b|| 6.873959962533e+00
268 KSP unpreconditioned resid norm 2.131237714257e+01 true resid norm 2.131237714257e+01 ||r(i)||/||b|| 8.042060669283e+00
269 KSP unpreconditioned resid norm 1.784205603740e+01 true resid norm 1.784205603740e+01 ||r(i)||/||b|| 6.732561842242e+00
270 KSP unpreconditioned resid norm 1.673263737070e+01 true resid norm 1.673263737070e+01 ||r(i)||/||b|| 6.313931289414e+00
271 KSP unpreconditioned resid norm 1.469676006294e+01 true resid norm 1.469676006294e+01 ||r(i)||/||b|| 5.545708734292e+00
272 KSP unpreconditioned resid norm 1.378880217929e+01 true resid norm 1.378880217929e+01 ||r(i)||/||b|| 5.203097849704e+00
273 KSP unpreconditioned resid norm 1.066799530317e+01 true resid norm 1.066799530317e+01 ||r(i)||/||b|| 4.025485513598e+00
274 KSP unpreconditioned resid norm 8.353028933437e+00 true resid norm 8.353028933437e+00 ||r(i)||/||b|| 3.151950859616e+00
275 KSP unpreconditioned resid norm 7.723158945817e+00 true resid norm 7.723158945817e+00 ||r(i)||/||b|| 2.914274291661e+00
276 KSP unpreconditioned resid norm 5.312458027999e+00 true resid norm 5.312458027999e+00 ||r(i)||/||b|| 2.004614946441e+00
277 KSP unpreconditioned resid norm 5.703644991600e+00 true resid norm 5.703644991600e+00 ||r(i)||/||b|| 2.152226321431e+00
278 KSP unpreconditioned resid norm 3.617959851839e+00 true resid norm 3.617959851839e+00 ||r(i)||/||b|| 1.365209166152e+00
279 KSP unpreconditioned resid norm 3.915362900664e+00 true resid norm 3.915362900664e+00 ||r(i)||/||b|| 1.477431906294e+00
280 KSP unpreconditioned resid norm 2.874818568279e+00 true resid norm 2.874818568279e+00 ||r(i)||/||b|| 1.084790550797e+00
281 KSP unpreconditioned resid norm 2.484561343465e+00 true resid norm 2.484561343465e+00 ||r(i)||/||b|| 9.375300055473e-01
282 KSP unpreconditioned resid norm 1.925131346949e+00 true resid norm 1.925131346949e+00 ||r(i)||/||b|| 7.264334234016e-01
283 KSP unpreconditioned resid norm 1.839344901772e+00 true resid norm 1.839344901772e+00 ||r(i)||/||b|| 6.940625718489e-01
284 KSP unpreconditioned resid norm 1.469535551607e+00 true resid norm 1.469535551607e+00 ||r(i)||/||b|| 5.545178739394e-01
285 KSP unpreconditioned resid norm 1.469501874955e+00 true resid norm 1.469501874955e+00 ||r(i)||/||b|| 5.545051663152e-01
286 KSP unpreconditioned resid norm 1.233214414733e+00 true resid norm 1.233214414733e+00 ||r(i)||/||b|| 4.653439208199e-01
287 KSP unpreconditioned resid norm 1.143614964233e+00 true resid norm 1.143614964233e+00 ||r(i)||/||b|| 4.315342612011e-01
288 KSP unpreconditioned resid norm 1.137960333718e+00 true resid norm 1.137960333718e+00 ||r(i)||/||b|| 4.294005301136e-01
289 KSP unpreconditioned resid norm 1.097039283359e+00 true resid norm 1.097039283359e+00 ||r(i)||/||b|| 4.139592882738e-01
290 KSP unpreconditioned resid norm 1.416335157933e+00 true resid norm 1.416335157933e+00 ||r(i)||/||b|| 5.344431168770e-01
291 KSP unpreconditioned resid norm 1.319119053507e+00 true resid norm 1.319119053507e+00 ||r(i)||/||b|| 4.977593718122e-01
292 KSP unpreconditioned resid norm 1.696886323883e+00 true resid norm 1.696886323883e+00 ||r(i)||/||b|| 6.403069293609e-01
293 KSP unpreconditioned resid norm 1.631806311144e+00 true resid norm 1.631806311144e+00 ||r(i)||/||b|| 6.157494899302e-01
294 KSP unpreconditioned resid norm 2.585896639371e+00 true resid norm 2.585896639371e+00 ||r(i)||/||b|| 9.757680956563e-01
295 KSP unpreconditioned resid norm 2.613786453457e+00 true resid norm 2.613786453457e+00 ||r(i)||/||b|| 9.862921012817e-01
296 KSP unpreconditioned resid norm 4.027665486525e+00 true resid norm 4.027665486525e+00 ||r(i)||/||b|| 1.519808418438e+00
297 KSP unpreconditioned resid norm 3.831301231487e+00 true resid norm 3.831301231487e+00 ||r(i)||/||b|| 1.445711885624e+00
298 KSP unpreconditioned resid norm 5.883617982218e+00 true resid norm 5.883617982218e+00 ||r(i)||/||b|| 2.220137737398e+00
299 KSP unpreconditioned resid norm 5.349625986238e+00 true resid norm 5.349625986238e+00 ||r(i)||/||b|| 2.018639987999e+00
300 KSP unpreconditioned resid norm 7.775592094816e+00 true resid norm 7.775592094816e+00 ||r(i)||/||b|| 2.934059534880e+00
301 KSP unpreconditioned resid norm 7.899987897575e+00 true resid norm 7.899987897575e+00 ||r(i)||/||b|| 2.980999328883e+00
302 KSP unpreconditioned resid norm 1.018977982012e+01 true resid norm 1.018977982012e+01 ||r(i)||/||b|| 3.845034599933e+00
303 KSP unpreconditioned resid norm 8.411871788848e+00 true resid norm 8.411871788848e+00 ||r(i)||/||b|| 3.174154755971e+00
304 KSP unpreconditioned resid norm 8.882609322491e+00 true resid norm 8.882609322491e+00 ||r(i)||/||b|| 3.351783923264e+00
305 KSP unpreconditioned resid norm 8.632217215796e+00 true resid norm 8.632217215796e+00 ||r(i)||/||b|| 3.257300398518e+00
306 KSP unpreconditioned resid norm 7.674942753345e+00 true resid norm 7.674942753345e+00 ||r(i)||/||b|| 2.896080284371e+00
307 KSP unpreconditioned resid norm 7.238923230528e+00 true resid norm 7.238923230528e+00 ||r(i)||/||b|| 2.731551689929e+00
308 KSP unpreconditioned resid norm 5.240194307406e+00 true resid norm 5.240194307406e+00 ||r(i)||/||b|| 1.977346790416e+00
309 KSP unpreconditioned resid norm 5.852575601722e+00 true resid norm 5.852575601722e+00 ||r(i)||/||b|| 2.208424135223e+00
310 KSP unpreconditioned resid norm 3.823349710210e+00 true resid norm 3.823349710210e+00 ||r(i)||/||b|| 1.442711440573e+00
311 KSP unpreconditioned resid norm 3.881620166300e+00 true resid norm 3.881620166300e+00 ||r(i)||/||b|| 1.464699346473e+00
312 KSP unpreconditioned resid norm 2.242601149393e+00 true resid norm 2.242601149393e+00 ||r(i)||/||b|| 8.462281978108e-01
313 KSP unpreconditioned resid norm 2.440393104891e+00 true resid norm 2.440393104891e+00 ||r(i)||/||b|| 9.208634623508e-01
314 KSP unpreconditioned resid norm 1.630859184396e+00 true resid norm 1.630859184396e+00 ||r(i)||/||b|| 6.153920989776e-01
315 KSP unpreconditioned resid norm 1.418656763996e+00 true resid norm 1.418656763996e+00 ||r(i)||/||b|| 5.353191569681e-01
316 KSP unpreconditioned resid norm 1.084049593944e+00 true resid norm 1.084049593944e+00 ||r(i)||/||b|| 4.090577294447e-01
317 KSP unpreconditioned resid norm 8.071444591869e-01 true resid norm 8.071444591869e-01 ||r(i)||/||b|| 3.045697186304e-01
318 KSP unpreconditioned resid norm 6.902723580435e-01 true resid norm 6.902723580435e-01 ||r(i)||/||b|| 2.604689352380e-01
319 KSP unpreconditioned resid norm 4.359687225611e-01 true resid norm 4.359687225611e-01 ||r(i)||/||b|| 1.645094253584e-01
320 KSP unpreconditioned resid norm 4.143738221554e-01 true resid norm 4.143738221554e-01 ||r(i)||/||b|| 1.563607567210e-01
321 KSP unpreconditioned resid norm 2.719093307685e-01 true resid norm 2.719093307685e-01 ||r(i)||/||b|| 1.026028828205e-01
322 KSP unpreconditioned resid norm 2.712562098204e-01 true resid norm 2.712562098204e-01 ||r(i)||/||b|| 1.023564326824e-01
323 KSP unpreconditioned resid norm 1.693787002782e-01 true resid norm 1.693787002782e-01 ||r(i)||/||b|| 6.391374245161e-02
324 KSP unpreconditioned resid norm 1.864371889270e-01 true resid norm 1.864371889270e-01 ||r(i)||/||b|| 7.035063120045e-02
325 KSP unpreconditioned resid norm 1.265672323677e-01 true resid norm 1.265672323677e-01 ||r(i)||/||b|| 4.775916617070e-02
326 KSP unpreconditioned resid norm 1.168280502092e-01 true resid norm 1.168280502092e-01 ||r(i)||/||b|| 4.408416111309e-02
327 KSP unpreconditioned resid norm 7.992014846148e-02 true resid norm 7.992014846148e-02 ||r(i)||/||b|| 3.015724986123e-02
328 KSP unpreconditioned resid norm 6.482626984268e-02 true resid norm 6.482626984268e-02 ||r(i)||/||b|| 2.446169151149e-02
329 KSP unpreconditioned resid norm 6.420697194985e-02 true resid norm 6.420697194985e-02 ||r(i)||/||b|| 2.422800424173e-02
330 KSP unpreconditioned resid norm 3.897156775670e-02 true resid norm 3.897156775670e-02 ||r(i)||/||b|| 1.470561965847e-02
331 KSP unpreconditioned resid norm 4.304932209128e-02 true resid norm 4.304932209128e-02 ||r(i)||/||b|| 1.624432871629e-02
332 KSP unpreconditioned resid norm 2.499546039656e-02 true resid norm 2.499546039656e-02 ||r(i)||/||b|| 9.431843647524e-03
333 KSP unpreconditioned resid norm 2.438077714620e-02 true resid norm 2.438077714620e-02 ||r(i)||/||b|| 9.199897677409e-03
334 KSP unpreconditioned resid norm 1.421111048389e-02 true resid norm 1.421111048389e-02 ||r(i)||/||b|| 5.362452622003e-03
335 KSP unpreconditioned resid norm 1.269347410759e-02 true resid norm 1.269347410759e-02 ||r(i)||/||b|| 4.789784273913e-03
336 KSP unpreconditioned resid norm 7.911693536112e-03 true resid norm 7.911693536112e-03 ||r(i)||/||b|| 2.985416361045e-03
337 KSP unpreconditioned resid norm 7.431652344790e-03 true resid norm 7.431652344790e-03 ||r(i)||/||b|| 2.804276530488e-03
338 KSP unpreconditioned resid norm 4.771701790722e-03 true resid norm 4.771701790722e-03 ||r(i)||/||b|| 1.800564762908e-03
339 KSP unpreconditioned resid norm 3.939350970689e-03 true resid norm 3.939350970689e-03 ||r(i)||/||b|| 1.486483618976e-03
340 KSP unpreconditioned resid norm 3.021245015059e-03 true resid norm 3.021245015059e-03 ||r(i)||/||b|| 1.140043437920e-03
341 KSP unpreconditioned resid norm 2.506594218335e-03 true resid norm 2.506594218335e-03 ||r(i)||/||b|| 9.458439404612e-04
342 KSP unpreconditioned resid norm 1.965885271743e-03 true resid norm 1.965885271743e-03 ||r(i)||/||b|| 7.418116017021e-04
343 KSP unpreconditioned resid norm 1.829792112463e-03 true resid norm 1.829792112463e-03 ||r(i)||/||b|| 6.904579006916e-04
344 KSP unpreconditioned resid norm 1.179937519287e-03 true resid norm 1.179937519287e-03 ||r(i)||/||b|| 4.452402964059e-04
345 KSP unpreconditioned resid norm 9.098162840471e-04 true resid norm 9.098162840471e-04 ||r(i)||/||b|| 3.433121376026e-04
346 KSP unpreconditioned resid norm 6.673089254283e-04 true resid norm 6.673089254283e-04 ||r(i)||/||b|| 2.518038615565e-04
347 KSP unpreconditioned resid norm 5.778635999397e-04 true resid norm 5.778635999397e-04 ||r(i)||/||b|| 2.180523598188e-04
348 KSP unpreconditioned resid norm 3.872177800314e-04 true resid norm 3.872177800314e-04 ||r(i)||/||b|| 1.461136342702e-04
349 KSP unpreconditioned resid norm 3.612725765757e-04 true resid norm 3.612725765757e-04 ||r(i)||/||b|| 1.363234124253e-04
350 KSP unpreconditioned resid norm 2.509134915871e-04 true resid norm 2.509134915871e-04 ||r(i)||/||b|| 9.468026530250e-05
351 KSP unpreconditioned resid norm 2.136177985945e-04 true resid norm 2.136177985945e-04 ||r(i)||/||b|| 8.060702402380e-05
352 KSP unpreconditioned resid norm 1.469306384512e-04 true resid norm 1.469306384512e-04 ||r(i)||/||b|| 5.544313995088e-05
353 KSP unpreconditioned resid norm 1.255429942989e-04 true resid norm 1.255429942989e-04 ||r(i)||/||b|| 4.737267785763e-05
354 KSP unpreconditioned resid norm 6.873686338591e-05 true resid norm 6.873686338591e-05 ||r(i)||/||b|| 2.593732373765e-05
355 KSP unpreconditioned resid norm 5.425511061574e-05 true resid norm 5.425511061574e-05 ||r(i)||/||b|| 2.047274634226e-05
356 KSP unpreconditioned resid norm 4.812357400874e-05 true resid norm 4.812357400874e-05 ||r(i)||/||b|| 1.815905842938e-05
357 KSP unpreconditioned resid norm 3.528688592101e-05 true resid norm 3.528688592101e-05 ||r(i)||/||b|| 1.331523346779e-05
358 KSP unpreconditioned resid norm 2.699587519389e-05 true resid norm 2.699587519389e-05 ||r(i)||/||b|| 1.018668469863e-05
359 KSP unpreconditioned resid norm 2.246186424505e-05 true resid norm 2.246186424505e-05 ||r(i)||/||b|| 8.475810736432e-06
360 KSP unpreconditioned resid norm 2.054889349447e-05 true resid norm 2.054889349447e-05 ||r(i)||/||b|| 7.753966020010e-06
361 KSP unpreconditioned resid norm 1.522802699425e-05 true resid norm 1.522802699425e-05 ||r(i)||/||b|| 5.746178201615e-06
362 KSP unpreconditioned resid norm 1.120034763501e-05 true resid norm 1.120034763501e-05 ||r(i)||/||b|| 4.226364548415e-06
363 KSP unpreconditioned resid norm 8.515194452875e-06 true resid norm 8.515194452875e-06 ||r(i)||/||b|| 3.213142764069e-06
364 KSP unpreconditioned resid norm 5.672833935460e-06 true resid norm 5.672833935460e-06 ||r(i)||/||b|| 2.140600007712e-06
365 KSP unpreconditioned resid norm 4.136144279738e-06 true resid norm 4.136144279738e-06 ||r(i)||/||b|| 1.560742052003e-06
366 KSP unpreconditioned resid norm 3.657688342953e-06 true resid norm 3.657688342953e-06 ||r(i)||/||b|| 1.380200404984e-06
367 KSP unpreconditioned resid norm 3.039482390378e-06 true resid norm 3.039482390378e-06 ||r(i)||/||b|| 1.146925170436e-06
368 KSP unpreconditioned resid norm 2.077750890840e-06 true resid norm 2.077750890840e-06 ||r(i)||/||b|| 7.840232278179e-07
369 KSP unpreconditioned resid norm 1.914051969198e-06 true resid norm 1.914051969198e-06 ||r(i)||/||b|| 7.222527059032e-07
370 KSP unpreconditioned resid norm 1.261102534120e-06 true resid norm 1.261102534120e-06 ||r(i)||/||b|| 4.758672869635e-07
371 KSP unpreconditioned resid norm 9.657513380843e-07 true resid norm 9.657513380843e-07 ||r(i)||/||b|| 3.644187976011e-07
372 KSP unpreconditioned resid norm 6.722107066091e-07 true resid norm 6.722107066091e-07 ||r(i)||/||b|| 2.536535107712e-07
373 KSP unpreconditioned resid norm 5.953195567766e-07 true resid norm 5.953195567766e-07 ||r(i)||/||b|| 2.246392301141e-07
374 KSP unpreconditioned resid norm 3.996019374255e-07 true resid norm 3.996019374255e-07 ||r(i)||/||b|| 1.507867002747e-07
375 KSP unpreconditioned resid norm 2.724248553529e-07 true resid norm 2.724248553529e-07 ||r(i)||/||b|| 1.027974120350e-07
376 KSP unpreconditioned resid norm 2.398654194184e-07 true resid norm 2.398654194184e-07 ||r(i)||/||b|| 9.051136072348e-08
377 KSP unpreconditioned resid norm 1.945762080695e-07 true resid norm 1.945762080695e-07 ||r(i)||/||b|| 7.342182712076e-08
378 KSP unpreconditioned resid norm 1.306567267168e-07 true resid norm 1.306567267168e-07 ||r(i)||/||b|| 4.930230523218e-08
379 KSP unpreconditioned resid norm 1.153595210831e-07 true resid norm 1.153595210831e-07 ||r(i)||/||b|| 4.353002300604e-08
380 KSP unpreconditioned resid norm 8.424302936827e-08 true resid norm 8.424302936827e-08 ||r(i)||/||b|| 3.178845553510e-08
381 KSP unpreconditioned resid norm 5.436566881527e-08 true resid norm 5.436566881527e-08 ||r(i)||/||b|| 2.051446462372e-08
382 KSP unpreconditioned resid norm 4.599523801797e-08 true resid norm 4.599523801797e-08 ||r(i)||/||b|| 1.735594730537e-08
383 KSP unpreconditioned resid norm 3.519949791761e-08 true resid norm 3.519949791761e-08 ||r(i)||/||b|| 1.328225828063e-08
384 KSP unpreconditioned resid norm 2.844251853753e-08 true resid norm 2.844251853753e-08 ||r(i)||/||b|| 1.073256437496e-08
385 KSP unpreconditioned resid norm 1.732792776122e-08 true resid norm 1.732792776122e-08 ||r(i)||/||b|| 6.538559513866e-09
            || b ||_2 = 2.6501139470351753e+00
|| r ||_2 / || b ||_2 = 6.5178400408389147e-09
WARNING! There are options you set that were not used!
WARNING! could be spelling mistake, etc!
There is one unused database option. It is:
Option left: name:-ksp_gmres_restart value: 50 source: command line
