Config file: ../input/config/mla_v_cycle-refine0.json
order_rbm = 2
angle_type = 1
==== basic information of linear system ====
matrix Row = 1506, matrix Column = 1506
matrix nz_allocated = 27747, matrix nz_used = 27747, matrix nz_unneeded = 0
vector Row = 1506
initial     || b ||_2 = 2.6501139470351749e+00
>>>>local_vec_size = 378
>>>>~~~~ local_mat_m = 378, local_mat_n = 378
>>>>local_vec_size = 372
>>>>~~~~ local_mat_m = 372, local_mat_n = 372
>>>>local_vec_size = 378
>>>>~~~~ local_mat_m = 378, local_mat_n = 378
>>>>local_vec_size = 378
>>>>~~~~ local_mat_m = 378, local_mat_n = 378
            || b ||_2 = 2.6501139470351749e+00
|| r ||_2 / || b ||_2 = 1.0000000000000000e+00
Partitioning a graph of size 251 serially
      Setup: Max:   0.000, Sum:   0.000, Balance:   1.018
      Remap: Max:   0.000, Sum:   0.000, Balance:   2.000
      Total: Max:   0.007, Sum:   0.029, Balance:   1.000
       Aux1: Max:   0.000, Sum:   0.000, Balance:   1.080
Final  62-way Cut:    360 	Balance: 1.235 
Partitioning a graph of size 62 serially
      Setup: Max:   0.000, Sum:   0.000, Balance:   1.012
      Remap: Max:   0.000, Sum:   0.000, Balance:   2.000
      Total: Max:   0.001, Sum:   0.006, Balance:   1.000
       Aux1: Max:   0.000, Sum:   0.000, Balance:   1.020
Final  15-way Cut:     66 	Balance: 1.210 


>>>>nodes in level 0 is 62, less than 100, setup DONE!>>>>


>>>> mla setup time: 0.0132549 (s)
KSP Object: (mg_coarse_) 4 MPI processes
  type: preonly
  maximum iterations=10000, initial guess is zero
  tolerances: relative=1e-05, absolute=1e-50, divergence=10000.
  left preconditioning
  using DEFAULT norm type for convergence test
PC Object: (mg_coarse_) 4 MPI processes
  type: redundant
  PC has not been set up so information may be incomplete
    Not yet setup
  linear system matrix = precond matrix:
  Mat Object: 4 MPI processes
    type: mpiaij
    rows=558, cols=558
    total: nonzeros=27864, allocated nonzeros=27864
    total number of mallocs used during MatSetValues calls=0
      using nonscalable MatPtAP() implementation
      using I-node (on process 0) routines: found 32 nodes, limit used is 5
KSP Object: (mg_levels_1_) 4 MPI processes
  type: chebyshev
    Chebyshev polynomial of first kind
    eigenvalue targets used: min 0., max 0.
  maximum iterations=5, initial guess is zero
  tolerances: relative=1e-05, absolute=1e-50, divergence=10000.
  left preconditioning
  using NONE norm type for convergence test
PC Object: (mg_levels_1_) 4 MPI processes
  type: sor
  PC has not been set up so information may be incomplete
    type = local_symmetric, iterations = 1, local iterations = 1, omega = 1.
  linear system matrix = precond matrix:
  Mat Object: 4 MPI processes
    type: mpiaij
    rows=1506, cols=1506
    total: nonzeros=27747, allocated nonzeros=27747
    total number of mallocs used during MatSetValues calls=0
      using I-node (on process 0) routines: found 195 nodes, limit used is 5
  0 KSP unpreconditioned resid norm 2.650113947035e+00 true resid norm 2.650113947035e+00 ||r(i)||/||b|| 1.000000000000e+00
  1 KSP unpreconditioned resid norm 7.449752559628e+01 true resid norm 7.449752559629e+01 ||r(i)||/||b|| 2.811106506557e+01
  2 KSP unpreconditioned resid norm 2.121535240909e+01 true resid norm 2.121535240909e+01 ||r(i)||/||b|| 8.005449136565e+00
  3 KSP unpreconditioned resid norm 4.717344726874e+00 true resid norm 4.717344726876e+00 ||r(i)||/||b|| 1.780053545303e+00
  4 KSP unpreconditioned resid norm 6.564654690154e-01 true resid norm 6.564654690154e-01 ||r(i)||/||b|| 2.477121671503e-01
  5 KSP unpreconditioned resid norm 1.559440056037e-01 true resid norm 1.559440055993e-01 ||r(i)||/||b|| 5.884426432826e-02
  6 KSP unpreconditioned resid norm 2.729586856160e-02 true resid norm 2.729586856132e-02 ||r(i)||/||b|| 1.029988487546e-02
  7 KSP unpreconditioned resid norm 3.318838346684e-03 true resid norm 3.318838343092e-03 ||r(i)||/||b|| 1.252337978450e-03
  8 KSP unpreconditioned resid norm 6.763208003618e-04 true resid norm 6.763207989801e-04 ||r(i)||/||b|| 2.552044223369e-04
  9 KSP unpreconditioned resid norm 1.288678533151e-04 true resid norm 1.288678436769e-04 ||r(i)||/||b|| 4.862728405361e-05
 10 KSP unpreconditioned resid norm 2.478303664805e-05 true resid norm 2.478303500863e-05 ||r(i)||/||b|| 9.351686570440e-06
 11 KSP unpreconditioned resid norm 4.056843599095e-06 true resid norm 4.056854763260e-06 ||r(i)||/||b|| 1.530822766243e-06
 12 KSP unpreconditioned resid norm 8.801873886344e-07 true resid norm 8.801509748076e-07 ||r(i)||/||b|| 3.321181626142e-07
 13 KSP unpreconditioned resid norm 1.547485548511e-07 true resid norm 1.547509843815e-07 ||r(i)||/||b|| 5.839408699940e-08
 14 KSP unpreconditioned resid norm 3.868787477218e-08 true resid norm 3.872036270624e-08 ||r(i)||/||b|| 1.461082937568e-08
 15 KSP unpreconditioned resid norm 4.287908861633e-09 true resid norm 4.306526340813e-09 ||r(i)||/||b|| 1.625034404891e-09
>>>> ksp solve time: 0.0134006 (s)
            || b ||_2 = 2.6501139470351749e+00
|| r ||_2 / || b ||_2 = 1.6250344048909298e-09
