Config file: ../input/config/mla_v_cycle-refine0.json
order_rbm = 1
==== basic information of linear system ====
matrix Row = 1506, matrix Column = 1506
matrix nz_allocated = 27747, matrix nz_used = 27747, matrix nz_unneeded = 0
vector Row = 1506
  0 KSP unpreconditioned resid norm 2.650113947035e+00 true resid norm 2.650113947035e+00 ||r(i)||/||b|| 1.000000000000e+00
  1 KSP unpreconditioned resid norm 1.474759574376e+01 true resid norm 1.474759574376e+01 ||r(i)||/||b|| 5.564891185248e+00
  2 KSP unpreconditioned resid norm 2.691775212935e+01 true resid norm 2.691775212935e+01 ||r(i)||/||b|| 1.015720556449e+01
  3 KSP unpreconditioned resid norm 2.511070802325e+01 true resid norm 2.511070802325e+01 ||r(i)||/||b|| 9.475331448045e+00
  4 KSP unpreconditioned resid norm 2.548690066176e+01 true resid norm 2.548690066176e+01 ||r(i)||/||b|| 9.617284830442e+00
  5 KSP unpreconditioned resid norm 2.773458786480e+01 true resid norm 2.773458786480e+01 ||r(i)||/||b|| 1.046543221126e+01
  6 KSP unpreconditioned resid norm 3.357185017830e+01 true resid norm 3.357185017830e+01 ||r(i)||/||b|| 1.266807799561e+01
  7 KSP unpreconditioned resid norm 2.858248695211e+01 true resid norm 2.858248695211e+01 ||r(i)||/||b|| 1.078538037358e+01
  8 KSP unpreconditioned resid norm 3.390681953620e+01 true resid norm 3.390681953620e+01 ||r(i)||/||b|| 1.279447609192e+01
  9 KSP unpreconditioned resid norm 3.201136887399e+01 true resid norm 3.201136887399e+01 ||r(i)||/||b|| 1.207924244533e+01
 10 KSP unpreconditioned resid norm 3.387269769160e+01 true resid norm 3.387269769160e+01 ||r(i)||/||b|| 1.278160047778e+01
 11 KSP unpreconditioned resid norm 3.369879638440e+01 true resid norm 3.369879638440e+01 ||r(i)||/||b|| 1.271598016459e+01
 12 KSP unpreconditioned resid norm 3.316912805827e+01 true resid norm 3.316912805827e+01 ||r(i)||/||b|| 1.251611391857e+01
 13 KSP unpreconditioned resid norm 3.645888068950e+01 true resid norm 3.645888068950e+01 ||r(i)||/||b|| 1.375747662861e+01
 14 KSP unpreconditioned resid norm 4.022849378815e+01 true resid norm 4.022849378815e+01 ||r(i)||/||b|| 1.517991097445e+01
 15 KSP unpreconditioned resid norm 3.754754917121e+01 true resid norm 3.754754917121e+01 ||r(i)||/||b|| 1.416827725963e+01
 16 KSP unpreconditioned resid norm 3.664402471884e+01 true resid norm 3.664402471884e+01 ||r(i)||/||b|| 1.382733929604e+01
 17 KSP unpreconditioned resid norm 3.542623037089e+01 true resid norm 3.542623037089e+01 ||r(i)||/||b|| 1.336781401816e+01
 18 KSP unpreconditioned resid norm 3.462519972737e+01 true resid norm 3.462519972737e+01 ||r(i)||/||b|| 1.306555130058e+01
 19 KSP unpreconditioned resid norm 3.596388689424e+01 true resid norm 3.596388689424e+01 ||r(i)||/||b|| 1.357069454862e+01
 20 KSP unpreconditioned resid norm 3.641273175694e+01 true resid norm 3.641273175694e+01 ||r(i)||/||b|| 1.374006268586e+01
 21 KSP unpreconditioned resid norm 3.625481377382e+01 true resid norm 3.625481377382e+01 ||r(i)||/||b|| 1.368047355638e+01
 22 KSP unpreconditioned resid norm 3.657963112525e+01 true resid norm 3.657963112525e+01 ||r(i)||/||b|| 1.380304087157e+01
 23 KSP unpreconditioned resid norm 3.646999675665e+01 true resid norm 3.646999675665e+01 ||r(i)||/||b|| 1.376167119057e+01
 24 KSP unpreconditioned resid norm 3.570956972568e+01 true resid norm 3.570956972568e+01 ||r(i)||/||b|| 1.347472993214e+01
 25 KSP unpreconditioned resid norm 3.533416229987e+01 true resid norm 3.533416229987e+01 ||r(i)||/||b|| 1.333307284368e+01
 26 KSP unpreconditioned resid norm 3.647620440995e+01 true resid norm 3.647620440995e+01 ||r(i)||/||b|| 1.376401360053e+01
 27 KSP unpreconditioned resid norm 3.505471362086e+01 true resid norm 3.505471362086e+01 ||r(i)||/||b|| 1.322762504611e+01
 28 KSP unpreconditioned resid norm 3.560827659744e+01 true resid norm 3.560827659744e+01 ||r(i)||/||b|| 1.343650775367e+01
 29 KSP unpreconditioned resid norm 3.920120742174e+01 true resid norm 3.920120742174e+01 ||r(i)||/||b|| 1.479227240987e+01
 30 KSP unpreconditioned resid norm 3.881515872112e+01 true resid norm 3.881515872112e+01 ||r(i)||/||b|| 1.464659991867e+01
 31 KSP unpreconditioned resid norm 2.816259405828e+01 true resid norm 2.816259405828e+01 ||r(i)||/||b|| 1.062693703785e+01
 32 KSP unpreconditioned resid norm 2.610009277283e+01 true resid norm 2.610009277283e+01 ||r(i)||/||b|| 9.848668130678e+00
 33 KSP unpreconditioned resid norm 4.662630094726e+01 true resid norm 4.662630094726e+01 ||r(i)||/||b|| 1.759407402064e+01
 34 KSP unpreconditioned resid norm 5.376797622654e+01 true resid norm 5.376797622654e+01 ||r(i)||/||b|| 2.028892994835e+01
 35 KSP unpreconditioned resid norm 4.918498554832e+01 true resid norm 4.918498554832e+01 ||r(i)||/||b|| 1.855957386412e+01
 36 KSP unpreconditioned resid norm 3.095465255534e+01 true resid norm 3.095465255534e+01 ||r(i)||/||b|| 1.168049871590e+01
 37 KSP unpreconditioned resid norm 2.504232716271e+01 true resid norm 2.504232716271e+01 ||r(i)||/||b|| 9.449528459228e+00
 38 KSP unpreconditioned resid norm 2.034266459745e+01 true resid norm 2.034266459745e+01 ||r(i)||/||b|| 7.676147140845e+00
 39 KSP unpreconditioned resid norm 1.889510028023e+01 true resid norm 1.889510028023e+01 ||r(i)||/||b|| 7.129919942260e+00
 40 KSP unpreconditioned resid norm 2.852585013936e+01 true resid norm 2.852585013936e+01 ||r(i)||/||b|| 1.076400891036e+01
 41 KSP unpreconditioned resid norm 3.608077850458e+01 true resid norm 3.608077850458e+01 ||r(i)||/||b|| 1.361480269365e+01
 42 KSP unpreconditioned resid norm 5.056934551102e+01 true resid norm 5.056934551102e+01 ||r(i)||/||b|| 1.908195138839e+01
 43 KSP unpreconditioned resid norm 5.887903271104e+01 true resid norm 5.887903271104e+01 ||r(i)||/||b|| 2.221754758014e+01
 44 KSP unpreconditioned resid norm 6.515980201610e+01 true resid norm 6.515980201610e+01 ||r(i)||/||b|| 2.458754729735e+01
 45 KSP unpreconditioned resid norm 5.912731317386e+01 true resid norm 5.912731317386e+01 ||r(i)||/||b|| 2.231123429240e+01
 46 KSP unpreconditioned resid norm 5.692645704940e+01 true resid norm 5.692645704940e+01 ||r(i)||/||b|| 2.148075825686e+01
 47 KSP unpreconditioned resid norm 4.564014447409e+01 true resid norm 4.564014447409e+01 ||r(i)||/||b|| 1.722195550314e+01
 48 KSP unpreconditioned resid norm 4.473805973878e+01 true resid norm 4.473805973878e+01 ||r(i)||/||b|| 1.688156080565e+01
 49 KSP unpreconditioned resid norm 3.488353816549e+01 true resid norm 3.488353816549e+01 ||r(i)||/||b|| 1.316303331203e+01
 50 KSP unpreconditioned resid norm 2.961903953953e+01 true resid norm 2.961903953953e+01 ||r(i)||/||b|| 1.117651547499e+01
 51 KSP unpreconditioned resid norm 2.397579580157e+01 true resid norm 2.397579580157e+01 ||r(i)||/||b|| 9.047081099433e+00
 52 KSP unpreconditioned resid norm 2.183791697826e+01 true resid norm 2.183791697826e+01 ||r(i)||/||b|| 8.240369061371e+00
 53 KSP unpreconditioned resid norm 2.296589778519e+01 true resid norm 2.296589778519e+01 ||r(i)||/||b|| 8.666003894242e+00
 54 KSP unpreconditioned resid norm 2.279185277065e+01 true resid norm 2.279185277065e+01 ||r(i)||/||b|| 8.600329354194e+00
 55 KSP unpreconditioned resid norm 2.022555717133e+01 true resid norm 2.022555717133e+01 ||r(i)||/||b|| 7.631957559394e+00
 56 KSP unpreconditioned resid norm 1.695135941283e+01 true resid norm 1.695135941283e+01 ||r(i)||/||b|| 6.396464360257e+00
 57 KSP unpreconditioned resid norm 1.635646134805e+01 true resid norm 1.635646134805e+01 ||r(i)||/||b|| 6.171984176887e+00
 58 KSP unpreconditioned resid norm 1.780281873596e+01 true resid norm 1.780281873596e+01 ||r(i)||/||b|| 6.717755950031e+00
 59 KSP unpreconditioned resid norm 2.017071852305e+01 true resid norm 2.017071852305e+01 ||r(i)||/||b|| 7.611264619627e+00
 60 KSP unpreconditioned resid norm 2.045195052838e+01 true resid norm 2.045195052838e+01 ||r(i)||/||b|| 7.717385341584e+00
 61 KSP unpreconditioned resid norm 2.123155357143e+01 true resid norm 2.123155357143e+01 ||r(i)||/||b|| 8.011562519862e+00
 62 KSP unpreconditioned resid norm 2.270008359306e+01 true resid norm 2.270008359306e+01 ||r(i)||/||b|| 8.565700964844e+00
 63 KSP unpreconditioned resid norm 3.321078866958e+01 true resid norm 3.321078866958e+01 ||r(i)||/||b|| 1.253183422801e+01
 64 KSP unpreconditioned resid norm 2.891775205465e+01 true resid norm 2.891775205465e+01 ||r(i)||/||b|| 1.091189006684e+01
 65 KSP unpreconditioned resid norm 2.345309775063e+01 true resid norm 2.345309775063e+01 ||r(i)||/||b|| 8.849845032839e+00
 66 KSP unpreconditioned resid norm 3.266478972233e+01 true resid norm 3.266478972233e+01 ||r(i)||/||b|| 1.232580574842e+01
 67 KSP unpreconditioned resid norm 6.325598227358e+01 true resid norm 6.325598227358e+01 ||r(i)||/||b|| 2.386915564304e+01
 68 KSP unpreconditioned resid norm 6.234561332276e+01 true resid norm 6.234561332276e+01 ||r(i)||/||b|| 2.352563496091e+01
 69 KSP unpreconditioned resid norm 3.377907812001e+01 true resid norm 3.377907812001e+01 ||r(i)||/||b|| 1.274627385656e+01
 70 KSP unpreconditioned resid norm 2.292317457374e+01 true resid norm 2.292317457374e+01 ||r(i)||/||b|| 8.649882620853e+00
 71 KSP unpreconditioned resid norm 4.352660961299e+01 true resid norm 4.352660961299e+01 ||r(i)||/||b|| 1.642442947093e+01
 72 KSP unpreconditioned resid norm 1.347505722446e+02 true resid norm 1.347505722446e+02 ||r(i)||/||b|| 5.084708617732e+01
 73 KSP unpreconditioned resid norm 3.176775847054e+02 true resid norm 3.176775847054e+02 ||r(i)||/||b|| 1.198731794385e+02
 74 KSP unpreconditioned resid norm 3.688961206404e+02 true resid norm 3.688961206404e+02 ||r(i)||/||b|| 1.392000978120e+02
 75 KSP unpreconditioned resid norm 1.381296350576e+02 true resid norm 1.381296350576e+02 ||r(i)||/||b|| 5.212214939367e+01
 76 KSP unpreconditioned resid norm 4.994407971769e+01 true resid norm 4.994407971769e+01 ||r(i)||/||b|| 1.884601217754e+01
 77 KSP unpreconditioned resid norm 1.936135960106e+01 true resid norm 1.936135960106e+01 ||r(i)||/||b|| 7.305859290586e+00
 78 KSP unpreconditioned resid norm 9.678615101455e+00 true resid norm 9.678615101455e+00 ||r(i)||/||b|| 3.652150547067e+00
 79 KSP unpreconditioned resid norm 1.613973776696e+01 true resid norm 1.613973776696e+01 ||r(i)||/||b|| 6.090205209863e+00
 80 KSP unpreconditioned resid norm 4.871710389652e+01 true resid norm 4.871710389652e+01 ||r(i)||/||b|| 1.838302234174e+01
 81 KSP unpreconditioned resid norm 1.094159061688e+02 true resid norm 1.094159061688e+02 ||r(i)||/||b|| 4.128724589038e+01
 82 KSP unpreconditioned resid norm 8.893138803231e+01 true resid norm 8.893138803231e+01 ||r(i)||/||b|| 3.355757141379e+01
 83 KSP unpreconditioned resid norm 2.917751185942e+01 true resid norm 2.917751185942e+01 ||r(i)||/||b|| 1.100990842000e+01
 84 KSP unpreconditioned resid norm 9.296716647476e+00 true resid norm 9.296716647476e+00 ||r(i)||/||b|| 3.508044119340e+00
 85 KSP unpreconditioned resid norm 2.521732978973e+00 true resid norm 2.521732978973e+00 ||r(i)||/||b|| 9.515564346937e-01
 86 KSP unpreconditioned resid norm 8.249617457435e-01 true resid norm 8.249617457435e-01 ||r(i)||/||b|| 3.112929339006e-01
 87 KSP unpreconditioned resid norm 2.805492698799e-01 true resid norm 2.805492698799e-01 ||r(i)||/||b|| 1.058630970166e-01
 88 KSP unpreconditioned resid norm 7.413972633700e-02 true resid norm 7.413972633700e-02 ||r(i)||/||b|| 2.797605228256e-02
 89 KSP unpreconditioned resid norm 1.895410886795e-02 true resid norm 1.895410886795e-02 ||r(i)||/||b|| 7.152186376420e-03
 90 KSP unpreconditioned resid norm 5.637743886336e-03 true resid norm 5.637743886336e-03 ||r(i)||/||b|| 2.127359049087e-03
 91 KSP unpreconditioned resid norm 1.813119632147e-03 true resid norm 1.813119632147e-03 ||r(i)||/||b|| 6.841666692011e-04
 92 KSP unpreconditioned resid norm 5.885809051232e-04 true resid norm 5.885809051232e-04 ||r(i)||/||b|| 2.220964520343e-04
 93 KSP unpreconditioned resid norm 1.767783936967e-04 true resid norm 1.767783936967e-04 ||r(i)||/||b|| 6.670595952844e-05
 94 KSP unpreconditioned resid norm 4.703495808410e-05 true resid norm 4.703495808410e-05 ||r(i)||/||b|| 1.774827763037e-05
 95 KSP unpreconditioned resid norm 1.840970693309e-05 true resid norm 1.840970693309e-05 ||r(i)||/||b|| 6.946760517106e-06
 96 KSP unpreconditioned resid norm 6.192449180200e-06 true resid norm 6.192449180200e-06 ||r(i)||/||b|| 2.336672801231e-06
 97 KSP unpreconditioned resid norm 1.566448377763e-06 true resid norm 1.566448377763e-06 ||r(i)||/||b|| 5.910871792947e-07
 98 KSP unpreconditioned resid norm 4.491108593951e-07 true resid norm 4.491108593951e-07 ||r(i)||/||b|| 1.694685090419e-07
 99 KSP unpreconditioned resid norm 1.198482777464e-07 true resid norm 1.198482777464e-07 ||r(i)||/||b|| 4.522382061364e-08
100 KSP unpreconditioned resid norm 3.592517904956e-08 true resid norm 3.592517904956e-08 ||r(i)||/||b|| 1.355608844282e-08
101 KSP unpreconditioned resid norm 1.557058750480e-08 true resid norm 1.557058750480e-08 ||r(i)||/||b|| 5.875440760658e-09
            || b ||_2 = 2.6501139470351753e+00
|| r ||_2 / || b ||_2 = 5.8737790886260789e-09
WARNING! There are options you set that were not used!
WARNING! could be spelling mistake, etc!
There is one unused database option. It is:
Option left: name:-ksp_gmres_restart value: 50 source: command line
