Config file: ../input/config/mla_v_cycle-refine0.json
order_rbm = 1
==== basic information of linear system ====
matrix Row = 1506, matrix Column = 1506
matrix nz_allocated = 27747, matrix nz_used = 27747, matrix nz_unneeded = 0
vector Row = 1506
  0 KSP unpreconditioned resid norm 2.650113947035e+00 true resid norm 2.650113947035e+00 ||r(i)||/||b|| 1.000000000000e+00
  1 KSP unpreconditioned resid norm 3.253928886708e+01 true resid norm 3.253928886708e+01 ||r(i)||/||b|| 1.227844897140e+01
  2 KSP unpreconditioned resid norm 3.008501359609e+01 true resid norm 3.008501359609e+01 ||r(i)||/||b|| 1.135234718105e+01
  3 KSP unpreconditioned resid norm 3.332102057787e+01 true resid norm 3.332102057787e+01 ||r(i)||/||b|| 1.257342938599e+01
  4 KSP unpreconditioned resid norm 3.708452564148e+01 true resid norm 3.708452564148e+01 ||r(i)||/||b|| 1.399355891205e+01
  5 KSP unpreconditioned resid norm 3.624361655028e+01 true resid norm 3.624361655028e+01 ||r(i)||/||b|| 1.367624837069e+01
  6 KSP unpreconditioned resid norm 3.417165340633e+01 true resid norm 3.417165340633e+01 ||r(i)||/||b|| 1.289440910439e+01
  7 KSP unpreconditioned resid norm 3.535445381784e+01 true resid norm 3.535445381784e+01 ||r(i)||/||b|| 1.334072969104e+01
  8 KSP unpreconditioned resid norm 3.885497992159e+01 true resid norm 3.885497992159e+01 ||r(i)||/||b|| 1.466162614066e+01
  9 KSP unpreconditioned resid norm 3.252388016678e+01 true resid norm 3.252388016678e+01 ||r(i)||/||b|| 1.227263461753e+01
 10 KSP unpreconditioned resid norm 3.613677505065e+01 true resid norm 3.613677505065e+01 ||r(i)||/||b|| 1.363593255720e+01
 11 KSP unpreconditioned resid norm 3.621735866053e+01 true resid norm 3.621735866053e+01 ||r(i)||/||b|| 1.366634015909e+01
 12 KSP unpreconditioned resid norm 3.877354029745e+01 true resid norm 3.877354029745e+01 ||r(i)||/||b|| 1.463089552841e+01
 13 KSP unpreconditioned resid norm 3.912741486954e+01 true resid norm 3.912741486954e+01 ||r(i)||/||b|| 1.476442736106e+01
 14 KSP unpreconditioned resid norm 3.361496431265e+01 true resid norm 3.361496431265e+01 ||r(i)||/||b|| 1.268434678073e+01
 15 KSP unpreconditioned resid norm 3.001160806591e+01 true resid norm 3.001160806591e+01 ||r(i)||/||b|| 1.132464817201e+01
 16 KSP unpreconditioned resid norm 3.151045650993e+01 true resid norm 3.151045650993e+01 ||r(i)||/||b|| 1.189022703917e+01
 17 KSP unpreconditioned resid norm 3.549550815198e+01 true resid norm 3.549550815198e+01 ||r(i)||/||b|| 1.339395545301e+01
 18 KSP unpreconditioned resid norm 4.487476866142e+01 true resid norm 4.487476866142e+01 ||r(i)||/||b|| 1.693314686021e+01
 19 KSP unpreconditioned resid norm 2.628993502665e+01 true resid norm 2.628993502665e+01 ||r(i)||/||b|| 9.920303636780e+00
 20 KSP unpreconditioned resid norm 2.639875282502e+01 true resid norm 2.639875282502e+01 ||r(i)||/||b|| 9.961365191316e+00
 21 KSP unpreconditioned resid norm 3.210304854460e+01 true resid norm 3.210304854460e+01 ||r(i)||/||b|| 1.211383705992e+01
 22 KSP unpreconditioned resid norm 4.345656303655e+01 true resid norm 4.345656303655e+01 ||r(i)||/||b|| 1.639799793709e+01
 23 KSP unpreconditioned resid norm 4.602457167081e+01 true resid norm 4.602457167081e+01 ||r(i)||/||b|| 1.736701613238e+01
 24 KSP unpreconditioned resid norm 6.209142377616e+01 true resid norm 6.209142377616e+01 ||r(i)||/||b|| 2.342971850159e+01
 25 KSP unpreconditioned resid norm 4.044437140454e+01 true resid norm 4.044437140454e+01 ||r(i)||/||b|| 1.526137072324e+01
 26 KSP unpreconditioned resid norm 3.099298550507e+01 true resid norm 3.099298550507e+01 ||r(i)||/||b|| 1.169496335799e+01
 27 KSP unpreconditioned resid norm 2.176837600126e+01 true resid norm 2.176837600126e+01 ||r(i)||/||b|| 8.214128311581e+00
 28 KSP unpreconditioned resid norm 1.764610154384e+01 true resid norm 1.764610154384e+01 ||r(i)||/||b|| 6.658619929751e+00
 29 KSP unpreconditioned resid norm 1.399875595055e+01 true resid norm 1.399875595055e+01 ||r(i)||/||b|| 5.282322281352e+00
 30 KSP unpreconditioned resid norm 1.894668273080e+01 true resid norm 1.894668273080e+01 ||r(i)||/||b|| 7.149384181008e+00
 31 KSP unpreconditioned resid norm 2.745403189043e+01 true resid norm 2.745403189043e+01 ||r(i)||/||b|| 1.035956658435e+01
 32 KSP unpreconditioned resid norm 3.886030502923e+01 true resid norm 3.886030502923e+01 ||r(i)||/||b|| 1.466363552884e+01
 33 KSP unpreconditioned resid norm 3.945975909772e+01 true resid norm 3.945975909772e+01 ||r(i)||/||b|| 1.488983488498e+01
 34 KSP unpreconditioned resid norm 3.212113588304e+01 true resid norm 3.212113588304e+01 ||r(i)||/||b|| 1.212066217718e+01
 35 KSP unpreconditioned resid norm 3.429657926102e+01 true resid norm 3.429657926102e+01 ||r(i)||/||b|| 1.294154890939e+01
 36 KSP unpreconditioned resid norm 6.782739337382e+01 true resid norm 6.782739337382e+01 ||r(i)||/||b|| 2.559414226309e+01
 37 KSP unpreconditioned resid norm 8.014094654885e+01 true resid norm 8.014094654885e+01 ||r(i)||/||b|| 3.024056631169e+01
 38 KSP unpreconditioned resid norm 4.242215871892e+01 true resid norm 4.242215871892e+01 ||r(i)||/||b|| 1.600767346868e+01
 39 KSP unpreconditioned resid norm 1.287490185487e+02 true resid norm 1.287490185487e+02 ||r(i)||/||b|| 4.858244631056e+01
 40 KSP unpreconditioned resid norm 2.764502797053e+02 true resid norm 2.764502797053e+02 ||r(i)||/||b|| 1.043163747787e+02
 41 KSP unpreconditioned resid norm 5.658928840273e+01 true resid norm 5.658928840273e+01 ||r(i)||/||b|| 2.135353027595e+01
 42 KSP unpreconditioned resid norm 1.405038350230e+01 true resid norm 1.405038350230e+01 ||r(i)||/||b|| 5.301803538681e+00
 43 KSP unpreconditioned resid norm 3.189943681441e+01 true resid norm 3.189943681441e+01 ||r(i)||/||b|| 1.203700574841e+01
 44 KSP unpreconditioned resid norm 1.787948966035e+02 true resid norm 1.787948966035e+02 ||r(i)||/||b|| 6.746687130321e+01
 45 KSP unpreconditioned resid norm 5.437722783537e+01 true resid norm 5.437722783537e+01 ||r(i)||/||b|| 2.051882633054e+01
 46 KSP unpreconditioned resid norm 5.831622729584e+00 true resid norm 5.831622729584e+00 ||r(i)||/||b|| 2.200517730986e+00
 47 KSP unpreconditioned resid norm 6.923709610602e-01 true resid norm 6.923709610602e-01 ||r(i)||/||b|| 2.612608268542e-01
 48 KSP unpreconditioned resid norm 5.243077733018e-02 true resid norm 5.243077733018e-02 ||r(i)||/||b|| 1.978434828768e-02
 49 KSP unpreconditioned resid norm 9.113760006519e-03 true resid norm 9.113760006519e-03 ||r(i)||/||b|| 3.439006845994e-03
 50 KSP unpreconditioned resid norm 7.404296955301e-04 true resid norm 7.404296955301e-04 ||r(i)||/||b|| 2.793954185851e-04
 51 KSP unpreconditioned resid norm 8.254460465331e-05 true resid norm 8.254460465331e-05 ||r(i)||/||b|| 3.114756810576e-05
 52 KSP unpreconditioned resid norm 9.547760860780e-06 true resid norm 9.547760860780e-06 ||r(i)||/||b|| 3.602773711470e-06
 53 KSP unpreconditioned resid norm 1.089499543981e-06 true resid norm 1.089499543981e-06 ||r(i)||/||b|| 4.111142259372e-07
 54 KSP unpreconditioned resid norm 1.313392361817e-07 true resid norm 1.313392361817e-07 ||r(i)||/||b|| 4.955984489974e-08
 55 KSP unpreconditioned resid norm 1.196260098320e-08 true resid norm 1.196260098320e-08 ||r(i)||/||b|| 4.513994953533e-09
            || b ||_2 = 2.6501139470351753e+00
|| r ||_2 / || b ||_2 = 4.5251281689921764e-09
WARNING! There are options you set that were not used!
WARNING! could be spelling mistake, etc!
There is one unused database option. It is:
Option left: name:-ksp_gmres_restart value: 50 source: command line
