Matrix file: ../input/linsys/petsc-bin-mat-refine0
RHS file: ../input/linsys/petsc-bin-rhs-refine0
Mesh file: ../input/mesh/linear-elasticity-2d-22.msh
label_omega = 2
label_bound = 1
order_rbm = 1
mla_phase = 2
gcr_restart = 50
mla_rtol = 1.000000e-06
mla_max_it = 1000
mla_v_pre_smooth time = 10
mla_v_post_smooth time = 10
==== basic information of linear system ====
matrix Row = 1506, matrix Column = 1506
matrix nz_allocated = 27747, matrix nz_used = 27747, matrix nz_unneeded = 0
vector Row = 1506
>>>>>>>> setup phase:
 prolongation_block_row = 251, col = 251
size of prolongation: m = 1506, n = 1506
0 MLA ||r(i)||/||b|| 1.0000000000000000e+00

>>>>>>>> m_solver_a = 1506, n_solver_a = 1506
>>>>>>>> m_prolongation = 1506, n_prolongation = 1506
>>>>>>>> n_solver_r = 1506
>>>>>>>> coarse correction: norm_r_H = 1.7545012983592819e+01
>>>>>>>> coarse correction: relative = 9.3872925756209213e-01

1 MLA ||r(i)||/||b|| 1.1803442245097147e+00

>>>>>>>> m_solver_a = 1506, n_solver_a = 1506
>>>>>>>> m_prolongation = 1506, n_prolongation = 1506
>>>>>>>> n_solver_r = 1506
>>>>>>>> coarse correction: norm_r_H = 1.7467861449675087e+01
>>>>>>>> coarse correction: relative = 9.5285290279183399e-01

2 MLA ||r(i)||/||b|| 1.1732958411463816e+00

>>>>>>>> m_solver_a = 1506, n_solver_a = 1506
>>>>>>>> m_prolongation = 1506, n_prolongation = 1506
>>>>>>>> n_solver_r = 1506
>>>>>>>> coarse correction: norm_r_H = 1.7387533782717004e+01
>>>>>>>> coarse correction: relative = 9.6092633364773394e-01

3 MLA ||r(i)||/||b|| 1.1635853385325885e+00

>>>>>>>> m_solver_a = 1506, n_solver_a = 1506
>>>>>>>> m_prolongation = 1506, n_prolongation = 1506
>>>>>>>> n_solver_r = 1506
>>>>>>>> coarse correction: norm_r_H = 1.7275229463304630e+01
>>>>>>>> coarse correction: relative = 9.3752398316632934e-01

4 MLA ||r(i)||/||b|| 1.1668680886945599e+00

>>>>>>>> m_solver_a = 1506, n_solver_a = 1506
>>>>>>>> m_prolongation = 1506, n_prolongation = 1506
>>>>>>>> n_solver_r = 1506
>>>>>>>> coarse correction: norm_r_H = 1.7290842756285649e+01
>>>>>>>> coarse correction: relative = 9.5956537985290080e-01

5 MLA ||r(i)||/||b|| 1.1602942472428752e+00

>>>>>>>> m_solver_a = 1506, n_solver_a = 1506
>>>>>>>> m_prolongation = 1506, n_prolongation = 1506
>>>>>>>> n_solver_r = 1506
>>>>>>>> coarse correction: norm_r_H = 1.7216258526157294e+01
>>>>>>>> coarse correction: relative = 9.5898867457974757e-01

6 MLA ||r(i)||/||b|| 1.1554211290132708e+00

>>>>>>>> m_solver_a = 1506, n_solver_a = 1506
>>>>>>>> m_prolongation = 1506, n_prolongation = 1506
>>>>>>>> n_solver_r = 1506
>>>>>>>> coarse correction: norm_r_H = 1.7151795083534186e+01
>>>>>>>> coarse correction: relative = 9.5897568517049325e-01

7 MLA ||r(i)||/||b|| 1.1510887529099569e+00

>>>>>>>> m_solver_a = 1506, n_solver_a = 1506
>>>>>>>> m_prolongation = 1506, n_prolongation = 1506
>>>>>>>> n_solver_r = 1506
>>>>>>>> coarse correction: norm_r_H = 1.7093169565400444e+01
>>>>>>>> coarse correction: relative = 9.5906793174797300e-01

8 MLA ||r(i)||/||b|| 1.1476246558896670e+00

>>>>>>>> m_solver_a = 1506, n_solver_a = 1506
>>>>>>>> m_prolongation = 1506, n_prolongation = 1506
>>>>>>>> n_solver_r = 1506
>>>>>>>> coarse correction: norm_r_H = 1.7044184271906389e+01
>>>>>>>> coarse correction: relative = 9.6016335001992059e-01

9 MLA ||r(i)||/||b|| 1.1439553232074928e+00

>>>>>>>> m_solver_a = 1506, n_solver_a = 1506
>>>>>>>> m_prolongation = 1506, n_prolongation = 1506
>>>>>>>> n_solver_r = 1506
>>>>>>>> coarse correction: norm_r_H = 1.6994981394154390e+01
>>>>>>>> coarse correction: relative = 9.5904403616198575e-01

10 MLA ||r(i)||/||b|| 1.1414370344103593e+00

>>>>>>>> m_solver_a = 1506, n_solver_a = 1506
>>>>>>>> m_prolongation = 1506, n_prolongation = 1506
>>>>>>>> n_solver_r = 1506
>>>>>>>> coarse correction: norm_r_H = 1.6955760324159343e+01
>>>>>>>> coarse correction: relative = 9.6124448966175391e-01

11 MLA ||r(i)||/||b|| 1.1380600193262322e+00

>>>>>>>> m_solver_a = 1506, n_solver_a = 1506
>>>>>>>> m_prolongation = 1506, n_prolongation = 1506
>>>>>>>> n_solver_r = 1506
>>>>>>>> coarse correction: norm_r_H = 1.6912024820085776e+01
>>>>>>>> coarse correction: relative = 9.5792854882892797e-01

12 MLA ||r(i)||/||b|| 1.1363817257227775e+00

>>>>>>>> m_solver_a = 1506, n_solver_a = 1506
>>>>>>>> m_prolongation = 1506, n_prolongation = 1506
>>>>>>>> n_solver_r = 1506
>>>>>>>> coarse correction: norm_r_H = 1.6881605175314736e+01
>>>>>>>> coarse correction: relative = 9.6067160278249086e-01

13 MLA ||r(i)||/||b|| 1.1341013163824099e+00

>>>>>>>> m_solver_a = 1506, n_solver_a = 1506
>>>>>>>> m_prolongation = 1506, n_prolongation = 1506
>>>>>>>> n_solver_r = 1506
>>>>>>>> coarse correction: norm_r_H = 1.6849244610111064e+01
>>>>>>>> coarse correction: relative = 9.5526697812744787e-01

14 MLA ||r(i)||/||b|| 1.1333902836752052e+00

>>>>>>>> m_solver_a = 1506, n_solver_a = 1506
>>>>>>>> m_prolongation = 1506, n_prolongation = 1506
>>>>>>>> n_solver_r = 1506
>>>>>>>> coarse correction: norm_r_H = 1.6830394176431717e+01
>>>>>>>> coarse correction: relative = 9.5979386331705352e-01

15 MLA ||r(i)||/||b|| 1.1311434548371797e+00

>>>>>>>> m_solver_a = 1506, n_solver_a = 1506
>>>>>>>> m_prolongation = 1506, n_prolongation = 1506
>>>>>>>> n_solver_r = 1506
>>>>>>>> coarse correction: norm_r_H = 1.6801549677425971e+01
>>>>>>>> coarse correction: relative = 9.5616713285748600e-01

16 MLA ||r(i)||/||b|| 1.1304863388829973e+00

>>>>>>>> m_solver_a = 1506, n_solver_a = 1506
>>>>>>>> m_prolongation = 1506, n_prolongation = 1506
>>>>>>>> n_solver_r = 1506
>>>>>>>> coarse correction: norm_r_H = 1.6785226778601380e+01
>>>>>>>> coarse correction: relative = 9.6155199001583314e-01

17 MLA ||r(i)||/||b|| 1.1276355263694822e+00

>>>>>>>> m_solver_a = 1506, n_solver_a = 1506
>>>>>>>> m_prolongation = 1506, n_prolongation = 1506
>>>>>>>> n_solver_r = 1506
>>>>>>>> coarse correction: norm_r_H = 1.6752992550508910e+01
>>>>>>>> coarse correction: relative = 9.6008271774260523e-01

18 MLA ||r(i)||/||b|| 1.1257024566943319e+00

>>>>>>>> m_solver_a = 1506, n_solver_a = 1506
>>>>>>>> m_prolongation = 1506, n_prolongation = 1506
>>>>>>>> n_solver_r = 1506
>>>>>>>> coarse correction: norm_r_H = 1.6725613092007649e+01
>>>>>>>> coarse correction: relative = 9.6148229097087146e-01

19 MLA ||r(i)||/||b|| 1.1235333423290106e+00

>>>>>>>> m_solver_a = 1506, n_solver_a = 1506
>>>>>>>> m_prolongation = 1506, n_prolongation = 1506
>>>>>>>> n_solver_r = 1506
>>>>>>>> coarse correction: norm_r_H = 1.6696845928491356e+01
>>>>>>>> coarse correction: relative = 9.5794960651538374e-01

20 MLA ||r(i)||/||b|| 1.1222187854032801e+00

>>>>>>>> m_solver_a = 1506, n_solver_a = 1506
>>>>>>>> m_prolongation = 1506, n_prolongation = 1506
>>>>>>>> n_solver_r = 1506
>>>>>>>> coarse correction: norm_r_H = 1.6673851843649246e+01
>>>>>>>> coarse correction: relative = 9.5591547134991584e-01

21 MLA ||r(i)||/||b|| 1.1218113598044859e+00

>>>>>>>> m_solver_a = 1506, n_solver_a = 1506
>>>>>>>> m_prolongation = 1506, n_prolongation = 1506
>>>>>>>> n_solver_r = 1506
>>>>>>>> coarse correction: norm_r_H = 1.6660926685382304e+01
>>>>>>>> coarse correction: relative = 9.6074166169621045e-01

22 MLA ||r(i)||/||b|| 1.1194392084523714e+00

>>>>>>>> m_solver_a = 1506, n_solver_a = 1506
>>>>>>>> m_prolongation = 1506, n_prolongation = 1506
>>>>>>>> n_solver_r = 1506
>>>>>>>> coarse correction: norm_r_H = 1.6634796762379128e+01
>>>>>>>> coarse correction: relative = 9.6004704415758368e-01

23 MLA ||r(i)||/||b|| 1.1177720395933743e+00

>>>>>>>> m_solver_a = 1506, n_solver_a = 1506
>>>>>>>> m_prolongation = 1506, n_prolongation = 1506
>>>>>>>> n_solver_r = 1506
>>>>>>>> coarse correction: norm_r_H = 1.6611363757685304e+01
>>>>>>>> coarse correction: relative = 9.5951493791665399e-01

24 MLA ||r(i)||/||b|| 1.1162357251074244e+00

>>>>>>>> m_solver_a = 1506, n_solver_a = 1506
>>>>>>>> m_prolongation = 1506, n_prolongation = 1506
>>>>>>>> n_solver_r = 1506
>>>>>>>> coarse correction: norm_r_H = 1.6589231270540552e+01
>>>>>>>> coarse correction: relative = 9.6072239315380392e-01

25 MLA ||r(i)||/||b|| 1.1142006108443341e+00

>>>>>>>> m_solver_a = 1506, n_solver_a = 1506
>>>>>>>> m_prolongation = 1506, n_prolongation = 1506
>>>>>>>> n_solver_r = 1506
>>>>>>>> coarse correction: norm_r_H = 1.6564602428580301e+01
>>>>>>>> coarse correction: relative = 9.5900931592244765e-01

26 MLA ||r(i)||/||b|| 1.1128516814602885e+00

>>>>>>>> m_solver_a = 1506, n_solver_a = 1506
>>>>>>>> m_prolongation = 1506, n_prolongation = 1506
>>>>>>>> n_solver_r = 1506
>>>>>>>> coarse correction: norm_r_H = 1.6543148104887365e+01
>>>>>>>> coarse correction: relative = 9.5151416473723516e-01

27 MLA ||r(i)||/||b|| 1.1131563478366833e+00

>>>>>>>> m_solver_a = 1506, n_solver_a = 1506
>>>>>>>> m_prolongation = 1506, n_prolongation = 1506
>>>>>>>> n_solver_r = 1506
>>>>>>>> coarse correction: norm_r_H = 1.6533868601374476e+01
>>>>>>>> coarse correction: relative = 9.5594588614781839e-01

28 MLA ||r(i)||/||b|| 1.1129190223695467e+00

>>>>>>>> m_solver_a = 1506, n_solver_a = 1506
>>>>>>>> m_prolongation = 1506, n_prolongation = 1506
>>>>>>>> n_solver_r = 1506
>>>>>>>> coarse correction: norm_r_H = 1.6524206490175597e+01
>>>>>>>> coarse correction: relative = 9.5937754010422127e-01

29 MLA ||r(i)||/||b|| 1.1110819553534621e+00

>>>>>>>> m_solver_a = 1506, n_solver_a = 1506
>>>>>>>> m_prolongation = 1506, n_prolongation = 1506
>>>>>>>> n_solver_r = 1506
>>>>>>>> coarse correction: norm_r_H = 1.6505322811514304e+01
>>>>>>>> coarse correction: relative = 9.6165477547736389e-01

30 MLA ||r(i)||/||b|| 1.1088931081287221e+00

>>>>>>>> m_solver_a = 1506, n_solver_a = 1506
>>>>>>>> m_prolongation = 1506, n_prolongation = 1506
>>>>>>>> n_solver_r = 1506
>>>>>>>> coarse correction: norm_r_H = 1.6482185159480533e+01
>>>>>>>> coarse correction: relative = 9.5686361578075962e-01

31 MLA ||r(i)||/||b|| 1.1086287862086273e+00

>>>>>>>> m_solver_a = 1506, n_solver_a = 1506
>>>>>>>> m_prolongation = 1506, n_prolongation = 1506
>>>>>>>> n_solver_r = 1506
>>>>>>>> coarse correction: norm_r_H = 1.6470029163731816e+01
>>>>>>>> coarse correction: relative = 9.5688955242289286e-01

32 MLA ||r(i)||/||b|| 1.1081224495885493e+00

>>>>>>>> m_solver_a = 1506, n_solver_a = 1506
>>>>>>>> m_prolongation = 1506, n_prolongation = 1506
>>>>>>>> n_solver_r = 1506
>>>>>>>> coarse correction: norm_r_H = 1.6459934727410424e+01
>>>>>>>> coarse correction: relative = 9.6125170628670986e-01

33 MLA ||r(i)||/||b|| 1.1059335267224102e+00

>>>>>>>> m_solver_a = 1506, n_solver_a = 1506
>>>>>>>> m_prolongation = 1506, n_prolongation = 1506
>>>>>>>> n_solver_r = 1506
>>>>>>>> coarse correction: norm_r_H = 1.6438116773433510e+01
>>>>>>>> coarse correction: relative = 9.5964356638301829e-01

34 MLA ||r(i)||/||b|| 1.1042169198860854e+00

>>>>>>>> m_solver_a = 1506, n_solver_a = 1506
>>>>>>>> m_prolongation = 1506, n_prolongation = 1506
>>>>>>>> n_solver_r = 1506
>>>>>>>> coarse correction: norm_r_H = 1.6416900180569030e+01
>>>>>>>> coarse correction: relative = 9.6084437904727815e-01

35 MLA ||r(i)||/||b|| 1.1026086941100288e+00

>>>>>>>> m_solver_a = 1506, n_solver_a = 1506
>>>>>>>> m_prolongation = 1506, n_prolongation = 1506
>>>>>>>> n_solver_r = 1506
>>>>>>>> coarse correction: norm_r_H = 1.6396559328731581e+01
>>>>>>>> coarse correction: relative = 9.5971293960672610e-01

36 MLA ||r(i)||/||b|| 1.1013989162932702e+00

>>>>>>>> m_solver_a = 1506, n_solver_a = 1506
>>>>>>>> m_prolongation = 1506, n_prolongation = 1506
>>>>>>>> n_solver_r = 1506
>>>>>>>> coarse correction: norm_r_H = 1.6378248065803987e+01
>>>>>>>> coarse correction: relative = 9.6148829644839517e-01

37 MLA ||r(i)||/||b|| 1.0997256960364636e+00

>>>>>>>> m_solver_a = 1506, n_solver_a = 1506
>>>>>>>> m_prolongation = 1506, n_prolongation = 1506
>>>>>>>> n_solver_r = 1506
>>>>>>>> coarse correction: norm_r_H = 1.6358471844698979e+01
>>>>>>>> coarse correction: relative = 9.5883507879512164e-01

38 MLA ||r(i)||/||b|| 1.0987023344495821e+00

>>>>>>>> m_solver_a = 1506, n_solver_a = 1506
>>>>>>>> m_prolongation = 1506, n_prolongation = 1506
>>>>>>>> n_solver_r = 1506
>>>>>>>> coarse correction: norm_r_H = 1.6341529262062188e+01
>>>>>>>> coarse correction: relative = 9.5946935719010040e-01

39 MLA ||r(i)||/||b|| 1.0975160521053919e+00

>>>>>>>> m_solver_a = 1506, n_solver_a = 1506
>>>>>>>> m_prolongation = 1506, n_prolongation = 1506
>>>>>>>> n_solver_r = 1506
>>>>>>>> coarse correction: norm_r_H = 1.6324955868741391e+01
>>>>>>>> coarse correction: relative = 9.5821866036451409e-01

40 MLA ||r(i)||/||b|| 1.0962206926716924e+00

>>>>>>>> m_solver_a = 1506, n_solver_a = 1506
>>>>>>>> m_prolongation = 1506, n_prolongation = 1506
>>>>>>>> n_solver_r = 1506
>>>>>>>> coarse correction: norm_r_H = 1.6307812827528075e+01
>>>>>>>> coarse correction: relative = 9.6408584732639024e-01

41 MLA ||r(i)||/||b|| 1.0944242232841856e+00

>>>>>>>> m_solver_a = 1506, n_solver_a = 1506
>>>>>>>> m_prolongation = 1506, n_prolongation = 1506
>>>>>>>> n_solver_r = 1506
>>>>>>>> coarse correction: norm_r_H = 1.6289456379573274e+01
>>>>>>>> coarse correction: relative = 9.5942523229126131e-01

42 MLA ||r(i)||/||b|| 1.0937673138438513e+00

>>>>>>>> m_solver_a = 1506, n_solver_a = 1506
>>>>>>>> m_prolongation = 1506, n_prolongation = 1506
>>>>>>>> n_solver_r = 1506
>>>>>>>> coarse correction: norm_r_H = 1.6274578355865735e+01
>>>>>>>> coarse correction: relative = 9.5700698648400817e-01

43 MLA ||r(i)||/||b|| 1.0934218270454159e+00

>>>>>>>> m_solver_a = 1506, n_solver_a = 1506
>>>>>>>> m_prolongation = 1506, n_prolongation = 1506
>>>>>>>> n_solver_r = 1506
>>>>>>>> coarse correction: norm_r_H = 1.6263499532085046e+01
>>>>>>>> coarse correction: relative = 9.5747206652111194e-01

44 MLA ||r(i)||/||b|| 1.0926423178945004e+00

>>>>>>>> m_solver_a = 1506, n_solver_a = 1506
>>>>>>>> m_prolongation = 1506, n_prolongation = 1506
>>>>>>>> n_solver_r = 1506
>>>>>>>> coarse correction: norm_r_H = 1.6251239123450048e+01
>>>>>>>> coarse correction: relative = 9.5977916648683803e-01

45 MLA ||r(i)||/||b|| 1.0912256415142150e+00

>>>>>>>> m_solver_a = 1506, n_solver_a = 1506
>>>>>>>> m_prolongation = 1506, n_prolongation = 1506
>>>>>>>> n_solver_r = 1506
>>>>>>>> coarse correction: norm_r_H = 1.6235961942694988e+01
>>>>>>>> coarse correction: relative = 9.5713403721699497e-01

46 MLA ||r(i)||/||b|| 1.0909703321324138e+00

>>>>>>>> m_solver_a = 1506, n_solver_a = 1506
>>>>>>>> m_prolongation = 1506, n_prolongation = 1506
>>>>>>>> n_solver_r = 1506
>>>>>>>> coarse correction: norm_r_H = 1.6226434215905254e+01
>>>>>>>> coarse correction: relative = 9.5710637400100995e-01

47 MLA ||r(i)||/||b|| 1.0902582123619451e+00

>>>>>>>> m_solver_a = 1506, n_solver_a = 1506
>>>>>>>> m_prolongation = 1506, n_prolongation = 1506
>>>>>>>> n_solver_r = 1506
>>>>>>>> coarse correction: norm_r_H = 1.6216013455332568e+01
>>>>>>>> coarse correction: relative = 9.5917672272665322e-01

48 MLA ||r(i)||/||b|| 1.0889344872235913e+00

>>>>>>>> m_solver_a = 1506, n_solver_a = 1506
>>>>>>>> m_prolongation = 1506, n_prolongation = 1506
>>>>>>>> n_solver_r = 1506
>>>>>>>> coarse correction: norm_r_H = 1.6201400389859312e+01
>>>>>>>> coarse correction: relative = 9.5701873862320286e-01

49 MLA ||r(i)||/||b|| 1.0885417168332103e+00

>>>>>>>> m_solver_a = 1506, n_solver_a = 1506
>>>>>>>> m_prolongation = 1506, n_prolongation = 1506
>>>>>>>> n_solver_r = 1506
>>>>>>>> coarse correction: norm_r_H = 1.6191532805747872e+01
>>>>>>>> coarse correction: relative = 9.6144211430513549e-01

50 MLA ||r(i)||/||b|| 1.0866619142393972e+00

>>>>>>>> m_solver_a = 1506, n_solver_a = 1506
>>>>>>>> m_prolongation = 1506, n_prolongation = 1506
>>>>>>>> n_solver_r = 1506
>>>>>>>> coarse correction: norm_r_H = 1.6174122736752118e+01
>>>>>>>> coarse correction: relative = 9.5986212313626129e-01

51 MLA ||r(i)||/||b|| 1.0855725596386494e+00

>>>>>>>> m_solver_a = 1506, n_solver_a = 1506
>>>>>>>> m_prolongation = 1506, n_prolongation = 1506
>>>>>>>> n_solver_r = 1506
>>>>>>>> coarse correction: norm_r_H = 1.6159286989406212e+01
>>>>>>>> coarse correction: relative = 9.5967127783938821e-01

52 MLA ||r(i)||/||b|| 1.0844725241267938e+00

>>>>>>>> m_solver_a = 1506, n_solver_a = 1506
>>>>>>>> m_prolongation = 1506, n_prolongation = 1506
>>>>>>>> n_solver_r = 1506
>>>>>>>> coarse correction: norm_r_H = 1.6144521750230876e+01
>>>>>>>> coarse correction: relative = 9.6024887919313451e-01

53 MLA ||r(i)||/||b|| 1.0831440233422061e+00

>>>>>>>> m_solver_a = 1506, n_solver_a = 1506
>>>>>>>> m_prolongation = 1506, n_prolongation = 1506
>>>>>>>> n_solver_r = 1506
>>>>>>>> coarse correction: norm_r_H = 1.6128958313673895e+01
>>>>>>>> coarse correction: relative = 9.5476928735657118e-01

54 MLA ||r(i)||/||b|| 1.0834371242851355e+00

>>>>>>>> m_solver_a = 1506, n_solver_a = 1506
>>>>>>>> m_prolongation = 1506, n_prolongation = 1506
>>>>>>>> n_solver_r = 1506
>>>>>>>> coarse correction: norm_r_H = 1.6121822250490737e+01
>>>>>>>> coarse correction: relative = 9.5800893181418978e-01

55 MLA ||r(i)||/||b|| 1.0824132650877243e+00

>>>>>>>> m_solver_a = 1506, n_solver_a = 1506
>>>>>>>> m_prolongation = 1506, n_prolongation = 1506
>>>>>>>> n_solver_r = 1506
>>>>>>>> coarse correction: norm_r_H = 1.6110079623407433e+01
>>>>>>>> coarse correction: relative = 9.6106442661679625e-01

56 MLA ||r(i)||/||b|| 1.0808116989856005e+00

>>>>>>>> m_solver_a = 1506, n_solver_a = 1506
>>>>>>>> m_prolongation = 1506, n_prolongation = 1506
>>>>>>>> n_solver_r = 1506
>>>>>>>> coarse correction: norm_r_H = 1.6094159276787643e+01
>>>>>>>> coarse correction: relative = 9.5953030120528260e-01

57 MLA ||r(i)||/||b|| 1.0800010275319050e+00

>>>>>>>> m_solver_a = 1506, n_solver_a = 1506
>>>>>>>> m_prolongation = 1506, n_prolongation = 1506
>>>>>>>> n_solver_r = 1506
>>>>>>>> coarse correction: norm_r_H = 1.6081169525925304e+01
>>>>>>>> coarse correction: relative = 9.5877433175043003e-01

58 MLA ||r(i)||/||b|| 1.0794378908630160e+00

>>>>>>>> m_solver_a = 1506, n_solver_a = 1506
>>>>>>>> m_prolongation = 1506, n_prolongation = 1506
>>>>>>>> n_solver_r = 1506
>>>>>>>> coarse correction: norm_r_H = 1.6070407195845874e+01
>>>>>>>> coarse correction: relative = 9.5594267845479663e-01

59 MLA ||r(i)||/||b|| 1.0786056554814110e+00

>>>>>>>> m_solver_a = 1506, n_solver_a = 1506
>>>>>>>> m_prolongation = 1506, n_prolongation = 1506
>>>>>>>> n_solver_r = 1506
>>>>>>>> coarse correction: norm_r_H = 1.6058933147733143e+01
>>>>>>>> coarse correction: relative = 9.5582221453511251e-01

60 MLA ||r(i)||/||b|| 1.0781867933386491e+00

>>>>>>>> m_solver_a = 1506, n_solver_a = 1506
>>>>>>>> m_prolongation = 1506, n_prolongation = 1506
>>>>>>>> n_solver_r = 1506
>>>>>>>> coarse correction: norm_r_H = 1.6049871724082934e+01
>>>>>>>> coarse correction: relative = 9.5915458061293823e-01

61 MLA ||r(i)||/||b|| 1.0768147915142432e+00

>>>>>>>> m_solver_a = 1506, n_solver_a = 1506
>>>>>>>> m_prolongation = 1506, n_prolongation = 1506
>>>>>>>> n_solver_r = 1506
>>>>>>>> coarse correction: norm_r_H = 1.6036173169770784e+01
>>>>>>>> coarse correction: relative = 9.5896283438843988e-01

62 MLA ||r(i)||/||b|| 1.0759762616900987e+00

>>>>>>>> m_solver_a = 1506, n_solver_a = 1506
>>>>>>>> m_prolongation = 1506, n_prolongation = 1506
>>>>>>>> n_solver_r = 1506
>>>>>>>> coarse correction: norm_r_H = 1.6023967223886117e+01
>>>>>>>> coarse correction: relative = 9.5772289041278169e-01

63 MLA ||r(i)||/||b|| 1.0753051669102089e+00

>>>>>>>> m_solver_a = 1506, n_solver_a = 1506
>>>>>>>> m_prolongation = 1506, n_prolongation = 1506
>>>>>>>> n_solver_r = 1506
>>>>>>>> coarse correction: norm_r_H = 1.6012830093821311e+01
>>>>>>>> coarse correction: relative = 9.5874826324389939e-01

64 MLA ||r(i)||/||b|| 1.0743492072877889e+00

>>>>>>>> m_solver_a = 1506, n_solver_a = 1506
>>>>>>>> m_prolongation = 1506, n_prolongation = 1506
>>>>>>>> n_solver_r = 1506
>>>>>>>> coarse correction: norm_r_H = 1.6000992799543383e+01
>>>>>>>> coarse correction: relative = 9.6146180668061754e-01

65 MLA ||r(i)||/||b|| 1.0729313451715885e+00

>>>>>>>> m_solver_a = 1506, n_solver_a = 1506
>>>>>>>> m_prolongation = 1506, n_prolongation = 1506
>>>>>>>> n_solver_r = 1506
>>>>>>>> coarse correction: norm_r_H = 1.5986328809841632e+01
>>>>>>>> coarse correction: relative = 9.6128820372080881e-01

66 MLA ||r(i)||/||b|| 1.0717758953054297e+00

>>>>>>>> m_solver_a = 1506, n_solver_a = 1506
>>>>>>>> m_prolongation = 1506, n_prolongation = 1506
>>>>>>>> n_solver_r = 1506
>>>>>>>> coarse correction: norm_r_H = 1.5972131306883860e+01
>>>>>>>> coarse correction: relative = 9.5973175966257285e-01

67 MLA ||r(i)||/||b|| 1.0709279708446657e+00

>>>>>>>> m_solver_a = 1506, n_solver_a = 1506
>>>>>>>> m_prolongation = 1506, n_prolongation = 1506
>>>>>>>> n_solver_r = 1506
>>>>>>>> coarse correction: norm_r_H = 1.5959572564658535e+01
>>>>>>>> coarse correction: relative = 9.6199825043601039e-01

68 MLA ||r(i)||/||b|| 1.0698001214376009e+00

>>>>>>>> m_solver_a = 1506, n_solver_a = 1506
>>>>>>>> m_prolongation = 1506, n_prolongation = 1506
>>>>>>>> n_solver_r = 1506
>>>>>>>> coarse correction: norm_r_H = 1.5946249201818814e+01
>>>>>>>> coarse correction: relative = 9.6024965919163108e-01

69 MLA ||r(i)||/||b|| 1.0690569815682085e+00

>>>>>>>> m_solver_a = 1506, n_solver_a = 1506
>>>>>>>> m_prolongation = 1506, n_prolongation = 1506
>>>>>>>> n_solver_r = 1506
>>>>>>>> coarse correction: norm_r_H = 1.5934112242495216e+01
>>>>>>>> coarse correction: relative = 9.6151905657580872e-01

70 MLA ||r(i)||/||b|| 1.0678077485418815e+00

>>>>>>>> m_solver_a = 1506, n_solver_a = 1506
>>>>>>>> m_prolongation = 1506, n_prolongation = 1506
>>>>>>>> n_solver_r = 1506
>>>>>>>> coarse correction: norm_r_H = 1.5920406160290653e+01
>>>>>>>> coarse correction: relative = 9.5927857571175823e-01

71 MLA ||r(i)||/||b|| 1.0670434517419747e+00

>>>>>>>> m_solver_a = 1506, n_solver_a = 1506
>>>>>>>> m_prolongation = 1506, n_prolongation = 1506
>>>>>>>> n_solver_r = 1506
>>>>>>>> coarse correction: norm_r_H = 1.5908461834031153e+01
>>>>>>>> coarse correction: relative = 9.6109372878408283e-01

72 MLA ||r(i)||/||b|| 1.0659029379026961e+00

>>>>>>>> m_solver_a = 1506, n_solver_a = 1506
>>>>>>>> m_prolongation = 1506, n_prolongation = 1506
>>>>>>>> n_solver_r = 1506
>>>>>>>> coarse correction: norm_r_H = 1.5895293394946965e+01
>>>>>>>> coarse correction: relative = 9.6009189244477600e-01

73 MLA ||r(i)||/||b|| 1.0650042079595097e+00

>>>>>>>> m_solver_a = 1506, n_solver_a = 1506
>>>>>>>> m_prolongation = 1506, n_prolongation = 1506
>>>>>>>> n_solver_r = 1506
>>>>>>>> coarse correction: norm_r_H = 1.5882774570134298e+01
>>>>>>>> coarse correction: relative = 9.5861146078840020e-01

74 MLA ||r(i)||/||b|| 1.0643727669626171e+00

>>>>>>>> m_solver_a = 1506, n_solver_a = 1506
>>>>>>>> m_prolongation = 1506, n_prolongation = 1506
>>>>>>>> n_solver_r = 1506
>>>>>>>> coarse correction: norm_r_H = 1.5871852093322135e+01
>>>>>>>> coarse correction: relative = 9.5959401131315814e-01

75 MLA ||r(i)||/||b|| 1.0634843905246270e+00

>>>>>>>> m_solver_a = 1506, n_solver_a = 1506
>>>>>>>> m_prolongation = 1506, n_prolongation = 1506
>>>>>>>> n_solver_r = 1506
>>>>>>>> coarse correction: norm_r_H = 1.5860439386416086e+01
>>>>>>>> coarse correction: relative = 9.6148061002686080e-01

76 MLA ||r(i)||/||b|| 1.0624254731809681e+00

>>>>>>>> m_solver_a = 1506, n_solver_a = 1506
>>>>>>>> m_prolongation = 1506, n_prolongation = 1506
>>>>>>>> n_solver_r = 1506
>>>>>>>> coarse correction: norm_r_H = 1.5848162683497037e+01
>>>>>>>> coarse correction: relative = 9.6052347971320451e-01

77 MLA ||r(i)||/||b|| 1.0615341511718868e+00

>>>>>>>> m_solver_a = 1506, n_solver_a = 1506
>>>>>>>> m_prolongation = 1506, n_prolongation = 1506
>>>>>>>> n_solver_r = 1506
>>>>>>>> coarse correction: norm_r_H = 1.5836390296321325e+01
>>>>>>>> coarse correction: relative = 9.6125482119780303e-01

78 MLA ||r(i)||/||b|| 1.0604722916751812e+00

>>>>>>>> m_solver_a = 1506, n_solver_a = 1506
>>>>>>>> m_prolongation = 1506, n_prolongation = 1506
>>>>>>>> n_solver_r = 1506
>>>>>>>> coarse correction: norm_r_H = 1.5824163542740013e+01
>>>>>>>> coarse correction: relative = 9.6068595473902474e-01

79 MLA ||r(i)||/||b|| 1.0596793657989931e+00

>>>>>>>> m_solver_a = 1506, n_solver_a = 1506
>>>>>>>> m_prolongation = 1506, n_prolongation = 1506
>>>>>>>> n_solver_r = 1506
>>>>>>>> coarse correction: norm_r_H = 1.5812857773086813e+01
>>>>>>>> coarse correction: relative = 9.6092485227809399e-01

80 MLA ||r(i)||/||b|| 1.0586878946982097e+00

>>>>>>>> m_solver_a = 1506, n_solver_a = 1506
>>>>>>>> m_prolongation = 1506, n_prolongation = 1506
>>>>>>>> n_solver_r = 1506
>>>>>>>> coarse correction: norm_r_H = 1.5800882729233043e+01
>>>>>>>> coarse correction: relative = 9.5631810872876100e-01

81 MLA ||r(i)||/||b|| 1.0584080877076611e+00

>>>>>>>> m_solver_a = 1506, n_solver_a = 1506
>>>>>>>> m_prolongation = 1506, n_prolongation = 1506
>>>>>>>> n_solver_r = 1506
>>>>>>>> coarse correction: norm_r_H = 1.5789819480510884e+01
>>>>>>>> coarse correction: relative = 9.6012910274466001e-01

82 MLA ||r(i)||/||b|| 1.0573810718401475e+00

>>>>>>>> m_solver_a = 1506, n_solver_a = 1506
>>>>>>>> m_prolongation = 1506, n_prolongation = 1506
>>>>>>>> n_solver_r = 1506
>>>>>>>> coarse correction: norm_r_H = 1.5779302979973810e+01
>>>>>>>> coarse correction: relative = 9.5967485423688337e-01

83 MLA ||r(i)||/||b|| 1.0566041264863153e+00

>>>>>>>> m_solver_a = 1506, n_solver_a = 1506
>>>>>>>> m_prolongation = 1506, n_prolongation = 1506
>>>>>>>> n_solver_r = 1506
>>>>>>>> coarse correction: norm_r_H = 1.5769195528964913e+01
>>>>>>>> coarse correction: relative = 9.6142147790521038e-01

84 MLA ||r(i)||/||b|| 1.0555803083454860e+00

>>>>>>>> m_solver_a = 1506, n_solver_a = 1506
>>>>>>>> m_prolongation = 1506, n_prolongation = 1506
>>>>>>>> n_solver_r = 1506
>>>>>>>> coarse correction: norm_r_H = 1.5758024083786294e+01
>>>>>>>> coarse correction: relative = 9.6202415334906743e-01

85 MLA ||r(i)||/||b|| 1.0547143007421123e+00

>>>>>>>> m_solver_a = 1506, n_solver_a = 1506
>>>>>>>> m_prolongation = 1506, n_prolongation = 1506
>>>>>>>> n_solver_r = 1506
>>>>>>>> coarse correction: norm_r_H = 1.5746803907557084e+01
>>>>>>>> coarse correction: relative = 9.6128116103254113e-01

86 MLA ||r(i)||/||b|| 1.0538307231142465e+00

>>>>>>>> m_solver_a = 1506, n_solver_a = 1506
>>>>>>>> m_prolongation = 1506, n_prolongation = 1506
>>>>>>>> n_solver_r = 1506
>>>>>>>> coarse correction: norm_r_H = 1.5735988963644191e+01
>>>>>>>> coarse correction: relative = 9.5996119404279445e-01

87 MLA ||r(i)||/||b|| 1.0531523406513004e+00

>>>>>>>> m_solver_a = 1506, n_solver_a = 1506
>>>>>>>> m_prolongation = 1506, n_prolongation = 1506
>>>>>>>> n_solver_r = 1506
>>>>>>>> coarse correction: norm_r_H = 1.5725903983512563e+01
>>>>>>>> coarse correction: relative = 9.5924042089492256e-01

88 MLA ||r(i)||/||b|| 1.0524918184308951e+00

>>>>>>>> m_solver_a = 1506, n_solver_a = 1506
>>>>>>>> m_prolongation = 1506, n_prolongation = 1506
>>>>>>>> n_solver_r = 1506
>>>>>>>> coarse correction: norm_r_H = 1.5714951103947271e+01
>>>>>>>> coarse correction: relative = 9.6101566223391444e-01

89 MLA ||r(i)||/||b|| 1.0515980810648213e+00

>>>>>>>> m_solver_a = 1506, n_solver_a = 1506
>>>>>>>> m_prolongation = 1506, n_prolongation = 1506
>>>>>>>> n_solver_r = 1506
>>>>>>>> coarse correction: norm_r_H = 1.5704719554049522e+01
>>>>>>>> coarse correction: relative = 9.6118975048902289e-01

90 MLA ||r(i)||/||b|| 1.0508604908659558e+00

>>>>>>>> m_solver_a = 1506, n_solver_a = 1506
>>>>>>>> m_prolongation = 1506, n_prolongation = 1506
>>>>>>>> n_solver_r = 1506
>>>>>>>> coarse correction: norm_r_H = 1.5694834433139793e+01
>>>>>>>> coarse correction: relative = 9.5928456769041381e-01

91 MLA ||r(i)||/||b|| 1.0502177503346790e+00

>>>>>>>> m_solver_a = 1506, n_solver_a = 1506
>>>>>>>> m_prolongation = 1506, n_prolongation = 1506
>>>>>>>> n_solver_r = 1506
>>>>>>>> coarse correction: norm_r_H = 1.5684868311440484e+01
>>>>>>>> coarse correction: relative = 9.6166113835203415e-01

92 MLA ||r(i)||/||b|| 1.0493249939799882e+00

>>>>>>>> m_solver_a = 1506, n_solver_a = 1506
>>>>>>>> m_prolongation = 1506, n_prolongation = 1506
>>>>>>>> n_solver_r = 1506
>>>>>>>> coarse correction: norm_r_H = 1.5674756355934203e+01
>>>>>>>> coarse correction: relative = 9.5692110881531889e-01

93 MLA ||r(i)||/||b|| 1.0490607155443223e+00

>>>>>>>> m_solver_a = 1506, n_solver_a = 1506
>>>>>>>> m_prolongation = 1506, n_prolongation = 1506
>>>>>>>> n_solver_r = 1506
>>>>>>>> coarse correction: norm_r_H = 1.5666274577856187e+01
>>>>>>>> coarse correction: relative = 9.5999569019067943e-01

94 MLA ||r(i)||/||b|| 1.0482289124628243e+00

>>>>>>>> m_solver_a = 1506, n_solver_a = 1506
>>>>>>>> m_prolongation = 1506, n_prolongation = 1506
>>>>>>>> n_solver_r = 1506
>>>>>>>> coarse correction: norm_r_H = 1.5656773794052459e+01
>>>>>>>> coarse correction: relative = 9.6072481039606783e-01

95 MLA ||r(i)||/||b|| 1.0474864055300794e+00

>>>>>>>> m_solver_a = 1506, n_solver_a = 1506
>>>>>>>> m_prolongation = 1506, n_prolongation = 1506
>>>>>>>> n_solver_r = 1506
>>>>>>>> coarse correction: norm_r_H = 1.5647756583014059e+01
>>>>>>>> coarse correction: relative = 9.5946790583419461e-01

96 MLA ||r(i)||/||b|| 1.0468111319937956e+00

>>>>>>>> m_solver_a = 1506, n_solver_a = 1506
>>>>>>>> m_prolongation = 1506, n_prolongation = 1506
>>>>>>>> n_solver_r = 1506
>>>>>>>> coarse correction: norm_r_H = 1.5638263961596488e+01
>>>>>>>> coarse correction: relative = 9.5804598073399649e-01

97 MLA ||r(i)||/||b|| 1.0462167926301893e+00

>>>>>>>> m_solver_a = 1506, n_solver_a = 1506
>>>>>>>> m_prolongation = 1506, n_prolongation = 1506
>>>>>>>> n_solver_r = 1506
>>>>>>>> coarse correction: norm_r_H = 1.5629575275973618e+01
>>>>>>>> coarse correction: relative = 9.5888735708918460e-01

98 MLA ||r(i)||/||b|| 1.0457757587186796e+00

>>>>>>>> m_solver_a = 1506, n_solver_a = 1506
>>>>>>>> m_prolongation = 1506, n_prolongation = 1506
>>>>>>>> n_solver_r = 1506
>>>>>>>> coarse correction: norm_r_H = 1.5620033461516661e+01
>>>>>>>> coarse correction: relative = 9.6168501793185490e-01

99 MLA ||r(i)||/||b|| 1.0447167552742751e+00

>>>>>>>> m_solver_a = 1506, n_solver_a = 1506
>>>>>>>> m_prolongation = 1506, n_prolongation = 1506
>>>>>>>> n_solver_r = 1506
