Config file: ../input/config/comsol/folded-shell/refine0.json
order_rbm = 1
angle_type = 1
mesh_type = 1
==== basic information of linear system ====
matrix Row = 8184, matrix Column = 8184
matrix nz_allocated = 273406, matrix nz_used = 273406, matrix nz_unneeded = 0
vector Row = 8184
initial     || b ||_2 = 8.4836054095595639e+04
>>>>local_vec_size = 2046
>>>>~~~~ local_mat_m = 2046, local_mat_n = 2046
>>>>local_vec_size = 2046
>>>>~~~~ local_mat_m = 2046, local_mat_n = 2046
>>>>local_vec_size = 2046
>>>>~~~~ local_mat_m = 2046, local_mat_n = 2046
>>>>local_vec_size = 2046
>>>>~~~~ local_mat_m = 2046, local_mat_n = 2046
            || b ||_2 = 8.4836054095595639e+04
|| r ||_2 / || b ||_2 = 1.0000000000000000e+00
Partitioning a graph of size 1364 serially
      Setup: Max:   0.000, Sum:   0.002, Balance:   1.001
      Remap: Max:   0.000, Sum:   0.000, Balance:   4.000
      Total: Max:   0.046, Sum:   0.186, Balance:   1.000
       Aux1: Max:   0.000, Sum:   0.000, Balance:   1.030
Final 341-way Cut:   2232 	Balance: 1.250 
Partitioning a graph of size 341 serially
      Setup: Max:   0.000, Sum:   0.000, Balance:   1.014
      Remap: Max:   0.000, Sum:   0.000, Balance:   4.000
      Total: Max:   0.011, Sum:   0.045, Balance:   1.000
       Aux1: Max:   0.000, Sum:   0.000, Balance:   1.073
Final  85-way Cut:    509 	Balance: 1.246 
Partitioning a graph of size 85 serially
      Setup: Max:   0.000, Sum:   0.000, Balance:   1.023
      Remap: Max:   0.000, Sum:   0.000, Balance:   4.000
      Total: Max:   0.002, Sum:   0.009, Balance:   1.000
       Aux1: Max:   0.000, Sum:   0.000, Balance:   1.037
Final  21-way Cut:    105 	Balance: 1.235 


>>>>nodes in level 1 is 85, less than 100, setup DONE!>>>>


>>>> mla setup time: 0.0740812 (s)
KSP Object: (mg_coarse_) 4 MPI processes
  type: preonly
  maximum iterations=10000, initial guess is zero
  tolerances: relative=1e-05, absolute=1e-50, divergence=10000.
  left preconditioning
  using DEFAULT norm type for convergence test
PC Object: (mg_coarse_) 4 MPI processes
  type: redundant
  PC has not been set up so information may be incomplete
    Not yet setup
  linear system matrix = precond matrix:
  Mat Object: 4 MPI processes
    type: mpiaij
    rows=510, cols=510
    total: nonzeros=18108, allocated nonzeros=18108
    total number of mallocs used during MatSetValues calls=0
      using nonscalable MatPtAP() implementation
      using I-node (on process 0) routines: found 44 nodes, limit used is 5
KSP Object: (mg_levels_1_) 4 MPI processes
  type: chebyshev
    Chebyshev polynomial of first kind
    eigenvalue targets used: min 0., max 0.
  maximum iterations=5, initial guess is zero
  tolerances: relative=1e-05, absolute=1e-50, divergence=10000.
  left preconditioning
  using NONE norm type for convergence test
PC Object: (mg_levels_1_) 4 MPI processes
  type: sor
  PC has not been set up so information may be incomplete
    type = local_symmetric, iterations = 1, local iterations = 1, omega = 1.
  linear system matrix = precond matrix:
  Mat Object: 4 MPI processes
    type: mpiaij
    rows=2046, cols=2046
    total: nonzeros=79236, allocated nonzeros=79236
    total number of mallocs used during MatSetValues calls=0
      using I-node (on process 0) routines: found 172 nodes, limit used is 5
KSP Object: (mg_levels_2_) 4 MPI processes
  type: chebyshev
    Chebyshev polynomial of first kind
    eigenvalue targets used: min 0., max 0.
  maximum iterations=5, initial guess is zero
  tolerances: relative=1e-05, absolute=1e-50, divergence=10000.
  left preconditioning
  using NONE norm type for convergence test
PC Object: (mg_levels_2_) 4 MPI processes
  type: sor
  PC has not been set up so information may be incomplete
    type = local_symmetric, iterations = 1, local iterations = 1, omega = 1.
  linear system matrix = precond matrix:
  Mat Object: 4 MPI processes
    type: mpiaij
    rows=8184, cols=8184
    total: nonzeros=273406, allocated nonzeros=273406
    total number of mallocs used during MatSetValues calls=0
      using I-node (on process 0) routines: found 820 nodes, limit used is 5
  0 KSP unpreconditioned resid norm 8.483605409560e+04 true resid norm 8.483605409560e+04 ||r(i)||/||b|| 1.000000000000e+00
  1 KSP unpreconditioned resid norm 3.131180368883e+06 true resid norm 3.131180368883e+06 ||r(i)||/||b|| 3.690860451094e+01
  2 KSP unpreconditioned resid norm 5.649078574667e+06 true resid norm 5.649078574667e+06 ||r(i)||/||b|| 6.658818158022e+01
  3 KSP unpreconditioned resid norm 1.640138031247e+07 true resid norm 1.640138031247e+07 ||r(i)||/||b|| 1.933303061690e+02
  4 KSP unpreconditioned resid norm 1.195777482577e+07 true resid norm 1.195777482577e+07 ||r(i)||/||b|| 1.409515677414e+02
  5 KSP unpreconditioned resid norm 1.905207497676e+07 true resid norm 1.905207497676e+07 ||r(i)||/||b|| 2.245752136856e+02
  6 KSP unpreconditioned resid norm 3.024358857895e+07 true resid norm 3.024358857895e+07 ||r(i)||/||b|| 3.564945223039e+02
  7 KSP unpreconditioned resid norm 3.754020159895e+07 true resid norm 3.754020159895e+07 ||r(i)||/||b|| 4.425029192972e+02
  8 KSP unpreconditioned resid norm 5.823863051383e+07 true resid norm 5.823863051383e+07 ||r(i)||/||b|| 6.864844332364e+02
  9 KSP unpreconditioned resid norm 5.033304412574e+07 true resid norm 5.033304412574e+07 ||r(i)||/||b|| 5.932977984693e+02
 10 KSP unpreconditioned resid norm 6.429417721237e+07 true resid norm 6.429417721237e+07 ||r(i)||/||b|| 7.578638339299e+02
 11 KSP unpreconditioned resid norm 5.561116734844e+07 true resid norm 5.561116734844e+07 ||r(i)||/||b|| 6.555133656473e+02
 12 KSP unpreconditioned resid norm 5.801196124693e+07 true resid norm 5.801196124693e+07 ||r(i)||/||b|| 6.838125825791e+02
 13 KSP unpreconditioned resid norm 7.971604231819e+07 true resid norm 7.971604231819e+07 ||r(i)||/||b|| 9.396481621877e+02
 14 KSP unpreconditioned resid norm 1.031099834307e+08 true resid norm 1.031099834307e+08 ||r(i)||/||b|| 1.215402867683e+03
 15 KSP unpreconditioned resid norm 1.514878605621e+08 true resid norm 1.514878605621e+08 ||r(i)||/||b|| 1.785654250154e+03
 16 KSP unpreconditioned resid norm 1.634575655338e+08 true resid norm 1.634575655338e+08 ||r(i)||/||b|| 1.926746443789e+03
 17 KSP unpreconditioned resid norm 1.373292094433e+08 true resid norm 1.373292094433e+08 ||r(i)||/||b|| 1.618759982501e+03
 18 KSP unpreconditioned resid norm 2.505539412049e+08 true resid norm 2.505539412049e+08 ||r(i)||/||b|| 2.953389851472e+03
 19 KSP unpreconditioned resid norm 2.474773126433e+08 true resid norm 2.474773126433e+08 ||r(i)||/||b|| 2.917124273183e+03
 20 KSP unpreconditioned resid norm 3.032035813409e+08 true resid norm 3.032035813409e+08 ||r(i)||/||b|| 3.573994389216e+03
 21 KSP unpreconditioned resid norm 2.719121126893e+08 true resid norm 2.719121126893e+08 ||r(i)||/||b|| 3.205148042162e+03
 22 KSP unpreconditioned resid norm 2.875442253434e+08 true resid norm 2.875442253434e+08 ||r(i)||/||b|| 3.389410651035e+03
 23 KSP unpreconditioned resid norm 2.122390513615e+08 true resid norm 2.122390513615e+08 ||r(i)||/||b|| 2.501755340039e+03
 24 KSP unpreconditioned resid norm 1.821900252758e+08 true resid norm 1.821900252758e+08 ||r(i)||/||b|| 2.147554211685e+03
 25 KSP unpreconditioned resid norm 2.959567292449e+08 true resid norm 2.959567292449e+08 ||r(i)||/||b|| 3.488572546189e+03
 26 KSP unpreconditioned resid norm 5.242342861240e+08 true resid norm 5.242342861240e+08 ||r(i)||/||b|| 6.179380827086e+03
 27 KSP unpreconditioned resid norm 8.747918054631e+08 true resid norm 8.747918054631e+08 ||r(i)||/||b|| 1.031155697644e+04
>>>> ksp solve time: 0.069273 (s)
            || b ||_2 = 8.4836054095595639e+04
|| r ||_2 / || b ||_2 = 1.0311556976404911e+04
