Config file: ../input/config/comsol/inclined-shell/refine0.json
order_rbm = 1
angle_type = 1
mesh_type = 1
==== basic information of linear system ====
matrix Row = 13368, matrix Column = 13368
matrix nz_allocated = 361262, matrix nz_used = 361262, matrix nz_unneeded = 0
vector Row = 13368
initial     || b ||_2 = 3.0009674865898700e+02
>>>>local_vec_size = 3342
>>>>~~~~ local_mat_m = 3342, local_mat_n = 3342
>>>>local_vec_size = 3342
>>>>~~~~ local_mat_m = 3342, local_mat_n = 3342
>>>>local_vec_size = 3342
>>>>~~~~ local_mat_m = 3342, local_mat_n = 3342
>>>>local_vec_size = 3342
>>>>~~~~ local_mat_m = 3342, local_mat_n = 3342
            || b ||_2 = 3.0009674865898700e+02
|| r ||_2 / || b ||_2 = 1.0000000000000000e+00
Partitioning a graph of size 2228 serially
      Setup: Max:   0.001, Sum:   0.002, Balance:   1.001
      Remap: Max:   0.000, Sum:   0.000, Balance:   1.600
      Total: Max:   0.110, Sum:   0.440, Balance:   1.000
       Aux1: Max:   0.000, Sum:   0.000, Balance:   1.000
Final 557-way Cut:   3737 	Balance: 1.250 
Partitioning a graph of size 557 serially
      Setup: Max:   0.000, Sum:   0.000, Balance:   1.009
      Remap: Max:   0.000, Sum:   0.000, Balance:   1.333
      Total: Max:   0.027, Sum:   0.110, Balance:   1.000
       Aux1: Max:   0.000, Sum:   0.000, Balance:   1.000
Final 139-way Cut:    881 	Balance: 1.248 
Partitioning a graph of size 139 serially
      Setup: Max:   0.000, Sum:   0.000, Balance:   1.004
      Remap: Max:   0.000, Sum:   0.000, Balance:   4.000
      Total: Max:   0.006, Sum:   0.024, Balance:   1.000
       Aux1: Max:   0.000, Sum:   0.000, Balance:   1.083
Final  34-way Cut:    206 	Balance: 1.223 
Partitioning a graph of size 34 serially
      Setup: Max:   0.000, Sum:   0.000, Balance:   1.005
      Remap: Max:   0.000, Sum:   0.000, Balance:   4.000
      Total: Max:   0.001, Sum:   0.005, Balance:   1.000
       Aux1: Max:   0.000, Sum:   0.000, Balance:   1.032
Final   8-way Cut:     35 	Balance: 1.176 


>>>>nodes in level 2 is 34, less than 100, setup DONE!>>>>


>>>> mla setup time: 0.17854 (s)
KSP Object: (mg_coarse_) 4 MPI processes
  type: preonly
  maximum iterations=10000, initial guess is zero
  tolerances: relative=1e-05, absolute=1e-50, divergence=10000.
  left preconditioning
  using DEFAULT norm type for convergence test
PC Object: (mg_coarse_) 4 MPI processes
  type: redundant
  PC has not been set up so information may be incomplete
    Not yet setup
  linear system matrix = precond matrix:
  Mat Object: 4 MPI processes
    type: mpiaij
    rows=204, cols=204
    total: nonzeros=6912, allocated nonzeros=6912
    total number of mallocs used during MatSetValues calls=0
      using nonscalable MatPtAP() implementation
      using I-node (on process 0) routines: found 18 nodes, limit used is 5
KSP Object: (mg_levels_1_) 4 MPI processes
  type: chebyshev
    Chebyshev polynomial of first kind
    eigenvalue targets used: min 0., max 0.
  maximum iterations=5, initial guess is zero
  tolerances: relative=1e-05, absolute=1e-50, divergence=10000.
  left preconditioning
  using NONE norm type for convergence test
PC Object: (mg_levels_1_) 4 MPI processes
  type: sor
  PC has not been set up so information may be incomplete
    type = local_symmetric, iterations = 1, local iterations = 1, omega = 1.
  linear system matrix = precond matrix:
  Mat Object: 4 MPI processes
    type: mpiaij
    rows=834, cols=834
    total: nonzeros=31860, allocated nonzeros=31860
    total number of mallocs used during MatSetValues calls=0
      using I-node (on process 0) routines: found 70 nodes, limit used is 5
KSP Object: (mg_levels_2_) 4 MPI processes
  type: chebyshev
    Chebyshev polynomial of first kind
    eigenvalue targets used: min 0., max 0.
  maximum iterations=5, initial guess is zero
  tolerances: relative=1e-05, absolute=1e-50, divergence=10000.
  left preconditioning
  using NONE norm type for convergence test
PC Object: (mg_levels_2_) 4 MPI processes
  type: sor
  PC has not been set up so information may be incomplete
    type = local_symmetric, iterations = 1, local iterations = 1, omega = 1.
  linear system matrix = precond matrix:
  Mat Object: 4 MPI processes
    type: mpiaij
    rows=3342, cols=3342
    total: nonzeros=132372, allocated nonzeros=132372
    total number of mallocs used during MatSetValues calls=0
      using I-node (on process 0) routines: found 280 nodes, limit used is 5
KSP Object: (mg_levels_3_) 4 MPI processes
  type: chebyshev
    Chebyshev polynomial of first kind
    eigenvalue targets used: min 0., max 0.
  maximum iterations=5, initial guess is zero
  tolerances: relative=1e-05, absolute=1e-50, divergence=10000.
  left preconditioning
  using NONE norm type for convergence test
PC Object: (mg_levels_3_) 4 MPI processes
  type: sor
  PC has not been set up so information may be incomplete
    type = local_symmetric, iterations = 1, local iterations = 1, omega = 1.
  linear system matrix = precond matrix:
  Mat Object: 4 MPI processes
    type: mpiaij
    rows=13368, cols=13368
    total: nonzeros=361262, allocated nonzeros=361262
    total number of mallocs used during MatSetValues calls=0
      not using I-node (on process 0) routines
  0 KSP unpreconditioned resid norm 3.000967486590e+02 true resid norm 3.000967486590e+02 ||r(i)||/||b|| 1.000000000000e+00
  1 KSP unpreconditioned resid norm 2.009379007184e+03 true resid norm 2.009379007184e+03 ||r(i)||/||b|| 6.695770667836e+00
  2 KSP unpreconditioned resid norm 2.816944067047e+03 true resid norm 2.816944067047e+03 ||r(i)||/||b|| 9.386786360181e+00
  3 KSP unpreconditioned resid norm 1.967110102153e+03 true resid norm 1.967110102153e+03 ||r(i)||/||b|| 6.554919741529e+00
  4 KSP unpreconditioned resid norm 1.903614360231e+03 true resid norm 1.903614360231e+03 ||r(i)||/||b|| 6.343335503426e+00
  5 KSP unpreconditioned resid norm 1.044712227111e+03 true resid norm 1.044712227111e+03 ||r(i)||/||b|| 3.481251402355e+00
  6 KSP unpreconditioned resid norm 1.085388859921e+03 true resid norm 1.085388859921e+03 ||r(i)||/||b|| 3.616796465711e+00
  7 KSP unpreconditioned resid norm 4.354487086057e+02 true resid norm 4.354487086057e+02 ||r(i)||/||b|| 1.451027745391e+00
  8 KSP unpreconditioned resid norm 2.812726040583e+02 true resid norm 2.812726040583e+02 ||r(i)||/||b|| 9.372730804823e-01
  9 KSP unpreconditioned resid norm 3.743552004143e+02 true resid norm 3.743552004143e+02 ||r(i)||/||b|| 1.247448371524e+00
 10 KSP unpreconditioned resid norm 2.351767535141e+02 true resid norm 2.351767535141e+02 ||r(i)||/||b|| 7.836697817121e-01
 11 KSP unpreconditioned resid norm 2.875229395019e+02 true resid norm 2.875229395019e+02 ||r(i)||/||b|| 9.581008151095e-01
 12 KSP unpreconditioned resid norm 1.618006837999e+02 true resid norm 1.618006837999e+02 ||r(i)||/||b|| 5.391617354169e-01
 13 KSP unpreconditioned resid norm 6.232098131452e+01 true resid norm 6.232098131449e+01 ||r(i)||/||b|| 2.076696318537e-01
 14 KSP unpreconditioned resid norm 4.401762634270e+01 true resid norm 4.401762634272e+01 ||r(i)||/||b|| 1.466781181050e-01
 15 KSP unpreconditioned resid norm 2.841822740746e+01 true resid norm 2.841822740743e+01 ||r(i)||/||b|| 9.469688536919e-02
 16 KSP unpreconditioned resid norm 2.398693961414e+01 true resid norm 2.398693961416e+01 ||r(i)||/||b|| 7.993068809093e-02
 17 KSP unpreconditioned resid norm 1.094584356018e+01 true resid norm 1.094584356017e+01 ||r(i)||/||b|| 3.647438237528e-02
 18 KSP unpreconditioned resid norm 1.133440782467e+01 true resid norm 1.133440782471e+01 ||r(i)||/||b|| 3.776917902428e-02
 19 KSP unpreconditioned resid norm 1.147848144676e+01 true resid norm 1.147848144674e+01 ||r(i)||/||b|| 3.824926960399e-02
 20 KSP unpreconditioned resid norm 7.241599353194e+00 true resid norm 7.241599353182e+00 ||r(i)||/||b|| 2.413088240890e-02
 21 KSP unpreconditioned resid norm 4.760688495664e+00 true resid norm 4.760688495676e+00 ||r(i)||/||b|| 1.586384563295e-02
 22 KSP unpreconditioned resid norm 3.566745637536e+00 true resid norm 3.566745637525e+00 ||r(i)||/||b|| 1.188531916278e-02
 23 KSP unpreconditioned resid norm 2.765407541968e+00 true resid norm 2.765407541946e+00 ||r(i)||/||b|| 9.215053326313e-03
 24 KSP unpreconditioned resid norm 1.977811567914e+00 true resid norm 1.977811567951e+00 ||r(i)||/||b|| 6.590579793980e-03
 25 KSP unpreconditioned resid norm 1.415509221335e+00 true resid norm 1.415509221326e+00 ||r(i)||/||b|| 4.716842910333e-03
 26 KSP unpreconditioned resid norm 7.336295861091e-01 true resid norm 7.336295861355e-01 ||r(i)||/||b|| 2.444643567162e-03
 27 KSP unpreconditioned resid norm 5.242901660279e-01 true resid norm 5.242901660109e-01 ||r(i)||/||b|| 1.747070464288e-03
 28 KSP unpreconditioned resid norm 2.941235916934e-01 true resid norm 2.941235917286e-01 ||r(i)||/||b|| 9.800958958833e-04
 29 KSP unpreconditioned resid norm 2.579564800764e-01 true resid norm 2.579564800016e-01 ||r(i)||/||b|| 8.595777233654e-04
 30 KSP unpreconditioned resid norm 1.735342290588e-01 true resid norm 1.735342291550e-01 ||r(i)||/||b|| 5.782609439470e-04
 31 KSP unpreconditioned resid norm 6.909605263549e-02 true resid norm 6.909605254995e-02 ||r(i)||/||b|| 2.302459218859e-04
 32 KSP unpreconditioned resid norm 5.575835857200e-02 true resid norm 5.575835865800e-02 ||r(i)||/||b|| 1.858012754459e-04
 33 KSP unpreconditioned resid norm 3.755086755867e-02 true resid norm 3.755086747223e-02 ||r(i)||/||b|| 1.251292046316e-04
 34 KSP unpreconditioned resid norm 3.451258645964e-02 true resid norm 3.451258655304e-02 ||r(i)||/||b|| 1.150048666214e-04
 35 KSP unpreconditioned resid norm 1.568648741739e-02 true resid norm 1.568648732917e-02 ||r(i)||/||b|| 5.227143379351e-05
 36 KSP unpreconditioned resid norm 1.438537709800e-02 true resid norm 1.438537721237e-02 ||r(i)||/||b|| 4.793579829391e-05
 37 KSP unpreconditioned resid norm 7.939372692832e-03 true resid norm 7.939372586634e-03 ||r(i)||/||b|| 2.645604333306e-05
 38 KSP unpreconditioned resid norm 5.579456824450e-03 true resid norm 5.579456941985e-03 ||r(i)||/||b|| 1.859219390719e-05
 39 KSP unpreconditioned resid norm 2.362076638296e-03 true resid norm 2.362076547005e-03 ||r(i)||/||b|| 7.871050111540e-06
 40 KSP unpreconditioned resid norm 1.308800013205e-03 true resid norm 1.308800090648e-03 ||r(i)||/||b|| 4.361260481816e-06
 41 KSP unpreconditioned resid norm 1.005629555737e-03 true resid norm 1.005629464887e-03 ||r(i)||/||b|| 3.351017528117e-06
 42 KSP unpreconditioned resid norm 6.609953557097e-04 true resid norm 6.609954746349e-04 ||r(i)||/||b|| 2.202607917575e-06
 43 KSP unpreconditioned resid norm 4.947154597889e-04 true resid norm 4.947153571841e-04 ||r(i)||/||b|| 1.648519550428e-06
 44 KSP unpreconditioned resid norm 3.466100229231e-04 true resid norm 3.466101179392e-04 ||r(i)||/||b|| 1.154994579208e-06
 45 KSP unpreconditioned resid norm 2.102489352041e-04 true resid norm 2.102488469207e-04 ||r(i)||/||b|| 7.006035482230e-07
 46 KSP unpreconditioned resid norm 1.840237486352e-04 true resid norm 1.840238445772e-04 ||r(i)||/||b|| 6.132150561430e-07
 47 KSP unpreconditioned resid norm 1.187794496523e-04 true resid norm 1.187793957100e-04 ||r(i)||/||b|| 3.958036741177e-07
 48 KSP unpreconditioned resid norm 6.740219079312e-05 true resid norm 6.740227475408e-05 ||r(i)||/||b|| 2.246018160986e-07
 49 KSP unpreconditioned resid norm 5.225476022333e-05 true resid norm 5.225469752940e-05 ||r(i)||/||b|| 1.741261701865e-07
 50 KSP unpreconditioned resid norm 2.633502003504e-05 true resid norm 2.633507590217e-05 ||r(i)||/||b|| 8.775528565322e-08
 51 KSP unpreconditioned resid norm 1.746392515084e-05 true resid norm 1.746394618609e-05 ||r(i)||/||b|| 5.819438652412e-08
 52 KSP unpreconditioned resid norm 2.242112483435e-05 true resid norm 2.242108323109e-05 ||r(i)||/||b|| 7.471284954364e-08
 53 KSP unpreconditioned resid norm 1.058602255736e-05 true resid norm 1.058601268563e-05 ||r(i)||/||b|| 3.527533281495e-08
 54 KSP unpreconditioned resid norm 6.687564788900e-06 true resid norm 6.687573094889e-06 ||r(i)||/||b|| 2.228472359255e-08
 55 KSP unpreconditioned resid norm 4.404153364203e-06 true resid norm 4.404157932344e-06 ||r(i)||/||b|| 1.467579356332e-08
 56 KSP unpreconditioned resid norm 2.165736717278e-06 true resid norm 2.165755580866e-06 ||r(i)||/||b|| 7.216857865150e-09
>>>> ksp solve time: 0.385326 (s)
            || b ||_2 = 3.0009674865898700e+02
|| r ||_2 / || b ||_2 = 7.2168578651503295e-09
