Config file: ../input/config/comsol/curved-shell/refine0.json
order_rbm = 1
angle_type = 1
mesh_type = 1
==== basic information of linear system ====
matrix Row = 9438, matrix Column = 9438
matrix nz_allocated = 375678, matrix nz_used = 375678, matrix nz_unneeded = 0
vector Row = 9438
initial     || b ||_2 = 1.9604109142303623e+04
>>>>local_vec_size = 2358
>>>>~~~~ local_mat_m = 2358, local_mat_n = 2358
>>>>local_vec_size = 2358
>>>>~~~~ local_mat_m = 2358, local_mat_n = 2358
>>>>local_vec_size = 2358
>>>>~~~~ local_mat_m = 2358, local_mat_n = 2358
>>>>local_vec_size = 2364
>>>>~~~~ local_mat_m = 2364, local_mat_n = 2364
            || b ||_2 = 1.9604109142303623e+04
|| r ||_2 / || b ||_2 = 1.0000000000000000e+00
Partitioning a graph of size 1573 serially
      Setup: Max:   0.001, Sum:   0.002, Balance:   1.000
      Remap: Max:   0.000, Sum:   0.000, Balance:   1.000
      Total: Max:   0.084, Sum:   0.334, Balance:   1.000
       Aux1: Max:   0.000, Sum:   0.000, Balance:   1.000
Final 393-way Cut:   2625 	Balance: 1.249 
Partitioning a graph of size 393 serially
      Setup: Max:   0.000, Sum:   0.000, Balance:   1.006
      Remap: Max:   0.000, Sum:   0.000, Balance:   1.000
      Total: Max:   0.020, Sum:   0.081, Balance:   1.000
       Aux1: Max:   0.000, Sum:   0.000, Balance:   1.057
Final  98-way Cut:    617 	Balance: 1.247 
Partitioning a graph of size 98 serially
      Setup: Max:   0.000, Sum:   0.000, Balance:   1.003
      Remap: Max:   0.000, Sum:   0.000, Balance:   4.000
      Total: Max:   0.005, Sum:   0.018, Balance:   1.000
       Aux1: Max:   0.000, Sum:   0.000, Balance:   1.023
Final  24-way Cut:    135 	Balance: 1.224 


>>>>nodes in level 1 is 98, less than 100, setup DONE!>>>>


>>>> mla setup time: 0.1329 (s)
KSP Object: (mg_coarse_) 4 MPI processes
  type: preonly
  maximum iterations=10000, initial guess is zero
  tolerances: relative=1e-05, absolute=1e-50, divergence=10000.
  left preconditioning
  using DEFAULT norm type for convergence test
PC Object: (mg_coarse_) 4 MPI processes
  type: redundant
  PC has not been set up so information may be incomplete
    Not yet setup
  linear system matrix = precond matrix:
  Mat Object: 4 MPI processes
    type: mpiaij
    rows=588, cols=588
    total: nonzeros=22104, allocated nonzeros=22104
    total number of mallocs used during MatSetValues calls=0
      using nonscalable MatPtAP() implementation
      using I-node (on process 0) routines: found 50 nodes, limit used is 5
KSP Object: (mg_levels_1_) 4 MPI processes
  type: chebyshev
    Chebyshev polynomial of first kind
    eigenvalue targets used: min 0., max 0.
  maximum iterations=5, initial guess is zero
  tolerances: relative=1e-05, absolute=1e-50, divergence=10000.
  left preconditioning
  using NONE norm type for convergence test
PC Object: (mg_levels_1_) 4 MPI processes
  type: sor
  PC has not been set up so information may be incomplete
    type = local_symmetric, iterations = 1, local iterations = 1, omega = 1.
  linear system matrix = precond matrix:
  Mat Object: 4 MPI processes
    type: mpiaij
    rows=2358, cols=2358
    total: nonzeros=93420, allocated nonzeros=93420
    total number of mallocs used during MatSetValues calls=0
      using I-node (on process 0) routines: found 198 nodes, limit used is 5
KSP Object: (mg_levels_2_) 4 MPI processes
  type: chebyshev
    Chebyshev polynomial of first kind
    eigenvalue targets used: min 0., max 0.
  maximum iterations=5, initial guess is zero
  tolerances: relative=1e-05, absolute=1e-50, divergence=10000.
  left preconditioning
  using NONE norm type for convergence test
PC Object: (mg_levels_2_) 4 MPI processes
  type: sor
  PC has not been set up so information may be incomplete
    type = local_symmetric, iterations = 1, local iterations = 1, omega = 1.
  linear system matrix = precond matrix:
  Mat Object: 4 MPI processes
    type: mpiaij
    rows=9438, cols=9438
    total: nonzeros=375678, allocated nonzeros=375678
    total number of mallocs used during MatSetValues calls=0
      using I-node (on process 0) routines: found 860 nodes, limit used is 5
  0 KSP unpreconditioned resid norm 1.960410914230e+04 true resid norm 1.960410914230e+04 ||r(i)||/||b|| 1.000000000000e+00
  1 KSP unpreconditioned resid norm 2.695499930992e+05 true resid norm 2.695499930992e+05 ||r(i)||/||b|| 1.374966804880e+01
  2 KSP unpreconditioned resid norm 9.743858809803e+05 true resid norm 9.743858809803e+05 ||r(i)||/||b|| 4.970314508593e+01
  3 KSP unpreconditioned resid norm 8.312745837948e+05 true resid norm 8.312745837948e+05 ||r(i)||/||b|| 4.240307875052e+01
  4 KSP unpreconditioned resid norm 7.624940110128e+05 true resid norm 7.624940110128e+05 ||r(i)||/||b|| 3.889460140616e+01
  5 KSP unpreconditioned resid norm 6.380990670463e+05 true resid norm 6.380990670463e+05 ||r(i)||/||b|| 3.254925089503e+01
  6 KSP unpreconditioned resid norm 4.551947911189e+05 true resid norm 4.551947911189e+05 ||r(i)||/||b|| 2.321935609595e+01
  7 KSP unpreconditioned resid norm 3.280391837483e+05 true resid norm 3.280391837483e+05 ||r(i)||/||b|| 1.673318493419e+01
  8 KSP unpreconditioned resid norm 2.903503243819e+05 true resid norm 2.903503243819e+05 ||r(i)||/||b|| 1.481068699803e+01
  9 KSP unpreconditioned resid norm 3.054659757541e+05 true resid norm 3.054659757541e+05 ||r(i)||/||b|| 1.558173205101e+01
 10 KSP unpreconditioned resid norm 2.591439114238e+05 true resid norm 2.591439114238e+05 ||r(i)||/||b|| 1.321885679898e+01
 11 KSP unpreconditioned resid norm 3.104796577125e+05 true resid norm 3.104796577125e+05 ||r(i)||/||b|| 1.583747853365e+01
 12 KSP unpreconditioned resid norm 2.358531219515e+05 true resid norm 2.358531219515e+05 ||r(i)||/||b|| 1.203080028985e+01
 13 KSP unpreconditioned resid norm 2.088421389367e+05 true resid norm 2.088421389367e+05 ||r(i)||/||b|| 1.065297777220e+01
 14 KSP unpreconditioned resid norm 1.844447588395e+05 true resid norm 1.844447588395e+05 ||r(i)||/||b|| 9.408474391805e+00
 15 KSP unpreconditioned resid norm 1.614030270929e+05 true resid norm 1.614030270929e+05 ||r(i)||/||b|| 8.233122246022e+00
 16 KSP unpreconditioned resid norm 1.473087895971e+05 true resid norm 1.473087895971e+05 ||r(i)||/||b|| 7.514179222725e+00
 17 KSP unpreconditioned resid norm 1.155447762059e+05 true resid norm 1.155447762059e+05 ||r(i)||/||b|| 5.893905985075e+00
 18 KSP unpreconditioned resid norm 1.086877560070e+05 true resid norm 1.086877560070e+05 ||r(i)||/||b|| 5.544131346037e+00
 19 KSP unpreconditioned resid norm 9.225290942840e+04 true resid norm 9.225290942841e+04 ||r(i)||/||b|| 4.705794522912e+00
 20 KSP unpreconditioned resid norm 8.048717458765e+04 true resid norm 8.048717458762e+04 ||r(i)||/||b|| 4.105627754027e+00
 21 KSP unpreconditioned resid norm 8.291130499385e+04 true resid norm 8.291130499386e+04 ||r(i)||/||b|| 4.229281952677e+00
 22 KSP unpreconditioned resid norm 6.244062111960e+04 true resid norm 6.244062111962e+04 ||r(i)||/||b|| 3.185078223467e+00
 23 KSP unpreconditioned resid norm 5.663801332460e+04 true resid norm 5.663801332460e+04 ||r(i)||/||b|| 2.889088859559e+00
 24 KSP unpreconditioned resid norm 4.853635294096e+04 true resid norm 4.853635294094e+04 ||r(i)||/||b|| 2.475825480700e+00
 25 KSP unpreconditioned resid norm 4.582345892799e+04 true resid norm 4.582345892803e+04 ||r(i)||/||b|| 2.337441533069e+00
 26 KSP unpreconditioned resid norm 4.531945486237e+04 true resid norm 4.531945486233e+04 ||r(i)||/||b|| 2.311732429837e+00
 27 KSP unpreconditioned resid norm 3.910998815044e+04 true resid norm 3.910998815044e+04 ||r(i)||/||b|| 1.994989308953e+00
 28 KSP unpreconditioned resid norm 3.194854379261e+04 true resid norm 3.194854379256e+04 ||r(i)||/||b|| 1.629686080640e+00
 29 KSP unpreconditioned resid norm 3.465366040351e+04 true resid norm 3.465366040353e+04 ||r(i)||/||b|| 1.767673305223e+00
 30 KSP unpreconditioned resid norm 2.887377792010e+04 true resid norm 2.887377792010e+04 ||r(i)||/||b|| 1.472843152959e+00
 31 KSP unpreconditioned resid norm 2.634461816716e+04 true resid norm 2.634461816715e+04 ||r(i)||/||b|| 1.343831437374e+00
 32 KSP unpreconditioned resid norm 2.458778825742e+04 true resid norm 2.458778825743e+04 ||r(i)||/||b|| 1.254216046185e+00
 33 KSP unpreconditioned resid norm 2.449833417024e+04 true resid norm 2.449833417021e+04 ||r(i)||/||b|| 1.249653018782e+00
 34 KSP unpreconditioned resid norm 1.982978790613e+04 true resid norm 1.982978790619e+04 ||r(i)||/||b|| 1.011511809195e+00
 35 KSP unpreconditioned resid norm 1.921704761189e+04 true resid norm 1.921704761178e+04 ||r(i)||/||b|| 9.802561020388e-01
 36 KSP unpreconditioned resid norm 1.742026810653e+04 true resid norm 1.742026810659e+04 ||r(i)||/||b|| 8.886028934109e-01
 37 KSP unpreconditioned resid norm 1.503309970118e+04 true resid norm 1.503309970113e+04 ||r(i)||/||b|| 7.668341158483e-01
 38 KSP unpreconditioned resid norm 1.313787925508e+04 true resid norm 1.313787925507e+04 ||r(i)||/||b|| 6.701594629832e-01
 39 KSP unpreconditioned resid norm 1.263549852741e+04 true resid norm 1.263549852748e+04 ||r(i)||/||b|| 6.445331657646e-01
 40 KSP unpreconditioned resid norm 1.611669795215e+04 true resid norm 1.611669795207e+04 ||r(i)||/||b|| 8.221081526879e-01
 41 KSP unpreconditioned resid norm 1.388914688690e+04 true resid norm 1.388914688699e+04 ||r(i)||/||b|| 7.084814100027e-01
 42 KSP unpreconditioned resid norm 1.108476691283e+04 true resid norm 1.108476691276e+04 ||r(i)||/||b|| 5.654307896523e-01
 43 KSP unpreconditioned resid norm 1.162472761072e+04 true resid norm 1.162472761081e+04 ||r(i)||/||b|| 5.929740304150e-01
 44 KSP unpreconditioned resid norm 1.070003492980e+04 true resid norm 1.070003492968e+04 ||r(i)||/||b|| 5.458057212399e-01
 45 KSP unpreconditioned resid norm 1.008520654617e+04 true resid norm 1.008520654625e+04 ||r(i)||/||b|| 5.144435012600e-01
 46 KSP unpreconditioned resid norm 1.040793915670e+04 true resid norm 1.040793915666e+04 ||r(i)||/||b|| 5.309059994059e-01
 47 KSP unpreconditioned resid norm 8.952730881210e+03 true resid norm 8.952730881302e+03 ||r(i)||/||b|| 4.566762415122e-01
 48 KSP unpreconditioned resid norm 7.295010713736e+03 true resid norm 7.295010713595e+03 ||r(i)||/||b|| 3.721164099140e-01
 49 KSP unpreconditioned resid norm 7.484915883507e+03 true resid norm 7.484915883612e+03 ||r(i)||/||b|| 3.818034183181e-01
 50 KSP unpreconditioned resid norm 7.070333145215e+03 true resid norm 7.070333145085e+03 ||r(i)||/||b|| 3.606556714086e-01
 51 KSP unpreconditioned resid norm 5.921661750887e+03 true resid norm 5.921661751108e+03 ||r(i)||/||b|| 3.020622721555e-01
 52 KSP unpreconditioned resid norm 5.220696466422e+03 true resid norm 5.220696466183e+03 ||r(i)||/||b|| 2.663062334680e-01
 53 KSP unpreconditioned resid norm 4.899616973610e+03 true resid norm 4.899616973880e+03 ||r(i)||/||b|| 2.499280604038e-01
 54 KSP unpreconditioned resid norm 4.070151960719e+03 true resid norm 4.070151960486e+03 ||r(i)||/||b|| 2.076172873218e-01
 55 KSP unpreconditioned resid norm 3.727070134082e+03 true resid norm 3.727070134258e+03 ||r(i)||/||b|| 1.901167814974e-01
 56 KSP unpreconditioned resid norm 2.880393525875e+03 true resid norm 2.880393525758e+03 ||r(i)||/||b|| 1.469280498721e-01
 57 KSP unpreconditioned resid norm 3.123087438223e+03 true resid norm 3.123087438303e+03 ||r(i)||/||b|| 1.593077969334e-01
 58 KSP unpreconditioned resid norm 2.176542107596e+03 true resid norm 2.176542107472e+03 ||r(i)||/||b|| 1.110247903474e-01
 59 KSP unpreconditioned resid norm 1.832174463883e+03 true resid norm 1.832174463959e+03 ||r(i)||/||b|| 9.345869535104e-02
 60 KSP unpreconditioned resid norm 1.748987567601e+03 true resid norm 1.748987567504e+03 ||r(i)||/||b|| 8.921535555676e-02
 61 KSP unpreconditioned resid norm 1.595304962841e+03 true resid norm 1.595304962885e+03 ||r(i)||/||b|| 8.137604985284e-02
 62 KSP unpreconditioned resid norm 1.440282418475e+03 true resid norm 1.440282418436e+03 ||r(i)||/||b|| 7.346839420150e-02
 63 KSP unpreconditioned resid norm 1.263762454034e+03 true resid norm 1.263762454062e+03 ||r(i)||/||b|| 6.446416130864e-02
 64 KSP unpreconditioned resid norm 1.169556138389e+03 true resid norm 1.169556138396e+03 ||r(i)||/||b|| 5.965872409228e-02
 65 KSP unpreconditioned resid norm 1.175376246927e+03 true resid norm 1.175376246954e+03 ||r(i)||/||b|| 5.995560616510e-02
 66 KSP unpreconditioned resid norm 8.671676339089e+02 true resid norm 8.671676338887e+02 ||r(i)||/||b|| 4.423397296934e-02
 67 KSP unpreconditioned resid norm 7.844972395915e+02 true resid norm 7.844972396010e+02 ||r(i)||/||b|| 4.001697980288e-02
 68 KSP unpreconditioned resid norm 6.698861496378e+02 true resid norm 6.698861496650e+02 ||r(i)||/||b|| 3.417070088737e-02
 69 KSP unpreconditioned resid norm 6.501513502310e+02 true resid norm 6.501513500982e+02 ||r(i)||/||b|| 3.316403440620e-02
 70 KSP unpreconditioned resid norm 5.277108781898e+02 true resid norm 5.277108784195e+02 ||r(i)||/||b|| 2.691838096742e-02
 71 KSP unpreconditioned resid norm 4.363689601061e+02 true resid norm 4.363689599211e+02 ||r(i)||/||b|| 2.225905583129e-02
 72 KSP unpreconditioned resid norm 3.976296970667e+02 true resid norm 3.976296972110e+02 ||r(i)||/||b|| 2.028297712101e-02
 73 KSP unpreconditioned resid norm 3.285028500260e+02 true resid norm 3.285028499308e+02 ||r(i)||/||b|| 1.675683641354e-02
 74 KSP unpreconditioned resid norm 2.955435671193e+02 true resid norm 2.955435671663e+02 ||r(i)||/||b|| 1.507559282704e-02
 75 KSP unpreconditioned resid norm 2.242186814905e+02 true resid norm 2.242186814055e+02 ||r(i)||/||b|| 1.143733080539e-02
 76 KSP unpreconditioned resid norm 1.942561608579e+02 true resid norm 1.942561609841e+02 ||r(i)||/||b|| 9.908951208850e-03
 77 KSP unpreconditioned resid norm 2.010181803240e+02 true resid norm 2.010181802118e+02 ||r(i)||/||b|| 1.025387987552e-02
 78 KSP unpreconditioned resid norm 1.863916595101e+02 true resid norm 1.863916596179e+02 ||r(i)||/||b|| 9.507785243638e-03
 79 KSP unpreconditioned resid norm 1.708646880768e+02 true resid norm 1.708646880380e+02 ||r(i)||/||b|| 8.715758864519e-03
 80 KSP unpreconditioned resid norm 1.492076115399e+02 true resid norm 1.492076116253e+02 ||r(i)||/||b|| 7.611037591265e-03
 81 KSP unpreconditioned resid norm 1.387263067366e+02 true resid norm 1.387263066563e+02 ||r(i)||/||b|| 7.076389222755e-03
 82 KSP unpreconditioned resid norm 9.979653508830e+01 true resid norm 9.979653514817e+01 ||r(i)||/||b|| 5.090592713179e-03
 83 KSP unpreconditioned resid norm 9.591082813971e+01 true resid norm 9.591082802818e+01 ||r(i)||/||b|| 4.892383904414e-03
 84 KSP unpreconditioned resid norm 7.402510010118e+01 true resid norm 7.402510019685e+01 ||r(i)||/||b|| 3.775999187697e-03
 85 KSP unpreconditioned resid norm 7.228238338954e+01 true resid norm 7.228238326723e+01 ||r(i)||/||b|| 3.687103695584e-03
 86 KSP unpreconditioned resid norm 6.431151670804e+01 true resid norm 6.431151673525e+01 ||r(i)||/||b|| 3.280512073689e-03
 87 KSP unpreconditioned resid norm 5.581606641770e+01 true resid norm 5.581606645671e+01 ||r(i)||/||b|| 2.847161584929e-03
 88 KSP unpreconditioned resid norm 4.922775454992e+01 true resid norm 4.922775447727e+01 ||r(i)||/||b|| 2.511093675307e-03
 89 KSP unpreconditioned resid norm 3.891060387881e+01 true resid norm 3.891060389388e+01 ||r(i)||/||b|| 1.984818775056e-03
 90 KSP unpreconditioned resid norm 3.446907260442e+01 true resid norm 3.446907259161e+01 ||r(i)||/||b|| 1.758257533734e-03
 91 KSP unpreconditioned resid norm 3.071757114683e+01 true resid norm 3.071757118990e+01 ||r(i)||/||b|| 1.566894520273e-03
 92 KSP unpreconditioned resid norm 2.569590278877e+01 true resid norm 2.569590273027e+01 ||r(i)||/||b|| 1.310740648491e-03
 93 KSP unpreconditioned resid norm 2.448573596528e+01 true resid norm 2.448573601338e+01 ||r(i)||/||b|| 1.249010390406e-03
 94 KSP unpreconditioned resid norm 2.143515518742e+01 true resid norm 2.143515515896e+01 ||r(i)||/||b|| 1.093401133577e-03
 95 KSP unpreconditioned resid norm 1.941297013472e+01 true resid norm 1.941297020966e+01 ||r(i)||/||b|| 9.902500577171e-04
 96 KSP unpreconditioned resid norm 1.721677634877e+01 true resid norm 1.721677622221e+01 ||r(i)||/||b|| 8.782228305931e-04
 97 KSP unpreconditioned resid norm 1.428402767724e+01 true resid norm 1.428402778877e+01 ||r(i)||/||b|| 7.286241718553e-04
 98 KSP unpreconditioned resid norm 1.094372541966e+01 true resid norm 1.094372521839e+01 ||r(i)||/||b|| 5.582362931646e-04
 99 KSP unpreconditioned resid norm 1.162795373450e+01 true resid norm 1.162795388018e+01 ||r(i)||/||b|| 5.931386014928e-04
100 KSP unpreconditioned resid norm 1.048507025831e+01 true resid norm 1.048507008562e+01 ||r(i)||/||b|| 5.348404260307e-04
101 KSP unpreconditioned resid norm 9.162321245889e+00 true resid norm 9.162321374805e+00 ||r(i)||/||b|| 4.673673926368e-04
102 KSP unpreconditioned resid norm 7.877257780823e+00 true resid norm 7.877257711061e+00 ||r(i)||/||b|| 4.018166627150e-04
103 KSP unpreconditioned resid norm 6.368070299160e+00 true resid norm 6.368070304023e+00 ||r(i)||/||b|| 3.248334447538e-04
104 KSP unpreconditioned resid norm 5.923315296151e+00 true resid norm 5.923315358099e+00 ||r(i)||/||b|| 3.021466221751e-04
105 KSP unpreconditioned resid norm 5.782565244250e+00 true resid norm 5.782565189249e+00 ||r(i)||/||b|| 2.949669963207e-04
106 KSP unpreconditioned resid norm 4.828440916133e+00 true resid norm 4.828440935010e+00 ||r(i)||/||b|| 2.462973910195e-04
107 KSP unpreconditioned resid norm 4.323547734367e+00 true resid norm 4.323547687241e+00 ||r(i)||/||b|| 2.205429308650e-04
108 KSP unpreconditioned resid norm 3.805102259272e+00 true resid norm 3.805102238721e+00 ||r(i)||/||b|| 1.940971768266e-04
109 KSP unpreconditioned resid norm 2.999840442403e+00 true resid norm 2.999840449016e+00 ||r(i)||/||b|| 1.530210032622e-04
110 KSP unpreconditioned resid norm 2.601734745732e+00 true resid norm 2.601734722944e+00 ||r(i)||/||b|| 1.327137440451e-04
111 KSP unpreconditioned resid norm 2.586511901187e+00 true resid norm 2.586511911004e+00 ||r(i)||/||b|| 1.319372327622e-04
112 KSP unpreconditioned resid norm 2.528938855367e+00 true resid norm 2.528938898787e+00 ||r(i)||/||b|| 1.290004498766e-04
113 KSP unpreconditioned resid norm 1.993503845866e+00 true resid norm 1.993503740136e+00 ||r(i)||/||b|| 1.016880555839e-04
114 KSP unpreconditioned resid norm 1.874897520710e+00 true resid norm 1.874897541018e+00 ||r(i)||/||b|| 9.563798729175e-05
115 KSP unpreconditioned resid norm 1.724301538916e+00 true resid norm 1.724301502181e+00 ||r(i)||/||b|| 8.795612642554e-05
116 KSP unpreconditioned resid norm 1.470128782789e+00 true resid norm 1.470128829522e+00 ||r(i)||/||b|| 7.499085109404e-05
117 KSP unpreconditioned resid norm 1.421099653967e+00 true resid norm 1.421099564131e+00 ||r(i)||/||b|| 7.248988229028e-05
118 KSP unpreconditioned resid norm 1.210451429531e+00 true resid norm 1.210451506027e+00 ||r(i)||/||b|| 6.174478509787e-05
119 KSP unpreconditioned resid norm 1.211025383750e+00 true resid norm 1.211025330804e+00 ||r(i)||/||b|| 6.177405573561e-05
120 KSP unpreconditioned resid norm 1.074508047132e+00 true resid norm 1.074508110259e+00 ||r(i)||/||b|| 5.481035136353e-05
121 KSP unpreconditioned resid norm 8.567152989838e-01 true resid norm 8.567153058437e-01 ||r(i)||/||b|| 4.370080270544e-05
122 KSP unpreconditioned resid norm 7.869647176543e-01 true resid norm 7.869648387333e-01 ||r(i)||/||b|| 4.014285132881e-05
123 KSP unpreconditioned resid norm 7.145050456105e-01 true resid norm 7.145048838258e-01 ||r(i)||/||b|| 3.644668975465e-05
124 KSP unpreconditioned resid norm 5.937742522195e-01 true resid norm 5.937745188097e-01 ||r(i)||/||b|| 3.028826836760e-05
125 KSP unpreconditioned resid norm 5.343227595624e-01 true resid norm 5.343224839778e-01 ||r(i)||/||b|| 2.725563707584e-05
126 KSP unpreconditioned resid norm 5.230590783786e-01 true resid norm 5.230593313091e-01 ||r(i)||/||b|| 2.668110687980e-05
127 KSP unpreconditioned resid norm 4.751392884863e-01 true resid norm 4.751391859965e-01 ||r(i)||/||b|| 2.423671397397e-05
128 KSP unpreconditioned resid norm 3.938013565247e-01 true resid norm 3.938013582741e-01 ||r(i)||/||b|| 2.008769464685e-05
129 KSP unpreconditioned resid norm 3.554174373166e-01 true resid norm 3.554174344659e-01 ||r(i)||/||b|| 1.812974167232e-05
130 KSP unpreconditioned resid norm 3.410217298981e-01 true resid norm 3.410217537675e-01 ||r(i)||/||b|| 1.739542211748e-05
131 KSP unpreconditioned resid norm 2.634820079176e-01 true resid norm 2.634820193787e-01 ||r(i)||/||b|| 1.344014244494e-05
132 KSP unpreconditioned resid norm 2.323023367862e-01 true resid norm 2.323023758328e-01 ||r(i)||/||b|| 1.184967774596e-05
133 KSP unpreconditioned resid norm 2.474980498104e-01 true resid norm 2.474980144945e-01 ||r(i)||/||b|| 1.262480292769e-05
134 KSP unpreconditioned resid norm 2.188201146082e-01 true resid norm 2.188201390959e-01 ||r(i)||/||b|| 1.116195270632e-05
135 KSP unpreconditioned resid norm 2.134116333424e-01 true resid norm 2.134116672845e-01 ||r(i)||/||b|| 1.088606810620e-05
136 KSP unpreconditioned resid norm 2.034986888507e-01 true resid norm 2.034986289293e-01 ||r(i)||/||b|| 1.038040685512e-05
137 KSP unpreconditioned resid norm 1.560343833544e-01 true resid norm 1.560344248374e-01 ||r(i)||/||b|| 7.959271380547e-06
138 KSP unpreconditioned resid norm 1.312186232513e-01 true resid norm 1.312185785285e-01 ||r(i)||/||b|| 6.693422158385e-06
139 KSP unpreconditioned resid norm 1.256625885730e-01 true resid norm 1.256626683457e-01 ||r(i)||/||b|| 6.410016769111e-06
140 KSP unpreconditioned resid norm 1.064290994932e-01 true resid norm 1.064289375652e-01 ||r(i)||/||b|| 5.428909663411e-06
141 KSP unpreconditioned resid norm 1.060208292419e-01 true resid norm 1.060210163710e-01 ||r(i)||/||b|| 5.408101719973e-06
142 KSP unpreconditioned resid norm 9.009639355004e-02 true resid norm 9.009620482879e-02 ||r(i)||/||b|| 4.595781638166e-06
143 KSP unpreconditioned resid norm 8.070794281965e-02 true resid norm 8.070816094881e-02 ||r(i)||/||b|| 4.116900205103e-06
144 KSP unpreconditioned resid norm 7.293478684872e-02 true resid norm 7.293452670638e-02 ||r(i)||/||b|| 3.720369345883e-06
145 KSP unpreconditioned resid norm 6.188354198010e-02 true resid norm 6.188377367831e-02 ||r(i)||/||b|| 3.156673594760e-06
146 KSP unpreconditioned resid norm 4.834188923132e-02 true resid norm 4.834166713699e-02 ||r(i)||/||b|| 2.465894613526e-06
147 KSP unpreconditioned resid norm 5.044274323612e-02 true resid norm 5.044299689875e-02 ||r(i)||/||b|| 2.573082843632e-06
148 KSP unpreconditioned resid norm 4.085140924014e-02 true resid norm 4.085111278213e-02 ||r(i)||/||b|| 2.083803578403e-06
149 KSP unpreconditioned resid norm 3.542762421765e-02 true resid norm 3.542794047324e-02 ||r(i)||/||b|| 1.807169110112e-06
150 KSP unpreconditioned resid norm 3.143405115708e-02 true resid norm 3.143373060370e-02 ||r(i)||/||b|| 1.603425607128e-06
151 KSP unpreconditioned resid norm 3.108180470060e-02 true resid norm 3.108212668291e-02 ||r(i)||/||b|| 1.585490391698e-06
152 KSP unpreconditioned resid norm 2.702588528737e-02 true resid norm 2.702561891343e-02 ||r(i)||/||b|| 1.378569090656e-06
153 KSP unpreconditioned resid norm 2.704065137917e-02 true resid norm 2.704101501240e-02 ||r(i)||/||b|| 1.379354441261e-06
154 KSP unpreconditioned resid norm 2.388756640476e-02 true resid norm 2.388719012012e-02 ||r(i)||/||b|| 1.218478735592e-06
155 KSP unpreconditioned resid norm 2.066934585086e-02 true resid norm 2.066975259472e-02 ||r(i)||/||b|| 1.054358167703e-06
156 KSP unpreconditioned resid norm 1.884971940524e-02 true resid norm 1.884934066686e-02 ||r(i)||/||b|| 9.614994759537e-07
157 KSP unpreconditioned resid norm 1.694624448063e-02 true resid norm 1.694661648097e-02 ||r(i)||/||b|| 8.644420594658e-07
158 KSP unpreconditioned resid norm 1.466793149505e-02 true resid norm 1.466755112006e-02 ||r(i)||/||b|| 7.481875872855e-07
159 KSP unpreconditioned resid norm 1.149611355729e-02 true resid norm 1.149640486186e-02 ||r(i)||/||b|| 5.864283236951e-07
160 KSP unpreconditioned resid norm 1.136974199154e-02 true resid norm 1.136955600998e-02 ||r(i)||/||b|| 5.799578000432e-07
161 KSP unpreconditioned resid norm 9.330980616646e-03 true resid norm 9.331147787093e-03 ||r(i)||/||b|| 4.759791796383e-07
162 KSP unpreconditioned resid norm 8.739118565547e-03 true resid norm 8.739043677670e-03 ||r(i)||/||b|| 4.457761183757e-07
163 KSP unpreconditioned resid norm 8.127494169243e-03 true resid norm 8.127584541580e-03 ||r(i)||/||b|| 4.145857627390e-07
164 KSP unpreconditioned resid norm 7.230391944032e-03 true resid norm 7.230380730280e-03 ||r(i)||/||b|| 3.688196529511e-07
165 KSP unpreconditioned resid norm 5.970027842525e-03 true resid norm 5.970057226450e-03 ||r(i)||/||b|| 3.045309115101e-07
166 KSP unpreconditioned resid norm 5.285988924912e-03 true resid norm 5.286007275930e-03 ||r(i)||/||b|| 2.696377191924e-07
167 KSP unpreconditioned resid norm 4.875947848104e-03 true resid norm 4.875902155479e-03 ||r(i)||/||b|| 2.487183743003e-07
168 KSP unpreconditioned resid norm 4.325747311760e-03 true resid norm 4.325820209796e-03 ||r(i)||/||b|| 2.206588515905e-07
169 KSP unpreconditioned resid norm 4.458996630042e-03 true resid norm 4.458971173309e-03 ||r(i)||/||b|| 2.274508441543e-07
170 KSP unpreconditioned resid norm 4.123023020675e-03 true resid norm 4.123070126446e-03 ||r(i)||/||b|| 2.103166278313e-07
171 KSP unpreconditioned resid norm 3.496727251269e-03 true resid norm 3.496702457005e-03 ||r(i)||/||b|| 1.783657921726e-07
172 KSP unpreconditioned resid norm 3.069322707130e-03 true resid norm 3.069523449232e-03 ||r(i)||/||b|| 1.565755131718e-07
173 KSP unpreconditioned resid norm 2.630554873042e-03 true resid norm 2.630365662282e-03 ||r(i)||/||b|| 1.341742000714e-07
174 KSP unpreconditioned resid norm 2.229954784273e-03 true resid norm 2.230323248966e-03 ||r(i)||/||b|| 1.137681509920e-07
175 KSP unpreconditioned resid norm 1.968519627537e-03 true resid norm 1.968150140211e-03 ||r(i)||/||b|| 1.003947757036e-07
176 KSP unpreconditioned resid norm 2.082867676633e-03 true resid norm 2.083245084717e-03 ||r(i)||/||b|| 1.062657359023e-07
177 KSP unpreconditioned resid norm 1.889134186800e-03 true resid norm 1.888771668006e-03 ||r(i)||/||b|| 9.634570254100e-08
178 KSP unpreconditioned resid norm 1.792623738059e-03 true resid norm 1.792993382445e-03 ||r(i)||/||b|| 9.146007958994e-08
179 KSP unpreconditioned resid norm 1.476298374835e-03 true resid norm 1.475967469698e-03 ||r(i)||/||b|| 7.528867845943e-08
180 KSP unpreconditioned resid norm 1.274520466147e-03 true resid norm 1.274817303524e-03 ||r(i)||/||b|| 6.502806601771e-08
181 KSP unpreconditioned resid norm 1.220935797479e-03 true resid norm 1.220796656480e-03 ||r(i)||/||b|| 6.227248826348e-08
182 KSP unpreconditioned resid norm 1.029199945801e-03 true resid norm 1.029355149649e-03 ||r(i)||/||b|| 5.250711175787e-08
183 KSP unpreconditioned resid norm 9.872074794383e-04 true resid norm 9.871674090057e-04 ||r(i)||/||b|| 5.035512717461e-08
184 KSP unpreconditioned resid norm 8.741888278912e-04 true resid norm 8.743845020918e-04 ||r(i)||/||b|| 4.460210335215e-08
185 KSP unpreconditioned resid norm 7.432222127796e-04 true resid norm 7.431169385000e-04 ||r(i)||/||b|| 3.790618247969e-08
186 KSP unpreconditioned resid norm 7.005003972122e-04 true resid norm 7.008426382063e-04 ||r(i)||/||b|| 3.574978251340e-08
187 KSP unpreconditioned resid norm 5.918209039306e-04 true resid norm 5.915332866166e-04 ||r(i)||/||b|| 3.017394375448e-08
188 KSP unpreconditioned resid norm 5.592236329515e-04 true resid norm 5.596743477797e-04 ||r(i)||/||b|| 2.854882839700e-08
189 KSP unpreconditioned resid norm 4.140096552337e-04 true resid norm 4.138626268729e-04 ||r(i)||/||b|| 2.111101421996e-08
190 KSP unpreconditioned resid norm 4.621006123899e-04 true resid norm 4.623843608198e-04 ||r(i)||/||b|| 2.358609398996e-08
191 KSP unpreconditioned resid norm 3.775360464130e-04 true resid norm 3.775495718954e-04 ||r(i)||/||b|| 1.925869567216e-08
192 KSP unpreconditioned resid norm 3.566800378541e-04 true resid norm 3.569928754647e-04 ||r(i)||/||b|| 1.821010446704e-08
193 KSP unpreconditioned resid norm 2.945431460163e-04 true resid norm 2.945216622428e-04 ||r(i)||/||b|| 1.502346574919e-08
194 KSP unpreconditioned resid norm 2.684653652055e-04 true resid norm 2.688084113112e-04 ||r(i)||/||b|| 1.371184017391e-08
195 KSP unpreconditioned resid norm 2.264891757349e-04 true resid norm 2.265832218735e-04 ||r(i)||/||b|| 1.155794533834e-08
196 KSP unpreconditioned resid norm 2.195527088563e-04 true resid norm 2.198636797617e-04 ||r(i)||/||b|| 1.121518341720e-08
197 KSP unpreconditioned resid norm 1.999616352264e-04 true resid norm 2.002615099118e-04 ||r(i)||/||b|| 1.021528233995e-08
198 KSP unpreconditioned resid norm 2.040479808254e-04 true resid norm 2.042758527953e-04 ||r(i)||/||b|| 1.042005282222e-08
199 KSP unpreconditioned resid norm 1.963418508694e-04 true resid norm 1.966292324009e-04 ||r(i)||/||b|| 1.003000090305e-08
200 KSP unpreconditioned resid norm 1.721948560369e-04 true resid norm 1.725659372441e-04 ||r(i)||/||b|| 8.802539099915e-09
>>>> ksp solve time: 1.09145 (s)
            || b ||_2 = 1.9604109142303623e+04
|| r ||_2 / || b ||_2 = 8.8025390999152651e-09
