Config file: ../input/config/comsol/curved-shell/refine0.json
order_rbm = 1
angle_type = 1
mesh_type = 1
==== basic information of linear system ====
matrix Row = 9438, matrix Column = 9438
matrix nz_allocated = 375678, matrix nz_used = 375678, matrix nz_unneeded = 0
vector Row = 9438
initial     || b ||_2 = 1.9604109142303623e+04
>>>>local_vec_size = 2358
>>>>~~~~ local_mat_m = 2358, local_mat_n = 2358
>>>>local_vec_size = 2358
>>>>~~~~ local_mat_m = 2358, local_mat_n = 2358
>>>>local_vec_size = 2358
>>>>~~~~ local_mat_m = 2358, local_mat_n = 2358
>>>>local_vec_size = 2364
>>>>~~~~ local_mat_m = 2364, local_mat_n = 2364
            || b ||_2 = 1.9604109142303623e+04
|| r ||_2 / || b ||_2 = 1.0000000000000000e+00
Partitioning a graph of size 1573 serially
      Setup: Max:   0.000, Sum:   0.002, Balance:   1.000
      Remap: Max:   0.000, Sum:   0.000, Balance:   2.000
      Total: Max:   0.055, Sum:   0.219, Balance:   1.000
       Aux1: Max:   0.000, Sum:   0.000, Balance:   1.135
Final 393-way Cut:   2625 	Balance: 1.249 
Partitioning a graph of size 393 serially
      Setup: Max:   0.000, Sum:   0.000, Balance:   1.031
      Remap: Max:   0.000, Sum:   0.000, Balance:   4.000
      Total: Max:   0.013, Sum:   0.054, Balance:   1.000
       Aux1: Max:   0.000, Sum:   0.000, Balance:   1.049
Final  98-way Cut:    617 	Balance: 1.247 
Partitioning a graph of size 98 serially
      Setup: Max:   0.000, Sum:   0.000, Balance:   1.003
      Remap: Max:   0.000, Sum:   0.000, Balance:   4.000
      Total: Max:   0.003, Sum:   0.012, Balance:   1.000
       Aux1: Max:   0.000, Sum:   0.000, Balance:   1.143
Final  24-way Cut:    135 	Balance: 1.224 


>>>>nodes in level 1 is 98, less than 100, setup DONE!>>>>


>>>> mla setup time: 0.0870175 (s)
KSP Object: (mg_coarse_) 4 MPI processes
  type: preonly
  maximum iterations=10000, initial guess is zero
  tolerances: relative=1e-05, absolute=1e-50, divergence=10000.
  left preconditioning
  using DEFAULT norm type for convergence test
PC Object: (mg_coarse_) 4 MPI processes
  type: redundant
  PC has not been set up so information may be incomplete
    Not yet setup
  linear system matrix = precond matrix:
  Mat Object: 4 MPI processes
    type: mpiaij
    rows=588, cols=588
    total: nonzeros=22104, allocated nonzeros=22104
    total number of mallocs used during MatSetValues calls=0
      using nonscalable MatPtAP() implementation
      using I-node (on process 0) routines: found 50 nodes, limit used is 5
KSP Object: (mg_levels_1_) 4 MPI processes
  type: chebyshev
    Chebyshev polynomial of first kind
    eigenvalue targets used: min 0., max 0.
  maximum iterations=5, initial guess is zero
  tolerances: relative=1e-05, absolute=1e-50, divergence=10000.
  left preconditioning
  using NONE norm type for convergence test
PC Object: (mg_levels_1_) 4 MPI processes
  type: sor
  PC has not been set up so information may be incomplete
    type = local_symmetric, iterations = 1, local iterations = 1, omega = 1.
  linear system matrix = precond matrix:
  Mat Object: 4 MPI processes
    type: mpiaij
    rows=2358, cols=2358
    total: nonzeros=93420, allocated nonzeros=93420
    total number of mallocs used during MatSetValues calls=0
      using I-node (on process 0) routines: found 198 nodes, limit used is 5
KSP Object: (mg_levels_2_) 4 MPI processes
  type: chebyshev
    Chebyshev polynomial of first kind
    eigenvalue targets used: min 0., max 0.
  maximum iterations=5, initial guess is zero
  tolerances: relative=1e-05, absolute=1e-50, divergence=10000.
  left preconditioning
  using NONE norm type for convergence test
PC Object: (mg_levels_2_) 4 MPI processes
  type: sor
  PC has not been set up so information may be incomplete
    type = local_symmetric, iterations = 1, local iterations = 1, omega = 1.
  linear system matrix = precond matrix:
  Mat Object: 4 MPI processes
    type: mpiaij
    rows=9438, cols=9438
    total: nonzeros=375678, allocated nonzeros=375678
    total number of mallocs used during MatSetValues calls=0
      using I-node (on process 0) routines: found 860 nodes, limit used is 5
  0 KSP unpreconditioned resid norm 1.960410914230e+04 true resid norm 1.960410914230e+04 ||r(i)||/||b|| 1.000000000000e+00
  1 KSP unpreconditioned resid norm 2.695499930991e+05 true resid norm 2.695499930991e+05 ||r(i)||/||b|| 1.374966804880e+01
  2 KSP unpreconditioned resid norm 9.743858809794e+05 true resid norm 9.743858809794e+05 ||r(i)||/||b|| 4.970314508588e+01
  3 KSP unpreconditioned resid norm 8.312745837947e+05 true resid norm 8.312745837947e+05 ||r(i)||/||b|| 4.240307875051e+01
  4 KSP unpreconditioned resid norm 7.624940110109e+05 true resid norm 7.624940110109e+05 ||r(i)||/||b|| 3.889460140606e+01
  5 KSP unpreconditioned resid norm 6.380990670460e+05 true resid norm 6.380990670460e+05 ||r(i)||/||b|| 3.254925089501e+01
  6 KSP unpreconditioned resid norm 4.551947911156e+05 true resid norm 4.551947911156e+05 ||r(i)||/||b|| 2.321935609578e+01
  7 KSP unpreconditioned resid norm 3.280391837498e+05 true resid norm 3.280391837498e+05 ||r(i)||/||b|| 1.673318493427e+01
  8 KSP unpreconditioned resid norm 2.903503243781e+05 true resid norm 2.903503243781e+05 ||r(i)||/||b|| 1.481068699784e+01
  9 KSP unpreconditioned resid norm 3.054659757555e+05 true resid norm 3.054659757556e+05 ||r(i)||/||b|| 1.558173205108e+01
 10 KSP unpreconditioned resid norm 2.591439114214e+05 true resid norm 2.591439114214e+05 ||r(i)||/||b|| 1.321885679886e+01
 11 KSP unpreconditioned resid norm 3.104796577127e+05 true resid norm 3.104796577127e+05 ||r(i)||/||b|| 1.583747853366e+01
 12 KSP unpreconditioned resid norm 2.358531219500e+05 true resid norm 2.358531219500e+05 ||r(i)||/||b|| 1.203080028978e+01
 13 KSP unpreconditioned resid norm 2.088421389364e+05 true resid norm 2.088421389363e+05 ||r(i)||/||b|| 1.065297777218e+01
 14 KSP unpreconditioned resid norm 1.844447588393e+05 true resid norm 1.844447588393e+05 ||r(i)||/||b|| 9.408474391792e+00
 15 KSP unpreconditioned resid norm 1.614030270918e+05 true resid norm 1.614030270918e+05 ||r(i)||/||b|| 8.233122245961e+00
 16 KSP unpreconditioned resid norm 1.473087895978e+05 true resid norm 1.473087895978e+05 ||r(i)||/||b|| 7.514179222759e+00
 17 KSP unpreconditioned resid norm 1.155447762038e+05 true resid norm 1.155447762037e+05 ||r(i)||/||b|| 5.893905984964e+00
 18 KSP unpreconditioned resid norm 1.086877560086e+05 true resid norm 1.086877560087e+05 ||r(i)||/||b|| 5.544131346126e+00
 19 KSP unpreconditioned resid norm 9.225290942572e+04 true resid norm 9.225290942561e+04 ||r(i)||/||b|| 4.705794522769e+00
 20 KSP unpreconditioned resid norm 8.048717459013e+04 true resid norm 8.048717459026e+04 ||r(i)||/||b|| 4.105627754162e+00
 21 KSP unpreconditioned resid norm 8.291130499033e+04 true resid norm 8.291130499022e+04 ||r(i)||/||b|| 4.229281952491e+00
 22 KSP unpreconditioned resid norm 6.244062112248e+04 true resid norm 6.244062112256e+04 ||r(i)||/||b|| 3.185078223617e+00
 23 KSP unpreconditioned resid norm 5.663801332120e+04 true resid norm 5.663801332111e+04 ||r(i)||/||b|| 2.889088859381e+00
 24 KSP unpreconditioned resid norm 4.853635294402e+04 true resid norm 4.853635294410e+04 ||r(i)||/||b|| 2.475825480861e+00
 25 KSP unpreconditioned resid norm 4.582345892449e+04 true resid norm 4.582345892444e+04 ||r(i)||/||b|| 2.337441532886e+00
 26 KSP unpreconditioned resid norm 4.531945486561e+04 true resid norm 4.531945486569e+04 ||r(i)||/||b|| 2.311732430009e+00
 27 KSP unpreconditioned resid norm 3.910998814704e+04 true resid norm 3.910998814697e+04 ||r(i)||/||b|| 1.994989308776e+00
 28 KSP unpreconditioned resid norm 3.194854379567e+04 true resid norm 3.194854379573e+04 ||r(i)||/||b|| 1.629686080802e+00
 29 KSP unpreconditioned resid norm 3.465366040043e+04 true resid norm 3.465366040041e+04 ||r(i)||/||b|| 1.767673305064e+00
 30 KSP unpreconditioned resid norm 2.887377792282e+04 true resid norm 2.887377792285e+04 ||r(i)||/||b|| 1.472843153099e+00
 31 KSP unpreconditioned resid norm 2.634461816449e+04 true resid norm 2.634461816443e+04 ||r(i)||/||b|| 1.343831437236e+00
 32 KSP unpreconditioned resid norm 2.458778825067e+04 true resid norm 2.458778825072e+04 ||r(i)||/||b|| 1.254216045842e+00
 33 KSP unpreconditioned resid norm 2.449833416103e+04 true resid norm 2.449833416104e+04 ||r(i)||/||b|| 1.249653018314e+00
 34 KSP unpreconditioned resid norm 1.982978789689e+04 true resid norm 1.982978789693e+04 ||r(i)||/||b|| 1.011511808723e+00
 35 KSP unpreconditioned resid norm 1.921704760215e+04 true resid norm 1.921704760209e+04 ||r(i)||/||b|| 9.802561015445e-01
 36 KSP unpreconditioned resid norm 1.742026809816e+04 true resid norm 1.742026809818e+04 ||r(i)||/||b|| 8.886028929819e-01
 37 KSP unpreconditioned resid norm 1.503309969457e+04 true resid norm 1.503309969457e+04 ||r(i)||/||b|| 7.668341155136e-01
 38 KSP unpreconditioned resid norm 1.313787925023e+04 true resid norm 1.313787925024e+04 ||r(i)||/||b|| 6.701594627368e-01
 39 KSP unpreconditioned resid norm 1.263549852319e+04 true resid norm 1.263549852315e+04 ||r(i)||/||b|| 6.445331655435e-01
 40 KSP unpreconditioned resid norm 1.611669794811e+04 true resid norm 1.611669794819e+04 ||r(i)||/||b|| 8.221081524898e-01
 41 KSP unpreconditioned resid norm 1.388914688313e+04 true resid norm 1.388914688315e+04 ||r(i)||/||b|| 7.084814098070e-01
 42 KSP unpreconditioned resid norm 1.108476691071e+04 true resid norm 1.108476691070e+04 ||r(i)||/||b|| 5.654307895469e-01
 43 KSP unpreconditioned resid norm 1.162472761069e+04 true resid norm 1.162472761073e+04 ||r(i)||/||b|| 5.929740304110e-01
 44 KSP unpreconditioned resid norm 1.070003493024e+04 true resid norm 1.070003493019e+04 ||r(i)||/||b|| 5.458057212660e-01
 45 KSP unpreconditioned resid norm 1.008520654648e+04 true resid norm 1.008520654655e+04 ||r(i)||/||b|| 5.144435012753e-01
 46 KSP unpreconditioned resid norm 1.040793915708e+04 true resid norm 1.040793915699e+04 ||r(i)||/||b|| 5.309059994231e-01
 47 KSP unpreconditioned resid norm 8.952730880676e+03 true resid norm 8.952730880725e+03 ||r(i)||/||b|| 4.566762414827e-01
 48 KSP unpreconditioned resid norm 7.295010713306e+03 true resid norm 7.295010713281e+03 ||r(i)||/||b|| 3.721164098979e-01
 49 KSP unpreconditioned resid norm 7.484915883175e+03 true resid norm 7.484915883202e+03 ||r(i)||/||b|| 3.818034182971e-01
 50 KSP unpreconditioned resid norm 7.070333145223e+03 true resid norm 7.070333145185e+03 ||r(i)||/||b|| 3.606556714137e-01
 51 KSP unpreconditioned resid norm 5.921661749942e+03 true resid norm 5.921661750030e+03 ||r(i)||/||b|| 3.020622721005e-01
 52 KSP unpreconditioned resid norm 5.220696464948e+03 true resid norm 5.220696464914e+03 ||r(i)||/||b|| 2.663062334033e-01
 53 KSP unpreconditioned resid norm 4.899616971306e+03 true resid norm 4.899616971326e+03 ||r(i)||/||b|| 2.499280602735e-01
 54 KSP unpreconditioned resid norm 4.070151958580e+03 true resid norm 4.070151958567e+03 ||r(i)||/||b|| 2.076172872239e-01
 55 KSP unpreconditioned resid norm 3.727070132222e+03 true resid norm 3.727070132255e+03 ||r(i)||/||b|| 1.901167813952e-01
 56 KSP unpreconditioned resid norm 2.880393525238e+03 true resid norm 2.880393525174e+03 ||r(i)||/||b|| 1.469280498423e-01
 57 KSP unpreconditioned resid norm 3.123087438315e+03 true resid norm 3.123087438401e+03 ||r(i)||/||b|| 1.593077969384e-01
 58 KSP unpreconditioned resid norm 2.176542107823e+03 true resid norm 2.176542107698e+03 ||r(i)||/||b|| 1.110247903589e-01
 59 KSP unpreconditioned resid norm 1.832174464078e+03 true resid norm 1.832174464175e+03 ||r(i)||/||b|| 9.345869536203e-02
 60 KSP unpreconditioned resid norm 1.748987567630e+03 true resid norm 1.748987567563e+03 ||r(i)||/||b|| 8.921535555976e-02
 61 KSP unpreconditioned resid norm 1.595304962757e+03 true resid norm 1.595304962777e+03 ||r(i)||/||b|| 8.137604984737e-02
 62 KSP unpreconditioned resid norm 1.440282418381e+03 true resid norm 1.440282418359e+03 ||r(i)||/||b|| 7.346839419757e-02
 63 KSP unpreconditioned resid norm 1.263762453930e+03 true resid norm 1.263762453986e+03 ||r(i)||/||b|| 6.446416130477e-02
 64 KSP unpreconditioned resid norm 1.169556138207e+03 true resid norm 1.169556138191e+03 ||r(i)||/||b|| 5.965872408187e-02
 65 KSP unpreconditioned resid norm 1.175376246680e+03 true resid norm 1.175376246703e+03 ||r(i)||/||b|| 5.995560615234e-02
 66 KSP unpreconditioned resid norm 8.671676337860e+02 true resid norm 8.671676337197e+02 ||r(i)||/||b|| 4.423397296072e-02
 67 KSP unpreconditioned resid norm 7.844972395413e+02 true resid norm 7.844972396541e+02 ||r(i)||/||b|| 4.001697980559e-02
 68 KSP unpreconditioned resid norm 6.698861495600e+02 true resid norm 6.698861494072e+02 ||r(i)||/||b|| 3.417070087422e-02
 69 KSP unpreconditioned resid norm 6.501513501090e+02 true resid norm 6.501513502206e+02 ||r(i)||/||b|| 3.316403441244e-02
 70 KSP unpreconditioned resid norm 5.277108781658e+02 true resid norm 5.277108780634e+02 ||r(i)||/||b|| 2.691838094926e-02
 71 KSP unpreconditioned resid norm 4.363689600935e+02 true resid norm 4.363689601668e+02 ||r(i)||/||b|| 2.225905584382e-02
 72 KSP unpreconditioned resid norm 3.976296970931e+02 true resid norm 3.976296970836e+02 ||r(i)||/||b|| 2.028297711451e-02
 73 KSP unpreconditioned resid norm 3.285028500607e+02 true resid norm 3.285028500997e+02 ||r(i)||/||b|| 1.675683642215e-02
 74 KSP unpreconditioned resid norm 2.955435671415e+02 true resid norm 2.955435670349e+02 ||r(i)||/||b|| 1.507559282034e-02
 75 KSP unpreconditioned resid norm 2.242186815291e+02 true resid norm 2.242186815878e+02 ||r(i)||/||b|| 1.143733081469e-02
 76 KSP unpreconditioned resid norm 1.942561609080e+02 true resid norm 1.942561608127e+02 ||r(i)||/||b|| 9.908951200111e-03
 77 KSP unpreconditioned resid norm 2.010181803680e+02 true resid norm 2.010181804593e+02 ||r(i)||/||b|| 1.025387988815e-02
 78 KSP unpreconditioned resid norm 1.863916595568e+02 true resid norm 1.863916594892e+02 ||r(i)||/||b|| 9.507785237075e-03
 79 KSP unpreconditioned resid norm 1.708646881097e+02 true resid norm 1.708646880428e+02 ||r(i)||/||b|| 8.715758864763e-03
 80 KSP unpreconditioned resid norm 1.492076115565e+02 true resid norm 1.492076116649e+02 ||r(i)||/||b|| 7.611037593283e-03
 81 KSP unpreconditioned resid norm 1.387263067364e+02 true resid norm 1.387263067457e+02 ||r(i)||/||b|| 7.076389227314e-03
 82 KSP unpreconditioned resid norm 9.979653508748e+01 true resid norm 9.979653511056e+01 ||r(i)||/||b|| 5.090592711260e-03
 83 KSP unpreconditioned resid norm 9.591082814067e+01 true resid norm 9.591082803983e+01 ||r(i)||/||b|| 4.892383905008e-03
 84 KSP unpreconditioned resid norm 7.402510010297e+01 true resid norm 7.402510014997e+01 ||r(i)||/||b|| 3.775999185305e-03
 85 KSP unpreconditioned resid norm 7.228238338824e+01 true resid norm 7.228238332630e+01 ||r(i)||/||b|| 3.687103698597e-03
 86 KSP unpreconditioned resid norm 6.431151670524e+01 true resid norm 6.431151678865e+01 ||r(i)||/||b|| 3.280512076413e-03
 87 KSP unpreconditioned resid norm 5.581606641272e+01 true resid norm 5.581606627933e+01 ||r(i)||/||b|| 2.847161575880e-03
 88 KSP unpreconditioned resid norm 4.922775454693e+01 true resid norm 4.922775467105e+01 ||r(i)||/||b|| 2.511093685192e-03
 89 KSP unpreconditioned resid norm 3.891060387860e+01 true resid norm 3.891060382502e+01 ||r(i)||/||b|| 1.984818771543e-03
 90 KSP unpreconditioned resid norm 3.446907260589e+01 true resid norm 3.446907264879e+01 ||r(i)||/||b|| 1.758257536651e-03
 91 KSP unpreconditioned resid norm 3.071757114878e+01 true resid norm 3.071757117196e+01 ||r(i)||/||b|| 1.566894519357e-03
 92 KSP unpreconditioned resid norm 2.569590279204e+01 true resid norm 2.569590278996e+01 ||r(i)||/||b|| 1.310740651536e-03
 93 KSP unpreconditioned resid norm 2.448573596882e+01 true resid norm 2.448573600752e+01 ||r(i)||/||b|| 1.249010390106e-03
 94 KSP unpreconditioned resid norm 2.143515519016e+01 true resid norm 2.143515520388e+01 ||r(i)||/||b|| 1.093401135868e-03
 95 KSP unpreconditioned resid norm 1.941297013598e+01 true resid norm 1.941297012355e+01 ||r(i)||/||b|| 9.902500533246e-04
 96 KSP unpreconditioned resid norm 1.721677635021e+01 true resid norm 1.721677623296e+01 ||r(i)||/||b|| 8.782228311417e-04
 97 KSP unpreconditioned resid norm 1.428402767777e+01 true resid norm 1.428402789185e+01 ||r(i)||/||b|| 7.286241771132e-04
 98 KSP unpreconditioned resid norm 1.094372542034e+01 true resid norm 1.094372515868e+01 ||r(i)||/||b|| 5.582362901187e-04
 99 KSP unpreconditioned resid norm 1.162795373628e+01 true resid norm 1.162795400520e+01 ||r(i)||/||b|| 5.931386078703e-04
100 KSP unpreconditioned resid norm 1.048507026003e+01 true resid norm 1.048507001301e+01 ||r(i)||/||b|| 5.348404223266e-04
101 KSP unpreconditioned resid norm 9.162321247663e+00 true resid norm 9.162321403569e+00 ||r(i)||/||b|| 4.673673941040e-04
102 KSP unpreconditioned resid norm 7.877257782774e+00 true resid norm 7.877257606155e+00 ||r(i)||/||b|| 4.018166573638e-04
103 KSP unpreconditioned resid norm 6.368070300596e+00 true resid norm 6.368070485346e+00 ||r(i)||/||b|| 3.248334540030e-04
104 KSP unpreconditioned resid norm 5.923315297544e+00 true resid norm 5.923315165245e+00 ||r(i)||/||b|| 3.021466123376e-04
105 KSP unpreconditioned resid norm 5.782565245862e+00 true resid norm 5.782565296828e+00 ||r(i)||/||b|| 2.949670018083e-04
106 KSP unpreconditioned resid norm 4.828440917739e+00 true resid norm 4.828440890997e+00 ||r(i)||/||b|| 2.462973887744e-04
107 KSP unpreconditioned resid norm 4.323547735613e+00 true resid norm 4.323547734890e+00 ||r(i)||/||b|| 2.205429332956e-04
108 KSP unpreconditioned resid norm 3.805102260843e+00 true resid norm 3.805102185733e+00 ||r(i)||/||b|| 1.940971741237e-04
109 KSP unpreconditioned resid norm 2.999840443811e+00 true resid norm 2.999840594303e+00 ||r(i)||/||b|| 1.530210106732e-04
110 KSP unpreconditioned resid norm 2.601734747144e+00 true resid norm 2.601734519197e+00 ||r(i)||/||b|| 1.327137336521e-04
111 KSP unpreconditioned resid norm 2.586511902731e+00 true resid norm 2.586512127244e+00 ||r(i)||/||b|| 1.319372437926e-04
112 KSP unpreconditioned resid norm 2.528938856754e+00 true resid norm 2.528938664810e+00 ||r(i)||/||b|| 1.290004379415e-04
113 KSP unpreconditioned resid norm 1.993503846839e+00 true resid norm 1.993503972740e+00 ||r(i)||/||b|| 1.016880674490e-04
114 KSP unpreconditioned resid norm 1.874897521555e+00 true resid norm 1.874897354244e+00 ||r(i)||/||b|| 9.563797776446e-05
115 KSP unpreconditioned resid norm 1.724301539638e+00 true resid norm 1.724301710819e+00 ||r(i)||/||b|| 8.795613706812e-05
116 KSP unpreconditioned resid norm 1.470128783288e+00 true resid norm 1.470128592872e+00 ||r(i)||/||b|| 7.499083902259e-05
117 KSP unpreconditioned resid norm 1.421099654426e+00 true resid norm 1.421099808819e+00 ||r(i)||/||b|| 7.248989477170e-05
118 KSP unpreconditioned resid norm 1.210451429960e+00 true resid norm 1.210451274478e+00 ||r(i)||/||b|| 6.174477328663e-05
119 KSP unpreconditioned resid norm 1.211025384270e+00 true resid norm 1.211025530802e+00 ||r(i)||/||b|| 6.177406593748e-05
120 KSP unpreconditioned resid norm 1.074508047694e+00 true resid norm 1.074507915356e+00 ||r(i)||/||b|| 5.481034142162e-05
121 KSP unpreconditioned resid norm 8.567152994001e-01 true resid norm 8.567154589782e-01 ||r(i)||/||b|| 4.370081051679e-05
122 KSP unpreconditioned resid norm 7.869647180746e-01 true resid norm 7.869645366890e-01 ||r(i)||/||b|| 4.014283592162e-05
123 KSP unpreconditioned resid norm 7.145050459504e-01 true resid norm 7.145052430259e-01 ||r(i)||/||b|| 3.644670807734e-05
124 KSP unpreconditioned resid norm 5.937742525557e-01 true resid norm 5.937740455564e-01 ||r(i)||/||b|| 3.028824422708e-05
125 KSP unpreconditioned resid norm 5.343227598566e-01 true resid norm 5.343229176821e-01 ||r(i)||/||b|| 2.725565919897e-05
126 KSP unpreconditioned resid norm 5.230590787034e-01 true resid norm 5.230588979803e-01 ||r(i)||/||b|| 2.668108477582e-05
127 KSP unpreconditioned resid norm 4.751392887975e-01 true resid norm 4.751393426864e-01 ||r(i)||/||b|| 2.423672196668e-05
128 KSP unpreconditioned resid norm 3.938013568213e-01 true resid norm 3.938013285158e-01 ||r(i)||/||b|| 2.008769312889e-05
129 KSP unpreconditioned resid norm 3.554174376049e-01 true resid norm 3.554174813872e-01 ||r(i)||/||b|| 1.812974406576e-05
130 KSP unpreconditioned resid norm 3.410217301697e-01 true resid norm 3.410215885996e-01 ||r(i)||/||b|| 1.739541369231e-05
131 KSP unpreconditioned resid norm 2.634820081038e-01 true resid norm 2.634821348973e-01 ||r(i)||/||b|| 1.344014833751e-05
132 KSP unpreconditioned resid norm 2.323023369453e-01 true resid norm 2.323022499140e-01 ||r(i)||/||b|| 1.184967132287e-05
133 KSP unpreconditioned resid norm 2.474980500009e-01 true resid norm 2.474981333617e-01 ||r(i)||/||b|| 1.262480899107e-05
134 KSP unpreconditioned resid norm 2.188201148022e-01 true resid norm 2.188200061137e-01 ||r(i)||/||b|| 1.116194592294e-05
135 KSP unpreconditioned resid norm 2.134116335527e-01 true resid norm 2.134116673047e-01 ||r(i)||/||b|| 1.088606810723e-05
136 KSP unpreconditioned resid norm 2.034986890464e-01 true resid norm 2.034987334988e-01 ||r(i)||/||b|| 1.038041218918e-05
137 KSP unpreconditioned resid norm 1.560343835088e-01 true resid norm 1.560342995416e-01 ||r(i)||/||b|| 7.959264989242e-06
138 KSP unpreconditioned resid norm 1.312186233901e-01 true resid norm 1.312187588599e-01 ||r(i)||/||b|| 6.693431357039e-06
139 KSP unpreconditioned resid norm 1.256625887006e-01 true resid norm 1.256624773964e-01 ||r(i)||/||b|| 6.410007028844e-06
140 KSP unpreconditioned resid norm 1.064290996132e-01 true resid norm 1.064292719728e-01 ||r(i)||/||b|| 5.428926721447e-06
141 KSP unpreconditioned resid norm 1.060208293528e-01 true resid norm 1.060206438542e-01 ||r(i)||/||b|| 5.408082717997e-06
142 KSP unpreconditioned resid norm 9.009639364900e-02 true resid norm 9.009655053502e-02 ||r(i)||/||b|| 4.595799272541e-06
143 KSP unpreconditioned resid norm 8.070794291719e-02 true resid norm 8.070778088757e-02 ||r(i)||/||b|| 4.116880818288e-06
144 KSP unpreconditioned resid norm 7.293478694598e-02 true resid norm 7.293499262709e-02 ||r(i)||/||b|| 3.720393112366e-06
145 KSP unpreconditioned resid norm 6.188354206522e-02 true resid norm 6.188333019560e-02 ||r(i)||/||b|| 3.156650972834e-06
146 KSP unpreconditioned resid norm 4.834188929279e-02 true resid norm 4.834212191470e-02 ||r(i)||/||b|| 2.465917811608e-06
147 KSP unpreconditioned resid norm 5.044274328447e-02 true resid norm 5.044256621672e-02 ||r(i)||/||b|| 2.573060874665e-06
148 KSP unpreconditioned resid norm 4.085140928162e-02 true resid norm 4.085158791672e-02 ||r(i)||/||b|| 2.083827814882e-06
149 KSP unpreconditioned resid norm 3.542762424925e-02 true resid norm 3.542738604827e-02 ||r(i)||/||b|| 1.807140829053e-06
150 KSP unpreconditioned resid norm 3.143405118770e-02 true resid norm 3.143420565783e-02 ||r(i)||/||b|| 1.603449839503e-06
151 KSP unpreconditioned resid norm 3.108180473197e-02 true resid norm 3.108166454921e-02 ||r(i)||/||b|| 1.585466818390e-06
152 KSP unpreconditioned resid norm 2.702588531416e-02 true resid norm 2.702595600607e-02 ||r(i)||/||b|| 1.378586285655e-06
153 KSP unpreconditioned resid norm 2.704065140509e-02 true resid norm 2.704058927091e-02 ||r(i)||/||b|| 1.379332724310e-06
154 KSP unpreconditioned resid norm 2.388756642935e-02 true resid norm 2.388767844470e-02 ||r(i)||/||b|| 1.218503644889e-06
155 KSP unpreconditioned resid norm 2.066934587381e-02 true resid norm 2.066929588967e-02 ||r(i)||/||b|| 1.054334871309e-06
156 KSP unpreconditioned resid norm 1.884971942580e-02 true resid norm 1.884976271813e-02 ||r(i)||/||b|| 9.615210046679e-07
157 KSP unpreconditioned resid norm 1.694624449994e-02 true resid norm 1.694628858749e-02 ||r(i)||/||b|| 8.644253337135e-07
158 KSP unpreconditioned resid norm 1.466793151132e-02 true resid norm 1.466794782292e-02 ||r(i)||/||b|| 7.482078229847e-07
159 KSP unpreconditioned resid norm 1.149611356889e-02 true resid norm 1.149610122375e-02 ||r(i)||/||b|| 5.864128352021e-07
160 KSP unpreconditioned resid norm 1.136974200498e-02 true resid norm 1.136976900063e-02 ||r(i)||/||b|| 5.799686646357e-07
161 KSP unpreconditioned resid norm 9.330980626058e-03 true resid norm 9.331058575589e-03 ||r(i)||/||b|| 4.759746289850e-07
162 KSP unpreconditioned resid norm 8.739118574080e-03 true resid norm 8.739015613489e-03 ||r(i)||/||b|| 4.457746868298e-07
163 KSP unpreconditioned resid norm 8.127494177929e-03 true resid norm 8.127617097041e-03 ||r(i)||/||b|| 4.145874233837e-07
164 KSP unpreconditioned resid norm 7.230391951407e-03 true resid norm 7.230227693781e-03 ||r(i)||/||b|| 3.688118466031e-07
165 KSP unpreconditioned resid norm 5.970027848541e-03 true resid norm 5.970292199723e-03 ||r(i)||/||b|| 3.045428974296e-07
166 KSP unpreconditioned resid norm 5.285988930962e-03 true resid norm 5.285760887057e-03 ||r(i)||/||b|| 2.696251509665e-07
167 KSP unpreconditioned resid norm 4.875947853082e-03 true resid norm 4.876189423635e-03 ||r(i)||/||b|| 2.487330277668e-07
168 KSP unpreconditioned resid norm 4.325747316831e-03 true resid norm 4.325463924423e-03 ||r(i)||/||b|| 2.206406775756e-07
169 KSP unpreconditioned resid norm 4.458996634860e-03 true resid norm 4.459193883957e-03 ||r(i)||/||b|| 2.274622045607e-07
170 KSP unpreconditioned resid norm 4.123023025225e-03 true resid norm 4.122864461566e-03 ||r(i)||/||b|| 2.103061369246e-07
171 KSP unpreconditioned resid norm 3.496727254852e-03 true resid norm 3.496896049072e-03 ||r(i)||/||b|| 1.783756672485e-07
172 KSP unpreconditioned resid norm 3.069322710398e-03 true resid norm 3.069205138912e-03 ||r(i)||/||b|| 1.565592762534e-07
173 KSP unpreconditioned resid norm 2.630554875605e-03 true resid norm 2.630730517956e-03 ||r(i)||/||b|| 1.341928112550e-07
174 KSP unpreconditioned resid norm 2.229954786339e-03 true resid norm 2.229856296126e-03 ||r(i)||/||b|| 1.137443318612e-07
175 KSP unpreconditioned resid norm 1.968519629161e-03 true resid norm 1.968675144672e-03 ||r(i)||/||b|| 1.004215560310e-07
176 KSP unpreconditioned resid norm 2.082867678797e-03 true resid norm 2.082791548818e-03 ||r(i)||/||b|| 1.062426011659e-07
177 KSP unpreconditioned resid norm 1.889134188807e-03 true resid norm 1.889153799194e-03 ||r(i)||/||b|| 9.636519494359e-08
178 KSP unpreconditioned resid norm 1.792623740028e-03 true resid norm 1.792605097553e-03 ||r(i)||/||b|| 9.144027328864e-08
179 KSP unpreconditioned resid norm 1.476298376271e-03 true resid norm 1.476337619884e-03 ||r(i)||/||b|| 7.530755971453e-08
180 KSP unpreconditioned resid norm 1.274520467574e-03 true resid norm 1.274532639348e-03 ||r(i)||/||b|| 6.501354537948e-08
181 KSP unpreconditioned resid norm 1.220935798855e-03 true resid norm 1.220922553046e-03 ||r(i)||/||b|| 6.227891021128e-08
182 KSP unpreconditioned resid norm 1.029199947085e-03 true resid norm 1.029329378773e-03 ||r(i)||/||b|| 5.250579719287e-08
183 KSP unpreconditioned resid norm 9.872074804902e-04 true resid norm 9.871179921053e-04 ||r(i)||/||b|| 5.035260643266e-08
184 KSP unpreconditioned resid norm 8.741888290449e-04 true resid norm 8.744152079929e-04 ||r(i)||/||b|| 4.460366965138e-08
185 KSP unpreconditioned resid norm 7.432222135949e-04 true resid norm 7.430674036350e-04 ||r(i)||/||b|| 3.790365572040e-08
186 KSP unpreconditioned resid norm 7.005003979812e-04 true resid norm 7.007488275689e-04 ||r(i)||/||b|| 3.574499725962e-08
187 KSP unpreconditioned resid norm 5.918209044934e-04 true resid norm 5.917415197081e-04 ||r(i)||/||b|| 3.018456566492e-08
188 KSP unpreconditioned resid norm 5.592236335758e-04 true resid norm 5.594671076759e-04 ||r(i)||/||b|| 2.853825713858e-08
189 KSP unpreconditioned resid norm 4.140096556250e-04 true resid norm 4.140125697565e-04 ||r(i)||/||b|| 2.111866276357e-08
190 KSP unpreconditioned resid norm 4.621006128557e-04 true resid norm 4.623300503103e-04 ||r(i)||/||b|| 2.358332362641e-08
191 KSP unpreconditioned resid norm 3.775360468496e-04 true resid norm 3.776194160122e-04 ||r(i)||/||b|| 1.926225840058e-08
192 KSP unpreconditioned resid norm 3.566800382798e-04 true resid norm 3.569035231853e-04 ||r(i)||/||b|| 1.820554663283e-08
193 KSP unpreconditioned resid norm 2.945431462071e-04 true resid norm 2.946176546414e-04 ||r(i)||/||b|| 1.502836229399e-08
194 KSP unpreconditioned resid norm 2.684653653691e-04 true resid norm 2.687320331386e-04 ||r(i)||/||b|| 1.370794414518e-08
195 KSP unpreconditioned resid norm 2.264891758835e-04 true resid norm 2.266797815765e-04 ||r(i)||/||b|| 1.156287082117e-08
196 KSP unpreconditioned resid norm 2.195527090525e-04 true resid norm 2.197256725456e-04 ||r(i)||/||b|| 1.120814370858e-08
197 KSP unpreconditioned resid norm 1.999616353622e-04 true resid norm 2.003585787965e-04 ||r(i)||/||b|| 1.022023379599e-08
198 KSP unpreconditioned resid norm 2.040479809591e-04 true resid norm 2.041857409066e-04 ||r(i)||/||b|| 1.041545624055e-08
199 KSP unpreconditioned resid norm 1.963418509602e-04 true resid norm 1.967561798899e-04 ||r(i)||/||b|| 1.003647645816e-08
200 KSP unpreconditioned resid norm 1.721948561820e-04 true resid norm 1.724023895931e-04 ||r(i)||/||b|| 8.794196581014e-09
>>>> ksp solve time: 0.845047 (s)
            || b ||_2 = 1.9604109142303623e+04
|| r ||_2 / || b ||_2 = 8.7941965810135222e-09
