Config file: ../input/config/comsol/curved-shell/refine0.json
order_rbm = 1
angle_type = 1
mesh_type = 1
==== basic information of linear system ====
matrix Row = 9438, matrix Column = 9438
matrix nz_allocated = 375678, matrix nz_used = 375678, matrix nz_unneeded = 0
vector Row = 9438
initial     || b ||_2 = 1.9604109142303623e+04
>>>>local_vec_size = 2358
>>>>~~~~ local_mat_m = 2358, local_mat_n = 2358
>>>>local_vec_size = 2358
>>>>~~~~ local_mat_m = 2358, local_mat_n = 2358
>>>>local_vec_size = 2364
>>>>~~~~ local_mat_m = 2364, local_mat_n = 2364
>>>>local_vec_size = 2358
>>>>~~~~ local_mat_m = 2358, local_mat_n = 2358
            || b ||_2 = 1.9604109142303623e+04
|| r ||_2 / || b ||_2 = 1.0000000000000000e+00
Partitioning a graph of size 1573 serially
      Setup: Max:   0.001, Sum:   0.002, Balance:   1.000
      Remap: Max:   0.000, Sum:   0.000, Balance:   1.000
      Total: Max:   0.083, Sum:   0.331, Balance:   1.000
       Aux1: Max:   0.000, Sum:   0.000, Balance:   1.008
Final 393-way Cut:   2625 	Balance: 1.249 
Partitioning a graph of size 393 serially
      Setup: Max:   0.000, Sum:   0.000, Balance:   1.003
      Remap: Max:   0.000, Sum:   0.000, Balance:   4.000
      Total: Max:   0.020, Sum:   0.081, Balance:   1.000
       Aux1: Max:   0.000, Sum:   0.000, Balance:   1.111
Final  98-way Cut:    617 	Balance: 1.247 
Partitioning a graph of size 98 serially
      Setup: Max:   0.000, Sum:   0.000, Balance:   1.015
      Remap: Max:   0.000, Sum:   0.000, Balance:   4.000
      Total: Max:   0.005, Sum:   0.018, Balance:   1.000
       Aux1: Max:   0.000, Sum:   0.000, Balance:   1.000
Final  24-way Cut:    135 	Balance: 1.224 


>>>>nodes in level 1 is 98, less than 100, setup DONE!>>>>


>>>> mla setup time: 0.12969 (s)
KSP Object: (mg_coarse_) 4 MPI processes
  type: preonly
  maximum iterations=10000, initial guess is zero
  tolerances: relative=1e-05, absolute=1e-50, divergence=10000.
  left preconditioning
  using DEFAULT norm type for convergence test
PC Object: (mg_coarse_) 4 MPI processes
  type: redundant
  PC has not been set up so information may be incomplete
    Not yet setup
  linear system matrix = precond matrix:
  Mat Object: 4 MPI processes
    type: mpiaij
    rows=588, cols=588
    total: nonzeros=22104, allocated nonzeros=22104
    total number of mallocs used during MatSetValues calls=0
      using nonscalable MatPtAP() implementation
      using I-node (on process 0) routines: found 50 nodes, limit used is 5
KSP Object: (mg_levels_1_) 4 MPI processes
  type: chebyshev
    Chebyshev polynomial of first kind
    eigenvalue targets used: min 0., max 0.
  maximum iterations=5, initial guess is zero
  tolerances: relative=1e-05, absolute=1e-50, divergence=10000.
  left preconditioning
  using NONE norm type for convergence test
PC Object: (mg_levels_1_) 4 MPI processes
  type: sor
  PC has not been set up so information may be incomplete
    type = local_symmetric, iterations = 1, local iterations = 1, omega = 1.
  linear system matrix = precond matrix:
  Mat Object: 4 MPI processes
    type: mpiaij
    rows=2358, cols=2358
    total: nonzeros=93420, allocated nonzeros=93420
    total number of mallocs used during MatSetValues calls=0
      using I-node (on process 0) routines: found 198 nodes, limit used is 5
KSP Object: (mg_levels_2_) 4 MPI processes
  type: chebyshev
    Chebyshev polynomial of first kind
    eigenvalue targets used: min 0., max 0.
  maximum iterations=5, initial guess is zero
  tolerances: relative=1e-05, absolute=1e-50, divergence=10000.
  left preconditioning
  using NONE norm type for convergence test
PC Object: (mg_levels_2_) 4 MPI processes
  type: sor
  PC has not been set up so information may be incomplete
    type = local_symmetric, iterations = 1, local iterations = 1, omega = 1.
  linear system matrix = precond matrix:
  Mat Object: 4 MPI processes
    type: mpiaij
    rows=9438, cols=9438
    total: nonzeros=375678, allocated nonzeros=375678
    total number of mallocs used during MatSetValues calls=0
      using I-node (on process 0) routines: found 860 nodes, limit used is 5
  0 KSP unpreconditioned resid norm 1.960410914230e+04 true resid norm 1.960410914230e+04 ||r(i)||/||b|| 1.000000000000e+00
  1 KSP unpreconditioned resid norm 2.515319571621e+05 true resid norm 2.515319571621e+05 ||r(i)||/||b|| 1.283057318934e+01
  2 KSP unpreconditioned resid norm 1.496125399152e+05 true resid norm 1.496125399152e+05 ||r(i)||/||b|| 7.631692867510e+00
  3 KSP unpreconditioned resid norm 2.073350353672e+05 true resid norm 2.073350353672e+05 ||r(i)||/||b|| 1.057610085019e+01
  4 KSP unpreconditioned resid norm 2.784422427520e+05 true resid norm 2.784422427520e+05 ||r(i)||/||b|| 1.420325916015e+01
  5 KSP unpreconditioned resid norm 3.653548210704e+05 true resid norm 3.653548210704e+05 ||r(i)||/||b|| 1.863664492063e+01
  6 KSP unpreconditioned resid norm 3.331727713065e+05 true resid norm 3.331727713065e+05 ||r(i)||/||b|| 1.699504776718e+01
  7 KSP unpreconditioned resid norm 3.877301928545e+05 true resid norm 3.877301928545e+05 ||r(i)||/||b|| 1.977800623533e+01
  8 KSP unpreconditioned resid norm 3.766072573344e+05 true resid norm 3.766072573344e+05 ||r(i)||/||b|| 1.921062847593e+01
  9 KSP unpreconditioned resid norm 3.948978540875e+05 true resid norm 3.948978540875e+05 ||r(i)||/||b|| 2.014362658466e+01
 10 KSP unpreconditioned resid norm 4.339561041936e+05 true resid norm 4.339561041936e+05 ||r(i)||/||b|| 2.213597675077e+01
 11 KSP unpreconditioned resid norm 4.365266492944e+05 true resid norm 4.365266492944e+05 ||r(i)||/||b|| 2.226709952111e+01
 12 KSP unpreconditioned resid norm 4.100924596983e+05 true resid norm 4.100924596983e+05 ||r(i)||/||b|| 2.091869907077e+01
 13 KSP unpreconditioned resid norm 4.124950428207e+05 true resid norm 4.124950428207e+05 ||r(i)||/||b|| 2.104125414863e+01
 14 KSP unpreconditioned resid norm 4.047355533516e+05 true resid norm 4.047355533516e+05 ||r(i)||/||b|| 2.064544481025e+01
 15 KSP unpreconditioned resid norm 3.644901135680e+05 true resid norm 3.644901135680e+05 ||r(i)||/||b|| 1.859253643826e+01
 16 KSP unpreconditioned resid norm 3.717463540235e+05 true resid norm 3.717463540235e+05 ||r(i)||/||b|| 1.896267518840e+01
 17 KSP unpreconditioned resid norm 3.691237051464e+05 true resid norm 3.691237051464e+05 ||r(i)||/||b|| 1.882889461934e+01
 18 KSP unpreconditioned resid norm 4.046064537643e+05 true resid norm 4.046064537643e+05 ||r(i)||/||b|| 2.063885947723e+01
 19 KSP unpreconditioned resid norm 3.795032491820e+05 true resid norm 3.795032491820e+05 ||r(i)||/||b|| 1.935835219174e+01
 20 KSP unpreconditioned resid norm 3.823967350723e+05 true resid norm 3.823967350723e+05 ||r(i)||/||b|| 1.950594807938e+01
 21 KSP unpreconditioned resid norm 4.144748408261e+05 true resid norm 4.144748408261e+05 ||r(i)||/||b|| 2.114224307860e+01
 22 KSP unpreconditioned resid norm 4.001848676947e+05 true resid norm 4.001848676947e+05 ||r(i)||/||b|| 2.041331563652e+01
 23 KSP unpreconditioned resid norm 3.834359203847e+05 true resid norm 3.834359203847e+05 ||r(i)||/||b|| 1.955895662493e+01
 24 KSP unpreconditioned resid norm 3.973366752515e+05 true resid norm 3.973366752516e+05 ||r(i)||/||b|| 2.026803015466e+01
 25 KSP unpreconditioned resid norm 3.856556438467e+05 true resid norm 3.856556438467e+05 ||r(i)||/||b|| 1.967218408382e+01
 26 KSP unpreconditioned resid norm 3.702031854170e+05 true resid norm 3.702031854171e+05 ||r(i)||/||b|| 1.888395859918e+01
 27 KSP unpreconditioned resid norm 3.720829063591e+05 true resid norm 3.720829063590e+05 ||r(i)||/||b|| 1.897984262677e+01
 28 KSP unpreconditioned resid norm 3.564777818301e+05 true resid norm 3.564777818301e+05 ||r(i)||/||b|| 1.818382968808e+01
 29 KSP unpreconditioned resid norm 3.529452784625e+05 true resid norm 3.529452784625e+05 ||r(i)||/||b|| 1.800363770169e+01
 30 KSP unpreconditioned resid norm 3.471736518573e+05 true resid norm 3.471736518573e+05 ||r(i)||/||b|| 1.770922867941e+01
 31 KSP unpreconditioned resid norm 3.269803041979e+05 true resid norm 3.269803041979e+05 ||r(i)||/||b|| 1.667917179120e+01
 32 KSP unpreconditioned resid norm 3.416456108557e+05 true resid norm 3.416456108557e+05 ||r(i)||/||b|| 1.742724488911e+01
 33 KSP unpreconditioned resid norm 3.338286367830e+05 true resid norm 3.338286367830e+05 ||r(i)||/||b|| 1.702850327754e+01
 34 KSP unpreconditioned resid norm 3.107654559091e+05 true resid norm 3.107654559091e+05 ||r(i)||/||b|| 1.585205701791e+01
 35 KSP unpreconditioned resid norm 3.092302717274e+05 true resid norm 3.092302717274e+05 ||r(i)||/||b|| 1.577374771191e+01
 36 KSP unpreconditioned resid norm 2.989669531228e+05 true resid norm 2.989669531229e+05 ||r(i)||/||b|| 1.525021876550e+01
 37 KSP unpreconditioned resid norm 2.800617815070e+05 true resid norm 2.800617815070e+05 ||r(i)||/||b|| 1.428587136881e+01
 38 KSP unpreconditioned resid norm 2.726730030496e+05 true resid norm 2.726730030496e+05 ||r(i)||/||b|| 1.390897189310e+01
 39 KSP unpreconditioned resid norm 2.612837351799e+05 true resid norm 2.612837351799e+05 ||r(i)||/||b|| 1.332800859673e+01
 40 KSP unpreconditioned resid norm 2.534824684288e+05 true resid norm 2.534824684289e+05 ||r(i)||/||b|| 1.293006821115e+01
 41 KSP unpreconditioned resid norm 2.609315454105e+05 true resid norm 2.609315454104e+05 ||r(i)||/||b|| 1.331004349733e+01
 42 KSP unpreconditioned resid norm 2.379052747033e+05 true resid norm 2.379052747033e+05 ||r(i)||/||b|| 1.213548001475e+01
 43 KSP unpreconditioned resid norm 2.330051971860e+05 true resid norm 2.330051971859e+05 ||r(i)||/||b|| 1.188552846215e+01
 44 KSP unpreconditioned resid norm 2.363956352804e+05 true resid norm 2.363956352804e+05 ||r(i)||/||b|| 1.205847373958e+01
 45 KSP unpreconditioned resid norm 2.036315509297e+05 true resid norm 2.036315509297e+05 ||r(i)||/||b|| 1.038718716834e+01
 46 KSP unpreconditioned resid norm 1.905298478596e+05 true resid norm 1.905298478597e+05 ||r(i)||/||b|| 9.718873042210e+00
 47 KSP unpreconditioned resid norm 1.813469076791e+05 true resid norm 1.813469076790e+05 ||r(i)||/||b|| 9.250453890185e+00
 48 KSP unpreconditioned resid norm 1.662272263767e+05 true resid norm 1.662272263769e+05 ||r(i)||/||b|| 8.479203271633e+00
 49 KSP unpreconditioned resid norm 1.591486311508e+05 true resid norm 1.591486311508e+05 ||r(i)||/||b|| 8.118126153838e+00
 50 KSP unpreconditioned resid norm 1.418978422434e+05 true resid norm 1.418978422434e+05 ||r(i)||/||b|| 7.238168345903e+00
 51 KSP unpreconditioned resid norm 1.325363794876e+05 true resid norm 1.325363794876e+05 ||r(i)||/||b|| 6.760642808378e+00
 52 KSP unpreconditioned resid norm 1.351478697276e+05 true resid norm 1.351478697276e+05 ||r(i)||/||b|| 6.893854178559e+00
 53 KSP unpreconditioned resid norm 1.234484747058e+05 true resid norm 1.234484747057e+05 ||r(i)||/||b|| 6.297071384861e+00
 54 KSP unpreconditioned resid norm 1.237569980339e+05 true resid norm 1.237569980339e+05 ||r(i)||/||b|| 6.312809071589e+00
 55 KSP unpreconditioned resid norm 1.355491622226e+05 true resid norm 1.355491622226e+05 ||r(i)||/||b|| 6.914323993947e+00
 56 KSP unpreconditioned resid norm 1.199284141360e+05 true resid norm 1.199284141360e+05 ||r(i)||/||b|| 6.117514102043e+00
 57 KSP unpreconditioned resid norm 1.083145895767e+05 true resid norm 1.083145895767e+05 ||r(i)||/||b|| 5.525096233163e+00
 58 KSP unpreconditioned resid norm 1.223340461612e+05 true resid norm 1.223340461614e+05 ||r(i)||/||b|| 6.240224703574e+00
 59 KSP unpreconditioned resid norm 1.097633203670e+05 true resid norm 1.097633203671e+05 ||r(i)||/||b|| 5.598995576402e+00
 60 KSP unpreconditioned resid norm 9.336059261958e+04 true resid norm 9.336059261953e+04 ||r(i)||/||b|| 4.762297125661e+00
 61 KSP unpreconditioned resid norm 8.695547461849e+04 true resid norm 8.695547461835e+04 ||r(i)||/||b|| 4.435573888472e+00
 62 KSP unpreconditioned resid norm 9.040550367315e+04 true resid norm 9.040550367321e+04 ||r(i)||/||b|| 4.611558883751e+00
 63 KSP unpreconditioned resid norm 8.493588806610e+04 true resid norm 8.493588806598e+04 ||r(i)||/||b|| 4.332555356096e+00
 64 KSP unpreconditioned resid norm 8.333693046381e+04 true resid norm 8.333693046388e+04 ||r(i)||/||b|| 4.250992986161e+00
 65 KSP unpreconditioned resid norm 7.413243534390e+04 true resid norm 7.413243534390e+04 ||r(i)||/||b|| 3.781474322846e+00
 66 KSP unpreconditioned resid norm 6.874203557656e+04 true resid norm 6.874203557657e+04 ||r(i)||/||b|| 3.506511572527e+00
 67 KSP unpreconditioned resid norm 7.359278064513e+04 true resid norm 7.359278064508e+04 ||r(i)||/||b|| 3.753946691017e+00
 68 KSP unpreconditioned resid norm 7.110990246272e+04 true resid norm 7.110990246286e+04 ||r(i)||/||b|| 3.627295785118e+00
 69 KSP unpreconditioned resid norm 6.352124489804e+04 true resid norm 6.352124489805e+04 ||r(i)||/||b|| 3.240200533314e+00
 70 KSP unpreconditioned resid norm 6.048622523386e+04 true resid norm 6.048622523397e+04 ||r(i)||/||b|| 3.085385048355e+00
 71 KSP unpreconditioned resid norm 6.295856105805e+04 true resid norm 6.295856105798e+04 ||r(i)||/||b|| 3.211498191577e+00
 72 KSP unpreconditioned resid norm 6.150370098630e+04 true resid norm 6.150370098624e+04 ||r(i)||/||b|| 3.137286195450e+00
 73 KSP unpreconditioned resid norm 6.166416440982e+04 true resid norm 6.166416440986e+04 ||r(i)||/||b|| 3.145471388791e+00
 74 KSP unpreconditioned resid norm 5.786680098943e+04 true resid norm 5.786680098942e+04 ||r(i)||/||b|| 2.951768966872e+00
 75 KSP unpreconditioned resid norm 5.890434321251e+04 true resid norm 5.890434321250e+04 ||r(i)||/||b|| 3.004693698904e+00
 76 KSP unpreconditioned resid norm 5.770237331736e+04 true resid norm 5.770237331743e+04 ||r(i)||/||b|| 2.943381558355e+00
 77 KSP unpreconditioned resid norm 5.313242710918e+04 true resid norm 5.313242710906e+04 ||r(i)||/||b|| 2.710269909404e+00
 78 KSP unpreconditioned resid norm 5.283305113840e+04 true resid norm 5.283305113843e+04 ||r(i)||/||b|| 2.694998826772e+00
 79 KSP unpreconditioned resid norm 5.142861975315e+04 true resid norm 5.142861975301e+04 ||r(i)||/||b|| 2.623359183511e+00
 80 KSP unpreconditioned resid norm 4.975208968435e+04 true resid norm 4.975208968438e+04 ||r(i)||/||b|| 2.537839864247e+00
 81 KSP unpreconditioned resid norm 4.838869618884e+04 true resid norm 4.838869618885e+04 ||r(i)||/||b|| 2.468293552010e+00
 82 KSP unpreconditioned resid norm 4.426955186884e+04 true resid norm 4.426955186889e+04 ||r(i)||/||b|| 2.258177178445e+00
 83 KSP unpreconditioned resid norm 4.007384302842e+04 true resid norm 4.007384302844e+04 ||r(i)||/||b|| 2.044155270589e+00
 84 KSP unpreconditioned resid norm 3.542758529083e+04 true resid norm 3.542758529089e+04 ||r(i)||/||b|| 1.807150992362e+00
 85 KSP unpreconditioned resid norm 3.244467521597e+04 true resid norm 3.244467521590e+04 ||r(i)||/||b|| 1.654993602636e+00
 86 KSP unpreconditioned resid norm 2.777523627807e+04 true resid norm 2.777523627808e+04 ||r(i)||/||b|| 1.416806858015e+00
 87 KSP unpreconditioned resid norm 2.682254974977e+04 true resid norm 2.682254974973e+04 ||r(i)||/||b|| 1.368210590700e+00
 88 KSP unpreconditioned resid norm 2.851041526997e+04 true resid norm 2.851041526994e+04 ||r(i)||/||b|| 1.454308128107e+00
 89 KSP unpreconditioned resid norm 2.770750740344e+04 true resid norm 2.770750740340e+04 ||r(i)||/||b|| 1.413352027489e+00
 90 KSP unpreconditioned resid norm 2.725692136193e+04 true resid norm 2.725692136205e+04 ||r(i)||/||b|| 1.390367762401e+00
 91 KSP unpreconditioned resid norm 2.445264462111e+04 true resid norm 2.445264462102e+04 ||r(i)||/||b|| 1.247322407946e+00
 92 KSP unpreconditioned resid norm 2.468703087452e+04 true resid norm 2.468703087453e+04 ||r(i)||/||b|| 1.259278383696e+00
 93 KSP unpreconditioned resid norm 2.228270176043e+04 true resid norm 2.228270176045e+04 ||r(i)||/||b|| 1.136634243296e+00
 94 KSP unpreconditioned resid norm 2.200159535151e+04 true resid norm 2.200159535156e+04 ||r(i)||/||b|| 1.122295085783e+00
 95 KSP unpreconditioned resid norm 2.266430413150e+04 true resid norm 2.266430413146e+04 ||r(i)||/||b|| 1.156099671092e+00
 96 KSP unpreconditioned resid norm 2.165047624140e+04 true resid norm 2.165047624132e+04 ||r(i)||/||b|| 1.104384600400e+00
 97 KSP unpreconditioned resid norm 2.086855969826e+04 true resid norm 2.086855969830e+04 ||r(i)||/||b|| 1.064499261192e+00
 98 KSP unpreconditioned resid norm 1.989026059658e+04 true resid norm 1.989026059670e+04 ||r(i)||/||b|| 1.014596503841e+00
 99 KSP unpreconditioned resid norm 1.967280214443e+04 true resid norm 1.967280214441e+04 ||r(i)||/||b|| 1.003504010389e+00
100 KSP unpreconditioned resid norm 2.015427987946e+04 true resid norm 2.015427987955e+04 ||r(i)||/||b|| 1.028064051942e+00
101 KSP unpreconditioned resid norm 1.835817423476e+04 true resid norm 1.835817423473e+04 ||r(i)||/||b|| 9.364452167386e-01
102 KSP unpreconditioned resid norm 1.835416819483e+04 true resid norm 1.835416819471e+04 ||r(i)||/||b|| 9.362408697832e-01
103 KSP unpreconditioned resid norm 1.724532557337e+04 true resid norm 1.724532557328e+04 ||r(i)||/||b|| 8.796791248251e-01
104 KSP unpreconditioned resid norm 1.588614363380e+04 true resid norm 1.588614363389e+04 ||r(i)||/||b|| 8.103476428629e-01
105 KSP unpreconditioned resid norm 1.403239363469e+04 true resid norm 1.403239363453e+04 ||r(i)||/||b|| 7.157883856224e-01
106 KSP unpreconditioned resid norm 1.339994585039e+04 true resid norm 1.339994585047e+04 ||r(i)||/||b|| 6.835274050560e-01
107 KSP unpreconditioned resid norm 1.268698708806e+04 true resid norm 1.268698708804e+04 ||r(i)||/||b|| 6.471595825113e-01
108 KSP unpreconditioned resid norm 1.222989088382e+04 true resid norm 1.222989088392e+04 ||r(i)||/||b|| 6.238432358821e-01
109 KSP unpreconditioned resid norm 1.178472103723e+04 true resid norm 1.178472103727e+04 ||r(i)||/||b|| 6.011352493360e-01
110 KSP unpreconditioned resid norm 1.143690952438e+04 true resid norm 1.143690952442e+04 ||r(i)||/||b|| 5.833934835497e-01
111 KSP unpreconditioned resid norm 1.036580558708e+04 true resid norm 1.036580558710e+04 ||r(i)||/||b|| 5.287567780744e-01
112 KSP unpreconditioned resid norm 9.492079097854e+03 true resid norm 9.492079097890e+03 ||r(i)||/||b|| 4.841882397710e-01
113 KSP unpreconditioned resid norm 8.511277157244e+03 true resid norm 8.511277157201e+03 ||r(i)||/||b|| 4.341578133145e-01
114 KSP unpreconditioned resid norm 8.212719814275e+03 true resid norm 8.212719814288e+03 ||r(i)||/||b|| 4.189284886486e-01
115 KSP unpreconditioned resid norm 7.573503774830e+03 true resid norm 7.573503774740e+03 ||r(i)||/||b|| 3.863222613058e-01
116 KSP unpreconditioned resid norm 6.961545338996e+03 true resid norm 6.961545339030e+03 ||r(i)||/||b|| 3.551064365382e-01
117 KSP unpreconditioned resid norm 6.673443120318e+03 true resid norm 6.673443120180e+03 ||r(i)||/||b|| 3.404104247603e-01
118 KSP unpreconditioned resid norm 7.007380423066e+03 true resid norm 7.007380422980e+03 ||r(i)||/||b|| 3.574444710603e-01
119 KSP unpreconditioned resid norm 7.329404436323e+03 true resid norm 7.329404436362e+03 ||r(i)||/||b|| 3.738708238747e-01
120 KSP unpreconditioned resid norm 6.636702876662e+03 true resid norm 6.636702876633e+03 ||r(i)||/||b|| 3.385363154458e-01
121 KSP unpreconditioned resid norm 6.066843624991e+03 true resid norm 6.066843624956e+03 ||r(i)||/||b|| 3.094679580142e-01
122 KSP unpreconditioned resid norm 6.395329700035e+03 true resid norm 6.395329700074e+03 ||r(i)||/||b|| 3.262239387493e-01
123 KSP unpreconditioned resid norm 5.880204636893e+03 true resid norm 5.880204636839e+03 ||r(i)||/||b|| 2.999475566145e-01
124 KSP unpreconditioned resid norm 5.542491816496e+03 true resid norm 5.542491816635e+03 ||r(i)||/||b|| 2.827209222517e-01
125 KSP unpreconditioned resid norm 4.957829393420e+03 true resid norm 4.957829393370e+03 ||r(i)||/||b|| 2.528974592715e-01
126 KSP unpreconditioned resid norm 4.874583527748e+03 true resid norm 4.874583527824e+03 ||r(i)||/||b|| 2.486511114808e-01
127 KSP unpreconditioned resid norm 4.963841182551e+03 true resid norm 4.963841182477e+03 ||r(i)||/||b|| 2.532041189143e-01
128 KSP unpreconditioned resid norm 4.822078307162e+03 true resid norm 4.822078307236e+03 ||r(i)||/||b|| 2.459728351966e-01
129 KSP unpreconditioned resid norm 4.506311676272e+03 true resid norm 4.506311676186e+03 ||r(i)||/||b|| 2.298656696652e-01
130 KSP unpreconditioned resid norm 3.915165971765e+03 true resid norm 3.915165971763e+03 ||r(i)||/||b|| 1.997114963676e-01
131 KSP unpreconditioned resid norm 4.146195868354e+03 true resid norm 4.146195868313e+03 ||r(i)||/||b|| 2.114962653093e-01
132 KSP unpreconditioned resid norm 3.900016814306e+03 true resid norm 3.900016814320e+03 ||r(i)||/||b|| 1.989387421795e-01
133 KSP unpreconditioned resid norm 3.678100633202e+03 true resid norm 3.678100633392e+03 ||r(i)||/||b|| 1.876188612649e-01
134 KSP unpreconditioned resid norm 3.361192937312e+03 true resid norm 3.361192937305e+03 ||r(i)||/||b|| 1.714534903324e-01
135 KSP unpreconditioned resid norm 3.070314773613e+03 true resid norm 3.070314773588e+03 ||r(i)||/||b|| 1.566158784008e-01
136 KSP unpreconditioned resid norm 3.112709808039e+03 true resid norm 3.112709808202e+03 ||r(i)||/||b|| 1.587784369903e-01
137 KSP unpreconditioned resid norm 3.083020709384e+03 true resid norm 3.083020709183e+03 ||r(i)||/||b|| 1.572640045413e-01
138 KSP unpreconditioned resid norm 2.832862550836e+03 true resid norm 2.832862551083e+03 ||r(i)||/||b|| 1.445035084491e-01
139 KSP unpreconditioned resid norm 2.758176396211e+03 true resid norm 2.758176396202e+03 ||r(i)||/||b|| 1.406937890511e-01
140 KSP unpreconditioned resid norm 2.757609126184e+03 true resid norm 2.757609126101e+03 ||r(i)||/||b|| 1.406648527655e-01
141 KSP unpreconditioned resid norm 2.928786311899e+03 true resid norm 2.928786311906e+03 ||r(i)||/||b|| 1.493965520517e-01
142 KSP unpreconditioned resid norm 2.817479424496e+03 true resid norm 2.817479424474e+03 ||r(i)||/||b|| 1.437188195609e-01
143 KSP unpreconditioned resid norm 2.762386450143e+03 true resid norm 2.762386450107e+03 ||r(i)||/||b|| 1.409085426966e-01
144 KSP unpreconditioned resid norm 2.538060025429e+03 true resid norm 2.538060025436e+03 ||r(i)||/||b|| 1.294657159381e-01
145 KSP unpreconditioned resid norm 2.367120919272e+03 true resid norm 2.367120919280e+03 ||r(i)||/||b|| 1.207461610266e-01
146 KSP unpreconditioned resid norm 2.145356202696e+03 true resid norm 2.145356202771e+03 ||r(i)||/||b|| 1.094340062687e-01
147 KSP unpreconditioned resid norm 1.940939075982e+03 true resid norm 1.940939075938e+03 ||r(i)||/||b|| 9.900674709823e-02
148 KSP unpreconditioned resid norm 1.826923431549e+03 true resid norm 1.826923431776e+03 ||r(i)||/||b|| 9.319084170134e-02
149 KSP unpreconditioned resid norm 1.799406334211e+03 true resid norm 1.799406333982e+03 ||r(i)||/||b|| 9.178720241357e-02
150 KSP unpreconditioned resid norm 1.687496313277e+03 true resid norm 1.687496313276e+03 ||r(i)||/||b|| 8.607870426686e-02
151 KSP unpreconditioned resid norm 1.609631704497e+03 true resid norm 1.609631704504e+03 ||r(i)||/||b|| 8.210685284498e-02
152 KSP unpreconditioned resid norm 1.584824087849e+03 true resid norm 1.584824087917e+03 ||r(i)||/||b|| 8.084142341858e-02
153 KSP unpreconditioned resid norm 1.589999561116e+03 true resid norm 1.589999561157e+03 ||r(i)||/||b|| 8.110542282821e-02
154 KSP unpreconditioned resid norm 1.493350159921e+03 true resid norm 1.493350160063e+03 ||r(i)||/||b|| 7.617536452297e-02
155 KSP unpreconditioned resid norm 1.477278891953e+03 true resid norm 1.477278891769e+03 ||r(i)||/||b|| 7.535557372415e-02
156 KSP unpreconditioned resid norm 1.354095441909e+03 true resid norm 1.354095441916e+03 ||r(i)||/||b|| 6.907202118120e-02
157 KSP unpreconditioned resid norm 1.384894153588e+03 true resid norm 1.384894153378e+03 ||r(i)||/||b|| 7.064305464358e-02
158 KSP unpreconditioned resid norm 1.412653588047e+03 true resid norm 1.412653588173e+03 ||r(i)||/||b|| 7.205905547244e-02
159 KSP unpreconditioned resid norm 1.340932140771e+03 true resid norm 1.340932140711e+03 ||r(i)||/||b|| 6.840056495184e-02
160 KSP unpreconditioned resid norm 1.257644583711e+03 true resid norm 1.257644583649e+03 ||r(i)||/||b|| 6.415209048877e-02
161 KSP unpreconditioned resid norm 1.230917313887e+03 true resid norm 1.230917313839e+03 ||r(i)||/||b|| 6.278874010055e-02
162 KSP unpreconditioned resid norm 1.110745725360e+03 true resid norm 1.110745725322e+03 ||r(i)||/||b|| 5.665882174292e-02
163 KSP unpreconditioned resid norm 1.077455252366e+03 true resid norm 1.077455252325e+03 ||r(i)||/||b|| 5.496068423737e-02
164 KSP unpreconditioned resid norm 1.037640080620e+03 true resid norm 1.037640080883e+03 ||r(i)||/||b|| 5.292972373044e-02
165 KSP unpreconditioned resid norm 9.560622690354e+02 true resid norm 9.560622688865e+02 ||r(i)||/||b|| 4.876846287411e-02
166 KSP unpreconditioned resid norm 9.070832693668e+02 true resid norm 9.070832696991e+02 ||r(i)||/||b|| 4.627005813499e-02
167 KSP unpreconditioned resid norm 8.933146818494e+02 true resid norm 8.933146816056e+02 ||r(i)||/||b|| 4.556772639456e-02
168 KSP unpreconditioned resid norm 8.484651931259e+02 true resid norm 8.484651931365e+02 ||r(i)||/||b|| 4.327996681602e-02
169 KSP unpreconditioned resid norm 8.417776715269e+02 true resid norm 8.417776715206e+02 ||r(i)||/||b|| 4.293883825122e-02
170 KSP unpreconditioned resid norm 7.963344431299e+02 true resid norm 7.963344430163e+02 ||r(i)||/||b|| 4.062079216331e-02
171 KSP unpreconditioned resid norm 8.069371435971e+02 true resid norm 8.069371437630e+02 ||r(i)||/||b|| 4.116163289571e-02
172 KSP unpreconditioned resid norm 7.991990437977e+02 true resid norm 7.991990436969e+02 ||r(i)||/||b|| 4.076691462466e-02
173 KSP unpreconditioned resid norm 7.833574080390e+02 true resid norm 7.833574080461e+02 ||r(i)||/||b|| 3.995883732129e-02
174 KSP unpreconditioned resid norm 6.617131818628e+02 true resid norm 6.617131818565e+02 ||r(i)||/||b|| 3.375380013717e-02
175 KSP unpreconditioned resid norm 6.456145251750e+02 true resid norm 6.456145251153e+02 ||r(i)||/||b|| 3.293261226148e-02
176 KSP unpreconditioned resid norm 7.161528756223e+02 true resid norm 7.161528756427e+02 ||r(i)||/||b|| 3.653075334585e-02
177 KSP unpreconditioned resid norm 6.710719858798e+02 true resid norm 6.710719859349e+02 ||r(i)||/||b|| 3.423119005631e-02
178 KSP unpreconditioned resid norm 6.623342936355e+02 true resid norm 6.623342936696e+02 ||r(i)||/||b|| 3.378548287309e-02
179 KSP unpreconditioned resid norm 6.363922551862e+02 true resid norm 6.363922551274e+02 ||r(i)||/||b|| 3.246218690724e-02
180 KSP unpreconditioned resid norm 6.242374546460e+02 true resid norm 6.242374548107e+02 ||r(i)||/||b|| 3.184217401971e-02
181 KSP unpreconditioned resid norm 6.192214094933e+02 true resid norm 6.192214093262e+02 ||r(i)||/||b|| 3.158630697429e-02
182 KSP unpreconditioned resid norm 6.106801235712e+02 true resid norm 6.106801236689e+02 ||r(i)||/||b|| 3.115061843597e-02
183 KSP unpreconditioned resid norm 6.195215318973e+02 true resid norm 6.195215317578e+02 ||r(i)||/||b|| 3.160161613368e-02
184 KSP unpreconditioned resid norm 5.960807470922e+02 true resid norm 5.960807470457e+02 ||r(i)||/||b|| 3.040590841027e-02
185 KSP unpreconditioned resid norm 5.677984668638e+02 true resid norm 5.677984669879e+02 ||r(i)||/||b|| 2.896323739407e-02
186 KSP unpreconditioned resid norm 5.175162126005e+02 true resid norm 5.175162127034e+02 ||r(i)||/||b|| 2.639835398522e-02
187 KSP unpreconditioned resid norm 5.044005730501e+02 true resid norm 5.044005732118e+02 ||r(i)||/||b|| 2.572932896621e-02
188 KSP unpreconditioned resid norm 4.840706571330e+02 true resid norm 4.840706571297e+02 ||r(i)||/||b|| 2.469230576181e-02
189 KSP unpreconditioned resid norm 4.788687781494e+02 true resid norm 4.788687781568e+02 ||r(i)||/||b|| 2.442695940330e-02
190 KSP unpreconditioned resid norm 4.338229873507e+02 true resid norm 4.338229873674e+02 ||r(i)||/||b|| 2.212918649954e-02
191 KSP unpreconditioned resid norm 4.169457218138e+02 true resid norm 4.169457216869e+02 ||r(i)||/||b|| 2.126828200457e-02
192 KSP unpreconditioned resid norm 3.960403321325e+02 true resid norm 3.960403321094e+02 ||r(i)||/||b|| 2.020190406178e-02
193 KSP unpreconditioned resid norm 3.975766744060e+02 true resid norm 3.975766744904e+02 ||r(i)||/||b|| 2.028027244719e-02
194 KSP unpreconditioned resid norm 3.898583271859e+02 true resid norm 3.898583270124e+02 ||r(i)||/||b|| 1.988656175001e-02
195 KSP unpreconditioned resid norm 4.003210112439e+02 true resid norm 4.003210113489e+02 ||r(i)||/||b|| 2.042026028538e-02
196 KSP unpreconditioned resid norm 4.006816146507e+02 true resid norm 4.006816147637e+02 ||r(i)||/||b|| 2.043865456243e-02
197 KSP unpreconditioned resid norm 3.734116105622e+02 true resid norm 3.734116104905e+02 ||r(i)||/||b|| 1.904761944447e-02
198 KSP unpreconditioned resid norm 3.335399819052e+02 true resid norm 3.335399819773e+02 ||r(i)||/||b|| 1.701377907847e-02
199 KSP unpreconditioned resid norm 3.018397202291e+02 true resid norm 3.018397202888e+02 ||r(i)||/||b|| 1.539675779694e-02
200 KSP unpreconditioned resid norm 3.021709949353e+02 true resid norm 3.021709949796e+02 ||r(i)||/||b|| 1.541365602416e-02
201 KSP unpreconditioned resid norm 2.910262223291e+02 true resid norm 2.910262224753e+02 ||r(i)||/||b|| 1.484516436645e-02
202 KSP unpreconditioned resid norm 2.890676690289e+02 true resid norm 2.890676689428e+02 ||r(i)||/||b|| 1.474525911096e-02
203 KSP unpreconditioned resid norm 2.908166082040e+02 true resid norm 2.908166082308e+02 ||r(i)||/||b|| 1.483447200379e-02
204 KSP unpreconditioned resid norm 2.850731751805e+02 true resid norm 2.850731751888e+02 ||r(i)||/||b|| 1.454150112711e-02
205 KSP unpreconditioned resid norm 2.762933515495e+02 true resid norm 2.762933516037e+02 ||r(i)||/||b|| 1.409364483732e-02
206 KSP unpreconditioned resid norm 2.807100283967e+02 true resid norm 2.807100282085e+02 ||r(i)||/||b|| 1.431893824764e-02
207 KSP unpreconditioned resid norm 2.780564422437e+02 true resid norm 2.780564424448e+02 ||r(i)||/||b|| 1.418357959683e-02
208 KSP unpreconditioned resid norm 2.838519556184e+02 true resid norm 2.838519556440e+02 ||r(i)||/||b|| 1.447920706743e-02
209 KSP unpreconditioned resid norm 2.726801049257e+02 true resid norm 2.726801048920e+02 ||r(i)||/||b|| 1.390933415605e-02
210 KSP unpreconditioned resid norm 2.386753189776e+02 true resid norm 2.386753191300e+02 ||r(i)||/||b|| 1.217475976070e-02
211 KSP unpreconditioned resid norm 2.340762397542e+02 true resid norm 2.340762395253e+02 ||r(i)||/||b|| 1.194016202553e-02
212 KSP unpreconditioned resid norm 2.011544760235e+02 true resid norm 2.011544763272e+02 ||r(i)||/||b|| 1.026083230139e-02
213 KSP unpreconditioned resid norm 1.827134757903e+02 true resid norm 1.827134759296e+02 ||r(i)||/||b|| 9.320162145766e-03
214 KSP unpreconditioned resid norm 1.807164730074e+02 true resid norm 1.807164729013e+02 ||r(i)||/||b|| 9.218295592494e-03
215 KSP unpreconditioned resid norm 1.821402703937e+02 true resid norm 1.821402703438e+02 ||r(i)||/||b|| 9.290923092789e-03
216 KSP unpreconditioned resid norm 1.752726116273e+02 true resid norm 1.752726113898e+02 ||r(i)||/||b|| 8.940605773897e-03
217 KSP unpreconditioned resid norm 1.762403298050e+02 true resid norm 1.762403298313e+02 ||r(i)||/||b|| 8.989968814804e-03
218 KSP unpreconditioned resid norm 1.786327872201e+02 true resid norm 1.786327873300e+02 ||r(i)||/||b|| 9.112007387501e-03
219 KSP unpreconditioned resid norm 1.790833724316e+02 true resid norm 1.790833722428e+02 ||r(i)||/||b|| 9.134991595020e-03
220 KSP unpreconditioned resid norm 1.619662321243e+02 true resid norm 1.619662322780e+02 ||r(i)||/||b|| 8.261851181418e-03
221 KSP unpreconditioned resid norm 1.677076294313e+02 true resid norm 1.677076292916e+02 ||r(i)||/||b|| 8.554718200873e-03
222 KSP unpreconditioned resid norm 1.698954492674e+02 true resid norm 1.698954496210e+02 ||r(i)||/||b|| 8.666318290099e-03
223 KSP unpreconditioned resid norm 1.576153388634e+02 true resid norm 1.576153386262e+02 ||r(i)||/||b|| 8.039913340726e-03
224 KSP unpreconditioned resid norm 1.417380059357e+02 true resid norm 1.417380062009e+02 ||r(i)||/||b|| 7.230015155089e-03
225 KSP unpreconditioned resid norm 1.373069465463e+02 true resid norm 1.373069464205e+02 ||r(i)||/||b|| 7.003988063102e-03
226 KSP unpreconditioned resid norm 1.333295197024e+02 true resid norm 1.333295196661e+02 ||r(i)||/||b|| 6.801100662023e-03
227 KSP unpreconditioned resid norm 1.316598964681e+02 true resid norm 1.316598965282e+02 ||r(i)||/||b|| 6.715933663319e-03
228 KSP unpreconditioned resid norm 1.352722577967e+02 true resid norm 1.352722578317e+02 ||r(i)||/||b|| 6.900199180172e-03
229 KSP unpreconditioned resid norm 1.319713409889e+02 true resid norm 1.319713409689e+02 ||r(i)||/||b|| 6.731820355160e-03
230 KSP unpreconditioned resid norm 1.255833452377e+02 true resid norm 1.255833451367e+02 ||r(i)||/||b|| 6.405970514911e-03
231 KSP unpreconditioned resid norm 1.228629655026e+02 true resid norm 1.228629654812e+02 ||r(i)||/||b|| 6.267204726792e-03
232 KSP unpreconditioned resid norm 1.200122780019e+02 true resid norm 1.200122779952e+02 ||r(i)||/||b|| 6.121791973511e-03
233 KSP unpreconditioned resid norm 1.074711758414e+02 true resid norm 1.074711757632e+02 ||r(i)||/||b|| 5.482073935782e-03
234 KSP unpreconditioned resid norm 1.019390923669e+02 true resid norm 1.019390924461e+02 ||r(i)||/||b|| 5.199883948113e-03
235 KSP unpreconditioned resid norm 1.030682085929e+02 true resid norm 1.030682085603e+02 ||r(i)||/||b|| 5.257479838136e-03
236 KSP unpreconditioned resid norm 9.275718651544e+01 true resid norm 9.275718663857e+01 ||r(i)||/||b|| 4.731517559164e-03
237 KSP unpreconditioned resid norm 8.909826668148e+01 true resid norm 8.909826665307e+01 ||r(i)||/||b|| 4.544877097261e-03
238 KSP unpreconditioned resid norm 8.374078488994e+01 true resid norm 8.374078485299e+01 ||r(i)||/||b|| 4.271593483036e-03
239 KSP unpreconditioned resid norm 7.851311667877e+01 true resid norm 7.851311660625e+01 ||r(i)||/||b|| 4.004931621036e-03
240 KSP unpreconditioned resid norm 6.988760279145e+01 true resid norm 6.988760291843e+01 ||r(i)||/||b|| 3.564946634970e-03
241 KSP unpreconditioned resid norm 6.697082606983e+01 true resid norm 6.697082622531e+01 ||r(i)||/||b|| 3.416162690137e-03
242 KSP unpreconditioned resid norm 6.465656863052e+01 true resid norm 6.465656852331e+01 ||r(i)||/||b|| 3.298113066703e-03
243 KSP unpreconditioned resid norm 6.057533739818e+01 true resid norm 6.057533761795e+01 ||r(i)||/||b|| 3.089930645572e-03
244 KSP unpreconditioned resid norm 6.265331442369e+01 true resid norm 6.265331445531e+01 ||r(i)||/||b|| 3.195927649684e-03
245 KSP unpreconditioned resid norm 6.541700424446e+01 true resid norm 6.541700404311e+01 ||r(i)||/||b|| 3.336902665061e-03
246 KSP unpreconditioned resid norm 6.223670532335e+01 true resid norm 6.223670540030e+01 ||r(i)||/||b|| 3.174676540950e-03
247 KSP unpreconditioned resid norm 5.782555514093e+01 true resid norm 5.782555502554e+01 ||r(i)||/||b|| 2.949665022052e-03
248 KSP unpreconditioned resid norm 5.759714481310e+01 true resid norm 5.759714492544e+01 ||r(i)||/||b|| 2.938013888178e-03
249 KSP unpreconditioned resid norm 5.089936897669e+01 true resid norm 5.089936900494e+01 ||r(i)||/||b|| 2.596362254233e-03
250 KSP unpreconditioned resid norm 4.568507057820e+01 true resid norm 4.568507060222e+01 ||r(i)||/||b|| 2.330382384152e-03
251 KSP unpreconditioned resid norm 4.320019832530e+01 true resid norm 4.320019833422e+01 ||r(i)||/||b|| 2.203629760508e-03
252 KSP unpreconditioned resid norm 4.315689077907e+01 true resid norm 4.315689082677e+01 ||r(i)||/||b|| 2.201420656940e-03
253 KSP unpreconditioned resid norm 4.053939586713e+01 true resid norm 4.053939587527e+01 ||r(i)||/||b|| 2.067902988144e-03
254 KSP unpreconditioned resid norm 4.092374483066e+01 true resid norm 4.092374491794e+01 ||r(i)||/||b|| 2.087508522876e-03
255 KSP unpreconditioned resid norm 3.815998699786e+01 true resid norm 3.815998699263e+01 ||r(i)||/||b|| 1.946530021621e-03
256 KSP unpreconditioned resid norm 3.904509016427e+01 true resid norm 3.904509026666e+01 ||r(i)||/||b|| 1.991678886464e-03
257 KSP unpreconditioned resid norm 3.744900860108e+01 true resid norm 3.744900857239e+01 ||r(i)||/||b|| 1.910263215765e-03
258 KSP unpreconditioned resid norm 3.753587654517e+01 true resid norm 3.753587640840e+01 ||r(i)||/||b|| 1.914694319233e-03
259 KSP unpreconditioned resid norm 3.635615134251e+01 true resid norm 3.635615128385e+01 ||r(i)||/||b|| 1.854516878066e-03
260 KSP unpreconditioned resid norm 3.408457733531e+01 true resid norm 3.408457740245e+01 ||r(i)||/||b|| 1.738644544112e-03
261 KSP unpreconditioned resid norm 3.403480938469e+01 true resid norm 3.403480947962e+01 ||r(i)||/||b|| 1.736105896604e-03
262 KSP unpreconditioned resid norm 3.248885526159e+01 true resid norm 3.248885523678e+01 ||r(i)||/||b|| 1.657247212865e-03
263 KSP unpreconditioned resid norm 3.131023574434e+01 true resid norm 3.131023565889e+01 ||r(i)||/||b|| 1.597126165316e-03
264 KSP unpreconditioned resid norm 2.921729843312e+01 true resid norm 2.921729847412e+01 ||r(i)||/||b|| 1.490366038163e-03
265 KSP unpreconditioned resid norm 2.847113206324e+01 true resid norm 2.847113202989e+01 ||r(i)||/||b|| 1.452304301268e-03
266 KSP unpreconditioned resid norm 2.595186439000e+01 true resid norm 2.595186450509e+01 ||r(i)||/||b|| 1.323797185412e-03
267 KSP unpreconditioned resid norm 2.405160997965e+01 true resid norm 2.405160989694e+01 ||r(i)||/||b|| 1.226865741379e-03
268 KSP unpreconditioned resid norm 2.363655793855e+01 true resid norm 2.363655787611e+01 ||r(i)||/||b|| 1.205694056513e-03
269 KSP unpreconditioned resid norm 2.375800548070e+01 true resid norm 2.375800550083e+01 ||r(i)||/||b|| 1.211889065113e-03
270 KSP unpreconditioned resid norm 2.344668982604e+01 true resid norm 2.344668992530e+01 ||r(i)||/||b|| 1.196008946650e-03
271 KSP unpreconditioned resid norm 2.262101136505e+01 true resid norm 2.262101105849e+01 ||r(i)||/||b|| 1.153891303822e-03
272 KSP unpreconditioned resid norm 2.045890136214e+01 true resid norm 2.045890158367e+01 ||r(i)||/||b|| 1.043602717939e-03
273 KSP unpreconditioned resid norm 1.872494761589e+01 true resid norm 1.872494759017e+01 ||r(i)||/||b|| 9.551542206917e-04
274 KSP unpreconditioned resid norm 1.833129713405e+01 true resid norm 1.833129726075e+01 ||r(i)||/||b|| 9.350742299833e-04
275 KSP unpreconditioned resid norm 1.657017657339e+01 true resid norm 1.657017663558e+01 ||r(i)||/||b|| 8.452399706257e-04
276 KSP unpreconditioned resid norm 1.663799299788e+01 true resid norm 1.663799277956e+01 ||r(i)||/||b|| 8.486992527327e-04
277 KSP unpreconditioned resid norm 1.528780976551e+01 true resid norm 1.528780966477e+01 ||r(i)||/||b|| 7.798267982388e-04
278 KSP unpreconditioned resid norm 1.466622833332e+01 true resid norm 1.466622870981e+01 ||r(i)||/||b|| 7.481201315166e-04
279 KSP unpreconditioned resid norm 1.443239671116e+01 true resid norm 1.443239653940e+01 ||r(i)||/||b|| 7.361924193869e-04
280 KSP unpreconditioned resid norm 1.381740220601e+01 true resid norm 1.381740247667e+01 ||r(i)||/||b|| 7.048217481536e-04
281 KSP unpreconditioned resid norm 1.294143659832e+01 true resid norm 1.294143648185e+01 ||r(i)||/||b|| 6.601389733095e-04
282 KSP unpreconditioned resid norm 1.272141861368e+01 true resid norm 1.272141849615e+01 ||r(i)||/||b|| 6.489159187907e-04
283 KSP unpreconditioned resid norm 1.249422758784e+01 true resid norm 1.249422737488e+01 ||r(i)||/||b|| 6.373269646778e-04
284 KSP unpreconditioned resid norm 1.164986049104e+01 true resid norm 1.164986068560e+01 ||r(i)||/||b|| 5.942560613716e-04
285 KSP unpreconditioned resid norm 1.019638111742e+01 true resid norm 1.019638105685e+01 ||r(i)||/||b|| 5.201144812466e-04
286 KSP unpreconditioned resid norm 9.864703597674e+00 true resid norm 9.864703775418e+00 ||r(i)||/||b|| 5.031957179901e-04
287 KSP unpreconditioned resid norm 9.624135473259e+00 true resid norm 9.624135299216e+00 ||r(i)||/||b|| 4.909243888287e-04
288 KSP unpreconditioned resid norm 1.006501592782e+01 true resid norm 1.006501605932e+01 ||r(i)||/||b|| 5.134135902965e-04
289 KSP unpreconditioned resid norm 9.567844366225e+00 true resid norm 9.567844210430e+00 ||r(i)||/||b|| 4.880529964906e-04
290 KSP unpreconditioned resid norm 9.058640929672e+00 true resid norm 9.058640838120e+00 ||r(i)||/||b|| 4.620786781161e-04
291 KSP unpreconditioned resid norm 7.890548612670e+00 true resid norm 7.890548518721e+00 ||r(i)||/||b|| 4.024946230122e-04
292 KSP unpreconditioned resid norm 7.574266684894e+00 true resid norm 7.574266919076e+00 ||r(i)||/||b|| 3.863611890801e-04
293 KSP unpreconditioned resid norm 7.295781015571e+00 true resid norm 7.295780751929e+00 ||r(i)||/||b|| 3.721556893491e-04
294 KSP unpreconditioned resid norm 7.637738264161e+00 true resid norm 7.637738733407e+00 ||r(i)||/||b|| 3.895988681743e-04
295 KSP unpreconditioned resid norm 7.366215464553e+00 true resid norm 7.366215063869e+00 ||r(i)||/||b|| 3.757485234549e-04
296 KSP unpreconditioned resid norm 6.911323500237e+00 true resid norm 6.911323794729e+00 ||r(i)||/||b|| 3.525446499283e-04
297 KSP unpreconditioned resid norm 7.226890440478e+00 true resid norm 7.226890124091e+00 ||r(i)||/||b|| 3.686415981278e-04
298 KSP unpreconditioned resid norm 6.566646730800e+00 true resid norm 6.566646808348e+00 ||r(i)||/||b|| 3.349627754407e-04
299 KSP unpreconditioned resid norm 6.028009007205e+00 true resid norm 6.028009258382e+00 ||r(i)||/||b|| 3.074870280830e-04
300 KSP unpreconditioned resid norm 5.775149840517e+00 true resid norm 5.775149690265e+00 ||r(i)||/||b|| 2.945887338386e-04
301 KSP unpreconditioned resid norm 5.457784128393e+00 true resid norm 5.457784040995e+00 ||r(i)||/||b|| 2.784000028452e-04
302 KSP unpreconditioned resid norm 5.489789137693e+00 true resid norm 5.489789340139e+00 ||r(i)||/||b|| 2.800325840001e-04
303 KSP unpreconditioned resid norm 4.869311208015e+00 true resid norm 4.869311114033e+00 ||r(i)||/||b|| 2.483821671613e-04
304 KSP unpreconditioned resid norm 4.436491298927e+00 true resid norm 4.436491347457e+00 ||r(i)||/||b|| 2.263041546674e-04
305 KSP unpreconditioned resid norm 4.347937709401e+00 true resid norm 4.347937846206e+00 ||r(i)||/||b|| 2.217870658975e-04
306 KSP unpreconditioned resid norm 4.457825724149e+00 true resid norm 4.457825507509e+00 ||r(i)||/||b|| 2.273924040695e-04
307 KSP unpreconditioned resid norm 4.602916404241e+00 true resid norm 4.602916344202e+00 ||r(i)||/||b|| 2.347934461490e-04
308 KSP unpreconditioned resid norm 4.360147758941e+00 true resid norm 4.360147837474e+00 ||r(i)||/||b|| 2.224098940597e-04
309 KSP unpreconditioned resid norm 4.076854808324e+00 true resid norm 4.076854512355e+00 ||r(i)||/||b|| 2.079591825755e-04
310 KSP unpreconditioned resid norm 3.768866076553e+00 true resid norm 3.768866314096e+00 ||r(i)||/||b|| 1.922487926760e-04
311 KSP unpreconditioned resid norm 3.933039548206e+00 true resid norm 3.933039299876e+00 ||r(i)||/||b|| 2.006232097223e-04
312 KSP unpreconditioned resid norm 3.631623861279e+00 true resid norm 3.631624284128e+00 ||r(i)||/||b|| 1.852481159825e-04
313 KSP unpreconditioned resid norm 3.415460251980e+00 true resid norm 3.415460172212e+00 ||r(i)||/||b|| 1.742216464630e-04
314 KSP unpreconditioned resid norm 3.681575259473e+00 true resid norm 3.681575359257e+00 ||r(i)||/||b|| 1.877961060374e-04
315 KSP unpreconditioned resid norm 3.436262301962e+00 true resid norm 3.436262277130e+00 ||r(i)||/||b|| 1.752827558848e-04
316 KSP unpreconditioned resid norm 2.939638329228e+00 true resid norm 2.939638201376e+00 ||r(i)||/||b|| 1.499501038296e-04
317 KSP unpreconditioned resid norm 2.640115998453e+00 true resid norm 2.640116099570e+00 ||r(i)||/||b|| 1.346715670886e-04
318 KSP unpreconditioned resid norm 2.680444582347e+00 true resid norm 2.680444672064e+00 ||r(i)||/||b|| 1.367287160364e-04
319 KSP unpreconditioned resid norm 2.564965431873e+00 true resid norm 2.564965193861e+00 ||r(i)||/||b|| 1.308381408837e-04
320 KSP unpreconditioned resid norm 2.393507844549e+00 true resid norm 2.393507892677e+00 ||r(i)||/||b|| 1.220921529921e-04
321 KSP unpreconditioned resid norm 2.290087309291e+00 true resid norm 2.290086990467e+00 ||r(i)||/||b|| 1.168166823518e-04
322 KSP unpreconditioned resid norm 2.144992440205e+00 true resid norm 2.144992481519e+00 ||r(i)||/||b|| 1.094154529517e-04
323 KSP unpreconditioned resid norm 1.958128999537e+00 true resid norm 1.958129092798e+00 ||r(i)||/||b|| 9.988360494138e-05
324 KSP unpreconditioned resid norm 1.955920161627e+00 true resid norm 1.955920071389e+00 ||r(i)||/||b|| 9.977092339118e-05
325 KSP unpreconditioned resid norm 2.015582993555e+00 true resid norm 2.015582890590e+00 ||r(i)||/||b|| 1.028143067333e-04
326 KSP unpreconditioned resid norm 2.080535765066e+00 true resid norm 2.080535951450e+00 ||r(i)||/||b|| 1.061275437893e-04
327 KSP unpreconditioned resid norm 1.812610683870e+00 true resid norm 1.812610384445e+00 ||r(i)||/||b|| 9.246073725090e-05
328 KSP unpreconditioned resid norm 1.803173461996e+00 true resid norm 1.803173546312e+00 ||r(i)||/||b|| 9.197936683695e-05
329 KSP unpreconditioned resid norm 1.720235932211e+00 true resid norm 1.720236088387e+00 ||r(i)||/||b|| 8.774875083074e-05
330 KSP unpreconditioned resid norm 1.617399146730e+00 true resid norm 1.617399326529e+00 ||r(i)||/||b|| 8.250307702269e-05
331 KSP unpreconditioned resid norm 1.593078061234e+00 true resid norm 1.593077941510e+00 ||r(i)||/||b|| 8.126245012953e-05
332 KSP unpreconditioned resid norm 1.541068168056e+00 true resid norm 1.541068269990e+00 ||r(i)||/||b|| 7.860945166156e-05
333 KSP unpreconditioned resid norm 1.488950081934e+00 true resid norm 1.488949821303e+00 ||r(i)||/||b|| 7.595090450145e-05
334 KSP unpreconditioned resid norm 1.425972608697e+00 true resid norm 1.425972472178e+00 ||r(i)||/||b|| 7.273844793595e-05
335 KSP unpreconditioned resid norm 1.312983004163e+00 true resid norm 1.312982736901e+00 ||r(i)||/||b|| 6.697487385781e-05
336 KSP unpreconditioned resid norm 1.310118230724e+00 true resid norm 1.310118573065e+00 ||r(i)||/||b|| 6.682877367981e-05
337 KSP unpreconditioned resid norm 1.227778464139e+00 true resid norm 1.227778107741e+00 ||r(i)||/||b|| 6.262861009541e-05
338 KSP unpreconditioned resid norm 1.161389675506e+00 true resid norm 1.161390052520e+00 ||r(i)||/||b|| 5.924217438750e-05
339 KSP unpreconditioned resid norm 1.093396112836e+00 true resid norm 1.093396153875e+00 ||r(i)||/||b|| 5.577382506588e-05
340 KSP unpreconditioned resid norm 1.066691905207e+00 true resid norm 1.066692100754e+00 ||r(i)||/||b|| 5.441165895430e-05
341 KSP unpreconditioned resid norm 9.756566309716e-01 true resid norm 9.756566032404e-01 ||r(i)||/||b|| 4.976796426495e-05
342 KSP unpreconditioned resid norm 9.928019275669e-01 true resid norm 9.928017757091e-01 ||r(i)||/||b|| 5.064253460856e-05
343 KSP unpreconditioned resid norm 9.681716231833e-01 true resid norm 9.681715496025e-01 ||r(i)||/||b|| 4.938615381983e-05
344 KSP unpreconditioned resid norm 9.577247262507e-01 true resid norm 9.577246818993e-01 ||r(i)||/||b|| 4.885326208640e-05
345 KSP unpreconditioned resid norm 8.585563680931e-01 true resid norm 8.585560786924e-01 ||r(i)||/||b|| 4.379470000193e-05
346 KSP unpreconditioned resid norm 8.368181922528e-01 true resid norm 8.368182997014e-01 ||r(i)||/||b|| 4.268586211324e-05
347 KSP unpreconditioned resid norm 7.896283505013e-01 true resid norm 7.896285051977e-01 ||r(i)||/||b|| 4.027872419328e-05
348 KSP unpreconditioned resid norm 8.273406109355e-01 true resid norm 8.273408424065e-01 ||r(i)||/||b|| 4.220241972746e-05
349 KSP unpreconditioned resid norm 7.972655969380e-01 true resid norm 7.972655652788e-01 ||r(i)||/||b|| 4.066828844359e-05
350 KSP unpreconditioned resid norm 7.574171908112e-01 true resid norm 7.574171864201e-01 ||r(i)||/||b|| 3.863563403581e-05
351 KSP unpreconditioned resid norm 6.664410708089e-01 true resid norm 6.664411367181e-01 ||r(i)||/||b|| 3.399497176232e-05
352 KSP unpreconditioned resid norm 5.894384871390e-01 true resid norm 5.894382789484e-01 ||r(i)||/||b|| 3.006707801256e-05
353 KSP unpreconditioned resid norm 6.070121589707e-01 true resid norm 6.070121681931e-01 ||r(i)||/||b|| 3.096351707629e-05
354 KSP unpreconditioned resid norm 6.353949538828e-01 true resid norm 6.353952199571e-01 ||r(i)||/||b|| 3.241132842839e-05
355 KSP unpreconditioned resid norm 6.165960855622e-01 true resid norm 6.165957509522e-01 ||r(i)||/||b|| 3.145237289164e-05
356 KSP unpreconditioned resid norm 5.988440959580e-01 true resid norm 5.988440917731e-01 ||r(i)||/||b|| 3.054686583441e-05
357 KSP unpreconditioned resid norm 6.104107843963e-01 true resid norm 6.104105504515e-01 ||r(i)||/||b|| 3.113686758325e-05
358 KSP unpreconditioned resid norm 5.382328545534e-01 true resid norm 5.382330809310e-01 ||r(i)||/||b|| 2.745511550788e-05
359 KSP unpreconditioned resid norm 4.869468074388e-01 true resid norm 4.869470054572e-01 ||r(i)||/||b|| 2.483902746728e-05
360 KSP unpreconditioned resid norm 4.401679934421e-01 true resid norm 4.401682082761e-01 ||r(i)||/||b|| 2.245285440317e-05
361 KSP unpreconditioned resid norm 4.519830752185e-01 true resid norm 4.519832903489e-01 ||r(i)||/||b|| 2.305553836025e-05
362 KSP unpreconditioned resid norm 4.278809126980e-01 true resid norm 4.278807090386e-01 ||r(i)||/||b|| 2.182607258165e-05
363 KSP unpreconditioned resid norm 4.367677985573e-01 true resid norm 4.367676804762e-01 ||r(i)||/||b|| 2.227939445275e-05
364 KSP unpreconditioned resid norm 3.904135368731e-01 true resid norm 3.904135138769e-01 ||r(i)||/||b|| 1.991488167317e-05
365 KSP unpreconditioned resid norm 4.141287723491e-01 true resid norm 4.141287908099e-01 ||r(i)||/||b|| 2.112459116626e-05
366 KSP unpreconditioned resid norm 4.042464511725e-01 true resid norm 4.042463678512e-01 ||r(i)||/||b|| 2.062049159780e-05
367 KSP unpreconditioned resid norm 3.876145872477e-01 true resid norm 3.876145385663e-01 ||r(i)||/||b|| 1.977210674317e-05
368 KSP unpreconditioned resid norm 3.987539925066e-01 true resid norm 3.987541607269e-01 ||r(i)||/||b|| 2.034033568332e-05
369 KSP unpreconditioned resid norm 3.699150257330e-01 true resid norm 3.699148752725e-01 ||r(i)||/||b|| 1.886925198117e-05
370 KSP unpreconditioned resid norm 3.559835686066e-01 true resid norm 3.559838002948e-01 ||r(i)||/||b|| 1.815863183125e-05
371 KSP unpreconditioned resid norm 3.105727574142e-01 true resid norm 3.105723303925e-01 ||r(i)||/||b|| 1.584220574055e-05
372 KSP unpreconditioned resid norm 2.762109107732e-01 true resid norm 2.762110030829e-01 ||r(i)||/||b|| 1.408944426283e-05
373 KSP unpreconditioned resid norm 2.707090425254e-01 true resid norm 2.707091693089e-01 ||r(i)||/||b|| 1.380879729570e-05
374 KSP unpreconditioned resid norm 2.694599055211e-01 true resid norm 2.694597377488e-01 ||r(i)||/||b|| 1.374506414920e-05
375 KSP unpreconditioned resid norm 2.568504466665e-01 true resid norm 2.568504239565e-01 ||r(i)||/||b|| 1.310186665929e-05
376 KSP unpreconditioned resid norm 2.463362412934e-01 true resid norm 2.463364052949e-01 ||r(i)||/||b|| 1.256554957467e-05
377 KSP unpreconditioned resid norm 2.398370010266e-01 true resid norm 2.398367756825e-01 ||r(i)||/||b|| 1.223400532723e-05
378 KSP unpreconditioned resid norm 2.224680800814e-01 true resid norm 2.224681267466e-01 ||r(i)||/||b|| 1.134803551295e-05
379 KSP unpreconditioned resid norm 2.035948726394e-01 true resid norm 2.035946201295e-01 ||r(i)||/||b|| 1.038530333879e-05
380 KSP unpreconditioned resid norm 2.051188141657e-01 true resid norm 2.051188175121e-01 ||r(i)||/||b|| 1.046305221131e-05
381 KSP unpreconditioned resid norm 1.995385568888e-01 true resid norm 1.995387217533e-01 ||r(i)||/||b|| 1.017841312272e-05
382 KSP unpreconditioned resid norm 1.979725826177e-01 true resid norm 1.979725932516e-01 ||r(i)||/||b|| 1.009852535581e-05
383 KSP unpreconditioned resid norm 2.046930601137e-01 true resid norm 2.046930368583e-01 ||r(i)||/||b|| 1.044133326194e-05
384 KSP unpreconditioned resid norm 1.749212858946e-01 true resid norm 1.749215517135e-01 ||r(i)||/||b|| 8.922698320225e-06
385 KSP unpreconditioned resid norm 1.712882004206e-01 true resid norm 1.712882195570e-01 ||r(i)||/||b|| 8.737363086161e-06
386 KSP unpreconditioned resid norm 1.731249444838e-01 true resid norm 1.731249373800e-01 ||r(i)||/||b|| 8.831053536953e-06
387 KSP unpreconditioned resid norm 1.527938793920e-01 true resid norm 1.527937010856e-01 ||r(i)||/||b|| 7.793962988904e-06
388 KSP unpreconditioned resid norm 1.511294974115e-01 true resid norm 1.511293218895e-01 ||r(i)||/||b|| 7.709063482176e-06
389 KSP unpreconditioned resid norm 1.478798077730e-01 true resid norm 1.478797728961e-01 ||r(i)||/||b|| 7.543304917486e-06
390 KSP unpreconditioned resid norm 1.392265884067e-01 true resid norm 1.392265002086e-01 ||r(i)||/||b|| 7.101903952787e-06
391 KSP unpreconditioned resid norm 1.407561602569e-01 true resid norm 1.407563671320e-01 ||r(i)||/||b|| 7.179942026964e-06
392 KSP unpreconditioned resid norm 1.300412679584e-01 true resid norm 1.300414923592e-01 ||r(i)||/||b|| 6.633379329572e-06
393 KSP unpreconditioned resid norm 1.307941645004e-01 true resid norm 1.307937967985e-01 ||r(i)||/||b|| 6.671754163837e-06
394 KSP unpreconditioned resid norm 1.192093695831e-01 true resid norm 1.192093702987e-01 ||r(i)||/||b|| 6.080835881566e-06
395 KSP unpreconditioned resid norm 1.309428748205e-01 true resid norm 1.309430948253e-01 ||r(i)||/||b|| 6.679369813482e-06
396 KSP unpreconditioned resid norm 1.131358904427e-01 true resid norm 1.131355254405e-01 ||r(i)||/||b|| 5.771010792648e-06
397 KSP unpreconditioned resid norm 1.152887177109e-01 true resid norm 1.152890095071e-01 ||r(i)||/||b|| 5.880859398926e-06
398 KSP unpreconditioned resid norm 1.130823015769e-01 true resid norm 1.130823887673e-01 ||r(i)||/||b|| 5.768300306149e-06
399 KSP unpreconditioned resid norm 1.146060277562e-01 true resid norm 1.146058915964e-01 ||r(i)||/||b|| 5.846013749693e-06
400 KSP unpreconditioned resid norm 1.185267685266e-01 true resid norm 1.185271457119e-01 ||r(i)||/||b|| 6.046035800533e-06
401 KSP unpreconditioned resid norm 1.261219091042e-01 true resid norm 1.261217801267e-01 ||r(i)||/||b|| 6.433435929741e-06
402 KSP unpreconditioned resid norm 1.040343858932e-01 true resid norm 1.040342053409e-01 ||r(i)||/||b|| 5.306755057610e-06
403 KSP unpreconditioned resid norm 9.168394121326e-02 true resid norm 9.168388692950e-02 ||r(i)||/||b|| 4.676768847999e-06
404 KSP unpreconditioned resid norm 8.348538108159e-02 true resid norm 8.348565770882e-02 ||r(i)||/||b|| 4.258579520386e-06
405 KSP unpreconditioned resid norm 8.274519063896e-02 true resid norm 8.274538504815e-02 ||r(i)||/||b|| 4.220818423704e-06
406 KSP unpreconditioned resid norm 8.371799018822e-02 true resid norm 8.371812803212e-02 ||r(i)||/||b|| 4.270437765084e-06
407 KSP unpreconditioned resid norm 8.549357702871e-02 true resid norm 8.549367424899e-02 ||r(i)||/||b|| 4.361007869748e-06
408 KSP unpreconditioned resid norm 7.903960985901e-02 true resid norm 7.903948947080e-02 ||r(i)||/||b|| 4.031781750298e-06
409 KSP unpreconditioned resid norm 8.100509541847e-02 true resid norm 8.100488020166e-02 ||r(i)||/||b|| 4.132035769321e-06
410 KSP unpreconditioned resid norm 7.462043698197e-02 true resid norm 7.462046626490e-02 ||r(i)||/||b|| 3.806368640535e-06
411 KSP unpreconditioned resid norm 7.671807617090e-02 true resid norm 7.671818382114e-02 ||r(i)||/||b|| 3.913372613071e-06
412 KSP unpreconditioned resid norm 7.242564687400e-02 true resid norm 7.242571700748e-02 ||r(i)||/||b|| 3.694415108677e-06
413 KSP unpreconditioned resid norm 6.778473364163e-02 true resid norm 6.778459840232e-02 ||r(i)||/||b|| 3.457672976124e-06
414 KSP unpreconditioned resid norm 6.563842769417e-02 true resid norm 6.563854130553e-02 ||r(i)||/||b|| 3.348203217451e-06
415 KSP unpreconditioned resid norm 6.145844714355e-02 true resid norm 6.145844310581e-02 ||r(i)||/||b|| 3.134977603914e-06
416 KSP unpreconditioned resid norm 5.993691034280e-02 true resid norm 5.993676271612e-02 ||r(i)||/||b|| 3.057357122481e-06
417 KSP unpreconditioned resid norm 5.895596313342e-02 true resid norm 5.895620540757e-02 ||r(i)||/||b|| 3.007339174640e-06
418 KSP unpreconditioned resid norm 5.141022187074e-02 true resid norm 5.141002414110e-02 ||r(i)||/||b|| 2.622410626666e-06
419 KSP unpreconditioned resid norm 4.991441742405e-02 true resid norm 4.991445511873e-02 ||r(i)||/||b|| 2.546122078612e-06
420 KSP unpreconditioned resid norm 4.790483198924e-02 true resid norm 4.790526586149e-02 ||r(i)||/||b|| 2.443633909287e-06
421 KSP unpreconditioned resid norm 4.695311018070e-02 true resid norm 4.695269071740e-02 ||r(i)||/||b|| 2.395043323651e-06
422 KSP unpreconditioned resid norm 4.455864774723e-02 true resid norm 4.455883620789e-02 ||r(i)||/||b|| 2.272933489833e-06
423 KSP unpreconditioned resid norm 4.167238001992e-02 true resid norm 4.167193679984e-02 ||r(i)||/||b|| 2.125673576767e-06
424 KSP unpreconditioned resid norm 3.992236815216e-02 true resid norm 3.992234830638e-02 ||r(i)||/||b|| 2.036427568149e-06
425 KSP unpreconditioned resid norm 3.877375115469e-02 true resid norm 3.877390596889e-02 ||r(i)||/||b|| 1.977845853001e-06
426 KSP unpreconditioned resid norm 3.799881227360e-02 true resid norm 3.799856548996e-02 ||r(i)||/||b|| 1.938295956941e-06
427 KSP unpreconditioned resid norm 3.768636876420e-02 true resid norm 3.768665523344e-02 ||r(i)||/||b|| 1.922385503971e-06
428 KSP unpreconditioned resid norm 4.055228717247e-02 true resid norm 4.055225149713e-02 ||r(i)||/||b|| 2.068558749738e-06
429 KSP unpreconditioned resid norm 3.870947120213e-02 true resid norm 3.870937531695e-02 ||r(i)||/||b|| 1.974554162904e-06
430 KSP unpreconditioned resid norm 3.700698349757e-02 true resid norm 3.700717959198e-02 ||r(i)||/||b|| 1.887725645851e-06
431 KSP unpreconditioned resid norm 3.485225657134e-02 true resid norm 3.485223629385e-02 ||r(i)||/||b|| 1.777802604590e-06
432 KSP unpreconditioned resid norm 3.373161952013e-02 true resid norm 3.373170871442e-02 ||r(i)||/||b|| 1.720644813267e-06
433 KSP unpreconditioned resid norm 2.863261967744e-02 true resid norm 2.863254780568e-02 ||r(i)||/||b|| 1.460538073821e-06
434 KSP unpreconditioned resid norm 2.478720144981e-02 true resid norm 2.478714665793e-02 ||r(i)||/||b|| 1.264385261171e-06
435 KSP unpreconditioned resid norm 2.536379777511e-02 true resid norm 2.536383859451e-02 ||r(i)||/||b|| 1.293802151906e-06
436 KSP unpreconditioned resid norm 2.534320281153e-02 true resid norm 2.534297901582e-02 ||r(i)||/||b|| 1.292738110763e-06
437 KSP unpreconditioned resid norm 2.475029616190e-02 true resid norm 2.475063667115e-02 ||r(i)||/||b|| 1.262522897189e-06
438 KSP unpreconditioned resid norm 2.349321484190e-02 true resid norm 2.349327849155e-02 ||r(i)||/||b|| 1.198385416089e-06
439 KSP unpreconditioned resid norm 2.344930008681e-02 true resid norm 2.344917709730e-02 ||r(i)||/||b|| 1.196135816582e-06
440 KSP unpreconditioned resid norm 2.295452953625e-02 true resid norm 2.295460345157e-02 ||r(i)||/||b|| 1.170907756376e-06
441 KSP unpreconditioned resid norm 2.210971554643e-02 true resid norm 2.210961780546e-02 ||r(i)||/||b|| 1.127805280259e-06
442 KSP unpreconditioned resid norm 2.299074776675e-02 true resid norm 2.299082784451e-02 ||r(i)||/||b|| 1.172755552299e-06
443 KSP unpreconditioned resid norm 2.374035106708e-02 true resid norm 2.374041559185e-02 ||r(i)||/||b|| 1.210991808886e-06
444 KSP unpreconditioned resid norm 2.039256527319e-02 true resid norm 2.039272988197e-02 ||r(i)||/||b|| 1.040227318362e-06
445 KSP unpreconditioned resid norm 1.905737185205e-02 true resid norm 1.905722833241e-02 ||r(i)||/||b|| 9.721037663112e-07
446 KSP unpreconditioned resid norm 1.805885261934e-02 true resid norm 1.805913686830e-02 ||r(i)||/||b|| 9.211914062105e-07
447 KSP unpreconditioned resid norm 1.714215325990e-02 true resid norm 1.714211254420e-02 ||r(i)||/||b|| 8.744142577336e-07
448 KSP unpreconditioned resid norm 1.476256664758e-02 true resid norm 1.476272992222e-02 ||r(i)||/||b|| 7.530426307599e-07
449 KSP unpreconditioned resid norm 1.502350783715e-02 true resid norm 1.502338378865e-02 ||r(i)||/||b|| 7.663385099316e-07
450 KSP unpreconditioned resid norm 1.471698940601e-02 true resid norm 1.471705307859e-02 ||r(i)||/||b|| 7.507126680312e-07
451 KSP unpreconditioned resid norm 1.378480034413e-02 true resid norm 1.378481941585e-02 ||r(i)||/||b|| 7.031596955408e-07
452 KSP unpreconditioned resid norm 1.402981951377e-02 true resid norm 1.402981089533e-02 ||r(i)||/||b|| 7.156566408344e-07
453 KSP unpreconditioned resid norm 1.392822587936e-02 true resid norm 1.392820586395e-02 ||r(i)||/||b|| 7.104737972457e-07
454 KSP unpreconditioned resid norm 1.448706612585e-02 true resid norm 1.448712798536e-02 ||r(i)||/||b|| 7.389842547906e-07
455 KSP unpreconditioned resid norm 1.379890363956e-02 true resid norm 1.379932425036e-02 ||r(i)||/||b|| 7.038995830004e-07
456 KSP unpreconditioned resid norm 1.373533888998e-02 true resid norm 1.373497179647e-02 ||r(i)||/||b|| 7.006169827339e-07
457 KSP unpreconditioned resid norm 1.266425624673e-02 true resid norm 1.266445967108e-02 ||r(i)||/||b|| 6.460104654157e-07
458 KSP unpreconditioned resid norm 1.181450508755e-02 true resid norm 1.181443168964e-02 ||r(i)||/||b|| 6.026507812153e-07
459 KSP unpreconditioned resid norm 1.142204651056e-02 true resid norm 1.142189811756e-02 ||r(i)||/||b|| 5.826277559797e-07
460 KSP unpreconditioned resid norm 1.074833472468e-02 true resid norm 1.074859089873e-02 ||r(i)||/||b|| 5.482825473327e-07
461 KSP unpreconditioned resid norm 9.291545509688e-03 true resid norm 9.291533939295e-03 ||r(i)||/||b|| 4.739584885928e-07
462 KSP unpreconditioned resid norm 8.898045630451e-03 true resid norm 8.897914487377e-03 ||r(i)||/||b|| 4.538800729372e-07
463 KSP unpreconditioned resid norm 9.069889770398e-03 true resid norm 9.069832045181e-03 ||r(i)||/||b|| 4.626495383873e-07
464 KSP unpreconditioned resid norm 8.681725696265e-03 true resid norm 8.682008074830e-03 ||r(i)||/||b|| 4.428667485887e-07
465 KSP unpreconditioned resid norm 8.306578611422e-03 true resid norm 8.306528520503e-03 ||r(i)||/||b|| 4.237136439206e-07
466 KSP unpreconditioned resid norm 8.591936235653e-03 true resid norm 8.592026969610e-03 ||r(i)||/||b|| 4.382768381486e-07
467 KSP unpreconditioned resid norm 7.817693635649e-03 true resid norm 7.817576010766e-03 ||r(i)||/||b|| 3.987723162537e-07
468 KSP unpreconditioned resid norm 7.229588237930e-03 true resid norm 7.229875941616e-03 ||r(i)||/||b|| 3.687939038258e-07
469 KSP unpreconditioned resid norm 7.100856452874e-03 true resid norm 7.100559623505e-03 ||r(i)||/||b|| 3.621975154271e-07
470 KSP unpreconditioned resid norm 6.898410642611e-03 true resid norm 6.898629803855e-03 ||r(i)||/||b|| 3.518971330846e-07
471 KSP unpreconditioned resid norm 6.242105170202e-03 true resid norm 6.242354764428e-03 ||r(i)||/||b|| 3.184207310373e-07
472 KSP unpreconditioned resid norm 6.265502801132e-03 true resid norm 6.265288808801e-03 ||r(i)||/||b|| 3.195905900810e-07
473 KSP unpreconditioned resid norm 6.023927755450e-03 true resid norm 6.024161603423e-03 ||r(i)||/||b|| 3.072907603041e-07
474 KSP unpreconditioned resid norm 6.431307345586e-03 true resid norm 6.430990156548e-03 ||r(i)||/||b|| 3.280429684341e-07
475 KSP unpreconditioned resid norm 6.210113438122e-03 true resid norm 6.210133043908e-03 ||r(i)||/||b|| 3.167771102900e-07
476 KSP unpreconditioned resid norm 5.672769179182e-03 true resid norm 5.672520896541e-03 ||r(i)||/||b|| 2.893536684256e-07
477 KSP unpreconditioned resid norm 5.385097460442e-03 true resid norm 5.385118284340e-03 ||r(i)||/||b|| 2.746933433828e-07
478 KSP unpreconditioned resid norm 5.321731444732e-03 true resid norm 5.321985174826e-03 ||r(i)||/||b|| 2.714729415244e-07
479 KSP unpreconditioned resid norm 5.040549449052e-03 true resid norm 5.040690587476e-03 ||r(i)||/||b|| 2.571241850821e-07
480 KSP unpreconditioned resid norm 4.772168296186e-03 true resid norm 4.772165011180e-03 ||r(i)||/||b|| 2.434267722414e-07
481 KSP unpreconditioned resid norm 4.771225678946e-03 true resid norm 4.771084668630e-03 ||r(i)||/||b|| 2.433716642770e-07
482 KSP unpreconditioned resid norm 4.165282180997e-03 true resid norm 4.164978390866e-03 ||r(i)||/||b|| 2.124543564124e-07
483 KSP unpreconditioned resid norm 4.488111667974e-03 true resid norm 4.488267504805e-03 ||r(i)||/||b|| 2.289452416442e-07
484 KSP unpreconditioned resid norm 4.055764854222e-03 true resid norm 4.055563394135e-03 ||r(i)||/||b|| 2.068731287250e-07
485 KSP unpreconditioned resid norm 3.846192725000e-03 true resid norm 3.846689142536e-03 ||r(i)||/||b|| 1.962185128951e-07
486 KSP unpreconditioned resid norm 3.926139350752e-03 true resid norm 3.925961623758e-03 ||r(i)||/||b|| 2.002621794880e-07
487 KSP unpreconditioned resid norm 3.429133896723e-03 true resid norm 3.429068699722e-03 ||r(i)||/||b|| 1.749158135588e-07
488 KSP unpreconditioned resid norm 3.441685663844e-03 true resid norm 3.441758616639e-03 ||r(i)||/||b|| 1.755631225911e-07
489 KSP unpreconditioned resid norm 3.465939128752e-03 true resid norm 3.465965720545e-03 ||r(i)||/||b|| 1.767979200374e-07
490 KSP unpreconditioned resid norm 3.267311592780e-03 true resid norm 3.267331587317e-03 ||r(i)||/||b|| 1.666656497166e-07
491 KSP unpreconditioned resid norm 3.213477277717e-03 true resid norm 3.213774438968e-03 ||r(i)||/||b|| 1.639337148982e-07
492 KSP unpreconditioned resid norm 2.826858586222e-03 true resid norm 2.826801561734e-03 ||r(i)||/||b|| 1.441943391161e-07
493 KSP unpreconditioned resid norm 2.797552844382e-03 true resid norm 2.797939237622e-03 ||r(i)||/||b|| 1.427220802186e-07
494 KSP unpreconditioned resid norm 2.529750606235e-03 true resid norm 2.529529527165e-03 ||r(i)||/||b|| 1.290305776612e-07
495 KSP unpreconditioned resid norm 2.578884412809e-03 true resid norm 2.579245088057e-03 ||r(i)||/||b|| 1.315665542022e-07
496 KSP unpreconditioned resid norm 2.390560642086e-03 true resid norm 2.390096300562e-03 ||r(i)||/||b|| 1.219181286542e-07
497 KSP unpreconditioned resid norm 2.140908857070e-03 true resid norm 2.140977028121e-03 ||r(i)||/||b|| 1.092106258224e-07
498 KSP unpreconditioned resid norm 2.082635042183e-03 true resid norm 2.082413525637e-03 ||r(i)||/||b|| 1.062233183115e-07
499 KSP unpreconditioned resid norm 2.050417348115e-03 true resid norm 2.050405655267e-03 ||r(i)||/||b|| 1.045906059991e-07
500 KSP unpreconditioned resid norm 2.176164518749e-03 true resid norm 2.176139666477e-03 ||r(i)||/||b|| 1.110042619474e-07
501 KSP unpreconditioned resid norm 2.153682866563e-03 true resid norm 2.153911136534e-03 ||r(i)||/||b|| 1.098703909930e-07
502 KSP unpreconditioned resid norm 2.375981770973e-03 true resid norm 2.376015221393e-03 ||r(i)||/||b|| 1.211998568334e-07
503 KSP unpreconditioned resid norm 2.027303128305e-03 true resid norm 2.027544233925e-03 ||r(i)||/||b|| 1.034244514356e-07
504 KSP unpreconditioned resid norm 1.870067535920e-03 true resid norm 1.870211528737e-03 ||r(i)||/||b|| 9.539895514564e-08
505 KSP unpreconditioned resid norm 1.639409157965e-03 true resid norm 1.639658652284e-03 ||r(i)||/||b|| 8.363851886263e-08
506 KSP unpreconditioned resid norm 1.574999923834e-03 true resid norm 1.574943431051e-03 ||r(i)||/||b|| 8.033741393799e-08
507 KSP unpreconditioned resid norm 1.594547719688e-03 true resid norm 1.594554485420e-03 ||r(i)||/||b|| 8.133776821201e-08
508 KSP unpreconditioned resid norm 1.617839025224e-03 true resid norm 1.618372409612e-03 ||r(i)||/||b|| 8.255271371245e-08
509 KSP unpreconditioned resid norm 1.499547583681e-03 true resid norm 1.499025472374e-03 ||r(i)||/||b|| 7.646486058066e-08
510 KSP unpreconditioned resid norm 1.437582840003e-03 true resid norm 1.438020532554e-03 ||r(i)||/||b|| 7.335301604962e-08
511 KSP unpreconditioned resid norm 1.227725698851e-03 true resid norm 1.227794536978e-03 ||r(i)||/||b|| 6.262944814608e-08
512 KSP unpreconditioned resid norm 1.327686056399e-03 true resid norm 1.327876703184e-03 ||r(i)||/||b|| 6.773461081784e-08
513 KSP unpreconditioned resid norm 1.313560376096e-03 true resid norm 1.313646058448e-03 ||r(i)||/||b|| 6.700870970019e-08
514 KSP unpreconditioned resid norm 1.282948686564e-03 true resid norm 1.282859867667e-03 ||r(i)||/||b|| 6.543831491424e-08
515 KSP unpreconditioned resid norm 1.300129078198e-03 true resid norm 1.300042217386e-03 ||r(i)||/||b|| 6.631478165873e-08
516 KSP unpreconditioned resid norm 1.178481683577e-03 true resid norm 1.178691193523e-03 ||r(i)||/||b|| 6.012470064144e-08
517 KSP unpreconditioned resid norm 1.146265918769e-03 true resid norm 1.146350409445e-03 ||r(i)||/||b|| 5.847500649604e-08
518 KSP unpreconditioned resid norm 1.041859394029e-03 true resid norm 1.042325889522e-03 ||r(i)||/||b|| 5.316874548881e-08
519 KSP unpreconditioned resid norm 9.202163553542e-04 true resid norm 9.202574582756e-04 ||r(i)||/||b|| 4.694206972608e-08
520 KSP unpreconditioned resid norm 8.662331343615e-04 true resid norm 8.667284899423e-04 ||r(i)||/||b|| 4.421157236224e-08
521 KSP unpreconditioned resid norm 8.353746356091e-04 true resid norm 8.351620220191e-04 ||r(i)||/||b|| 4.260137586242e-08
522 KSP unpreconditioned resid norm 7.989831184412e-04 true resid norm 7.992773130876e-04 ||r(i)||/||b|| 4.077090712390e-08
523 KSP unpreconditioned resid norm 8.633247425665e-04 true resid norm 8.635803812747e-04 ||r(i)||/||b|| 4.405098823956e-08
524 KSP unpreconditioned resid norm 8.100363626396e-04 true resid norm 8.102738542730e-04 ||r(i)||/||b|| 4.133183754443e-08
525 KSP unpreconditioned resid norm 7.540399870813e-04 true resid norm 7.542430453418e-04 ||r(i)||/||b|| 3.847372200730e-08
526 KSP unpreconditioned resid norm 7.434463661991e-04 true resid norm 7.436938142147e-04 ||r(i)||/||b|| 3.793560874490e-08
527 KSP unpreconditioned resid norm 7.096645192337e-04 true resid norm 7.096454848849e-04 ||r(i)||/||b|| 3.619881320460e-08
528 KSP unpreconditioned resid norm 7.047432644592e-04 true resid norm 7.045160861780e-04 ||r(i)||/||b|| 3.593716404372e-08
529 KSP unpreconditioned resid norm 6.865788708714e-04 true resid norm 6.873149957986e-04 ||r(i)||/||b|| 3.505974134348e-08
530 KSP unpreconditioned resid norm 6.873648241355e-04 true resid norm 6.871760181575e-04 ||r(i)||/||b|| 3.505265213376e-08
531 KSP unpreconditioned resid norm 5.908611051368e-04 true resid norm 5.912400565420e-04 ||r(i)||/||b|| 3.015898617225e-08
532 KSP unpreconditioned resid norm 5.796940870284e-04 true resid norm 5.798992681979e-04 ||r(i)||/||b|| 2.958049580261e-08
533 KSP unpreconditioned resid norm 5.524529205870e-04 true resid norm 5.524642123871e-04 ||r(i)||/||b|| 2.818104145293e-08
534 KSP unpreconditioned resid norm 5.709767706207e-04 true resid norm 5.716898702496e-04 ||r(i)||/||b|| 2.916173676140e-08
535 KSP unpreconditioned resid norm 5.361913361375e-04 true resid norm 5.361721237052e-04 ||r(i)||/||b|| 2.734998666928e-08
536 KSP unpreconditioned resid norm 4.950812050455e-04 true resid norm 4.958396907315e-04 ||r(i)||/||b|| 2.529264079955e-08
537 KSP unpreconditioned resid norm 5.240271390864e-04 true resid norm 5.235852363836e-04 ||r(i)||/||b|| 2.670793314723e-08
538 KSP unpreconditioned resid norm 5.494400168542e-04 true resid norm 5.501168520007e-04 ||r(i)||/||b|| 2.806130327104e-08
539 KSP unpreconditioned resid norm 4.902869693535e-04 true resid norm 4.908901212232e-04 ||r(i)||/||b|| 2.504016467466e-08
540 KSP unpreconditioned resid norm 4.705236992422e-04 true resid norm 4.705938438799e-04 ||r(i)||/||b|| 2.400485737270e-08
541 KSP unpreconditioned resid norm 4.482665048718e-04 true resid norm 4.491395213817e-04 ||r(i)||/||b|| 2.291047851863e-08
542 KSP unpreconditioned resid norm 4.174360828880e-04 true resid norm 4.175890914814e-04 ||r(i)||/||b|| 2.130110011376e-08
543 KSP unpreconditioned resid norm 4.061887980470e-04 true resid norm 4.060794940493e-04 ||r(i)||/||b|| 2.071399884083e-08
544 KSP unpreconditioned resid norm 3.805865598900e-04 true resid norm 3.815413619883e-04 ||r(i)||/||b|| 1.946231574303e-08
545 KSP unpreconditioned resid norm 3.680334768520e-04 true resid norm 3.681587924453e-04 ||r(i)||/||b|| 1.877967469844e-08
546 KSP unpreconditioned resid norm 3.784426666482e-04 true resid norm 3.787486250278e-04 ||r(i)||/||b|| 1.931985902948e-08
547 KSP unpreconditioned resid norm 3.752930232592e-04 true resid norm 3.758797197580e-04 ||r(i)||/||b|| 1.917351699226e-08
548 KSP unpreconditioned resid norm 3.710678564571e-04 true resid norm 3.709958596917e-04 ||r(i)||/||b|| 1.892439268720e-08
549 KSP unpreconditioned resid norm 3.325533133037e-04 true resid norm 3.335825364834e-04 ||r(i)||/||b|| 1.701594977165e-08
550 KSP unpreconditioned resid norm 3.155512418923e-04 true resid norm 3.155102101125e-04 ||r(i)||/||b|| 1.609408557268e-08
551 KSP unpreconditioned resid norm 3.099718617262e-04 true resid norm 3.105576861078e-04 ||r(i)||/||b|| 1.584145873977e-08
552 KSP unpreconditioned resid norm 2.871067002473e-04 true resid norm 2.875167216842e-04 ||r(i)||/||b|| 1.466614573491e-08
553 KSP unpreconditioned resid norm 2.721772425495e-04 true resid norm 2.729763504502e-04 ||r(i)||/||b|| 1.392444555724e-08
554 KSP unpreconditioned resid norm 2.657692815119e-04 true resid norm 2.657884701769e-04 ||r(i)||/||b|| 1.355779384044e-08
555 KSP unpreconditioned resid norm 2.767673498173e-04 true resid norm 2.775373248462e-04 ||r(i)||/||b|| 1.415709955661e-08
556 KSP unpreconditioned resid norm 2.575014524217e-04 true resid norm 2.581357611776e-04 ||r(i)||/||b|| 1.316743134329e-08
557 KSP unpreconditioned resid norm 2.268748126959e-04 true resid norm 2.276538448611e-04 ||r(i)||/||b|| 1.161255751070e-08
558 KSP unpreconditioned resid norm 2.248834119262e-04 true resid norm 2.256655517289e-04 ||r(i)||/||b|| 1.151113524674e-08
559 KSP unpreconditioned resid norm 2.271955095614e-04 true resid norm 2.276164597137e-04 ||r(i)||/||b|| 1.161065050503e-08
560 KSP unpreconditioned resid norm 2.204516508350e-04 true resid norm 2.215100572108e-04 ||r(i)||/||b|| 1.129916465996e-08
561 KSP unpreconditioned resid norm 1.871574013660e-04 true resid norm 1.875919234430e-04 ||r(i)||/||b|| 9.569010358045e-09
>>>> ksp solve time: 1.62296 (s)
            || b ||_2 = 1.9604109142303623e+04
|| r ||_2 / || b ||_2 = 9.5690103580453476e-09
