Config file: ../input/config/mla_v_cycle-refine3.json
order_rbm = 2
angle_type = 1
==== basic information of linear system ====
matrix Row = 73482, matrix Column = 73482
matrix nz_allocated = 1513726, matrix nz_used = 1513726, matrix nz_unneeded = 0
vector Row = 73482
initial     || b ||_2 = 3.6456789914864107e-01
>>>>local_vec_size = 18366
>>>>~~~~ local_mat_m = 18366, local_mat_n = 18366
>>>>local_vec_size = 18372
>>>>~~~~ local_mat_m = 18372, local_mat_n = 18372
>>>>local_vec_size = 18372
>>>>~~~~ local_mat_m = 18372, local_mat_n = 18372
>>>>local_vec_size = 18372
>>>>~~~~ local_mat_m = 18372, local_mat_n = 18372
            || b ||_2 = 3.6456789914864107e-01
|| r ||_2 / || b ||_2 = 1.0000000000000000e+00
[ 12247    72068  3061  3062] [12248] [ 0.000] [ 0.000]
nvtxs:      12247, cut:    20792, balance: 1.200 
	[0 0], [0.0003], [4 15 13]
	[0 1], [0.0003], [5 19 16]
		cut: 20784
	[1 0], [0.0003], [1 4 3]
	[1 1], [0.0003], [3 11 10]
		cut: 20783
	[2 0], [0.0003], [0 0 0]
	[2 1], [0.0003], [0 0 0]
		cut: 20783
      Setup: Max:   0.001, Sum:   0.003, Balance:   1.000
   InitPart: Max:   0.134, Sum:   0.536, Balance:   1.000
 Initialize: Max:   0.001, Sum:   0.003, Balance:   1.001
      K-way: Max:   0.002, Sum:   0.007, Balance:   1.000
      Total: Max:   0.138, Sum:   0.551, Balance:   1.000
       Aux1: Max:   0.001, Sum:   0.002, Balance:   1.000
Final 3061-way Cut:  20783 	Balance: 1.250 
Partitioning a graph of size 3061 serially
      Setup: Max:   0.000, Sum:   0.000, Balance:   1.008
      Remap: Max:   0.000, Sum:   0.000, Balance:   1.000
      Total: Max:   0.112, Sum:   0.447, Balance:   1.000
       Aux1: Max:   0.000, Sum:   0.000, Balance:   1.035
Final 765-way Cut:   4984 	Balance: 1.250 
Partitioning a graph of size 765 serially
      Setup: Max:   0.000, Sum:   0.000, Balance:   1.010
      Remap: Max:   0.000, Sum:   0.000, Balance:   1.333
      Total: Max:   0.026, Sum:   0.105, Balance:   1.000
       Aux1: Max:   0.000, Sum:   0.000, Balance:   1.394
Final 191-way Cut:   1215 	Balance: 1.248 
Partitioning a graph of size 191 serially
      Setup: Max:   0.000, Sum:   0.000, Balance:   1.018
      Remap: Max:   0.000, Sum:   0.000, Balance:   2.000
      Total: Max:   0.006, Sum:   0.025, Balance:   1.000
       Aux1: Max:   0.000, Sum:   0.000, Balance:   1.238
Final  47-way Cut:    243 	Balance: 1.230 
Partitioning a graph of size 47 serially
      Setup: Max:   0.000, Sum:   0.000, Balance:   1.079
      Remap: Max:   0.000, Sum:   0.000, Balance:   2.000
      Total: Max:   0.001, Sum:   0.004, Balance:   1.000
       Aux1: Max:   0.000, Sum:   0.000, Balance:   1.212
Final  11-way Cut:     32 	Balance: 1.170 


>>>>nodes in level 3 is 47, less than 100, setup DONE!>>>>


>>>> mla setup time: 0.606832 (s)
KSP Object: (mg_coarse_) 4 MPI processes
  type: preonly
  maximum iterations=10000, initial guess is zero
  tolerances: relative=1e-05, absolute=1e-50, divergence=10000.
  left preconditioning
  using DEFAULT norm type for convergence test
PC Object: (mg_coarse_) 4 MPI processes
  type: redundant
  PC has not been set up so information may be incomplete
    Not yet setup
  linear system matrix = precond matrix:
  Mat Object: 4 MPI processes
    type: mpiaij
    rows=423, cols=423
    total: nonzeros=18873, allocated nonzeros=18873
    total number of mallocs used during MatSetValues calls=0
      using nonscalable MatPtAP() implementation
      using I-node (on process 0) routines: found 24 nodes, limit used is 5
KSP Object: (mg_levels_1_) 4 MPI processes
  type: chebyshev
    Chebyshev polynomial of first kind
    eigenvalue targets used: min 0., max 0.
  maximum iterations=5, initial guess is zero
  tolerances: relative=1e-05, absolute=1e-50, divergence=10000.
  left preconditioning
  using NONE norm type for convergence test
PC Object: (mg_levels_1_) 4 MPI processes
  type: sor
  PC has not been set up so information may be incomplete
    type = local_symmetric, iterations = 1, local iterations = 1, omega = 1.
  linear system matrix = precond matrix:
  Mat Object: 4 MPI processes
    type: mpiaij
    rows=1719, cols=1719
    total: nonzeros=93393, allocated nonzeros=93393
    total number of mallocs used during MatSetValues calls=0
      using I-node (on process 0) routines: found 96 nodes, limit used is 5
KSP Object: (mg_levels_2_) 4 MPI processes
  type: chebyshev
    Chebyshev polynomial of first kind
    eigenvalue targets used: min 0., max 0.
  maximum iterations=5, initial guess is zero
  tolerances: relative=1e-05, absolute=1e-50, divergence=10000.
  left preconditioning
  using NONE norm type for convergence test
PC Object: (mg_levels_2_) 4 MPI processes
  type: sor
  PC has not been set up so information may be incomplete
    type = local_symmetric, iterations = 1, local iterations = 1, omega = 1.
  linear system matrix = precond matrix:
  Mat Object: 4 MPI processes
    type: mpiaij
    rows=6885, cols=6885
    total: nonzeros=404433, allocated nonzeros=404433
    total number of mallocs used during MatSetValues calls=0
      using I-node (on process 0) routines: found 384 nodes, limit used is 5
KSP Object: (mg_levels_3_) 4 MPI processes
  type: chebyshev
    Chebyshev polynomial of first kind
    eigenvalue targets used: min 0., max 0.
  maximum iterations=5, initial guess is zero
  tolerances: relative=1e-05, absolute=1e-50, divergence=10000.
  left preconditioning
  using NONE norm type for convergence test
PC Object: (mg_levels_3_) 4 MPI processes
  type: sor
  PC has not been set up so information may be incomplete
    type = local_symmetric, iterations = 1, local iterations = 1, omega = 1.
  linear system matrix = precond matrix:
  Mat Object: 4 MPI processes
    type: mpiaij
    rows=27549, cols=27549
    total: nonzeros=1675323, allocated nonzeros=1675323
    total number of mallocs used during MatSetValues calls=0
      using I-node (on process 0) routines: found 1532 nodes, limit used is 5
KSP Object: (mg_levels_4_) 4 MPI processes
  type: chebyshev
    Chebyshev polynomial of first kind
    eigenvalue targets used: min 0., max 0.
  maximum iterations=5, initial guess is zero
  tolerances: relative=1e-05, absolute=1e-50, divergence=10000.
  left preconditioning
  using NONE norm type for convergence test
PC Object: (mg_levels_4_) 4 MPI processes
  type: sor
  PC has not been set up so information may be incomplete
    type = local_symmetric, iterations = 1, local iterations = 1, omega = 1.
  linear system matrix = precond matrix:
  Mat Object: 4 MPI processes
    type: mpiaij
    rows=73482, cols=73482
    total: nonzeros=1513726, allocated nonzeros=1513726
    total number of mallocs used during MatSetValues calls=0
      using I-node (on process 0) routines: found 9289 nodes, limit used is 5
  0 KSP unpreconditioned resid norm 3.645678991486e-01 true resid norm 3.645678991486e-01 ||r(i)||/||b|| 1.000000000000e+00
  1 KSP unpreconditioned resid norm 6.073481918783e+01 true resid norm 6.073481918783e+01 ||r(i)||/||b|| 1.665939851799e+02
  2 KSP unpreconditioned resid norm 9.449337811569e+01 true resid norm 9.449337811568e+01 ||r(i)||/||b|| 2.591928097245e+02
  3 KSP unpreconditioned resid norm 3.907815563437e+01 true resid norm 3.907815563437e+01 ||r(i)||/||b|| 1.071903360818e+02
  4 KSP unpreconditioned resid norm 2.362886784708e+01 true resid norm 2.362886784707e+01 ||r(i)||/||b|| 6.481335274514e+01
  5 KSP unpreconditioned resid norm 1.298044796287e+01 true resid norm 1.298044796287e+01 ||r(i)||/||b|| 3.560502170702e+01
  6 KSP unpreconditioned resid norm 9.532255181292e+00 true resid norm 9.532255181293e+00 ||r(i)||/||b|| 2.614672110066e+01
  7 KSP unpreconditioned resid norm 5.452507763022e+00 true resid norm 5.452507763024e+00 ||r(i)||/||b|| 1.495608301158e+01
  8 KSP unpreconditioned resid norm 3.994710257701e+00 true resid norm 3.994710257698e+00 ||r(i)||/||b|| 1.095738343125e+01
  9 KSP unpreconditioned resid norm 2.646617275494e+00 true resid norm 2.646617275496e+00 ||r(i)||/||b|| 7.259600424712e+00
 10 KSP unpreconditioned resid norm 1.641325268751e+00 true resid norm 1.641325268748e+00 ||r(i)||/||b|| 4.502111328456e+00
 11 KSP unpreconditioned resid norm 1.094803004849e+00 true resid norm 1.094803004852e+00 ||r(i)||/||b|| 3.003015370822e+00
 12 KSP unpreconditioned resid norm 6.772235213691e-01 true resid norm 6.772235213684e-01 ||r(i)||/||b|| 1.857606012350e+00
 13 KSP unpreconditioned resid norm 4.843779128556e-01 true resid norm 4.843779128627e-01 ||r(i)||/||b|| 1.328635664286e+00
 14 KSP unpreconditioned resid norm 3.132490809592e-01 true resid norm 3.132490809558e-01 ||r(i)||/||b|| 8.592338537960e-01
 15 KSP unpreconditioned resid norm 2.031718432940e-01 true resid norm 2.031718432979e-01 ||r(i)||/||b|| 5.572949340092e-01
 16 KSP unpreconditioned resid norm 1.502903358237e-01 true resid norm 1.502903358172e-01 ||r(i)||/||b|| 4.122423728699e-01
 17 KSP unpreconditioned resid norm 9.051513828901e-02 true resid norm 9.051513829005e-02 ||r(i)||/||b|| 2.482806042480e-01
 18 KSP unpreconditioned resid norm 6.483214080717e-02 true resid norm 6.483214080941e-02 ||r(i)||/||b|| 1.778328288388e-01
 19 KSP unpreconditioned resid norm 4.271225161077e-02 true resid norm 4.271225161857e-02 ||r(i)||/||b|| 1.171585642025e-01
 20 KSP unpreconditioned resid norm 2.875892816932e-02 true resid norm 2.875892816447e-02 ||r(i)||/||b|| 7.888497103455e-02
 21 KSP unpreconditioned resid norm 2.036068687673e-02 true resid norm 2.036068688436e-02 ||r(i)||/||b|| 5.584881974498e-02
 22 KSP unpreconditioned resid norm 1.282657093376e-02 true resid norm 1.282657092387e-02 ||r(i)||/||b|| 3.518294110322e-02
 23 KSP unpreconditioned resid norm 9.181345612541e-03 true resid norm 9.181345620268e-03 ||r(i)||/||b|| 2.518418555695e-02
 24 KSP unpreconditioned resid norm 6.107556808612e-03 true resid norm 6.107556802602e-03 ||r(i)||/||b|| 1.675286501325e-02
 25 KSP unpreconditioned resid norm 4.206318327228e-03 true resid norm 4.206318334851e-03 ||r(i)||/||b|| 1.153781872917e-02
 26 KSP unpreconditioned resid norm 2.869482081360e-03 true resid norm 2.869482069466e-03 ||r(i)||/||b|| 7.870912595889e-03
 27 KSP unpreconditioned resid norm 1.870241705219e-03 true resid norm 1.870241707980e-03 ||r(i)||/||b|| 5.130023000783e-03
 28 KSP unpreconditioned resid norm 1.252918880724e-03 true resid norm 1.252918862707e-03 ||r(i)||/||b|| 3.436722941413e-03
 29 KSP unpreconditioned resid norm 8.278103118857e-04 true resid norm 8.278103215215e-04 ||r(i)||/||b|| 2.270661578967e-03
 30 KSP unpreconditioned resid norm 6.599147516123e-04 true resid norm 6.599147423699e-04 ||r(i)||/||b|| 1.810128494338e-03
 31 KSP unpreconditioned resid norm 5.283453629293e-04 true resid norm 5.283453792386e-04 ||r(i)||/||b|| 1.449237249008e-03
 32 KSP unpreconditioned resid norm 2.507655079712e-04 true resid norm 2.507654802397e-04 ||r(i)||/||b|| 6.878430076407e-04
 33 KSP unpreconditioned resid norm 1.032287780466e-04 true resid norm 1.032287865723e-04 ||r(i)||/||b|| 2.831538015643e-04
 34 KSP unpreconditioned resid norm 4.636485285023e-05 true resid norm 4.636484670249e-05 ||r(i)||/||b|| 1.271775348591e-04
 35 KSP unpreconditioned resid norm 4.732598871825e-05 true resid norm 4.732600636396e-05 ||r(i)||/||b|| 1.298139701122e-04
 36 KSP unpreconditioned resid norm 4.255623083489e-05 true resid norm 4.255623081247e-05 ||r(i)||/||b|| 1.167306033029e-04
 37 KSP unpreconditioned resid norm 2.112267822016e-05 true resid norm 2.112267996617e-05 ||r(i)||/||b|| 5.793894639516e-05
 38 KSP unpreconditioned resid norm 1.313870693084e-05 true resid norm 1.313868764712e-05 ||r(i)||/||b|| 3.603906893011e-05
 39 KSP unpreconditioned resid norm 1.086613564620e-05 true resid norm 1.086614511931e-05 ||r(i)||/||b|| 2.980554553673e-05
 40 KSP unpreconditioned resid norm 5.692416526838e-06 true resid norm 5.692403707162e-06 ||r(i)||/||b|| 1.561411117231e-05
 41 KSP unpreconditioned resid norm 2.954140136145e-06 true resid norm 2.954152480790e-06 ||r(i)||/||b|| 8.103161270340e-06
 42 KSP unpreconditioned resid norm 2.433806101562e-06 true resid norm 2.433799403509e-06 ||r(i)||/||b|| 6.675846691914e-06
 43 KSP unpreconditioned resid norm 1.326813271876e-06 true resid norm 1.326839581905e-06 ||r(i)||/||b|| 3.639485497773e-06
 44 KSP unpreconditioned resid norm 6.389072268908e-07 true resid norm 6.389171770558e-07 ||r(i)||/||b|| 1.752532734088e-06
 45 KSP unpreconditioned resid norm 5.263499438376e-07 true resid norm 5.263845051755e-07 ||r(i)||/||b|| 1.443858623880e-06
 46 KSP unpreconditioned resid norm 3.718573179221e-07 true resid norm 3.718754357615e-07 ||r(i)||/||b|| 1.020044377549e-06
 47 KSP unpreconditioned resid norm 1.863658780766e-07 true resid norm 1.864534256280e-07 ||r(i)||/||b|| 5.114367613368e-07
 48 KSP unpreconditioned resid norm 1.532527427960e-07 true resid norm 1.533109973893e-07 ||r(i)||/||b|| 4.205279667995e-07
 49 KSP unpreconditioned resid norm 9.508327531503e-08 true resid norm 9.523940301928e-08 ||r(i)||/||b|| 2.612391360888e-07
 50 KSP unpreconditioned resid norm 4.890754825565e-08 true resid norm 4.918642108406e-08 ||r(i)||/||b|| 1.349170379480e-07
 51 KSP unpreconditioned resid norm 3.550363462545e-08 true resid norm 3.591969589921e-08 ||r(i)||/||b|| 9.852676547521e-08
 52 KSP unpreconditioned resid norm 2.273882195827e-08 true resid norm 2.336366400919e-08 ||r(i)||/||b|| 6.408590570850e-08
 53 KSP unpreconditioned resid norm 1.548812063003e-08 true resid norm 1.639284642620e-08 ||r(i)||/||b|| 4.496513945545e-08
 54 KSP unpreconditioned resid norm 1.067470543835e-08 true resid norm 1.196966478174e-08 ||r(i)||/||b|| 3.283247046625e-08
 55 KSP unpreconditioned resid norm 6.494585943229e-09 true resid norm 8.502786705605e-09 ||r(i)||/||b|| 2.332291659650e-08
 56 KSP unpreconditioned resid norm 3.714474068978e-09 true resid norm 6.642725008665e-09 ||r(i)||/||b|| 1.822081709382e-08
 57 KSP unpreconditioned resid norm 2.028883749671e-09 true resid norm 5.941065551658e-09 ||r(i)||/||b|| 1.629618396335e-08
>>>> ksp solve time: 5.80274 (s)
            || b ||_2 = 3.6456789914864107e-01
|| r ||_2 / || b ||_2 = 1.6296183963348184e-08
