Config file: ../input/config/mla_v_cycle-refine2.json
order_rbm = 2
angle_type = 1
==== basic information of linear system ====
matrix Row = 19158, matrix Column = 19158
matrix nz_allocated = 387515, matrix nz_used = 387515, matrix nz_unneeded = 0
vector Row = 19158
initial     || b ||_2 = 7.2042734251691587e-01
>>>>local_vec_size = 4788
>>>>~~~~ local_mat_m = 4788, local_mat_n = 4788
>>>>local_vec_size = 4788
>>>>~~~~ local_mat_m = 4788, local_mat_n = 4788
>>>>local_vec_size = 4788
>>>>~~~~ local_mat_m = 4788, local_mat_n = 4788
>>>>local_vec_size = 4794
>>>>~~~~ local_mat_m = 4794, local_mat_n = 4794
            || b ||_2 = 7.2042734251691587e-01
|| r ||_2 / || b ||_2 = 1.0000000000000000e+00
Partitioning a graph of size 3193 serially
      Setup: Max:   0.000, Sum:   0.001, Balance:   1.001
      Remap: Max:   0.000, Sum:   0.000, Balance:   2.000
      Total: Max:   0.115, Sum:   0.459, Balance:   1.000
       Aux1: Max:   0.000, Sum:   0.000, Balance:   1.011
Final 798-way Cut:   5253 	Balance: 1.250 
Partitioning a graph of size 798 serially
      Setup: Max:   0.000, Sum:   0.000, Balance:   1.026
      Remap: Max:   0.000, Sum:   0.000, Balance:   1.333
      Total: Max:   0.028, Sum:   0.111, Balance:   1.000
       Aux1: Max:   0.000, Sum:   0.000, Balance:   1.061
Final 199-way Cut:   1271 	Balance: 1.247 
Partitioning a graph of size 199 serially
      Setup: Max:   0.000, Sum:   0.000, Balance:   1.011
      Remap: Max:   0.000, Sum:   0.000, Balance:   4.000
      Total: Max:   0.006, Sum:   0.025, Balance:   1.000
       Aux1: Max:   0.000, Sum:   0.000, Balance:   1.143
Final  49-way Cut:    251 	Balance: 1.231 
Partitioning a graph of size 49 serially
      Setup: Max:   0.000, Sum:   0.000, Balance:   1.015
      Remap: Max:   0.000, Sum:   0.000, Balance:   1.333
      Total: Max:   0.001, Sum:   0.004, Balance:   1.000
       Aux1: Max:   0.000, Sum:   0.000, Balance:   1.176
Final  12-way Cut:     40 	Balance: 1.224 


>>>>nodes in level 2 is 49, less than 100, setup DONE!>>>>


>>>> mla setup time: 0.218439 (s)
KSP Object: (mg_coarse_) 4 MPI processes
  type: preonly
  maximum iterations=10000, initial guess is zero
  tolerances: relative=1e-05, absolute=1e-50, divergence=10000.
  left preconditioning
  using DEFAULT norm type for convergence test
PC Object: (mg_coarse_) 4 MPI processes
  type: redundant
  PC has not been set up so information may be incomplete
    Not yet setup
  linear system matrix = precond matrix:
  Mat Object: 4 MPI processes
    type: mpiaij
    rows=441, cols=441
    total: nonzeros=20007, allocated nonzeros=20007
    total number of mallocs used during MatSetValues calls=0
      using nonscalable MatPtAP() implementation
      using I-node (on process 0) routines: found 26 nodes, limit used is 5
KSP Object: (mg_levels_1_) 4 MPI processes
  type: chebyshev
    Chebyshev polynomial of first kind
    eigenvalue targets used: min 0., max 0.
  maximum iterations=5, initial guess is zero
  tolerances: relative=1e-05, absolute=1e-50, divergence=10000.
  left preconditioning
  using NONE norm type for convergence test
PC Object: (mg_levels_1_) 4 MPI processes
  type: sor
  PC has not been set up so information may be incomplete
    type = local_symmetric, iterations = 1, local iterations = 1, omega = 1.
  linear system matrix = precond matrix:
  Mat Object: 4 MPI processes
    type: mpiaij
    rows=1791, cols=1791
    total: nonzeros=96795, allocated nonzeros=96795
    total number of mallocs used during MatSetValues calls=0
      using I-node (on process 0) routines: found 100 nodes, limit used is 5
KSP Object: (mg_levels_2_) 4 MPI processes
  type: chebyshev
    Chebyshev polynomial of first kind
    eigenvalue targets used: min 0., max 0.
  maximum iterations=5, initial guess is zero
  tolerances: relative=1e-05, absolute=1e-50, divergence=10000.
  left preconditioning
  using NONE norm type for convergence test
PC Object: (mg_levels_2_) 4 MPI processes
  type: sor
  PC has not been set up so information may be incomplete
    type = local_symmetric, iterations = 1, local iterations = 1, omega = 1.
  linear system matrix = precond matrix:
  Mat Object: 4 MPI processes
    type: mpiaij
    rows=7182, cols=7182
    total: nonzeros=422496, allocated nonzeros=422496
    total number of mallocs used during MatSetValues calls=0
      using I-node (on process 0) routines: found 400 nodes, limit used is 5
KSP Object: (mg_levels_3_) 4 MPI processes
  type: chebyshev
    Chebyshev polynomial of first kind
    eigenvalue targets used: min 0., max 0.
  maximum iterations=5, initial guess is zero
  tolerances: relative=1e-05, absolute=1e-50, divergence=10000.
  left preconditioning
  using NONE norm type for convergence test
PC Object: (mg_levels_3_) 4 MPI processes
  type: sor
  PC has not been set up so information may be incomplete
    type = local_symmetric, iterations = 1, local iterations = 1, omega = 1.
  linear system matrix = precond matrix:
  Mat Object: 4 MPI processes
    type: mpiaij
    rows=19158, cols=19158
    total: nonzeros=387515, allocated nonzeros=387515
    total number of mallocs used during MatSetValues calls=0
      using I-node (on process 0) routines: found 2457 nodes, limit used is 5
  0 KSP unpreconditioned resid norm 7.204273425169e-01 true resid norm 7.204273425169e-01 ||r(i)||/||b|| 1.000000000000e+00
  1 KSP unpreconditioned resid norm 6.172806399642e+01 true resid norm 6.172806399642e+01 ||r(i)||/||b|| 8.568256693418e+01
  2 KSP unpreconditioned resid norm 6.985368200407e+01 true resid norm 6.985368200407e+01 ||r(i)||/||b|| 9.696145312868e+01
  3 KSP unpreconditioned resid norm 2.934794015872e+01 true resid norm 2.934794015872e+01 ||r(i)||/||b|| 4.073684940412e+01
  4 KSP unpreconditioned resid norm 1.313796181760e+01 true resid norm 1.313796181760e+01 ||r(i)||/||b|| 1.823634534983e+01
  5 KSP unpreconditioned resid norm 7.331358953427e+00 true resid norm 7.331358953429e+00 ||r(i)||/||b|| 1.017640297745e+01
  6 KSP unpreconditioned resid norm 3.719507570749e+00 true resid norm 3.719507570743e+00 ||r(i)||/||b|| 5.162918383620e+00
  7 KSP unpreconditioned resid norm 2.019631726942e+00 true resid norm 2.019631726945e+00 ||r(i)||/||b|| 2.803380171398e+00
  8 KSP unpreconditioned resid norm 9.758744799624e-01 true resid norm 9.758744799555e-01 ||r(i)||/||b|| 1.354577238207e+00
  9 KSP unpreconditioned resid norm 5.351476637712e-01 true resid norm 5.351476637722e-01 ||r(i)||/||b|| 7.428197573715e-01
 10 KSP unpreconditioned resid norm 2.783985622695e-01 true resid norm 2.783985622624e-01 ||r(i)||/||b|| 3.864353083682e-01
 11 KSP unpreconditioned resid norm 1.547735262364e-01 true resid norm 1.547735262397e-01 ||r(i)||/||b|| 2.148357191705e-01
 12 KSP unpreconditioned resid norm 9.021595816050e-02 true resid norm 9.021595815656e-02 ||r(i)||/||b|| 1.252256165644e-01
 13 KSP unpreconditioned resid norm 4.852107919167e-02 true resid norm 4.852107919575e-02 ||r(i)||/||b|| 6.735041319536e-02
 14 KSP unpreconditioned resid norm 3.097187859715e-02 true resid norm 3.097187859915e-02 ||r(i)||/||b|| 4.299098156234e-02
 15 KSP unpreconditioned resid norm 1.763586532799e-02 true resid norm 1.763586532439e-02 ||r(i)||/||b|| 2.447972791091e-02
 16 KSP unpreconditioned resid norm 1.039999358653e-02 true resid norm 1.039999359157e-02 ||r(i)||/||b|| 1.443586740508e-02
 17 KSP unpreconditioned resid norm 4.920441688491e-03 true resid norm 4.920441693880e-03 ||r(i)||/||b|| 6.829893041941e-03
 18 KSP unpreconditioned resid norm 2.439746348508e-03 true resid norm 2.439746347936e-03 ||r(i)||/||b|| 3.386526584919e-03
 19 KSP unpreconditioned resid norm 1.467786507865e-03 true resid norm 1.467786502107e-03 ||r(i)||/||b|| 2.037383113443e-03
 20 KSP unpreconditioned resid norm 7.636833176639e-04 true resid norm 7.636833173532e-04 ||r(i)||/||b|| 1.060042105960e-03
 21 KSP unpreconditioned resid norm 3.519912017228e-04 true resid norm 3.519912159381e-04 ||r(i)||/||b|| 4.885866973183e-04
 22 KSP unpreconditioned resid norm 2.299746931811e-04 true resid norm 2.299747007809e-04 ||r(i)||/||b|| 3.192198396822e-04
 23 KSP unpreconditioned resid norm 1.163101116837e-04 true resid norm 1.163101091229e-04 ||r(i)||/||b|| 1.614459949793e-04
 24 KSP unpreconditioned resid norm 3.878328104083e-05 true resid norm 3.878328685958e-05 ||r(i)||/||b|| 5.383372419499e-05
 25 KSP unpreconditioned resid norm 1.227816250115e-05 true resid norm 1.227816918761e-05 ||r(i)||/||b|| 1.704289726805e-05
 26 KSP unpreconditioned resid norm 1.177929491583e-05 true resid norm 1.177929432264e-05 ||r(i)||/||b|| 1.635042651420e-05
 27 KSP unpreconditioned resid norm 5.878257265464e-06 true resid norm 5.878256315269e-06 ||r(i)||/||b|| 8.159402022045e-06
 28 KSP unpreconditioned resid norm 2.912178681606e-06 true resid norm 2.912183747887e-06 ||r(i)||/||b|| 4.042300418129e-06
 29 KSP unpreconditioned resid norm 1.564344101145e-06 true resid norm 1.564354162549e-06 ||r(i)||/||b|| 2.171425305824e-06
 30 KSP unpreconditioned resid norm 4.823744771285e-07 true resid norm 4.823782382699e-07 ||r(i)||/||b|| 6.695723632374e-07
 31 KSP unpreconditioned resid norm 2.756173728562e-07 true resid norm 2.756208822204e-07 ||r(i)||/||b|| 3.825797078405e-07
 32 KSP unpreconditioned resid norm 1.235491535232e-07 true resid norm 1.235619968640e-07 ||r(i)||/||b|| 1.715120867461e-07
 33 KSP unpreconditioned resid norm 7.472705660759e-08 true resid norm 7.477910982071e-08 ||r(i)||/||b|| 1.037982672333e-07
 34 KSP unpreconditioned resid norm 4.551122181689e-08 true resid norm 4.556879438920e-08 ||r(i)||/||b|| 6.325244990009e-08
 35 KSP unpreconditioned resid norm 1.747120659132e-08 true resid norm 1.762966448567e-08 ||r(i)||/||b|| 2.447112074352e-08
 36 KSP unpreconditioned resid norm 1.327220320114e-08 true resid norm 1.347024837737e-08 ||r(i)||/||b|| 1.869758070301e-08
 37 KSP unpreconditioned resid norm 4.796008912568e-09 true resid norm 5.367109363768e-09 ||r(i)||/||b|| 7.449896814045e-09
>>>> ksp solve time: 0.331038 (s)
            || b ||_2 = 7.2042734251691587e-01
|| r ||_2 / || b ||_2 = 7.4498968140450809e-09
