Config file: ../input/config/mla_v_cycle-refine3.json
order_rbm = 1
==== basic information of linear system ====
matrix Row = 73482, matrix Column = 73482
matrix nz_allocated = 1513726, matrix nz_used = 1513726, matrix nz_unneeded = 0
vector Row = 73482
  0 KSP unpreconditioned resid norm 3.645678991486e-01 true resid norm 3.645678991486e-01 ||r(i)||/||b|| 1.000000000000e+00
  1 KSP unpreconditioned resid norm 3.095579394626e+00 true resid norm 3.095579394626e+00 ||r(i)||/||b|| 8.491091513695e+00
  2 KSP unpreconditioned resid norm 8.881375946335e+00 true resid norm 8.881375946335e+00 ||r(i)||/||b|| 2.436137676157e+01
  3 KSP unpreconditioned resid norm 6.728620990302e+00 true resid norm 6.728620990302e+00 ||r(i)||/||b|| 1.845642747487e+01
  4 KSP unpreconditioned resid norm 7.605000370733e+00 true resid norm 7.605000370733e+00 ||r(i)||/||b|| 2.086031268385e+01
  5 KSP unpreconditioned resid norm 7.181695848963e+00 true resid norm 7.181695848963e+00 ||r(i)||/||b|| 1.969919969842e+01
  6 KSP unpreconditioned resid norm 8.152958428031e+00 true resid norm 8.152958428031e+00 ||r(i)||/||b|| 2.236334698439e+01
  7 KSP unpreconditioned resid norm 8.365511982674e+00 true resid norm 8.365511982674e+00 ||r(i)||/||b|| 2.294637570178e+01
  8 KSP unpreconditioned resid norm 7.961798350034e+00 true resid norm 7.961798350034e+00 ||r(i)||/||b|| 2.183900000145e+01
  9 KSP unpreconditioned resid norm 8.658358287113e+00 true resid norm 8.658358287113e+00 ||r(i)||/||b|| 2.374964528510e+01
 10 KSP unpreconditioned resid norm 9.434887292847e+00 true resid norm 9.434887292847e+00 ||r(i)||/||b|| 2.587964358595e+01
 11 KSP unpreconditioned resid norm 8.706141657488e+00 true resid norm 8.706141657488e+00 ||r(i)||/||b|| 2.388071379246e+01
 12 KSP unpreconditioned resid norm 8.624150493598e+00 true resid norm 8.624150493598e+00 ||r(i)||/||b|| 2.365581422209e+01
 13 KSP unpreconditioned resid norm 1.000609264989e+01 true resid norm 1.000609264989e+01 ||r(i)||/||b|| 2.744644460815e+01
 14 KSP unpreconditioned resid norm 9.285937893041e+00 true resid norm 9.285937893041e+00 ||r(i)||/||b|| 2.547107936471e+01
 15 KSP unpreconditioned resid norm 9.526947089630e+00 true resid norm 9.526947089630e+00 ||r(i)||/||b|| 2.613216114715e+01
 16 KSP unpreconditioned resid norm 9.598776471051e+00 true resid norm 9.598776471051e+00 ||r(i)||/||b|| 2.632918721990e+01
 17 KSP unpreconditioned resid norm 1.006422765984e+01 true resid norm 1.006422765984e+01 ||r(i)||/||b|| 2.760590738609e+01
 18 KSP unpreconditioned resid norm 1.014371787446e+01 true resid norm 1.014371787446e+01 ||r(i)||/||b|| 2.782394691947e+01
 19 KSP unpreconditioned resid norm 9.282241388182e+00 true resid norm 9.282241388182e+00 ||r(i)||/||b|| 2.546093995072e+01
 20 KSP unpreconditioned resid norm 1.016724313577e+01 true resid norm 1.016724313577e+01 ||r(i)||/||b|| 2.788847608227e+01
 21 KSP unpreconditioned resid norm 1.111921433202e+01 true resid norm 1.111921433202e+01 ||r(i)||/||b|| 3.049970762095e+01
 22 KSP unpreconditioned resid norm 9.993535777757e+00 true resid norm 9.993535777757e+00 ||r(i)||/||b|| 2.741200144361e+01
 23 KSP unpreconditioned resid norm 1.145557370118e+01 true resid norm 1.145557370118e+01 ||r(i)||/||b|| 3.142233237741e+01
 24 KSP unpreconditioned resid norm 1.066753869337e+01 true resid norm 1.066753869337e+01 ||r(i)||/||b|| 2.926077342049e+01
 25 KSP unpreconditioned resid norm 1.041444139350e+01 true resid norm 1.041444139350e+01 ||r(i)||/||b|| 2.856653429393e+01
 26 KSP unpreconditioned resid norm 1.079475370564e+01 true resid norm 1.079475370564e+01 ||r(i)||/||b|| 2.960972079783e+01
 27 KSP unpreconditioned resid norm 1.102136772454e+01 true resid norm 1.102136772454e+01 ||r(i)||/||b|| 3.023131699273e+01
 28 KSP unpreconditioned resid norm 1.095688125126e+01 true resid norm 1.095688125126e+01 ||r(i)||/||b|| 3.005443232070e+01
 29 KSP unpreconditioned resid norm 1.077501493154e+01 true resid norm 1.077501493154e+01 ||r(i)||/||b|| 2.955557786822e+01
 30 KSP unpreconditioned resid norm 1.131418679909e+01 true resid norm 1.131418679909e+01 ||r(i)||/||b|| 3.103451188519e+01
 31 KSP unpreconditioned resid norm 1.146553415284e+01 true resid norm 1.146553415284e+01 ||r(i)||/||b|| 3.144965363001e+01
 32 KSP unpreconditioned resid norm 1.081038437690e+01 true resid norm 1.081038437690e+01 ||r(i)||/||b|| 2.965259531117e+01
 33 KSP unpreconditioned resid norm 1.169178489178e+01 true resid norm 1.169178489178e+01 ||r(i)||/||b|| 3.207025335770e+01
 34 KSP unpreconditioned resid norm 1.104729907691e+01 true resid norm 1.104729907691e+01 ||r(i)||/||b|| 3.030244599898e+01
 35 KSP unpreconditioned resid norm 1.126853698980e+01 true resid norm 1.126853698980e+01 ||r(i)||/||b|| 3.090929567885e+01
 36 KSP unpreconditioned resid norm 1.067306088871e+01 true resid norm 1.067306088871e+01 ||r(i)||/||b|| 2.927592065467e+01
 37 KSP unpreconditioned resid norm 1.138876584870e+01 true resid norm 1.138876584870e+01 ||r(i)||/||b|| 3.123908022429e+01
 38 KSP unpreconditioned resid norm 1.167518630750e+01 true resid norm 1.167518630750e+01 ||r(i)||/||b|| 3.202472388480e+01
 39 KSP unpreconditioned resid norm 1.124230800321e+01 true resid norm 1.124230800321e+01 ||r(i)||/||b|| 3.083735026991e+01
 40 KSP unpreconditioned resid norm 1.151608473454e+01 true resid norm 1.151608473454e+01 ||r(i)||/||b|| 3.158831252403e+01
 41 KSP unpreconditioned resid norm 1.133623908591e+01 true resid norm 1.133623908591e+01 ||r(i)||/||b|| 3.109500071835e+01
 42 KSP unpreconditioned resid norm 1.108609788665e+01 true resid norm 1.108609788665e+01 ||r(i)||/||b|| 3.040887009674e+01
 43 KSP unpreconditioned resid norm 1.139124738069e+01 true resid norm 1.139124738069e+01 ||r(i)||/||b|| 3.124588700018e+01
 44 KSP unpreconditioned resid norm 1.134191854283e+01 true resid norm 1.134191854283e+01 ||r(i)||/||b|| 3.111057931681e+01
 45 KSP unpreconditioned resid norm 1.179162350559e+01 true resid norm 1.179162350559e+01 ||r(i)||/||b|| 3.234410800602e+01
 46 KSP unpreconditioned resid norm 1.157930008896e+01 true resid norm 1.157930008896e+01 ||r(i)||/||b|| 3.176171055104e+01
 47 KSP unpreconditioned resid norm 1.181467900191e+01 true resid norm 1.181467900191e+01 ||r(i)||/||b|| 3.240734861599e+01
 48 KSP unpreconditioned resid norm 1.204602490668e+01 true resid norm 1.204602490668e+01 ||r(i)||/||b|| 3.304192424734e+01
 49 KSP unpreconditioned resid norm 1.208225716735e+01 true resid norm 1.208225716735e+01 ||r(i)||/||b|| 3.314130836963e+01
 50 KSP unpreconditioned resid norm 1.219370524103e+01 true resid norm 1.219370524103e+01 ||r(i)||/||b|| 3.344700745596e+01
 51 KSP unpreconditioned resid norm 1.224539422951e+01 true resid norm 1.224539422951e+01 ||r(i)||/||b|| 3.358878896937e+01
 52 KSP unpreconditioned resid norm 1.190085622618e+01 true resid norm 1.190085622618e+01 ||r(i)||/||b|| 3.264373043808e+01
 53 KSP unpreconditioned resid norm 1.207629661734e+01 true resid norm 1.207629661734e+01 ||r(i)||/||b|| 3.312495874030e+01
 54 KSP unpreconditioned resid norm 1.267926480130e+01 true resid norm 1.267926480130e+01 ||r(i)||/||b|| 3.477888434750e+01
 55 KSP unpreconditioned resid norm 1.236822490861e+01 true resid norm 1.236822490861e+01 ||r(i)||/||b|| 3.392571023805e+01
 56 KSP unpreconditioned resid norm 1.220682947199e+01 true resid norm 1.220682947199e+01 ||r(i)||/||b|| 3.348300687060e+01
 57 KSP unpreconditioned resid norm 1.222298213249e+01 true resid norm 1.222298213249e+01 ||r(i)||/||b|| 3.352731318647e+01
 58 KSP unpreconditioned resid norm 1.201407589878e+01 true resid norm 1.201407589878e+01 ||r(i)||/||b|| 3.295428897289e+01
 59 KSP unpreconditioned resid norm 1.156491595752e+01 true resid norm 1.156491595752e+01 ||r(i)||/||b|| 3.172225526309e+01
 60 KSP unpreconditioned resid norm 1.234268236479e+01 true resid norm 1.234268236479e+01 ||r(i)||/||b|| 3.385564772328e+01
 61 KSP unpreconditioned resid norm 1.223894650078e+01 true resid norm 1.223894650078e+01 ||r(i)||/||b|| 3.357110302185e+01
 62 KSP unpreconditioned resid norm 1.202398758775e+01 true resid norm 1.202398758775e+01 ||r(i)||/||b|| 3.298147647073e+01
 63 KSP unpreconditioned resid norm 1.209034220032e+01 true resid norm 1.209034220032e+01 ||r(i)||/||b|| 3.316348539889e+01
 64 KSP unpreconditioned resid norm 1.176720013057e+01 true resid norm 1.176720013057e+01 ||r(i)||/||b|| 3.227711534133e+01
 65 KSP unpreconditioned resid norm 1.235849293457e+01 true resid norm 1.235849293457e+01 ||r(i)||/||b|| 3.389901569345e+01
 66 KSP unpreconditioned resid norm 1.200615066827e+01 true resid norm 1.200615066827e+01 ||r(i)||/||b|| 3.293255027747e+01
 67 KSP unpreconditioned resid norm 1.199695620952e+01 true resid norm 1.199695620952e+01 ||r(i)||/||b|| 3.290733012297e+01
 68 KSP unpreconditioned resid norm 1.216263949966e+01 true resid norm 1.216263949966e+01 ||r(i)||/||b|| 3.336179495799e+01
 69 KSP unpreconditioned resid norm 1.208703358133e+01 true resid norm 1.208703358133e+01 ||r(i)||/||b|| 3.315440994547e+01
 70 KSP unpreconditioned resid norm 1.238328074099e+01 true resid norm 1.238328074099e+01 ||r(i)||/||b|| 3.396700798372e+01
 71 KSP unpreconditioned resid norm 1.278525138425e+01 true resid norm 1.278525138425e+01 ||r(i)||/||b|| 3.506960271079e+01
 72 KSP unpreconditioned resid norm 1.272786500979e+01 true resid norm 1.272786500979e+01 ||r(i)||/||b|| 3.491219341997e+01
 73 KSP unpreconditioned resid norm 1.239149388385e+01 true resid norm 1.239149388385e+01 ||r(i)||/||b|| 3.398953641499e+01
 74 KSP unpreconditioned resid norm 1.261277109270e+01 true resid norm 1.261277109270e+01 ||r(i)||/||b|| 3.459649388263e+01
 75 KSP unpreconditioned resid norm 1.286460774725e+01 true resid norm 1.286460774725e+01 ||r(i)||/||b|| 3.528727509277e+01
 76 KSP unpreconditioned resid norm 1.246698002365e+01 true resid norm 1.246698002365e+01 ||r(i)||/||b|| 3.419659287821e+01
 77 KSP unpreconditioned resid norm 1.287766854999e+01 true resid norm 1.287766854999e+01 ||r(i)||/||b|| 3.532310052547e+01
 78 KSP unpreconditioned resid norm 1.297384732099e+01 true resid norm 1.297384732099e+01 ||r(i)||/||b|| 3.558691632283e+01
 79 KSP unpreconditioned resid norm 1.249062649424e+01 true resid norm 1.249062649424e+01 ||r(i)||/||b|| 3.426145451482e+01
 80 KSP unpreconditioned resid norm 1.254882019523e+01 true resid norm 1.254882019523e+01 ||r(i)||/||b|| 3.442107828072e+01
 81 KSP unpreconditioned resid norm 1.253203699213e+01 true resid norm 1.253203699213e+01 ||r(i)||/||b|| 3.437504240333e+01
 82 KSP unpreconditioned resid norm 1.254341804034e+01 true resid norm 1.254341804034e+01 ||r(i)||/||b|| 3.440626031430e+01
 83 KSP unpreconditioned resid norm 1.258742439037e+01 true resid norm 1.258742439037e+01 ||r(i)||/||b|| 3.452696855583e+01
 84 KSP unpreconditioned resid norm 1.254608290566e+01 true resid norm 1.254608290566e+01 ||r(i)||/||b|| 3.441356996860e+01
 85 KSP unpreconditioned resid norm 1.249674578288e+01 true resid norm 1.249674578288e+01 ||r(i)||/||b|| 3.427823955993e+01
 86 KSP unpreconditioned resid norm 1.250652954485e+01 true resid norm 1.250652954485e+01 ||r(i)||/||b|| 3.430507615745e+01
 87 KSP unpreconditioned resid norm 1.262155645210e+01 true resid norm 1.262155645210e+01 ||r(i)||/||b|| 3.462059188857e+01
 88 KSP unpreconditioned resid norm 1.259812170099e+01 true resid norm 1.259812170099e+01 ||r(i)||/||b|| 3.455631099285e+01
 89 KSP unpreconditioned resid norm 1.245338972018e+01 true resid norm 1.245338972018e+01 ||r(i)||/||b|| 3.415931503915e+01
 90 KSP unpreconditioned resid norm 1.242866801551e+01 true resid norm 1.242866801551e+01 ||r(i)||/||b|| 3.409150406423e+01
 91 KSP unpreconditioned resid norm 1.290781067954e+01 true resid norm 1.290781067954e+01 ||r(i)||/||b|| 3.540577958093e+01
 92 KSP unpreconditioned resid norm 1.297746515783e+01 true resid norm 1.297746515783e+01 ||r(i)||/||b|| 3.559683995254e+01
 93 KSP unpreconditioned resid norm 1.268122453680e+01 true resid norm 1.268122453680e+01 ||r(i)||/||b|| 3.478425984957e+01
 94 KSP unpreconditioned resid norm 1.257707335318e+01 true resid norm 1.257707335318e+01 ||r(i)||/||b|| 3.449857593758e+01
 95 KSP unpreconditioned resid norm 1.317561897636e+01 true resid norm 1.317561897636e+01 ||r(i)||/||b|| 3.614037057878e+01
 96 KSP unpreconditioned resid norm 1.298843306340e+01 true resid norm 1.298843306340e+01 ||r(i)||/||b|| 3.562692462427e+01
 97 KSP unpreconditioned resid norm 1.289393049325e+01 true resid norm 1.289393049325e+01 ||r(i)||/||b|| 3.536770660106e+01
 98 KSP unpreconditioned resid norm 1.366600544318e+01 true resid norm 1.366600544318e+01 ||r(i)||/||b|| 3.748548754594e+01
 99 KSP unpreconditioned resid norm 1.314468478034e+01 true resid norm 1.314468478034e+01 ||r(i)||/||b|| 3.605551890617e+01
100 KSP unpreconditioned resid norm 1.326025695440e+01 true resid norm 1.326025695440e+01 ||r(i)||/||b|| 3.637253028961e+01
101 KSP unpreconditioned resid norm 1.318029184793e+01 true resid norm 1.318029184793e+01 ||r(i)||/||b|| 3.615318814056e+01
102 KSP unpreconditioned resid norm 1.279755881998e+01 true resid norm 1.279755881998e+01 ||r(i)||/||b|| 3.510336167794e+01
103 KSP unpreconditioned resid norm 1.273811274020e+01 true resid norm 1.273811274020e+01 ||r(i)||/||b|| 3.494030267048e+01
104 KSP unpreconditioned resid norm 1.343703976199e+01 true resid norm 1.343703976199e+01 ||r(i)||/||b|| 3.685744080422e+01
105 KSP unpreconditioned resid norm 1.319619858058e+01 true resid norm 1.319619858058e+01 ||r(i)||/||b|| 3.619681988293e+01
106 KSP unpreconditioned resid norm 1.241742566755e+01 true resid norm 1.241742566755e+01 ||r(i)||/||b|| 3.406066660435e+01
107 KSP unpreconditioned resid norm 1.318602237798e+01 true resid norm 1.318602237798e+01 ||r(i)||/||b|| 3.616890683126e+01
108 KSP unpreconditioned resid norm 1.300589783009e+01 true resid norm 1.300589783009e+01 ||r(i)||/||b|| 3.567483001235e+01
109 KSP unpreconditioned resid norm 1.312113040591e+01 true resid norm 1.312113040591e+01 ||r(i)||/||b|| 3.599090988689e+01
110 KSP unpreconditioned resid norm 1.260134781919e+01 true resid norm 1.260134781919e+01 ||r(i)||/||b|| 3.456516014881e+01
111 KSP unpreconditioned resid norm 1.280938069315e+01 true resid norm 1.280938069315e+01 ||r(i)||/||b|| 3.513578875997e+01
112 KSP unpreconditioned resid norm 1.323758373637e+01 true resid norm 1.323758373637e+01 ||r(i)||/||b|| 3.631033825876e+01
113 KSP unpreconditioned resid norm 1.278112983108e+01 true resid norm 1.278112983108e+01 ||r(i)||/||b|| 3.505829740064e+01
114 KSP unpreconditioned resid norm 1.277302881359e+01 true resid norm 1.277302881359e+01 ||r(i)||/||b|| 3.503607652625e+01
115 KSP unpreconditioned resid norm 1.314493064208e+01 true resid norm 1.314493064208e+01 ||r(i)||/||b|| 3.605619329836e+01
116 KSP unpreconditioned resid norm 1.309199825866e+01 true resid norm 1.309199825866e+01 ||r(i)||/||b|| 3.591100118587e+01
117 KSP unpreconditioned resid norm 1.268894145276e+01 true resid norm 1.268894145276e+01 ||r(i)||/||b|| 3.480542714373e+01
118 KSP unpreconditioned resid norm 1.295331760928e+01 true resid norm 1.295331760928e+01 ||r(i)||/||b|| 3.553060387249e+01
119 KSP unpreconditioned resid norm 1.301299152647e+01 true resid norm 1.301299152647e+01 ||r(i)||/||b|| 3.569428783186e+01
120 KSP unpreconditioned resid norm 1.303685211029e+01 true resid norm 1.303685211029e+01 ||r(i)||/||b|| 3.575973677532e+01
121 KSP unpreconditioned resid norm 1.273451403041e+01 true resid norm 1.273451403041e+01 ||r(i)||/||b|| 3.493043150575e+01
122 KSP unpreconditioned resid norm 1.257587971373e+01 true resid norm 1.257587971373e+01 ||r(i)||/||b|| 3.449530181648e+01
123 KSP unpreconditioned resid norm 1.303624384254e+01 true resid norm 1.303624384254e+01 ||r(i)||/||b|| 3.575806831316e+01
124 KSP unpreconditioned resid norm 1.294815148600e+01 true resid norm 1.294815148600e+01 ||r(i)||/||b|| 3.551643333446e+01
125 KSP unpreconditioned resid norm 1.290313220269e+01 true resid norm 1.290313220269e+01 ||r(i)||/||b|| 3.539294664402e+01
126 KSP unpreconditioned resid norm 1.325245263363e+01 true resid norm 1.325245263363e+01 ||r(i)||/||b|| 3.635112324639e+01
127 KSP unpreconditioned resid norm 1.318936489706e+01 true resid norm 1.318936489706e+01 ||r(i)||/||b|| 3.617807527174e+01
128 KSP unpreconditioned resid norm 1.332374464836e+01 true resid norm 1.332374464836e+01 ||r(i)||/||b|| 3.654667533667e+01
129 KSP unpreconditioned resid norm 1.361105773240e+01 true resid norm 1.361105773240e+01 ||r(i)||/||b|| 3.733476744439e+01
130 KSP unpreconditioned resid norm 1.329194401398e+01 true resid norm 1.329194401398e+01 ||r(i)||/||b|| 3.645944704681e+01
131 KSP unpreconditioned resid norm 1.338047079371e+01 true resid norm 1.338047079371e+01 ||r(i)||/||b|| 3.670227363671e+01
132 KSP unpreconditioned resid norm 1.354948840574e+01 true resid norm 1.354948840574e+01 ||r(i)||/||b|| 3.716588442751e+01
133 KSP unpreconditioned resid norm 1.354852678881e+01 true resid norm 1.354852678881e+01 ||r(i)||/||b|| 3.716324673798e+01
134 KSP unpreconditioned resid norm 1.360465608859e+01 true resid norm 1.360465608859e+01 ||r(i)||/||b|| 3.731720790658e+01
135 KSP unpreconditioned resid norm 1.362130066298e+01 true resid norm 1.362130066298e+01 ||r(i)||/||b|| 3.736286352909e+01
136 KSP unpreconditioned resid norm 1.336311533287e+01 true resid norm 1.336311533287e+01 ||r(i)||/||b|| 3.665466807166e+01
137 KSP unpreconditioned resid norm 1.341291058484e+01 true resid norm 1.341291058484e+01 ||r(i)||/||b|| 3.679125511644e+01
138 KSP unpreconditioned resid norm 1.346329614569e+01 true resid norm 1.346329614569e+01 ||r(i)||/||b|| 3.692946136271e+01
139 KSP unpreconditioned resid norm 1.313997163381e+01 true resid norm 1.313997163381e+01 ||r(i)||/||b|| 3.604259087125e+01
140 KSP unpreconditioned resid norm 1.358243308874e+01 true resid norm 1.358243308874e+01 ||r(i)||/||b|| 3.725625081216e+01
141 KSP unpreconditioned resid norm 1.334830955911e+01 true resid norm 1.334830955911e+01 ||r(i)||/||b|| 3.661405623007e+01
142 KSP unpreconditioned resid norm 1.350160509812e+01 true resid norm 1.350160509812e+01 ||r(i)||/||b|| 3.703454179495e+01
143 KSP unpreconditioned resid norm 1.343913056615e+01 true resid norm 1.343913056615e+01 ||r(i)||/||b|| 3.686317582413e+01
144 KSP unpreconditioned resid norm 1.338761739000e+01 true resid norm 1.338761739000e+01 ||r(i)||/||b|| 3.672187655923e+01
145 KSP unpreconditioned resid norm 1.317322170004e+01 true resid norm 1.317322170004e+01 ||r(i)||/||b|| 3.613379491393e+01
146 KSP unpreconditioned resid norm 1.362127792163e+01 true resid norm 1.362127792163e+01 ||r(i)||/||b|| 3.736280115018e+01
147 KSP unpreconditioned resid norm 1.355824284358e+01 true resid norm 1.355824284358e+01 ||r(i)||/||b|| 3.718989761644e+01
148 KSP unpreconditioned resid norm 1.365052290721e+01 true resid norm 1.365052290721e+01 ||r(i)||/||b|| 3.744301936371e+01
149 KSP unpreconditioned resid norm 1.382036031958e+01 true resid norm 1.382036031958e+01 ||r(i)||/||b|| 3.790887884494e+01
150 KSP unpreconditioned resid norm 1.390483589044e+01 true resid norm 1.390483589044e+01 ||r(i)||/||b|| 3.814059307721e+01
151 KSP unpreconditioned resid norm 1.394365863511e+01 true resid norm 1.394365863511e+01 ||r(i)||/||b|| 3.824708282784e+01
152 KSP unpreconditioned resid norm 1.391457797627e+01 true resid norm 1.391457797627e+01 ||r(i)||/||b|| 3.816731535817e+01
153 KSP unpreconditioned resid norm 1.379898427980e+01 true resid norm 1.379898427980e+01 ||r(i)||/||b|| 3.785024493935e+01
154 KSP unpreconditioned resid norm 1.405445677497e+01 true resid norm 1.405445677497e+01 ||r(i)||/||b|| 3.855099916311e+01
155 KSP unpreconditioned resid norm 1.391872633923e+01 true resid norm 1.391872633923e+01 ||r(i)||/||b|| 3.817869420685e+01
156 KSP unpreconditioned resid norm 1.368898882107e+01 true resid norm 1.368898882107e+01 ||r(i)||/||b|| 3.754853033697e+01
157 KSP unpreconditioned resid norm 1.388586066041e+01 true resid norm 1.388586066041e+01 ||r(i)||/||b|| 3.808854452857e+01
158 KSP unpreconditioned resid norm 1.388720674804e+01 true resid norm 1.388720674804e+01 ||r(i)||/||b|| 3.809223681093e+01
159 KSP unpreconditioned resid norm 1.354560672872e+01 true resid norm 1.354560672872e+01 ||r(i)||/||b|| 3.715523709124e+01
160 KSP unpreconditioned resid norm 1.360379585729e+01 true resid norm 1.360379585729e+01 ||r(i)||/||b|| 3.731484831510e+01
161 KSP unpreconditioned resid norm 1.341334971208e+01 true resid norm 1.341334971208e+01 ||r(i)||/||b|| 3.679245963071e+01
162 KSP unpreconditioned resid norm 1.359532100097e+01 true resid norm 1.359532100097e+01 ||r(i)||/||b|| 3.729160201081e+01
163 KSP unpreconditioned resid norm 1.370424214651e+01 true resid norm 1.370424214651e+01 ||r(i)||/||b|| 3.759036980083e+01
164 KSP unpreconditioned resid norm 1.337902373582e+01 true resid norm 1.337902373582e+01 ||r(i)||/||b|| 3.669830439560e+01
165 KSP unpreconditioned resid norm 1.357864346644e+01 true resid norm 1.357864346644e+01 ||r(i)||/||b|| 3.724585597949e+01
166 KSP unpreconditioned resid norm 1.373980648525e+01 true resid norm 1.373980648525e+01 ||r(i)||/||b|| 3.768792183112e+01
167 KSP unpreconditioned resid norm 1.363749907841e+01 true resid norm 1.363749907841e+01 ||r(i)||/||b|| 3.740729534953e+01
168 KSP unpreconditioned resid norm 1.374297605780e+01 true resid norm 1.374297605780e+01 ||r(i)||/||b|| 3.769661588388e+01
169 KSP unpreconditioned resid norm 1.368076845556e+01 true resid norm 1.368076845556e+01 ||r(i)||/||b|| 3.752598209416e+01
170 KSP unpreconditioned resid norm 1.363811489152e+01 true resid norm 1.363811489152e+01 ||r(i)||/||b|| 3.740898450841e+01
171 KSP unpreconditioned resid norm 1.400639367916e+01 true resid norm 1.400639367916e+01 ||r(i)||/||b|| 3.841916337635e+01
172 KSP unpreconditioned resid norm 1.388144525584e+01 true resid norm 1.388144525584e+01 ||r(i)||/||b|| 3.807643319189e+01
173 KSP unpreconditioned resid norm 1.393776609999e+01 true resid norm 1.393776609999e+01 ||r(i)||/||b|| 3.823091976156e+01
174 KSP unpreconditioned resid norm 1.379422343608e+01 true resid norm 1.379422343608e+01 ||r(i)||/||b|| 3.783718607231e+01
175 KSP unpreconditioned resid norm 1.383072869257e+01 true resid norm 1.383072869257e+01 ||r(i)||/||b|| 3.793731901483e+01
176 KSP unpreconditioned resid norm 1.391411558488e+01 true resid norm 1.391411558488e+01 ||r(i)||/||b|| 3.816604703095e+01
177 KSP unpreconditioned resid norm 1.387551847478e+01 true resid norm 1.387551847478e+01 ||r(i)||/||b|| 3.806017618989e+01
178 KSP unpreconditioned resid norm 1.362353299021e+01 true resid norm 1.362353299021e+01 ||r(i)||/||b|| 3.736898674301e+01
179 KSP unpreconditioned resid norm 1.351452241536e+01 true resid norm 1.351452241536e+01 ||r(i)||/||b|| 3.706997365078e+01
180 KSP unpreconditioned resid norm 1.345419248042e+01 true resid norm 1.345419248042e+01 ||r(i)||/||b|| 3.690449025226e+01
181 KSP unpreconditioned resid norm 1.378173296162e+01 true resid norm 1.378173296162e+01 ||r(i)||/||b|| 3.780292503482e+01
182 KSP unpreconditioned resid norm 1.431414484707e+01 true resid norm 1.431414484707e+01 ||r(i)||/||b|| 3.926331660166e+01
183 KSP unpreconditioned resid norm 1.468953928852e+01 true resid norm 1.468953928852e+01 ||r(i)||/||b|| 4.029301351771e+01
184 KSP unpreconditioned resid norm 1.471906531225e+01 true resid norm 1.471906531225e+01 ||r(i)||/||b|| 4.037400261137e+01
185 KSP unpreconditioned resid norm 1.416928887842e+01 true resid norm 1.416928887842e+01 ||r(i)||/||b|| 3.886598055262e+01
186 KSP unpreconditioned resid norm 1.402979387283e+01 true resid norm 1.402979387283e+01 ||r(i)||/||b|| 3.848334948194e+01
187 KSP unpreconditioned resid norm 1.371124824631e+01 true resid norm 1.371124824631e+01 ||r(i)||/||b|| 3.760958734528e+01
188 KSP unpreconditioned resid norm 1.369633332145e+01 true resid norm 1.369633332145e+01 ||r(i)||/||b|| 3.756867610516e+01
189 KSP unpreconditioned resid norm 1.329850180312e+01 true resid norm 1.329850180312e+01 ||r(i)||/||b|| 3.647743488710e+01
190 KSP unpreconditioned resid norm 1.284111167756e+01 true resid norm 1.284111167756e+01 ||r(i)||/||b|| 3.522282600182e+01
191 KSP unpreconditioned resid norm 1.233087371643e+01 true resid norm 1.233087371643e+01 ||r(i)||/||b|| 3.382325691654e+01
192 KSP unpreconditioned resid norm 1.194359111524e+01 true resid norm 1.194359111524e+01 ||r(i)||/||b|| 3.276095109616e+01
193 KSP unpreconditioned resid norm 1.146575244538e+01 true resid norm 1.146575244538e+01 ||r(i)||/||b|| 3.145025240061e+01
194 KSP unpreconditioned resid norm 1.109374595739e+01 true resid norm 1.109374595739e+01 ||r(i)||/||b|| 3.042984855028e+01
195 KSP unpreconditioned resid norm 1.102634033143e+01 true resid norm 1.102634033143e+01 ||r(i)||/||b|| 3.024495672048e+01
196 KSP unpreconditioned resid norm 1.204175285220e+01 true resid norm 1.204175285220e+01 ||r(i)||/||b|| 3.303020611613e+01
197 KSP unpreconditioned resid norm 1.360154146341e+01 true resid norm 1.360154146341e+01 ||r(i)||/||b|| 3.730866457298e+01
198 KSP unpreconditioned resid norm 1.528523487806e+01 true resid norm 1.528523487806e+01 ||r(i)||/||b|| 4.192699059286e+01
199 KSP unpreconditioned resid norm 1.675620860071e+01 true resid norm 1.675620860071e+01 ||r(i)||/||b|| 4.596183218501e+01
200 KSP unpreconditioned resid norm 1.695349405999e+01 true resid norm 1.695349405999e+01 ||r(i)||/||b|| 4.650298092505e+01
201 KSP unpreconditioned resid norm 1.643926783684e+01 true resid norm 1.643926783684e+01 ||r(i)||/||b|| 4.509247214367e+01
202 KSP unpreconditioned resid norm 1.742462270564e+01 true resid norm 1.742462270564e+01 ||r(i)||/||b|| 4.779527420360e+01
203 KSP unpreconditioned resid norm 1.849431107475e+01 true resid norm 1.849431107475e+01 ||r(i)||/||b|| 5.072940080006e+01
204 KSP unpreconditioned resid norm 1.912001167922e+01 true resid norm 1.912001167922e+01 ||r(i)||/||b|| 5.244568082892e+01
205 KSP unpreconditioned resid norm 1.958357998624e+01 true resid norm 1.958357998624e+01 ||r(i)||/||b|| 5.371723630076e+01
206 KSP unpreconditioned resid norm 1.831587767380e+01 true resid norm 1.831587767380e+01 ||r(i)||/||b|| 5.023996275201e+01
207 KSP unpreconditioned resid norm 1.591357313921e+01 true resid norm 1.591357313921e+01 ||r(i)||/||b|| 4.365050564346e+01
208 KSP unpreconditioned resid norm 1.433248464890e+01 true resid norm 1.433248464890e+01 ||r(i)||/||b|| 3.931362218771e+01
209 KSP unpreconditioned resid norm 1.308196049874e+01 true resid norm 1.308196049874e+01 ||r(i)||/||b|| 3.588346787878e+01
210 KSP unpreconditioned resid norm 1.199982361673e+01 true resid norm 1.199982361673e+01 ||r(i)||/||b|| 3.291519534429e+01
211 KSP unpreconditioned resid norm 1.171112616452e+01 true resid norm 1.171112616452e+01 ||r(i)||/||b|| 3.212330595170e+01
212 KSP unpreconditioned resid norm 1.134551519379e+01 true resid norm 1.134551519379e+01 ||r(i)||/||b|| 3.112044483423e+01
213 KSP unpreconditioned resid norm 1.052935507583e+01 true resid norm 1.052935507583e+01 ||r(i)||/||b|| 2.888173945215e+01
214 KSP unpreconditioned resid norm 1.003380290604e+01 true resid norm 1.003380290604e+01 ||r(i)||/||b|| 2.752245309987e+01
215 KSP unpreconditioned resid norm 9.585591681736e+00 true resid norm 9.585591681736e+00 ||r(i)||/||b|| 2.629302169533e+01
216 KSP unpreconditioned resid norm 9.580888621304e+00 true resid norm 9.580888621304e+00 ||r(i)||/||b|| 2.628012132631e+01
217 KSP unpreconditioned resid norm 8.952455899196e+00 true resid norm 8.952455899196e+00 ||r(i)||/||b|| 2.455634717182e+01
218 KSP unpreconditioned resid norm 8.881498493645e+00 true resid norm 8.881498493645e+00 ||r(i)||/||b|| 2.436171290557e+01
219 KSP unpreconditioned resid norm 8.846345398971e+00 true resid norm 8.846345398971e+00 ||r(i)||/||b|| 2.426528890676e+01
220 KSP unpreconditioned resid norm 8.928477420936e+00 true resid norm 8.928477420936e+00 ||r(i)||/||b|| 2.449057484706e+01
221 KSP unpreconditioned resid norm 8.723370545994e+00 true resid norm 8.723370545994e+00 ||r(i)||/||b|| 2.392797217299e+01
222 KSP unpreconditioned resid norm 8.770287615545e+00 true resid norm 8.770287615545e+00 ||r(i)||/||b|| 2.405666444036e+01
223 KSP unpreconditioned resid norm 9.440810132490e+00 true resid norm 9.440810132490e+00 ||r(i)||/||b|| 2.589588977674e+01
224 KSP unpreconditioned resid norm 1.078362312963e+01 true resid norm 1.078362312963e+01 ||r(i)||/||b|| 2.957918992542e+01
225 KSP unpreconditioned resid norm 1.173850304232e+01 true resid norm 1.173850304232e+01 ||r(i)||/||b|| 3.219839999552e+01
226 KSP unpreconditioned resid norm 1.250859712777e+01 true resid norm 1.250859712777e+01 ||r(i)||/||b|| 3.431074748211e+01
227 KSP unpreconditioned resid norm 1.373267247004e+01 true resid norm 1.373267247004e+01 ||r(i)||/||b|| 3.766835341814e+01
228 KSP unpreconditioned resid norm 1.625485053207e+01 true resid norm 1.625485053207e+01 ||r(i)||/||b|| 4.458662040741e+01
229 KSP unpreconditioned resid norm 1.776468798052e+01 true resid norm 1.776468798052e+01 ||r(i)||/||b|| 4.872806416034e+01
230 KSP unpreconditioned resid norm 1.945973700566e+01 true resid norm 1.945973700566e+01 ||r(i)||/||b|| 5.337753831620e+01
231 KSP unpreconditioned resid norm 2.192268908663e+01 true resid norm 2.192268908663e+01 ||r(i)||/||b|| 6.013335002294e+01
232 KSP unpreconditioned resid norm 2.326939419671e+01 true resid norm 2.326939419671e+01 ||r(i)||/||b|| 6.382732613334e+01
233 KSP unpreconditioned resid norm 2.548515572880e+01 true resid norm 2.548515572880e+01 ||r(i)||/||b|| 6.990510077358e+01
234 KSP unpreconditioned resid norm 2.826485313818e+01 true resid norm 2.826485313818e+01 ||r(i)||/||b|| 7.752973644742e+01
235 KSP unpreconditioned resid norm 2.928762954493e+01 true resid norm 2.928762954493e+01 ||r(i)||/||b|| 8.033518478541e+01
236 KSP unpreconditioned resid norm 2.965833710912e+01 true resid norm 2.965833710912e+01 ||r(i)||/||b|| 8.135202572244e+01
237 KSP unpreconditioned resid norm 2.855647186346e+01 true resid norm 2.855647186346e+01 ||r(i)||/||b|| 7.832963881391e+01
238 KSP unpreconditioned resid norm 2.595458236860e+01 true resid norm 2.595458236860e+01 ||r(i)||/||b|| 7.119272549561e+01
239 KSP unpreconditioned resid norm 2.504590378125e+01 true resid norm 2.504590378125e+01 ||r(i)||/||b|| 6.870024442562e+01
240 KSP unpreconditioned resid norm 2.412489517021e+01 true resid norm 2.412489517021e+01 ||r(i)||/||b|| 6.617394243034e+01
241 KSP unpreconditioned resid norm 2.196075546412e+01 true resid norm 2.196075546412e+01 ||r(i)||/||b|| 6.023776507862e+01
242 KSP unpreconditioned resid norm 1.872718508879e+01 true resid norm 1.872718508879e+01 ||r(i)||/||b|| 5.136816799427e+01
243 KSP unpreconditioned resid norm 1.534906907438e+01 true resid norm 1.534906907438e+01 ||r(i)||/||b|| 4.210208608663e+01
244 KSP unpreconditioned resid norm 1.305663086300e+01 true resid norm 1.305663086300e+01 ||r(i)||/||b|| 3.581398936520e+01
245 KSP unpreconditioned resid norm 1.146073965591e+01 true resid norm 1.146073965591e+01 ||r(i)||/||b|| 3.143650245311e+01
246 KSP unpreconditioned resid norm 1.033358724374e+01 true resid norm 1.033358724374e+01 ||r(i)||/||b|| 2.834475352292e+01
247 KSP unpreconditioned resid norm 9.087586835294e+00 true resid norm 9.087586835294e+00 ||r(i)||/||b|| 2.492700771658e+01
248 KSP unpreconditioned resid norm 8.176124373218e+00 true resid norm 8.176124373218e+00 ||r(i)||/||b|| 2.242689055266e+01
249 KSP unpreconditioned resid norm 7.662093781583e+00 true resid norm 7.662093781583e+00 ||r(i)||/||b|| 2.101691838331e+01
250 KSP unpreconditioned resid norm 7.230064001830e+00 true resid norm 7.230064001830e+00 ||r(i)||/||b|| 1.983187224853e+01
251 KSP unpreconditioned resid norm 6.522118596699e+00 true resid norm 6.522118596699e+00 ||r(i)||/||b|| 1.788999693042e+01
252 KSP unpreconditioned resid norm 5.998998246617e+00 true resid norm 5.998998246617e+00 ||r(i)||/||b|| 1.645509179669e+01
253 KSP unpreconditioned resid norm 5.288001057848e+00 true resid norm 5.288001057848e+00 ||r(i)||/||b|| 1.450484551766e+01
254 KSP unpreconditioned resid norm 4.769187158698e+00 true resid norm 4.769187158698e+00 ||r(i)||/||b|| 1.308175286369e+01
255 KSP unpreconditioned resid norm 4.658516142015e+00 true resid norm 4.658516142015e+00 ||r(i)||/||b|| 1.277818522392e+01
256 KSP unpreconditioned resid norm 4.640273302621e+00 true resid norm 4.640273302621e+00 ||r(i)||/||b|| 1.272814560321e+01
257 KSP unpreconditioned resid norm 5.106344713515e+00 true resid norm 5.106344713515e+00 ||r(i)||/||b|| 1.400656702205e+01
258 KSP unpreconditioned resid norm 5.816293993646e+00 true resid norm 5.816293993646e+00 ||r(i)||/||b|| 1.595393891571e+01
259 KSP unpreconditioned resid norm 6.569430506720e+00 true resid norm 6.569430506720e+00 ||r(i)||/||b|| 1.801977223464e+01
260 KSP unpreconditioned resid norm 7.143070382420e+00 true resid norm 7.143070382420e+00 ||r(i)||/||b|| 1.959325107641e+01
261 KSP unpreconditioned resid norm 7.760982698475e+00 true resid norm 7.760982698475e+00 ||r(i)||/||b|| 2.128816803838e+01
262 KSP unpreconditioned resid norm 8.549026140388e+00 true resid norm 8.549026140388e+00 ||r(i)||/||b|| 2.344975012982e+01
263 KSP unpreconditioned resid norm 9.425156102664e+00 true resid norm 9.425156102664e+00 ||r(i)||/||b|| 2.585295119146e+01
264 KSP unpreconditioned resid norm 1.074039504934e+01 true resid norm 1.074039504934e+01 ||r(i)||/||b|| 2.946061645698e+01
265 KSP unpreconditioned resid norm 1.174081826821e+01 true resid norm 1.174081826821e+01 ||r(i)||/||b|| 3.220475059825e+01
266 KSP unpreconditioned resid norm 1.285381910465e+01 true resid norm 1.285381910465e+01 ||r(i)||/||b|| 3.525768213457e+01
267 KSP unpreconditioned resid norm 1.371163249596e+01 true resid norm 1.371163249596e+01 ||r(i)||/||b|| 3.761064133178e+01
268 KSP unpreconditioned resid norm 1.510605104077e+01 true resid norm 1.510605104077e+01 ||r(i)||/||b|| 4.143549411795e+01
269 KSP unpreconditioned resid norm 1.695437634107e+01 true resid norm 1.695437634107e+01 ||r(i)||/||b|| 4.650540099845e+01
270 KSP unpreconditioned resid norm 1.819195601438e+01 true resid norm 1.819195601438e+01 ||r(i)||/||b|| 4.990004895348e+01
271 KSP unpreconditioned resid norm 1.951393275522e+01 true resid norm 1.951393275522e+01 ||r(i)||/||b|| 5.352619580821e+01
272 KSP unpreconditioned resid norm 2.042693470628e+01 true resid norm 2.042693470628e+01 ||r(i)||/||b|| 5.603053574927e+01
273 KSP unpreconditioned resid norm 2.107492113831e+01 true resid norm 2.107492113831e+01 ||r(i)||/||b|| 5.780794520726e+01
274 KSP unpreconditioned resid norm 2.337100325037e+01 true resid norm 2.337100325037e+01 ||r(i)||/||b|| 6.410603705083e+01
275 KSP unpreconditioned resid norm 2.505034436964e+01 true resid norm 2.505034436964e+01 ||r(i)||/||b|| 6.871242484087e+01
276 KSP unpreconditioned resid norm 2.611938489650e+01 true resid norm 2.611938489650e+01 ||r(i)||/||b|| 7.164477442334e+01
277 KSP unpreconditioned resid norm 2.695112276701e+01 true resid norm 2.695112276701e+01 ||r(i)||/||b|| 7.392620916420e+01
278 KSP unpreconditioned resid norm 2.713407439862e+01 true resid norm 2.713407439862e+01 ||r(i)||/||b|| 7.442804059816e+01
279 KSP unpreconditioned resid norm 2.716721663661e+01 true resid norm 2.716721663661e+01 ||r(i)||/||b|| 7.451894887086e+01
280 KSP unpreconditioned resid norm 2.780615552928e+01 true resid norm 2.780615552928e+01 ||r(i)||/||b|| 7.627154117027e+01
281 KSP unpreconditioned resid norm 2.897834209539e+01 true resid norm 2.897834209539e+01 ||r(i)||/||b|| 7.948681758065e+01
282 KSP unpreconditioned resid norm 2.953300733997e+01 true resid norm 2.953300733997e+01 ||r(i)||/||b|| 8.100824951657e+01
283 KSP unpreconditioned resid norm 3.075796515568e+01 true resid norm 3.075796515568e+01 ||r(i)||/||b|| 8.436827605366e+01
284 KSP unpreconditioned resid norm 3.273511601678e+01 true resid norm 3.273511601678e+01 ||r(i)||/||b|| 8.979154800306e+01
285 KSP unpreconditioned resid norm 3.466197043360e+01 true resid norm 3.466197043360e+01 ||r(i)||/||b|| 9.507685815055e+01
286 KSP unpreconditioned resid norm 3.675497078946e+01 true resid norm 3.675497078946e+01 ||r(i)||/||b|| 1.008179021666e+02
287 KSP unpreconditioned resid norm 3.806473760202e+01 true resid norm 3.806473760202e+01 ||r(i)||/||b|| 1.044105575145e+02
288 KSP unpreconditioned resid norm 3.941326266148e+01 true resid norm 3.941326266148e+01 ||r(i)||/||b|| 1.081095256975e+02
289 KSP unpreconditioned resid norm 3.986428118526e+01 true resid norm 3.986428118526e+01 ||r(i)||/||b|| 1.093466574494e+02
290 KSP unpreconditioned resid norm 4.051341410335e+01 true resid norm 4.051341410335e+01 ||r(i)||/||b|| 1.111272116880e+02
291 KSP unpreconditioned resid norm 4.067069997182e+01 true resid norm 4.067069997182e+01 ||r(i)||/||b|| 1.115586426199e+02
292 KSP unpreconditioned resid norm 3.974369413739e+01 true resid norm 3.974369413739e+01 ||r(i)||/||b|| 1.090158904012e+02
293 KSP unpreconditioned resid norm 3.613133594537e+01 true resid norm 3.613133594537e+01 ||r(i)||/||b|| 9.910728846325e+01
294 KSP unpreconditioned resid norm 3.350229796202e+01 true resid norm 3.350229796202e+01 ||r(i)||/||b|| 9.189590756690e+01
295 KSP unpreconditioned resid norm 2.956377117288e+01 true resid norm 2.956377117288e+01 ||r(i)||/||b|| 8.109263388773e+01
296 KSP unpreconditioned resid norm 2.766808370135e+01 true resid norm 2.766808370135e+01 ||r(i)||/||b|| 7.589281383787e+01
297 KSP unpreconditioned resid norm 2.521760227235e+01 true resid norm 2.521760227235e+01 ||r(i)||/||b|| 6.917120879605e+01
298 KSP unpreconditioned resid norm 2.258449521443e+01 true resid norm 2.258449521443e+01 ||r(i)||/||b|| 6.194866653693e+01
299 KSP unpreconditioned resid norm 1.999810569486e+01 true resid norm 1.999810569486e+01 ||r(i)||/||b|| 5.485426923642e+01
300 KSP unpreconditioned resid norm 1.792710468898e+01 true resid norm 1.792710468898e+01 ||r(i)||/||b|| 4.917356884915e+01
301 KSP unpreconditioned resid norm 1.649675831032e+01 true resid norm 1.649675831032e+01 ||r(i)||/||b|| 4.525016697534e+01
302 KSP unpreconditioned resid norm 1.507503381443e+01 true resid norm 1.507503381443e+01 ||r(i)||/||b|| 4.135041469541e+01
303 KSP unpreconditioned resid norm 1.406621556219e+01 true resid norm 1.406621556219e+01 ||r(i)||/||b|| 3.858325320205e+01
304 KSP unpreconditioned resid norm 1.331070776973e+01 true resid norm 1.331070776973e+01 ||r(i)||/||b|| 3.651091552716e+01
305 KSP unpreconditioned resid norm 1.241557539071e+01 true resid norm 1.241557539071e+01 ||r(i)||/||b|| 3.405559134444e+01
306 KSP unpreconditioned resid norm 1.134119871425e+01 true resid norm 1.134119871425e+01 ||r(i)||/||b|| 3.110860484628e+01
307 KSP unpreconditioned resid norm 1.132192998761e+01 true resid norm 1.132192998761e+01 ||r(i)||/||b|| 3.105575124429e+01
308 KSP unpreconditioned resid norm 1.156835816255e+01 true resid norm 1.156835816255e+01 ||r(i)||/||b|| 3.173169713946e+01
309 KSP unpreconditioned resid norm 1.153237178040e+01 true resid norm 1.153237178040e+01 ||r(i)||/||b|| 3.163298745538e+01
310 KSP unpreconditioned resid norm 1.166630142226e+01 true resid norm 1.166630142226e+01 ||r(i)||/||b|| 3.200035288216e+01
311 KSP unpreconditioned resid norm 1.136998446278e+01 true resid norm 1.136998446278e+01 ||r(i)||/||b|| 3.118756338484e+01
312 KSP unpreconditioned resid norm 1.126450257455e+01 true resid norm 1.126450257455e+01 ||r(i)||/||b|| 3.089822938567e+01
313 KSP unpreconditioned resid norm 1.066979316837e+01 true resid norm 1.066979316837e+01 ||r(i)||/||b|| 2.926695738514e+01
314 KSP unpreconditioned resid norm 1.056668265865e+01 true resid norm 1.056668265865e+01 ||r(i)||/||b|| 2.898412801381e+01
315 KSP unpreconditioned resid norm 1.033917466167e+01 true resid norm 1.033917466167e+01 ||r(i)||/||b|| 2.836007966092e+01
316 KSP unpreconditioned resid norm 1.000940458331e+01 true resid norm 1.000940458331e+01 ||r(i)||/||b|| 2.745552915296e+01
317 KSP unpreconditioned resid norm 9.603414154338e+00 true resid norm 9.603414154338e+00 ||r(i)||/||b|| 2.634190826116e+01
318 KSP unpreconditioned resid norm 9.251270815853e+00 true resid norm 9.251270815853e+00 ||r(i)||/||b|| 2.537598849887e+01
319 KSP unpreconditioned resid norm 8.873191148036e+00 true resid norm 8.873191148036e+00 ||r(i)||/||b|| 2.433892607867e+01
320 KSP unpreconditioned resid norm 8.492540267969e+00 true resid norm 8.492540267969e+00 ||r(i)||/||b|| 2.329481089202e+01
321 KSP unpreconditioned resid norm 8.113644074646e+00 true resid norm 8.113644074646e+00 ||r(i)||/||b|| 2.225550876419e+01
322 KSP unpreconditioned resid norm 7.965737049901e+00 true resid norm 7.965737049901e+00 ||r(i)||/||b|| 2.184980374987e+01
323 KSP unpreconditioned resid norm 7.898218817268e+00 true resid norm 7.898218817268e+00 ||r(i)||/||b|| 2.166460304298e+01
324 KSP unpreconditioned resid norm 7.649490205243e+00 true resid norm 7.649490205243e+00 ||r(i)||/||b|| 2.098234711039e+01
325 KSP unpreconditioned resid norm 7.387367803193e+00 true resid norm 7.387367803193e+00 ||r(i)||/||b|| 2.026335236987e+01
326 KSP unpreconditioned resid norm 7.253819084675e+00 true resid norm 7.253819084675e+00 ||r(i)||/||b|| 1.989703180564e+01
327 KSP unpreconditioned resid norm 6.816118886562e+00 true resid norm 6.816118886562e+00 ||r(i)||/||b|| 1.869643186490e+01
328 KSP unpreconditioned resid norm 6.713817373327e+00 true resid norm 6.713817373327e+00 ||r(i)||/||b|| 1.841582154931e+01
329 KSP unpreconditioned resid norm 6.376281460255e+00 true resid norm 6.376281460255e+00 ||r(i)||/||b|| 1.748996956437e+01
330 KSP unpreconditioned resid norm 6.067131461190e+00 true resid norm 6.067131461190e+00 ||r(i)||/||b|| 1.664197938260e+01
331 KSP unpreconditioned resid norm 6.003360718746e+00 true resid norm 6.003360718746e+00 ||r(i)||/||b|| 1.646705794110e+01
332 KSP unpreconditioned resid norm 5.931034123782e+00 true resid norm 5.931034123782e+00 ||r(i)||/||b|| 1.626866802489e+01
333 KSP unpreconditioned resid norm 5.788319400609e+00 true resid norm 5.788319400609e+00 ||r(i)||/||b|| 1.587720535496e+01
334 KSP unpreconditioned resid norm 5.821254251446e+00 true resid norm 5.821254251446e+00 ||r(i)||/||b|| 1.596754477023e+01
335 KSP unpreconditioned resid norm 5.761747203189e+00 true resid norm 5.761747203189e+00 ||r(i)||/||b|| 1.580431852789e+01
336 KSP unpreconditioned resid norm 5.685321305682e+00 true resid norm 5.685321305682e+00 ||r(i)||/||b|| 1.559468433441e+01
337 KSP unpreconditioned resid norm 5.643193021325e+00 true resid norm 5.643193021325e+00 ||r(i)||/||b|| 1.547912757679e+01
338 KSP unpreconditioned resid norm 5.488340709612e+00 true resid norm 5.488340709612e+00 ||r(i)||/||b|| 1.505437182601e+01
339 KSP unpreconditioned resid norm 5.448360691314e+00 true resid norm 5.448360691314e+00 ||r(i)||/||b|| 1.494470770476e+01
340 KSP unpreconditioned resid norm 5.465357509186e+00 true resid norm 5.465357509186e+00 ||r(i)||/||b|| 1.499132952174e+01
341 KSP unpreconditioned resid norm 5.249435486416e+00 true resid norm 5.249435486416e+00 ||r(i)||/||b|| 1.439906118634e+01
342 KSP unpreconditioned resid norm 5.206694944364e+00 true resid norm 5.206694944364e+00 ||r(i)||/||b|| 1.428182502223e+01
343 KSP unpreconditioned resid norm 5.091936703128e+00 true resid norm 5.091936703128e+00 ||r(i)||/||b|| 1.396704623479e+01
344 KSP unpreconditioned resid norm 5.156531854808e+00 true resid norm 5.156531854808e+00 ||r(i)||/||b|| 1.414422900878e+01
345 KSP unpreconditioned resid norm 5.316307286653e+00 true resid norm 5.316307286653e+00 ||r(i)||/||b|| 1.458248874645e+01
346 KSP unpreconditioned resid norm 5.333994798674e+00 true resid norm 5.333994798674e+00 ||r(i)||/||b|| 1.463100511902e+01
347 KSP unpreconditioned resid norm 5.349007601408e+00 true resid norm 5.349007601408e+00 ||r(i)||/||b|| 1.467218483552e+01
348 KSP unpreconditioned resid norm 5.266644564269e+00 true resid norm 5.266644564269e+00 ||r(i)||/||b|| 1.444626522677e+01
349 KSP unpreconditioned resid norm 5.415904042925e+00 true resid norm 5.415904042925e+00 ||r(i)||/||b|| 1.485567998601e+01
350 KSP unpreconditioned resid norm 5.377520694871e+00 true resid norm 5.377520694871e+00 ||r(i)||/||b|| 1.475039548855e+01
351 KSP unpreconditioned resid norm 5.441629028615e+00 true resid norm 5.441629028615e+00 ||r(i)||/||b|| 1.492624293396e+01
352 KSP unpreconditioned resid norm 5.516571461451e+00 true resid norm 5.516571461451e+00 ||r(i)||/||b|| 1.513180802351e+01
353 KSP unpreconditioned resid norm 5.636125527465e+00 true resid norm 5.636125527465e+00 ||r(i)||/||b|| 1.545974163010e+01
354 KSP unpreconditioned resid norm 5.690409267248e+00 true resid norm 5.690409267248e+00 ||r(i)||/||b|| 1.560864047695e+01
355 KSP unpreconditioned resid norm 5.770971345486e+00 true resid norm 5.770971345486e+00 ||r(i)||/||b|| 1.582962010359e+01
356 KSP unpreconditioned resid norm 5.877884232057e+00 true resid norm 5.877884232057e+00 ||r(i)||/||b|| 1.612287929295e+01
357 KSP unpreconditioned resid norm 5.863547298821e+00 true resid norm 5.863547298821e+00 ||r(i)||/||b|| 1.608355346840e+01
358 KSP unpreconditioned resid norm 5.920056086624e+00 true resid norm 5.920056086624e+00 ||r(i)||/||b|| 1.623855556249e+01
359 KSP unpreconditioned resid norm 5.857737363181e+00 true resid norm 5.857737363181e+00 ||r(i)||/||b|| 1.606761697028e+01
360 KSP unpreconditioned resid norm 5.914624091599e+00 true resid norm 5.914624091599e+00 ||r(i)||/||b|| 1.622365574537e+01
361 KSP unpreconditioned resid norm 5.917158049088e+00 true resid norm 5.917158049088e+00 ||r(i)||/||b|| 1.623060632301e+01
362 KSP unpreconditioned resid norm 5.857515009439e+00 true resid norm 5.857515009439e+00 ||r(i)||/||b|| 1.606700705991e+01
363 KSP unpreconditioned resid norm 5.798536282090e+00 true resid norm 5.798536282090e+00 ||r(i)||/||b|| 1.590522998769e+01
364 KSP unpreconditioned resid norm 5.706964316968e+00 true resid norm 5.706964316968e+00 ||r(i)||/||b|| 1.565405053570e+01
365 KSP unpreconditioned resid norm 5.670390831879e+00 true resid norm 5.670390831879e+00 ||r(i)||/||b|| 1.555373044396e+01
366 KSP unpreconditioned resid norm 5.691163065130e+00 true resid norm 5.691163065130e+00 ||r(i)||/||b|| 1.561070812439e+01
367 KSP unpreconditioned resid norm 5.808127684179e+00 true resid norm 5.808127684179e+00 ||r(i)||/||b|| 1.593153894718e+01
368 KSP unpreconditioned resid norm 5.808555398059e+00 true resid norm 5.808555398059e+00 ||r(i)||/||b|| 1.593271215492e+01
369 KSP unpreconditioned resid norm 6.082641348573e+00 true resid norm 6.082641348573e+00 ||r(i)||/||b|| 1.668452258901e+01
370 KSP unpreconditioned resid norm 6.330526469618e+00 true resid norm 6.330526469618e+00 ||r(i)||/||b|| 1.736446484839e+01
371 KSP unpreconditioned resid norm 6.506511870458e+00 true resid norm 6.506511870458e+00 ||r(i)||/||b|| 1.784718809761e+01
372 KSP unpreconditioned resid norm 6.815502866829e+00 true resid norm 6.815502866829e+00 ||r(i)||/||b|| 1.869474213924e+01
373 KSP unpreconditioned resid norm 7.216664177576e+00 true resid norm 7.216664177576e+00 ||r(i)||/||b|| 1.979511688887e+01
374 KSP unpreconditioned resid norm 7.679846110305e+00 true resid norm 7.679846110305e+00 ||r(i)||/||b|| 2.106561254636e+01
375 KSP unpreconditioned resid norm 7.759365442985e+00 true resid norm 7.759365442985e+00 ||r(i)||/||b|| 2.128373194981e+01
376 KSP unpreconditioned resid norm 7.998367048642e+00 true resid norm 7.998367048642e+00 ||r(i)||/||b|| 2.193930696400e+01
377 KSP unpreconditioned resid norm 8.338096057617e+00 true resid norm 8.338096057617e+00 ||r(i)||/||b|| 2.287117455236e+01
378 KSP unpreconditioned resid norm 8.931122194714e+00 true resid norm 8.931122194714e+00 ||r(i)||/||b|| 2.449782939082e+01
379 KSP unpreconditioned resid norm 9.522855756336e+00 true resid norm 9.522855756336e+00 ||r(i)||/||b|| 2.612093872931e+01
380 KSP unpreconditioned resid norm 1.009072394476e+01 true resid norm 1.009072394476e+01 ||r(i)||/||b|| 2.767858598719e+01
381 KSP unpreconditioned resid norm 1.035618273958e+01 true resid norm 1.035618273958e+01 ||r(i)||/||b|| 2.840673236390e+01
382 KSP unpreconditioned resid norm 1.056715289331e+01 true resid norm 1.056715289331e+01 ||r(i)||/||b|| 2.898541785491e+01
383 KSP unpreconditioned resid norm 1.094978439396e+01 true resid norm 1.094978439396e+01 ||r(i)||/||b|| 3.003496583087e+01
384 KSP unpreconditioned resid norm 1.076589132469e+01 true resid norm 1.076589132469e+01 ||r(i)||/||b|| 2.953055205855e+01
385 KSP unpreconditioned resid norm 1.120800795201e+01 true resid norm 1.120800795201e+01 ||r(i)||/||b|| 3.074326614654e+01
386 KSP unpreconditioned resid norm 1.136327576075e+01 true resid norm 1.136327576075e+01 ||r(i)||/||b|| 3.116916159455e+01
387 KSP unpreconditioned resid norm 1.194301361809e+01 true resid norm 1.194301361809e+01 ||r(i)||/||b|| 3.275936703693e+01
388 KSP unpreconditioned resid norm 1.227444782170e+01 true resid norm 1.227444782170e+01 ||r(i)||/||b|| 3.366848219594e+01
389 KSP unpreconditioned resid norm 1.220823111341e+01 true resid norm 1.220823111341e+01 ||r(i)||/||b|| 3.348685153552e+01
390 KSP unpreconditioned resid norm 1.203794785121e+01 true resid norm 1.203794785121e+01 ||r(i)||/||b|| 3.301976910015e+01
391 KSP unpreconditioned resid norm 1.186321673092e+01 true resid norm 1.186321673092e+01 ||r(i)||/||b|| 3.254048630893e+01
392 KSP unpreconditioned resid norm 1.195909575385e+01 true resid norm 1.195909575385e+01 ||r(i)||/||b|| 3.280347990534e+01
393 KSP unpreconditioned resid norm 1.215418118196e+01 true resid norm 1.215418118196e+01 ||r(i)||/||b|| 3.333859401868e+01
394 KSP unpreconditioned resid norm 1.244822450199e+01 true resid norm 1.244822450199e+01 ||r(i)||/||b|| 3.414514698375e+01
395 KSP unpreconditioned resid norm 1.252688997461e+01 true resid norm 1.252688997461e+01 ||r(i)||/||b|| 3.436092427190e+01
396 KSP unpreconditioned resid norm 1.256434030553e+01 true resid norm 1.256434030553e+01 ||r(i)||/||b|| 3.446364952829e+01
397 KSP unpreconditioned resid norm 1.233315286193e+01 true resid norm 1.233315286193e+01 ||r(i)||/||b|| 3.382950855171e+01
398 KSP unpreconditioned resid norm 1.231717286970e+01 true resid norm 1.231717286970e+01 ||r(i)||/||b|| 3.378567586028e+01
399 KSP unpreconditioned resid norm 1.236296725604e+01 true resid norm 1.236296725604e+01 ||r(i)||/||b|| 3.391128863761e+01
400 KSP unpreconditioned resid norm 1.263905009224e+01 true resid norm 1.263905009224e+01 ||r(i)||/||b|| 3.466857647577e+01
401 KSP unpreconditioned resid norm 1.302747496204e+01 true resid norm 1.302747496204e+01 ||r(i)||/||b|| 3.573401550839e+01
402 KSP unpreconditioned resid norm 1.344003960272e+01 true resid norm 1.344003960272e+01 ||r(i)||/||b|| 3.686566928712e+01
403 KSP unpreconditioned resid norm 1.371222152440e+01 true resid norm 1.371222152440e+01 ||r(i)||/||b|| 3.761225702105e+01
404 KSP unpreconditioned resid norm 1.421289403422e+01 true resid norm 1.421289403422e+01 ||r(i)||/||b|| 3.898558832911e+01
405 KSP unpreconditioned resid norm 1.472473728636e+01 true resid norm 1.472473728636e+01 ||r(i)||/||b|| 4.038956068471e+01
406 KSP unpreconditioned resid norm 1.489528322269e+01 true resid norm 1.489528322269e+01 ||r(i)||/||b|| 4.085736362821e+01
407 KSP unpreconditioned resid norm 1.514111282918e+01 true resid norm 1.514111282918e+01 ||r(i)||/||b|| 4.153166766613e+01
408 KSP unpreconditioned resid norm 1.617221051804e+01 true resid norm 1.617221051804e+01 ||r(i)||/||b|| 4.435994105846e+01
409 KSP unpreconditioned resid norm 1.708665126349e+01 true resid norm 1.708665126349e+01 ||r(i)||/||b|| 4.686822757405e+01
410 KSP unpreconditioned resid norm 1.795576655557e+01 true resid norm 1.795576655557e+01 ||r(i)||/||b|| 4.925218758289e+01
411 KSP unpreconditioned resid norm 1.853315658568e+01 true resid norm 1.853315658568e+01 ||r(i)||/||b|| 5.083595299796e+01
412 KSP unpreconditioned resid norm 1.962636043402e+01 true resid norm 1.962636043402e+01 ||r(i)||/||b|| 5.383458192521e+01
413 KSP unpreconditioned resid norm 2.064326399388e+01 true resid norm 2.064326399388e+01 ||r(i)||/||b|| 5.662392120121e+01
414 KSP unpreconditioned resid norm 2.201334141876e+01 true resid norm 2.201334141876e+01 ||r(i)||/||b|| 6.038200694621e+01
415 KSP unpreconditioned resid norm 2.236954343763e+01 true resid norm 2.236954343763e+01 ||r(i)||/||b|| 6.135905956029e+01
416 KSP unpreconditioned resid norm 2.251102858207e+01 true resid norm 2.251102858207e+01 ||r(i)||/||b|| 6.174714952863e+01
417 KSP unpreconditioned resid norm 2.196270180516e+01 true resid norm 2.196270180516e+01 ||r(i)||/||b|| 6.024310384005e+01
418 KSP unpreconditioned resid norm 2.221278466668e+01 true resid norm 2.221278466668e+01 ||r(i)||/||b|| 6.092907444280e+01
419 KSP unpreconditioned resid norm 2.250938481347e+01 true resid norm 2.250938481347e+01 ||r(i)||/||b|| 6.174264071532e+01
420 KSP unpreconditioned resid norm 2.258655827499e+01 true resid norm 2.258655827499e+01 ||r(i)||/||b|| 6.195432545690e+01
421 KSP unpreconditioned resid norm 2.247029000113e+01 true resid norm 2.247029000113e+01 ||r(i)||/||b|| 6.163540469034e+01
422 KSP unpreconditioned resid norm 2.200579967193e+01 true resid norm 2.200579967193e+01 ||r(i)||/||b|| 6.036132013630e+01
423 KSP unpreconditioned resid norm 2.210643482075e+01 true resid norm 2.210643482075e+01 ||r(i)||/||b|| 6.063735965885e+01
424 KSP unpreconditioned resid norm 2.269144931304e+01 true resid norm 2.269144931304e+01 ||r(i)||/||b|| 6.224203876981e+01
425 KSP unpreconditioned resid norm 2.333569921015e+01 true resid norm 2.333569921015e+01 ||r(i)||/||b|| 6.400919901244e+01
426 KSP unpreconditioned resid norm 2.345145235994e+01 true resid norm 2.345145235994e+01 ||r(i)||/||b|| 6.432670680745e+01
427 KSP unpreconditioned resid norm 2.413875044557e+01 true resid norm 2.413875044557e+01 ||r(i)||/||b|| 6.621194708020e+01
428 KSP unpreconditioned resid norm 2.515997264395e+01 true resid norm 2.515997264395e+01 ||r(i)||/||b|| 6.901313226620e+01
429 KSP unpreconditioned resid norm 2.618740015214e+01 true resid norm 2.618740015214e+01 ||r(i)||/||b|| 7.183133845106e+01
430 KSP unpreconditioned resid norm 2.788383427989e+01 true resid norm 2.788383427989e+01 ||r(i)||/||b|| 7.648461190634e+01
431 KSP unpreconditioned resid norm 3.011544118904e+01 true resid norm 3.011544118904e+01 ||r(i)||/||b|| 8.260584999218e+01
432 KSP unpreconditioned resid norm 3.003580345831e+01 true resid norm 3.003580345831e+01 ||r(i)||/||b|| 8.238740582606e+01
433 KSP unpreconditioned resid norm 3.005782318015e+01 true resid norm 3.005782318015e+01 ||r(i)||/||b|| 8.244780533433e+01
434 KSP unpreconditioned resid norm 3.099825749431e+01 true resid norm 3.099825749431e+01 ||r(i)||/||b|| 8.502739151389e+01
435 KSP unpreconditioned resid norm 3.197677618850e+01 true resid norm 3.197677618850e+01 ||r(i)||/||b|| 8.771144212965e+01
436 KSP unpreconditioned resid norm 3.234005608045e+01 true resid norm 3.234005608045e+01 ||r(i)||/||b|| 8.870790916034e+01
437 KSP unpreconditioned resid norm 3.344336177433e+01 true resid norm 3.344336177433e+01 ||r(i)||/||b|| 9.173424717983e+01
438 KSP unpreconditioned resid norm 3.584620668587e+01 true resid norm 3.584620668587e+01 ||r(i)||/||b|| 9.832518652788e+01
439 KSP unpreconditioned resid norm 3.703387440662e+01 true resid norm 3.703387440662e+01 ||r(i)||/||b|| 1.015829273315e+02
440 KSP unpreconditioned resid norm 3.657481485968e+01 true resid norm 3.657481485968e+01 ||r(i)||/||b|| 1.003237392680e+02
441 KSP unpreconditioned resid norm 3.577957089155e+01 true resid norm 3.577957089155e+01 ||r(i)||/||b|| 9.814240632569e+01
442 KSP unpreconditioned resid norm 3.524506333445e+01 true resid norm 3.524506333445e+01 ||r(i)||/||b|| 9.667626638756e+01
443 KSP unpreconditioned resid norm 3.502388604764e+01 true resid norm 3.502388604764e+01 ||r(i)||/||b|| 9.606958300343e+01
444 KSP unpreconditioned resid norm 3.485034877256e+01 true resid norm 3.485034877256e+01 ||r(i)||/||b|| 9.559357489770e+01
445 KSP unpreconditioned resid norm 3.645857098344e+01 true resid norm 3.645857098344e+01 ||r(i)||/||b|| 1.000048854235e+02
446 KSP unpreconditioned resid norm 3.665804296866e+01 true resid norm 3.665804296866e+01 ||r(i)||/||b|| 1.005520317457e+02
447 KSP unpreconditioned resid norm 3.534249056171e+01 true resid norm 3.534249056171e+01 ||r(i)||/||b|| 9.694350666705e+01
448 KSP unpreconditioned resid norm 3.407989164709e+01 true resid norm 3.407989164709e+01 ||r(i)||/||b|| 9.348023160207e+01
449 KSP unpreconditioned resid norm 3.488968620006e+01 true resid norm 3.488968620006e+01 ||r(i)||/||b|| 9.570147640957e+01
450 KSP unpreconditioned resid norm 3.526481245055e+01 true resid norm 3.526481245055e+01 ||r(i)||/||b|| 9.673043768501e+01
451 KSP unpreconditioned resid norm 3.462439108002e+01 true resid norm 3.462439108002e+01 ||r(i)||/||b|| 9.497377898844e+01
452 KSP unpreconditioned resid norm 3.519556544187e+01 true resid norm 3.519556544187e+01 ||r(i)||/||b|| 9.654049499164e+01
453 KSP unpreconditioned resid norm 3.598373932885e+01 true resid norm 3.598373932885e+01 ||r(i)||/||b|| 9.870243489040e+01
454 KSP unpreconditioned resid norm 3.749205148779e+01 true resid norm 3.749205148779e+01 ||r(i)||/||b|| 1.028396948150e+02
455 KSP unpreconditioned resid norm 3.883165799929e+01 true resid norm 3.883165799929e+01 ||r(i)||/||b|| 1.065141996593e+02
456 KSP unpreconditioned resid norm 3.948516294953e+01 true resid norm 3.948516294953e+01 ||r(i)||/||b|| 1.083067462652e+02
457 KSP unpreconditioned resid norm 3.985827617918e+01 true resid norm 3.985827617918e+01 ||r(i)||/||b|| 1.093301858783e+02
458 KSP unpreconditioned resid norm 3.921455370300e+01 true resid norm 3.921455370300e+01 ||r(i)||/||b|| 1.075644723372e+02
459 KSP unpreconditioned resid norm 3.884676817933e+01 true resid norm 3.884676817933e+01 ||r(i)||/||b|| 1.065556464792e+02
460 KSP unpreconditioned resid norm 4.177964711293e+01 true resid norm 4.177964711293e+01 ||r(i)||/||b|| 1.146004549783e+02
461 KSP unpreconditioned resid norm 4.345203555969e+01 true resid norm 4.345203555969e+01 ||r(i)||/||b|| 1.191877717736e+02
462 KSP unpreconditioned resid norm 4.270933641834e+01 true resid norm 4.270933641834e+01 ||r(i)||/||b|| 1.171505678862e+02
463 KSP unpreconditioned resid norm 4.253577549724e+01 true resid norm 4.253577549724e+01 ||r(i)||/||b|| 1.166744949201e+02
464 KSP unpreconditioned resid norm 4.414729154084e+01 true resid norm 4.414729154084e+01 ||r(i)||/||b|| 1.210948403409e+02
465 KSP unpreconditioned resid norm 4.601765613384e+01 true resid norm 4.601765613384e+01 ||r(i)||/||b|| 1.262252004121e+02
466 KSP unpreconditioned resid norm 4.818950184790e+01 true resid norm 4.818950184790e+01 ||r(i)||/||b|| 1.321825151376e+02
467 KSP unpreconditioned resid norm 4.966672547409e+01 true resid norm 4.966672547409e+01 ||r(i)||/||b|| 1.362345000481e+02
468 KSP unpreconditioned resid norm 5.171438444575e+01 true resid norm 5.171438444575e+01 ||r(i)||/||b|| 1.418511738596e+02
469 KSP unpreconditioned resid norm 5.494415247691e+01 true resid norm 5.494415247691e+01 ||r(i)||/||b|| 1.507103412155e+02
470 KSP unpreconditioned resid norm 5.630567786281e+01 true resid norm 5.630567786281e+01 ||r(i)||/||b|| 1.544449689463e+02
471 KSP unpreconditioned resid norm 5.519500294621e+01 true resid norm 5.519500294621e+01 ||r(i)||/||b|| 1.513984173459e+02
472 KSP unpreconditioned resid norm 5.529391946853e+01 true resid norm 5.529391946853e+01 ||r(i)||/||b|| 1.516697427219e+02
473 KSP unpreconditioned resid norm 5.374547141731e+01 true resid norm 5.374547141731e+01 ||r(i)||/||b|| 1.474223911179e+02
474 KSP unpreconditioned resid norm 5.025035912940e+01 true resid norm 5.025035912940e+01 ||r(i)||/||b|| 1.378353915601e+02
475 KSP unpreconditioned resid norm 4.697601246961e+01 true resid norm 4.697601246961e+01 ||r(i)||/||b|| 1.288539462177e+02
476 KSP unpreconditioned resid norm 4.443517997720e+01 true resid norm 4.443517997720e+01 ||r(i)||/||b|| 1.218845106247e+02
477 KSP unpreconditioned resid norm 4.317495493363e+01 true resid norm 4.317495493363e+01 ||r(i)||/||b|| 1.184277470245e+02
478 KSP unpreconditioned resid norm 4.395769284189e+01 true resid norm 4.395769284189e+01 ||r(i)||/||b|| 1.205747761790e+02
479 KSP unpreconditioned resid norm 4.343788215747e+01 true resid norm 4.343788215747e+01 ||r(i)||/||b|| 1.191489493697e+02
480 KSP unpreconditioned resid norm 4.343182214859e+01 true resid norm 4.343182214859e+01 ||r(i)||/||b|| 1.191323269273e+02
481 KSP unpreconditioned resid norm 4.281571001402e+01 true resid norm 4.281571001402e+01 ||r(i)||/||b|| 1.174423478150e+02
482 KSP unpreconditioned resid norm 4.283613065448e+01 true resid norm 4.283613065448e+01 ||r(i)||/||b|| 1.174983610859e+02
483 KSP unpreconditioned resid norm 4.205019323279e+01 true resid norm 4.205019323279e+01 ||r(i)||/||b|| 1.153425557516e+02
484 KSP unpreconditioned resid norm 4.187629215418e+01 true resid norm 4.187629215418e+01 ||r(i)||/||b|| 1.148655497425e+02
485 KSP unpreconditioned resid norm 4.289258564270e+01 true resid norm 4.289258564270e+01 ||r(i)||/||b|| 1.176532156091e+02
486 KSP unpreconditioned resid norm 4.597549544915e+01 true resid norm 4.597549544915e+01 ||r(i)||/||b|| 1.261095547812e+02
487 KSP unpreconditioned resid norm 5.381213470821e+01 true resid norm 5.381213470821e+01 ||r(i)||/||b|| 1.476052467425e+02
488 KSP unpreconditioned resid norm 6.267972980804e+01 true resid norm 6.267972980804e+01 ||r(i)||/||b|| 1.719288230105e+02
489 KSP unpreconditioned resid norm 6.983693744397e+01 true resid norm 6.983693744397e+01 ||r(i)||/||b|| 1.915608521953e+02
490 KSP unpreconditioned resid norm 7.540220408380e+01 true resid norm 7.540220408380e+01 ||r(i)||/||b|| 2.068262297912e+02
491 KSP unpreconditioned resid norm 7.917891248694e+01 true resid norm 7.917891248694e+01 ||r(i)||/||b|| 2.171856399640e+02
492 KSP unpreconditioned resid norm 8.337896799624e+01 true resid norm 8.337896799624e+01 ||r(i)||/||b|| 2.287062799301e+02
493 KSP unpreconditioned resid norm 8.612731431678e+01 true resid norm 8.612731431678e+01 ||r(i)||/||b|| 2.362449204055e+02
494 KSP unpreconditioned resid norm 9.035073082372e+01 true resid norm 9.035073082372e+01 ||r(i)||/||b|| 2.478296389636e+02
495 KSP unpreconditioned resid norm 9.024609747462e+01 true resid norm 9.024609747462e+01 ||r(i)||/||b|| 2.475426324846e+02
496 KSP unpreconditioned resid norm 8.981609443185e+01 true resid norm 8.981609443185e+01 ||r(i)||/||b|| 2.463631456351e+02
497 KSP unpreconditioned resid norm 8.654073982553e+01 true resid norm 8.654073982553e+01 ||r(i)||/||b|| 2.373789355224e+02
498 KSP unpreconditioned resid norm 8.213962984457e+01 true resid norm 8.213962984457e+01 ||r(i)||/||b|| 2.253068085160e+02
499 KSP unpreconditioned resid norm 7.981143447612e+01 true resid norm 7.981143447612e+01 ||r(i)||/||b|| 2.189206308688e+02
500 KSP unpreconditioned resid norm 7.236770456972e+01 true resid norm 7.236770456972e+01 ||r(i)||/||b|| 1.985026787567e+02
501 KSP unpreconditioned resid norm 6.480405693487e+01 true resid norm 6.480405693487e+01 ||r(i)||/||b|| 1.777557955218e+02
502 KSP unpreconditioned resid norm 5.706140264361e+01 true resid norm 5.706140264361e+01 ||r(i)||/||b|| 1.565179018143e+02
503 KSP unpreconditioned resid norm 4.819064652116e+01 true resid norm 4.819064652116e+01 ||r(i)||/||b|| 1.321856549458e+02
504 KSP unpreconditioned resid norm 4.262817585891e+01 true resid norm 4.262817585891e+01 ||r(i)||/||b|| 1.169279466416e+02
505 KSP unpreconditioned resid norm 3.717923583329e+01 true resid norm 3.717923583329e+01 ||r(i)||/||b|| 1.019816498384e+02
506 KSP unpreconditioned resid norm 3.292742178101e+01 true resid norm 3.292742178101e+01 ||r(i)||/||b|| 9.031903757270e+01
507 KSP unpreconditioned resid norm 2.882251887704e+01 true resid norm 2.882251887704e+01 ||r(i)||/||b|| 7.905939865893e+01
508 KSP unpreconditioned resid norm 2.518519856546e+01 true resid norm 2.518519856546e+01 ||r(i)||/||b|| 6.908232629444e+01
509 KSP unpreconditioned resid norm 2.189604697836e+01 true resid norm 2.189604697836e+01 ||r(i)||/||b|| 6.006027143227e+01
510 KSP unpreconditioned resid norm 2.091528128925e+01 true resid norm 2.091528128925e+01 ||r(i)||/||b|| 5.737005736953e+01
511 KSP unpreconditioned resid norm 2.124320294507e+01 true resid norm 2.124320294507e+01 ||r(i)||/||b|| 5.826953770390e+01
512 KSP unpreconditioned resid norm 2.142106148798e+01 true resid norm 2.142106148798e+01 ||r(i)||/||b|| 5.875739893173e+01
513 KSP unpreconditioned resid norm 2.124344893408e+01 true resid norm 2.124344893408e+01 ||r(i)||/||b|| 5.827021244517e+01
514 KSP unpreconditioned resid norm 2.028657190726e+01 true resid norm 2.028657190726e+01 ||r(i)||/||b|| 5.564552434439e+01
515 KSP unpreconditioned resid norm 1.925793500259e+01 true resid norm 1.925793500259e+01 ||r(i)||/||b|| 5.282400081731e+01
516 KSP unpreconditioned resid norm 1.867536435326e+01 true resid norm 1.867536435326e+01 ||r(i)||/||b|| 5.122602510225e+01
517 KSP unpreconditioned resid norm 1.905604311714e+01 true resid norm 1.905604311714e+01 ||r(i)||/||b|| 5.227021677345e+01
518 KSP unpreconditioned resid norm 2.018403317198e+01 true resid norm 2.018403317198e+01 ||r(i)||/||b|| 5.536426333508e+01
519 KSP unpreconditioned resid norm 2.178737672293e+01 true resid norm 2.178737672293e+01 ||r(i)||/||b|| 5.976219182711e+01
520 KSP unpreconditioned resid norm 2.477036140884e+01 true resid norm 2.477036140884e+01 ||r(i)||/||b|| 6.794443906523e+01
521 KSP unpreconditioned resid norm 2.827785873913e+01 true resid norm 2.827785873913e+01 ||r(i)||/||b|| 7.756541046310e+01
522 KSP unpreconditioned resid norm 3.226537324615e+01 true resid norm 3.226537324615e+01 ||r(i)||/||b|| 8.850305614262e+01
523 KSP unpreconditioned resid norm 3.783412634261e+01 true resid norm 3.783412634261e+01 ||r(i)||/||b|| 1.037779969958e+02
524 KSP unpreconditioned resid norm 4.488865871931e+01 true resid norm 4.488865871931e+01 ||r(i)||/||b|| 1.231283906897e+02
525 KSP unpreconditioned resid norm 5.173194732350e+01 true resid norm 5.173194732350e+01 ||r(i)||/||b|| 1.418993483637e+02
526 KSP unpreconditioned resid norm 6.005324790322e+01 true resid norm 6.005324790322e+01 ||r(i)||/||b|| 1.647244533692e+02
527 KSP unpreconditioned resid norm 6.583354116594e+01 true resid norm 6.583354116594e+01 ||r(i)||/||b|| 1.805796432425e+02
528 KSP unpreconditioned resid norm 7.466505207461e+01 true resid norm 7.466505207461e+01 ||r(i)||/||b|| 2.048042415390e+02
529 KSP unpreconditioned resid norm 8.142777190192e+01 true resid norm 8.142777190192e+01 ||r(i)||/||b|| 2.233542012121e+02
530 KSP unpreconditioned resid norm 9.009730305170e+01 true resid norm 9.009730305170e+01 ||r(i)||/||b|| 2.471344933608e+02
531 KSP unpreconditioned resid norm 9.228423760365e+01 true resid norm 9.228423760365e+01 ||r(i)||/||b|| 2.531331963652e+02
532 KSP unpreconditioned resid norm 9.028766540896e+01 true resid norm 9.028766540896e+01 ||r(i)||/||b|| 2.476566522171e+02
533 KSP unpreconditioned resid norm 8.627902146357e+01 true resid norm 8.627902146357e+01 ||r(i)||/||b|| 2.366610490530e+02
534 KSP unpreconditioned resid norm 7.968734848187e+01 true resid norm 7.968734848187e+01 ||r(i)||/||b|| 2.185802663042e+02
535 KSP unpreconditioned resid norm 7.145977104664e+01 true resid norm 7.145977104664e+01 ||r(i)||/||b|| 1.960122413781e+02
536 KSP unpreconditioned resid norm 6.474665097628e+01 true resid norm 6.474665097628e+01 ||r(i)||/||b|| 1.775983325122e+02
537 KSP unpreconditioned resid norm 5.829191388293e+01 true resid norm 5.829191388293e+01 ||r(i)||/||b|| 1.598931612439e+02
538 KSP unpreconditioned resid norm 5.288937394832e+01 true resid norm 5.288937394832e+01 ||r(i)||/||b|| 1.450741386497e+02
539 KSP unpreconditioned resid norm 4.713061686093e+01 true resid norm 4.713061686093e+01 ||r(i)||/||b|| 1.292780219295e+02
540 KSP unpreconditioned resid norm 4.157113823383e+01 true resid norm 4.157113823383e+01 ||r(i)||/||b|| 1.140285206978e+02
541 KSP unpreconditioned resid norm 3.836115112116e+01 true resid norm 3.836115112116e+01 ||r(i)||/||b|| 1.052236118724e+02
542 KSP unpreconditioned resid norm 3.418749094803e+01 true resid norm 3.418749094803e+01 ||r(i)||/||b|| 9.377537360769e+01
543 KSP unpreconditioned resid norm 2.964734355764e+01 true resid norm 2.964734355764e+01 ||r(i)||/||b|| 8.132187070467e+01
544 KSP unpreconditioned resid norm 2.571637999521e+01 true resid norm 2.571637999521e+01 ||r(i)||/||b|| 7.053934275416e+01
545 KSP unpreconditioned resid norm 2.200615388744e+01 true resid norm 2.200615388744e+01 ||r(i)||/||b|| 6.036229173997e+01
546 KSP unpreconditioned resid norm 1.886353127688e+01 true resid norm 1.886353127688e+01 ||r(i)||/||b|| 5.174216194276e+01
547 KSP unpreconditioned resid norm 1.621402974588e+01 true resid norm 1.621402974588e+01 ||r(i)||/||b|| 4.447465008232e+01
548 KSP unpreconditioned resid norm 1.322051208462e+01 true resid norm 1.322051208462e+01 ||r(i)||/||b|| 3.626351117446e+01
549 KSP unpreconditioned resid norm 1.095339406531e+01 true resid norm 1.095339406531e+01 ||r(i)||/||b|| 3.004486706288e+01
550 KSP unpreconditioned resid norm 9.179306468325e+00 true resid norm 9.179306468325e+00 ||r(i)||/||b|| 2.517859221769e+01
551 KSP unpreconditioned resid norm 7.663651731049e+00 true resid norm 7.663651731049e+00 ||r(i)||/||b|| 2.102119179704e+01
552 KSP unpreconditioned resid norm 6.299187253602e+00 true resid norm 6.299187253602e+00 ||r(i)||/||b|| 1.727850221677e+01
553 KSP unpreconditioned resid norm 5.235217263597e+00 true resid norm 5.235217263597e+00 ||r(i)||/||b|| 1.436006098129e+01
554 KSP unpreconditioned resid norm 4.378869566284e+00 true resid norm 4.378869566284e+00 ||r(i)||/||b|| 1.201112214353e+01
555 KSP unpreconditioned resid norm 3.657101438838e+00 true resid norm 3.657101438838e+00 ||r(i)||/||b|| 1.003133146769e+01
556 KSP unpreconditioned resid norm 3.068972952044e+00 true resid norm 3.068972952044e+00 ||r(i)||/||b|| 8.418110753062e+00
557 KSP unpreconditioned resid norm 2.561983309621e+00 true resid norm 2.561983309621e+00 ||r(i)||/||b|| 7.027451719155e+00
558 KSP unpreconditioned resid norm 2.311947135307e+00 true resid norm 2.311947135307e+00 ||r(i)||/||b|| 6.341609178170e+00
559 KSP unpreconditioned resid norm 2.215244319725e+00 true resid norm 2.215244319725e+00 ||r(i)||/||b|| 6.076355940548e+00
560 KSP unpreconditioned resid norm 2.115167169725e+00 true resid norm 2.115167169725e+00 ||r(i)||/||b|| 5.801846993836e+00
561 KSP unpreconditioned resid norm 2.077193969515e+00 true resid norm 2.077193969515e+00 ||r(i)||/||b|| 5.697687520942e+00
562 KSP unpreconditioned resid norm 1.993560954488e+00 true resid norm 1.993560954488e+00 ||r(i)||/||b|| 5.468284396798e+00
563 KSP unpreconditioned resid norm 1.956317406492e+00 true resid norm 1.956317406492e+00 ||r(i)||/||b|| 5.366126340418e+00
564 KSP unpreconditioned resid norm 2.017659068305e+00 true resid norm 2.017659068305e+00 ||r(i)||/||b|| 5.534384878694e+00
565 KSP unpreconditioned resid norm 2.058029201186e+00 true resid norm 2.058029201186e+00 ||r(i)||/||b|| 5.645119073819e+00
566 KSP unpreconditioned resid norm 2.240971567628e+00 true resid norm 2.240971567628e+00 ||r(i)||/||b|| 6.146925093683e+00
567 KSP unpreconditioned resid norm 2.514606950214e+00 true resid norm 2.514606950214e+00 ||r(i)||/||b|| 6.897499631993e+00
568 KSP unpreconditioned resid norm 2.759159035444e+00 true resid norm 2.759159035444e+00 ||r(i)||/||b|| 7.568299463246e+00
569 KSP unpreconditioned resid norm 2.921980751759e+00 true resid norm 2.921980751759e+00 ||r(i)||/||b|| 8.014915077776e+00
570 KSP unpreconditioned resid norm 3.074475848182e+00 true resid norm 3.074475848182e+00 ||r(i)||/||b|| 8.433205050038e+00
571 KSP unpreconditioned resid norm 3.287347928237e+00 true resid norm 3.287347928237e+00 ||r(i)||/||b|| 9.017107474118e+00
572 KSP unpreconditioned resid norm 3.727548378174e+00 true resid norm 3.727548378174e+00 ||r(i)||/||b|| 1.022456553876e+01
573 KSP unpreconditioned resid norm 4.322606369063e+00 true resid norm 4.322606369063e+00 ||r(i)||/||b|| 1.185679369785e+01
574 KSP unpreconditioned resid norm 5.119318216374e+00 true resid norm 5.119318216374e+00 ||r(i)||/||b|| 1.404215299353e+01
575 KSP unpreconditioned resid norm 5.893440511969e+00 true resid norm 5.893440511969e+00 ||r(i)||/||b|| 1.616554975282e+01
576 KSP unpreconditioned resid norm 6.882915893636e+00 true resid norm 6.882915893636e+00 ||r(i)||/||b|| 1.887965426937e+01
577 KSP unpreconditioned resid norm 8.364691222804e+00 true resid norm 8.364691222804e+00 ||r(i)||/||b|| 2.294412437940e+01
578 KSP unpreconditioned resid norm 9.918876872763e+00 true resid norm 9.918876872763e+00 ||r(i)||/||b|| 2.720721406335e+01
579 KSP unpreconditioned resid norm 1.129756040141e+01 true resid norm 1.129756040141e+01 ||r(i)||/||b|| 3.098890612090e+01
580 KSP unpreconditioned resid norm 1.313338491791e+01 true resid norm 1.313338491791e+01 ||r(i)||/||b|| 3.602452368566e+01
581 KSP unpreconditioned resid norm 1.604666008695e+01 true resid norm 1.604666008695e+01 ||r(i)||/||b|| 4.401555958279e+01
582 KSP unpreconditioned resid norm 1.938944107183e+01 true resid norm 1.938944107183e+01 ||r(i)||/||b|| 5.318471844917e+01
583 KSP unpreconditioned resid norm 2.205426236051e+01 true resid norm 2.205426236051e+01 ||r(i)||/||b|| 6.049425199535e+01
584 KSP unpreconditioned resid norm 2.416993809469e+01 true resid norm 2.416993809469e+01 ||r(i)||/||b|| 6.629749396787e+01
585 KSP unpreconditioned resid norm 2.526833464634e+01 true resid norm 2.526833464634e+01 ||r(i)||/||b|| 6.931036634149e+01
586 KSP unpreconditioned resid norm 2.570337631502e+01 true resid norm 2.570337631502e+01 ||r(i)||/||b|| 7.050367400707e+01
587 KSP unpreconditioned resid norm 2.548760889084e+01 true resid norm 2.548760889084e+01 ||r(i)||/||b|| 6.991182973147e+01
588 KSP unpreconditioned resid norm 2.461072834435e+01 true resid norm 2.461072834435e+01 ||r(i)||/||b|| 6.750656983738e+01
589 KSP unpreconditioned resid norm 2.324350184788e+01 true resid norm 2.324350184788e+01 ||r(i)||/||b|| 6.375630411279e+01
590 KSP unpreconditioned resid norm 2.152926788774e+01 true resid norm 2.152926788774e+01 ||r(i)||/||b|| 5.905420619318e+01
591 KSP unpreconditioned resid norm 1.939918055152e+01 true resid norm 1.939918055152e+01 ||r(i)||/||b|| 5.321143358156e+01
592 KSP unpreconditioned resid norm 1.729818742819e+01 true resid norm 1.729818742819e+01 ||r(i)||/||b|| 4.744846561803e+01
593 KSP unpreconditioned resid norm 1.558531365888e+01 true resid norm 1.558531365888e+01 ||r(i)||/||b|| 4.275009866551e+01
594 KSP unpreconditioned resid norm 1.352574845907e+01 true resid norm 1.352574845907e+01 ||r(i)||/||b|| 3.710076638853e+01
595 KSP unpreconditioned resid norm 1.169858835379e+01 true resid norm 1.169858835379e+01 ||r(i)||/||b|| 3.208891507209e+01
596 KSP unpreconditioned resid norm 1.041591895756e+01 true resid norm 1.041591895756e+01 ||r(i)||/||b|| 2.857058721266e+01
597 KSP unpreconditioned resid norm 9.252379731600e+00 true resid norm 9.252379731600e+00 ||r(i)||/||b|| 2.537903022511e+01
598 KSP unpreconditioned resid norm 8.017222389915e+00 true resid norm 8.017222389915e+00 ||r(i)||/||b|| 2.199102666098e+01
599 KSP unpreconditioned resid norm 6.826044946424e+00 true resid norm 6.826044946424e+00 ||r(i)||/||b|| 1.872365878171e+01
600 KSP unpreconditioned resid norm 5.826063599076e+00 true resid norm 5.826063599076e+00 ||r(i)||/||b|| 1.598073668220e+01
601 KSP unpreconditioned resid norm 4.994835461786e+00 true resid norm 4.994835461786e+00 ||r(i)||/||b|| 1.370070012596e+01
602 KSP unpreconditioned resid norm 4.310945711507e+00 true resid norm 4.310945711507e+00 ||r(i)||/||b|| 1.182480882594e+01
603 KSP unpreconditioned resid norm 3.744474809041e+00 true resid norm 3.744474809041e+00 ||r(i)||/||b|| 1.027099428607e+01
604 KSP unpreconditioned resid norm 3.198541147945e+00 true resid norm 3.198541147945e+00 ||r(i)||/||b|| 8.773512850185e+00
605 KSP unpreconditioned resid norm 2.737637094565e+00 true resid norm 2.737637094565e+00 ||r(i)||/||b|| 7.509265354843e+00
606 KSP unpreconditioned resid norm 2.326973866016e+00 true resid norm 2.326973866016e+00 ||r(i)||/||b|| 6.382827098738e+00
607 KSP unpreconditioned resid norm 1.992190322241e+00 true resid norm 1.992190322241e+00 ||r(i)||/||b|| 5.464524789192e+00
608 KSP unpreconditioned resid norm 1.777619603240e+00 true resid norm 1.777619603240e+00 ||r(i)||/||b|| 4.875963043898e+00
609 KSP unpreconditioned resid norm 1.549706746782e+00 true resid norm 1.549706746782e+00 ||r(i)||/||b|| 4.250804172286e+00
610 KSP unpreconditioned resid norm 1.288016393922e+00 true resid norm 1.288016393922e+00 ||r(i)||/||b|| 3.532994531143e+00
611 KSP unpreconditioned resid norm 1.091170519866e+00 true resid norm 1.091170519866e+00 ||r(i)||/||b|| 2.993051561628e+00
612 KSP unpreconditioned resid norm 9.228146418817e-01 true resid norm 9.228146418817e-01 ||r(i)||/||b|| 2.531255889607e+00
613 KSP unpreconditioned resid norm 8.002767401763e-01 true resid norm 8.002767401763e-01 ||r(i)||/||b|| 2.195137701496e+00
614 KSP unpreconditioned resid norm 6.861958546234e-01 true resid norm 6.861958546234e-01 ||r(i)||/||b|| 1.882216882578e+00
615 KSP unpreconditioned resid norm 5.823826050015e-01 true resid norm 5.823826050015e-01 ||r(i)||/||b|| 1.597459914495e+00
616 KSP unpreconditioned resid norm 4.751571085173e-01 true resid norm 4.751571085173e-01 ||r(i)||/||b|| 1.303343244501e+00
617 KSP unpreconditioned resid norm 3.814694851411e-01 true resid norm 3.814694851411e-01 ||r(i)||/||b|| 1.046360598484e+00
618 KSP unpreconditioned resid norm 3.131321831480e-01 true resid norm 3.131321831480e-01 ||r(i)||/||b|| 8.589132062346e-01
619 KSP unpreconditioned resid norm 2.661720413044e-01 true resid norm 2.661720413044e-01 ||r(i)||/||b|| 7.301027927197e-01
620 KSP unpreconditioned resid norm 2.262725410476e-01 true resid norm 2.262725410476e-01 ||r(i)||/||b|| 6.206595302987e-01
621 KSP unpreconditioned resid norm 1.843842991443e-01 true resid norm 1.843842991443e-01 ||r(i)||/||b|| 5.057612027139e-01
622 KSP unpreconditioned resid norm 1.562552675289e-01 true resid norm 1.562552675289e-01 ||r(i)||/||b|| 4.286040210720e-01
623 KSP unpreconditioned resid norm 1.303750496025e-01 true resid norm 1.303750496025e-01 ||r(i)||/||b|| 3.576152752531e-01
624 KSP unpreconditioned resid norm 1.111531939247e-01 true resid norm 1.111531939247e-01 ||r(i)||/||b|| 3.048902390591e-01
625 KSP unpreconditioned resid norm 9.502133864394e-02 true resid norm 9.502133864394e-02 ||r(i)||/||b|| 2.606409913375e-01
626 KSP unpreconditioned resid norm 8.063355695679e-02 true resid norm 8.063355695679e-02 ||r(i)||/||b|| 2.211756908523e-01
627 KSP unpreconditioned resid norm 6.681773040347e-02 true resid norm 6.681773040347e-02 ||r(i)||/||b|| 1.832792480070e-01
628 KSP unpreconditioned resid norm 5.591962389591e-02 true resid norm 5.591962389591e-02 ||r(i)||/||b|| 1.533860332369e-01
629 KSP unpreconditioned resid norm 4.661562043808e-02 true resid norm 4.661562043808e-02 ||r(i)||/||b|| 1.278654005110e-01
630 KSP unpreconditioned resid norm 3.953922824973e-02 true resid norm 3.953922824973e-02 ||r(i)||/||b|| 1.084550459381e-01
631 KSP unpreconditioned resid norm 3.350923583444e-02 true resid norm 3.350923583444e-02 ||r(i)||/||b|| 9.191493796545e-02
632 KSP unpreconditioned resid norm 2.807615670151e-02 true resid norm 2.807615670151e-02 ||r(i)||/||b|| 7.701214716677e-02
633 KSP unpreconditioned resid norm 2.362438245530e-02 true resid norm 2.362438245530e-02 ||r(i)||/||b|| 6.480104943544e-02
634 KSP unpreconditioned resid norm 2.022703764565e-02 true resid norm 2.022703764565e-02 ||r(i)||/||b|| 5.548222345655e-02
635 KSP unpreconditioned resid norm 1.770808965193e-02 true resid norm 1.770808965193e-02 ||r(i)||/||b|| 4.857281645828e-02
636 KSP unpreconditioned resid norm 1.533245671041e-02 true resid norm 1.533245671041e-02 ||r(i)||/||b|| 4.205651881643e-02
637 KSP unpreconditioned resid norm 1.333301345517e-02 true resid norm 1.333301345517e-02 ||r(i)||/||b|| 3.657209942594e-02
638 KSP unpreconditioned resid norm 1.131233371792e-02 true resid norm 1.131233371792e-02 ||r(i)||/||b|| 3.102942893308e-02
639 KSP unpreconditioned resid norm 9.435757628304e-03 true resid norm 9.435757628304e-03 ||r(i)||/||b|| 2.588203089284e-02
640 KSP unpreconditioned resid norm 8.143435004433e-03 true resid norm 8.143435004433e-03 ||r(i)||/||b|| 2.233722448809e-02
641 KSP unpreconditioned resid norm 6.921677951730e-03 true resid norm 6.921677951730e-03 ||r(i)||/||b|| 1.898597755835e-02
642 KSP unpreconditioned resid norm 5.898377360993e-03 true resid norm 5.898377360993e-03 ||r(i)||/||b|| 1.617909139770e-02
643 KSP unpreconditioned resid norm 5.081383418176e-03 true resid norm 5.081383418176e-03 ||r(i)||/||b|| 1.393809885632e-02
644 KSP unpreconditioned resid norm 4.254837368401e-03 true resid norm 4.254837368401e-03 ||r(i)||/||b|| 1.167090514095e-02
645 KSP unpreconditioned resid norm 3.672530630322e-03 true resid norm 3.672530630322e-03 ||r(i)||/||b|| 1.007365332740e-02
646 KSP unpreconditioned resid norm 3.115525464004e-03 true resid norm 3.115525464004e-03 ||r(i)||/||b|| 8.545803048704e-03
647 KSP unpreconditioned resid norm 2.624686827573e-03 true resid norm 2.624686827573e-03 ||r(i)||/||b|| 7.199445792408e-03
648 KSP unpreconditioned resid norm 2.237277451285e-03 true resid norm 2.237277451285e-03 ||r(i)||/||b|| 6.136792231323e-03
649 KSP unpreconditioned resid norm 1.898456211069e-03 true resid norm 1.898456211069e-03 ||r(i)||/||b|| 5.207414628391e-03
650 KSP unpreconditioned resid norm 1.619123795139e-03 true resid norm 1.619123795139e-03 ||r(i)||/||b|| 4.441213279940e-03
651 KSP unpreconditioned resid norm 1.384174862632e-03 true resid norm 1.384174862632e-03 ||r(i)||/||b|| 3.796754639848e-03
652 KSP unpreconditioned resid norm 1.184934029958e-03 true resid norm 1.184934029958e-03 ||r(i)||/||b|| 3.250242362876e-03
653 KSP unpreconditioned resid norm 1.005901011022e-03 true resid norm 1.005901011022e-03 ||r(i)||/||b|| 2.759159578699e-03
654 KSP unpreconditioned resid norm 8.819604054734e-04 true resid norm 8.819604054734e-04 ||r(i)||/||b|| 2.419193811449e-03
655 KSP unpreconditioned resid norm 7.766758798195e-04 true resid norm 7.766758798195e-04 ||r(i)||/||b|| 2.130401172548e-03
656 KSP unpreconditioned resid norm 6.835042031964e-04 true resid norm 6.835042031964e-04 ||r(i)||/||b|| 1.874833754679e-03
657 KSP unpreconditioned resid norm 5.857311872042e-04 true resid norm 5.857311872042e-04 ||r(i)||/||b|| 1.606644985946e-03
658 KSP unpreconditioned resid norm 5.005123918266e-04 true resid norm 5.005123918266e-04 ||r(i)||/||b|| 1.372892108700e-03
659 KSP unpreconditioned resid norm 4.299327411077e-04 true resid norm 4.299327411077e-04 ||r(i)||/||b|| 1.179294013849e-03
660 KSP unpreconditioned resid norm 3.635984722409e-04 true resid norm 3.635984722409e-04 ||r(i)||/||b|| 9.973408879114e-04
661 KSP unpreconditioned resid norm 3.249473624000e-04 true resid norm 3.249473624000e-04 ||r(i)||/||b|| 8.913219270233e-04
662 KSP unpreconditioned resid norm 2.761206204286e-04 true resid norm 2.761206204286e-04 ||r(i)||/||b|| 7.573914792648e-04
663 KSP unpreconditioned resid norm 2.295427023634e-04 true resid norm 2.295427023634e-04 ||r(i)||/||b|| 6.296294953544e-04
664 KSP unpreconditioned resid norm 1.886188409191e-04 true resid norm 1.886188409191e-04 ||r(i)||/||b|| 5.173764375841e-04
665 KSP unpreconditioned resid norm 1.526565164103e-04 true resid norm 1.526565164103e-04 ||r(i)||/||b|| 4.187327429726e-04
666 KSP unpreconditioned resid norm 1.256550777409e-04 true resid norm 1.256550777409e-04 ||r(i)||/||b|| 3.446685186335e-04
667 KSP unpreconditioned resid norm 9.989512363364e-05 true resid norm 9.989512363364e-05 ||r(i)||/||b|| 2.740096532550e-04
668 KSP unpreconditioned resid norm 7.969277309829e-05 true resid norm 7.969277309829e-05 ||r(i)||/||b|| 2.185951458820e-04
669 KSP unpreconditioned resid norm 6.566887962190e-05 true resid norm 6.566887962190e-05 ||r(i)||/||b|| 1.801279810297e-04
670 KSP unpreconditioned resid norm 5.537219432717e-05 true resid norm 5.537219432717e-05 ||r(i)||/||b|| 1.518844485663e-04
671 KSP unpreconditioned resid norm 4.659655265400e-05 true resid norm 4.659655265400e-05 ||r(i)||/||b|| 1.278130980890e-04
672 KSP unpreconditioned resid norm 3.947645484955e-05 true resid norm 3.947645484955e-05 ||r(i)||/||b|| 1.082828601798e-04
673 KSP unpreconditioned resid norm 3.248344118384e-05 true resid norm 3.248344118384e-05 ||r(i)||/||b|| 8.910121066528e-05
674 KSP unpreconditioned resid norm 2.611138860894e-05 true resid norm 2.611138860894e-05 ||r(i)||/||b|| 7.162284082037e-05
675 KSP unpreconditioned resid norm 2.209557779626e-05 true resid norm 2.209557779626e-05 ||r(i)||/||b|| 6.060757913096e-05
676 KSP unpreconditioned resid norm 1.862573208042e-05 true resid norm 1.862573208042e-05 ||r(i)||/||b|| 5.108988510484e-05
677 KSP unpreconditioned resid norm 1.582039969714e-05 true resid norm 1.582039969714e-05 ||r(i)||/||b|| 4.339493338301e-05
678 KSP unpreconditioned resid norm 1.353154124545e-05 true resid norm 1.353154124545e-05 ||r(i)||/||b|| 3.711665584668e-05
679 KSP unpreconditioned resid norm 1.207781862191e-05 true resid norm 1.207781862191e-05 ||r(i)||/||b|| 3.312913355815e-05
680 KSP unpreconditioned resid norm 1.066862157670e-05 true resid norm 1.066862157670e-05 ||r(i)||/||b|| 2.926374374050e-05
681 KSP unpreconditioned resid norm 9.299804515286e-06 true resid norm 9.299804515286e-06 ||r(i)||/||b|| 2.550911513878e-05
682 KSP unpreconditioned resid norm 8.198510378192e-06 true resid norm 8.198510378192e-06 ||r(i)||/||b|| 2.248829476577e-05
683 KSP unpreconditioned resid norm 6.967289565526e-06 true resid norm 6.967289565526e-06 ||r(i)||/||b|| 1.911108899548e-05
684 KSP unpreconditioned resid norm 6.040997848729e-06 true resid norm 6.040997848729e-06 ||r(i)||/||b|| 1.657029558235e-05
685 KSP unpreconditioned resid norm 5.114102346466e-06 true resid norm 5.114102346466e-06 ||r(i)||/||b|| 1.402784600183e-05
686 KSP unpreconditioned resid norm 4.366231998648e-06 true resid norm 4.366231998648e-06 ||r(i)||/||b|| 1.197645763339e-05
687 KSP unpreconditioned resid norm 3.569523080461e-06 true resid norm 3.569523080461e-06 ||r(i)||/||b|| 9.791106372218e-06
688 KSP unpreconditioned resid norm 2.918444134637e-06 true resid norm 2.918444134637e-06 ||r(i)||/||b|| 8.005214231566e-06
689 KSP unpreconditioned resid norm 2.341145368244e-06 true resid norm 2.341145368244e-06 ||r(i)||/||b|| 6.421699150448e-06
690 KSP unpreconditioned resid norm 1.846734745631e-06 true resid norm 1.846734745631e-06 ||r(i)||/||b|| 5.065544031561e-06
691 KSP unpreconditioned resid norm 1.519830045807e-06 true resid norm 1.519830045807e-06 ||r(i)||/||b|| 4.168853180317e-06
692 KSP unpreconditioned resid norm 1.300783850553e-06 true resid norm 1.300783850553e-06 ||r(i)||/||b|| 3.568015323320e-06
693 KSP unpreconditioned resid norm 1.097125354331e-06 true resid norm 1.097125354331e-06 ||r(i)||/||b|| 3.009385513350e-06
694 KSP unpreconditioned resid norm 9.506191437436e-07 true resid norm 9.506191437436e-07 ||r(i)||/||b|| 2.607522894812e-06
695 KSP unpreconditioned resid norm 7.977970270452e-07 true resid norm 7.977970270452e-07 ||r(i)||/||b|| 2.188335914677e-06
696 KSP unpreconditioned resid norm 6.704088191339e-07 true resid norm 6.704088191339e-07 ||r(i)||/||b|| 1.838913466324e-06
697 KSP unpreconditioned resid norm 5.770347951797e-07 true resid norm 5.770347951797e-07 ||r(i)||/||b|| 1.582791015137e-06
698 KSP unpreconditioned resid norm 4.916662088242e-07 true resid norm 4.916662088242e-07 ||r(i)||/||b|| 1.348627265243e-06
699 KSP unpreconditioned resid norm 4.279169708463e-07 true resid norm 4.279169708463e-07 ||r(i)||/||b|| 1.173764809918e-06
700 KSP unpreconditioned resid norm 3.772479700534e-07 true resid norm 3.772479700534e-07 ||r(i)||/||b|| 1.034781095468e-06
701 KSP unpreconditioned resid norm 3.262475855906e-07 true resid norm 3.262475855906e-07 ||r(i)||/||b|| 8.948884044714e-07
702 KSP unpreconditioned resid norm 2.859540109088e-07 true resid norm 2.859540109088e-07 ||r(i)||/||b|| 7.843642064388e-07
703 KSP unpreconditioned resid norm 2.452437960287e-07 true resid norm 2.452437960287e-07 ||r(i)||/||b|| 6.726971754819e-07
704 KSP unpreconditioned resid norm 2.041427359123e-07 true resid norm 2.041427359123e-07 ||r(i)||/||b|| 5.599580664920e-07
705 KSP unpreconditioned resid norm 1.647117018741e-07 true resid norm 1.647117018741e-07 ||r(i)||/||b|| 4.517997943834e-07
706 KSP unpreconditioned resid norm 1.313503825285e-07 true resid norm 1.313503825285e-07 ||r(i)||/||b|| 3.602905873919e-07
707 KSP unpreconditioned resid norm 1.095871004135e-07 true resid norm 1.095871004135e-07 ||r(i)||/||b|| 3.005944864303e-07
708 KSP unpreconditioned resid norm 9.145176478215e-08 true resid norm 9.145176478215e-08 ||r(i)||/||b|| 2.508497456735e-07
709 KSP unpreconditioned resid norm 7.705869869123e-08 true resid norm 7.705869869123e-08 ||r(i)||/||b|| 2.113699502101e-07
710 KSP unpreconditioned resid norm 6.601074169980e-08 true resid norm 6.601074169980e-08 ||r(i)||/||b|| 1.810656995691e-07
711 KSP unpreconditioned resid norm 6.064169051272e-08 true resid norm 6.064169051272e-08 ||r(i)||/||b|| 1.663385357140e-07
712 KSP unpreconditioned resid norm 5.746862804623e-08 true resid norm 5.746862804623e-08 ||r(i)||/||b|| 1.576349102058e-07
713 KSP unpreconditioned resid norm 5.676704799671e-08 true resid norm 5.676704799671e-08 ||r(i)||/||b|| 1.557104948880e-07
714 KSP unpreconditioned resid norm 5.784141384530e-08 true resid norm 5.784141384530e-08 ||r(i)||/||b|| 1.586574516856e-07
715 KSP unpreconditioned resid norm 6.232424181699e-08 true resid norm 6.232424181699e-08 ||r(i)||/||b|| 1.709537289557e-07
716 KSP unpreconditioned resid norm 6.744073975065e-08 true resid norm 6.744073975065e-08 ||r(i)||/||b|| 1.849881459891e-07
717 KSP unpreconditioned resid norm 7.218575898075e-08 true resid norm 7.218575898075e-08 ||r(i)||/||b|| 1.980036068708e-07
718 KSP unpreconditioned resid norm 7.947447060139e-08 true resid norm 7.947447060139e-08 ||r(i)||/||b|| 2.179963479697e-07
719 KSP unpreconditioned resid norm 8.680036572313e-08 true resid norm 8.680036572313e-08 ||r(i)||/||b|| 2.380910824179e-07
720 KSP unpreconditioned resid norm 8.972487590813e-08 true resid norm 8.972487590813e-08 ||r(i)||/||b|| 2.461129356635e-07
721 KSP unpreconditioned resid norm 9.727863449472e-08 true resid norm 9.727863449472e-08 ||r(i)||/||b|| 2.668326935034e-07
722 KSP unpreconditioned resid norm 9.751450783451e-08 true resid norm 9.751450783451e-08 ||r(i)||/||b|| 2.674796877680e-07
723 KSP unpreconditioned resid norm 9.265120612572e-08 true resid norm 9.265120612572e-08 ||r(i)||/||b|| 2.541397812097e-07
724 KSP unpreconditioned resid norm 8.381923076230e-08 true resid norm 8.381923076230e-08 ||r(i)||/||b|| 2.299139089263e-07
725 KSP unpreconditioned resid norm 7.281944121759e-08 true resid norm 7.281944121759e-08 ||r(i)||/||b|| 1.997417803039e-07
726 KSP unpreconditioned resid norm 6.141586836820e-08 true resid norm 6.141586836820e-08 ||r(i)||/||b|| 1.684620848726e-07
727 KSP unpreconditioned resid norm 5.141245887142e-08 true resid norm 5.141245887142e-08 ||r(i)||/||b|| 1.410230000817e-07
728 KSP unpreconditioned resid norm 4.299351578788e-08 true resid norm 4.299351578788e-08 ||r(i)||/||b|| 1.179300642988e-07
729 KSP unpreconditioned resid norm 3.563030097791e-08 true resid norm 3.563030097791e-08 ||r(i)||/||b|| 9.773296294357e-08
730 KSP unpreconditioned resid norm 3.001054642363e-08 true resid norm 3.001054642363e-08 ||r(i)||/||b|| 8.231812645522e-08
731 KSP unpreconditioned resid norm 2.553925377630e-08 true resid norm 2.553925377630e-08 ||r(i)||/||b|| 7.005349027146e-08
732 KSP unpreconditioned resid norm 2.192051695719e-08 true resid norm 2.192051695719e-08 ||r(i)||/||b|| 6.012739192995e-08
733 KSP unpreconditioned resid norm 1.864428237449e-08 true resid norm 1.864428237449e-08 ||r(i)||/||b|| 5.114076806550e-08
734 KSP unpreconditioned resid norm 1.703030149016e-08 true resid norm 1.703030149016e-08 ||r(i)||/||b|| 4.671366165241e-08
735 KSP unpreconditioned resid norm 1.546265335920e-08 true resid norm 1.546265335920e-08 ||r(i)||/||b|| 4.241364474301e-08
736 KSP unpreconditioned resid norm 1.419508579043e-08 true resid norm 1.419508579043e-08 ||r(i)||/||b|| 3.893674079253e-08
737 KSP unpreconditioned resid norm 1.405718122690e-08 true resid norm 1.405718122690e-08 ||r(i)||/||b|| 3.855847226189e-08
738 KSP unpreconditioned resid norm 1.406019943897e-08 true resid norm 1.406019943897e-08 ||r(i)||/||b|| 3.856675113691e-08
739 KSP unpreconditioned resid norm 1.424420849378e-08 true resid norm 1.424420849378e-08 ||r(i)||/||b|| 3.907148305444e-08
740 KSP unpreconditioned resid norm 1.459296997928e-08 true resid norm 1.459296997928e-08 ||r(i)||/||b|| 4.002812648442e-08
741 KSP unpreconditioned resid norm 1.546246008891e-08 true resid norm 1.546246008891e-08 ||r(i)||/||b|| 4.241311460778e-08
742 KSP unpreconditioned resid norm 1.665053407818e-08 true resid norm 1.665053407818e-08 ||r(i)||/||b|| 4.567196979510e-08
743 KSP unpreconditioned resid norm 1.760342382349e-08 true resid norm 1.760342382349e-08 ||r(i)||/||b|| 4.828572088929e-08
744 KSP unpreconditioned resid norm 1.851749092097e-08 true resid norm 1.851749092097e-08 ||r(i)||/||b|| 5.079298249851e-08
745 KSP unpreconditioned resid norm 1.950165151068e-08 true resid norm 1.950165151068e-08 ||r(i)||/||b|| 5.349250868280e-08
746 KSP unpreconditioned resid norm 2.033256127875e-08 true resid norm 2.033256127875e-08 ||r(i)||/||b|| 5.577167196078e-08
747 KSP unpreconditioned resid norm 2.098111631747e-08 true resid norm 2.098111631747e-08 ||r(i)||/||b|| 5.755064109173e-08
748 KSP unpreconditioned resid norm 2.115675981726e-08 true resid norm 2.115675981726e-08 ||r(i)||/||b|| 5.803242651552e-08
749 KSP unpreconditioned resid norm 2.049017831363e-08 true resid norm 2.049017831363e-08 ||r(i)||/||b|| 5.620401127329e-08
750 KSP unpreconditioned resid norm 1.862569516783e-08 true resid norm 1.862569516783e-08 ||r(i)||/||b|| 5.108978385460e-08
751 KSP unpreconditioned resid norm 1.633823307703e-08 true resid norm 1.633823307703e-08 ||r(i)||/||b|| 4.481533649886e-08
752 KSP unpreconditioned resid norm 1.466439192816e-08 true resid norm 1.466439192816e-08 ||r(i)||/||b|| 4.022403498061e-08
753 KSP unpreconditioned resid norm 1.339442289140e-08 true resid norm 1.339442289140e-08 ||r(i)||/||b|| 3.674054386763e-08
754 KSP unpreconditioned resid norm 1.189256703173e-08 true resid norm 1.189256703173e-08 ||r(i)||/||b|| 3.262099339931e-08
755 KSP unpreconditioned resid norm 1.118200333484e-08 true resid norm 1.118200333484e-08 ||r(i)||/||b|| 3.067193617692e-08
756 KSP unpreconditioned resid norm 1.120016278534e-08 true resid norm 1.120016278534e-08 ||r(i)||/||b|| 3.072174706412e-08
757 KSP unpreconditioned resid norm 1.151136714659e-08 true resid norm 1.151136714659e-08 ||r(i)||/||b|| 3.157537230642e-08
758 KSP unpreconditioned resid norm 1.194286731714e-08 true resid norm 1.194286731714e-08 ||r(i)||/||b|| 3.275896573732e-08
759 KSP unpreconditioned resid norm 1.292896960724e-08 true resid norm 1.292896960724e-08 ||r(i)||/||b|| 3.546381795390e-08
760 KSP unpreconditioned resid norm 1.405091252572e-08 true resid norm 1.405091252572e-08 ||r(i)||/||b|| 3.854127738215e-08
761 KSP unpreconditioned resid norm 1.499381325258e-08 true resid norm 1.499381325258e-08 ||r(i)||/||b|| 4.112762886583e-08
762 KSP unpreconditioned resid norm 1.599288709015e-08 true resid norm 1.599288709015e-08 ||r(i)||/||b|| 4.386806169028e-08
763 KSP unpreconditioned resid norm 1.732182956550e-08 true resid norm 1.732182956550e-08 ||r(i)||/||b|| 4.751331536855e-08
764 KSP unpreconditioned resid norm 1.820780878146e-08 true resid norm 1.820780878146e-08 ||r(i)||/||b|| 4.994353266971e-08
765 KSP unpreconditioned resid norm 1.801320004570e-08 true resid norm 1.801320004570e-08 ||r(i)||/||b|| 4.940972611073e-08
766 KSP unpreconditioned resid norm 1.693643340896e-08 true resid norm 1.693643340896e-08 ||r(i)||/||b|| 4.645618401541e-08
767 KSP unpreconditioned resid norm 1.503191387485e-08 true resid norm 1.503191387485e-08 ||r(i)||/||b|| 4.123213785402e-08
768 KSP unpreconditioned resid norm 1.288581493283e-08 true resid norm 1.288581493283e-08 ||r(i)||/||b|| 3.534544583581e-08
769 KSP unpreconditioned resid norm 1.097908656355e-08 true resid norm 1.097908656355e-08 ||r(i)||/||b|| 3.011534089861e-08
770 KSP unpreconditioned resid norm 9.190324349056e-09 true resid norm 9.190324349056e-09 ||r(i)||/||b|| 2.520881396996e-08
771 KSP unpreconditioned resid norm 7.767928405494e-09 true resid norm 7.767928405494e-09 ||r(i)||/||b|| 2.130721992703e-08
772 KSP unpreconditioned resid norm 6.504028845799e-09 true resid norm 6.504028845799e-09 ||r(i)||/||b|| 1.784037722736e-08
773 KSP unpreconditioned resid norm 5.640982640507e-09 true resid norm 5.640982640507e-09 ||r(i)||/||b|| 1.547306456131e-08
774 KSP unpreconditioned resid norm 5.026981082501e-09 true resid norm 5.026981082501e-09 ||r(i)||/||b|| 1.378887470411e-08
775 KSP unpreconditioned resid norm 4.607633956054e-09 true resid norm 4.607633956054e-09 ||r(i)||/||b|| 1.263861674825e-08
776 KSP unpreconditioned resid norm 4.565382030879e-09 true resid norm 4.565382030879e-09 ||r(i)||/||b|| 1.252272084717e-08
777 KSP unpreconditioned resid norm 4.784362006003e-09 true resid norm 4.784362006003e-09 ||r(i)||/||b|| 1.312337706412e-08
778 KSP unpreconditioned resid norm 5.410089252091e-09 true resid norm 5.410089252091e-09 ||r(i)||/||b|| 1.483973017022e-08
779 KSP unpreconditioned resid norm 6.151744118600e-09 true resid norm 6.151744118600e-09 ||r(i)||/||b|| 1.687406963961e-08
780 KSP unpreconditioned resid norm 7.035999336909e-09 true resid norm 7.035999336909e-09 ||r(i)||/||b|| 1.929955806131e-08
781 KSP unpreconditioned resid norm 7.556961444833e-09 true resid norm 7.556961444833e-09 ||r(i)||/||b|| 2.072854319451e-08
782 KSP unpreconditioned resid norm 8.026021146697e-09 true resid norm 8.026021146697e-09 ||r(i)||/||b|| 2.201516141558e-08
783 KSP unpreconditioned resid norm 8.130551603284e-09 true resid norm 8.130551603284e-09 ||r(i)||/||b|| 2.230188566319e-08
784 KSP unpreconditioned resid norm 7.628037260220e-09 true resid norm 7.628037260220e-09 ||r(i)||/||b|| 2.092350225578e-08
785 KSP unpreconditioned resid norm 6.602176446586e-09 true resid norm 6.602176446586e-09 ||r(i)||/||b|| 1.810959347217e-08
786 KSP unpreconditioned resid norm 5.827034108138e-09 true resid norm 5.827034108138e-09 ||r(i)||/||b|| 1.598339876260e-08
787 KSP unpreconditioned resid norm 4.824762269650e-09 true resid norm 4.824762269650e-09 ||r(i)||/||b|| 1.323419390714e-08
788 KSP unpreconditioned resid norm 3.820457975648e-09 true resid norm 3.820457975648e-09 ||r(i)||/||b|| 1.047941408053e-08
789 KSP unpreconditioned resid norm 3.090866968188e-09 true resid norm 3.090866968188e-09 ||r(i)||/||b|| 8.478165453968e-09
            || b ||_2 = 3.6456789914864118e-01
|| r ||_2 / || b ||_2 = 3.5085585806447169e-08
WARNING! There are options you set that were not used!
WARNING! could be spelling mistake, etc!
There is one unused database option. It is:
Option left: name:-ksp_gmres_restart value: 50 source: command line
