Config file: ../input/config/mla_v_cycle-refine1.json
order_rbm = 1
==== basic information of linear system ====
matrix Row = 5340, matrix Column = 5340
matrix nz_allocated = 104619, matrix nz_used = 104619, matrix nz_unneeded = 0
vector Row = 5340
  0 KSP unpreconditioned resid norm 1.385199406759e+00 true resid norm 1.385199406759e+00 ||r(i)||/||b|| 1.000000000000e+00
  1 KSP unpreconditioned resid norm 7.396416957205e+00 true resid norm 7.396416957205e+00 ||r(i)||/||b|| 5.339604479410e+00
  2 KSP unpreconditioned resid norm 9.462622085572e+00 true resid norm 9.462622085572e+00 ||r(i)||/||b|| 6.831234578502e+00
  3 KSP unpreconditioned resid norm 1.054557869908e+01 true resid norm 1.054557869908e+01 ||r(i)||/||b|| 7.613040149763e+00
  4 KSP unpreconditioned resid norm 1.327284321505e+01 true resid norm 1.327284321505e+01 ||r(i)||/||b|| 9.581900735943e+00
  5 KSP unpreconditioned resid norm 1.661664711397e+01 true resid norm 1.661664711397e+01 ||r(i)||/||b|| 1.199585202888e+01
  6 KSP unpreconditioned resid norm 1.851692485147e+01 true resid norm 1.851692485147e+01 ||r(i)||/||b|| 1.336769620397e+01
  7 KSP unpreconditioned resid norm 1.456807019069e+01 true resid norm 1.456807019069e+01 ||r(i)||/||b|| 1.051694804344e+01
  8 KSP unpreconditioned resid norm 1.443882813689e+01 true resid norm 1.443882813689e+01 ||r(i)||/||b|| 1.042364591440e+01
  9 KSP unpreconditioned resid norm 1.710173891198e+01 true resid norm 1.710173891198e+01 ||r(i)||/||b|| 1.234604839457e+01
 10 KSP unpreconditioned resid norm 2.145922198128e+01 true resid norm 2.145922198128e+01 ||r(i)||/||b|| 1.549179264485e+01
 11 KSP unpreconditioned resid norm 2.053064506199e+01 true resid norm 2.053064506199e+01 ||r(i)||/||b|| 1.482143651074e+01
 12 KSP unpreconditioned resid norm 2.295295618047e+01 true resid norm 2.295295618047e+01 ||r(i)||/||b|| 1.657014583494e+01
 13 KSP unpreconditioned resid norm 1.943671068837e+01 true resid norm 1.943671068837e+01 ||r(i)||/||b|| 1.403170589991e+01
 14 KSP unpreconditioned resid norm 1.836188989088e+01 true resid norm 1.836188989088e+01 ||r(i)||/||b|| 1.325577371842e+01
 15 KSP unpreconditioned resid norm 2.594406993531e+01 true resid norm 2.594406993531e+01 ||r(i)||/||b|| 1.872948386255e+01
 16 KSP unpreconditioned resid norm 2.477959608260e+01 true resid norm 2.477959608260e+01 ||r(i)||/||b|| 1.788882955168e+01
 17 KSP unpreconditioned resid norm 2.664596402449e+01 true resid norm 2.664596402449e+01 ||r(i)||/||b|| 1.923619364438e+01
 18 KSP unpreconditioned resid norm 2.518487949754e+01 true resid norm 2.518487949754e+01 ||r(i)||/||b|| 1.818141083129e+01
 19 KSP unpreconditioned resid norm 2.461465620074e+01 true resid norm 2.461465620074e+01 ||r(i)||/||b|| 1.776975652794e+01
 20 KSP unpreconditioned resid norm 2.439316955386e+01 true resid norm 2.439316955386e+01 ||r(i)||/||b|| 1.760986139240e+01
 21 KSP unpreconditioned resid norm 2.631074750949e+01 true resid norm 2.631074750949e+01 ||r(i)||/||b|| 1.899419490155e+01
 22 KSP unpreconditioned resid norm 2.803115177419e+01 true resid norm 2.803115177419e+01 ||r(i)||/||b|| 2.023618522894e+01
 23 KSP unpreconditioned resid norm 2.745524753090e+01 true resid norm 2.745524753090e+01 ||r(i)||/||b|| 1.982042974964e+01
 24 KSP unpreconditioned resid norm 2.613798707558e+01 true resid norm 2.613798707558e+01 ||r(i)||/||b|| 1.886947608268e+01
 25 KSP unpreconditioned resid norm 2.728810627946e+01 true resid norm 2.728810627946e+01 ||r(i)||/||b|| 1.969976751817e+01
 26 KSP unpreconditioned resid norm 2.585879258168e+01 true resid norm 2.585879258168e+01 ||r(i)||/||b|| 1.866792062970e+01
 27 KSP unpreconditioned resid norm 2.894330984262e+01 true resid norm 2.894330984262e+01 ||r(i)||/||b|| 2.089468830365e+01
 28 KSP unpreconditioned resid norm 2.680259803039e+01 true resid norm 2.680259803039e+01 ||r(i)||/||b|| 1.934927050908e+01
 29 KSP unpreconditioned resid norm 2.517765003671e+01 true resid norm 2.517765003671e+01 ||r(i)||/||b|| 1.817619175540e+01
 30 KSP unpreconditioned resid norm 2.566815958066e+01 true resid norm 2.566815958066e+01 ||r(i)||/||b|| 1.853029928790e+01
 31 KSP unpreconditioned resid norm 2.645422905485e+01 true resid norm 2.645422905485e+01 ||r(i)||/||b|| 1.909777677190e+01
 32 KSP unpreconditioned resid norm 2.749798441959e+01 true resid norm 2.749798441959e+01 ||r(i)||/||b|| 1.985128226695e+01
 33 KSP unpreconditioned resid norm 2.748660720179e+01 true resid norm 2.748660720179e+01 ||r(i)||/||b|| 1.984306885180e+01
 34 KSP unpreconditioned resid norm 2.706411913642e+01 true resid norm 2.706411913642e+01 ||r(i)||/||b|| 1.953806723015e+01
 35 KSP unpreconditioned resid norm 2.736345685353e+01 true resid norm 2.736345685353e+01 ||r(i)||/||b|| 1.975416443294e+01
 36 KSP unpreconditioned resid norm 2.815871533212e+01 true resid norm 2.815871533212e+01 ||r(i)||/||b|| 2.032827562207e+01
 37 KSP unpreconditioned resid norm 2.998747452575e+01 true resid norm 2.998747452575e+01 ||r(i)||/||b|| 2.164848929290e+01
 38 KSP unpreconditioned resid norm 3.006695792475e+01 true resid norm 3.006695792475e+01 ||r(i)||/||b|| 2.170586976723e+01
 39 KSP unpreconditioned resid norm 3.039191903692e+01 true resid norm 3.039191903692e+01 ||r(i)||/||b|| 2.194046495301e+01
 40 KSP unpreconditioned resid norm 2.925088588353e+01 true resid norm 2.925088588353e+01 ||r(i)||/||b|| 2.111673289839e+01
 41 KSP unpreconditioned resid norm 2.627550565635e+01 true resid norm 2.627550565635e+01 ||r(i)||/||b|| 1.896875318322e+01
 42 KSP unpreconditioned resid norm 2.805036196130e+01 true resid norm 2.805036196130e+01 ||r(i)||/||b|| 2.025005340345e+01
 43 KSP unpreconditioned resid norm 2.802201930117e+01 true resid norm 2.802201930117e+01 ||r(i)||/||b|| 2.022959233483e+01
 44 KSP unpreconditioned resid norm 2.934196257160e+01 true resid norm 2.934196257160e+01 ||r(i)||/||b|| 2.118248277355e+01
 45 KSP unpreconditioned resid norm 2.993829421464e+01 true resid norm 2.993829421464e+01 ||r(i)||/||b|| 2.161298515475e+01
 46 KSP unpreconditioned resid norm 3.077983791090e+01 true resid norm 3.077983791090e+01 ||r(i)||/||b|| 2.222051046276e+01
 47 KSP unpreconditioned resid norm 3.114941223332e+01 true resid norm 3.114941223332e+01 ||r(i)||/||b|| 2.248731271565e+01
 48 KSP unpreconditioned resid norm 3.073999588174e+01 true resid norm 3.073999588174e+01 ||r(i)||/||b|| 2.219174779584e+01
 49 KSP unpreconditioned resid norm 3.097065724510e+01 true resid norm 3.097065724510e+01 ||r(i)||/||b|| 2.235826632179e+01
 50 KSP unpreconditioned resid norm 3.101704367689e+01 true resid norm 3.101704367689e+01 ||r(i)||/||b|| 2.239175350895e+01
 51 KSP unpreconditioned resid norm 2.921002824635e+01 true resid norm 2.921002824635e+01 ||r(i)||/||b|| 2.108723704603e+01
 52 KSP unpreconditioned resid norm 2.990357408076e+01 true resid norm 2.990357408076e+01 ||r(i)||/||b|| 2.158792007479e+01
 53 KSP unpreconditioned resid norm 2.955195345045e+01 true resid norm 2.955195345045e+01 ||r(i)||/||b|| 2.133407891041e+01
 54 KSP unpreconditioned resid norm 3.008308733255e+01 true resid norm 3.008308733255e+01 ||r(i)||/||b|| 2.171751387256e+01
 55 KSP unpreconditioned resid norm 3.230166904547e+01 true resid norm 3.230166904547e+01 ||r(i)||/||b|| 2.331914732844e+01
 56 KSP unpreconditioned resid norm 3.027415356722e+01 true resid norm 3.027415356722e+01 ||r(i)||/||b|| 2.185544797341e+01
 57 KSP unpreconditioned resid norm 2.970654389994e+01 true resid norm 2.970654389994e+01 ||r(i)||/||b|| 2.144568049553e+01
 58 KSP unpreconditioned resid norm 2.902410992526e+01 true resid norm 2.902410992526e+01 ||r(i)||/||b|| 2.095301931523e+01
 59 KSP unpreconditioned resid norm 2.956919097487e+01 true resid norm 2.956919097487e+01 ||r(i)||/||b|| 2.134652298477e+01
 60 KSP unpreconditioned resid norm 3.001863453073e+01 true resid norm 3.001863453073e+01 ||r(i)||/||b|| 2.167098425271e+01
 61 KSP unpreconditioned resid norm 3.170347195414e+01 true resid norm 3.170347195414e+01 ||r(i)||/||b|| 2.288729824706e+01
 62 KSP unpreconditioned resid norm 3.165246735995e+01 true resid norm 3.165246735995e+01 ||r(i)||/||b|| 2.285047712662e+01
 63 KSP unpreconditioned resid norm 3.288589920052e+01 true resid norm 3.288589920052e+01 ||r(i)||/||b|| 2.374091343099e+01
 64 KSP unpreconditioned resid norm 3.191790713277e+01 true resid norm 3.191790713277e+01 ||r(i)||/||b|| 2.304210280270e+01
 65 KSP unpreconditioned resid norm 3.017296112762e+01 true resid norm 3.017296112762e+01 ||r(i)||/||b|| 2.178239535795e+01
 66 KSP unpreconditioned resid norm 3.119162091734e+01 true resid norm 3.119162091734e+01 ||r(i)||/||b|| 2.251778391266e+01
 67 KSP unpreconditioned resid norm 3.100686630190e+01 true resid norm 3.100686630190e+01 ||r(i)||/||b|| 2.238440628158e+01
 68 KSP unpreconditioned resid norm 3.101432890587e+01 true resid norm 3.101432890587e+01 ||r(i)||/||b|| 2.238979366764e+01
 69 KSP unpreconditioned resid norm 3.204945196471e+01 true resid norm 3.204945196471e+01 ||r(i)||/||b|| 2.313706734809e+01
 70 KSP unpreconditioned resid norm 3.228263668640e+01 true resid norm 3.228263668640e+01 ||r(i)||/||b|| 2.330540753114e+01
 71 KSP unpreconditioned resid norm 3.212346628184e+01 true resid norm 3.212346628184e+01 ||r(i)||/||b|| 2.319049959529e+01
 72 KSP unpreconditioned resid norm 3.247607726623e+01 true resid norm 3.247607726623e+01 ||r(i)||/||b|| 2.344505571384e+01
 73 KSP unpreconditioned resid norm 3.130908901801e+01 true resid norm 3.130908901801e+01 ||r(i)||/||b|| 2.260258621628e+01
 74 KSP unpreconditioned resid norm 3.358631673031e+01 true resid norm 3.358631673031e+01 ||r(i)||/||b|| 2.424655725842e+01
 75 KSP unpreconditioned resid norm 3.271991766077e+01 true resid norm 3.271991766077e+01 ||r(i)||/||b|| 2.362108841595e+01
 76 KSP unpreconditioned resid norm 3.305468983464e+01 true resid norm 3.305468983464e+01 ||r(i)||/||b|| 2.386276638104e+01
 77 KSP unpreconditioned resid norm 3.250628355978e+01 true resid norm 3.250628355978e+01 ||r(i)||/||b|| 2.346686217246e+01
 78 KSP unpreconditioned resid norm 3.343251930647e+01 true resid norm 3.343251930647e+01 ||r(i)||/||b|| 2.413552817258e+01
 79 KSP unpreconditioned resid norm 3.154827906866e+01 true resid norm 3.154827906866e+01 ||r(i)||/||b|| 2.277526175273e+01
 80 KSP unpreconditioned resid norm 2.859342211965e+01 true resid norm 2.859342211965e+01 ||r(i)||/||b|| 2.064209815578e+01
 81 KSP unpreconditioned resid norm 2.974534194842e+01 true resid norm 2.974534194842e+01 ||r(i)||/||b|| 2.147368949430e+01
 82 KSP unpreconditioned resid norm 3.210792931055e+01 true resid norm 3.210792931055e+01 ||r(i)||/||b|| 2.317928318038e+01
 83 KSP unpreconditioned resid norm 3.053219015363e+01 true resid norm 3.053219015363e+01 ||r(i)||/||b|| 2.204172915802e+01
 84 KSP unpreconditioned resid norm 3.169401766325e+01 true resid norm 3.169401766325e+01 ||r(i)||/||b|| 2.288047302692e+01
 85 KSP unpreconditioned resid norm 3.397393136324e+01 true resid norm 3.397393136324e+01 ||r(i)||/||b|| 2.452638313118e+01
 86 KSP unpreconditioned resid norm 3.177118021506e+01 true resid norm 3.177118021506e+01 ||r(i)||/||b|| 2.293617804054e+01
 87 KSP unpreconditioned resid norm 3.189628954629e+01 true resid norm 3.189628954629e+01 ||r(i)||/||b|| 2.302649668391e+01
 88 KSP unpreconditioned resid norm 3.291735283457e+01 true resid norm 3.291735283457e+01 ||r(i)||/||b|| 2.376362036682e+01
 89 KSP unpreconditioned resid norm 3.296978662505e+01 true resid norm 3.296978662505e+01 ||r(i)||/||b|| 2.380147324939e+01
 90 KSP unpreconditioned resid norm 3.181420978284e+01 true resid norm 3.181420978284e+01 ||r(i)||/||b|| 2.296724184808e+01
 91 KSP unpreconditioned resid norm 3.289560712829e+01 true resid norm 3.289560712829e+01 ||r(i)||/||b|| 2.374792175609e+01
 92 KSP unpreconditioned resid norm 3.189267146013e+01 true resid norm 3.189267146013e+01 ||r(i)||/||b|| 2.302388472339e+01
 93 KSP unpreconditioned resid norm 3.348529183371e+01 true resid norm 3.348529183371e+01 ||r(i)||/||b|| 2.417362559522e+01
 94 KSP unpreconditioned resid norm 3.292376940236e+01 true resid norm 3.292376940236e+01 ||r(i)||/||b|| 2.376825260083e+01
 95 KSP unpreconditioned resid norm 3.258922012556e+01 true resid norm 3.258922012556e+01 ||r(i)||/||b|| 2.352673554908e+01
 96 KSP unpreconditioned resid norm 3.232771047784e+01 true resid norm 3.232771047784e+01 ||r(i)||/||b|| 2.333794709996e+01
 97 KSP unpreconditioned resid norm 3.237737098746e+01 true resid norm 3.237737098746e+01 ||r(i)||/||b|| 2.337379790194e+01
 98 KSP unpreconditioned resid norm 3.424780399197e+01 true resid norm 3.424780399197e+01 ||r(i)||/||b|| 2.472409663537e+01
 99 KSP unpreconditioned resid norm 3.559708372602e+01 true resid norm 3.559708372602e+01 ||r(i)||/||b|| 2.569816558708e+01
100 KSP unpreconditioned resid norm 3.448743022678e+01 true resid norm 3.448743022678e+01 ||r(i)||/||b|| 2.489708706090e+01
101 KSP unpreconditioned resid norm 3.440645036170e+01 true resid norm 3.440645036170e+01 ||r(i)||/||b|| 2.483862626119e+01
102 KSP unpreconditioned resid norm 3.391826309791e+01 true resid norm 3.391826309791e+01 ||r(i)||/||b|| 2.448619522389e+01
103 KSP unpreconditioned resid norm 3.345349777592e+01 true resid norm 3.345349777592e+01 ||r(i)||/||b|| 2.415067290145e+01
104 KSP unpreconditioned resid norm 3.158671121042e+01 true resid norm 3.158671121042e+01 ||r(i)||/||b|| 2.280300659696e+01
105 KSP unpreconditioned resid norm 3.083853236990e+01 true resid norm 3.083853236990e+01 ||r(i)||/||b|| 2.226288303289e+01
106 KSP unpreconditioned resid norm 3.217331925307e+01 true resid norm 3.217331925307e+01 ||r(i)||/||b|| 2.322648933871e+01
107 KSP unpreconditioned resid norm 3.286214626727e+01 true resid norm 3.286214626727e+01 ||r(i)||/||b|| 2.372376576753e+01
108 KSP unpreconditioned resid norm 3.184307926137e+01 true resid norm 3.184307926137e+01 ||r(i)||/||b|| 2.298808323625e+01
109 KSP unpreconditioned resid norm 3.447312927027e+01 true resid norm 3.447312927027e+01 ||r(i)||/||b|| 2.488676294696e+01
110 KSP unpreconditioned resid norm 3.430900423035e+01 true resid norm 3.430900423035e+01 ||r(i)||/||b|| 2.476827817204e+01
111 KSP unpreconditioned resid norm 3.540695212581e+01 true resid norm 3.540695212581e+01 ||r(i)||/||b|| 2.556090621541e+01
112 KSP unpreconditioned resid norm 3.485042847670e+01 true resid norm 3.485042847670e+01 ||r(i)||/||b|| 2.515914193051e+01
113 KSP unpreconditioned resid norm 3.331168993485e+01 true resid norm 3.331168993485e+01 ||r(i)||/||b|| 2.404829930789e+01
114 KSP unpreconditioned resid norm 3.391976908793e+01 true resid norm 3.391976908793e+01 ||r(i)||/||b|| 2.448728242477e+01
115 KSP unpreconditioned resid norm 3.480027877360e+01 true resid norm 3.480027877360e+01 ||r(i)||/||b|| 2.512293797110e+01
116 KSP unpreconditioned resid norm 3.538976610773e+01 true resid norm 3.538976610773e+01 ||r(i)||/||b|| 2.554849932439e+01
117 KSP unpreconditioned resid norm 3.562876283085e+01 true resid norm 3.562876283085e+01 ||r(i)||/||b|| 2.572103529428e+01
118 KSP unpreconditioned resid norm 3.585634143737e+01 true resid norm 3.585634143737e+01 ||r(i)||/||b|| 2.588532832343e+01
119 KSP unpreconditioned resid norm 3.504922945864e+01 true resid norm 3.504922945864e+01 ||r(i)||/||b|| 2.530265988249e+01
120 KSP unpreconditioned resid norm 3.573318316211e+01 true resid norm 3.573318316211e+01 ||r(i)||/||b|| 2.579641818193e+01
121 KSP unpreconditioned resid norm 3.589751737998e+01 true resid norm 3.589751737998e+01 ||r(i)||/||b|| 2.591505396611e+01
122 KSP unpreconditioned resid norm 3.575368582085e+01 true resid norm 3.575368582085e+01 ||r(i)||/||b|| 2.581121941462e+01
123 KSP unpreconditioned resid norm 3.481013146241e+01 true resid norm 3.481013146241e+01 ||r(i)||/||b|| 2.513005080176e+01
124 KSP unpreconditioned resid norm 3.548697275864e+01 true resid norm 3.548697275864e+01 ||r(i)||/||b|| 2.561867452837e+01
125 KSP unpreconditioned resid norm 3.648726589572e+01 true resid norm 3.648726589572e+01 ||r(i)||/||b|| 2.634080387104e+01
126 KSP unpreconditioned resid norm 3.739261074429e+01 true resid norm 3.739261074429e+01 ||r(i)||/||b|| 2.699438836159e+01
127 KSP unpreconditioned resid norm 3.669259182161e+01 true resid norm 3.669259182161e+01 ||r(i)||/||b|| 2.648903229569e+01
128 KSP unpreconditioned resid norm 3.581460665773e+01 true resid norm 3.581460665773e+01 ||r(i)||/||b|| 2.585519924639e+01
129 KSP unpreconditioned resid norm 3.603193630200e+01 true resid norm 3.603193630200e+01 ||r(i)||/||b|| 2.601209336806e+01
130 KSP unpreconditioned resid norm 3.337515067485e+01 true resid norm 3.337515067485e+01 ||r(i)||/||b|| 2.409411274074e+01
131 KSP unpreconditioned resid norm 3.274299792027e+01 true resid norm 3.274299792027e+01 ||r(i)||/||b|| 2.363775046431e+01
132 KSP unpreconditioned resid norm 3.380450805662e+01 true resid norm 3.380450805662e+01 ||r(i)||/||b|| 2.440407344364e+01
133 KSP unpreconditioned resid norm 3.428349760420e+01 true resid norm 3.428349760420e+01 ||r(i)||/||b|| 2.474986448660e+01
134 KSP unpreconditioned resid norm 3.666132796045e+01 true resid norm 3.666132796045e+01 ||r(i)||/||b|| 2.646646236027e+01
135 KSP unpreconditioned resid norm 3.477794772456e+01 true resid norm 3.477794772456e+01 ||r(i)||/||b|| 2.510681679104e+01
136 KSP unpreconditioned resid norm 3.580591994207e+01 true resid norm 3.580591994207e+01 ||r(i)||/||b|| 2.584892815241e+01
137 KSP unpreconditioned resid norm 3.620727231456e+01 true resid norm 3.620727231456e+01 ||r(i)||/||b|| 2.613867154281e+01
138 KSP unpreconditioned resid norm 3.553553508719e+01 true resid norm 3.553553508719e+01 ||r(i)||/||b|| 2.565373253396e+01
139 KSP unpreconditioned resid norm 3.552628677891e+01 true resid norm 3.552628677891e+01 ||r(i)||/||b|| 2.564705601632e+01
140 KSP unpreconditioned resid norm 3.309691904152e+01 true resid norm 3.309691904152e+01 ||r(i)||/||b|| 2.389325239387e+01
141 KSP unpreconditioned resid norm 3.524989223585e+01 true resid norm 3.524989223585e+01 ||r(i)||/||b|| 2.544752189746e+01
142 KSP unpreconditioned resid norm 3.742625777307e+01 true resid norm 3.742625777307e+01 ||r(i)||/||b|| 2.701867874796e+01
143 KSP unpreconditioned resid norm 3.665209884192e+01 true resid norm 3.665209884192e+01 ||r(i)||/||b|| 2.645979969605e+01
144 KSP unpreconditioned resid norm 3.610783126124e+01 true resid norm 3.610783126124e+01 ||r(i)||/||b|| 2.606688328414e+01
145 KSP unpreconditioned resid norm 3.542150299916e+01 true resid norm 3.542150299916e+01 ||r(i)||/||b|| 2.557141074876e+01
146 KSP unpreconditioned resid norm 3.414134111436e+01 true resid norm 3.414134111436e+01 ||r(i)||/||b|| 2.464723919731e+01
147 KSP unpreconditioned resid norm 3.310993043791e+01 true resid norm 3.310993043791e+01 ||r(i)||/||b|| 2.390264555150e+01
148 KSP unpreconditioned resid norm 3.310648195067e+01 true resid norm 3.310648195067e+01 ||r(i)||/||b|| 2.390015602746e+01
149 KSP unpreconditioned resid norm 3.440487318568e+01 true resid norm 3.440487318568e+01 ||r(i)||/||b|| 2.483748766987e+01
150 KSP unpreconditioned resid norm 3.288798664725e+01 true resid norm 3.288798664725e+01 ||r(i)||/||b|| 2.374242039578e+01
151 KSP unpreconditioned resid norm 3.370770353896e+01 true resid norm 3.370770353896e+01 ||r(i)||/||b|| 2.433418854678e+01
152 KSP unpreconditioned resid norm 3.578148439762e+01 true resid norm 3.578148439762e+01 ||r(i)||/||b|| 2.583128769983e+01
153 KSP unpreconditioned resid norm 3.585184434486e+01 true resid norm 3.585184434486e+01 ||r(i)||/||b|| 2.588208179265e+01
154 KSP unpreconditioned resid norm 3.481635939973e+01 true resid norm 3.481635939973e+01 ||r(i)||/||b|| 2.513454686008e+01
155 KSP unpreconditioned resid norm 3.452186870130e+01 true resid norm 3.452186870130e+01 ||r(i)||/||b|| 2.492194880597e+01
156 KSP unpreconditioned resid norm 3.198545301533e+01 true resid norm 3.198545301533e+01 ||r(i)||/||b|| 2.309086537235e+01
157 KSP unpreconditioned resid norm 3.211628401867e+01 true resid norm 3.211628401867e+01 ||r(i)||/||b|| 2.318531459223e+01
158 KSP unpreconditioned resid norm 3.264703703289e+01 true resid norm 3.264703703289e+01 ||r(i)||/||b|| 2.356847459910e+01
159 KSP unpreconditioned resid norm 3.210541105666e+01 true resid norm 3.210541105666e+01 ||r(i)||/||b|| 2.317746520826e+01
160 KSP unpreconditioned resid norm 3.298350063670e+01 true resid norm 3.298350063670e+01 ||r(i)||/||b|| 2.381137363744e+01
161 KSP unpreconditioned resid norm 3.416837391315e+01 true resid norm 3.416837391315e+01 ||r(i)||/||b|| 2.466675465383e+01
162 KSP unpreconditioned resid norm 3.525159308679e+01 true resid norm 3.525159308679e+01 ||r(i)||/||b|| 2.544874977190e+01
163 KSP unpreconditioned resid norm 3.653055963990e+01 true resid norm 3.653055963990e+01 ||r(i)||/||b|| 2.637205839221e+01
164 KSP unpreconditioned resid norm 3.602501954005e+01 true resid norm 3.602501954005e+01 ||r(i)||/||b|| 2.600710003504e+01
165 KSP unpreconditioned resid norm 3.565271259096e+01 true resid norm 3.565271259096e+01 ||r(i)||/||b|| 2.573832505053e+01
166 KSP unpreconditioned resid norm 3.452321005186e+01 true resid norm 3.452321005186e+01 ||r(i)||/||b|| 2.492291715071e+01
167 KSP unpreconditioned resid norm 3.385859059623e+01 true resid norm 3.385859059623e+01 ||r(i)||/||b|| 2.444311658742e+01
168 KSP unpreconditioned resid norm 3.361903943723e+01 true resid norm 3.361903943723e+01 ||r(i)||/||b|| 2.427018036045e+01
169 KSP unpreconditioned resid norm 3.375862294918e+01 true resid norm 3.375862294918e+01 ||r(i)||/||b|| 2.437094817140e+01
170 KSP unpreconditioned resid norm 3.341985042591e+01 true resid norm 3.341985042591e+01 ||r(i)||/||b|| 2.412638228319e+01
171 KSP unpreconditioned resid norm 3.425732557100e+01 true resid norm 3.425732557100e+01 ||r(i)||/||b|| 2.473097043202e+01
172 KSP unpreconditioned resid norm 3.462990732742e+01 true resid norm 3.462990732742e+01 ||r(i)||/||b|| 2.499994380481e+01
173 KSP unpreconditioned resid norm 3.373541448293e+01 true resid norm 3.373541448293e+01 ||r(i)||/||b|| 2.435419356832e+01
174 KSP unpreconditioned resid norm 3.474172975051e+01 true resid norm 3.474172975051e+01 ||r(i)||/||b|| 2.508067039373e+01
175 KSP unpreconditioned resid norm 3.377699048513e+01 true resid norm 3.377699048513e+01 ||r(i)||/||b|| 2.438420802111e+01
176 KSP unpreconditioned resid norm 3.370812444581e+01 true resid norm 3.370812444581e+01 ||r(i)||/||b|| 2.433449240690e+01
177 KSP unpreconditioned resid norm 3.328381890642e+01 true resid norm 3.328381890642e+01 ||r(i)||/||b|| 2.402817871855e+01
178 KSP unpreconditioned resid norm 3.218977612683e+01 true resid norm 3.218977612683e+01 ||r(i)||/||b|| 2.323836984752e+01
179 KSP unpreconditioned resid norm 3.075526834151e+01 true resid norm 3.075526834151e+01 ||r(i)||/||b|| 2.220277325521e+01
180 KSP unpreconditioned resid norm 3.300579767706e+01 true resid norm 3.300579767706e+01 ||r(i)||/||b|| 2.382747026602e+01
181 KSP unpreconditioned resid norm 3.221114023406e+01 true resid norm 3.221114023406e+01 ||r(i)||/||b|| 2.325379297514e+01
182 KSP unpreconditioned resid norm 3.275740052266e+01 true resid norm 3.275740052266e+01 ||r(i)||/||b|| 2.364814795821e+01
183 KSP unpreconditioned resid norm 3.597707821052e+01 true resid norm 3.597707821052e+01 ||r(i)||/||b|| 2.597249033964e+01
184 KSP unpreconditioned resid norm 3.781873937868e+01 true resid norm 3.781873937868e+01 ||r(i)||/||b|| 2.730201817453e+01
185 KSP unpreconditioned resid norm 3.550228817238e+01 true resid norm 3.550228817238e+01 ||r(i)||/||b|| 2.562973099696e+01
186 KSP unpreconditioned resid norm 3.463196807898e+01 true resid norm 3.463196807898e+01 ||r(i)||/||b|| 2.500143149788e+01
187 KSP unpreconditioned resid norm 3.438762226503e+01 true resid norm 3.438762226503e+01 ||r(i)||/||b|| 2.482503392453e+01
188 KSP unpreconditioned resid norm 3.259925961408e+01 true resid norm 3.259925961408e+01 ||r(i)||/||b|| 2.353398323377e+01
189 KSP unpreconditioned resid norm 3.328033126258e+01 true resid norm 3.328033126258e+01 ||r(i)||/||b|| 2.402566092665e+01
190 KSP unpreconditioned resid norm 3.416696707734e+01 true resid norm 3.416696707734e+01 ||r(i)||/||b|| 2.466573903413e+01
191 KSP unpreconditioned resid norm 3.485250929644e+01 true resid norm 3.485250929644e+01 ||r(i)||/||b|| 2.516064411115e+01
192 KSP unpreconditioned resid norm 3.496159006972e+01 true resid norm 3.496159006972e+01 ||r(i)||/||b|| 2.523939145450e+01
193 KSP unpreconditioned resid norm 3.620379535433e+01 true resid norm 3.620379535433e+01 ||r(i)||/||b|| 2.613616146360e+01
194 KSP unpreconditioned resid norm 3.424209029195e+01 true resid norm 3.424209029195e+01 ||r(i)||/||b|| 2.471997181407e+01
195 KSP unpreconditioned resid norm 3.407263820268e+01 true resid norm 3.407263820268e+01 ||r(i)||/||b|| 2.459764134783e+01
196 KSP unpreconditioned resid norm 3.456081206868e+01 true resid norm 3.456081206868e+01 ||r(i)||/||b|| 2.495006271303e+01
197 KSP unpreconditioned resid norm 3.335758732714e+01 true resid norm 3.335758732714e+01 ||r(i)||/||b|| 2.408143344877e+01
198 KSP unpreconditioned resid norm 3.438872630654e+01 true resid norm 3.438872630654e+01 ||r(i)||/||b|| 2.482583095166e+01
199 KSP unpreconditioned resid norm 3.372868730538e+01 true resid norm 3.372868730538e+01 ||r(i)||/||b|| 2.434933709963e+01
200 KSP unpreconditioned resid norm 3.285835953872e+01 true resid norm 3.285835953872e+01 ||r(i)||/||b|| 2.372103206108e+01
201 KSP unpreconditioned resid norm 3.214554922780e+01 true resid norm 3.214554922780e+01 ||r(i)||/||b|| 2.320644166533e+01
202 KSP unpreconditioned resid norm 3.329225935266e+01 true resid norm 3.329225935266e+01 ||r(i)||/||b|| 2.403427202626e+01
203 KSP unpreconditioned resid norm 3.557761568004e+01 true resid norm 3.557761568004e+01 ||r(i)||/||b|| 2.568411125969e+01
204 KSP unpreconditioned resid norm 3.654372405789e+01 true resid norm 3.654372405789e+01 ||r(i)||/||b|| 2.638156201885e+01
205 KSP unpreconditioned resid norm 3.670833921054e+01 true resid norm 3.670833921054e+01 ||r(i)||/||b|| 2.650040061483e+01
206 KSP unpreconditioned resid norm 3.527265191833e+01 true resid norm 3.527265191833e+01 ||r(i)||/||b|| 2.546395251559e+01
207 KSP unpreconditioned resid norm 3.482385613434e+01 true resid norm 3.482385613434e+01 ||r(i)||/||b|| 2.513995888565e+01
208 KSP unpreconditioned resid norm 3.500781812754e+01 true resid norm 3.500781812754e+01 ||r(i)||/||b|| 2.527276430868e+01
209 KSP unpreconditioned resid norm 3.573312459617e+01 true resid norm 3.573312459617e+01 ||r(i)||/||b|| 2.579637590214e+01
210 KSP unpreconditioned resid norm 3.661919976435e+01 true resid norm 3.661919976435e+01 ||r(i)||/||b|| 2.643604926892e+01
211 KSP unpreconditioned resid norm 3.625179765397e+01 true resid norm 3.625179765397e+01 ||r(i)||/||b|| 2.617081517440e+01
212 KSP unpreconditioned resid norm 3.581124421282e+01 true resid norm 3.581124421282e+01 ||r(i)||/||b|| 2.585277183782e+01
213 KSP unpreconditioned resid norm 3.569456934057e+01 true resid norm 3.569456934057e+01 ||r(i)||/||b|| 2.576854217985e+01
214 KSP unpreconditioned resid norm 3.379624423109e+01 true resid norm 3.379624423109e+01 ||r(i)||/||b|| 2.439810764153e+01
215 KSP unpreconditioned resid norm 3.180385034539e+01 true resid norm 3.180385034539e+01 ||r(i)||/||b|| 2.295976318659e+01
216 KSP unpreconditioned resid norm 3.280578793198e+01 true resid norm 3.280578793198e+01 ||r(i)||/||b|| 2.368307968651e+01
217 KSP unpreconditioned resid norm 3.238518743543e+01 true resid norm 3.238518743543e+01 ||r(i)||/||b|| 2.337944073424e+01
218 KSP unpreconditioned resid norm 3.169419326408e+01 true resid norm 3.169419326408e+01 ||r(i)||/||b|| 2.288059979627e+01
219 KSP unpreconditioned resid norm 3.128024364614e+01 true resid norm 3.128024364614e+01 ||r(i)||/||b|| 2.258176223114e+01
220 KSP unpreconditioned resid norm 2.989132589626e+01 true resid norm 2.989132589626e+01 ||r(i)||/||b|| 2.157907789334e+01
221 KSP unpreconditioned resid norm 2.759938833123e+01 true resid norm 2.759938833123e+01 ||r(i)||/||b|| 1.992448754784e+01
222 KSP unpreconditioned resid norm 2.725620072124e+01 true resid norm 2.725620072124e+01 ||r(i)||/||b|| 1.967673433027e+01
223 KSP unpreconditioned resid norm 2.623812680969e+01 true resid norm 2.623812680969e+01 ||r(i)||/||b|| 1.894176873140e+01
224 KSP unpreconditioned resid norm 2.423200627037e+01 true resid norm 2.423200627037e+01 ||r(i)||/||b|| 1.749351476194e+01
225 KSP unpreconditioned resid norm 2.466853093629e+01 true resid norm 2.466853093629e+01 ||r(i)||/||b|| 1.780864965429e+01
226 KSP unpreconditioned resid norm 2.395998106381e+01 true resid norm 2.395998106381e+01 ||r(i)||/||b|| 1.729713494454e+01
227 KSP unpreconditioned resid norm 2.514889816502e+01 true resid norm 2.514889816502e+01 ||r(i)||/||b|| 1.815543526969e+01
228 KSP unpreconditioned resid norm 2.507567943605e+01 true resid norm 2.507567943605e+01 ||r(i)||/||b|| 1.810257737168e+01
229 KSP unpreconditioned resid norm 2.513391829254e+01 true resid norm 2.513391829254e+01 ||r(i)||/||b|| 1.814462103427e+01
230 KSP unpreconditioned resid norm 2.574767155196e+01 true resid norm 2.574767155196e+01 ||r(i)||/||b|| 1.858770038908e+01
231 KSP unpreconditioned resid norm 2.553585447925e+01 true resid norm 2.553585447925e+01 ||r(i)||/||b|| 1.843478589050e+01
232 KSP unpreconditioned resid norm 2.606791171664e+01 true resid norm 2.606791171664e+01 ||r(i)||/||b|| 1.881888743920e+01
233 KSP unpreconditioned resid norm 2.772264818028e+01 true resid norm 2.772264818028e+01 ||r(i)||/||b|| 2.001347101725e+01
234 KSP unpreconditioned resid norm 2.907142144083e+01 true resid norm 2.907142144083e+01 ||r(i)||/||b|| 2.098717433677e+01
235 KSP unpreconditioned resid norm 3.083434873255e+01 true resid norm 3.083434873255e+01 ||r(i)||/||b|| 2.225986279095e+01
236 KSP unpreconditioned resid norm 3.390715739066e+01 true resid norm 3.390715739066e+01 ||r(i)||/||b|| 2.447817781701e+01
237 KSP unpreconditioned resid norm 3.716456272153e+01 true resid norm 3.716456272153e+01 ||r(i)||/||b|| 2.682975645253e+01
238 KSP unpreconditioned resid norm 3.897751019927e+01 true resid norm 3.897751019927e+01 ||r(i)||/||b|| 2.813855536545e+01
239 KSP unpreconditioned resid norm 4.020794203947e+01 true resid norm 4.020794203947e+01 ||r(i)||/||b|| 2.902682591639e+01
240 KSP unpreconditioned resid norm 4.232531488620e+01 true resid norm 4.232531488620e+01 ||r(i)||/||b|| 3.055539489815e+01
241 KSP unpreconditioned resid norm 4.574316513918e+01 true resid norm 4.574316513918e+01 ||r(i)||/||b|| 3.302280156632e+01
242 KSP unpreconditioned resid norm 4.702206947035e+01 true resid norm 4.702206947035e+01 ||r(i)||/||b|| 3.394606526751e+01
243 KSP unpreconditioned resid norm 5.032018019248e+01 true resid norm 5.032018019248e+01 ||r(i)||/||b|| 3.632702984636e+01
244 KSP unpreconditioned resid norm 5.154240387392e+01 true resid norm 5.154240387392e+01 ||r(i)||/||b|| 3.720937478202e+01
245 KSP unpreconditioned resid norm 5.463013124256e+01 true resid norm 5.463013124256e+01 ||r(i)||/||b|| 3.943845988960e+01
246 KSP unpreconditioned resid norm 5.961839723938e+01 true resid norm 5.961839723938e+01 ||r(i)||/||b|| 4.303957751388e+01
247 KSP unpreconditioned resid norm 6.073352626799e+01 true resid norm 6.073352626799e+01 ||r(i)||/||b|| 4.384460892176e+01
248 KSP unpreconditioned resid norm 6.351581420848e+01 true resid norm 6.351581420848e+01 ||r(i)||/||b|| 4.585319189322e+01
249 KSP unpreconditioned resid norm 6.617465111064e+01 true resid norm 6.617465111064e+01 ||r(i)||/||b|| 4.777265337233e+01
250 KSP unpreconditioned resid norm 6.700609104546e+01 true resid norm 6.700609104546e+01 ||r(i)||/||b|| 4.837288459591e+01
251 KSP unpreconditioned resid norm 6.754841449621e+01 true resid norm 6.754841449621e+01 ||r(i)||/||b|| 4.876439750596e+01
252 KSP unpreconditioned resid norm 6.929085979237e+01 true resid norm 6.929085979237e+01 ||r(i)||/||b|| 5.002229964457e+01
253 KSP unpreconditioned resid norm 6.761971963921e+01 true resid norm 6.761971963921e+01 ||r(i)||/||b|| 4.881587395235e+01
254 KSP unpreconditioned resid norm 6.300150740518e+01 true resid norm 6.300150740518e+01 ||r(i)||/||b|| 4.548190469746e+01
255 KSP unpreconditioned resid norm 6.040065692759e+01 true resid norm 6.040065692759e+01 ||r(i)||/||b|| 4.360430464587e+01
256 KSP unpreconditioned resid norm 5.733629246473e+01 true resid norm 5.733629246473e+01 ||r(i)||/||b|| 4.139208563400e+01
257 KSP unpreconditioned resid norm 5.565644544699e+01 true resid norm 5.565644544699e+01 ||r(i)||/||b|| 4.017937430194e+01
258 KSP unpreconditioned resid norm 5.731992277892e+01 true resid norm 5.731992277892e+01 ||r(i)||/||b|| 4.138026806772e+01
259 KSP unpreconditioned resid norm 5.585579974842e+01 true resid norm 5.585579974842e+01 ||r(i)||/||b|| 4.032329170507e+01
260 KSP unpreconditioned resid norm 5.381590635078e+01 true resid norm 5.381590635078e+01 ||r(i)||/||b|| 3.885065651068e+01
261 KSP unpreconditioned resid norm 5.231775062832e+01 true resid norm 5.231775062832e+01 ||r(i)||/||b|| 3.776911134458e+01
262 KSP unpreconditioned resid norm 5.303918452479e+01 true resid norm 5.303918452479e+01 ||r(i)||/||b|| 3.828992725957e+01
263 KSP unpreconditioned resid norm 4.940895123483e+01 true resid norm 4.940895123483e+01 ||r(i)||/||b|| 3.566919751319e+01
264 KSP unpreconditioned resid norm 4.862269838244e+01 true resid norm 4.862269838244e+01 ||r(i)||/||b|| 3.510158764521e+01
265 KSP unpreconditioned resid norm 4.649843915730e+01 true resid norm 4.649843915730e+01 ||r(i)||/||b|| 3.356804726484e+01
266 KSP unpreconditioned resid norm 4.574040619478e+01 true resid norm 4.574040619478e+01 ||r(i)||/||b|| 3.302080983546e+01
267 KSP unpreconditioned resid norm 4.308723580830e+01 true resid norm 4.308723580830e+01 ||r(i)||/||b|| 3.110543911444e+01
268 KSP unpreconditioned resid norm 4.080930982458e+01 true resid norm 4.080930982458e+01 ||r(i)||/||b|| 2.946096397779e+01
269 KSP unpreconditioned resid norm 3.822898316892e+01 true resid norm 3.822898316892e+01 ||r(i)||/||b|| 2.759818043697e+01
270 KSP unpreconditioned resid norm 3.525103956921e+01 true resid norm 3.525103956921e+01 ||r(i)||/||b|| 2.544835017775e+01
271 KSP unpreconditioned resid norm 3.377438876603e+01 true resid norm 3.377438876603e+01 ||r(i)||/||b|| 2.438232979399e+01
272 KSP unpreconditioned resid norm 3.158672542250e+01 true resid norm 3.158672542250e+01 ||r(i)||/||b|| 2.280301685691e+01
273 KSP unpreconditioned resid norm 3.179999115923e+01 true resid norm 3.179999115923e+01 ||r(i)||/||b|| 2.295697717171e+01
274 KSP unpreconditioned resid norm 3.035314802134e+01 true resid norm 3.035314802134e+01 ||r(i)||/||b|| 2.191247546977e+01
275 KSP unpreconditioned resid norm 2.991152488033e+01 true resid norm 2.991152488033e+01 ||r(i)||/||b|| 2.159365989791e+01
276 KSP unpreconditioned resid norm 2.881922406894e+01 true resid norm 2.881922406894e+01 ||r(i)||/||b|| 2.080510858460e+01
277 KSP unpreconditioned resid norm 2.698898347717e+01 true resid norm 2.698898347717e+01 ||r(i)||/||b|| 1.948382546620e+01
278 KSP unpreconditioned resid norm 2.592419754683e+01 true resid norm 2.592419754683e+01 ||r(i)||/||b|| 1.871513763314e+01
279 KSP unpreconditioned resid norm 2.387918094216e+01 true resid norm 2.387918094216e+01 ||r(i)||/||b|| 1.723880390480e+01
280 KSP unpreconditioned resid norm 2.256831615819e+01 true resid norm 2.256831615819e+01 ||r(i)||/||b|| 1.629246738634e+01
281 KSP unpreconditioned resid norm 2.152639347680e+01 true resid norm 2.152639347680e+01 ||r(i)||/||b|| 1.554028493787e+01
282 KSP unpreconditioned resid norm 2.107301929350e+01 true resid norm 2.107301929350e+01 ||r(i)||/||b|| 1.521298608033e+01
283 KSP unpreconditioned resid norm 1.962593535446e+01 true resid norm 1.962593535446e+01 ||r(i)||/||b|| 1.416831053976e+01
284 KSP unpreconditioned resid norm 1.854338814478e+01 true resid norm 1.854338814478e+01 ||r(i)||/||b|| 1.338680052439e+01
285 KSP unpreconditioned resid norm 1.782125395157e+01 true resid norm 1.782125395157e+01 ||r(i)||/||b|| 1.286547905277e+01
286 KSP unpreconditioned resid norm 1.664026805549e+01 true resid norm 1.664026805549e+01 ||r(i)||/||b|| 1.201290440517e+01
287 KSP unpreconditioned resid norm 1.594077596180e+01 true resid norm 1.594077596180e+01 ||r(i)||/||b|| 1.150792866646e+01
288 KSP unpreconditioned resid norm 1.584469523426e+01 true resid norm 1.584469523426e+01 ||r(i)||/||b|| 1.143856628652e+01
289 KSP unpreconditioned resid norm 1.652503498641e+01 true resid norm 1.652503498641e+01 ||r(i)||/||b|| 1.192971561046e+01
290 KSP unpreconditioned resid norm 1.601380041712e+01 true resid norm 1.601380041712e+01 ||r(i)||/||b|| 1.156064631488e+01
291 KSP unpreconditioned resid norm 1.628986099261e+01 true resid norm 1.628986099261e+01 ||r(i)||/||b|| 1.175993933662e+01
292 KSP unpreconditioned resid norm 1.518203038747e+01 true resid norm 1.518203038747e+01 ||r(i)||/||b|| 1.096017678999e+01
293 KSP unpreconditioned resid norm 1.573245974538e+01 true resid norm 1.573245974538e+01 ||r(i)||/||b|| 1.135754149808e+01
294 KSP unpreconditioned resid norm 1.569786442970e+01 true resid norm 1.569786442970e+01 ||r(i)||/||b|| 1.133256652660e+01
295 KSP unpreconditioned resid norm 1.581671667405e+01 true resid norm 1.581671667405e+01 ||r(i)||/||b|| 1.141836806807e+01
296 KSP unpreconditioned resid norm 1.615585013721e+01 true resid norm 1.615585013721e+01 ||r(i)||/||b|| 1.166319452520e+01
297 KSP unpreconditioned resid norm 1.653014703135e+01 true resid norm 1.653014703135e+01 ||r(i)||/||b|| 1.193340608629e+01
298 KSP unpreconditioned resid norm 1.634860907331e+01 true resid norm 1.634860907331e+01 ||r(i)||/||b|| 1.180235061721e+01
299 KSP unpreconditioned resid norm 1.585559587625e+01 true resid norm 1.585559587625e+01 ||r(i)||/||b|| 1.144643565315e+01
300 KSP unpreconditioned resid norm 1.489651796022e+01 true resid norm 1.489651796022e+01 ||r(i)||/||b|| 1.075406030896e+01
301 KSP unpreconditioned resid norm 1.537969127609e+01 true resid norm 1.537969127609e+01 ||r(i)||/||b|| 1.110287168840e+01
302 KSP unpreconditioned resid norm 1.571663047385e+01 true resid norm 1.571663047385e+01 ||r(i)||/||b|| 1.134611406644e+01
303 KSP unpreconditioned resid norm 1.536198796532e+01 true resid norm 1.536198796532e+01 ||r(i)||/||b|| 1.109009135462e+01
304 KSP unpreconditioned resid norm 1.501961281596e+01 true resid norm 1.501961281596e+01 ||r(i)||/||b|| 1.084292466678e+01
305 KSP unpreconditioned resid norm 1.519908611031e+01 true resid norm 1.519908611031e+01 ||r(i)||/||b|| 1.097248961857e+01
306 KSP unpreconditioned resid norm 1.624110405886e+01 true resid norm 1.624110405886e+01 ||r(i)||/||b|| 1.172474084208e+01
307 KSP unpreconditioned resid norm 1.788315192390e+01 true resid norm 1.788315192390e+01 ||r(i)||/||b|| 1.291016429594e+01
308 KSP unpreconditioned resid norm 1.778970138252e+01 true resid norm 1.778970138252e+01 ||r(i)||/||b|| 1.284270069401e+01
309 KSP unpreconditioned resid norm 1.836883819491e+01 true resid norm 1.836883819491e+01 ||r(i)||/||b|| 1.326078982223e+01
310 KSP unpreconditioned resid norm 1.954196126917e+01 true resid norm 1.954196126917e+01 ||r(i)||/||b|| 1.410768815942e+01
311 KSP unpreconditioned resid norm 2.008044130242e+01 true resid norm 2.008044130242e+01 ||r(i)||/||b|| 1.449642643827e+01
312 KSP unpreconditioned resid norm 2.125756871948e+01 true resid norm 2.125756871948e+01 ||r(i)||/||b|| 1.534621558150e+01
313 KSP unpreconditioned resid norm 2.109829573713e+01 true resid norm 2.109829573713e+01 ||r(i)||/||b|| 1.523123359293e+01
314 KSP unpreconditioned resid norm 2.204782708803e+01 true resid norm 2.204782708803e+01 ||r(i)||/||b|| 1.591671710257e+01
315 KSP unpreconditioned resid norm 2.242369408126e+01 true resid norm 2.242369408126e+01 ||r(i)||/||b|| 1.618806214603e+01
316 KSP unpreconditioned resid norm 2.262348412561e+01 true resid norm 2.262348412561e+01 ||r(i)||/||b|| 1.633229411970e+01
317 KSP unpreconditioned resid norm 2.309371206037e+01 true resid norm 2.309371206037e+01 ||r(i)||/||b|| 1.667175999910e+01
318 KSP unpreconditioned resid norm 2.252119348255e+01 true resid norm 2.252119348255e+01 ||r(i)||/||b|| 1.625844869169e+01
319 KSP unpreconditioned resid norm 2.310789797956e+01 true resid norm 2.310789797956e+01 ||r(i)||/||b|| 1.668200106556e+01
320 KSP unpreconditioned resid norm 2.383702819859e+01 true resid norm 2.383702819859e+01 ||r(i)||/||b|| 1.720837309219e+01
321 KSP unpreconditioned resid norm 2.441692930809e+01 true resid norm 2.441692930809e+01 ||r(i)||/||b|| 1.762701398005e+01
322 KSP unpreconditioned resid norm 2.536351143948e+01 true resid norm 2.536351143948e+01 ||r(i)||/||b|| 1.831036839586e+01
323 KSP unpreconditioned resid norm 2.674557412420e+01 true resid norm 2.674557412420e+01 ||r(i)||/||b|| 1.930810394063e+01
324 KSP unpreconditioned resid norm 2.845440606762e+01 true resid norm 2.845440606762e+01 ||r(i)||/||b|| 2.054174000421e+01
325 KSP unpreconditioned resid norm 2.960992269465e+01 true resid norm 2.960992269465e+01 ||r(i)||/||b|| 2.137592793513e+01
326 KSP unpreconditioned resid norm 3.128481777623e+01 true resid norm 3.128481777623e+01 ||r(i)||/||b|| 2.258506437671e+01
327 KSP unpreconditioned resid norm 3.247413299350e+01 true resid norm 3.247413299350e+01 ||r(i)||/||b|| 2.344365210890e+01
328 KSP unpreconditioned resid norm 3.309536529995e+01 true resid norm 3.309536529995e+01 ||r(i)||/||b|| 2.389213072029e+01
329 KSP unpreconditioned resid norm 3.466642659193e+01 true resid norm 3.466642659193e+01 ||r(i)||/||b|| 2.502630770905e+01
330 KSP unpreconditioned resid norm 3.587574987826e+01 true resid norm 3.587574987826e+01 ||r(i)||/||b|| 2.589933962086e+01
331 KSP unpreconditioned resid norm 3.789186259796e+01 true resid norm 3.789186259796e+01 ||r(i)||/||b|| 2.735480712241e+01
332 KSP unpreconditioned resid norm 4.206668262044e+01 true resid norm 4.206668262044e+01 ||r(i)||/||b|| 3.036868368206e+01
333 KSP unpreconditioned resid norm 4.356091644230e+01 true resid norm 4.356091644230e+01 ||r(i)||/||b|| 3.144739755862e+01
334 KSP unpreconditioned resid norm 4.459468919946e+01 true resid norm 4.459468919946e+01 ||r(i)||/||b|| 3.219369643235e+01
335 KSP unpreconditioned resid norm 4.639050194400e+01 true resid norm 4.639050194400e+01 ||r(i)||/||b|| 3.349012547771e+01
336 KSP unpreconditioned resid norm 4.704168895873e+01 true resid norm 4.704168895873e+01 ||r(i)||/||b|| 3.396022892387e+01
337 KSP unpreconditioned resid norm 5.041316216576e+01 true resid norm 5.041316216576e+01 ||r(i)||/||b|| 3.639415518068e+01
338 KSP unpreconditioned resid norm 5.201033486168e+01 true resid norm 5.201033486168e+01 ||r(i)||/||b|| 3.754718245467e+01
339 KSP unpreconditioned resid norm 5.095205256110e+01 true resid norm 5.095205256110e+01 ||r(i)||/||b|| 3.678318970720e+01
340 KSP unpreconditioned resid norm 5.365263474435e+01 true resid norm 5.365263474435e+01 ||r(i)||/||b|| 3.873278784452e+01
341 KSP unpreconditioned resid norm 5.346422208889e+01 true resid norm 5.346422208889e+01 ||r(i)||/||b|| 3.859676940953e+01
342 KSP unpreconditioned resid norm 5.327188625504e+01 true resid norm 5.327188625504e+01 ||r(i)||/||b|| 3.845791876253e+01
343 KSP unpreconditioned resid norm 5.173633377783e+01 true resid norm 5.173633377783e+01 ||r(i)||/||b|| 3.734937621645e+01
344 KSP unpreconditioned resid norm 5.094861945454e+01 true resid norm 5.094861945454e+01 ||r(i)||/||b|| 3.678071128673e+01
345 KSP unpreconditioned resid norm 5.247550697170e+01 true resid norm 5.247550697170e+01 ||r(i)||/||b|| 3.788299844460e+01
346 KSP unpreconditioned resid norm 5.220103925173e+01 true resid norm 5.220103925173e+01 ||r(i)||/||b|| 3.768485533348e+01
347 KSP unpreconditioned resid norm 5.465152558288e+01 true resid norm 5.465152558288e+01 ||r(i)||/||b|| 3.945390484303e+01
348 KSP unpreconditioned resid norm 5.613859383728e+01 true resid norm 5.613859383728e+01 ||r(i)||/||b|| 4.052744576944e+01
349 KSP unpreconditioned resid norm 6.247529388095e+01 true resid norm 6.247529388095e+01 ||r(i)||/||b|| 4.510202182885e+01
350 KSP unpreconditioned resid norm 6.120945396557e+01 true resid norm 6.120945396557e+01 ||r(i)||/||b|| 4.418818956095e+01
351 KSP unpreconditioned resid norm 6.524323698543e+01 true resid norm 6.524323698543e+01 ||r(i)||/||b|| 4.710024900898e+01
352 KSP unpreconditioned resid norm 6.554665535733e+01 true resid norm 6.554665535733e+01 ||r(i)||/||b|| 4.731929210878e+01
353 KSP unpreconditioned resid norm 7.217582946107e+01 true resid norm 7.217582946107e+01 ||r(i)||/||b|| 5.210501037533e+01
354 KSP unpreconditioned resid norm 7.537964356127e+01 true resid norm 7.537964356127e+01 ||r(i)||/||b|| 5.441790055170e+01
355 KSP unpreconditioned resid norm 7.988961611826e+01 true resid norm 7.988961611826e+01 ||r(i)||/||b|| 5.767372966553e+01
356 KSP unpreconditioned resid norm 8.208629210848e+01 true resid norm 8.208629210848e+01 ||r(i)||/||b|| 5.925954899197e+01
357 KSP unpreconditioned resid norm 8.165051490312e+01 true resid norm 8.165051490312e+01 ||r(i)||/||b|| 5.894495370466e+01
358 KSP unpreconditioned resid norm 8.609024807016e+01 true resid norm 8.609024807016e+01 ||r(i)||/||b|| 6.215007575812e+01
359 KSP unpreconditioned resid norm 8.407311190925e+01 true resid norm 8.407311190925e+01 ||r(i)||/||b|| 6.069386941622e+01
360 KSP unpreconditioned resid norm 8.260031830602e+01 true resid norm 8.260031830602e+01 ||r(i)||/||b|| 5.963063361346e+01
361 KSP unpreconditioned resid norm 7.759897111344e+01 true resid norm 7.759897111344e+01 ||r(i)||/||b|| 5.602007244214e+01
362 KSP unpreconditioned resid norm 8.170232538399e+01 true resid norm 8.170232538399e+01 ||r(i)||/||b|| 5.898235660898e+01
363 KSP unpreconditioned resid norm 8.180652188143e+01 true resid norm 8.180652188143e+01 ||r(i)||/||b|| 5.905757790703e+01
364 KSP unpreconditioned resid norm 7.910695784355e+01 true resid norm 7.910695784355e+01 ||r(i)||/||b|| 5.710871478688e+01
365 KSP unpreconditioned resid norm 8.310450298373e+01 true resid norm 8.310450298373e+01 ||r(i)||/||b|| 5.999461346738e+01
366 KSP unpreconditioned resid norm 8.614156000605e+01 true resid norm 8.614156000605e+01 ||r(i)||/||b|| 6.218711875398e+01
367 KSP unpreconditioned resid norm 8.445082569690e+01 true resid norm 8.445082569690e+01 ||r(i)||/||b|| 6.096654769331e+01
368 KSP unpreconditioned resid norm 9.003698927618e+01 true resid norm 9.003698927618e+01 ||r(i)||/||b|| 6.499929817820e+01
369 KSP unpreconditioned resid norm 9.067611834353e+01 true resid norm 9.067611834353e+01 ||r(i)||/||b|| 6.546069677846e+01
370 KSP unpreconditioned resid norm 9.543171549846e+01 true resid norm 9.543171549846e+01 ||r(i)||/||b|| 6.889384664246e+01
371 KSP unpreconditioned resid norm 9.147541015749e+01 true resid norm 9.147541015749e+01 ||r(i)||/||b|| 6.603771970386e+01
372 KSP unpreconditioned resid norm 9.046345371666e+01 true resid norm 9.046345371666e+01 ||r(i)||/||b|| 6.530717041551e+01
373 KSP unpreconditioned resid norm 9.477505131826e+01 true resid norm 9.477505131826e+01 ||r(i)||/||b|| 6.841978913348e+01
374 KSP unpreconditioned resid norm 9.947008701815e+01 true resid norm 9.947008701815e+01 ||r(i)||/||b|| 7.180921860983e+01
375 KSP unpreconditioned resid norm 1.098006185175e+02 true resid norm 1.098006185175e+02 ||r(i)||/||b|| 7.926701237506e+01
376 KSP unpreconditioned resid norm 1.120124307329e+02 true resid norm 1.120124307329e+02 ||r(i)||/||b|| 8.086375881070e+01
377 KSP unpreconditioned resid norm 1.172087805327e+02 true resid norm 1.172087805327e+02 ||r(i)||/||b|| 8.461509582001e+01
378 KSP unpreconditioned resid norm 1.232253906963e+02 true resid norm 1.232253906963e+02 ||r(i)||/||b|| 8.895859332242e+01
379 KSP unpreconditioned resid norm 1.195068707694e+02 true resid norm 1.195068707694e+02 ||r(i)||/||b|| 8.627412788825e+01
380 KSP unpreconditioned resid norm 1.185317990023e+02 true resid norm 1.185317990023e+02 ||r(i)||/||b|| 8.557020629953e+01
381 KSP unpreconditioned resid norm 1.204592197690e+02 true resid norm 1.204592197690e+02 ||r(i)||/||b|| 8.696164550840e+01
382 KSP unpreconditioned resid norm 1.189830780162e+02 true resid norm 1.189830780162e+02 ||r(i)||/||b|| 8.589599261716e+01
383 KSP unpreconditioned resid norm 1.208629030949e+02 true resid norm 1.208629030949e+02 ||r(i)||/||b|| 8.725307165536e+01
384 KSP unpreconditioned resid norm 1.175740716444e+02 true resid norm 1.175740716444e+02 ||r(i)||/||b|| 8.487880594714e+01
385 KSP unpreconditioned resid norm 1.208478963255e+02 true resid norm 1.208478963255e+02 ||r(i)||/||b|| 8.724223800261e+01
386 KSP unpreconditioned resid norm 1.174511320488e+02 true resid norm 1.174511320488e+02 ||r(i)||/||b|| 8.479005367436e+01
387 KSP unpreconditioned resid norm 1.198856876065e+02 true resid norm 1.198856876065e+02 ||r(i)||/||b|| 8.654760247622e+01
388 KSP unpreconditioned resid norm 1.132602256036e+02 true resid norm 1.132602256036e+02 ||r(i)||/||b|| 8.176456404108e+01
389 KSP unpreconditioned resid norm 1.050929230233e+02 true resid norm 1.050929230233e+02 ||r(i)||/||b|| 7.586844356889e+01
390 KSP unpreconditioned resid norm 1.045599684062e+02 true resid norm 1.045599684062e+02 ||r(i)||/||b|| 7.548369418584e+01
391 KSP unpreconditioned resid norm 1.077181777131e+02 true resid norm 1.077181777131e+02 ||r(i)||/||b|| 7.776366145372e+01
392 KSP unpreconditioned resid norm 1.054371972701e+02 true resid norm 1.054371972701e+02 ||r(i)||/||b|| 7.611698124879e+01
393 KSP unpreconditioned resid norm 1.077699683091e+02 true resid norm 1.077699683091e+02 ||r(i)||/||b|| 7.780105000279e+01
394 KSP unpreconditioned resid norm 1.064968073224e+02 true resid norm 1.064968073224e+02 ||r(i)||/||b|| 7.688193252376e+01
395 KSP unpreconditioned resid norm 1.071618924333e+02 true resid norm 1.071618924333e+02 ||r(i)||/||b|| 7.736206925185e+01
396 KSP unpreconditioned resid norm 1.095913184609e+02 true resid norm 1.095913184609e+02 ||r(i)||/||b|| 7.911591495500e+01
397 KSP unpreconditioned resid norm 1.121372207628e+02 true resid norm 1.121372207628e+02 ||r(i)||/||b|| 8.095384694483e+01
398 KSP unpreconditioned resid norm 1.128912576512e+02 true resid norm 1.128912576512e+02 ||r(i)||/||b|| 8.149819953745e+01
399 KSP unpreconditioned resid norm 1.201459183216e+02 true resid norm 1.201459183216e+02 ||r(i)||/||b|| 8.673546764124e+01
400 KSP unpreconditioned resid norm 1.219681405179e+02 true resid norm 1.219681405179e+02 ||r(i)||/||b|| 8.805096213788e+01
401 KSP unpreconditioned resid norm 1.196606963004e+02 true resid norm 1.196606963004e+02 ||r(i)||/||b|| 8.638517726510e+01
402 KSP unpreconditioned resid norm 1.126010103679e+02 true resid norm 1.126010103679e+02 ||r(i)||/||b|| 8.128866487994e+01
403 KSP unpreconditioned resid norm 1.122733676315e+02 true resid norm 1.122733676315e+02 ||r(i)||/||b|| 8.105213378210e+01
404 KSP unpreconditioned resid norm 1.070076133928e+02 true resid norm 1.070076133928e+02 ||r(i)||/||b|| 7.725069247838e+01
405 KSP unpreconditioned resid norm 1.104545762459e+02 true resid norm 1.104545762459e+02 ||r(i)||/||b|| 7.973911604852e+01
406 KSP unpreconditioned resid norm 1.082503748538e+02 true resid norm 1.082503748538e+02 ||r(i)||/||b|| 7.814786400108e+01
407 KSP unpreconditioned resid norm 9.876282490308e+01 true resid norm 9.876282490308e+01 ||r(i)||/||b|| 7.129863355499e+01
408 KSP unpreconditioned resid norm 1.029600674418e+02 true resid norm 1.029600674418e+02 ||r(i)||/||b|| 7.432869732651e+01
409 KSP unpreconditioned resid norm 1.065888672396e+02 true resid norm 1.065888672396e+02 ||r(i)||/||b|| 7.694839220948e+01
410 KSP unpreconditioned resid norm 9.656056660195e+01 true resid norm 9.656056660195e+01 ||r(i)||/||b|| 6.970878425937e+01
411 KSP unpreconditioned resid norm 9.492908133124e+01 true resid norm 9.492908133124e+01 ||r(i)||/||b|| 6.853098612954e+01
412 KSP unpreconditioned resid norm 9.381345838394e+01 true resid norm 9.381345838394e+01 ||r(i)||/||b|| 6.772559815302e+01
413 KSP unpreconditioned resid norm 9.081728444438e+01 true resid norm 9.081728444438e+01 ||r(i)||/||b|| 6.556260708838e+01
414 KSP unpreconditioned resid norm 9.566282568917e+01 true resid norm 9.566282568917e+01 ||r(i)||/||b|| 6.906068918482e+01
415 KSP unpreconditioned resid norm 9.628307418603e+01 true resid norm 9.628307418603e+01 ||r(i)||/||b|| 6.950845756664e+01
416 KSP unpreconditioned resid norm 8.992306162038e+01 true resid norm 8.992306162038e+01 ||r(i)||/||b|| 6.491705178447e+01
417 KSP unpreconditioned resid norm 9.308810429093e+01 true resid norm 9.308810429093e+01 ||r(i)||/||b|| 6.720195217868e+01
418 KSP unpreconditioned resid norm 8.845375468206e+01 true resid norm 8.845375468206e+01 ||r(i)||/||b|| 6.385633306690e+01
419 KSP unpreconditioned resid norm 8.748277240850e+01 true resid norm 8.748277240850e+01 ||r(i)||/||b|| 6.315536375604e+01
420 KSP unpreconditioned resid norm 8.855682305877e+01 true resid norm 8.855682305877e+01 ||r(i)||/||b|| 6.393073995461e+01
421 KSP unpreconditioned resid norm 8.853866532649e+01 true resid norm 8.853866532649e+01 ||r(i)||/||b|| 6.391763156588e+01
422 KSP unpreconditioned resid norm 8.681366464365e+01 true resid norm 8.681366464365e+01 ||r(i)||/||b|| 6.267232300278e+01
423 KSP unpreconditioned resid norm 9.408368780888e+01 true resid norm 9.408368780888e+01 ||r(i)||/||b|| 6.792068156383e+01
424 KSP unpreconditioned resid norm 9.183019858547e+01 true resid norm 9.183019858547e+01 ||r(i)||/||b|| 6.629384775752e+01
425 KSP unpreconditioned resid norm 9.148948753901e+01 true resid norm 9.148948753901e+01 ||r(i)||/||b|| 6.604788241506e+01
426 KSP unpreconditioned resid norm 8.797442734822e+01 true resid norm 8.797442734822e+01 ||r(i)||/||b|| 6.351029817005e+01
427 KSP unpreconditioned resid norm 9.311960978500e+01 true resid norm 9.311960978500e+01 ||r(i)||/||b|| 6.722469655318e+01
428 KSP unpreconditioned resid norm 8.772985400297e+01 true resid norm 8.772985400297e+01 ||r(i)||/||b|| 6.333373633783e+01
429 KSP unpreconditioned resid norm 8.604718481242e+01 true resid norm 8.604718481242e+01 ||r(i)||/||b|| 6.211898762919e+01
430 KSP unpreconditioned resid norm 8.876777411330e+01 true resid norm 8.876777411330e+01 ||r(i)||/||b|| 6.408302925931e+01
431 KSP unpreconditioned resid norm 8.808924470971e+01 true resid norm 8.808924470971e+01 ||r(i)||/||b|| 6.359318685808e+01
432 KSP unpreconditioned resid norm 9.247770391158e+01 true resid norm 9.247770391158e+01 ||r(i)||/||b|| 6.676129332741e+01
433 KSP unpreconditioned resid norm 9.430416436911e+01 true resid norm 9.430416436911e+01 ||r(i)||/||b|| 6.807984749992e+01
434 KSP unpreconditioned resid norm 9.126268588805e+01 true resid norm 9.126268588805e+01 ||r(i)||/||b|| 6.588415028389e+01
435 KSP unpreconditioned resid norm 8.943879801622e+01 true resid norm 8.943879801622e+01 ||r(i)||/||b|| 6.456745330659e+01
436 KSP unpreconditioned resid norm 8.620521523455e+01 true resid norm 8.620521523455e+01 ||r(i)||/||b|| 6.223307259152e+01
437 KSP unpreconditioned resid norm 8.647984155477e+01 true resid norm 8.647984155477e+01 ||r(i)||/||b|| 6.243133019897e+01
438 KSP unpreconditioned resid norm 8.836029898274e+01 true resid norm 8.836029898274e+01 ||r(i)||/||b|| 6.378886574136e+01
439 KSP unpreconditioned resid norm 8.664964185162e+01 true resid norm 8.664964185162e+01 ||r(i)||/||b|| 6.255391204243e+01
440 KSP unpreconditioned resid norm 8.188741573211e+01 true resid norm 8.188741573211e+01 ||r(i)||/||b|| 5.911597661142e+01
441 KSP unpreconditioned resid norm 8.003700484049e+01 true resid norm 8.003700484049e+01 ||r(i)||/||b|| 5.778013219611e+01
442 KSP unpreconditioned resid norm 8.178845230848e+01 true resid norm 8.178845230848e+01 ||r(i)||/||b|| 5.904453316209e+01
443 KSP unpreconditioned resid norm 8.725403363320e+01 true resid norm 8.725403363320e+01 ||r(i)||/||b|| 6.299023318048e+01
444 KSP unpreconditioned resid norm 8.584607361571e+01 true resid norm 8.584607361571e+01 ||r(i)||/||b|| 6.197380189224e+01
445 KSP unpreconditioned resid norm 8.283892527717e+01 true resid norm 8.283892527717e+01 ||r(i)||/||b|| 5.980288821449e+01
446 KSP unpreconditioned resid norm 8.455780805342e+01 true resid norm 8.455780805342e+01 ||r(i)||/||b|| 6.104378015240e+01
447 KSP unpreconditioned resid norm 8.796863146803e+01 true resid norm 8.796863146803e+01 ||r(i)||/||b|| 6.350611402142e+01
448 KSP unpreconditioned resid norm 8.734657137279e+01 true resid norm 8.734657137279e+01 ||r(i)||/||b|| 6.305703781463e+01
449 KSP unpreconditioned resid norm 9.020417021289e+01 true resid norm 9.020417021289e+01 ||r(i)||/||b|| 6.511998905916e+01
450 KSP unpreconditioned resid norm 8.779815429962e+01 true resid norm 8.779815429962e+01 ||r(i)||/||b|| 6.338304353238e+01
451 KSP unpreconditioned resid norm 8.403400612987e+01 true resid norm 8.403400612987e+01 ||r(i)||/||b|| 6.066563826107e+01
452 KSP unpreconditioned resid norm 8.539105571532e+01 true resid norm 8.539105571532e+01 ||r(i)||/||b|| 6.164531640620e+01
453 KSP unpreconditioned resid norm 7.955342048810e+01 true resid norm 7.955342048810e+01 ||r(i)||/||b|| 5.743102408212e+01
454 KSP unpreconditioned resid norm 8.169589216213e+01 true resid norm 8.169589216213e+01 ||r(i)||/||b|| 5.897771235211e+01
455 KSP unpreconditioned resid norm 8.404150307067e+01 true resid norm 8.404150307067e+01 ||r(i)||/||b|| 6.067105043548e+01
456 KSP unpreconditioned resid norm 8.213101102296e+01 true resid norm 8.213101102296e+01 ||r(i)||/||b|| 5.929183236884e+01
457 KSP unpreconditioned resid norm 8.299578035043e+01 true resid norm 8.299578035043e+01 ||r(i)||/||b|| 5.991612467163e+01
458 KSP unpreconditioned resid norm 7.938881473472e+01 true resid norm 7.938881473472e+01 ||r(i)||/||b|| 5.731219227164e+01
459 KSP unpreconditioned resid norm 7.868880938384e+01 true resid norm 7.868880938384e+01 ||r(i)||/||b|| 5.680684600347e+01
460 KSP unpreconditioned resid norm 7.698079240535e+01 true resid norm 7.698079240535e+01 ||r(i)||/||b|| 5.557379827751e+01
461 KSP unpreconditioned resid norm 7.855987054771e+01 true resid norm 7.855987054771e+01 ||r(i)||/||b|| 5.671376277263e+01
462 KSP unpreconditioned resid norm 8.020108005924e+01 true resid norm 8.020108005924e+01 ||r(i)||/||b|| 5.789858100423e+01
463 KSP unpreconditioned resid norm 7.720444801245e+01 true resid norm 7.720444801245e+01 ||r(i)||/||b|| 5.573525922387e+01
464 KSP unpreconditioned resid norm 7.365206206325e+01 true resid norm 7.365206206325e+01 ||r(i)||/||b|| 5.317072885238e+01
465 KSP unpreconditioned resid norm 7.384919161219e+01 true resid norm 7.384919161219e+01 ||r(i)||/||b|| 5.331304016726e+01
466 KSP unpreconditioned resid norm 7.129536531230e+01 true resid norm 7.129536531230e+01 ||r(i)||/||b|| 5.146938770291e+01
467 KSP unpreconditioned resid norm 7.537148360361e+01 true resid norm 7.537148360361e+01 ||r(i)||/||b|| 5.441200973365e+01
468 KSP unpreconditioned resid norm 7.435324792052e+01 true resid norm 7.435324792052e+01 ||r(i)||/||b|| 5.367692734903e+01
469 KSP unpreconditioned resid norm 7.432369118674e+01 true resid norm 7.432369118674e+01 ||r(i)||/||b|| 5.365558981912e+01
470 KSP unpreconditioned resid norm 7.524659475715e+01 true resid norm 7.524659475715e+01 ||r(i)||/||b|| 5.432185026214e+01
471 KSP unpreconditioned resid norm 7.810929173518e+01 true resid norm 7.810929173518e+01 ||r(i)||/||b|| 5.638848194279e+01
472 KSP unpreconditioned resid norm 8.076551247236e+01 true resid norm 8.076551247236e+01 ||r(i)||/||b|| 5.830605476604e+01
473 KSP unpreconditioned resid norm 8.373344409698e+01 true resid norm 8.373344409698e+01 ||r(i)||/||b|| 6.044865720302e+01
474 KSP unpreconditioned resid norm 8.370922724087e+01 true resid norm 8.370922724087e+01 ||r(i)||/||b|| 6.043117462542e+01
475 KSP unpreconditioned resid norm 8.516898968357e+01 true resid norm 8.516898968357e+01 ||r(i)||/||b|| 6.148500300246e+01
476 KSP unpreconditioned resid norm 8.813340053122e+01 true resid norm 8.813340053122e+01 ||r(i)||/||b|| 6.362506372815e+01
477 KSP unpreconditioned resid norm 9.385428480561e+01 true resid norm 9.385428480561e+01 ||r(i)||/||b|| 6.775507147033e+01
478 KSP unpreconditioned resid norm 9.300051897768e+01 true resid norm 9.300051897768e+01 ||r(i)||/||b|| 6.713872278886e+01
479 KSP unpreconditioned resid norm 9.876655482180e+01 true resid norm 9.876655482180e+01 ||r(i)||/||b|| 7.130132624941e+01
480 KSP unpreconditioned resid norm 9.677827877452e+01 true resid norm 9.677827877452e+01 ||r(i)||/||b|| 6.986595453500e+01
481 KSP unpreconditioned resid norm 9.334382851238e+01 true resid norm 9.334382851238e+01 ||r(i)||/||b|| 6.738656402604e+01
482 KSP unpreconditioned resid norm 8.885884443719e+01 true resid norm 8.885884443719e+01 ||r(i)||/||b|| 6.414877454005e+01
483 KSP unpreconditioned resid norm 8.326927597711e+01 true resid norm 8.326927597711e+01 ||r(i)||/||b|| 6.011356601138e+01
484 KSP unpreconditioned resid norm 8.322875728714e+01 true resid norm 8.322875728714e+01 ||r(i)||/||b|| 6.008431485102e+01
485 KSP unpreconditioned resid norm 7.629223413484e+01 true resid norm 7.629223413484e+01 ||r(i)||/||b|| 5.507671585953e+01
486 KSP unpreconditioned resid norm 7.424966804147e+01 true resid norm 7.424966804147e+01 ||r(i)||/||b|| 5.360215119873e+01
487 KSP unpreconditioned resid norm 6.688048226129e+01 true resid norm 6.688048226129e+01 ||r(i)||/||b|| 4.828220538860e+01
488 KSP unpreconditioned resid norm 6.309568428492e+01 true resid norm 6.309568428492e+01 ||r(i)||/||b|| 4.554989265593e+01
489 KSP unpreconditioned resid norm 5.474716157700e+01 true resid norm 5.474716157700e+01 ||r(i)||/||b|| 3.952294616203e+01
490 KSP unpreconditioned resid norm 5.184405074414e+01 true resid norm 5.184405074414e+01 ||r(i)||/||b|| 3.742713900337e+01
491 KSP unpreconditioned resid norm 4.801955399557e+01 true resid norm 4.801955399557e+01 ||r(i)||/||b|| 3.466616702351e+01
492 KSP unpreconditioned resid norm 4.764600326485e+01 true resid norm 4.764600326485e+01 ||r(i)||/||b|| 3.439649413100e+01
493 KSP unpreconditioned resid norm 4.542321796665e+01 true resid norm 4.542321796665e+01 ||r(i)||/||b|| 3.279182603243e+01
494 KSP unpreconditioned resid norm 4.191715752384e+01 true resid norm 4.191715752384e+01 ||r(i)||/||b|| 3.026073886497e+01
495 KSP unpreconditioned resid norm 3.761694598850e+01 true resid norm 3.761694598850e+01 ||r(i)||/||b|| 2.715633995001e+01
496 KSP unpreconditioned resid norm 3.650039166984e+01 true resid norm 3.650039166984e+01 ||r(i)||/||b|| 2.635027959999e+01
497 KSP unpreconditioned resid norm 3.596405904399e+01 true resid norm 3.596405904399e+01 ||r(i)||/||b|| 2.596309157260e+01
498 KSP unpreconditioned resid norm 3.539532689723e+01 true resid norm 3.539532689723e+01 ||r(i)||/||b|| 2.555251375689e+01
499 KSP unpreconditioned resid norm 3.479166535730e+01 true resid norm 3.479166535730e+01 ||r(i)||/||b|| 2.511671979322e+01
500 KSP unpreconditioned resid norm 3.551988414612e+01 true resid norm 3.551988414612e+01 ||r(i)||/||b|| 2.564243384223e+01
501 KSP unpreconditioned resid norm 3.554217844615e+01 true resid norm 3.554217844615e+01 ||r(i)||/||b|| 2.565852849253e+01
502 KSP unpreconditioned resid norm 3.696588788483e+01 true resid norm 3.696588788483e+01 ||r(i)||/||b|| 2.668632956704e+01
503 KSP unpreconditioned resid norm 3.815055094729e+01 true resid norm 3.815055094729e+01 ||r(i)||/||b|| 2.754155882622e+01
504 KSP unpreconditioned resid norm 3.885735989688e+01 true resid norm 3.885735989688e+01 ||r(i)||/||b|| 2.805181673287e+01
505 KSP unpreconditioned resid norm 3.917296117839e+01 true resid norm 3.917296117839e+01 ||r(i)||/||b|| 2.827965489102e+01
506 KSP unpreconditioned resid norm 4.086082192199e+01 true resid norm 4.086082192199e+01 ||r(i)||/||b|| 2.949815147380e+01
507 KSP unpreconditioned resid norm 4.288382648786e+01 true resid norm 4.288382648786e+01 ||r(i)||/||b|| 3.095859432124e+01
508 KSP unpreconditioned resid norm 4.733697452942e+01 true resid norm 4.733697452942e+01 ||r(i)||/||b|| 3.417340081034e+01
509 KSP unpreconditioned resid norm 4.894899884203e+01 true resid norm 4.894899884203e+01 ||r(i)||/||b|| 3.533714972963e+01
510 KSP unpreconditioned resid norm 5.308191712196e+01 true resid norm 5.308191712196e+01 ||r(i)||/||b|| 3.832077667876e+01
511 KSP unpreconditioned resid norm 5.602043846323e+01 true resid norm 5.602043846323e+01 ||r(i)||/||b|| 4.044214731099e+01
512 KSP unpreconditioned resid norm 5.835209553860e+01 true resid norm 5.835209553860e+01 ||r(i)||/||b|| 4.212541187492e+01
513 KSP unpreconditioned resid norm 5.751216506353e+01 true resid norm 5.751216506353e+01 ||r(i)||/||b|| 4.151905117986e+01
514 KSP unpreconditioned resid norm 6.028986207450e+01 true resid norm 6.028986207450e+01 ||r(i)||/||b|| 4.352431987794e+01
515 KSP unpreconditioned resid norm 6.309634135302e+01 true resid norm 6.309634135302e+01 ||r(i)||/||b|| 4.555036700504e+01
516 KSP unpreconditioned resid norm 6.299126120420e+01 true resid norm 6.299126120420e+01 ||r(i)||/||b|| 4.547450778339e+01
517 KSP unpreconditioned resid norm 6.283938450065e+01 true resid norm 6.283938450065e+01 ||r(i)||/||b|| 4.536486529956e+01
518 KSP unpreconditioned resid norm 6.382444938333e+01 true resid norm 6.382444938333e+01 ||r(i)||/||b|| 4.607600109552e+01
519 KSP unpreconditioned resid norm 6.530457394824e+01 true resid norm 6.530457394824e+01 ||r(i)||/||b|| 4.714452924943e+01
520 KSP unpreconditioned resid norm 7.105473758234e+01 true resid norm 7.105473758234e+01 ||r(i)||/||b|| 5.129567428028e+01
521 KSP unpreconditioned resid norm 7.443486200637e+01 true resid norm 7.443486200637e+01 ||r(i)||/||b|| 5.373584600396e+01
522 KSP unpreconditioned resid norm 7.210037388856e+01 true resid norm 7.210037388856e+01 ||r(i)||/||b|| 5.205053766032e+01
523 KSP unpreconditioned resid norm 6.847170386863e+01 true resid norm 6.847170386863e+01 ||r(i)||/||b|| 4.943093646629e+01
524 KSP unpreconditioned resid norm 6.471452517743e+01 true resid norm 6.471452517743e+01 ||r(i)||/||b|| 4.671856258505e+01
525 KSP unpreconditioned resid norm 6.132923904013e+01 true resid norm 6.132923904013e+01 ||r(i)||/||b|| 4.427466452908e+01
526 KSP unpreconditioned resid norm 5.493560688113e+01 true resid norm 5.493560688113e+01 ||r(i)||/||b|| 3.965898816667e+01
527 KSP unpreconditioned resid norm 4.851113656920e+01 true resid norm 4.851113656920e+01 ||r(i)||/||b|| 3.502104919515e+01
528 KSP unpreconditioned resid norm 4.255937126064e+01 true resid norm 4.255937126064e+01 ||r(i)||/||b|| 3.072436434277e+01
529 KSP unpreconditioned resid norm 3.668853291768e+01 true resid norm 3.668853291768e+01 ||r(i)||/||b|| 2.648610210102e+01
530 KSP unpreconditioned resid norm 3.301240933840e+01 true resid norm 3.301240933840e+01 ||r(i)||/||b|| 2.383224334152e+01
531 KSP unpreconditioned resid norm 3.001966432100e+01 true resid norm 3.001966432100e+01 ||r(i)||/||b|| 2.167172767656e+01
532 KSP unpreconditioned resid norm 2.679529471247e+01 true resid norm 2.679529471247e+01 ||r(i)||/||b|| 1.934399811444e+01
533 KSP unpreconditioned resid norm 2.332480568602e+01 true resid norm 2.332480568602e+01 ||r(i)||/||b|| 1.683859058285e+01
534 KSP unpreconditioned resid norm 2.072682012649e+01 true resid norm 2.072682012649e+01 ||r(i)||/||b|| 1.496305876638e+01
535 KSP unpreconditioned resid norm 1.916208518977e+01 true resid norm 1.916208518977e+01 ||r(i)||/||b|| 1.383344888561e+01
536 KSP unpreconditioned resid norm 1.690838688685e+01 true resid norm 1.690838688685e+01 ||r(i)||/||b|| 1.220646414109e+01
537 KSP unpreconditioned resid norm 1.479209544123e+01 true resid norm 1.479209544123e+01 ||r(i)||/||b|| 1.067867584194e+01
538 KSP unpreconditioned resid norm 1.334627159739e+01 true resid norm 1.334627159739e+01 ||r(i)||/||b|| 9.634909986441e+00
539 KSP unpreconditioned resid norm 1.182158070381e+01 true resid norm 1.182158070381e+01 ||r(i)||/||b|| 8.534208610057e+00
540 KSP unpreconditioned resid norm 1.107913302521e+01 true resid norm 1.107913302521e+01 ||r(i)||/||b|| 7.998222473348e+00
541 KSP unpreconditioned resid norm 1.048862279269e+01 true resid norm 1.048862279269e+01 ||r(i)||/||b|| 7.571922671573e+00
542 KSP unpreconditioned resid norm 1.010306537702e+01 true resid norm 1.010306537702e+01 ||r(i)||/||b|| 7.293581940420e+00
543 KSP unpreconditioned resid norm 9.442893798290e+00 true resid norm 9.442893798290e+00 ||r(i)||/||b|| 6.816992378292e+00
544 KSP unpreconditioned resid norm 8.353803531186e+00 true resid norm 8.353803531186e+00 ||r(i)||/||b|| 6.030758813803e+00
545 KSP unpreconditioned resid norm 8.021552476542e+00 true resid norm 8.021552476542e+00 ||r(i)||/||b|| 5.790900889361e+00
546 KSP unpreconditioned resid norm 7.033509048185e+00 true resid norm 7.033509048185e+00 ||r(i)||/||b|| 5.077614828498e+00
547 KSP unpreconditioned resid norm 6.274201999195e+00 true resid norm 6.274201999195e+00 ||r(i)||/||b|| 4.529457613526e+00
548 KSP unpreconditioned resid norm 5.760348998767e+00 true resid norm 5.760348998767e+00 ||r(i)||/||b|| 4.158498026104e+00
549 KSP unpreconditioned resid norm 5.360611583645e+00 true resid norm 5.360611583645e+00 ||r(i)||/||b|| 3.869920502051e+00
550 KSP unpreconditioned resid norm 5.377251126875e+00 true resid norm 5.377251126875e+00 ||r(i)||/||b|| 3.881932883192e+00
551 KSP unpreconditioned resid norm 5.382221863758e+00 true resid norm 5.382221863758e+00 ||r(i)||/||b|| 3.885521346239e+00
552 KSP unpreconditioned resid norm 5.462284369566e+00 true resid norm 5.462284369566e+00 ||r(i)||/||b|| 3.943319888035e+00
553 KSP unpreconditioned resid norm 5.398206462606e+00 true resid norm 5.398206462606e+00 ||r(i)||/||b|| 3.897060911423e+00
554 KSP unpreconditioned resid norm 5.607234119657e+00 true resid norm 5.607234119657e+00 ||r(i)||/||b|| 4.047961681400e+00
555 KSP unpreconditioned resid norm 5.831627846924e+00 true resid norm 5.831627846924e+00 ||r(i)||/||b|| 4.209955489780e+00
556 KSP unpreconditioned resid norm 6.133473897299e+00 true resid norm 6.133473897299e+00 ||r(i)||/||b|| 4.427863502808e+00
557 KSP unpreconditioned resid norm 6.337557605071e+00 true resid norm 6.337557605071e+00 ||r(i)||/||b|| 4.575195148184e+00
558 KSP unpreconditioned resid norm 6.629317792543e+00 true resid norm 6.629317792543e+00 ||r(i)||/||b|| 4.785821998044e+00
559 KSP unpreconditioned resid norm 7.300350630170e+00 true resid norm 7.300350630170e+00 ||r(i)||/||b|| 5.270252495452e+00
560 KSP unpreconditioned resid norm 8.486592416388e+00 true resid norm 8.486592416388e+00 ||r(i)||/||b|| 6.126621463292e+00
561 KSP unpreconditioned resid norm 8.891100856879e+00 true resid norm 8.891100856879e+00 ||r(i)||/||b|| 6.418643275110e+00
562 KSP unpreconditioned resid norm 9.752633107189e+00 true resid norm 9.752633107189e+00 ||r(i)||/||b|| 7.040598674533e+00
563 KSP unpreconditioned resid norm 1.052223236673e+01 true resid norm 1.052223236673e+01 ||r(i)||/||b|| 7.596186018696e+00
564 KSP unpreconditioned resid norm 1.196005379460e+01 true resid norm 1.196005379460e+01 ||r(i)||/||b|| 8.634174788300e+00
565 KSP unpreconditioned resid norm 1.330144779006e+01 true resid norm 1.330144779006e+01 ||r(i)||/||b|| 9.602550885566e+00
566 KSP unpreconditioned resid norm 1.509466711343e+01 true resid norm 1.509466711343e+01 ||r(i)||/||b|| 1.089710769422e+01
567 KSP unpreconditioned resid norm 1.613270678502e+01 true resid norm 1.613270678502e+01 ||r(i)||/||b|| 1.164648692910e+01
568 KSP unpreconditioned resid norm 1.843896089505e+01 true resid norm 1.843896089505e+01 ||r(i)||/||b|| 1.331141264216e+01
569 KSP unpreconditioned resid norm 2.081703415351e+01 true resid norm 2.081703415351e+01 ||r(i)||/||b|| 1.502818587125e+01
570 KSP unpreconditioned resid norm 2.450299812361e+01 true resid norm 2.450299812361e+01 ||r(i)||/||b|| 1.768914858327e+01
571 KSP unpreconditioned resid norm 2.745511468027e+01 true resid norm 2.745511468027e+01 ||r(i)||/||b|| 1.982033384241e+01
572 KSP unpreconditioned resid norm 2.939195122629e+01 true resid norm 2.939195122629e+01 ||r(i)||/||b|| 2.121857046926e+01
573 KSP unpreconditioned resid norm 3.330001615584e+01 true resid norm 3.330001615584e+01 ||r(i)||/||b|| 2.403987179994e+01
574 KSP unpreconditioned resid norm 3.644253706151e+01 true resid norm 3.644253706151e+01 ||r(i)||/||b|| 2.630851333295e+01
575 KSP unpreconditioned resid norm 4.167786767538e+01 true resid norm 4.167786767538e+01 ||r(i)||/||b|| 3.008799128271e+01
576 KSP unpreconditioned resid norm 4.562980754065e+01 true resid norm 4.562980754065e+01 ||r(i)||/||b|| 3.294096670704e+01
577 KSP unpreconditioned resid norm 4.652343396311e+01 true resid norm 4.652343396311e+01 ||r(i)||/||b|| 3.358609145810e+01
578 KSP unpreconditioned resid norm 4.898308105661e+01 true resid norm 4.898308105661e+01 ||r(i)||/||b|| 3.536175428433e+01
579 KSP unpreconditioned resid norm 4.876865010750e+01 true resid norm 4.876865010750e+01 ||r(i)||/||b|| 3.520695278206e+01
580 KSP unpreconditioned resid norm 4.843848550807e+01 true resid norm 4.843848550807e+01 ||r(i)||/||b|| 3.496860110662e+01
581 KSP unpreconditioned resid norm 4.821203463286e+01 true resid norm 4.821203463286e+01 ||r(i)||/||b|| 3.480512220668e+01
582 KSP unpreconditioned resid norm 4.876623206626e+01 true resid norm 4.876623206626e+01 ||r(i)||/||b|| 3.520520715524e+01
583 KSP unpreconditioned resid norm 4.785716390016e+01 true resid norm 4.785716390016e+01 ||r(i)||/||b|| 3.454893473579e+01
584 KSP unpreconditioned resid norm 4.675154609421e+01 true resid norm 4.675154609421e+01 ||r(i)||/||b|| 3.375076964811e+01
585 KSP unpreconditioned resid norm 4.582102292401e+01 true resid norm 4.582102292401e+01 ||r(i)||/||b|| 3.307900848097e+01
586 KSP unpreconditioned resid norm 4.364592711560e+01 true resid norm 4.364592711560e+01 ||r(i)||/||b|| 3.150876827021e+01
587 KSP unpreconditioned resid norm 4.078891422090e+01 true resid norm 4.078891422090e+01 ||r(i)||/||b|| 2.944624003005e+01
588 KSP unpreconditioned resid norm 3.897545065525e+01 true resid norm 3.897545065525e+01 ||r(i)||/||b|| 2.813706854412e+01
589 KSP unpreconditioned resid norm 3.624938944076e+01 true resid norm 3.624938944076e+01 ||r(i)||/||b|| 2.616907664260e+01
590 KSP unpreconditioned resid norm 3.385094249265e+01 true resid norm 3.385094249265e+01 ||r(i)||/||b|| 2.443759528591e+01
591 KSP unpreconditioned resid norm 2.964089815673e+01 true resid norm 2.964089815673e+01 ||r(i)||/||b|| 2.139828967014e+01
592 KSP unpreconditioned resid norm 2.768510524105e+01 true resid norm 2.768510524105e+01 ||r(i)||/||b|| 1.998636810409e+01
593 KSP unpreconditioned resid norm 2.404883720353e+01 true resid norm 2.404883720353e+01 ||r(i)||/||b|| 1.736128176650e+01
594 KSP unpreconditioned resid norm 2.197448217208e+01 true resid norm 2.197448217208e+01 ||r(i)||/||b|| 1.586376810794e+01
595 KSP unpreconditioned resid norm 1.944700696299e+01 true resid norm 1.944700696299e+01 ||r(i)||/||b|| 1.403913896303e+01
596 KSP unpreconditioned resid norm 1.659069131566e+01 true resid norm 1.659069131566e+01 ||r(i)||/||b|| 1.197711407809e+01
597 KSP unpreconditioned resid norm 1.511713069783e+01 true resid norm 1.511713069783e+01 ||r(i)||/||b|| 1.091332455390e+01
598 KSP unpreconditioned resid norm 1.314464650763e+01 true resid norm 1.314464650763e+01 ||r(i)||/||b|| 9.489353260974e+00
599 KSP unpreconditioned resid norm 1.223444149072e+01 true resid norm 1.223444149072e+01 ||r(i)||/||b|| 8.832260128776e+00
600 KSP unpreconditioned resid norm 1.066942533709e+01 true resid norm 1.066942533709e+01 ||r(i)||/||b|| 7.702447232531e+00
601 KSP unpreconditioned resid norm 9.555373462877e+00 true resid norm 9.555373462877e+00 ||r(i)||/||b|| 6.898193441503e+00
602 KSP unpreconditioned resid norm 8.482361937592e+00 true resid norm 8.482361937592e+00 ||r(i)||/||b|| 6.123567405678e+00
603 KSP unpreconditioned resid norm 7.861902893804e+00 true resid norm 7.861902893804e+00 ||r(i)||/||b|| 5.675647026301e+00
604 KSP unpreconditioned resid norm 7.057051141935e+00 true resid norm 7.057051141935e+00 ||r(i)||/||b|| 5.094610283185e+00
605 KSP unpreconditioned resid norm 6.354951384230e+00 true resid norm 6.354951384230e+00 ||r(i)||/||b|| 4.587752025609e+00
606 KSP unpreconditioned resid norm 5.512910430025e+00 true resid norm 5.512910430025e+00 ||r(i)||/||b|| 3.979867738266e+00
607 KSP unpreconditioned resid norm 4.929508515265e+00 true resid norm 4.929508515265e+00 ||r(i)||/||b|| 3.558699557055e+00
608 KSP unpreconditioned resid norm 4.493552618823e+00 true resid norm 4.493552618823e+00 ||r(i)||/||b|| 3.243975269480e+00
609 KSP unpreconditioned resid norm 3.886131662029e+00 true resid norm 3.886131662029e+00 ||r(i)||/||b|| 2.805467316162e+00
610 KSP unpreconditioned resid norm 3.284965520925e+00 true resid norm 3.284965520925e+00 ||r(i)||/||b|| 2.371474825138e+00
611 KSP unpreconditioned resid norm 2.725889275416e+00 true resid norm 2.725889275416e+00 ||r(i)||/||b|| 1.967867775654e+00
612 KSP unpreconditioned resid norm 2.433626816445e+00 true resid norm 2.433626816445e+00 ||r(i)||/||b|| 1.756878327099e+00
613 KSP unpreconditioned resid norm 2.081002743385e+00 true resid norm 2.081002743385e+00 ||r(i)||/||b|| 1.502312759615e+00
614 KSP unpreconditioned resid norm 1.856848516922e+00 true resid norm 1.856848516922e+00 ||r(i)||/||b|| 1.340491851110e+00
615 KSP unpreconditioned resid norm 1.684799424328e+00 true resid norm 1.684799424328e+00 ||r(i)||/||b|| 1.216286562142e+00
616 KSP unpreconditioned resid norm 1.427972004412e+00 true resid norm 1.427972004412e+00 ||r(i)||/||b|| 1.030878296254e+00
617 KSP unpreconditioned resid norm 1.290167410005e+00 true resid norm 1.290167410005e+00 ||r(i)||/||b|| 9.313947174030e-01
618 KSP unpreconditioned resid norm 1.121925593156e+00 true resid norm 1.121925593156e+00 ||r(i)||/||b|| 8.099379682677e-01
619 KSP unpreconditioned resid norm 9.885854881605e-01 true resid norm 9.885854881605e-01 ||r(i)||/||b|| 7.136773834416e-01
620 KSP unpreconditioned resid norm 9.421461013602e-01 true resid norm 9.421461013602e-01 ||r(i)||/||b|| 6.801519671199e-01
621 KSP unpreconditioned resid norm 8.048954202274e-01 true resid norm 8.048954202274e-01 ||r(i)||/||b|| 5.810682680776e-01
622 KSP unpreconditioned resid norm 6.856836654903e-01 true resid norm 6.856836654903e-01 ||r(i)||/||b|| 4.950071896830e-01
623 KSP unpreconditioned resid norm 5.904757108099e-01 true resid norm 5.904757108099e-01 ||r(i)||/||b|| 4.262748799406e-01
624 KSP unpreconditioned resid norm 4.893574616484e-01 true resid norm 4.893574616484e-01 ||r(i)||/||b|| 3.532758238711e-01
625 KSP unpreconditioned resid norm 4.299628630108e-01 true resid norm 4.299628630108e-01 ||r(i)||/||b|| 3.103978105339e-01
626 KSP unpreconditioned resid norm 3.756399275276e-01 true resid norm 3.756399275276e-01 ||r(i)||/||b|| 2.711811207070e-01
627 KSP unpreconditioned resid norm 3.286985922391e-01 true resid norm 3.286985922391e-01 ||r(i)||/||b|| 2.372933388761e-01
628 KSP unpreconditioned resid norm 2.774791135450e-01 true resid norm 2.774791135450e-01 ||r(i)||/||b|| 2.003170895043e-01
629 KSP unpreconditioned resid norm 2.524951448581e-01 true resid norm 2.524951448581e-01 ||r(i)||/||b|| 1.822807197477e-01
630 KSP unpreconditioned resid norm 2.156771875231e-01 true resid norm 2.156771875231e-01 ||r(i)||/||b|| 1.557011838662e-01
631 KSP unpreconditioned resid norm 1.980556013384e-01 true resid norm 1.980556013384e-01 ||r(i)||/||b|| 1.429798485128e-01
632 KSP unpreconditioned resid norm 1.703984029047e-01 true resid norm 1.703984029047e-01 ||r(i)||/||b|| 1.230136268275e-01
633 KSP unpreconditioned resid norm 1.465877855809e-01 true resid norm 1.465877855809e-01 ||r(i)||/||b|| 1.058243202139e-01
634 KSP unpreconditioned resid norm 1.298128193496e-01 true resid norm 1.298128193496e-01 ||r(i)||/||b|| 9.371417480852e-02
635 KSP unpreconditioned resid norm 1.154299650054e-01 true resid norm 1.154299650054e-01 ||r(i)||/||b|| 8.333093736700e-02
636 KSP unpreconditioned resid norm 1.016911704696e-01 true resid norm 1.016911704696e-01 ||r(i)||/||b|| 7.341265811505e-02
637 KSP unpreconditioned resid norm 9.140959761673e-02 true resid norm 9.140959761673e-02 ||r(i)||/||b|| 6.599020846437e-02
638 KSP unpreconditioned resid norm 8.052704658031e-02 true resid norm 8.052704658031e-02 ||r(i)||/||b|| 5.813390201252e-02
639 KSP unpreconditioned resid norm 7.579589291615e-02 true resid norm 7.579589291615e-02 ||r(i)||/||b|| 5.471839833768e-02
640 KSP unpreconditioned resid norm 6.797670432680e-02 true resid norm 6.797670432680e-02 ||r(i)||/||b|| 4.907358752474e-02
641 KSP unpreconditioned resid norm 6.245898832512e-02 true resid norm 6.245898832512e-02 ||r(i)||/||b|| 4.509025055913e-02
642 KSP unpreconditioned resid norm 5.506356012835e-02 true resid norm 5.506356012835e-02 ||r(i)||/||b|| 3.975135988341e-02
643 KSP unpreconditioned resid norm 4.784017244701e-02 true resid norm 4.784017244701e-02 ||r(i)||/||b|| 3.453666830464e-02
644 KSP unpreconditioned resid norm 4.050358760051e-02 true resid norm 4.050358760051e-02 ||r(i)||/||b|| 2.924025768628e-02
645 KSP unpreconditioned resid norm 3.494524793226e-02 true resid norm 3.494524793226e-02 ||r(i)||/||b|| 2.522759377585e-02
646 KSP unpreconditioned resid norm 3.099008599152e-02 true resid norm 3.099008599152e-02 ||r(i)||/||b|| 2.237229227815e-02
647 KSP unpreconditioned resid norm 2.665833287270e-02 true resid norm 2.665833287270e-02 ||r(i)||/||b|| 1.924512293510e-02
648 KSP unpreconditioned resid norm 2.455807409622e-02 true resid norm 2.455807409622e-02 ||r(i)||/||b|| 1.772890890394e-02
649 KSP unpreconditioned resid norm 2.200538579777e-02 true resid norm 2.200538579777e-02 ||r(i)||/||b|| 1.588607798300e-02
650 KSP unpreconditioned resid norm 1.886673452523e-02 true resid norm 1.886673452523e-02 ||r(i)||/||b|| 1.362023000672e-02
651 KSP unpreconditioned resid norm 1.635533081509e-02 true resid norm 1.635533081509e-02 ||r(i)||/||b|| 1.180720316172e-02
652 KSP unpreconditioned resid norm 1.412758538097e-02 true resid norm 1.412758538097e-02 ||r(i)||/||b|| 1.019895425311e-02
653 KSP unpreconditioned resid norm 1.153376933253e-02 true resid norm 1.153376933253e-02 ||r(i)||/||b|| 8.326432480591e-03
654 KSP unpreconditioned resid norm 1.090700287017e-02 true resid norm 1.090700287017e-02 ||r(i)||/||b|| 7.873958663970e-03
655 KSP unpreconditioned resid norm 9.214523217552e-03 true resid norm 9.214523217552e-03 ||r(i)||/||b|| 6.652127608914e-03
656 KSP unpreconditioned resid norm 8.166878891589e-03 true resid norm 8.166878891589e-03 ||r(i)||/||b|| 5.895814603833e-03
657 KSP unpreconditioned resid norm 6.777890262352e-03 true resid norm 6.777890262352e-03 ||r(i)||/||b|| 4.893079096974e-03
658 KSP unpreconditioned resid norm 6.033931570153e-03 true resid norm 6.033931570153e-03 ||r(i)||/||b|| 4.356002132770e-03
659 KSP unpreconditioned resid norm 5.245929330114e-03 true resid norm 5.245929330114e-03 ||r(i)||/||b|| 3.787129350848e-03
660 KSP unpreconditioned resid norm 4.285053369522e-03 true resid norm 4.285053369522e-03 ||r(i)||/||b|| 3.093455966422e-03
661 KSP unpreconditioned resid norm 3.551852103673e-03 true resid norm 3.551852103673e-03 ||r(i)||/||b|| 2.564144978942e-03
662 KSP unpreconditioned resid norm 2.830699152576e-03 true resid norm 2.830699152576e-03 ||r(i)||/||b|| 2.043531883399e-03
663 KSP unpreconditioned resid norm 2.418879471701e-03 true resid norm 2.418879471701e-03 ||r(i)||/||b|| 1.746231957579e-03
664 KSP unpreconditioned resid norm 2.123722422497e-03 true resid norm 2.123722422497e-03 ||r(i)||/||b|| 1.533152853037e-03
665 KSP unpreconditioned resid norm 1.849554799042e-03 true resid norm 1.849554799042e-03 ||r(i)||/||b|| 1.335226386914e-03
666 KSP unpreconditioned resid norm 1.602136998705e-03 true resid norm 1.602136998705e-03 ||r(i)||/||b|| 1.156611092156e-03
667 KSP unpreconditioned resid norm 1.497202383941e-03 true resid norm 1.497202383941e-03 ||r(i)||/||b|| 1.080856934125e-03
668 KSP unpreconditioned resid norm 1.306945550587e-03 true resid norm 1.306945550587e-03 ||r(i)||/||b|| 9.435071544286e-04
669 KSP unpreconditioned resid norm 1.115165949250e-03 true resid norm 1.115165949250e-03 ||r(i)||/||b|| 8.050580615389e-04
670 KSP unpreconditioned resid norm 1.055046327214e-03 true resid norm 1.055046327214e-03 ||r(i)||/||b|| 7.616566409618e-04
671 KSP unpreconditioned resid norm 8.407274711188e-04 true resid norm 8.407274711188e-04 ||r(i)||/||b|| 6.069360606254e-04
672 KSP unpreconditioned resid norm 7.918881026784e-04 true resid norm 7.918881026784e-04 ||r(i)||/||b|| 5.716780550255e-04
673 KSP unpreconditioned resid norm 6.945539760605e-04 true resid norm 6.945539760605e-04 ||r(i)||/||b|| 5.014108240818e-04
674 KSP unpreconditioned resid norm 6.047135753994e-04 true resid norm 6.047135753994e-04 ||r(i)||/||b|| 4.365534467087e-04
675 KSP unpreconditioned resid norm 5.461386907336e-04 true resid norm 5.461386907336e-04 ||r(i)||/||b|| 3.942671994146e-04
676 KSP unpreconditioned resid norm 4.954513421401e-04 true resid norm 4.954513421401e-04 ||r(i)||/||b|| 3.576751041927e-04
677 KSP unpreconditioned resid norm 4.374978674782e-04 true resid norm 4.374978674782e-04 ||r(i)||/||b|| 3.158374637929e-04
678 KSP unpreconditioned resid norm 3.695248202637e-04 true resid norm 3.695248202637e-04 ||r(i)||/||b|| 2.667665164024e-04
679 KSP unpreconditioned resid norm 3.346927600473e-04 true resid norm 3.346927600473e-04 ||r(i)||/||b|| 2.416206348445e-04
680 KSP unpreconditioned resid norm 2.800476651728e-04 true resid norm 2.800476651728e-04 ||r(i)||/||b|| 2.021713724438e-04
681 KSP unpreconditioned resid norm 2.531453979935e-04 true resid norm 2.531453979935e-04 ||r(i)||/||b|| 1.827501490098e-04
682 KSP unpreconditioned resid norm 2.138639491051e-04 true resid norm 2.138639491051e-04 ||r(i)||/||b|| 1.543921749184e-04
683 KSP unpreconditioned resid norm 1.823303574945e-04 true resid norm 1.823303574945e-04 ||r(i)||/||b|| 1.316275163019e-04
684 KSP unpreconditioned resid norm 1.513508963110e-04 true resid norm 1.513508963110e-04 ||r(i)||/||b|| 1.092628942609e-04
685 KSP unpreconditioned resid norm 1.354510020891e-04 true resid norm 1.354510020891e-04 ||r(i)||/||b|| 9.778447884700e-05
686 KSP unpreconditioned resid norm 1.213140316902e-04 true resid norm 1.213140316902e-04 ||r(i)||/||b|| 8.757874938313e-05
687 KSP unpreconditioned resid norm 1.031295733643e-04 true resid norm 1.031295733643e-04 ||r(i)||/||b|| 7.445106665587e-05
688 KSP unpreconditioned resid norm 9.095639098443e-05 true resid norm 9.095639098443e-05 ||r(i)||/||b|| 6.566303056486e-05
689 KSP unpreconditioned resid norm 7.805667571188e-05 true resid norm 7.805667571188e-05 ||r(i)||/||b|| 5.635049750312e-05
690 KSP unpreconditioned resid norm 7.032281733798e-05 true resid norm 7.032281733798e-05 ||r(i)||/||b|| 5.076728808492e-05
691 KSP unpreconditioned resid norm 6.023968953756e-05 true resid norm 6.023968953756e-05 ||r(i)||/||b|| 4.348809943437e-05
692 KSP unpreconditioned resid norm 5.376358102566e-05 true resid norm 5.376358102566e-05 ||r(i)||/||b|| 3.881288193117e-05
693 KSP unpreconditioned resid norm 4.552886271603e-05 true resid norm 4.552886271603e-05 ||r(i)||/||b|| 3.286809284922e-05
694 KSP unpreconditioned resid norm 4.043087153097e-05 true resid norm 4.043087153097e-05 ||r(i)||/||b|| 2.918776266702e-05
695 KSP unpreconditioned resid norm 3.510202617404e-05 true resid norm 3.510202617404e-05 ||r(i)||/||b|| 2.534077476699e-05
696 KSP unpreconditioned resid norm 3.235015194762e-05 true resid norm 3.235015194762e-05 ||r(i)||/||b|| 2.335414799470e-05
697 KSP unpreconditioned resid norm 2.761540597700e-05 true resid norm 2.761540597700e-05 ||r(i)||/||b|| 1.993605097018e-05
698 KSP unpreconditioned resid norm 2.395919991325e-05 true resid norm 2.395919991325e-05 ||r(i)||/||b|| 1.729657101811e-05
699 KSP unpreconditioned resid norm 2.101041541873e-05 true resid norm 2.101041541873e-05 ||r(i)||/||b|| 1.516779123368e-05
700 KSP unpreconditioned resid norm 1.823004091934e-05 true resid norm 1.823004091934e-05 ||r(i)||/||b|| 1.316058960926e-05
701 KSP unpreconditioned resid norm 1.622886818369e-05 true resid norm 1.622886818369e-05 ||r(i)||/||b|| 1.171590754696e-05
702 KSP unpreconditioned resid norm 1.455401492749e-05 true resid norm 1.455401492749e-05 ||r(i)||/||b|| 1.050680129985e-05
703 KSP unpreconditioned resid norm 1.239306968904e-05 true resid norm 1.239306968904e-05 ||r(i)||/||b|| 8.946776636328e-06
704 KSP unpreconditioned resid norm 1.091745524907e-05 true resid norm 1.091745524907e-05 ||r(i)||/||b|| 7.881504421533e-06
705 KSP unpreconditioned resid norm 9.664125534773e-06 true resid norm 9.664125534773e-06 ||r(i)||/||b|| 6.976703489489e-06
706 KSP unpreconditioned resid norm 8.640613408487e-06 true resid norm 8.640613408487e-06 ||r(i)||/||b|| 6.237811947021e-06
707 KSP unpreconditioned resid norm 7.468175129917e-06 true resid norm 7.468175129917e-06 ||r(i)||/||b|| 5.391407975976e-06
708 KSP unpreconditioned resid norm 6.574500676817e-06 true resid norm 6.574500676817e-06 ||r(i)||/||b|| 4.746248550742e-06
709 KSP unpreconditioned resid norm 6.074799933923e-06 true resid norm 6.074799933923e-06 ||r(i)||/||b|| 4.385505728838e-06
710 KSP unpreconditioned resid norm 5.529871575341e-06 true resid norm 5.529871575341e-06 ||r(i)||/||b|| 3.992112289653e-06
711 KSP unpreconditioned resid norm 4.602367030028e-06 true resid norm 4.602367030028e-06 ||r(i)||/||b|| 3.322530321318e-06
712 KSP unpreconditioned resid norm 4.031689020402e-06 true resid norm 4.031689020402e-06 ||r(i)||/||b|| 2.910547752713e-06
713 KSP unpreconditioned resid norm 3.561563729730e-06 true resid norm 3.561563729730e-06 ||r(i)||/||b|| 2.571155973900e-06
714 KSP unpreconditioned resid norm 3.137513351750e-06 true resid norm 3.137513351750e-06 ||r(i)||/||b|| 2.265026491090e-06
715 KSP unpreconditioned resid norm 2.824879055983e-06 true resid norm 2.824879055983e-06 ||r(i)||/||b|| 2.039330252525e-06
716 KSP unpreconditioned resid norm 2.490391797956e-06 true resid norm 2.490391797956e-06 ||r(i)||/||b|| 1.797857973231e-06
717 KSP unpreconditioned resid norm 2.180727233052e-06 true resid norm 2.180727233052e-06 ||r(i)||/||b|| 1.574305636006e-06
718 KSP unpreconditioned resid norm 1.926622403614e-06 true resid norm 1.926622403614e-06 ||r(i)||/||b|| 1.390862856433e-06
719 KSP unpreconditioned resid norm 1.694829470657e-06 true resid norm 1.694829470657e-06 ||r(i)||/||b|| 1.223527430337e-06
720 KSP unpreconditioned resid norm 1.480337214907e-06 true resid norm 1.480337214907e-06 ||r(i)||/||b|| 1.068681669718e-06
721 KSP unpreconditioned resid norm 1.341395031072e-06 true resid norm 1.341395031072e-06 ||r(i)||/||b|| 9.683768448979e-07
722 KSP unpreconditioned resid norm 1.194354240647e-06 true resid norm 1.194354240647e-06 ||r(i)||/||b|| 8.622254924592e-07
723 KSP unpreconditioned resid norm 1.007161646870e-06 true resid norm 1.007161646870e-06 ||r(i)||/||b|| 7.270878416176e-07
724 KSP unpreconditioned resid norm 8.616488886040e-07 true resid norm 8.616488886040e-07 ||r(i)||/||b|| 6.220396026736e-07
725 KSP unpreconditioned resid norm 7.647816405835e-07 true resid norm 7.647816405835e-07 ||r(i)||/||b|| 5.521094196633e-07
726 KSP unpreconditioned resid norm 6.662125602364e-07 true resid norm 6.662125602364e-07 ||r(i)||/||b|| 4.809506537368e-07
727 KSP unpreconditioned resid norm 5.654593935955e-07 true resid norm 5.654593935955e-07 ||r(i)||/||b|| 4.082151572087e-07
728 KSP unpreconditioned resid norm 4.938396156537e-07 true resid norm 4.938396156537e-07 ||r(i)||/||b|| 3.565115702794e-07
729 KSP unpreconditioned resid norm 4.327858548017e-07 true resid norm 4.327858548017e-07 ||r(i)||/||b|| 3.124357783363e-07
730 KSP unpreconditioned resid norm 3.748344025352e-07 true resid norm 3.748344025352e-07 ||r(i)||/||b|| 2.705995979397e-07
731 KSP unpreconditioned resid norm 3.139574805074e-07 true resid norm 3.139574805074e-07 ||r(i)||/||b|| 2.266514690777e-07
732 KSP unpreconditioned resid norm 2.797889397828e-07 true resid norm 2.797889397828e-07 ||r(i)||/||b|| 2.019845939997e-07
733 KSP unpreconditioned resid norm 2.356090684680e-07 true resid norm 2.356090684680e-07 ||r(i)||/||b|| 1.700903619496e-07
734 KSP unpreconditioned resid norm 2.121161308673e-07 true resid norm 2.121161308673e-07 ||r(i)||/||b|| 1.531303939579e-07
735 KSP unpreconditioned resid norm 1.845308216796e-07 true resid norm 1.845308216796e-07 ||r(i)||/||b|| 1.332160703933e-07
736 KSP unpreconditioned resid norm 1.659949234979e-07 true resid norm 1.659949234979e-07 ||r(i)||/||b|| 1.198346770060e-07
737 KSP unpreconditioned resid norm 1.466501941026e-07 true resid norm 1.466501941026e-07 ||r(i)||/||b|| 1.058693740317e-07
738 KSP unpreconditioned resid norm 1.301182022586e-07 true resid norm 1.301182022586e-07 ||r(i)||/||b|| 9.393463614241e-08
739 KSP unpreconditioned resid norm 1.164985468047e-07 true resid norm 1.164985468047e-07 ||r(i)||/||b|| 8.410236550509e-08
740 KSP unpreconditioned resid norm 1.002482086073e-07 true resid norm 1.002482086073e-07 ||r(i)||/||b|| 7.237095837480e-08
741 KSP unpreconditioned resid norm 9.196882215554e-08 true resid norm 9.196882215554e-08 ||r(i)||/||b|| 6.639392256941e-08
742 KSP unpreconditioned resid norm 7.819804200201e-08 true resid norm 7.819804200201e-08 ||r(i)||/||b|| 5.645255233323e-08
743 KSP unpreconditioned resid norm 7.139852278567e-08 true resid norm 7.139852278567e-08 ||r(i)||/||b|| 5.154385891107e-08
744 KSP unpreconditioned resid norm 6.057162656160e-08 true resid norm 6.057162656160e-08 ||r(i)||/||b|| 4.372773065456e-08
745 KSP unpreconditioned resid norm 5.269433417394e-08 true resid norm 5.269433417394e-08 ||r(i)||/||b|| 3.804097367991e-08
746 KSP unpreconditioned resid norm 4.603878012312e-08 true resid norm 4.603878012312e-08 ||r(i)||/||b|| 3.323621126206e-08
747 KSP unpreconditioned resid norm 4.082348866267e-08 true resid norm 4.082348866267e-08 ||r(i)||/||b|| 2.947119993228e-08
748 KSP unpreconditioned resid norm 3.616763411752e-08 true resid norm 3.616763411752e-08 ||r(i)||/||b|| 2.611005602591e-08
749 KSP unpreconditioned resid norm 3.282919085526e-08 true resid norm 3.282919085526e-08 ||r(i)||/||b|| 2.369997467157e-08
750 KSP unpreconditioned resid norm 2.684371165269e-08 true resid norm 2.684371165269e-08 ||r(i)||/||b|| 1.937895116163e-08
751 KSP unpreconditioned resid norm 2.374387262584e-08 true resid norm 2.374387262584e-08 ||r(i)||/||b|| 1.714112243334e-08
752 KSP unpreconditioned resid norm 2.018110128892e-08 true resid norm 2.018110128892e-08 ||r(i)||/||b|| 1.456909466640e-08
753 KSP unpreconditioned resid norm 1.707715930568e-08 true resid norm 1.707715930568e-08 ||r(i)||/||b|| 1.232830394119e-08
754 KSP unpreconditioned resid norm 1.516650592456e-08 true resid norm 1.516650592456e-08 ||r(i)||/||b|| 1.094896940510e-08
755 KSP unpreconditioned resid norm 1.307955171263e-08 true resid norm 1.307955171263e-08 ||r(i)||/||b|| 9.442360174870e-09
            || b ||_2 = 1.3851994067587832e+00
|| r ||_2 / || b ||_2 = 9.7504468486455155e-09
WARNING! There are options you set that were not used!
WARNING! could be spelling mistake, etc!
There is one unused database option. It is:
Option left: name:-ksp_gmres_restart value: 50 source: command line
