Config file: ../input/config/mla_v_cycle-refine2.json
order_rbm = 1
==== basic information of linear system ====
matrix Row = 19158, matrix Column = 19158
matrix nz_allocated = 387515, matrix nz_used = 387515, matrix nz_unneeded = 0
vector Row = 19158
  0 KSP unpreconditioned resid norm 7.204273425169e-01 true resid norm 7.204273425169e-01 ||r(i)||/||b|| 1.000000000000e+00
  1 KSP unpreconditioned resid norm 1.236515600070e+01 true resid norm 1.236515600070e+01 ||r(i)||/||b|| 1.716364062127e+01
  2 KSP unpreconditioned resid norm 9.949488736958e+00 true resid norm 9.949488736958e+00 ||r(i)||/||b|| 1.381053737105e+01
  3 KSP unpreconditioned resid norm 1.022937865595e+01 true resid norm 1.022937865595e+01 ||r(i)||/||b|| 1.419904277954e+01
  4 KSP unpreconditioned resid norm 1.207111953836e+01 true resid norm 1.207111953836e+01 ||r(i)||/||b|| 1.675549889069e+01
  5 KSP unpreconditioned resid norm 1.328943499557e+01 true resid norm 1.328943499557e+01 ||r(i)||/||b|| 1.844659997099e+01
  6 KSP unpreconditioned resid norm 1.259077769797e+01 true resid norm 1.259077769797e+01 ||r(i)||/||b|| 1.747681820902e+01
  7 KSP unpreconditioned resid norm 1.438966994830e+01 true resid norm 1.438966994830e+01 ||r(i)||/||b|| 1.997379763243e+01
  8 KSP unpreconditioned resid norm 1.290617339425e+01 true resid norm 1.290617339425e+01 ||r(i)||/||b|| 1.791460794528e+01
  9 KSP unpreconditioned resid norm 1.363128298375e+01 true resid norm 1.363128298375e+01 ||r(i)||/||b|| 1.892110720857e+01
 10 KSP unpreconditioned resid norm 1.377819592666e+01 true resid norm 1.377819592666e+01 ||r(i)||/||b|| 1.912503192692e+01
 11 KSP unpreconditioned resid norm 1.633275136661e+01 true resid norm 1.633275136661e+01 ||r(i)||/||b|| 2.267092099746e+01
 12 KSP unpreconditioned resid norm 1.388550205253e+01 true resid norm 1.388550205253e+01 ||r(i)||/||b|| 1.927397980762e+01
 13 KSP unpreconditioned resid norm 1.471089405321e+01 true resid norm 1.471089405321e+01 ||r(i)||/||b|| 2.041967757889e+01
 14 KSP unpreconditioned resid norm 1.387200136369e+01 true resid norm 1.387200136369e+01 ||r(i)||/||b|| 1.925523997357e+01
 15 KSP unpreconditioned resid norm 1.557906765961e+01 true resid norm 1.557906765961e+01 ||r(i)||/||b|| 2.162475900093e+01
 16 KSP unpreconditioned resid norm 1.696297207092e+01 true resid norm 1.696297207092e+01 ||r(i)||/||b|| 2.354570831759e+01
 17 KSP unpreconditioned resid norm 1.668590688296e+01 true resid norm 1.668590688296e+01 ||r(i)||/||b|| 2.316112381946e+01
 18 KSP unpreconditioned resid norm 1.573525052932e+01 true resid norm 1.573525052932e+01 ||r(i)||/||b|| 2.184155098049e+01
 19 KSP unpreconditioned resid norm 1.591646413647e+01 true resid norm 1.591646413647e+01 ||r(i)||/||b|| 2.209308725133e+01
 20 KSP unpreconditioned resid norm 1.582087034248e+01 true resid norm 1.582087034248e+01 ||r(i)||/||b|| 2.196039684891e+01
 21 KSP unpreconditioned resid norm 1.621301932133e+01 true resid norm 1.621301932133e+01 ||r(i)||/||b|| 2.250472513257e+01
 22 KSP unpreconditioned resid norm 1.548704017131e+01 true resid norm 1.548704017131e+01 ||r(i)||/||b|| 2.149701886273e+01
 23 KSP unpreconditioned resid norm 1.626780895166e+01 true resid norm 1.626780895166e+01 ||r(i)||/||b|| 2.258077670238e+01
 24 KSP unpreconditioned resid norm 1.623777048615e+01 true resid norm 1.623777048615e+01 ||r(i)||/||b|| 2.253908135888e+01
 25 KSP unpreconditioned resid norm 1.618826597809e+01 true resid norm 1.618826597809e+01 ||r(i)||/||b|| 2.247036588246e+01
 26 KSP unpreconditioned resid norm 1.685265764687e+01 true resid norm 1.685265764687e+01 ||r(i)||/||b|| 2.339258472338e+01
 27 KSP unpreconditioned resid norm 1.639664168298e+01 true resid norm 1.639664168298e+01 ||r(i)||/||b|| 2.275960491130e+01
 28 KSP unpreconditioned resid norm 1.612061674366e+01 true resid norm 1.612061674366e+01 ||r(i)||/||b|| 2.237646434592e+01
 29 KSP unpreconditioned resid norm 1.692034395666e+01 true resid norm 1.692034395666e+01 ||r(i)||/||b|| 2.348653772294e+01
 30 KSP unpreconditioned resid norm 1.779675698072e+01 true resid norm 1.779675698072e+01 ||r(i)||/||b|| 2.470305599250e+01
 31 KSP unpreconditioned resid norm 1.950560844178e+01 true resid norm 1.950560844178e+01 ||r(i)||/||b|| 2.707505294515e+01
 32 KSP unpreconditioned resid norm 1.773388934410e+01 true resid norm 1.773388934410e+01 ||r(i)||/||b|| 2.461579162466e+01
 33 KSP unpreconditioned resid norm 1.759334243988e+01 true resid norm 1.759334243988e+01 ||r(i)||/||b|| 2.442070338198e+01
 34 KSP unpreconditioned resid norm 1.678348148499e+01 true resid norm 1.678348148499e+01 ||r(i)||/||b|| 2.329656371225e+01
 35 KSP unpreconditioned resid norm 1.652446077836e+01 true resid norm 1.652446077836e+01 ||r(i)||/||b|| 2.293702612762e+01
 36 KSP unpreconditioned resid norm 1.703035050608e+01 true resid norm 1.703035050608e+01 ||r(i)||/||b|| 2.363923396714e+01
 37 KSP unpreconditioned resid norm 1.608768714915e+01 true resid norm 1.608768714915e+01 ||r(i)||/||b|| 2.233075592737e+01
 38 KSP unpreconditioned resid norm 1.610672407467e+01 true resid norm 1.610672407467e+01 ||r(i)||/||b|| 2.235718041794e+01
 39 KSP unpreconditioned resid norm 1.587339001467e+01 true resid norm 1.587339001467e+01 ||r(i)||/||b|| 2.203329756921e+01
 40 KSP unpreconditioned resid norm 1.644163438487e+01 true resid norm 1.644163438487e+01 ||r(i)||/||b|| 2.282205770734e+01
 41 KSP unpreconditioned resid norm 1.750089048958e+01 true resid norm 1.750089048958e+01 ||r(i)||/||b|| 2.429237406292e+01
 42 KSP unpreconditioned resid norm 1.797126691833e+01 true resid norm 1.797126691833e+01 ||r(i)||/||b|| 2.494528713408e+01
 43 KSP unpreconditioned resid norm 1.743623762391e+01 true resid norm 1.743623762391e+01 ||r(i)||/||b|| 2.420263168107e+01
 44 KSP unpreconditioned resid norm 1.645590979680e+01 true resid norm 1.645590979680e+01 ||r(i)||/||b|| 2.284187290742e+01
 45 KSP unpreconditioned resid norm 1.699536865723e+01 true resid norm 1.699536865723e+01 ||r(i)||/||b|| 2.359067688610e+01
 46 KSP unpreconditioned resid norm 1.720205139777e+01 true resid norm 1.720205139777e+01 ||r(i)||/||b|| 2.387756597032e+01
 47 KSP unpreconditioned resid norm 1.780736350932e+01 true resid norm 1.780736350932e+01 ||r(i)||/||b|| 2.471777854393e+01
 48 KSP unpreconditioned resid norm 1.715417596972e+01 true resid norm 1.715417596972e+01 ||r(i)||/||b|| 2.381111176290e+01
 49 KSP unpreconditioned resid norm 1.661136962436e+01 true resid norm 1.661136962436e+01 ||r(i)||/||b|| 2.305766125746e+01
 50 KSP unpreconditioned resid norm 1.577657327099e+01 true resid norm 1.577657327099e+01 ||r(i)||/||b|| 2.189890963310e+01
 51 KSP unpreconditioned resid norm 1.719384080133e+01 true resid norm 1.719384080133e+01 ||r(i)||/||b|| 2.386616912853e+01
 52 KSP unpreconditioned resid norm 1.728089277719e+01 true resid norm 1.728089277719e+01 ||r(i)||/||b|| 2.398700293193e+01
 53 KSP unpreconditioned resid norm 1.958366087311e+01 true resid norm 1.958366087311e+01 ||r(i)||/||b|| 2.718339479550e+01
 54 KSP unpreconditioned resid norm 1.832660170717e+01 true resid norm 1.832660170717e+01 ||r(i)||/||b|| 2.543851492801e+01
 55 KSP unpreconditioned resid norm 1.472762275738e+01 true resid norm 1.472762275738e+01 ||r(i)||/||b|| 2.044289810812e+01
 56 KSP unpreconditioned resid norm 1.193464338624e+01 true resid norm 1.193464338624e+01 ||r(i)||/||b|| 1.656606111665e+01
 57 KSP unpreconditioned resid norm 1.183646873451e+01 true resid norm 1.183646873451e+01 ||r(i)||/||b|| 1.642978831586e+01
 58 KSP unpreconditioned resid norm 1.560887426592e+01 true resid norm 1.560887426592e+01 ||r(i)||/||b|| 2.166613250879e+01
 59 KSP unpreconditioned resid norm 2.458413272239e+01 true resid norm 2.458413272239e+01 ||r(i)||/||b|| 3.412437489740e+01
 60 KSP unpreconditioned resid norm 2.757716743733e+01 true resid norm 2.757716743733e+01 ||r(i)||/||b|| 3.827890171546e+01
 61 KSP unpreconditioned resid norm 3.127005712042e+01 true resid norm 3.127005712042e+01 ||r(i)||/||b|| 4.340487274008e+01
 62 KSP unpreconditioned resid norm 2.489493099735e+01 true resid norm 2.489493099735e+01 ||r(i)||/||b|| 3.455578311391e+01
 63 KSP unpreconditioned resid norm 1.811160334653e+01 true resid norm 1.811160334653e+01 ||r(i)||/||b|| 2.514008322235e+01
 64 KSP unpreconditioned resid norm 1.408834712217e+01 true resid norm 1.408834712217e+01 ||r(i)||/||b|| 1.955554195507e+01
 65 KSP unpreconditioned resid norm 8.780208222681e+00 true resid norm 8.780208222681e+00 ||r(i)||/||b|| 1.218749998023e+01
 66 KSP unpreconditioned resid norm 7.843933423532e+00 true resid norm 7.843933423532e+00 ||r(i)||/||b|| 1.088788967410e+01
 67 KSP unpreconditioned resid norm 8.988864438901e+00 true resid norm 8.988864438901e+00 ||r(i)||/||b|| 1.247712837702e+01
 68 KSP unpreconditioned resid norm 1.109938069866e+01 true resid norm 1.109938069866e+01 ||r(i)||/||b|| 1.540666219009e+01
 69 KSP unpreconditioned resid norm 1.434866578318e+01 true resid norm 1.434866578318e+01 ||r(i)||/||b|| 1.991688118478e+01
 70 KSP unpreconditioned resid norm 1.671691875138e+01 true resid norm 1.671691875138e+01 ||r(i)||/||b|| 2.320417030949e+01
 71 KSP unpreconditioned resid norm 1.748057366709e+01 true resid norm 1.748057366709e+01 ||r(i)||/||b|| 2.426417299212e+01
 72 KSP unpreconditioned resid norm 1.926603039104e+01 true resid norm 1.926603039104e+01 ||r(i)||/||b|| 2.674250303123e+01
 73 KSP unpreconditioned resid norm 2.401748703738e+01 true resid norm 2.401748703738e+01 ||r(i)||/||b|| 3.333783383828e+01
 74 KSP unpreconditioned resid norm 2.885904457183e+01 true resid norm 2.885904457183e+01 ||r(i)||/||b|| 4.005823053717e+01
 75 KSP unpreconditioned resid norm 3.413358705949e+01 true resid norm 3.413358705949e+01 ||r(i)||/||b|| 4.737963850766e+01
 76 KSP unpreconditioned resid norm 3.748303149844e+01 true resid norm 3.748303149844e+01 ||r(i)||/||b|| 5.202888519956e+01
 77 KSP unpreconditioned resid norm 3.243590918884e+01 true resid norm 3.243590918884e+01 ||r(i)||/||b|| 4.502315122510e+01
 78 KSP unpreconditioned resid norm 2.923345988442e+01 true resid norm 2.923345988442e+01 ||r(i)||/||b|| 4.057794333886e+01
 79 KSP unpreconditioned resid norm 3.012471529766e+01 true resid norm 3.012471529766e+01 ||r(i)||/||b|| 4.181506380979e+01
 80 KSP unpreconditioned resid norm 3.448405305628e+01 true resid norm 3.448405305628e+01 ||r(i)||/||b|| 4.786610810162e+01
 81 KSP unpreconditioned resid norm 2.895267490788e+01 true resid norm 2.895267490788e+01 ||r(i)||/||b|| 4.018819553229e+01
 82 KSP unpreconditioned resid norm 2.218887229510e+01 true resid norm 2.218887229510e+01 ||r(i)||/||b|| 3.079959766322e+01
 83 KSP unpreconditioned resid norm 1.735922252884e+01 true resid norm 1.735922252884e+01 ||r(i)||/||b|| 2.409572972091e+01
 84 KSP unpreconditioned resid norm 1.465815635221e+01 true resid norm 1.465815635221e+01 ||r(i)||/||b|| 2.034647422043e+01
 85 KSP unpreconditioned resid norm 1.233652630663e+01 true resid norm 1.233652630663e+01 ||r(i)||/||b|| 1.712390074415e+01
 86 KSP unpreconditioned resid norm 1.038471434666e+01 true resid norm 1.038471434666e+01 ||r(i)||/||b|| 1.441465881955e+01
 87 KSP unpreconditioned resid norm 9.308221442557e+00 true resid norm 9.308221442557e+00 ||r(i)||/||b|| 1.292041666553e+01
 88 KSP unpreconditioned resid norm 7.773461840745e+00 true resid norm 7.773461840745e+00 ||r(i)||/||b|| 1.079007053451e+01
 89 KSP unpreconditioned resid norm 6.811178809793e+00 true resid norm 6.811178809793e+00 ||r(i)||/||b|| 9.454359111354e+00
 90 KSP unpreconditioned resid norm 7.165723772096e+00 true resid norm 7.165723772096e+00 ||r(i)||/||b|| 9.946490574694e+00
 91 KSP unpreconditioned resid norm 7.733501954380e+00 true resid norm 7.733501954380e+00 ||r(i)||/||b|| 1.073460361368e+01
 92 KSP unpreconditioned resid norm 1.032968499169e+01 true resid norm 1.032968499169e+01 ||r(i)||/||b|| 1.433827449636e+01
 93 KSP unpreconditioned resid norm 1.224082218774e+01 true resid norm 1.224082218774e+01 ||r(i)||/||b|| 1.699105720360e+01
 94 KSP unpreconditioned resid norm 1.093124713701e+01 true resid norm 1.093124713701e+01 ||r(i)||/||b|| 1.517328187297e+01
 95 KSP unpreconditioned resid norm 9.375479362823e+00 true resid norm 9.375479362823e+00 ||r(i)||/||b|| 1.301377503256e+01
 96 KSP unpreconditioned resid norm 9.338977997252e+00 true resid norm 9.338977997252e+00 ||r(i)||/||b|| 1.296310876351e+01
 97 KSP unpreconditioned resid norm 9.054972921266e+00 true resid norm 9.054972921266e+00 ||r(i)||/||b|| 1.256889124951e+01
 98 KSP unpreconditioned resid norm 7.863920732226e+00 true resid norm 7.863920732226e+00 ||r(i)||/||b|| 1.091563335832e+01
 99 KSP unpreconditioned resid norm 7.631194684415e+00 true resid norm 7.631194684415e+00 ||r(i)||/||b|| 1.059259447005e+01
100 KSP unpreconditioned resid norm 7.105799166404e+00 true resid norm 7.105799166404e+00 ||r(i)||/||b|| 9.863311325163e+00
101 KSP unpreconditioned resid norm 7.294269486014e+00 true resid norm 7.294269486014e+00 ||r(i)||/||b|| 1.012492038480e+01
102 KSP unpreconditioned resid norm 7.966747260133e+00 true resid norm 7.966747260133e+00 ||r(i)||/||b|| 1.105836326575e+01
103 KSP unpreconditioned resid norm 1.070007676079e+01 true resid norm 1.070007676079e+01 ||r(i)||/||b|| 1.485240235803e+01
104 KSP unpreconditioned resid norm 1.382325524616e+01 true resid norm 1.382325524616e+01 ||r(i)||/||b|| 1.918757719254e+01
105 KSP unpreconditioned resid norm 1.521339670231e+01 true resid norm 1.521339670231e+01 ||r(i)||/||b|| 2.111718393303e+01
106 KSP unpreconditioned resid norm 1.479790605455e+01 true resid norm 1.479790605455e+01 ||r(i)||/||b|| 2.054045589504e+01
107 KSP unpreconditioned resid norm 1.467692041201e+01 true resid norm 1.467692041201e+01 ||r(i)||/||b|| 2.037251995564e+01
108 KSP unpreconditioned resid norm 1.496244525402e+01 true resid norm 1.496244525402e+01 ||r(i)||/||b|| 2.076884700370e+01
109 KSP unpreconditioned resid norm 1.650432713224e+01 true resid norm 1.650432713224e+01 ||r(i)||/||b|| 2.290907931754e+01
110 KSP unpreconditioned resid norm 1.812480220819e+01 true resid norm 1.812480220819e+01 ||r(i)||/||b|| 2.515840410063e+01
111 KSP unpreconditioned resid norm 2.038061893921e+01 true resid norm 2.038061893921e+01 ||r(i)||/||b|| 2.828962441654e+01
112 KSP unpreconditioned resid norm 2.263719085116e+01 true resid norm 2.263719085116e+01 ||r(i)||/||b|| 3.142189297268e+01
113 KSP unpreconditioned resid norm 2.631889535785e+01 true resid norm 2.631889535785e+01 ||r(i)||/||b|| 3.653233824511e+01
114 KSP unpreconditioned resid norm 2.769773232315e+01 true resid norm 2.769773232315e+01 ||r(i)||/||b|| 3.844625361718e+01
115 KSP unpreconditioned resid norm 3.055561057989e+01 true resid norm 3.055561057989e+01 ||r(i)||/||b|| 4.241317448217e+01
116 KSP unpreconditioned resid norm 3.398705197474e+01 true resid norm 3.398705197474e+01 ||r(i)||/||b|| 4.717623828102e+01
117 KSP unpreconditioned resid norm 3.753956367965e+01 true resid norm 3.753956367965e+01 ||r(i)||/||b|| 5.210735554330e+01
118 KSP unpreconditioned resid norm 5.100165577202e+01 true resid norm 5.100165577202e+01 ||r(i)||/||b|| 7.079361479236e+01
119 KSP unpreconditioned resid norm 6.795069592356e+01 true resid norm 6.795069592356e+01 ||r(i)||/||b|| 9.431998469986e+01
120 KSP unpreconditioned resid norm 8.261748084753e+01 true resid norm 8.261748084753e+01 ||r(i)||/||b|| 1.146784359390e+02
121 KSP unpreconditioned resid norm 8.759684346261e+01 true resid norm 8.759684346261e+01 ||r(i)||/||b|| 1.215901150511e+02
122 KSP unpreconditioned resid norm 8.045298540773e+01 true resid norm 8.045298540773e+01 ||r(i)||/||b|| 1.116739755138e+02
123 KSP unpreconditioned resid norm 7.297334903228e+01 true resid norm 7.297334903228e+01 ||r(i)||/||b|| 1.012917538323e+02
124 KSP unpreconditioned resid norm 6.696155064336e+01 true resid norm 6.696155064336e+01 ||r(i)||/||b|| 9.294698672793e+01
125 KSP unpreconditioned resid norm 7.169630956774e+01 true resid norm 7.169630956774e+01 ||r(i)||/||b|| 9.951914001107e+01
126 KSP unpreconditioned resid norm 8.667365174181e+01 true resid norm 8.667365174181e+01 ||r(i)||/||b|| 1.203086649085e+02
127 KSP unpreconditioned resid norm 1.129021073648e+02 true resid norm 1.129021073648e+02 ||r(i)||/||b|| 1.567154669204e+02
128 KSP unpreconditioned resid norm 1.312068682806e+02 true resid norm 1.312068682806e+02 ||r(i)||/||b|| 1.821236654097e+02
129 KSP unpreconditioned resid norm 1.118210406120e+02 true resid norm 1.118210406120e+02 ||r(i)||/||b|| 1.552148759670e+02
130 KSP unpreconditioned resid norm 8.417672983352e+01 true resid norm 8.417672983352e+01 ||r(i)||/||b|| 1.168427749278e+02
131 KSP unpreconditioned resid norm 4.773506344255e+01 true resid norm 4.773506344255e+01 ||r(i)||/||b|| 6.625937221619e+01
132 KSP unpreconditioned resid norm 2.909304570053e+01 true resid norm 2.909304570053e+01 ||r(i)||/||b|| 4.038303932064e+01
133 KSP unpreconditioned resid norm 1.942451612313e+01 true resid norm 1.942451612313e+01 ||r(i)||/||b|| 2.696249153353e+01
134 KSP unpreconditioned resid norm 1.297122696968e+01 true resid norm 1.297122696968e+01 ||r(i)||/||b|| 1.800490653833e+01
135 KSP unpreconditioned resid norm 1.080179723624e+01 true resid norm 1.080179723624e+01 ||r(i)||/||b|| 1.499359699273e+01
136 KSP unpreconditioned resid norm 1.178318429060e+01 true resid norm 1.178318429060e+01 ||r(i)||/||b|| 1.635582604268e+01
137 KSP unpreconditioned resid norm 1.452330600614e+01 true resid norm 1.452330600614e+01 ||r(i)||/||b|| 2.015929317091e+01
138 KSP unpreconditioned resid norm 2.055857258515e+01 true resid norm 2.055857258515e+01 ||r(i)||/||b|| 2.853663564924e+01
139 KSP unpreconditioned resid norm 3.175707082580e+01 true resid norm 3.175707082580e+01 ||r(i)||/||b|| 4.408087943310e+01
140 KSP unpreconditioned resid norm 3.888119360061e+01 true resid norm 3.888119360061e+01 ||r(i)||/||b|| 5.396962511829e+01
141 KSP unpreconditioned resid norm 3.384857098019e+01 true resid norm 3.384857098019e+01 ||r(i)||/||b|| 4.698401765533e+01
142 KSP unpreconditioned resid norm 2.758192471103e+01 true resid norm 2.758192471103e+01 ||r(i)||/||b|| 3.828550512070e+01
143 KSP unpreconditioned resid norm 1.690220553337e+01 true resid norm 1.690220553337e+01 ||r(i)||/||b|| 2.346136041190e+01
144 KSP unpreconditioned resid norm 8.958217993800e+00 true resid norm 8.958217993800e+00 ||r(i)||/||b|| 1.243458911832e+01
145 KSP unpreconditioned resid norm 5.003425433475e+00 true resid norm 5.003425433475e+00 ||r(i)||/||b|| 6.945079868839e+00
146 KSP unpreconditioned resid norm 2.541328734843e+00 true resid norm 2.541328734843e+00 ||r(i)||/||b|| 3.527529543736e+00
147 KSP unpreconditioned resid norm 1.439094039682e+00 true resid norm 1.439094039682e+00 ||r(i)||/||b|| 1.997556109758e+00
148 KSP unpreconditioned resid norm 7.629443324608e-01 true resid norm 7.629443324608e-01 ||r(i)||/||b|| 1.059016346875e+00
149 KSP unpreconditioned resid norm 4.517484180219e-01 true resid norm 4.517484180219e-01 ||r(i)||/||b|| 6.270561809101e-01
150 KSP unpreconditioned resid norm 2.560752679488e-01 true resid norm 2.560752679488e-01 ||r(i)||/||b|| 3.554491242020e-01
151 KSP unpreconditioned resid norm 1.465591836542e-01 true resid norm 1.465591836542e-01 ||r(i)||/||b|| 2.034336774922e-01
152 KSP unpreconditioned resid norm 8.764890803740e-02 true resid norm 8.764890803740e-02 ||r(i)||/||b|| 1.216623840666e-01
153 KSP unpreconditioned resid norm 7.408198790441e-02 true resid norm 7.408198790441e-02 ||r(i)||/||b|| 1.028306166804e-01
154 KSP unpreconditioned resid norm 8.540041362160e-02 true resid norm 8.540041362160e-02 ||r(i)||/||b|| 1.185413276004e-01
155 KSP unpreconditioned resid norm 1.137522225325e-01 true resid norm 1.137522225325e-01 ||r(i)||/||b|| 1.578954820553e-01
156 KSP unpreconditioned resid norm 2.131810795097e-01 true resid norm 2.131810795097e-01 ||r(i)||/||b|| 2.959092012873e-01
157 KSP unpreconditioned resid norm 3.741668608429e-01 true resid norm 3.741668608429e-01 ||r(i)||/||b|| 5.193679345035e-01
158 KSP unpreconditioned resid norm 6.166531748305e-01 true resid norm 6.166531748305e-01 ||r(i)||/||b|| 8.559547069329e-01
159 KSP unpreconditioned resid norm 7.727932502773e-01 true resid norm 7.727932502773e-01 ||r(i)||/||b|| 1.072687285268e+00
160 KSP unpreconditioned resid norm 8.313024979460e-01 true resid norm 8.313024979460e-01 ||r(i)||/||b|| 1.153901925823e+00
161 KSP unpreconditioned resid norm 6.716094246762e-01 true resid norm 6.716094246762e-01 ||r(i)||/||b|| 9.322375554624e-01
162 KSP unpreconditioned resid norm 4.111344462516e-01 true resid norm 4.111344462516e-01 ||r(i)||/||b|| 5.706813470117e-01
163 KSP unpreconditioned resid norm 2.459622264356e-01 true resid norm 2.459622264356e-01 ||r(i)||/||b|| 3.414115649419e-01
164 KSP unpreconditioned resid norm 1.181888391150e-01 true resid norm 1.181888391150e-01 ||r(i)||/||b|| 1.640537943800e-01
165 KSP unpreconditioned resid norm 5.255968800647e-02 true resid norm 5.255968800647e-02 ||r(i)||/||b|| 7.295626485087e-02
166 KSP unpreconditioned resid norm 2.526618095646e-02 true resid norm 2.526618095646e-02 ||r(i)||/||b|| 3.507110219913e-02
167 KSP unpreconditioned resid norm 1.298466466714e-02 true resid norm 1.298466466714e-02 ||r(i)||/||b|| 1.802355893626e-02
168 KSP unpreconditioned resid norm 6.606504909688e-03 true resid norm 6.606504909688e-03 ||r(i)||/||b|| 9.170258428292e-03
169 KSP unpreconditioned resid norm 3.671379876413e-03 true resid norm 3.671379876413e-03 ||r(i)||/||b|| 5.096114014200e-03
170 KSP unpreconditioned resid norm 2.132881621347e-03 true resid norm 2.132881621347e-03 ||r(i)||/||b|| 2.960578389342e-03
171 KSP unpreconditioned resid norm 1.287187111246e-03 true resid norm 1.287187111246e-03 ||r(i)||/||b|| 1.786699414752e-03
172 KSP unpreconditioned resid norm 7.415039511783e-04 true resid norm 7.415039511783e-04 ||r(i)||/||b|| 1.029255703410e-03
173 KSP unpreconditioned resid norm 3.886415445740e-04 true resid norm 3.886415445740e-04 ||r(i)||/||b|| 5.394597367949e-04
174 KSP unpreconditioned resid norm 1.930731942375e-04 true resid norm 1.930731942375e-04 ||r(i)||/||b|| 2.679981489362e-04
175 KSP unpreconditioned resid norm 8.759984588003e-05 true resid norm 8.759984588003e-05 ||r(i)||/||b|| 1.215942826018e-04
176 KSP unpreconditioned resid norm 4.057565990699e-05 true resid norm 4.057565990699e-05 ||r(i)||/||b|| 5.632165454081e-05
177 KSP unpreconditioned resid norm 2.187892443783e-05 true resid norm 2.187892443783e-05 ||r(i)||/||b|| 3.036936988176e-05
178 KSP unpreconditioned resid norm 1.177300234248e-05 true resid norm 1.177300234248e-05 ||r(i)||/||b|| 1.634169283657e-05
179 KSP unpreconditioned resid norm 6.329447502150e-06 true resid norm 6.329447502150e-06 ||r(i)||/||b|| 8.785684729896e-06
180 KSP unpreconditioned resid norm 3.402612738265e-06 true resid norm 3.402612738265e-06 ||r(i)||/||b|| 4.723047748822e-06
181 KSP unpreconditioned resid norm 1.793693767405e-06 true resid norm 1.793693767405e-06 ||r(i)||/||b|| 2.489763591063e-06
182 KSP unpreconditioned resid norm 1.013046517702e-06 true resid norm 1.013046517702e-06 ||r(i)||/||b|| 1.406174443855e-06
183 KSP unpreconditioned resid norm 6.453114185409e-07 true resid norm 6.453114185409e-07 ||r(i)||/||b|| 8.957342128166e-07
184 KSP unpreconditioned resid norm 3.564764509102e-07 true resid norm 3.564764509102e-07 ||r(i)||/||b|| 4.948124951294e-07
185 KSP unpreconditioned resid norm 1.951912299588e-07 true resid norm 1.951912299588e-07 ||r(i)||/||b|| 2.709381202508e-07
186 KSP unpreconditioned resid norm 1.018794151437e-07 true resid norm 1.018794151437e-07 ||r(i)||/||b|| 1.414152533242e-07
187 KSP unpreconditioned resid norm 5.245674494058e-08 true resid norm 5.245674494058e-08 ||r(i)||/||b|| 7.281337318114e-08
188 KSP unpreconditioned resid norm 3.650077221314e-08 true resid norm 3.650077221314e-08 ||r(i)||/||b|| 5.066544543634e-08
189 KSP unpreconditioned resid norm 3.699534198652e-08 true resid norm 3.699534198652e-08 ||r(i)||/||b|| 5.135194044312e-08
190 KSP unpreconditioned resid norm 4.367212401117e-08 true resid norm 4.367212401117e-08 ||r(i)||/||b|| 6.061974807701e-08
191 KSP unpreconditioned resid norm 4.788880426427e-08 true resid norm 4.788880426427e-08 ||r(i)||/||b|| 6.647277447433e-08
192 KSP unpreconditioned resid norm 4.154007984165e-08 true resid norm 4.154007984165e-08 ||r(i)||/||b|| 5.766033212527e-08
193 KSP unpreconditioned resid norm 3.072832288766e-08 true resid norm 3.072832288766e-08 ||r(i)||/||b|| 4.265291039664e-08
194 KSP unpreconditioned resid norm 2.046274963259e-08 true resid norm 2.046274963259e-08 ||r(i)||/||b|| 2.840362715981e-08
195 KSP unpreconditioned resid norm 1.448277079846e-08 true resid norm 1.448277079846e-08 ||r(i)||/||b|| 2.010302766670e-08
196 KSP unpreconditioned resid norm 1.273750341799e-08 true resid norm 1.273750341799e-08 ||r(i)||/||b|| 1.768048304981e-08
197 KSP unpreconditioned resid norm 1.620927261577e-08 true resid norm 1.620927261577e-08 ||r(i)||/||b|| 2.249952446161e-08
198 KSP unpreconditioned resid norm 2.260218116511e-08 true resid norm 2.260218116511e-08 ||r(i)||/||b|| 3.137329725181e-08
199 KSP unpreconditioned resid norm 1.864552013537e-08 true resid norm 1.864552013537e-08 ||r(i)||/||b|| 2.588119444527e-08
200 KSP unpreconditioned resid norm 1.023538697788e-08 true resid norm 1.023538697788e-08 ||r(i)||/||b|| 1.420738272110e-08
201 KSP unpreconditioned resid norm 6.226513650885e-09 true resid norm 6.226513650885e-09 ||r(i)||/||b|| 8.642805850666e-09
            || b ||_2 = 7.2042734251691598e-01
|| r ||_2 / || b ||_2 = 9.7846819855535065e-09
WARNING! There are options you set that were not used!
WARNING! could be spelling mistake, etc!
There is one unused database option. It is:
Option left: name:-ksp_gmres_restart value: 50 source: command line
