Config file: ../input/config/comsol/inclined-shell/refine0.json
order_rbm = 2
angle_type = 1
mesh_type = 1
==== basic information of linear system ====
matrix Row = 13368, matrix Column = 13368
matrix nz_allocated = 361262, matrix nz_used = 361262, matrix nz_unneeded = 0
vector Row = 13368
initial     || b ||_2 = 3.0009674865898700e+02
>>>>local_vec_size = 3342
>>>>~~~~ local_mat_m = 3342, local_mat_n = 3342
>>>>local_vec_size = 3342
>>>>~~~~ local_mat_m = 3342, local_mat_n = 3342
>>>>local_vec_size = 3342
>>>>~~~~ local_mat_m = 3342, local_mat_n = 3342
>>>>local_vec_size = 3342
>>>>~~~~ local_mat_m = 3342, local_mat_n = 3342
            || b ||_2 = 3.0009674865898700e+02
|| r ||_2 / || b ||_2 = 1.0000000000000000e+00
Partitioning a graph of size 2228 serially
      Setup: Max:   0.000, Sum:   0.002, Balance:   1.001
      Remap: Max:   0.000, Sum:   0.000, Balance:   2.000
      Total: Max:   0.072, Sum:   0.290, Balance:   1.000
       Aux1: Max:   0.000, Sum:   0.000, Balance:   1.009
Final 557-way Cut:   3737 	Balance: 1.250 
Partitioning a graph of size 557 serially
      Setup: Max:   0.000, Sum:   0.000, Balance:   1.007
      Remap: Max:   0.000, Sum:   0.000, Balance:   2.000
      Total: Max:   0.018, Sum:   0.072, Balance:   1.000
       Aux1: Max:   0.000, Sum:   0.000, Balance:   1.250
Final 139-way Cut:    881 	Balance: 1.248 
Partitioning a graph of size 139 serially
      Setup: Max:   0.000, Sum:   0.000, Balance:   1.012
      Total: Max:   0.004, Sum:   0.016, Balance:   1.000
       Aux1: Max:   0.000, Sum:   0.000, Balance:   1.048
Final  34-way Cut:    206 	Balance: 1.223 
Partitioning a graph of size 34 serially
      Setup: Max:   0.000, Sum:   0.000, Balance:   1.006
      Remap: Max:   0.000, Sum:   0.000, Balance:   4.000
      Total: Max:   0.001, Sum:   0.003, Balance:   1.000
       Aux1: Max:   0.000, Sum:   0.000, Balance:   1.161
Final   8-way Cut:     35 	Balance: 1.176 


>>>>nodes in level 2 is 34, less than 100, setup DONE!>>>>


in rank 0/4, m_local_A = 3342, n_local = 3342
in rank 1/4, m_local_A = 3342, n_local = 3342
in rank 3/4, m_local_A = 3342, n_local = 3342
in rank 2/4, m_local_A = 3342, n_local = 3342
>>>> size of dinv_a: m = 13368, n = 13368
>>>> size of p_unsmooth: m = 13368, n = 5013
>>>> size of p_smooth: m = 13368, n = 5013
>>>> size of sa_prolongation: m = 13368, n = 5013
>>>> size of operator_fine: m = 13368, n = 13368
>>>> size of dinv_a: m = 13368, n = 13368
>>>> size of p_unsmooth: m = 13368, n = 5013
>>>> size of p_smooth: m = 13368, n = 5013
>>>> size of dinv_a: m = 13368, n = 13368
>>>> size of p_unsmooth: m = 13368, n = 5013
>>>> size of p_smooth: m = 13368, n = 5013
>>>> size of dinv_a: m = 13368, n = 13368
>>>> size of p_unsmooth: m = 13368, n = 5013
>>>> size of p_smooth: m = 13368, n = 5013
in rank 0/4, m_local_A = 1260, n_local = 1260
in rank 1/4, m_local_A = 1251, n_local = 1251
in rank 2/4, m_local_A = 1251, n_local = 1251
in rank 3/4, m_local_A = 1251, n_local = 1251
>>>> size of dinv_a: m = 5013, n = 5013
>>>> size of p_unsmooth: m = 5013, n = 1251
>>>> size of p_smooth: m = 5013, n = 1251
>>>> size of sa_prolongation: m = 5013, n = 1251
>>>> size of operator_fine: m = 5013, n = 5013
>>>> size of dinv_a: m = 5013, n = 5013
>>>> size of p_unsmooth: m = 5013, n = 1251
>>>> size of p_smooth: m = 5013, n = 1251
>>>> size of dinv_a: m = 5013, n = 5013
>>>> size of p_unsmooth: m = 5013, n = 1251
>>>> size of p_smooth: m = 5013, n = 1251
>>>> size of dinv_a: m = 5013, n = 5013
>>>> size of p_unsmooth: m = 5013, n = 1251
>>>> size of p_smooth: m = 5013, n = 1251
in rank 0/4, m_local_A = 315, n_local = 315
in rank 1/4, m_local_A = 315, n_local = 315
in rank 2/4, m_local_A = 315, n_local = 315
in rank 3/4, m_local_A = 306, n_local = 306
>>>> size of dinv_a: m = 1251, n = 1251
>>>> size of p_unsmooth: m = 1251, n = 306
>>>> size of p_smooth: m = 1251, n = 306
>>>> size of sa_prolongation: m = 1251, n = 306
>>>> size of operator_fine: m = 1251, n = 1251
>>>> size of dinv_a: m = 1251, n = 1251
>>>> size of p_unsmooth: m = 1251, n = 306
>>>> size of p_smooth: m = 1251, n = 306
>>>> size of dinv_a: m = 1251, n = 1251
>>>> size of p_unsmooth: m = 1251, n = 306
>>>> size of p_smooth: m = 1251, n = 306
>>>> size of dinv_a: m = 1251, n = 1251
>>>> size of p_unsmooth: m = 1251, n = 306
>>>> size of p_smooth: m = 1251, n = 306
>>>> mla setup time: 0.358541 (s)
KSP Object: (mg_coarse_) 4 MPI processes
  type: preonly
  maximum iterations=10000, initial guess is zero
  tolerances: relative=1e-05, absolute=1e-50, divergence=10000.
  left preconditioning
  using DEFAULT norm type for convergence test
PC Object: (mg_coarse_) 4 MPI processes
  type: redundant
  PC has not been set up so information may be incomplete
    Not yet setup
  linear system matrix = precond matrix:
  Mat Object: 4 MPI processes
    type: mpiaij
    rows=306, cols=306
    total: nonzeros=89424, allocated nonzeros=89424
    total number of mallocs used during MatSetValues calls=0
      using nonscalable MatPtAP() implementation
      using I-node (on process 0) routines: found 17 nodes, limit used is 5
KSP Object: (mg_levels_1_) 4 MPI processes
  type: chebyshev
    Chebyshev polynomial of first kind
    eigenvalue targets used: min 0., max 0.
  maximum iterations=5, initial guess is zero
  tolerances: relative=1e-05, absolute=1e-50, divergence=10000.
  left preconditioning
  using NONE norm type for convergence test
PC Object: (mg_levels_1_) 4 MPI processes
  type: sor
  PC has not been set up so information may be incomplete
    type = local_symmetric, iterations = 1, local iterations = 1, omega = 1.
  linear system matrix = precond matrix:
  Mat Object: 4 MPI processes
    type: mpiaij
    rows=1251, cols=1251
    total: nonzeros=393903, allocated nonzeros=393903
    total number of mallocs used during MatSetValues calls=0
      using I-node (on process 0) routines: found 70 nodes, limit used is 5
KSP Object: (mg_levels_2_) 4 MPI processes
  type: chebyshev
    Chebyshev polynomial of first kind
    eigenvalue targets used: min 0., max 0.
  maximum iterations=5, initial guess is zero
  tolerances: relative=1e-05, absolute=1e-50, divergence=10000.
  left preconditioning
  using NONE norm type for convergence test
PC Object: (mg_levels_2_) 4 MPI processes
  type: sor
  PC has not been set up so information may be incomplete
    type = local_symmetric, iterations = 1, local iterations = 1, omega = 1.
  linear system matrix = precond matrix:
  Mat Object: 4 MPI processes
    type: mpiaij
    rows=5013, cols=5013
    total: nonzeros=738477, allocated nonzeros=738477
    total number of mallocs used during MatSetValues calls=0
      using I-node (on process 0) routines: found 280 nodes, limit used is 5
KSP Object: (mg_levels_3_) 4 MPI processes
  type: chebyshev
    Chebyshev polynomial of first kind
    eigenvalue targets used: min 0., max 0.
  maximum iterations=5, initial guess is zero
  tolerances: relative=1e-05, absolute=1e-50, divergence=10000.
  left preconditioning
  using NONE norm type for convergence test
PC Object: (mg_levels_3_) 4 MPI processes
  type: sor
  PC has not been set up so information may be incomplete
    type = local_symmetric, iterations = 1, local iterations = 1, omega = 1.
  linear system matrix = precond matrix:
  Mat Object: 4 MPI processes
    type: mpiaij
    rows=13368, cols=13368
    total: nonzeros=361262, allocated nonzeros=361262
    total number of mallocs used during MatSetValues calls=0
      not using I-node (on process 0) routines
KSP Object: (mg_coarse_) 4 MPI processes
  type: preonly
  maximum iterations=10000, initial guess is zero
  tolerances: relative=1e-05, absolute=1e-50, divergence=10000.
  left preconditioning
  using DEFAULT norm type for convergence test
PC Object: (mg_coarse_) 4 MPI processes
  type: lu
  PC has not been set up so information may be incomplete
    out-of-place factorization
    tolerance for zero pivot 2.22045e-14
  linear system matrix = precond matrix:
  Mat Object: 4 MPI processes
    type: mpiaij
    rows=306, cols=306
    total: nonzeros=89424, allocated nonzeros=89424
    total number of mallocs used during MatSetValues calls=0
      using nonscalable MatPtAP() implementation
      using I-node (on process 0) routines: found 17 nodes, limit used is 5
  0 KSP unpreconditioned resid norm 3.000967486590e+02 true resid norm 3.000967486590e+02 ||r(i)||/||b|| 1.000000000000e+00
  1 KSP unpreconditioned resid norm 2.186875329068e+03 true resid norm 2.186875329068e+03 ||r(i)||/||b|| 7.287234329729e+00
  2 KSP unpreconditioned resid norm 4.773826635641e+03 true resid norm 4.773826635641e+03 ||r(i)||/||b|| 1.590762531408e+01
  3 KSP unpreconditioned resid norm 1.910016253295e+03 true resid norm 1.910016253295e+03 ||r(i)||/||b|| 6.364668267252e+00
  4 KSP unpreconditioned resid norm 3.142128158587e+03 true resid norm 3.142128158588e+03 ||r(i)||/||b|| 1.047038387663e+01
  5 KSP unpreconditioned resid norm 1.693917435255e+03 true resid norm 1.693917435255e+03 ||r(i)||/||b|| 5.644571101901e+00
  6 KSP unpreconditioned resid norm 1.994122022119e+03 true resid norm 1.994122022119e+03 ||r(i)||/||b|| 6.644930446698e+00
  7 KSP unpreconditioned resid norm 8.408675603910e+02 true resid norm 8.408675603910e+02 ||r(i)||/||b|| 2.801988239288e+00
  8 KSP unpreconditioned resid norm 9.450075849604e+02 true resid norm 9.450075849604e+02 ||r(i)||/||b|| 3.149009741636e+00
  9 KSP unpreconditioned resid norm 4.320786326385e+02 true resid norm 4.320786326386e+02 ||r(i)||/||b|| 1.439797780447e+00
 10 KSP unpreconditioned resid norm 5.889710916678e+02 true resid norm 5.889710916678e+02 ||r(i)||/||b|| 1.962604041196e+00
 11 KSP unpreconditioned resid norm 4.545082354329e+02 true resid norm 4.545082354329e+02 ||r(i)||/||b|| 1.514539019379e+00
 12 KSP unpreconditioned resid norm 4.841965151089e+02 true resid norm 4.841965151089e+02 ||r(i)||/||b|| 1.613468047463e+00
 13 KSP unpreconditioned resid norm 3.752495080994e+02 true resid norm 3.752495080994e+02 ||r(i)||/||b|| 1.250428436083e+00
 14 KSP unpreconditioned resid norm 3.868643225150e+02 true resid norm 3.868643225150e+02 ||r(i)||/||b|| 1.289132002409e+00
 15 KSP unpreconditioned resid norm 2.136930070767e+02 true resid norm 2.136930070767e+02 ||r(i)||/||b|| 7.120803808493e-01
 16 KSP unpreconditioned resid norm 2.232512160734e+02 true resid norm 2.232512160734e+02 ||r(i)||/||b|| 7.439308058851e-01
 17 KSP unpreconditioned resid norm 1.714043591692e+02 true resid norm 1.714043591692e+02 ||r(i)||/||b|| 5.711636661681e-01
 18 KSP unpreconditioned resid norm 1.771831371718e+02 true resid norm 1.771831371718e+02 ||r(i)||/||b|| 5.904200494128e-01
 19 KSP unpreconditioned resid norm 1.083249016170e+02 true resid norm 1.083249016170e+02 ||r(i)||/||b|| 3.609665952765e-01
 20 KSP unpreconditioned resid norm 3.521437294828e+01 true resid norm 3.521437294825e+01 ||r(i)||/||b|| 1.173434004387e-01
 21 KSP unpreconditioned resid norm 2.330186944793e+01 true resid norm 2.330186944790e+01 ||r(i)||/||b|| 7.764785707286e-02
 22 KSP unpreconditioned resid norm 2.269901389937e+01 true resid norm 2.269901389931e+01 ||r(i)||/||b|| 7.563898642935e-02
 23 KSP unpreconditioned resid norm 2.305749787074e+01 true resid norm 2.305749787072e+01 ||r(i)||/||b|| 7.683354776002e-02
 24 KSP unpreconditioned resid norm 1.188068536534e+01 true resid norm 1.188068536534e+01 ||r(i)||/||b|| 3.958951710883e-02
 25 KSP unpreconditioned resid norm 4.644025277788e+00 true resid norm 4.644025277746e+00 ||r(i)||/||b|| 1.547509361064e-02
 26 KSP unpreconditioned resid norm 1.958976040202e+00 true resid norm 1.958976040193e+00 ||r(i)||/||b|| 6.527814942837e-03
 27 KSP unpreconditioned resid norm 7.839366970693e-01 true resid norm 7.839366971474e-01 ||r(i)||/||b|| 2.612279875242e-03
 28 KSP unpreconditioned resid norm 2.900830158676e-01 true resid norm 2.900830158684e-01 ||r(i)||/||b|| 9.666316518411e-04
 29 KSP unpreconditioned resid norm 7.864056601338e-02 true resid norm 7.864056603297e-02 ||r(i)||/||b|| 2.620507099273e-04
 30 KSP unpreconditioned resid norm 1.826189391279e-02 true resid norm 1.826189396207e-02 ||r(i)||/||b|| 6.085335493862e-05
 31 KSP unpreconditioned resid norm 6.923486163643e-03 true resid norm 6.923486158920e-03 ||r(i)||/||b|| 2.307084695138e-05
 32 KSP unpreconditioned resid norm 2.366644983949e-03 true resid norm 2.366644919952e-03 ||r(i)||/||b|| 7.886273112012e-06
 33 KSP unpreconditioned resid norm 9.112615641580e-04 true resid norm 9.112615664475e-04 ||r(i)||/||b|| 3.036559278031e-06
 34 KSP unpreconditioned resid norm 3.742527667142e-04 true resid norm 3.742527218944e-04 ||r(i)||/||b|| 1.247106886585e-06
 35 KSP unpreconditioned resid norm 1.456509811010e-04 true resid norm 1.456510591808e-04 ||r(i)||/||b|| 4.853470083620e-07
 36 KSP unpreconditioned resid norm 9.392965833198e-05 true resid norm 9.392970414066e-05 ||r(i)||/||b|| 3.129980733227e-07
 37 KSP unpreconditioned resid norm 5.084897708714e-05 true resid norm 5.084901794630e-05 ||r(i)||/||b|| 1.694420821736e-07
 38 KSP unpreconditioned resid norm 1.338018788666e-05 true resid norm 1.338007855649e-05 ||r(i)||/||b|| 4.458588310697e-08
 39 KSP unpreconditioned resid norm 1.240584654464e-05 true resid norm 1.240577441493e-05 ||r(i)||/||b|| 4.133924965989e-08
 40 KSP unpreconditioned resid norm 6.154981870862e-06 true resid norm 6.154974793777e-06 ||r(i)||/||b|| 2.050996827284e-08
 41 KSP unpreconditioned resid norm 4.963561601824e-06 true resid norm 4.963598098017e-06 ||r(i)||/||b|| 1.653999291961e-08
 42 KSP unpreconditioned resid norm 3.182250032788e-06 true resid norm 3.182256365050e-06 ||r(i)||/||b|| 1.060410144152e-08
 43 KSP unpreconditioned resid norm 2.741597068043e-06 true resid norm 2.741569253655e-06 ||r(i)||/||b|| 9.135617982888e-09
>>>> ksp solve time: 0.644736 (s)
            || b ||_2 = 3.0009674865898700e+02
|| r ||_2 / || b ||_2 = 9.1356179828876950e-09
