Config file: ../input/config/comsol/inclined-shell/refine0.json
order_rbm = 2
angle_type = 1
mesh_type = 1
==== basic information of linear system ====
matrix Row = 13368, matrix Column = 13368
matrix nz_allocated = 361262, matrix nz_used = 361262, matrix nz_unneeded = 0
vector Row = 13368
initial     || b ||_2 = 3.0009674865898700e+02
>>>>local_vec_size = 3342
>>>>~~~~ local_mat_m = 3342, local_mat_n = 3342
>>>>local_vec_size = 3342
>>>>~~~~ local_mat_m = 3342, local_mat_n = 3342
>>>>local_vec_size = 3342
>>>>~~~~ local_mat_m = 3342, local_mat_n = 3342
>>>>local_vec_size = 3342
>>>>~~~~ local_mat_m = 3342, local_mat_n = 3342
            || b ||_2 = 3.0009674865898700e+02
|| r ||_2 / || b ||_2 = 1.0000000000000000e+00
Partitioning a graph of size 2228 serially
      Setup: Max:   0.000, Sum:   0.002, Balance:   1.004
      Remap: Max:   0.000, Sum:   0.000, Balance:   4.000
      Total: Max:   0.072, Sum:   0.289, Balance:   1.000
       Aux1: Max:   0.000, Sum:   0.000, Balance:   1.046
Final 557-way Cut:   3737 	Balance: 1.250 
Partitioning a graph of size 557 serially
      Setup: Max:   0.000, Sum:   0.000, Balance:   1.005
      Remap: Max:   0.000, Sum:   0.000, Balance:   4.000
      Total: Max:   0.018, Sum:   0.072, Balance:   1.000
       Aux1: Max:   0.000, Sum:   0.000, Balance:   1.853
Final 139-way Cut:    881 	Balance: 1.248 
Partitioning a graph of size 139 serially
      Setup: Max:   0.000, Sum:   0.000, Balance:   1.015
      Remap: Max:   0.000, Sum:   0.000, Balance:   4.000
      Total: Max:   0.004, Sum:   0.016, Balance:   1.000
       Aux1: Max:   0.000, Sum:   0.000, Balance:   1.000
Final  34-way Cut:    206 	Balance: 1.223 
Partitioning a graph of size 34 serially
      Setup: Max:   0.000, Sum:   0.000, Balance:   1.009
      Total: Max:   0.001, Sum:   0.003, Balance:   1.000
       Aux1: Max:   0.000, Sum:   0.000, Balance:   1.000
Final   8-way Cut:     35 	Balance: 1.176 


>>>>nodes in level 2 is 34, less than 100, setup DONE!>>>>


in rank 0/4, m_local_A = 3342, n_local = 3342
in rank 1/4, m_local_A = 3342, n_local = 3342
in rank 2/4, m_local_A = 3342, n_local = 3342
in rank 3/4, m_local_A = 3342, n_local = 3342
>>>> size of dinv_a: m = 13368, n = 13368
>>>> size of p_unsmooth: m = 13368, n = 5013
>>>> size of p_smooth: m = 13368, n = 5013
>>>> size of sa_prolongation: m = 13368, n = 5013
>>>> size of operator_fine: m = 13368, n = 13368
>>>> size of dinv_a: m = 13368, n = 13368
>>>> size of p_unsmooth: m = 13368, n = 5013
>>>> size of p_smooth: m = 13368, n = 5013
>>>> size of dinv_a: m = 13368, n = 13368
>>>> size of p_unsmooth: m = 13368, n = 5013
>>>> size of p_smooth: m = 13368, n = 5013
>>>> size of dinv_a: m = 13368, n = 13368
>>>> size of p_unsmooth: m = 13368, n = 5013
>>>> size of p_smooth: m = 13368, n = 5013
in rank 0/4, m_local_A = 1260, n_local = 1260
in rank 1/4, m_local_A = 1251, n_local = 1251
in rank 2/4, m_local_A = 1251, n_local = 1251
in rank 3/4, m_local_A = 1251, n_local = 1251
>>>> size of dinv_a: m = 5013, n = 5013
>>>> size of p_unsmooth: m = 5013, n = 1251
>>>> size of p_smooth: m = 5013, n = 1251
>>>> size of sa_prolongation: m = 5013, n = 1251
>>>> size of operator_fine: m = 5013, n = 5013
>>>> size of dinv_a: m = 5013, n = 5013
>>>> size of p_unsmooth: m = 5013, n = 1251
>>>> size of p_smooth: m = 5013, n = 1251
>>>> size of dinv_a: m = 5013, n = 5013
>>>> size of p_unsmooth: m = 5013, n = 1251
>>>> size of p_smooth: m = 5013, n = 1251
>>>> size of dinv_a: m = 5013, n = 5013
>>>> size of p_unsmooth: m = 5013, n = 1251
>>>> size of p_smooth: m = 5013, n = 1251
in rank 0/4, m_local_A = 315, n_local = 315
in rank 1/4, m_local_A = 315, n_local = 315
in rank 2/4, m_local_A = 315, n_local = 315
in rank 3/4, m_local_A = 306, n_local = 306
>>>> size of dinv_a: m = 1251, n = 1251
>>>> size of p_unsmooth: m = 1251, n = 306
>>>> size of p_smooth: m = 1251, n = 306
>>>> size of sa_prolongation: m = 1251, n = 306
>>>> size of operator_fine: m = 1251, n = 1251
>>>> size of dinv_a: m = 1251, n = 1251
>>>> size of p_unsmooth: m = 1251, n = 306
>>>> size of p_smooth: m = 1251, n = 306
>>>> size of dinv_a: m = 1251, n = 1251
>>>> size of p_unsmooth: m = 1251, n = 306
>>>> size of p_smooth: m = 1251, n = 306
>>>> size of dinv_a: m = 1251, n = 1251
>>>> size of p_unsmooth: m = 1251, n = 306
>>>> size of p_smooth: m = 1251, n = 306
>>>> mla setup time: 0.363127 (s)
KSP Object: (mg_coarse_) 4 MPI processes
  type: preonly
  maximum iterations=10000, initial guess is zero
  tolerances: relative=1e-05, absolute=1e-50, divergence=10000.
  left preconditioning
  using DEFAULT norm type for convergence test
PC Object: (mg_coarse_) 4 MPI processes
  type: redundant
  PC has not been set up so information may be incomplete
    Not yet setup
  linear system matrix = precond matrix:
  Mat Object: 4 MPI processes
    type: mpiaij
    rows=306, cols=306
    total: nonzeros=89424, allocated nonzeros=89424
    total number of mallocs used during MatSetValues calls=0
      using nonscalable MatPtAP() implementation
      using I-node (on process 0) routines: found 17 nodes, limit used is 5
KSP Object: (mg_levels_1_) 4 MPI processes
  type: chebyshev
    Chebyshev polynomial of first kind
    eigenvalue targets used: min 0., max 0.
  maximum iterations=5, initial guess is zero
  tolerances: relative=1e-05, absolute=1e-50, divergence=10000.
  left preconditioning
  using NONE norm type for convergence test
PC Object: (mg_levels_1_) 4 MPI processes
  type: sor
  PC has not been set up so information may be incomplete
    type = local_symmetric, iterations = 1, local iterations = 1, omega = 1.
  linear system matrix = precond matrix:
  Mat Object: 4 MPI processes
    type: mpiaij
    rows=1251, cols=1251
    total: nonzeros=393903, allocated nonzeros=393903
    total number of mallocs used during MatSetValues calls=0
      using I-node (on process 0) routines: found 70 nodes, limit used is 5
KSP Object: (mg_levels_2_) 4 MPI processes
  type: chebyshev
    Chebyshev polynomial of first kind
    eigenvalue targets used: min 0., max 0.
  maximum iterations=5, initial guess is zero
  tolerances: relative=1e-05, absolute=1e-50, divergence=10000.
  left preconditioning
  using NONE norm type for convergence test
PC Object: (mg_levels_2_) 4 MPI processes
  type: sor
  PC has not been set up so information may be incomplete
    type = local_symmetric, iterations = 1, local iterations = 1, omega = 1.
  linear system matrix = precond matrix:
  Mat Object: 4 MPI processes
    type: mpiaij
    rows=5013, cols=5013
    total: nonzeros=738477, allocated nonzeros=738477
    total number of mallocs used during MatSetValues calls=0
      using I-node (on process 0) routines: found 280 nodes, limit used is 5
KSP Object: (mg_levels_3_) 4 MPI processes
  type: chebyshev
    Chebyshev polynomial of first kind
    eigenvalue targets used: min 0., max 0.
  maximum iterations=5, initial guess is zero
  tolerances: relative=1e-05, absolute=1e-50, divergence=10000.
  left preconditioning
  using NONE norm type for convergence test
PC Object: (mg_levels_3_) 4 MPI processes
  type: sor
  PC has not been set up so information may be incomplete
    type = local_symmetric, iterations = 1, local iterations = 1, omega = 1.
  linear system matrix = precond matrix:
  Mat Object: 4 MPI processes
    type: mpiaij
    rows=13368, cols=13368
    total: nonzeros=361262, allocated nonzeros=361262
    total number of mallocs used during MatSetValues calls=0
      not using I-node (on process 0) routines
KSP Object: (mg_coarse_) 4 MPI processes
  type: preonly
  maximum iterations=10000, initial guess is zero
  tolerances: relative=1e-05, absolute=1e-50, divergence=10000.
  left preconditioning
  using DEFAULT norm type for convergence test
PC Object: (mg_coarse_) 4 MPI processes
  type: lu
  PC has not been set up so information may be incomplete
    out-of-place factorization
    tolerance for zero pivot 2.22045e-14
  linear system matrix = precond matrix:
  Mat Object: 4 MPI processes
    type: mpiaij
    rows=306, cols=306
    total: nonzeros=89424, allocated nonzeros=89424
    total number of mallocs used during MatSetValues calls=0
      using nonscalable MatPtAP() implementation
      using I-node (on process 0) routines: found 17 nodes, limit used is 5
  0 KSP unpreconditioned resid norm 3.000967486590e+02 true resid norm 3.000967486590e+02 ||r(i)||/||b|| 1.000000000000e+00
  1 KSP unpreconditioned resid norm 1.730082735708e+03 true resid norm 1.730082735708e+03 ||r(i)||/||b|| 5.765083238785e+00
  2 KSP unpreconditioned resid norm 1.262668795185e+03 true resid norm 1.262668795185e+03 ||r(i)||/||b|| 4.207539071406e+00
  3 KSP unpreconditioned resid norm 6.049589109190e+02 true resid norm 6.049589109190e+02 ||r(i)||/||b|| 2.015879590906e+00
  4 KSP unpreconditioned resid norm 1.786423415277e+02 true resid norm 1.786423415277e+02 ||r(i)||/||b|| 5.952824958150e-01
  5 KSP unpreconditioned resid norm 7.922472938539e+01 true resid norm 7.922472938540e+01 ||r(i)||/||b|| 2.639972933376e-01
  6 KSP unpreconditioned resid norm 2.122382808319e+01 true resid norm 2.122382808319e+01 ||r(i)||/||b|| 7.072328566715e-02
  7 KSP unpreconditioned resid norm 5.329895536007e+00 true resid norm 5.329895535998e+00 ||r(i)||/||b|| 1.776059074220e-02
  8 KSP unpreconditioned resid norm 1.015685959336e+00 true resid norm 1.015685959351e+00 ||r(i)||/||b|| 3.384528369232e-03
  9 KSP unpreconditioned resid norm 7.534622379640e-01 true resid norm 7.534622379409e-01 ||r(i)||/||b|| 2.510731093582e-03
 10 KSP unpreconditioned resid norm 2.967233608218e-01 true resid norm 2.967233608268e-01 ||r(i)||/||b|| 9.887589990653e-04
 11 KSP unpreconditioned resid norm 9.939547998072e-02 true resid norm 9.939547998514e-02 ||r(i)||/||b|| 3.312114524043e-04
 12 KSP unpreconditioned resid norm 1.855945456572e-02 true resid norm 1.855945454837e-02 ||r(i)||/||b|| 6.184490378956e-05
 13 KSP unpreconditioned resid norm 5.684752683388e-03 true resid norm 5.684752697870e-03 ||r(i)||/||b|| 1.894306660526e-05
 14 KSP unpreconditioned resid norm 1.927043146953e-03 true resid norm 1.927043128673e-03 ||r(i)||/||b|| 6.421406220775e-06
 15 KSP unpreconditioned resid norm 7.021617477125e-04 true resid norm 7.021617297148e-04 ||r(i)||/||b|| 2.339784528998e-06
 16 KSP unpreconditioned resid norm 2.238319746787e-04 true resid norm 2.238319527101e-04 ||r(i)||/||b|| 7.458659705921e-07
 17 KSP unpreconditioned resid norm 8.546109878605e-05 true resid norm 8.546110754454e-05 ||r(i)||/||b|| 2.847785186825e-07
 18 KSP unpreconditioned resid norm 3.285635060340e-05 true resid norm 3.285630771774e-05 ||r(i)||/||b|| 1.094857170715e-07
 19 KSP unpreconditioned resid norm 8.744563855871e-06 true resid norm 8.744587023530e-06 ||r(i)||/||b|| 2.913922614159e-08
 20 KSP unpreconditioned resid norm 1.981142719299e-06 true resid norm 1.981145177362e-06 ||r(i)||/||b|| 6.601688242925e-09
>>>> ksp solve time: 0.278693 (s)
            || b ||_2 = 3.0009674865898700e+02
|| r ||_2 / || b ||_2 = 6.6016882429250589e-09
