Config file: ../input/config/comsol/flat-shell/refine0.json
order_rbm = 2
angle_type = 1
mesh_type = 1
==== basic information of linear system ====
matrix Row = 6006, matrix Column = 6006
matrix nz_allocated = 77658, matrix nz_used = 77658, matrix nz_unneeded = 0
vector Row = 6006
initial     || b ||_2 = 8.0242448126731133e+03
>>>>local_vec_size = 1500
>>>>~~~~ local_mat_m = 1500, local_mat_n = 1500
>>>>local_vec_size = 1500
>>>>~~~~ local_mat_m = 1500, local_mat_n = 1500
>>>>local_vec_size = 1500
>>>>~~~~ local_mat_m = 1500, local_mat_n = 1500
>>>>local_vec_size = 1506
>>>>~~~~ local_mat_m = 1506, local_mat_n = 1506
            || b ||_2 = 8.0242448126731133e+03
|| r ||_2 / || b ||_2 = 1.0000000000000000e+00
Partitioning a graph of size 1001 serially
      Setup: Max:   0.000, Sum:   0.002, Balance:   1.003
      Remap: Max:   0.000, Sum:   0.000, Balance:   4.000
      Total: Max:   0.031, Sum:   0.126, Balance:   1.000
       Aux1: Max:   0.000, Sum:   0.000, Balance:   1.011
Final 250-way Cut:   1636 	Balance: 1.249 
Partitioning a graph of size 250 serially
      Setup: Max:   0.000, Sum:   0.000, Balance:   1.026
      Remap: Max:   0.000, Sum:   0.000, Balance:   1.333
      Total: Max:   0.007, Sum:   0.029, Balance:   1.000
       Aux1: Max:   0.000, Sum:   0.000, Balance:   1.000
Final  62-way Cut:    372 	Balance: 1.240 
Partitioning a graph of size 62 serially
      Setup: Max:   0.000, Sum:   0.000, Balance:   1.038
      Remap: Max:   0.000, Sum:   0.000, Balance:   4.000
      Total: Max:   0.002, Sum:   0.006, Balance:   1.000
       Aux1: Max:   0.000, Sum:   0.000, Balance:   1.081
Final  15-way Cut:     74 	Balance: 1.210 


>>>>nodes in level 1 is 62, less than 100, setup DONE!>>>>


in rank 0/4, m_local_A = 1506, n_local = 1506
in rank 1/4, m_local_A = 1500, n_local = 1500
in rank 2/4, m_local_A = 1500, n_local = 1500
in rank 3/4, m_local_A = 1500, n_local = 1500
>>>> size of dinv_a: m = 6006, n = 6006
>>>> size of p_unsmooth: m = 6006, n = 2250
>>>> size of p_smooth: m = 6006, n = 2250
>>>> size of sa_prolongation: m = 6006, n = 2250
>>>> size of operator_fine: m = 6006, n = 6006
>>>> size of dinv_a: m = 6006, n = 6006
>>>> size of p_unsmooth: m = 6006, n = 2250
>>>> size of p_smooth: m = 6006, n = 2250
>>>> size of dinv_a: m = 6006, n = 6006
>>>> size of p_unsmooth: m = 6006, n = 2250
>>>> size of p_smooth: m = 6006, n = 2250
>>>> size of dinv_a: m = 6006, n = 6006
>>>> size of p_unsmooth: m = 6006, n = 2250
>>>> size of p_smooth: m = 6006, n = 2250
in rank 0/4, m_local_A = 567, n_local = 567
in rank 1/4, m_local_A = 567, n_local = 567
in rank 2/4, m_local_A = 558, n_local = 558
in rank 3/4, m_local_A = 558, n_local = 558
>>>> size of dinv_a: m = 2250, n = 2250
>>>> size of p_unsmooth: m = 2250, n = 558
>>>> size of p_smooth: m = 2250, n = 558
>>>> size of sa_prolongation: m = 2250, n = 558
>>>> size of operator_fine: m = 2250, n = 2250
>>>> size of dinv_a: m = 2250, n = 2250
>>>> size of p_unsmooth: m = 2250, n = 558
>>>> size of p_smooth: m = 2250, n = 558
>>>> size of dinv_a: m = 2250, n = 2250
>>>> size of p_unsmooth: m = 2250, n = 558
>>>> size of p_smooth: m = 2250, n = 558
>>>> size of dinv_a: m = 2250, n = 2250
>>>> size of p_unsmooth: m = 2250, n = 558
>>>> size of p_smooth: m = 2250, n = 558
>>>> mla setup time: 0.120917 (s)
KSP Object: (mg_coarse_) 4 MPI processes
  type: preonly
  maximum iterations=10000, initial guess is zero
  tolerances: relative=1e-05, absolute=1e-50, divergence=10000.
  left preconditioning
  using DEFAULT norm type for convergence test
PC Object: (mg_coarse_) 4 MPI processes
  type: redundant
  PC has not been set up so information may be incomplete
    Not yet setup
  linear system matrix = precond matrix:
  Mat Object: 4 MPI processes
    type: mpiaij
    rows=558, cols=558
    total: nonzeros=143856, allocated nonzeros=143856
    total number of mallocs used during MatSetValues calls=0
      using nonscalable MatPtAP() implementation
      using I-node (on process 0) routines: found 32 nodes, limit used is 5
KSP Object: (mg_levels_1_) 4 MPI processes
  type: chebyshev
    Chebyshev polynomial of first kind
    eigenvalue targets used: min 0., max 0.
  maximum iterations=5, initial guess is zero
  tolerances: relative=1e-05, absolute=1e-50, divergence=10000.
  left preconditioning
  using NONE norm type for convergence test
PC Object: (mg_levels_1_) 4 MPI processes
  type: sor
  PC has not been set up so information may be incomplete
    type = local_symmetric, iterations = 1, local iterations = 1, omega = 1.
  linear system matrix = precond matrix:
  Mat Object: 4 MPI processes
    type: mpiaij
    rows=2250, cols=2250
    total: nonzeros=314604, allocated nonzeros=314604
    total number of mallocs used during MatSetValues calls=0
      using I-node (on process 0) routines: found 126 nodes, limit used is 5
KSP Object: (mg_levels_2_) 4 MPI processes
  type: chebyshev
    Chebyshev polynomial of first kind
    eigenvalue targets used: min 0., max 0.
  maximum iterations=5, initial guess is zero
  tolerances: relative=1e-05, absolute=1e-50, divergence=10000.
  left preconditioning
  using NONE norm type for convergence test
PC Object: (mg_levels_2_) 4 MPI processes
  type: sor
  PC has not been set up so information may be incomplete
    type = local_symmetric, iterations = 1, local iterations = 1, omega = 1.
  linear system matrix = precond matrix:
  Mat Object: 4 MPI processes
    type: mpiaij
    rows=6006, cols=6006
    total: nonzeros=77658, allocated nonzeros=77658
    total number of mallocs used during MatSetValues calls=0
      using I-node (on process 0) routines: found 1098 nodes, limit used is 5
KSP Object: (mg_coarse_) 4 MPI processes
  type: preonly
  maximum iterations=10000, initial guess is zero
  tolerances: relative=1e-05, absolute=1e-50, divergence=10000.
  left preconditioning
  using DEFAULT norm type for convergence test
PC Object: (mg_coarse_) 4 MPI processes
  type: lu
  PC has not been set up so information may be incomplete
    out-of-place factorization
    tolerance for zero pivot 2.22045e-14
  linear system matrix = precond matrix:
  Mat Object: 4 MPI processes
    type: mpiaij
    rows=558, cols=558
    total: nonzeros=143856, allocated nonzeros=143856
    total number of mallocs used during MatSetValues calls=0
      using nonscalable MatPtAP() implementation
      using I-node (on process 0) routines: found 32 nodes, limit used is 5
  0 KSP unpreconditioned resid norm 8.024244812673e+03 true resid norm 8.024244812673e+03 ||r(i)||/||b|| 1.000000000000e+00
  1 KSP unpreconditioned resid norm 4.839496932493e+05 true resid norm 4.839496932493e+05 ||r(i)||/||b|| 6.031093324632e+01
  2 KSP unpreconditioned resid norm 3.821386716476e+05 true resid norm 3.821386716474e+05 ||r(i)||/||b|| 4.762300759366e+01
  3 KSP unpreconditioned resid norm 2.223265491352e+05 true resid norm 2.223265491353e+05 ||r(i)||/||b|| 2.770685021775e+01
  4 KSP unpreconditioned resid norm 7.204309889329e+04 true resid norm 7.204309889281e+04 ||r(i)||/||b|| 8.978178080886e+00
  5 KSP unpreconditioned resid norm 6.522381731732e+04 true resid norm 6.522381731780e+04 ||r(i)||/||b|| 8.128343394358e+00
  6 KSP unpreconditioned resid norm 4.215708366936e+04 true resid norm 4.215708366969e+04 ||r(i)||/||b|| 5.253713546116e+00
  7 KSP unpreconditioned resid norm 8.627880705463e+03 true resid norm 8.627880705298e+03 ||r(i)||/||b|| 1.075226505013e+00
  8 KSP unpreconditioned resid norm 1.730375811740e+03 true resid norm 1.730375811848e+03 ||r(i)||/||b|| 2.156434471086e-01
  9 KSP unpreconditioned resid norm 3.723828816042e+02 true resid norm 3.723828810801e+02 ||r(i)||/||b|| 4.640721834558e-02
 10 KSP unpreconditioned resid norm 8.604514121505e+01 true resid norm 8.604514052204e+01 ||r(i)||/||b|| 1.072314498508e-02
 11 KSP unpreconditioned resid norm 2.175913215456e+01 true resid norm 2.175913133077e+01 ||r(i)||/||b|| 2.711673414600e-03
 12 KSP unpreconditioned resid norm 5.092897018269e+00 true resid norm 5.092896424221e+00 ||r(i)||/||b|| 6.346885648575e-04
 13 KSP unpreconditioned resid norm 1.001507078904e+00 true resid norm 1.001506612212e+00 ||r(i)||/||b|| 1.248100769097e-04
 14 KSP unpreconditioned resid norm 2.067137405160e-01 true resid norm 2.067138436849e-01 ||r(i)||/||b|| 2.576115865239e-05
 15 KSP unpreconditioned resid norm 4.408924124732e-02 true resid norm 4.408895058583e-02 ||r(i)||/||b|| 5.494467281980e-06
 16 KSP unpreconditioned resid norm 9.036653144651e-03 true resid norm 9.036746533109e-03 ||r(i)||/||b|| 1.126180312799e-06
 17 KSP unpreconditioned resid norm 1.893353197972e-03 true resid norm 1.893209568522e-03 ||r(i)||/||b|| 2.359361675422e-07
 18 KSP unpreconditioned resid norm 3.376502926626e-04 true resid norm 3.386226973189e-04 ||r(i)||/||b|| 4.219994594184e-08
 19 KSP unpreconditioned resid norm 5.723533463807e-05 true resid norm 6.577236973133e-05 ||r(i)||/||b|| 8.196705268446e-09
>>>> ksp solve time: 0.0809746 (s)
            || b ||_2 = 8.0242448126731133e+03
|| r ||_2 / || b ||_2 = 8.1967052684455090e-09
