Config file: ../input/config/comsol/flat-shell/refine0.json
order_rbm = 2
angle_type = 1
mesh_type = 1
==== basic information of linear system ====
matrix Row = 6006, matrix Column = 6006
matrix nz_allocated = 77658, matrix nz_used = 77658, matrix nz_unneeded = 0
vector Row = 6006
initial     || b ||_2 = 8.0242448126731133e+03
>>>>local_vec_size = 1500
>>>>~~~~ local_mat_m = 1500, local_mat_n = 1500
>>>>local_vec_size = 1500
>>>>~~~~ local_mat_m = 1500, local_mat_n = 1500
>>>>local_vec_size = 1500
>>>>~~~~ local_mat_m = 1500, local_mat_n = 1500
>>>>local_vec_size = 1506
>>>>~~~~ local_mat_m = 1506, local_mat_n = 1506
            || b ||_2 = 8.0242448126731133e+03
|| r ||_2 / || b ||_2 = 1.0000000000000000e+00
Partitioning a graph of size 1001 serially
      Setup: Max:   0.000, Sum:   0.002, Balance:   1.001
      Remap: Max:   0.000, Sum:   0.000, Balance:   2.000
      Total: Max:   0.032, Sum:   0.127, Balance:   1.000
       Aux1: Max:   0.000, Sum:   0.000, Balance:   1.307
Final 250-way Cut:   1636 	Balance: 1.249 
Partitioning a graph of size 250 serially
      Setup: Max:   0.000, Sum:   0.000, Balance:   1.007
      Remap: Max:   0.000, Sum:   0.000, Balance:   2.000
      Total: Max:   0.007, Sum:   0.029, Balance:   1.000
       Aux1: Max:   0.000, Sum:   0.000, Balance:   1.023
Final  62-way Cut:    372 	Balance: 1.240 
Partitioning a graph of size 62 serially
      Setup: Max:   0.000, Sum:   0.000, Balance:   1.004
      Remap: Max:   0.000, Sum:   0.000, Balance:   4.000
      Total: Max:   0.002, Sum:   0.006, Balance:   1.000
       Aux1: Max:   0.000, Sum:   0.000, Balance:   1.125
Final  15-way Cut:     74 	Balance: 1.210 


>>>>nodes in level 1 is 62, less than 100, setup DONE!>>>>


in rank 0/4, m_local_A = 1506, n_local = 1506
in rank 1/4, m_local_A = 1500, n_local = 1500
in rank 2/4, m_local_A = 1500, n_local = 1500
in rank 3/4, m_local_A = 1500, n_local = 1500
>>>> size of dinv_a: m = 6006, n = 6006
>>>> size of p_unsmooth: m = 6006, n = 2250
>>>> size of p_smooth: m = 6006, n = 2250
>>>> size of sa_prolongation: m = 6006, n = 2250
>>>> size of operator_fine: m = 6006, n = 6006
>>>> size of dinv_a: m = 6006, n = 6006
>>>> size of p_unsmooth: m = 6006, n = 2250
>>>> size of p_smooth: m = 6006, n = 2250
>>>> size of dinv_a: m = 6006, n = 6006
>>>> size of p_unsmooth: m = 6006, n = 2250
>>>> size of p_smooth: m = 6006, n = 2250
>>>> size of dinv_a: m = 6006, n = 6006
>>>> size of p_unsmooth: m = 6006, n = 2250
>>>> size of p_smooth: m = 6006, n = 2250
in rank 0/4, m_local_A = 567, n_local = 567
in rank 1/4, m_local_A = 567, n_local = 567
in rank 2/4, m_local_A = 558, n_local = 558
in rank 3/4, m_local_A = 558, n_local = 558
>>>> size of dinv_a: m = 2250, n = 2250
>>>> size of p_unsmooth: m = 2250, n = 558
>>>> size of p_smooth: m = 2250, n = 558
>>>> size of sa_prolongation: m = 2250, n = 558
>>>> size of operator_fine: m = 2250, n = 2250
>>>> size of dinv_a: m = 2250, n = 2250
>>>> size of p_unsmooth: m = 2250, n = 558
>>>> size of p_smooth: m = 2250, n = 558
>>>> size of dinv_a: m = 2250, n = 2250
>>>> size of p_unsmooth: m = 2250, n = 558
>>>> size of p_smooth: m = 2250, n = 558
>>>> size of dinv_a: m = 2250, n = 2250
>>>> size of p_unsmooth: m = 2250, n = 558
>>>> size of p_smooth: m = 2250, n = 558
>>>> mla setup time: 0.12026 (s)
KSP Object: (mg_coarse_) 4 MPI processes
  type: preonly
  maximum iterations=10000, initial guess is zero
  tolerances: relative=1e-05, absolute=1e-50, divergence=10000.
  left preconditioning
  using DEFAULT norm type for convergence test
PC Object: (mg_coarse_) 4 MPI processes
  type: redundant
  PC has not been set up so information may be incomplete
    Not yet setup
  linear system matrix = precond matrix:
  Mat Object: 4 MPI processes
    type: mpiaij
    rows=558, cols=558
    total: nonzeros=143856, allocated nonzeros=143856
    total number of mallocs used during MatSetValues calls=0
      using nonscalable MatPtAP() implementation
      using I-node (on process 0) routines: found 32 nodes, limit used is 5
KSP Object: (mg_levels_1_) 4 MPI processes
  type: chebyshev
    Chebyshev polynomial of first kind
    eigenvalue targets used: min 0., max 0.
  maximum iterations=5, initial guess is zero
  tolerances: relative=1e-05, absolute=1e-50, divergence=10000.
  left preconditioning
  using NONE norm type for convergence test
PC Object: (mg_levels_1_) 4 MPI processes
  type: sor
  PC has not been set up so information may be incomplete
    type = local_symmetric, iterations = 1, local iterations = 1, omega = 1.
  linear system matrix = precond matrix:
  Mat Object: 4 MPI processes
    type: mpiaij
    rows=2250, cols=2250
    total: nonzeros=314604, allocated nonzeros=314604
    total number of mallocs used during MatSetValues calls=0
      using I-node (on process 0) routines: found 126 nodes, limit used is 5
KSP Object: (mg_levels_2_) 4 MPI processes
  type: chebyshev
    Chebyshev polynomial of first kind
    eigenvalue targets used: min 0., max 0.
  maximum iterations=5, initial guess is zero
  tolerances: relative=1e-05, absolute=1e-50, divergence=10000.
  left preconditioning
  using NONE norm type for convergence test
PC Object: (mg_levels_2_) 4 MPI processes
  type: sor
  PC has not been set up so information may be incomplete
    type = local_symmetric, iterations = 1, local iterations = 1, omega = 1.
  linear system matrix = precond matrix:
  Mat Object: 4 MPI processes
    type: mpiaij
    rows=6006, cols=6006
    total: nonzeros=77658, allocated nonzeros=77658
    total number of mallocs used during MatSetValues calls=0
      using I-node (on process 0) routines: found 1098 nodes, limit used is 5
KSP Object: (mg_coarse_) 4 MPI processes
  type: preonly
  maximum iterations=10000, initial guess is zero
  tolerances: relative=1e-05, absolute=1e-50, divergence=10000.
  left preconditioning
  using DEFAULT norm type for convergence test
PC Object: (mg_coarse_) 4 MPI processes
  type: lu
  PC has not been set up so information may be incomplete
    out-of-place factorization
    tolerance for zero pivot 2.22045e-14
  linear system matrix = precond matrix:
  Mat Object: 4 MPI processes
    type: mpiaij
    rows=558, cols=558
    total: nonzeros=143856, allocated nonzeros=143856
    total number of mallocs used during MatSetValues calls=0
      using nonscalable MatPtAP() implementation
      using I-node (on process 0) routines: found 32 nodes, limit used is 5
  0 KSP unpreconditioned resid norm 8.024244812673e+03 true resid norm 8.024244812673e+03 ||r(i)||/||b|| 1.000000000000e+00
  1 KSP unpreconditioned resid norm 3.000039548730e+04 true resid norm 3.000039548729e+04 ||r(i)||/||b|| 3.738718868585e+00
  2 KSP unpreconditioned resid norm 2.149834981826e+03 true resid norm 2.149834981742e+03 ||r(i)||/||b|| 2.679174217550e-01
  3 KSP unpreconditioned resid norm 1.056952908436e+02 true resid norm 1.056952908488e+02 ||r(i)||/||b|| 1.317199229538e-02
  4 KSP unpreconditioned resid norm 4.937982302806e+00 true resid norm 4.937982237457e+00 ||r(i)||/||b|| 6.153827995948e-04
  5 KSP unpreconditioned resid norm 1.590933883236e-01 true resid norm 1.590934556419e-01 ||r(i)||/||b|| 1.982659544367e-05
  6 KSP unpreconditioned resid norm 5.276757900428e-03 true resid norm 5.276872476119e-03 ||r(i)||/||b|| 6.576160871594e-07
  7 KSP unpreconditioned resid norm 1.342289058015e-04 true resid norm 1.357726803400e-04 ||r(i)||/||b|| 1.692030633532e-08
  8 KSP unpreconditioned resid norm 3.622173767189e-06 true resid norm 2.171528731215e-05 ||r(i)||/||b|| 2.706209471308e-09
>>>> ksp solve time: 0.0426633 (s)
            || b ||_2 = 8.0242448126731133e+03
|| r ||_2 / || b ||_2 = 2.7062094713082571e-09
