Config file: ../input/config/comsol/flat-shell/refine0.json
order_rbm = 2
angle_type = 1
mesh_type = 1
==== basic information of linear system ====
matrix Row = 6006, matrix Column = 6006
matrix nz_allocated = 77658, matrix nz_used = 77658, matrix nz_unneeded = 0
vector Row = 6006
initial     || b ||_2 = 8.0242448126731124e+03
>>>>local_vec_size = 6006
>>>>~~~~ local_mat_m = 6006, local_mat_n = 6006
            || b ||_2 = 8.0242448126731124e+03
|| r ||_2 / || b ||_2 = 1.0000000000000000e+00


>>>>nodes in level 1 is 62, less than 100, setup DONE!>>>>


in rank 0/1, m_local_A = 6006, n_local = 6006
>>>> size of dinv_a: m = 6006, n = 6006
>>>> size of p_unsmooth: m = 6006, n = 2250
>>>> size of p_smooth: m = 6006, n = 2250
>>>> size of sa_prolongation: m = 6006, n = 2250
>>>> size of operator_fine: m = 6006, n = 6006
in rank 0/1, m_local_A = 2250, n_local = 2250
>>>> size of dinv_a: m = 2250, n = 2250
>>>> size of p_unsmooth: m = 2250, n = 558
>>>> size of p_smooth: m = 2250, n = 558
>>>> size of sa_prolongation: m = 2250, n = 558
>>>> size of operator_fine: m = 2250, n = 2250
>>>> mla setup time: 0.200329 (s)
KSP Object: (mg_coarse_) 1 MPI process
  type: preonly
  maximum iterations=10000, initial guess is zero
  tolerances: relative=1e-05, absolute=1e-50, divergence=10000.
  left preconditioning
  using DEFAULT norm type for convergence test
PC Object: (mg_coarse_) 1 MPI process
  type: lu
  PC has not been set up so information may be incomplete
    out-of-place factorization
    tolerance for zero pivot 2.22045e-14
    using diagonal shift on blocks to prevent zero pivot [INBLOCKS]
  linear system matrix = precond matrix:
  Mat Object: 1 MPI process
    type: seqaij
    rows=558, cols=558
    total: nonzeros=143694, allocated nonzeros=143694
    total number of mallocs used during MatSetValues calls=0
      using I-node routines: found 124 nodes, limit used is 5
KSP Object: (mg_levels_1_) 1 MPI process
  type: chebyshev
    Chebyshev polynomial of first kind
    eigenvalue targets used: min 0., max 0.
  maximum iterations=5, initial guess is zero
  tolerances: relative=1e-05, absolute=1e-50, divergence=10000.
  left preconditioning
  using NONE norm type for convergence test
PC Object: (mg_levels_1_) 1 MPI process
  type: sor
  PC has not been set up so information may be incomplete
    type = local_symmetric, iterations = 1, local iterations = 1, omega = 1.
  linear system matrix = precond matrix:
  Mat Object: 1 MPI process
    type: seqaij
    rows=2250, cols=2250
    total: nonzeros=317682, allocated nonzeros=317682
    total number of mallocs used during MatSetValues calls=0
      using I-node routines: found 500 nodes, limit used is 5
KSP Object: (mg_levels_2_) 1 MPI process
  type: chebyshev
    Chebyshev polynomial of first kind
    eigenvalue targets used: min 0., max 0.
  maximum iterations=5, initial guess is zero
  tolerances: relative=1e-05, absolute=1e-50, divergence=10000.
  left preconditioning
  using NONE norm type for convergence test
PC Object: (mg_levels_2_) 1 MPI process
  type: sor
  PC has not been set up so information may be incomplete
    type = local_symmetric, iterations = 1, local iterations = 1, omega = 1.
  linear system matrix = precond matrix:
  Mat Object: 1 MPI process
    type: seqaij
    rows=6006, cols=6006
    total: nonzeros=77658, allocated nonzeros=77658
    total number of mallocs used during MatSetValues calls=0
      using I-node routines: found 4692 nodes, limit used is 5
KSP Object: (mg_coarse_) 1 MPI process
  type: preonly
  maximum iterations=10000, initial guess is zero
  tolerances: relative=1e-05, absolute=1e-50, divergence=10000.
  left preconditioning
  using DEFAULT norm type for convergence test
PC Object: (mg_coarse_) 1 MPI process
  type: lu
  PC has not been set up so information may be incomplete
    out-of-place factorization
    tolerance for zero pivot 2.22045e-14
    using diagonal shift on blocks to prevent zero pivot [INBLOCKS]
  linear system matrix = precond matrix:
  Mat Object: 1 MPI process
    type: seqaij
    rows=558, cols=558
    total: nonzeros=143694, allocated nonzeros=143694
    total number of mallocs used during MatSetValues calls=0
      using I-node routines: found 124 nodes, limit used is 5
  0 KSP unpreconditioned resid norm 8.024244812673e+03 true resid norm 8.024244812673e+03 ||r(i)||/||b|| 1.000000000000e+00
  1 KSP unpreconditioned resid norm 2.544851176034e+04 true resid norm 2.544851176024e+04 ||r(i)||/||b|| 3.171452560875e+00
  2 KSP unpreconditioned resid norm 1.696073077462e+03 true resid norm 1.696073077691e+03 ||r(i)||/||b|| 2.113685608162e-01
  3 KSP unpreconditioned resid norm 8.043199944231e+01 true resid norm 8.043199962103e+01 ||r(i)||/||b|| 1.002362234687e-02
  4 KSP unpreconditioned resid norm 4.543523698629e+00 true resid norm 4.543523608027e+00 ||r(i)||/||b|| 5.662244502874e-04
  5 KSP unpreconditioned resid norm 1.304862429125e-01 true resid norm 1.304861104004e-01 ||r(i)||/||b|| 1.626148172776e-05
  6 KSP unpreconditioned resid norm 2.907989055240e-03 true resid norm 2.908533630853e-03 ||r(i)||/||b|| 3.624682071339e-07
  7 KSP unpreconditioned resid norm 8.671682048266e-05 true resid norm 8.865744217160e-05 ||r(i)||/||b|| 1.104869607562e-08
  8 KSP unpreconditioned resid norm 2.695594856214e-06 true resid norm 2.259019445019e-05 ||r(i)||/||b|| 2.815242428111e-09
>>>> ksp solve time: 0.071418 (s)
            || b ||_2 = 8.0242448126731124e+03
|| r ||_2 / || b ||_2 = 2.8152424281108392e-09
