Config file: ../input/config/mla_v_cycle-refine3.json
order_rbm = 1
angle_type = 1
==== basic information of linear system ====
matrix Row = 73482, matrix Column = 73482
matrix nz_allocated = 1513726, matrix nz_used = 1513726, matrix nz_unneeded = 0
vector Row = 73482
initial     || b ||_2 = 3.6456789914864118e-01
>>>>local_vec_size = 73482
>>>>~~~~ local_mat_m = 73482, local_mat_n = 73482
            || b ||_2 = 3.6456789914864118e-01
|| r ||_2 / || b ||_2 = 1.0000000000000000e+00


>>>>nodes in level 3 is 47, less than 100, setup DONE!>>>>


>>>> mla setup time: 0.838865 (s)
0 MLA ||r(i)||/||b|| 1.0000000000000000e+00
1 MLA ||r(i)||/||b|| 5.1606298820349314e+00
2 MLA ||r(i)||/||b|| 6.1330189516496034e+00
3 MLA ||r(i)||/||b|| 6.6752765331945429e+00
4 MLA ||r(i)||/||b|| 6.9929992161495216e+00
5 MLA ||r(i)||/||b|| 7.1586383274859191e+00
6 MLA ||r(i)||/||b|| 7.2164655726471105e+00
7 MLA ||r(i)||/||b|| 7.1971639119379169e+00
8 MLA ||r(i)||/||b|| 7.1227039022309855e+00
9 MLA ||r(i)||/||b|| 7.0090055813993724e+00
10 MLA ||r(i)||/||b|| 6.8676895044499036e+00
11 MLA ||r(i)||/||b|| 6.7072934020970383e+00
12 MLA ||r(i)||/||b|| 6.5341297709879749e+00
13 MLA ||r(i)||/||b|| 6.3528932751201275e+00
14 MLA ||r(i)||/||b|| 6.1670927148420427e+00
15 MLA ||r(i)||/||b|| 5.9793599737173269e+00
16 MLA ||r(i)||/||b|| 5.7916725557452358e+00
17 MLA ||r(i)||/||b|| 5.6055152698465101e+00
18 MLA ||r(i)||/||b|| 5.4219987941910386e+00
19 MLA ||r(i)||/||b|| 5.2419474763160343e+00
20 MLA ||r(i)||/||b|| 5.0659650063969570e+00
21 MLA ||r(i)||/||b|| 4.8944840190340839e+00
22 MLA ||r(i)||/||b|| 4.7278039114294295e+00
23 MLA ||r(i)||/||b|| 4.5661199379967918e+00
24 MLA ||r(i)||/||b|| 4.4095457836916223e+00
25 MLA ||r(i)||/||b|| 4.2581312018663668e+00
26 MLA ||r(i)||/||b|| 4.1118759017792037e+00
27 MLA ||r(i)||/||b|| 3.9707405405568146e+00
28 MLA ||r(i)||/||b|| 3.8346554718415149e+00
29 MLA ||r(i)||/||b|| 3.7035277397218507e+00
30 MLA ||r(i)||/||b|| 3.5772466883364484e+00
31 MLA ||r(i)||/||b|| 3.4556884712490126e+00
32 MLA ||r(i)||/||b|| 3.3387196910237353e+00
33 MLA ||r(i)||/||b|| 3.2262003272225863e+00
34 MLA ||r(i)||/||b|| 3.1179861027503830e+00
35 MLA ||r(i)||/||b|| 3.0139303883929047e+00
36 MLA ||r(i)||/||b|| 2.9138857305564709e+00
37 MLA ||r(i)||/||b|| 2.8177050947612781e+00
38 MLA ||r(i)||/||b|| 2.7252428151431758e+00
39 MLA ||r(i)||/||b|| 2.6363553922755134e+00
40 MLA ||r(i)||/||b|| 2.5509020901974346e+00
41 MLA ||r(i)||/||b|| 2.4687454066004380e+00
42 MLA ||r(i)||/||b|| 2.3897514305579373e+00
43 MLA ||r(i)||/||b|| 2.3137901032203105e+00
44 MLA ||r(i)||/||b|| 2.2407354068804985e+00
45 MLA ||r(i)||/||b|| 2.1704654875475855e+00
46 MLA ||r(i)||/||b|| 2.1028627288547446e+00
47 MLA ||r(i)||/||b|| 2.0378137820100370e+00
48 MLA ||r(i)||/||b|| 1.9752095621363239e+00
49 MLA ||r(i)||/||b|| 1.9149452168893180e+00
50 MLA ||r(i)||/||b|| 1.8569200727793844e+00
51 MLA ||r(i)||/||b|| 1.8010375632525615e+00
52 MLA ||r(i)||/||b|| 1.7472051426329411e+00
53 MLA ||r(i)||/||b|| 1.6953341885931212e+00
54 MLA ||r(i)||/||b|| 1.6453398957285010e+00
55 MLA ||r(i)||/||b|| 1.5971411648096461e+00
56 MLA ||r(i)||/||b|| 1.5506604846059089e+00
57 MLA ||r(i)||/||b|| 1.5058238128241885e+00
58 MLA ||r(i)||/||b|| 1.4625604538714860e+00
59 MLA ||r(i)||/||b|| 1.4208029365509791e+00
60 MLA ||r(i)||/||b|| 1.3804868919907776e+00
61 MLA ||r(i)||/||b|| 1.3415509312276082e+00
62 MLA ||r(i)||/||b|| 1.3039365261738196e+00
63 MLA ||r(i)||/||b|| 1.2675878901303888e+00
64 MLA ||r(i)||/||b|| 1.2324518623660050e+00
65 MLA ||r(i)||/||b|| 1.1984777949104113e+00
66 MLA ||r(i)||/||b|| 1.1656174410786670e+00
67 MLA ||r(i)||/||b|| 1.1338248486778613e+00
68 MLA ||r(i)||/||b|| 1.1030562551801018e+00
69 MLA ||r(i)||/||b|| 1.0732699874168472e+00
70 MLA ||r(i)||/||b|| 1.0444263623723178e+00
71 MLA ||r(i)||/||b|| 1.0164875943350047e+00
72 MLA ||r(i)||/||b|| 9.8941770355833547e-01
73 MLA ||r(i)||/||b|| 9.6318242878885063e-01
74 MLA ||r(i)||/||b|| 9.3774914341848092e-01
75 MLA ||r(i)||/||b|| 9.1308677474519695e-01
76 MLA ||r(i)||/||b|| 8.8916572715604170e-01
77 MLA ||r(i)||/||b|| 8.6595780804876377e-01
78 MLA ||r(i)||/||b|| 8.4343615680400852e-01
79 MLA ||r(i)||/||b|| 8.2157517759569021e-01
80 MLA ||r(i)||/||b|| 8.0035047490598654e-01
81 MLA ||r(i)||/||b|| 7.7973879176115868e-01
82 MLA ||r(i)||/||b|| 7.5971795134941000e-01
83 MLA ||r(i)||/||b|| 7.4026680128769606e-01
84 MLA ||r(i)||/||b|| 7.2136516058559208e-01
85 MLA ||r(i)||/||b|| 7.0299376826922044e-01
86 MLA ||r(i)||/||b|| 6.8513423675909346e-01
87 MLA ||r(i)||/||b|| 6.6776900572324394e-01
88 MLA ||r(i)||/||b|| 6.5088129841409859e-01
89 MLA ||r(i)||/||b|| 6.3445508157291786e-01
90 MLA ||r(i)||/||b|| 6.1847502589727554e-01
91 MLA ||r(i)||/||b|| 6.0292646902624891e-01
92 MLA ||r(i)||/||b|| 5.8779538185327962e-01
93 MLA ||r(i)||/||b|| 5.7306833407340196e-01
94 MLA ||r(i)||/||b|| 5.5873246353394823e-01
95 MLA ||r(i)||/||b|| 5.4477544723296567e-01
96 MLA ||r(i)||/||b|| 5.3118547261532734e-01
97 MLA ||r(i)||/||b|| 5.1795121146466438e-01
98 MLA ||r(i)||/||b|| 5.0506179492935044e-01
99 MLA ||r(i)||/||b|| 4.9250679005924208e-01
100 MLA ||r(i)||/||b|| 4.8027617729308275e-01
101 MLA ||r(i)||/||b|| 4.6836032961037954e-01
102 MLA ||r(i)||/||b|| 4.5674999282499018e-01
103 MLA ||r(i)||/||b|| 4.4543626676688658e-01
104 MLA ||r(i)||/||b|| 4.3441058722734766e-01
105 MLA ||r(i)||/||b|| 4.2366470987157084e-01
106 MLA ||r(i)||/||b|| 4.1319069394505031e-01
107 MLA ||r(i)||/||b|| 4.0298088807884330e-01
108 MLA ||r(i)||/||b|| 3.9302791565949324e-01
109 MLA ||r(i)||/||b|| 3.8332466168684270e-01
110 MLA ||r(i)||/||b|| 3.7386426101311065e-01
111 MLA ||r(i)||/||b|| 3.6464008539286219e-01
112 MLA ||r(i)||/||b|| 3.5564573357316892e-01
113 MLA ||r(i)||/||b|| 3.4687501990304820e-01
114 MLA ||r(i)||/||b|| 3.3832196486293109e-01
115 MLA ||r(i)||/||b|| 3.2998078597990854e-01
116 MLA ||r(i)||/||b|| 3.2184588830288330e-01
117 MLA ||r(i)||/||b|| 3.1391185668744392e-01
118 MLA ||r(i)||/||b|| 3.0617344791155821e-01
119 MLA ||r(i)||/||b|| 2.9862558276309159e-01
120 MLA ||r(i)||/||b|| 2.9126333968702461e-01
121 MLA ||r(i)||/||b|| 2.8408194757987160e-01
122 MLA ||r(i)||/||b|| 2.7707677990229079e-01
123 MLA ||r(i)||/||b|| 2.7024334876878653e-01
124 MLA ||r(i)||/||b|| 2.6357729875277397e-01
125 MLA ||r(i)||/||b|| 2.5707440252121799e-01
126 MLA ||r(i)||/||b|| 2.5073055516008858e-01
127 MLA ||r(i)||/||b|| 2.4454176944066058e-01
128 MLA ||r(i)||/||b|| 2.3850417155937320e-01
129 MLA ||r(i)||/||b|| 2.3261399674055697e-01
130 MLA ||r(i)||/||b|| 2.2686758529043596e-01
131 MLA ||r(i)||/||b|| 2.2126137849477281e-01
132 MLA ||r(i)||/||b|| 2.1579191528152503e-01
133 MLA ||r(i)||/||b|| 2.1045582840694030e-01
134 MLA ||r(i)||/||b|| 2.0524984138872079e-01
135 MLA ||r(i)||/||b|| 2.0017076562033090e-01
136 MLA ||r(i)||/||b|| 1.9521549652156517e-01
137 MLA ||r(i)||/||b|| 1.9038101160979604e-01
138 MLA ||r(i)||/||b|| 1.8566436777527442e-01
139 MLA ||r(i)||/||b|| 1.8106269780191100e-01
140 MLA ||r(i)||/||b|| 1.7657320868937770e-01
141 MLA ||r(i)||/||b|| 1.7219317911062110e-01
142 MLA ||r(i)||/||b|| 1.6791995712584631e-01
143 MLA ||r(i)||/||b|| 1.6375095800233364e-01
144 MLA ||r(i)||/||b|| 1.5968366220827948e-01
145 MLA ||r(i)||/||b|| 1.5571561357771740e-01
146 MLA ||r(i)||/||b|| 1.5184441714595553e-01
147 MLA ||r(i)||/||b|| 1.4806773759591998e-01
148 MLA ||r(i)||/||b|| 1.4438329743840253e-01
149 MLA ||r(i)||/||b|| 1.4078887527045947e-01
150 MLA ||r(i)||/||b|| 1.3728230434164515e-01
151 MLA ||r(i)||/||b|| 1.3386147079326124e-01
152 MLA ||r(i)||/||b|| 1.3052431261921282e-01
153 MLA ||r(i)||/||b|| 1.2726881767599860e-01
154 MLA ||r(i)||/||b|| 1.2409302271218710e-01
155 MLA ||r(i)||/||b|| 1.2099501194515878e-01
156 MLA ||r(i)||/||b|| 1.1797291585396960e-01
157 MLA ||r(i)||/||b|| 1.1502491000378734e-01
158 MLA ||r(i)||/||b|| 1.1214921337008070e-01
159 MLA ||r(i)||/||b|| 1.0934408788878847e-01
160 MLA ||r(i)||/||b|| 1.0660783702335007e-01
161 MLA ||r(i)||/||b|| 1.0393880477323528e-01
162 MLA ||r(i)||/||b|| 1.0133537468777283e-01
163 MLA ||r(i)||/||b|| 9.8795968516163069e-02
164 MLA ||r(i)||/||b|| 9.6319045764957256e-02
165 MLA ||r(i)||/||b|| 9.3903102488692283e-02
166 MLA ||r(i)||/||b|| 9.1546670232525745e-02
167 MLA ||r(i)||/||b|| 8.9248315723946120e-02
168 MLA ||r(i)||/||b|| 8.7006639148369369e-02
169 MLA ||r(i)||/||b|| 8.4820274293286008e-02
170 MLA ||r(i)||/||b|| 8.2687886899639712e-02
171 MLA ||r(i)||/||b|| 8.0608174389605533e-02
172 MLA ||r(i)||/||b|| 7.8579865039004604e-02
173 MLA ||r(i)||/||b|| 7.6601716999484898e-02
174 MLA ||r(i)||/||b|| 7.4672517817768749e-02
175 MLA ||r(i)||/||b|| 7.2791083812544372e-02
176 MLA ||r(i)||/||b|| 7.0956259020365786e-02
177 MLA ||r(i)||/||b|| 6.9166914909528296e-02
178 MLA ||r(i)||/||b|| 6.7421949563339800e-02
179 MLA ||r(i)||/||b|| 6.5720287230015925e-02
180 MLA ||r(i)||/||b|| 6.4060877351442377e-02
181 MLA ||r(i)||/||b|| 6.2442694111239455e-02
182 MLA ||r(i)||/||b|| 6.0864736424500715e-02
183 MLA ||r(i)||/||b|| 5.9326026288611410e-02
184 MLA ||r(i)||/||b|| 5.7825609236127090e-02
185 MLA ||r(i)||/||b|| 5.6362553269330241e-02
186 MLA ||r(i)||/||b|| 5.4935948265210963e-02
187 MLA ||r(i)||/||b|| 5.3544905990694489e-02
188 MLA ||r(i)||/||b|| 5.2188558976629836e-02
189 MLA ||r(i)||/||b|| 5.0866060582118143e-02
190 MLA ||r(i)||/||b|| 4.9576583908311031e-02
191 MLA ||r(i)||/||b|| 4.8319322006145797e-02
192 MLA ||r(i)||/||b|| 4.7093487005480814e-02
193 MLA ||r(i)||/||b|| 4.5898309628021175e-02
194 MLA ||r(i)||/||b|| 4.4733039231598021e-02
195 MLA ||r(i)||/||b|| 4.3596942587751215e-02
196 MLA ||r(i)||/||b|| 4.2489304209675116e-02
197 MLA ||r(i)||/||b|| 4.1409425760761065e-02
198 MLA ||r(i)||/||b|| 4.0356625243288861e-02
199 MLA ||r(i)||/||b|| 3.9330237239082383e-02
200 MLA ||r(i)||/||b|| 3.8329612214348704e-02
201 MLA ||r(i)||/||b|| 3.7354115894313727e-02
202 MLA ||r(i)||/||b|| 3.6403129556507242e-02
203 MLA ||r(i)||/||b|| 3.5476048984133854e-02
204 MLA ||r(i)||/||b|| 3.4572284620303297e-02
205 MLA ||r(i)||/||b|| 3.3691261089086558e-02
206 MLA ||r(i)||/||b|| 3.2832416721814167e-02
207 MLA ||r(i)||/||b|| 3.1995203343081279e-02
208 MLA ||r(i)||/||b|| 3.1179086013128375e-02
209 MLA ||r(i)||/||b|| 3.0383542830476781e-02
210 MLA ||r(i)||/||b|| 2.9608064150532128e-02
211 MLA ||r(i)||/||b|| 2.8852152891768752e-02
212 MLA ||r(i)||/||b|| 2.8115323853603363e-02
213 MLA ||r(i)||/||b|| 2.7397103657372090e-02
214 MLA ||r(i)||/||b|| 2.6697030145180520e-02
215 MLA ||r(i)||/||b|| 2.6014652486335423e-02
216 MLA ||r(i)||/||b|| 2.5349530972495867e-02
217 MLA ||r(i)||/||b|| 2.4701236207563235e-02
218 MLA ||r(i)||/||b|| 2.4069349342673851e-02
219 MLA ||r(i)||/||b|| 2.3453461894352743e-02
220 MLA ||r(i)||/||b|| 2.2853175086511288e-02
221 MLA ||r(i)||/||b|| 2.2268099803929773e-02
222 MLA ||r(i)||/||b|| 2.1697856685764218e-02
223 MLA ||r(i)||/||b|| 2.1142075400722632e-02
224 MLA ||r(i)||/||b|| 2.0600394579982577e-02
225 MLA ||r(i)||/||b|| 2.0072461802973098e-02
226 MLA ||r(i)||/||b|| 1.9557933391550715e-02
227 MLA ||r(i)||/||b|| 1.9056473773661715e-02
228 MLA ||r(i)||/||b|| 1.8567755885302725e-02
229 MLA ||r(i)||/||b|| 1.8091460440596514e-02
230 MLA ||r(i)||/||b|| 1.7627276086411889e-02
231 MLA ||r(i)||/||b|| 1.7174899093852922e-02
232 MLA ||r(i)||/||b|| 1.6734033148013777e-02
233 MLA ||r(i)||/||b|| 1.6304389332325246e-02
234 MLA ||r(i)||/||b|| 1.5885685725957749e-02
235 MLA ||r(i)||/||b|| 1.5477647374834739e-02
236 MLA ||r(i)||/||b|| 1.5080006117570504e-02
237 MLA ||r(i)||/||b|| 1.4692500399738059e-02
238 MLA ||r(i)||/||b|| 1.4314875039142782e-02
239 MLA ||r(i)||/||b|| 1.3946881251111804e-02
240 MLA ||r(i)||/||b|| 1.3588276450162791e-02
241 MLA ||r(i)||/||b|| 1.3238823876239751e-02
242 MLA ||r(i)||/||b|| 1.2898292627595566e-02
243 MLA ||r(i)||/||b|| 1.2566457744575509e-02
244 MLA ||r(i)||/||b|| 1.2243099698640111e-02
245 MLA ||r(i)||/||b|| 1.1928004301426008e-02
246 MLA ||r(i)||/||b|| 1.1620962873305206e-02
247 MLA ||r(i)||/||b|| 1.1321771744870097e-02
248 MLA ||r(i)||/||b|| 1.1030232456725480e-02
249 MLA ||r(i)||/||b|| 1.0746151428165230e-02
250 MLA ||r(i)||/||b|| 1.0469339753474969e-02
251 MLA ||r(i)||/||b|| 1.0199613455052152e-02
252 MLA ||r(i)||/||b|| 9.9367930072247011e-03
253 MLA ||r(i)||/||b|| 9.6807033765331438e-03
254 MLA ||r(i)||/||b|| 9.4311739660355078e-03
255 MLA ||r(i)||/||b|| 9.1880383676622036e-03
256 MLA ||r(i)||/||b|| 8.9511342002095776e-03
257 MLA ||r(i)||/||b|| 8.7203033979139366e-03
258 MLA ||r(i)||/||b|| 8.4953917474947169e-03
259 MLA ||r(i)||/||b|| 8.2762488872240390e-03
260 MLA ||r(i)||/||b|| 8.0627280523685781e-03
261 MLA ||r(i)||/||b|| 7.8546864966312965e-03
262 MLA ||r(i)||/||b|| 7.6519846832499268e-03
263 MLA ||r(i)||/||b|| 7.4544869222986357e-03
264 MLA ||r(i)||/||b|| 7.2620606713591157e-03
265 MLA ||r(i)||/||b|| 7.0745768330540146e-03
266 MLA ||r(i)||/||b|| 6.8919093635110441e-03
267 MLA ||r(i)||/||b|| 6.7139358499275744e-03
268 MLA ||r(i)||/||b|| 6.5405364138731801e-03
269 MLA ||r(i)||/||b|| 6.3715944629964601e-03
270 MLA ||r(i)||/||b|| 6.2069963711713595e-03
271 MLA ||r(i)||/||b|| 6.0466313150236168e-03
272 MLA ||r(i)||/||b|| 5.8903912298597138e-03
273 MLA ||r(i)||/||b|| 5.7381708542645479e-03
274 MLA ||r(i)||/||b|| 5.5898674301428954e-03
275 MLA ||r(i)||/||b|| 5.4453809253814708e-03
276 MLA ||r(i)||/||b|| 5.3046139426666389e-03
277 MLA ||r(i)||/||b|| 5.1674711649948605e-03
278 MLA ||r(i)||/||b|| 5.0338602080039450e-03
279 MLA ||r(i)||/||b|| 4.9036904647652138e-03
280 MLA ||r(i)||/||b|| 4.7768740339897107e-03
281 MLA ||r(i)||/||b|| 4.6533251273358760e-03
282 MLA ||r(i)||/||b|| 4.5329600811274771e-03
283 MLA ||r(i)||/||b|| 4.4156972885628139e-03
284 MLA ||r(i)||/||b|| 4.3014574353330464e-03
285 MLA ||r(i)||/||b|| 4.1901629488972341e-03
286 MLA ||r(i)||/||b|| 4.0817383853893538e-03
287 MLA ||r(i)||/||b|| 3.9761101515023937e-03
288 MLA ||r(i)||/||b|| 3.8732066628266860e-03
289 MLA ||r(i)||/||b|| 3.7729579823608437e-03
290 MLA ||r(i)||/||b|| 3.6752958739638564e-03
291 MLA ||r(i)||/||b|| 3.5801542437395870e-03
292 MLA ||r(i)||/||b|| 3.4874681797988382e-03
293 MLA ||r(i)||/||b|| 3.3971747153770794e-03
294 MLA ||r(i)||/||b|| 3.3092124299098327e-03
295 MLA ||r(i)||/||b|| 3.2235214075264302e-03
296 MLA ||r(i)||/||b|| 3.1400433543330090e-03
297 MLA ||r(i)||/||b|| 3.0587213401020589e-03
298 MLA ||r(i)||/||b|| 2.9795000755899223e-03
299 MLA ||r(i)||/||b|| 2.9023254111083031e-03
300 MLA ||r(i)||/||b|| 2.8271448737988841e-03
301 MLA ||r(i)||/||b|| 2.7539070778625570e-03
302 MLA ||r(i)||/||b|| 2.6825620389343751e-03
303 MLA ||r(i)||/||b|| 2.6130611012675723e-03
304 MLA ||r(i)||/||b|| 2.5453568985935701e-03
305 MLA ||r(i)||/||b|| 2.4794030176612889e-03
306 MLA ||r(i)||/||b|| 2.4151544067810161e-03
307 MLA ||r(i)||/||b|| 2.3525673657014022e-03
308 MLA ||r(i)||/||b|| 2.2915989212619250e-03
309 MLA ||r(i)||/||b|| 2.2322073987599729e-03
310 MLA ||r(i)||/||b|| 2.1743522491471704e-03
311 MLA ||r(i)||/||b|| 2.1179937946036466e-03
312 MLA ||r(i)||/||b|| 2.0630935850198323e-03
313 MLA ||r(i)||/||b|| 2.0096138816802348e-03
314 MLA ||r(i)||/||b|| 1.9575181593286207e-03
315 MLA ||r(i)||/||b|| 1.9067706768253689e-03
316 MLA ||r(i)||/||b|| 1.8573367231491515e-03
317 MLA ||r(i)||/||b|| 1.8091824922231714e-03
318 MLA ||r(i)||/||b|| 1.7622747584527967e-03
319 MLA ||r(i)||/||b|| 1.7165814591340977e-03
320 MLA ||r(i)||/||b|| 1.6720713006377610e-03
321 MLA ||r(i)||/||b|| 1.6287137358115213e-03
322 MLA ||r(i)||/||b|| 1.5864789437657618e-03
323 MLA ||r(i)||/||b|| 1.5453380111712768e-03
324 MLA ||r(i)||/||b|| 1.5052626655393693e-03
325 MLA ||r(i)||/||b|| 1.4662253759906156e-03
326 MLA ||r(i)||/||b|| 1.4281993790640182e-03
327 MLA ||r(i)||/||b|| 1.3911584870012863e-03
328 MLA ||r(i)||/||b|| 1.3550772305580213e-03
329 MLA ||r(i)||/||b|| 1.3199308920951425e-03
330 MLA ||r(i)||/||b|| 1.2856952979027822e-03
331 MLA ||r(i)||/||b|| 1.2523468810679767e-03
332 MLA ||r(i)||/||b|| 1.2198627146004727e-03
333 MLA ||r(i)||/||b|| 1.1882204952574525e-03
334 MLA ||r(i)||/||b|| 1.1573983175027602e-03
335 MLA ||r(i)||/||b|| 1.1273751744071909e-03
336 MLA ||r(i)||/||b|| 1.0981302462275829e-03
337 MLA ||r(i)||/||b|| 1.0696434332171730e-03
338 MLA ||r(i)||/||b|| 1.0418951805823092e-03
339 MLA ||r(i)||/||b|| 1.0148663948032432e-03
340 MLA ||r(i)||/||b|| 9.8853844258524532e-04
341 MLA ||r(i)||/||b|| 9.6289311252292298e-04
342 MLA ||r(i)||/||b|| 9.3791275813464453e-04
343 MLA ||r(i)||/||b|| 9.1358025008868294e-04
344 MLA ||r(i)||/||b|| 8.8987871775276107e-04
345 MLA ||r(i)||/||b|| 8.6679190538805056e-04
346 MLA ||r(i)||/||b|| 8.4430392548184234e-04
347 MLA ||r(i)||/||b|| 8.2239918052538232e-04
348 MLA ||r(i)||/||b|| 8.0106258630503258e-04
349 MLA ||r(i)||/||b|| 7.8027946191976181e-04
350 MLA ||r(i)||/||b|| 7.6003547966757383e-04
351 MLA ||r(i)||/||b|| 7.4031663407736167e-04
352 MLA ||r(i)||/||b|| 7.2110938071207704e-04
353 MLA ||r(i)||/||b|| 7.0240041539999614e-04
354 MLA ||r(i)||/||b|| 6.8417681909163338e-04
355 MLA ||r(i)||/||b|| 6.6642609509880483e-04
356 MLA ||r(i)||/||b|| 6.4913589526285648e-04
357 MLA ||r(i)||/||b|| 6.3229431282202061e-04
358 MLA ||r(i)||/||b|| 6.1588979318437224e-04
359 MLA ||r(i)||/||b|| 5.9991090684002781e-04
360 MLA ||r(i)||/||b|| 5.8434666302838059e-04
361 MLA ||r(i)||/||b|| 5.6918630176509290e-04
362 MLA ||r(i)||/||b|| 5.5441938494038383e-04
363 MLA ||r(i)||/||b|| 5.4003575189274025e-04
364 MLA ||r(i)||/||b|| 5.2602538671580592e-04
365 MLA ||r(i)||/||b|| 5.1237847177932900e-04
366 MLA ||r(i)||/||b|| 4.9908581767225805e-04
367 MLA ||r(i)||/||b|| 4.8613827064336037e-04
368 MLA ||r(i)||/||b|| 4.7352668776211440e-04
369 MLA ||r(i)||/||b|| 4.6124245005752949e-04
370 MLA ||r(i)||/||b|| 4.4927712104590376e-04
371 MLA ||r(i)||/||b|| 4.3762225752055092e-04
372 MLA ||r(i)||/||b|| 4.2626997863632460e-04
373 MLA ||r(i)||/||b|| 4.1521233173002001e-04
374 MLA ||r(i)||/||b|| 4.0444173168067559e-04
375 MLA ||r(i)||/||b|| 3.9395067915508797e-04
376 MLA ||r(i)||/||b|| 3.8373193181299591e-04
377 MLA ||r(i)||/||b|| 3.7377849931466878e-04
378 MLA ||r(i)||/||b|| 3.6408341121897794e-04
379 MLA ||r(i)||/||b|| 3.5464001370815482e-04
380 MLA ||r(i)||/||b|| 3.4544174240266890e-04
381 MLA ||r(i)||/||b|| 3.3648232057473747e-04
382 MLA ||r(i)||/||b|| 3.2775530476679925e-04
383 MLA ||r(i)||/||b|| 3.1925497700720088e-04
384 MLA ||r(i)||/||b|| 3.1097532540623756e-04
385 MLA ||r(i)||/||b|| 3.0291051407177770e-04
386 MLA ||r(i)||/||b|| 2.9505508572454168e-04
387 MLA ||r(i)||/||b|| 2.8740360302027037e-04
388 MLA ||r(i)||/||b|| 2.7995076569638764e-04
389 MLA ||r(i)||/||b|| 2.7269135302973217e-04
390 MLA ||r(i)||/||b|| 2.6562043900736854e-04
391 MLA ||r(i)||/||b|| 2.5873308024817831e-04
392 MLA ||r(i)||/||b|| 2.5202448508888860e-04
393 MLA ||r(i)||/||b|| 2.4549008004435494e-04
394 MLA ||r(i)||/||b|| 2.3912522693830934e-04
395 MLA ||r(i)||/||b|| 2.3292566767609991e-04
396 MLA ||r(i)||/||b|| 2.2688702007807611e-04
397 MLA ||r(i)||/||b|| 2.2100514839806302e-04
398 MLA ||r(i)||/||b|| 2.1527590387613641e-04
399 MLA ||r(i)||/||b|| 2.0969545409475274e-04
400 MLA ||r(i)||/||b|| 2.0425979363198225e-04
401 MLA ||r(i)||/||b|| 1.9896531903937123e-04
402 MLA ||r(i)||/||b|| 1.9380820320137528e-04
403 MLA ||r(i)||/||b|| 1.8878499616026447e-04
404 MLA ||r(i)||/||b|| 1.8389213085519683e-04
405 MLA ||r(i)||/||b|| 1.7912628762202748e-04
406 MLA ||r(i)||/||b|| 1.7448410322986029e-04
407 MLA ||r(i)||/||b|| 1.6996246403990902e-04
408 MLA ||r(i)||/||b|| 1.6555816643000010e-04
409 MLA ||r(i)||/||b|| 1.6126824310265170e-04
410 MLA ||r(i)||/||b|| 1.5708961716280335e-04
411 MLA ||r(i)||/||b|| 1.5301942832084448e-04
412 MLA ||r(i)||/||b|| 1.4905488844915512e-04
413 MLA ||r(i)||/||b|| 1.4519327724787787e-04
414 MLA ||r(i)||/||b|| 1.4143181198647688e-04
415 MLA ||r(i)||/||b|| 1.3776801242396290e-04
416 MLA ||r(i)||/||b|| 1.3419925889174015e-04
417 MLA ||r(i)||/||b|| 1.3072320236503149e-04
418 MLA ||r(i)||/||b|| 1.2733728856772374e-04
419 MLA ||r(i)||/||b|| 1.2403922199080296e-04
420 MLA ||r(i)||/||b|| 1.2082674438844682e-04
421 MLA ||r(i)||/||b|| 1.1769761741279750e-04
422 MLA ||r(i)||/||b|| 1.1464968878931426e-04
423 MLA ||r(i)||/||b|| 1.1168086299696577e-04
424 MLA ||r(i)||/||b|| 1.0878907301026188e-04
425 MLA ||r(i)||/||b|| 1.0597232839201987e-04
426 MLA ||r(i)||/||b|| 1.0322863276894264e-04
427 MLA ||r(i)||/||b|| 1.0055613995425621e-04
428 MLA ||r(i)||/||b|| 9.7952930157079940e-05
429 MLA ||r(i)||/||b|| 9.5417297846169736e-05
430 MLA ||r(i)||/||b|| 9.2947475515031664e-05
431 MLA ||r(i)||/||b|| 9.0541649637399348e-05
432 MLA ||r(i)||/||b|| 8.8198264786040951e-05
433 MLA ||r(i)||/||b|| 8.5915691128634852e-05
434 MLA ||r(i)||/||b|| 8.3692307937724647e-05
435 MLA ||r(i)||/||b|| 8.1526524256107403e-05
436 MLA ||r(i)||/||b|| 7.9416975265255856e-05
437 MLA ||r(i)||/||b|| 7.7362160700130173e-05
438 MLA ||r(i)||/||b|| 7.5360581438026954e-05
439 MLA ||r(i)||/||b|| 7.3410954329769713e-05
440 MLA ||r(i)||/||b|| 7.1511857327073470e-05
441 MLA ||r(i)||/||b|| 6.9662047695609952e-05
442 MLA ||r(i)||/||b|| 6.7860191895064594e-05
443 MLA ||r(i)||/||b|| 6.6105048133322487e-05
444 MLA ||r(i)||/||b|| 6.4395369403335445e-05
445 MLA ||r(i)||/||b|| 6.2730023676041316e-05
446 MLA ||r(i)||/||b|| 6.1107893712107259e-05
447 MLA ||r(i)||/||b|| 5.9527832180216611e-05
448 MLA ||r(i)||/||b|| 5.7988761247342636e-05
449 MLA ||r(i)||/||b|| 5.6489490284098856e-05
450 MLA ||r(i)||/||b|| 5.5029153654813121e-05
451 MLA ||r(i)||/||b|| 5.3606624760655050e-05
452 MLA ||r(i)||/||b|| 5.2221013038729520e-05
453 MLA ||r(i)||/||b|| 5.0871224604148175e-05
454 MLA ||r(i)||/||b|| 4.9556487956545054e-05
455 MLA ||r(i)||/||b|| 4.8275841096540521e-05
456 MLA ||r(i)||/||b|| 4.7028347337931797e-05
457 MLA ||r(i)||/||b|| 4.5813194277570895e-05
458 MLA ||r(i)||/||b|| 4.4629532571722748e-05
459 MLA ||r(i)||/||b|| 4.3476569499492739e-05
460 MLA ||r(i)||/||b|| 4.2353391200075662e-05
461 MLA ||r(i)||/||b|| 4.1259405009717311e-05
462 MLA ||r(i)||/||b|| 4.0193666036142172e-05
463 MLA ||r(i)||/||b|| 3.9155674102518604e-05
464 MLA ||r(i)||/||b|| 3.8144463239584935e-05
465 MLA ||r(i)||/||b|| 3.7159466414495331e-05
466 MLA ||r(i)||/||b|| 3.6199962487072962e-05
467 MLA ||r(i)||/||b|| 3.5265294039266523e-05
468 MLA ||r(i)||/||b|| 3.4354885777237342e-05
469 MLA ||r(i)||/||b|| 3.3468025913739476e-05
470 MLA ||r(i)||/||b|| 3.2604152411714632e-05
471 MLA ||r(i)||/||b|| 3.1762669668362130e-05
472 MLA ||r(i)||/||b|| 3.0942877790045453e-05
473 MLA ||r(i)||/||b|| 3.0144403320307410e-05
474 MLA ||r(i)||/||b|| 2.9366548009095188e-05
475 MLA ||r(i)||/||b|| 2.8608841157895109e-05
476 MLA ||r(i)||/||b|| 2.7870776822958389e-05
477 MLA ||r(i)||/||b|| 2.7151777194238130e-05
478 MLA ||r(i)||/||b|| 2.6451409443367829e-05
479 MLA ||r(i)||/||b|| 2.5769166596946674e-05
480 MLA ||r(i)||/||b|| 2.5104573105221322e-05
481 MLA ||r(i)||/||b|| 2.4457234019179940e-05
482 MLA ||r(i)||/||b|| 2.3826544866336354e-05
483 MLA ||r(i)||/||b|| 2.3212218792115333e-05
484 MLA ||r(i)||/||b|| 2.2613832531216524e-05
485 MLA ||r(i)||/||b|| 2.2030920189521329e-05
486 MLA ||r(i)||/||b|| 2.1463007443267131e-05
487 MLA ||r(i)||/||b|| 2.0909790871365385e-05
488 MLA ||r(i)||/||b|| 2.0370980101873707e-05
489 MLA ||r(i)||/||b|| 1.9846013343236468e-05
490 MLA ||r(i)||/||b|| 1.9334719511039140e-05
491 MLA ||r(i)||/||b|| 1.8836530836258384e-05
492 MLA ||r(i)||/||b|| 1.8351318936637985e-05
493 MLA ||r(i)||/||b|| 1.7878618062282720e-05
494 MLA ||r(i)||/||b|| 1.7418127096982659e-05
495 MLA ||r(i)||/||b|| 1.6969534976746723e-05
496 MLA ||r(i)||/||b|| 1.6532556189083186e-05
497 MLA ||r(i)||/||b|| 1.6106888906646493e-05
498 MLA ||r(i)||/||b|| 1.5692207663606402e-05
499 MLA ||r(i)||/||b|| 1.5288196797812458e-05
500 MLA ||r(i)||/||b|| 1.4894704365697369e-05
501 MLA ||r(i)||/||b|| 1.4511322276524871e-05
502 MLA ||r(i)||/||b|| 1.4137947313040312e-05
503 MLA ||r(i)||/||b|| 1.3774086995271630e-05
504 MLA ||r(i)||/||b|| 1.3419776631107733e-05
505 MLA ||r(i)||/||b|| 1.3074492125174879e-05
506 MLA ||r(i)||/||b|| 1.2738118337412781e-05
507 MLA ||r(i)||/||b|| 1.2410474962066318e-05
508 MLA ||r(i)||/||b|| 1.2091322309446102e-05
509 MLA ||r(i)||/||b|| 1.1780394004758126e-05
510 MLA ||r(i)||/||b|| 1.1477494588389877e-05
511 MLA ||r(i)||/||b|| 1.1182369058684342e-05
512 MLA ||r(i)||/||b|| 1.0894918025868792e-05
513 MLA ||r(i)||/||b|| 1.0614868282976237e-05
514 MLA ||r(i)||/||b|| 1.0342064103395140e-05
515 MLA ||r(i)||/||b|| 1.0076255256667160e-05
516 MLA ||r(i)||/||b|| 9.8174000664502872e-06
517 MLA ||r(i)||/||b|| 9.5651147130784857e-06
518 MLA ||r(i)||/||b|| 9.3193964406392904e-06
519 MLA ||r(i)||/||b|| 9.0800324285855477e-06
520 MLA ||r(i)||/||b|| 8.8467942071976403e-06
521 MLA ||r(i)||/||b|| 8.6196038945728877e-06
522 MLA ||r(i)||/||b|| 8.3982857884351194e-06
523 MLA ||r(i)||/||b|| 8.1826358876113101e-06
524 MLA ||r(i)||/||b|| 7.9725672767798082e-06
525 MLA ||r(i)||/||b|| 7.7679579729712711e-06
526 MLA ||r(i)||/||b|| 7.5685884585500845e-06
527 MLA ||r(i)||/||b|| 7.3743959730714444e-06
528 MLA ||r(i)||/||b|| 7.1851391891361485e-06
529 MLA ||r(i)||/||b|| 7.0008284575548940e-06
530 MLA ||r(i)||/||b|| 6.8212306178974479e-06
531 MLA ||r(i)||/||b|| 6.6462735464284561e-06
532 MLA ||r(i)||/||b|| 6.4758371412565721e-06
533 MLA ||r(i)||/||b|| 6.3097727248908303e-06
534 MLA ||r(i)||/||b|| 6.1479568076733640e-06
535 MLA ||r(i)||/||b|| 5.9903326668432558e-06
536 MLA ||r(i)||/||b|| 5.8367811404951021e-06
537 MLA ||r(i)||/||b|| 5.6872738742755640e-06
538 MLA ||r(i)||/||b|| 5.5415016089370007e-06
539 MLA ||r(i)||/||b|| 5.3995092084300878e-06
540 MLA ||r(i)||/||b|| 5.2611479535376653e-06
541 MLA ||r(i)||/||b|| 5.1263980712517916e-06
542 MLA ||r(i)||/||b|| 4.9950867897507728e-06
543 MLA ||r(i)||/||b|| 4.8671694589276990e-06
544 MLA ||r(i)||/||b|| 4.7425837912688528e-06
545 MLA ||r(i)||/||b|| 4.6211525189350293e-06
546 MLA ||r(i)||/||b|| 4.5028368172522358e-06
547 MLA ||r(i)||/||b|| 4.3875618981737762e-06
548 MLA ||r(i)||/||b|| 4.2753162760933029e-06
549 MLA ||r(i)||/||b|| 4.1658897647712920e-06
550 MLA ||r(i)||/||b|| 4.0593093599188004e-06
551 MLA ||r(i)||/||b|| 3.9554466209309718e-06
552 MLA ||r(i)||/||b|| 3.8543438136195869e-06
553 MLA ||r(i)||/||b|| 3.7557111487971381e-06
554 MLA ||r(i)||/||b|| 3.6597024394391425e-06
555 MLA ||r(i)||/||b|| 3.5662029841059431e-06
556 MLA ||r(i)||/||b|| 3.4749472788756154e-06
557 MLA ||r(i)||/||b|| 3.3861804018350904e-06
558 MLA ||r(i)||/||b|| 3.2996542972025760e-06
559 MLA ||r(i)||/||b|| 3.2153360318165765e-06
560 MLA ||r(i)||/||b|| 3.1332127169280384e-06
561 MLA ||r(i)||/||b|| 3.0531530030562876e-06
562 MLA ||r(i)||/||b|| 2.9751709526119533e-06
563 MLA ||r(i)||/||b|| 2.8991696778714522e-06
564 MLA ||r(i)||/||b|| 2.8251639222772380e-06
565 MLA ||r(i)||/||b|| 2.7530839118869821e-06
566 MLA ||r(i)||/||b|| 2.6827646237237190e-06
567 MLA ||r(i)||/||b|| 2.6143024251032452e-06
568 MLA ||r(i)||/||b|| 2.5476342099235364e-06
569 MLA ||r(i)||/||b|| 2.4826075123116712e-06
570 MLA ||r(i)||/||b|| 2.4193326070585246e-06
571 MLA ||r(i)||/||b|| 2.3575756892240621e-06
572 MLA ||r(i)||/||b|| 2.2974722059415071e-06
573 MLA ||r(i)||/||b|| 2.2388768414578366e-06
574 MLA ||r(i)||/||b|| 2.1818309319929645e-06
575 MLA ||r(i)||/||b|| 2.1261972772424215e-06
576 MLA ||r(i)||/||b|| 2.0720214377723869e-06
577 MLA ||r(i)||/||b|| 2.0192343499075052e-06
578 MLA ||r(i)||/||b|| 1.9678024837219243e-06
579 MLA ||r(i)||/||b|| 1.9177031891148834e-06
580 MLA ||r(i)||/||b|| 1.8688221053154438e-06
581 MLA ||r(i)||/||b|| 1.8212065207368403e-06
582 MLA ||r(i)||/||b|| 1.7748291956142817e-06
583 MLA ||r(i)||/||b|| 1.7296647030713171e-06
584 MLA ||r(i)||/||b|| 1.6856690959055087e-06
585 MLA ||r(i)||/||b|| 1.6427882606869303e-06
586 MLA ||r(i)||/||b|| 1.6009632124664714e-06
587 MLA ||r(i)||/||b|| 1.5603118135176795e-06
588 MLA ||r(i)||/||b|| 1.5205124268280233e-06
589 MLA ||r(i)||/||b|| 1.4818341166979067e-06
590 MLA ||r(i)||/||b|| 1.4442740736985008e-06
591 MLA ||r(i)||/||b|| 1.4074962510225380e-06
592 MLA ||r(i)||/||b|| 1.3717173742928174e-06
593 MLA ||r(i)||/||b|| 1.3368755089605482e-06
594 MLA ||r(i)||/||b|| 1.3028953241535442e-06
595 MLA ||r(i)||/||b|| 1.2698094968052666e-06
596 MLA ||r(i)||/||b|| 1.2375205193438435e-06
597 MLA ||r(i)||/||b|| 1.2061183976255301e-06
598 MLA ||r(i)||/||b|| 1.1755447602270086e-06
599 MLA ||r(i)||/||b|| 1.1457254534597667e-06
600 MLA ||r(i)||/||b|| 1.1165806806754654e-06
601 MLA ||r(i)||/||b|| 1.0882045137064691e-06
602 MLA ||r(i)||/||b|| 1.0606527345502196e-06
603 MLA ||r(i)||/||b|| 1.0338037987399584e-06
604 MLA ||r(i)||/||b|| 1.0075182871224247e-06
605 MLA ||r(i)||/||b|| 9.8193712342666464e-07
606 MLA ||r(i)||/||b|| 9.5708130667542944e-07
607 MLA ||r(i)||/||b|| 9.3282838848092609e-07
608 MLA ||r(i)||/||b|| 9.0916687345450932e-07
609 MLA ||r(i)||/||b|| 8.8609717231334627e-07
610 MLA ||r(i)||/||b|| 8.6366386556613319e-07
611 MLA ||r(i)||/||b|| 8.4174423863064609e-07
612 MLA ||r(i)||/||b|| 8.2047782683865616e-07
613 MLA ||r(i)||/||b|| 7.9968238049623889e-07
614 MLA ||r(i)||/||b|| 7.7950594870756187e-07
615 MLA ||r(i)||/||b|| 7.5975021618673461e-07
616 MLA ||r(i)||/||b|| 7.4056994823363582e-07
617 MLA ||r(i)||/||b|| 7.2179087319945916e-07
618 MLA ||r(i)||/||b|| 7.0351393021265053e-07
619 MLA ||r(i)||/||b|| 6.8569676224744137e-07
620 MLA ||r(i)||/||b|| 6.6838898342135843e-07
621 MLA ||r(i)||/||b|| 6.5148750310342856e-07
622 MLA ||r(i)||/||b|| 6.3505898189357352e-07
623 MLA ||r(i)||/||b|| 6.1896959529237571e-07
624 MLA ||r(i)||/||b|| 6.0340263221730464e-07
625 MLA ||r(i)||/||b|| 5.8812869789185131e-07
626 MLA ||r(i)||/||b|| 5.7321929051414239e-07
627 MLA ||r(i)||/||b|| 5.5879612153533876e-07
628 MLA ||r(i)||/||b|| 5.4471375499398922e-07
629 MLA ||r(i)||/||b|| 5.3095822277964813e-07
630 MLA ||r(i)||/||b|| 5.1756828726977446e-07
631 MLA ||r(i)||/||b|| 5.0445613434651759e-07
632 MLA ||r(i)||/||b|| 4.9173226914039661e-07
633 MLA ||r(i)||/||b|| 4.7939347728837540e-07
634 MLA ||r(i)||/||b|| 4.6731023945266064e-07
635 MLA ||r(i)||/||b|| 4.5551232804416875e-07
636 MLA ||r(i)||/||b|| 4.4404771252146987e-07
637 MLA ||r(i)||/||b|| 4.3283496019248468e-07
638 MLA ||r(i)||/||b|| 4.2189179860869575e-07
639 MLA ||r(i)||/||b|| 4.1129882517537352e-07
640 MLA ||r(i)||/||b|| 4.0094193604567580e-07
641 MLA ||r(i)||/||b|| 3.9090013653345071e-07
642 MLA ||r(i)||/||b|| 3.8100881404575067e-07
643 MLA ||r(i)||/||b|| 3.7142796327411729e-07
644 MLA ||r(i)||/||b|| 3.6206816765735107e-07
645 MLA ||r(i)||/||b|| 3.5299370733028360e-07
646 MLA ||r(i)||/||b|| 3.4411232918626642e-07
647 MLA ||r(i)||/||b|| 3.3550222841074379e-07
648 MLA ||r(i)||/||b|| 3.2702661056818173e-07
649 MLA ||r(i)||/||b|| 3.1881166547673570e-07
650 MLA ||r(i)||/||b|| 3.1082631060315580e-07
651 MLA ||r(i)||/||b|| 3.0298998887628470e-07
652 MLA ||r(i)||/||b|| 2.9543072670576350e-07
653 MLA ||r(i)||/||b|| 2.8797051210715116e-07
654 MLA ||r(i)||/||b|| 2.8073380624588561e-07
655 MLA ||r(i)||/||b|| 2.7371979498437430e-07
656 MLA ||r(i)||/||b|| 2.6682656869720839e-07
657 MLA ||r(i)||/||b|| 2.6015497948095083e-07
658 MLA ||r(i)||/||b|| 2.5368106715449911e-07
659 MLA ||r(i)||/||b|| 2.4726802213570780e-07
660 MLA ||r(i)||/||b|| 2.4104832276530407e-07
661 MLA ||r(i)||/||b|| 2.3499956746624745e-07
662 MLA ||r(i)||/||b|| 2.2910013684067538e-07
663 MLA ||r(i)||/||b|| 2.2339984600412314e-07
664 MLA ||r(i)||/||b|| 2.1780669338291240e-07
665 MLA ||r(i)||/||b|| 2.1239542767386292e-07
666 MLA ||r(i)||/||b|| 2.0705500609367257e-07
667 MLA ||r(i)||/||b|| 2.0185725364397966e-07
668 MLA ||r(i)||/||b|| 1.9680407022730556e-07
669 MLA ||r(i)||/||b|| 1.9189803528247126e-07
670 MLA ||r(i)||/||b|| 1.8711790226175588e-07
671 MLA ||r(i)||/||b|| 1.8238630204095826e-07
672 MLA ||r(i)||/||b|| 1.7783830455285679e-07
673 MLA ||r(i)||/||b|| 1.7341163330290894e-07
674 MLA ||r(i)||/||b|| 1.6915137441167827e-07
675 MLA ||r(i)||/||b|| 1.6491822207967529e-07
676 MLA ||r(i)||/||b|| 1.6080426300873827e-07
677 MLA ||r(i)||/||b|| 1.5684204682316015e-07
678 MLA ||r(i)||/||b|| 1.5281024458272573e-07
679 MLA ||r(i)||/||b|| 1.4902210986655533e-07
680 MLA ||r(i)||/||b|| 1.4529294006480098e-07
681 MLA ||r(i)||/||b|| 1.4167852371004479e-07
682 MLA ||r(i)||/||b|| 1.3815970607633512e-07
683 MLA ||r(i)||/||b|| 1.3473370238991025e-07
684 MLA ||r(i)||/||b|| 1.3137172661882772e-07
685 MLA ||r(i)||/||b|| 1.2812107810771753e-07
686 MLA ||r(i)||/||b|| 1.2491801199506783e-07
687 MLA ||r(i)||/||b|| 1.2182176758103016e-07
688 MLA ||r(i)||/||b|| 1.1877325674232622e-07
689 MLA ||r(i)||/||b|| 1.1583389496625343e-07
690 MLA ||r(i)||/||b|| 1.1296373581978016e-07
691 MLA ||r(i)||/||b|| 1.1016816629637489e-07
692 MLA ||r(i)||/||b|| 1.0739937182909130e-07
693 MLA ||r(i)||/||b|| 1.0477371548069110e-07
694 MLA ||r(i)||/||b|| 1.0215634912453949e-07
695 MLA ||r(i)||/||b|| 9.9648459808194466e-08
696 MLA ||r(i)||/||b|| 9.7188539822126122e-08
697 MLA ||r(i)||/||b|| 9.4767943470478743e-08
698 MLA ||r(i)||/||b|| 9.2411773264982178e-08
699 MLA ||r(i)||/||b|| 9.0116052927278613e-08
700 MLA ||r(i)||/||b|| 8.7916125910493961e-08
701 MLA ||r(i)||/||b|| 8.5750596151866484e-08
702 MLA ||r(i)||/||b|| 8.3584127974618820e-08
703 MLA ||r(i)||/||b|| 8.1561198594867892e-08
704 MLA ||r(i)||/||b|| 7.9552173286585010e-08
705 MLA ||r(i)||/||b|| 7.7522825443527878e-08
706 MLA ||r(i)||/||b|| 7.5625253314032100e-08
707 MLA ||r(i)||/||b|| 7.3809854380123833e-08
708 MLA ||r(i)||/||b|| 7.1941250425786908e-08
709 MLA ||r(i)||/||b|| 7.0169272374108425e-08
710 MLA ||r(i)||/||b|| 6.8415130200796521e-08
711 MLA ||r(i)||/||b|| 6.6716806460977577e-08
712 MLA ||r(i)||/||b|| 6.5143646713805084e-08
713 MLA ||r(i)||/||b|| 6.3538919692965338e-08
714 MLA ||r(i)||/||b|| 6.1972944156581112e-08
715 MLA ||r(i)||/||b|| 6.0407945160746557e-08
716 MLA ||r(i)||/||b|| 5.8925024894815678e-08
717 MLA ||r(i)||/||b|| 5.7577600162058690e-08
718 MLA ||r(i)||/||b|| 5.6129083707699398e-08
719 MLA ||r(i)||/||b|| 5.4789943366425376e-08
720 MLA ||r(i)||/||b|| 5.3421874164010056e-08
721 MLA ||r(i)||/||b|| 5.2085184611785652e-08
722 MLA ||r(i)||/||b|| 5.0824788922023188e-08
723 MLA ||r(i)||/||b|| 4.9596323307775883e-08
724 MLA ||r(i)||/||b|| 4.8321811746290128e-08
725 MLA ||r(i)||/||b|| 4.7213067105525766e-08
726 MLA ||r(i)||/||b|| 4.6106724184353593e-08
727 MLA ||r(i)||/||b|| 4.4822624895453542e-08
728 MLA ||r(i)||/||b|| 4.3837673429626960e-08
729 MLA ||r(i)||/||b|| 4.2734069506267658e-08
730 MLA ||r(i)||/||b|| 4.1728009756152818e-08
731 MLA ||r(i)||/||b|| 4.0725197240909255e-08
732 MLA ||r(i)||/||b|| 3.9651550547520402e-08
733 MLA ||r(i)||/||b|| 3.8757457465310758e-08
734 MLA ||r(i)||/||b|| 3.7815232486994234e-08
735 MLA ||r(i)||/||b|| 3.6939527633847417e-08
736 MLA ||r(i)||/||b|| 3.6020899314787565e-08
737 MLA ||r(i)||/||b|| 3.5107031585661064e-08
738 MLA ||r(i)||/||b|| 3.4298668662918413e-08
739 MLA ||r(i)||/||b|| 3.3469830428700295e-08
740 MLA ||r(i)||/||b|| 3.2647303606398565e-08
741 MLA ||r(i)||/||b|| 3.1929418847525757e-08
742 MLA ||r(i)||/||b|| 3.1121333887523228e-08
743 MLA ||r(i)||/||b|| 3.0367515820940003e-08
744 MLA ||r(i)||/||b|| 2.9649685426850385e-08
745 MLA ||r(i)||/||b|| 2.8979263580830300e-08
746 MLA ||r(i)||/||b|| 2.8245658705498550e-08
747 MLA ||r(i)||/||b|| 2.7588637793042869e-08
748 MLA ||r(i)||/||b|| 2.6944496059767951e-08
749 MLA ||r(i)||/||b|| 2.6263609808952077e-08
750 MLA ||r(i)||/||b|| 2.5693371121139750e-08
751 MLA ||r(i)||/||b|| 2.5107079831217710e-08
752 MLA ||r(i)||/||b|| 2.4499002668609762e-08
753 MLA ||r(i)||/||b|| 2.3904818073546709e-08
754 MLA ||r(i)||/||b|| 2.3365514846290767e-08
755 MLA ||r(i)||/||b|| 2.2890611403870816e-08
756 MLA ||r(i)||/||b|| 2.2351319376279946e-08
757 MLA ||r(i)||/||b|| 2.1823878160870795e-08
758 MLA ||r(i)||/||b|| 2.1296422457091146e-08
759 MLA ||r(i)||/||b|| 2.0824838886743252e-08
760 MLA ||r(i)||/||b|| 2.0349149234149570e-08
761 MLA ||r(i)||/||b|| 1.9820907783827795e-08
762 MLA ||r(i)||/||b|| 1.9356244723058207e-08
763 MLA ||r(i)||/||b|| 1.9040167581544711e-08
764 MLA ||r(i)||/||b|| 1.8533645286684771e-08
765 MLA ||r(i)||/||b|| 1.8088849847068025e-08
766 MLA ||r(i)||/||b|| 1.7683728308404263e-08
767 MLA ||r(i)||/||b|| 1.7304014908280849e-08
768 MLA ||r(i)||/||b|| 1.6967708487598169e-08
769 MLA ||r(i)||/||b|| 1.6647628080943043e-08
770 MLA ||r(i)||/||b|| 1.6162722200116412e-08
771 MLA ||r(i)||/||b|| 1.5815145300421248e-08
772 MLA ||r(i)||/||b|| 1.5567270586597411e-08
773 MLA ||r(i)||/||b|| 1.5116635459871265e-08
774 MLA ||r(i)||/||b|| 1.4832298658550990e-08
775 MLA ||r(i)||/||b|| 1.4502912260293345e-08
776 MLA ||r(i)||/||b|| 1.4123743876558842e-08
777 MLA ||r(i)||/||b|| 1.3905453166950435e-08
778 MLA ||r(i)||/||b|| 1.3582396277294011e-08
779 MLA ||r(i)||/||b|| 1.3250022028915683e-08
780 MLA ||r(i)||/||b|| 1.3045215585763922e-08
781 MLA ||r(i)||/||b|| 1.2738148532335043e-08
782 MLA ||r(i)||/||b|| 1.2490479815973015e-08
783 MLA ||r(i)||/||b|| 1.2244565319775897e-08
784 MLA ||r(i)||/||b|| 1.1958874793455666e-08
785 MLA ||r(i)||/||b|| 1.1716415712176539e-08
786 MLA ||r(i)||/||b|| 1.1472665176604969e-08
787 MLA ||r(i)||/||b|| 1.1246364719282534e-08
788 MLA ||r(i)||/||b|| 1.1051604971581821e-08
789 MLA ||r(i)||/||b|| 1.0840779581093029e-08
790 MLA ||r(i)||/||b|| 1.0662198656088461e-08
791 MLA ||r(i)||/||b|| 1.0449439160360399e-08
792 MLA ||r(i)||/||b|| 1.0187562345595990e-08
793 MLA ||r(i)||/||b|| 1.0010402587548229e-08
794 MLA ||r(i)||/||b|| 9.9211082129171728e-09
>>>> mla solve time: 63.7764 (s)
  0 KSP unpreconditioned resid norm 3.645678991486e-01 true resid norm 3.645678991486e-01 ||r(i)||/||b|| 1.000000000000e+00
  1 KSP unpreconditioned resid norm 4.096753232283e+00 true resid norm 4.096753232283e+00 ||r(i)||/||b|| 1.123728458224e+01
  2 KSP unpreconditioned resid norm 9.303988782894e+00 true resid norm 9.303988782894e+00 ||r(i)||/||b|| 2.552059247296e+01
  3 KSP unpreconditioned resid norm 6.175285311563e+00 true resid norm 6.175285311563e+00 ||r(i)||/||b|| 1.693864250249e+01
  4 KSP unpreconditioned resid norm 8.959941962849e+00 true resid norm 8.959941962849e+00 ||r(i)||/||b|| 2.457688124427e+01
  5 KSP unpreconditioned resid norm 7.552871047390e+00 true resid norm 7.552871047390e+00 ||r(i)||/||b|| 2.071732334368e+01
  6 KSP unpreconditioned resid norm 8.338096615100e+00 true resid norm 8.338096615100e+00 ||r(i)||/||b|| 2.287117608152e+01
  7 KSP unpreconditioned resid norm 7.994919308132e+00 true resid norm 7.994919308132e+00 ||r(i)||/||b|| 2.192984990396e+01
  8 KSP unpreconditioned resid norm 8.968707369634e+00 true resid norm 8.968707369634e+00 ||r(i)||/||b|| 2.460092452072e+01
  9 KSP unpreconditioned resid norm 8.075375527469e+00 true resid norm 8.075375527469e+00 ||r(i)||/||b|| 2.215053916246e+01
 10 KSP unpreconditioned resid norm 8.631805293316e+00 true resid norm 8.631805293316e+00 ||r(i)||/||b|| 2.367681113305e+01
 11 KSP unpreconditioned resid norm 9.290806130859e+00 true resid norm 9.290806130859e+00 ||r(i)||/||b|| 2.548443281088e+01
 12 KSP unpreconditioned resid norm 8.496372665520e+00 true resid norm 8.496372665520e+00 ||r(i)||/||b|| 2.330532305604e+01
 13 KSP unpreconditioned resid norm 9.415535926571e+00 true resid norm 9.415535926571e+00 ||r(i)||/||b|| 2.582656330565e+01
 14 KSP unpreconditioned resid norm 1.010131049948e+01 true resid norm 1.010131049948e+01 ||r(i)||/||b|| 2.770762462376e+01
 15 KSP unpreconditioned resid norm 9.467792857984e+00 true resid norm 9.467792857984e+00 ||r(i)||/||b|| 2.596990267134e+01
 16 KSP unpreconditioned resid norm 8.991851536670e+00 true resid norm 8.991851536670e+00 ||r(i)||/||b|| 2.466440835210e+01
 17 KSP unpreconditioned resid norm 9.301740964553e+00 true resid norm 9.301740964553e+00 ||r(i)||/||b|| 2.551442676735e+01
 18 KSP unpreconditioned resid norm 1.031575981809e+01 true resid norm 1.031575981809e+01 ||r(i)||/||b|| 2.829585337101e+01
 19 KSP unpreconditioned resid norm 1.195808195113e+01 true resid norm 1.195808195113e+01 ||r(i)||/||b|| 3.280069907156e+01
 20 KSP unpreconditioned resid norm 1.051705218534e+01 true resid norm 1.051705218534e+01 ||r(i)||/||b|| 2.884799295248e+01
>>>> ksp solve time: 0.126657 (s)
            || b ||_2 = 3.6456789914864118e-01
|| r ||_2 / || b ||_2 = 2.8847992952476069e+01
