Config file: ../input/config/mla_v_cycle-refine3.json
order_rbm = 1
angle_type = 1
==== basic information of linear system ====
matrix Row = 73482, matrix Column = 73482
matrix nz_allocated = 1513726, matrix nz_used = 1513726, matrix nz_unneeded = 0
vector Row = 73482
initial     || b ||_2 = 3.6456789914864118e-01
>>>>local_vec_size = 73482
>>>>~~~~ local_mat_m = 73482, local_mat_n = 73482
            || b ||_2 = 3.6456789914864118e-01
|| r ||_2 / || b ||_2 = 1.0000000000000000e+00


>>>>nodes in level 3 is 47, less than 100, setup DONE!>>>>


>>>> mla setup time: 0.84286 (s)
0 MLA ||r(i)||/||b|| 1.0000000000000000e+00
1 MLA ||r(i)||/||b|| 7.0466077583653430e+01
2 MLA ||r(i)||/||b|| 9.9758860303490437e+01
3 MLA ||r(i)||/||b|| 1.1499454637140479e+02
4 MLA ||r(i)||/||b|| 1.2314242377464525e+02
5 MLA ||r(i)||/||b|| 1.2733105859793540e+02
6 MLA ||r(i)||/||b|| 1.2931019083311628e+02
7 MLA ||r(i)||/||b|| 1.3021596487295295e+02
8 MLA ||r(i)||/||b|| 1.3091876106399397e+02
9 MLA ||r(i)||/||b|| 1.3223874933537917e+02
10 MLA ||r(i)||/||b|| 1.3512347486053693e+02
11 MLA ||r(i)||/||b|| 1.4082225426238506e+02
12 MLA ||r(i)||/||b|| 1.5105456343690713e+02
13 MLA ||r(i)||/||b|| 1.6813967667719439e+02
14 MLA ||r(i)||/||b|| 1.9506494508046700e+02
15 MLA ||r(i)||/||b|| 2.3554857598551470e+02
16 MLA ||r(i)||/||b|| 2.9422887505660219e+02
17 MLA ||r(i)||/||b|| 3.7707692321143418e+02
18 MLA ||r(i)||/||b|| 4.9203400162434514e+02
19 MLA ||r(i)||/||b|| 6.4985102854656134e+02
20 MLA ||r(i)||/||b|| 8.6516059007498438e+02
21 MLA ||r(i)||/||b|| 1.1578745698044054e+03
22 MLA ||r(i)||/||b|| 1.5550467428861120e+03
23 MLA ||r(i)||/||b|| 2.0933830755181007e+03
24 MLA ||r(i)||/||b|| 2.8226386731096968e+03
25 MLA ||r(i)||/||b|| 3.8102192615839558e+03
26 MLA ||r(i)||/||b|| 5.1474147650331352e+03
27 MLA ||r(i)||/||b|| 6.9578427334844655e+03
28 MLA ||r(i)||/||b|| 9.4088835824598718e+03
29 MLA ||r(i)||/||b|| 1.0407013849795132e+04
30 MLA ||r(i)||/||b|| 1.0487154303157273e+04
31 MLA ||r(i)||/||b|| 1.0663818881451893e+04
32 MLA ||r(i)||/||b|| 1.0118574893032401e+04
33 MLA ||r(i)||/||b|| 1.0099999335877035e+04
34 MLA ||r(i)||/||b|| 1.0095637376538312e+04
35 MLA ||r(i)||/||b|| 1.0094029525293983e+04
36 MLA ||r(i)||/||b|| 1.0093373572281367e+04
37 MLA ||r(i)||/||b|| 1.0093167634307196e+04
38 MLA ||r(i)||/||b|| 1.0093216267395317e+04
39 MLA ||r(i)||/||b|| 1.0093424046715807e+04
40 MLA ||r(i)||/||b|| 1.0093736757894932e+04
41 MLA ||r(i)||/||b|| 1.0094120381688332e+04
42 MLA ||r(i)||/||b|| 1.0094552117725716e+04
43 MLA ||r(i)||/||b|| 1.0095015980781915e+04
44 MLA ||r(i)||/||b|| 1.0095500404226608e+04
45 MLA ||r(i)||/||b|| 1.0095996831702283e+04
46 MLA ||r(i)||/||b|| 1.0096498839869684e+04
47 MLA ||r(i)||/||b|| 1.0097001566081575e+04
48 MLA ||r(i)||/||b|| 1.0097501320387028e+04
49 MLA ||r(i)||/||b|| 1.0097995313745831e+04
50 MLA ||r(i)||/||b|| 1.0098481462216931e+04
51 MLA ||r(i)||/||b|| 1.0098958242470686e+04
52 MLA ||r(i)||/||b|| 1.0099424583038257e+04
53 MLA ||r(i)||/||b|| 1.0099879781154576e+04
54 MLA ||r(i)||/||b|| 1.0100323438424175e+04
55 MLA ||r(i)||/||b|| 1.0100755410673759e+04
56 MLA ||r(i)||/||b|| 1.0101175768744062e+04
57 MLA ||r(i)||/||b|| 1.0101584767901348e+04
58 MLA ||r(i)||/||b|| 1.0101982824181601e+04
59 MLA ||r(i)||/||b|| 1.0102370496420383e+04
60 MLA ||r(i)||/||b|| 1.0102748473043062e+04
61 MLA ||r(i)||/||b|| 1.0103117562921569e+04
62 MLA ||r(i)||/||b|| 1.0103478689780874e+04
63 MLA ||r(i)||/||b|| 1.0103832889766429e+04
64 MLA ||r(i)||/||b|| 1.0104181311911647e+04
65 MLA ||r(i)||/||b|| 1.0104525221308881e+04
66 MLA ||r(i)||/||b|| 1.0104866004872596e+04
67 MLA ||r(i)||/||b|| 1.0105205179659251e+04
68 MLA ||r(i)||/||b|| 1.0105544403735812e+04
69 MLA ||r(i)||/||b|| 1.0105885489670267e+04
70 MLA ||r(i)||/||b|| 1.0106230420751117e+04
71 MLA ||r(i)||/||b|| 1.0106581370089889e+04
72 MLA ||r(i)||/||b|| 1.0106940722823174e+04
73 MLA ||r(i)||/||b|| 1.0107311101659865e+04
74 MLA ||r(i)||/||b|| 1.0107695396085252e+04
75 MLA ||r(i)||/||b|| 1.0108096795583841e+04
76 MLA ||r(i)||/||b|| 1.0108518827296230e+04
77 MLA ||r(i)||/||b|| 1.0108965398597626e+04
78 MLA ||r(i)||/||b|| 1.0109440845142088e+04
79 MLA ||r(i)||/||b|| 1.0109949985003286e+04
80 MLA ||r(i)||/||b|| 1.0110498179618509e+04
81 MLA ||r(i)||/||b|| 1.0111091402343896e+04
82 MLA ||r(i)||/||b|| 1.0111736315513526e+04
83 MLA ||r(i)||/||b|| 1.0112440357034498e+04
84 MLA ||r(i)||/||b|| 1.0113211837643652e+04
85 MLA ||r(i)||/||b|| 1.0114060050131016e+04
86 MLA ||r(i)||/||b|| 1.0114995391953173e+04
87 MLA ||r(i)||/||b|| 1.0116029502862120e+04
88 MLA ||r(i)||/||b|| 1.0117175419353411e+04
89 MLA ||r(i)||/||b|| 1.0118447747955293e+04
90 MLA ||r(i)||/||b|| 1.0119862859624634e+04
91 MLA ||r(i)||/||b|| 1.0121439107775339e+04
92 MLA ||r(i)||/||b|| 1.0123197072748977e+04
93 MLA ||r(i)||/||b|| 1.0125159835883456e+04
94 MLA ||r(i)||/||b|| 1.0127353286664673e+04
95 MLA ||r(i)||/||b|| 1.0129806466862579e+04
96 MLA ||r(i)||/||b|| 1.0132551955961557e+04
97 MLA ||r(i)||/||b|| 1.0135626302676237e+04
98 MLA ||r(i)||/||b|| 1.0139070507856188e+04
99 MLA ||r(i)||/||b|| 1.0142930564627781e+04
100 MLA ||r(i)||/||b|| 1.0147258062220799e+04
101 MLA ||r(i)||/||b|| 1.0152110860566436e+04
102 MLA ||r(i)||/||b|| 1.0157553843422471e+04
103 MLA ||r(i)||/||b|| 1.0163659758503525e+04
104 MLA ||r(i)||/||b|| 1.0170510153814628e+04
105 MLA ||r(i)||/||b|| 1.0178196420155420e+04
106 MLA ||r(i)||/||b|| 1.0186820950498193e+04
107 MLA ||r(i)||/||b|| 1.0196498427698745e+04
108 MLA ||r(i)||/||b|| 1.0207357252662470e+04
109 MLA ||r(i)||/||b|| 1.0219541125707445e+04
110 MLA ||r(i)||/||b|| 1.0233210794354462e+04
111 MLA ||r(i)||/||b|| 1.0248545981045392e+04
112 MLA ||r(i)||/||b|| 1.0265747504377687e+04
113 MLA ||r(i)||/||b|| 1.0285039607140234e+04
114 MLA ||r(i)||/||b|| 1.0306672503754842e+04
115 MLA ||r(i)||/||b|| 1.0330925158485952e+04
116 MLA ||r(i)||/||b|| 1.0358108303891991e+04
117 MLA ||r(i)||/||b|| 1.0388567706324538e+04
118 MLA ||r(i)||/||b|| 1.0422687681653473e+04
119 MLA ||r(i)||/||b|| 1.0460894859723941e+04
120 MLA ||r(i)||/||b|| 1.0503662190161767e+04
121 MLA ||r(i)||/||b|| 1.0551513174964606e+04
122 MLA ||r(i)||/||b|| 1.0605026304790295e+04
123 MLA ||r(i)||/||b|| 1.0664839666021449e+04
124 MLA ||r(i)||/||b|| 1.0731655674664949e+04
125 MLA ||r(i)||/||b|| 1.0806245881266554e+04
126 MLA ||r(i)||/||b|| 1.0889455778702217e+04
127 MLA ||r(i)||/||b|| 1.0982209532670069e+04
128 MLA ||r(i)||/||b|| 1.1085514543845356e+04
129 MLA ||r(i)||/||b|| 1.1200465742133372e+04
130 MLA ||r(i)||/||b|| 1.1328249508578645e+04
131 MLA ||r(i)||/||b|| 1.1470147120758704e+04
132 MLA ||r(i)||/||b|| 1.1627537624329205e+04
133 MLA ||r(i)||/||b|| 1.1801900048075111e+04
134 MLA ||r(i)||/||b|| 1.1994814903234615e+04
135 MLA ||r(i)||/||b|| 1.2207964940196731e+04
136 MLA ||r(i)||/||b|| 1.2443135176298085e+04
137 MLA ||r(i)||/||b|| 1.2702212255664361e+04
138 MLA ||r(i)||/||b|| 1.2987183253116265e+04
139 MLA ||r(i)||/||b|| 1.3300134085383454e+04
140 MLA ||r(i)||/||b|| 1.3643247739852855e+04
141 MLA ||r(i)||/||b|| 1.4018802569350491e+04
142 MLA ||r(i)||/||b|| 1.4429170926852776e+04
143 MLA ||r(i)||/||b|| 1.4876818423490675e+04
144 MLA ||r(i)||/||b|| 1.5364304085237423e+04
145 MLA ||r(i)||/||b|| 1.5894281658577467e+04
146 MLA ||r(i)||/||b|| 1.6469502275471343e+04
147 MLA ||r(i)||/||b|| 1.7092818636918186e+04
148 MLA ||r(i)||/||b|| 1.7767190817242848e+04
149 MLA ||r(i)||/||b|| 1.8495693733261422e+04
150 MLA ||r(i)||/||b|| 1.9281526268616210e+04
151 MLA ||r(i)||/||b|| 2.0128021997995729e+04
152 MLA ||r(i)||/||b|| 2.1038661421354784e+04
153 MLA ||r(i)||/||b|| 2.2017085596024514e+04
154 MLA ||r(i)||/||b|| 2.3067111044689234e+04
155 MLA ||r(i)||/||b|| 2.4192745818442912e+04
156 MLA ||r(i)||/||b|| 2.5398206604625120e+04
157 MLA ||r(i)||/||b|| 2.6687936786533628e+04
158 MLA ||r(i)||/||b|| 2.8066625384050287e+04
159 MLA ||r(i)||/||b|| 2.9539226828510913e+04
160 MLA ||r(i)||/||b|| 3.1110981549958451e+04
161 MLA ||r(i)||/||b|| 3.2787437378871764e+04
162 MLA ||r(i)||/||b|| 3.4574471786585746e+04
163 MLA ||r(i)||/||b|| 3.6478315008392783e+04
164 MLA ||r(i)||/||b|| 3.8505574110490626e+04
165 MLA ||r(i)||/||b|| 4.0663258076605249e+04
166 MLA ||r(i)||/||b|| 4.2958804002422075e+04
167 MLA ||r(i)||/||b|| 4.5400104496254367e+04
168 MLA ||r(i)||/||b|| 4.7995536393051407e+04
169 MLA ||r(i)||/||b|| 5.0753990896172611e+04
170 MLA ||r(i)||/||b|| 5.3684905267845075e+04
171 MLA ||r(i)||/||b|| 5.6798296195037394e+04
172 MLA ||r(i)||/||b|| 6.0104794963036104e+04
173 MLA ||r(i)||/||b|| 6.3615684574449377e+04
174 MLA ||r(i)||/||b|| 6.7342938956931248e+04
175 MLA ||r(i)||/||b|| 7.1299264408771065e+04
176 MLA ||r(i)||/||b|| 7.5498143437716732e+04
177 MLA ||r(i)||/||b|| 7.9953881155158408e+04
178 MLA ||r(i)||/||b|| 8.4681654395104415e+04
179 MLA ||r(i)||/||b|| 8.9697563735353702e+04
180 MLA ||r(i)||/||b|| 9.5018688606904543e+04
181 MLA ||r(i)||/||b|| 1.0066314568703284e+05
182 MLA ||r(i)||/||b|| 1.0665015078162332e+05
183 MLA ||r(i)||/||b|| 1.1300008441330545e+05
184 MLA ||r(i)||/||b|| 1.1973456134373757e+05
185 MLA ||r(i)||/||b|| 1.2687650427104119e+05
186 MLA ||r(i)||/||b|| 1.3445022195701915e+05
187 MLA ||r(i)||/||b|| 1.4248149205324656e+05
188 MLA ||r(i)||/||b|| 1.5099764891070509e+05
189 MLA ||r(i)||/||b|| 1.6002767667415485e+05
190 MLA ||r(i)||/||b|| 1.6960230798006081e+05
191 MLA ||r(i)||/||b|| 1.7975412859568579e+05
192 MLA ||r(i)||/||b|| 1.9051768835688167e+05
193 MLA ||r(i)||/||b|| 2.0192961878339355e+05
194 MLA ||r(i)||/||b|| 2.1402875777292001e+05
195 MLA ||r(i)||/||b|| 2.2685628179923876e+05
196 MLA ||r(i)||/||b|| 2.4045584606497744e+05
197 MLA ||r(i)||/||b|| 2.5487373308666647e+05
198 MLA ||r(i)||/||b|| 2.7015901021822082e+05
199 MLA ||r(i)||/||b|| 2.8636369664944813e+05
200 MLA ||r(i)||/||b|| 3.0354294044821424e+05
201 MLA ||r(i)||/||b|| 3.2175520624915120e+05
202 MLA ||r(i)||/||b|| 3.4106247422787984e+05
203 MLA ||r(i)||/||b|| 3.6153045103813446e+05
204 MLA ||r(i)||/||b|| 3.8322879342985316e+05
205 MLA ||r(i)||/||b|| 4.0623134530936938e+05
206 MLA ||r(i)||/||b|| 4.3061638904866163e+05
207 MLA ||r(i)||/||b|| 4.5646691189895256e+05
208 MLA ||r(i)||/||b|| 4.8387088841551263e+05
209 MLA ||r(i)||/||b|| 5.1292157985476399e+05
210 MLA ||r(i)||/||b|| 5.4371785156279290e+05
211 MLA ||r(i)||/||b|| 5.7636450943538337e+05
212 MLA ||r(i)||/||b|| 6.1097265659464966e+05
213 MLA ||r(i)||/||b|| 6.4766007149622892e+05
214 MLA ||r(i)||/||b|| 6.8655160875373625e+05
215 MLA ||r(i)||/||b|| 7.2777962404471356e+05
216 MLA ||r(i)||/||b|| 7.7148442454400728e+05
217 MLA ||r(i)||/||b|| 8.1781474641762103e+05
218 MLA ||r(i)||/||b|| 8.6692826100198308e+05
219 MLA ||r(i)||/||b|| 9.1899211139134853e+05
220 MLA ||r(i)||/||b|| 9.7418348125936149e+05
221 MLA ||r(i)||/||b|| 1.0326901978507552e+06
222 MLA ||r(i)||/||b|| 1.0947113711950898e+06
223 MLA ||r(i)||/||b|| 1.1604580717181046e+06
224 MLA ||r(i)||/||b|| 1.2301540485566177e+06
225 MLA ||r(i)||/||b|| 1.3040364910216038e+06
226 MLA ||r(i)||/||b|| 1.3823568358007721e+06
227 MLA ||r(i)||/||b|| 1.4653816226479637e+06
228 MLA ||r(i)||/||b|| 1.5533934014710526e+06
229 MLA ||r(i)||/||b|| 1.6466916939057035e+06
230 MLA ||r(i)||/||b|| 1.7455940126473266e+06
231 MLA ||r(i)||/||b|| 1.8504369420101766e+06
232 MLA ||r(i)||/||b|| 1.9615772833908151e+06
233 MLA ||r(i)||/||b|| 2.0793932695345420e+06
234 MLA ||r(i)||/||b|| 2.2042858517368357e+06
235 MLA ||r(i)||/||b|| 2.3366800643606153e+06
236 MLA ||r(i)||/||b|| 2.4770264713129275e+06
237 MLA ||r(i)||/||b|| 2.6258026994037684e+06
238 MLA ||r(i)||/||b|| 2.7835150638054633e+06
239 MLA ||r(i)||/||b|| 2.9507002911441252e+06
240 MLA ||r(i)||/||b|| 3.1279273460873584e+06
241 MLA ||r(i)||/||b|| 3.3157993676444883e+06
242 MLA ||r(i)||/||b|| 3.5149557217690204e+06
243 MLA ||r(i)||/||b|| 3.7260741772483625e+06
244 MLA ||r(i)||/||b|| 3.9498732122860914e+06
245 MLA ||r(i)||/||b|| 4.1871144596268171e+06
246 MLA ||r(i)||/||b|| 4.4386052985440362e+06
