Config file: ../input/config/mla_v_cycle-refine3.json
order_rbm = 2
angle_type = 1
==== basic information of linear system ====
matrix Row = 73482, matrix Column = 73482
matrix nz_allocated = 1513726, matrix nz_used = 1513726, matrix nz_unneeded = 0
vector Row = 73482
initial     || b ||_2 = 3.6456789914864118e-01
>>>>local_vec_size = 73482
>>>>~~~~ local_mat_m = 73482, local_mat_n = 73482
            || b ||_2 = 3.6456789914864118e-01
|| r ||_2 / || b ||_2 = 1.0000000000000000e+00


>>>>nodes in level 3 is 47, less than 100, setup DONE!>>>>


>>>> mla setup time: 0.979449 (s)
0 MLA ||r(i)||/||b|| 1.0000000000000000e+00
1 MLA ||r(i)||/||b|| 5.8492928331999217e+00
2 MLA ||r(i)||/||b|| 4.6843869224137137e+01
3 MLA ||r(i)||/||b|| 1.3190175384433758e+02
4 MLA ||r(i)||/||b|| 5.5419332228531027e+02
5 MLA ||r(i)||/||b|| 3.0723571898105542e+03
6 MLA ||r(i)||/||b|| 4.2458589934315707e+04
7 MLA ||r(i)||/||b|| 1.7973035600772037e+06
8 MLA ||r(i)||/||b|| 7.6507009763015747e+07
9 MLA ||r(i)||/||b|| 3.2619508087404795e+09
10 MLA ||r(i)||/||b|| 1.3922876872387439e+11
11 MLA ||r(i)||/||b|| 5.9475749085194043e+12
12 MLA ||r(i)||/||b|| 2.5423081133255903e+14
13 MLA ||r(i)||/||b|| 1.0872588730269764e+16
14 MLA ||r(i)||/||b|| 4.6516656177627110e+17
15 MLA ||r(i)||/||b|| 1.9907646669901431e+19
16 MLA ||r(i)||/||b|| 8.5219786073652829e+20
17 MLA ||r(i)||/||b|| 3.6487923320910068e+22
18 MLA ||r(i)||/||b|| 1.5625344792966136e+24
19 MLA ||r(i)||/||b|| 6.6921978213950210e+25
20 MLA ||r(i)||/||b|| 2.8665278393056159e+27
21 MLA ||r(i)||/||b|| 1.2279575081614710e+29
22 MLA ||r(i)||/||b|| 5.2606986478808580e+30
23 MLA ||r(i)||/||b|| 2.2538800759594481e+32
24 MLA ||r(i)||/||b|| 9.6569696403066163e+33
25 MLA ||r(i)||/||b|| 4.1378029656438171e+35
26 MLA ||r(i)||/||b|| 1.7730234550645170e+37
27 MLA ||r(i)||/||b|| 7.5975275109756118e+38
28 MLA ||r(i)||/||b|| 3.2556749762423189e+40
29 MLA ||r(i)||/||b|| 1.3951437508538503e+42
30 MLA ||r(i)||/||b|| 5.9786692591954142e+43
31 MLA ||r(i)||/||b|| 2.5621025000217574e+45
32 MLA ||r(i)||/||b|| 1.0979784741141331e+47
33 MLA ||r(i)||/||b|| 4.7053900681565467e+48
34 MLA ||r(i)||/||b|| 2.0165137438521849e+50
35 MLA ||r(i)||/||b|| 8.6419127928001996e+51
36 MLA ||r(i)||/||b|| 3.7035754755665773e+53
37 MLA ||r(i)||/||b|| 1.5872111992510443e+55
38 MLA ||r(i)||/||b|| 6.8022107007761018e+56
39 MLA ||r(i)||/||b|| 2.9151907898326706e+58
40 MLA ||r(i)||/||b|| 1.2493530383722520e+60
41 MLA ||r(i)||/||b|| 5.3543215966786229e+61
42 MLA ||r(i)||/||b|| 2.2946932252378287e+63
43 MLA ||r(i)||/||b|| 9.8343480055373263e+64
44 MLA ||r(i)||/||b|| 4.2147046518507567e+66
45 MLA ||r(i)||/||b|| 1.8062973819396678e+68
46 MLA ||r(i)||/||b|| 7.7412626690262542e+69
47 MLA ||r(i)||/||b|| 3.3176817829274923e+71
48 MLA ||r(i)||/||b|| 1.4218636935600528e+73
49 MLA ||r(i)||/||b|| 6.0937055254701721e+74
50 MLA ||r(i)||/||b|| 2.6115911067820886e+76
51 MLA ||r(i)||/||b|| 1.1192551007858335e+78
52 MLA ||r(i)||/||b|| 4.7968168559493849e+79
53 MLA ||r(i)||/||b|| 2.0557832398763698e+81
54 MLA ||r(i)||/||b|| 8.8105214481984654e+82
55 MLA ||r(i)||/||b|| 3.7759479130194014e+84
56 MLA ||r(i)||/||b|| 1.6182680231777666e+86
57 MLA ||r(i)||/||b|| 6.9354552487616524e+87
58 MLA ||r(i)||/||b|| 2.9723472689741886e+89
59 MLA ||r(i)||/||b|| 1.2738672337852199e+91
60 MLA ||r(i)||/||b|| 5.4594491215060617e+92
61 MLA ||r(i)||/||b|| 2.3397718430733757e+94
62 MLA ||r(i)||/||b|| 1.0027628219905189e+96
63 MLA ||r(i)||/||b|| 4.2975699999211565e+97
64 MLA ||r(i)||/||b|| 1.8418222415789587e+99
65 MLA ||r(i)||/||b|| 7.8935521467566830e+100
66 MLA ||r(i)||/||b|| 3.3829631295778027e+102
67 MLA ||r(i)||/||b|| 1.4498466100372936e+104
68 MLA ||r(i)||/||b|| 6.2136510390437944e+105
69 MLA ||r(i)||/||b|| 2.6630030820660905e+107
70 MLA ||r(i)||/||b|| 1.1412912431947337e+109
71 MLA ||r(i)||/||b|| 4.8912662797105249e+110
72 MLA ||r(i)||/||b|| 2.0962647534892347e+112
73 MLA ||r(i)||/||b|| 8.9840252061720538e+113
74 MLA ||r(i)||/||b|| 3.8503108615505694e+115
75 MLA ||r(i)||/||b|| 1.6501393841335484e+117
76 MLA ||r(i)||/||b|| 7.0720523585578634e+118
77 MLA ||r(i)||/||b|| 3.0308909209118073e+120
78 MLA ||r(i)||/||b|| 1.2989581159353047e+122
79 MLA ||r(i)||/||b|| 5.5669842170902462e+123
80 MLA ||r(i)||/||b|| 2.3858593261385387e+125
81 MLA ||r(i)||/||b|| 1.0225149765560536e+127
82 MLA ||r(i)||/||b|| 4.3822234936162391e+128
83 MLA ||r(i)||/||b|| 1.8781028363474032e+130
84 MLA ||r(i)||/||b|| 8.0490423947641925e+131
85 MLA ||r(i)||/||b|| 3.4496025610271432e+133
86 MLA ||r(i)||/||b|| 1.4784066546090744e+135
87 MLA ||r(i)||/||b|| 6.3360523404003097e+136
88 MLA ||r(i)||/||b|| 2.7154612136242980e+138
89 MLA ||r(i)||/||b|| 1.1637734681563753e+140
90 MLA ||r(i)||/||b|| 4.9876193369857868e+141
91 MLA ||r(i)||/||b|| 2.1375591849033664e+143
92 MLA ||r(i)||/||b|| 9.1610023975275376e+144
93 MLA ||r(i)||/||b|| 3.9261586552937911e+146
94 MLA ||r(i)||/||b|| 1.6826457543759459e+148
95 MLA ||r(i)||/||b|| 7.2113660802814117e+149
96 MLA ||r(i)||/||b|| 3.0905970919251521e+151
97 MLA ||r(i)||/||b|| 1.3245465948614771e+153
98 MLA ||r(i)||/||b||                   inf
99 MLA ||r(i)||/||b||                   inf
100 MLA ||r(i)||/||b||                   inf
101 MLA ||r(i)||/||b||                   inf
102 MLA ||r(i)||/||b||                   inf
103 MLA ||r(i)||/||b||                   inf
104 MLA ||r(i)||/||b||                   inf
105 MLA ||r(i)||/||b||                   inf
106 MLA ||r(i)||/||b||                   inf
107 MLA ||r(i)||/||b||                   inf
108 MLA ||r(i)||/||b||                   inf
109 MLA ||r(i)||/||b||                   inf
110 MLA ||r(i)||/||b||                   inf
111 MLA ||r(i)||/||b||                   inf
112 MLA ||r(i)||/||b||                   inf
113 MLA ||r(i)||/||b||                   inf
114 MLA ||r(i)||/||b||                   inf
115 MLA ||r(i)||/||b||                   inf
116 MLA ||r(i)||/||b||                   inf
117 MLA ||r(i)||/||b||                   inf
118 MLA ||r(i)||/||b||                   inf
119 MLA ||r(i)||/||b||                   inf
120 MLA ||r(i)||/||b||                   inf
121 MLA ||r(i)||/||b||                   inf
122 MLA ||r(i)||/||b||                   inf
123 MLA ||r(i)||/||b||                   inf
124 MLA ||r(i)||/||b||                   inf
125 MLA ||r(i)||/||b||                   inf
126 MLA ||r(i)||/||b||                   inf
127 MLA ||r(i)||/||b||                   inf
128 MLA ||r(i)||/||b||                   inf
129 MLA ||r(i)||/||b||                   inf
130 MLA ||r(i)||/||b||                   inf
131 MLA ||r(i)||/||b||                   inf
132 MLA ||r(i)||/||b||                   inf
133 MLA ||r(i)||/||b||                   inf
134 MLA ||r(i)||/||b||                   inf
135 MLA ||r(i)||/||b||                   inf
136 MLA ||r(i)||/||b||                   inf
137 MLA ||r(i)||/||b||                   inf
138 MLA ||r(i)||/||b||                   inf
139 MLA ||r(i)||/||b||                   inf
140 MLA ||r(i)||/||b||                   inf
141 MLA ||r(i)||/||b||                   inf
142 MLA ||r(i)||/||b||                   inf
143 MLA ||r(i)||/||b||                   inf
144 MLA ||r(i)||/||b||                   inf
145 MLA ||r(i)||/||b||                   inf
146 MLA ||r(i)||/||b||                   inf
147 MLA ||r(i)||/||b||                   inf
148 MLA ||r(i)||/||b||                   inf
149 MLA ||r(i)||/||b||                   inf
150 MLA ||r(i)||/||b||                   inf
151 MLA ||r(i)||/||b||                   inf
152 MLA ||r(i)||/||b||                   inf
153 MLA ||r(i)||/||b||                   inf
154 MLA ||r(i)||/||b||                   inf
155 MLA ||r(i)||/||b||                   inf
156 MLA ||r(i)||/||b||                   inf
157 MLA ||r(i)||/||b||                   inf
158 MLA ||r(i)||/||b||                   inf
159 MLA ||r(i)||/||b||                   inf
160 MLA ||r(i)||/||b||                   inf
161 MLA ||r(i)||/||b||                   inf
162 MLA ||r(i)||/||b||                   inf
163 MLA ||r(i)||/||b||                   inf
164 MLA ||r(i)||/||b||                   inf
165 MLA ||r(i)||/||b||                   inf
166 MLA ||r(i)||/||b||                   inf
167 MLA ||r(i)||/||b||                   inf
168 MLA ||r(i)||/||b||                   inf
169 MLA ||r(i)||/||b||                   inf
170 MLA ||r(i)||/||b||                   inf
171 MLA ||r(i)||/||b||                   inf
172 MLA ||r(i)||/||b||                   inf
173 MLA ||r(i)||/||b||                   inf
174 MLA ||r(i)||/||b||                   inf
175 MLA ||r(i)||/||b||                   inf
176 MLA ||r(i)||/||b||                   inf
177 MLA ||r(i)||/||b||                   inf
178 MLA ||r(i)||/||b||                   inf
179 MLA ||r(i)||/||b||                   inf
180 MLA ||r(i)||/||b||                   inf
181 MLA ||r(i)||/||b||                   inf
182 MLA ||r(i)||/||b||                   inf
183 MLA ||r(i)||/||b||                   inf
184 MLA ||r(i)||/||b||                   inf
185 MLA ||r(i)||/||b||                   inf
