Config file: ../input/config/mla_v_cycle-refine3.json
order_rbm = 1
angle_type = 1
==== basic information of linear system ====
matrix Row = 73482, matrix Column = 73482
matrix nz_allocated = 1513726, matrix nz_used = 1513726, matrix nz_unneeded = 0
vector Row = 73482
initial     || b ||_2 = 3.6456789914864107e-01
>>>>local_vec_size = 18372
>>>>~~~~ local_mat_m = 18372, local_mat_n = 18372
>>>>local_vec_size = 18372
>>>>~~~~ local_mat_m = 18372, local_mat_n = 18372
>>>>local_vec_size = 18366
>>>>~~~~ local_mat_m = 18366, local_mat_n = 18366
>>>>local_vec_size = 18372
>>>>~~~~ local_mat_m = 18372, local_mat_n = 18372
            || b ||_2 = 3.6456789914864107e-01
|| r ||_2 / || b ||_2 = 1.0000000000000000e+00
[ 12247    72068  3061  3062] [12248] [ 0.000] [ 0.000]
nvtxs:      12247, cut:    20792, balance: 1.200 
	[0 0], [0.0003], [4 15 13]
	[0 1], [0.0003], [5 19 16]
		cut: 20784
	[1 0], [0.0003], [1 4 3]
	[1 1], [0.0003], [3 11 10]
		cut: 20783
	[2 0], [0.0003], [0 0 0]
	[2 1], [0.0003], [0 0 0]
		cut: 20783
      Setup: Max:   0.001, Sum:   0.003, Balance:   1.001
   InitPart: Max:   0.133, Sum:   0.533, Balance:   1.000
 Initialize: Max:   0.001, Sum:   0.003, Balance:   1.007
      K-way: Max:   0.002, Sum:   0.006, Balance:   1.002
      Remap: Max:   0.000, Sum:   0.000, Balance:   2.000
      Total: Max:   0.137, Sum:   0.546, Balance:   1.000
       Aux1: Max:   0.001, Sum:   0.002, Balance:   1.000
Final 3061-way Cut:  20783 	Balance: 1.250 
Partitioning a graph of size 3061 serially
      Setup: Max:   0.000, Sum:   0.000, Balance:   1.004
      Remap: Max:   0.000, Sum:   0.000, Balance:   2.000
      Total: Max:   0.111, Sum:   0.445, Balance:   1.000
       Aux1: Max:   0.000, Sum:   0.000, Balance:   1.062
Final 765-way Cut:   4984 	Balance: 1.250 
Partitioning a graph of size 765 serially
      Setup: Max:   0.000, Sum:   0.000, Balance:   1.005
      Remap: Max:   0.000, Sum:   0.000, Balance:   1.000
      Total: Max:   0.026, Sum:   0.105, Balance:   1.000
       Aux1: Max:   0.000, Sum:   0.000, Balance:   1.026
Final 191-way Cut:   1215 	Balance: 1.248 
Partitioning a graph of size 191 serially
      Setup: Max:   0.000, Sum:   0.000, Balance:   1.008
      Total: Max:   0.006, Sum:   0.024, Balance:   1.000
       Aux1: Max:   0.000, Sum:   0.000, Balance:   1.059
Final  47-way Cut:    243 	Balance: 1.230 
Partitioning a graph of size 47 serially
      Setup: Max:   0.000, Sum:   0.000, Balance:   1.000
      Remap: Max:   0.000, Sum:   0.000, Balance:   1.333
      Total: Max:   0.001, Sum:   0.004, Balance:   1.001
       Aux1: Max:   0.000, Sum:   0.000, Balance:   1.103
Final  11-way Cut:     32 	Balance: 1.170 


>>>>nodes in level 3 is 47, less than 100, setup DONE!>>>>


>>>> mla setup time: 0.515324 (s)
0 MLA ||r(i)||/||b|| 1.0000000000000000e+00
1 MLA ||r(i)||/||b|| 1.9914245361903098e+00
2 MLA ||r(i)||/||b|| 2.0286208377230395e+00
3 MLA ||r(i)||/||b|| 1.9297620112387666e+00
4 MLA ||r(i)||/||b|| 1.9504515558950135e+00
5 MLA ||r(i)||/||b|| 1.9293988107478728e+00
6 MLA ||r(i)||/||b|| 2.1007086669302124e+00
7 MLA ||r(i)||/||b|| 1.6135099273426366e+01
8 MLA ||r(i)||/||b|| 5.1367266012382569e+00
9 MLA ||r(i)||/||b|| 3.8695126534147062e+00
10 MLA ||r(i)||/||b|| 3.2367755257239375e+00
11 MLA ||r(i)||/||b|| 2.8945848741685141e+00
12 MLA ||r(i)||/||b|| 2.5814298099776205e+00
13 MLA ||r(i)||/||b|| 2.6157139852723552e+00
14 MLA ||r(i)||/||b|| 2.2539292734067899e+00
15 MLA ||r(i)||/||b|| 2.0895355872889092e+00
16 MLA ||r(i)||/||b|| 1.9214793618256722e+00
17 MLA ||r(i)||/||b|| 1.7834655359694069e+00
18 MLA ||r(i)||/||b|| 1.6530723225232522e+00
19 MLA ||r(i)||/||b|| 1.5223414061081044e+00
20 MLA ||r(i)||/||b|| 1.5152362305099036e+00
21 MLA ||r(i)||/||b|| 1.4151418639614863e+00
22 MLA ||r(i)||/||b|| 1.3339683003224558e+00
23 MLA ||r(i)||/||b|| 1.3063116184269983e+00
24 MLA ||r(i)||/||b|| 1.2356286352958130e+00
25 MLA ||r(i)||/||b|| 1.1853976742149042e+00
26 MLA ||r(i)||/||b|| 1.1297336241686053e+00
27 MLA ||r(i)||/||b|| 1.0814655465813798e+00
28 MLA ||r(i)||/||b|| 1.0471883329801706e+00
29 MLA ||r(i)||/||b|| 1.0217941188657489e+00
30 MLA ||r(i)||/||b|| 1.0010931098682401e+00
31 MLA ||r(i)||/||b|| 9.8472281785276894e-01
32 MLA ||r(i)||/||b|| 9.6884001538788844e-01
33 MLA ||r(i)||/||b|| 9.5546460481771001e-01
34 MLA ||r(i)||/||b|| 9.4325609646525943e-01
35 MLA ||r(i)||/||b|| 9.3187068985057597e-01
36 MLA ||r(i)||/||b|| 9.2552688277311856e-01
37 MLA ||r(i)||/||b|| 9.1809780105032857e-01
38 MLA ||r(i)||/||b|| 9.1210185440124592e-01
39 MLA ||r(i)||/||b|| 9.0781340856532566e-01
40 MLA ||r(i)||/||b|| 9.0311297135109925e-01
41 MLA ||r(i)||/||b|| 9.0208289501523142e-01
42 MLA ||r(i)||/||b|| 8.9655245780368176e-01
43 MLA ||r(i)||/||b|| 8.9351332534893202e-01
44 MLA ||r(i)||/||b|| 8.9052454211671761e-01
45 MLA ||r(i)||/||b|| 8.8781914207575496e-01
46 MLA ||r(i)||/||b|| 8.8551985490003104e-01
47 MLA ||r(i)||/||b|| 8.8349952019384237e-01
48 MLA ||r(i)||/||b|| 8.8184692677072840e-01
49 MLA ||r(i)||/||b|| 8.8047384446208432e-01
50 MLA ||r(i)||/||b|| 8.7929625435538750e-01
51 MLA ||r(i)||/||b|| 8.7825195519103516e-01
52 MLA ||r(i)||/||b|| 8.7726059934701417e-01
53 MLA ||r(i)||/||b|| 8.7630405896976482e-01
54 MLA ||r(i)||/||b|| 8.7553239562907637e-01
55 MLA ||r(i)||/||b|| 8.7482437725441442e-01
56 MLA ||r(i)||/||b|| 8.7419194449395787e-01
57 MLA ||r(i)||/||b|| 8.7365449383990423e-01
58 MLA ||r(i)||/||b|| 8.7313998372967838e-01
59 MLA ||r(i)||/||b|| 8.7262946305600930e-01
60 MLA ||r(i)||/||b|| 8.7224127047017841e-01
61 MLA ||r(i)||/||b|| 8.7180454726392553e-01
62 MLA ||r(i)||/||b|| 8.7145175563400745e-01
63 MLA ||r(i)||/||b|| 8.7109647062384876e-01
64 MLA ||r(i)||/||b|| 8.7087001770277750e-01
65 MLA ||r(i)||/||b|| 8.7068196928448760e-01
66 MLA ||r(i)||/||b|| 8.7048141738211837e-01
67 MLA ||r(i)||/||b|| 8.7029688210503475e-01
68 MLA ||r(i)||/||b|| 8.7011204691642974e-01
69 MLA ||r(i)||/||b|| 8.6989966351298809e-01
70 MLA ||r(i)||/||b|| 8.6976727744654614e-01
71 MLA ||r(i)||/||b|| 8.6954889444661310e-01
72 MLA ||r(i)||/||b|| 8.6942871615250816e-01
73 MLA ||r(i)||/||b|| 8.6941571326257816e-01
74 MLA ||r(i)||/||b|| 8.6914314903626222e-01
75 MLA ||r(i)||/||b|| 8.6892449042246478e-01
76 MLA ||r(i)||/||b|| 8.6884195865534319e-01
77 MLA ||r(i)||/||b|| 8.6872741024007161e-01
