Config file: ../input/config/mla_v_cycle-refine0.json
order_rbm = 1
angle_type = 1
==== basic information of linear system ====
matrix Row = 1506, matrix Column = 1506
matrix nz_allocated = 27747, matrix nz_used = 27747, matrix nz_unneeded = 0
vector Row = 1506
initial     || b ||_2 = 2.6501139470351753e+00
>>>>local_vec_size = 1506
>>>>~~~~ local_mat_m = 1506, local_mat_n = 1506
            || b ||_2 = 2.6501139470351753e+00
|| r ||_2 / || b ||_2 = 1.0000000000000000e+00


>>>>nodes in level 0 is 62, less than 100, setup DONE!>>>>


>>>> mla setup time: 0.0105965 (s)
0 MLA ||r(i)||/||b|| 1.0000000000000000e+00
1 MLA ||r(i)||/||b|| 1.9937857660612995e+01
2 MLA ||r(i)||/||b|| 1.1626777269045290e+01
3 MLA ||r(i)||/||b|| 6.8866085243722539e+00
4 MLA ||r(i)||/||b|| 4.2306232623711963e+00
5 MLA ||r(i)||/||b|| 2.6546400692211587e+00
6 MLA ||r(i)||/||b|| 1.6789031896639430e+00
7 MLA ||r(i)||/||b|| 1.0631992242263912e+00
8 MLA ||r(i)||/||b|| 6.7249370831112343e-01
9 MLA ||r(i)||/||b|| 4.2457778106481153e-01
10 MLA ||r(i)||/||b|| 2.6757254490332988e-01
11 MLA ||r(i)||/||b|| 1.6836813263742242e-01
12 MLA ||r(i)||/||b|| 1.0581490368780029e-01
13 MLA ||r(i)||/||b|| 6.6438991582955964e-02
14 MLA ||r(i)||/||b|| 4.1685725496472453e-02
15 MLA ||r(i)||/||b|| 2.6140710075195379e-02
16 MLA ||r(i)||/||b|| 1.6385979946123317e-02
17 MLA ||r(i)||/||b|| 1.0268267582267135e-02
18 MLA ||r(i)||/||b|| 6.4331699486029374e-03
19 MLA ||r(i)||/||b|| 4.0297741446744164e-03
20 MLA ||r(i)||/||b|| 2.5239596349110015e-03
21 MLA ||r(i)||/||b|| 1.5806787384153209e-03
22 MLA ||r(i)||/||b|| 9.8986071656758973e-04
23 MLA ||r(i)||/||b|| 6.1984185387421525e-04
24 MLA ||r(i)||/||b|| 3.8812320295358681e-04
25 MLA ||r(i)||/||b|| 2.4302091555684390e-04
26 MLA ||r(i)||/||b|| 1.5216186501209727e-04
27 MLA ||r(i)||/||b|| 9.5270552591652288e-05
28 MLA ||r(i)||/||b|| 5.9649020626297820e-05
29 MLA ||r(i)||/||b|| 3.7345484556616852e-05
30 MLA ||r(i)||/||b|| 2.3381300357520097e-05
31 MLA ||r(i)||/||b|| 1.4638269691832242e-05
32 MLA ||r(i)||/||b|| 9.8035841905021127e-06
33 MLA ||r(i)||/||b|| 6.7808880274089742e-06
34 MLA ||r(i)||/||b|| 4.5482848950663516e-06
35 MLA ||r(i)||/||b|| 4.3034510991047493e-06
36 MLA ||r(i)||/||b|| 3.2429196968260089e-06
37 MLA ||r(i)||/||b|| 2.2518909475556475e-06
38 MLA ||r(i)||/||b|| 4.0717706090989997e-06
39 MLA ||r(i)||/||b|| 4.0717703056265646e-06
40 MLA ||r(i)||/||b|| 4.0717709791003654e-06
41 MLA ||r(i)||/||b|| 4.0716555351378983e-06
42 MLA ||r(i)||/||b|| 4.0716563724675343e-06
43 MLA ||r(i)||/||b|| 4.0716352754978329e-06
44 MLA ||r(i)||/||b|| 4.0716284474697904e-06
45 MLA ||r(i)||/||b|| 4.0716239596337021e-06
46 MLA ||r(i)||/||b|| 4.0716284441567938e-06
47 MLA ||r(i)||/||b|| 4.0716332619648251e-06
48 MLA ||r(i)||/||b|| 4.0716403490200601e-06
49 MLA ||r(i)||/||b|| 4.0716303383994885e-06
50 MLA ||r(i)||/||b|| 4.0716335260863431e-06
51 MLA ||r(i)||/||b|| 4.0716391609947850e-06
52 MLA ||r(i)||/||b|| 4.0716351946140731e-06
53 MLA ||r(i)||/||b|| 4.0716389103946064e-06
54 MLA ||r(i)||/||b|| 4.0717577556345876e-06
55 MLA ||r(i)||/||b|| 4.0717599969402717e-06
56 MLA ||r(i)||/||b|| 4.0717586831850080e-06
57 MLA ||r(i)||/||b|| 4.0717568031806228e-06
58 MLA ||r(i)||/||b|| 4.0717573283384997e-06
59 MLA ||r(i)||/||b|| 4.0717588565426681e-06
60 MLA ||r(i)||/||b|| 4.0717553004446251e-06
61 MLA ||r(i)||/||b|| 4.0717573148934136e-06
62 MLA ||r(i)||/||b|| 4.0717558982318681e-06
63 MLA ||r(i)||/||b|| 4.0717567710164906e-06
64 MLA ||r(i)||/||b|| 4.0717596199520463e-06
65 MLA ||r(i)||/||b|| 4.0717583385981704e-06
66 MLA ||r(i)||/||b|| 4.0717590616127980e-06
67 MLA ||r(i)||/||b|| 4.0717603601507387e-06
68 MLA ||r(i)||/||b|| 4.0717588685786794e-06
69 MLA ||r(i)||/||b|| 4.0717570803684279e-06
70 MLA ||r(i)||/||b|| 4.0717572601991223e-06
71 MLA ||r(i)||/||b|| 4.0717582352800095e-06
72 MLA ||r(i)||/||b|| 4.0717571504458751e-06
73 MLA ||r(i)||/||b|| 4.0717545620153100e-06
74 MLA ||r(i)||/||b|| 4.0717585974222199e-06
75 MLA ||r(i)||/||b|| 4.0717540620011758e-06
76 MLA ||r(i)||/||b|| 4.0717536403024290e-06
77 MLA ||r(i)||/||b|| 4.0717545018837558e-06
78 MLA ||r(i)||/||b|| 4.0717528968514519e-06
79 MLA ||r(i)||/||b|| 4.0717490431425485e-06
80 MLA ||r(i)||/||b|| 4.0717503350435956e-06
81 MLA ||r(i)||/||b|| 4.0717512509336706e-06
82 MLA ||r(i)||/||b|| 4.0717482098546353e-06
83 MLA ||r(i)||/||b|| 4.0717508703041725e-06
84 MLA ||r(i)||/||b|| 4.0717506714592011e-06
85 MLA ||r(i)||/||b|| 4.0717513712347641e-06
86 MLA ||r(i)||/||b|| 4.0717512974398011e-06
87 MLA ||r(i)||/||b|| 4.0717528128946346e-06
88 MLA ||r(i)||/||b|| 4.0717523793105264e-06
89 MLA ||r(i)||/||b|| 4.0717549946097931e-06
90 MLA ||r(i)||/||b|| 4.0717532129664110e-06
91 MLA ||r(i)||/||b|| 4.0717534719157731e-06
92 MLA ||r(i)||/||b|| 4.0717538181669177e-06
93 MLA ||r(i)||/||b|| 4.0717552991113462e-06
94 MLA ||r(i)||/||b|| 4.0717576690831695e-06
95 MLA ||r(i)||/||b|| 4.0717535587257226e-06
96 MLA ||r(i)||/||b|| 4.0715827420406978e-06
97 MLA ||r(i)||/||b|| 4.0715582015954180e-06
98 MLA ||r(i)||/||b|| 4.0715588020035960e-06
99 MLA ||r(i)||/||b|| 4.0715612890181059e-06
100 MLA ||r(i)||/||b|| 4.0715618898854953e-06
101 MLA ||r(i)||/||b|| 4.0715771603732420e-06
102 MLA ||r(i)||/||b|| 4.0715772701276860e-06
103 MLA ||r(i)||/||b|| 4.0716718172027255e-06
104 MLA ||r(i)||/||b|| 4.0716717704693251e-06
105 MLA ||r(i)||/||b|| 4.0716695607875704e-06
106 MLA ||r(i)||/||b|| 4.0716761786857173e-06
107 MLA ||r(i)||/||b|| 4.0716772893837911e-06
108 MLA ||r(i)||/||b|| 4.0716772941937405e-06
109 MLA ||r(i)||/||b|| 4.0716894709993901e-06
110 MLA ||r(i)||/||b|| 4.0716902809032630e-06
111 MLA ||r(i)||/||b|| 4.0716939919905240e-06
112 MLA ||r(i)||/||b|| 4.0716945091570253e-06
113 MLA ||r(i)||/||b|| 4.0717239104243170e-06
114 MLA ||r(i)||/||b|| 4.0717205105775846e-06
115 MLA ||r(i)||/||b|| 4.0717228295009514e-06
116 MLA ||r(i)||/||b|| 4.0717309380157486e-06
117 MLA ||r(i)||/||b|| 4.0717292001290746e-06
118 MLA ||r(i)||/||b|| 4.0717234754386090e-06
119 MLA ||r(i)||/||b|| 4.0717280150079782e-06
120 MLA ||r(i)||/||b|| 4.0717275785953407e-06
121 MLA ||r(i)||/||b|| 4.0717343644046489e-06
122 MLA ||r(i)||/||b|| 4.0717457882398856e-06
123 MLA ||r(i)||/||b|| 4.0717459687642332e-06
124 MLA ||r(i)||/||b|| 4.0717347855079807e-06
125 MLA ||r(i)||/||b|| 4.0717320802454361e-06
126 MLA ||r(i)||/||b|| 4.0717329112435084e-06
127 MLA ||r(i)||/||b|| 4.0717274191168295e-06
128 MLA ||r(i)||/||b|| 4.0717059055987549e-06
129 MLA ||r(i)||/||b|| 4.0717422266456077e-06
130 MLA ||r(i)||/||b|| 4.0717396024109912e-06
131 MLA ||r(i)||/||b|| 4.0717471450636593e-06
132 MLA ||r(i)||/||b|| 4.0717490429685705e-06
133 MLA ||r(i)||/||b|| 4.0717488446815871e-06
134 MLA ||r(i)||/||b|| 4.0717505416570585e-06
135 MLA ||r(i)||/||b|| 4.0717523248877972e-06
136 MLA ||r(i)||/||b|| 4.0717554926442156e-06
137 MLA ||r(i)||/||b|| 4.0717593327172794e-06
138 MLA ||r(i)||/||b|| 4.0717612274972606e-06
139 MLA ||r(i)||/||b|| 4.0717652420916520e-06
140 MLA ||r(i)||/||b|| 4.0717702922769441e-06
141 MLA ||r(i)||/||b|| 4.0717701023129659e-06
142 MLA ||r(i)||/||b|| 4.0717703015470836e-06
143 MLA ||r(i)||/||b|| 4.0717713119432207e-06
144 MLA ||r(i)||/||b|| 4.0717686083407844e-06
145 MLA ||r(i)||/||b|| 4.0717690238805658e-06
146 MLA ||r(i)||/||b|| 4.0717702486135570e-06
147 MLA ||r(i)||/||b|| 4.0717709184238785e-06
148 MLA ||r(i)||/||b|| 4.0717685767759526e-06
149 MLA ||r(i)||/||b|| 4.0717724613224507e-06
150 MLA ||r(i)||/||b|| 4.0717722082859165e-06
151 MLA ||r(i)||/||b|| 4.0717702969776246e-06
152 MLA ||r(i)||/||b|| 4.0717712818230272e-06
153 MLA ||r(i)||/||b|| 4.0717691452609276e-06
154 MLA ||r(i)||/||b|| 4.0717701140784102e-06
155 MLA ||r(i)||/||b|| 4.0717691157004840e-06
156 MLA ||r(i)||/||b|| 4.0717717071689760e-06
157 MLA ||r(i)||/||b|| 4.0717713305553357e-06
158 MLA ||r(i)||/||b|| 4.0717718040349980e-06
159 MLA ||r(i)||/||b|| 4.0717752507119197e-06
160 MLA ||r(i)||/||b|| 4.0717857426899734e-06
161 MLA ||r(i)||/||b|| 4.0717685973873075e-06
162 MLA ||r(i)||/||b|| 4.0717693990312261e-06
163 MLA ||r(i)||/||b|| 4.0717743218255311e-06
164 MLA ||r(i)||/||b|| 4.0717733985340458e-06
165 MLA ||r(i)||/||b|| 4.0717777280314811e-06
166 MLA ||r(i)||/||b|| 4.0717748458198312e-06
167 MLA ||r(i)||/||b|| 4.0717726605091787e-06
168 MLA ||r(i)||/||b|| 4.0717483867110015e-06
169 MLA ||r(i)||/||b|| 4.0717505858560203e-06
170 MLA ||r(i)||/||b|| 4.0717535709760831e-06
171 MLA ||r(i)||/||b|| 4.0717564121308289e-06
172 MLA ||r(i)||/||b|| 4.0717575972599857e-06
173 MLA ||r(i)||/||b|| 4.0717544405629445e-06
174 MLA ||r(i)||/||b|| 4.0717742715348641e-06
175 MLA ||r(i)||/||b|| 4.0717771408160385e-06
176 MLA ||r(i)||/||b|| 4.0717751437444961e-06
177 MLA ||r(i)||/||b|| 4.0717754811369636e-06
178 MLA ||r(i)||/||b|| 4.0715244841625484e-06
179 MLA ||r(i)||/||b|| 4.0715240262207635e-06
180 MLA ||r(i)||/||b|| 4.0715104108617198e-06
181 MLA ||r(i)||/||b|| 4.0716108160972669e-06
182 MLA ||r(i)||/||b|| 4.0716125640282294e-06
183 MLA ||r(i)||/||b|| 4.0716245075269250e-06
184 MLA ||r(i)||/||b|| 4.0716262674845984e-06
185 MLA ||r(i)||/||b|| 4.0716302448948210e-06
186 MLA ||r(i)||/||b|| 4.0716357019310407e-06
187 MLA ||r(i)||/||b|| 4.0716355723590683e-06
188 MLA ||r(i)||/||b|| 4.0716340370474286e-06
189 MLA ||r(i)||/||b|| 4.0716358557683464e-06
190 MLA ||r(i)||/||b|| 4.0716339047314971e-06
191 MLA ||r(i)||/||b|| 4.0716347176606660e-06
192 MLA ||r(i)||/||b|| 4.0716364029294304e-06
193 MLA ||r(i)||/||b|| 4.0716342154804882e-06
194 MLA ||r(i)||/||b|| 4.0716369068308681e-06
195 MLA ||r(i)||/||b|| 4.0716399914080598e-06
196 MLA ||r(i)||/||b|| 4.0716443601905605e-06
197 MLA ||r(i)||/||b|| 4.0716719516783429e-06
198 MLA ||r(i)||/||b|| 4.0716371894695945e-06
199 MLA ||r(i)||/||b|| 4.0716272849620020e-06
200 MLA ||r(i)||/||b|| 4.0724850395458433e-06
201 MLA ||r(i)||/||b|| 4.0722977220541516e-06
202 MLA ||r(i)||/||b|| 4.0722915983861989e-06
203 MLA ||r(i)||/||b|| 4.0722904272619984e-06
204 MLA ||r(i)||/||b|| 4.0722925927982898e-06
205 MLA ||r(i)||/||b|| 4.0722903009706853e-06
206 MLA ||r(i)||/||b|| 4.0722896914372892e-06
207 MLA ||r(i)||/||b|| 4.0722902086933541e-06
208 MLA ||r(i)||/||b|| 4.0722828768040521e-06
209 MLA ||r(i)||/||b|| 4.0722970749746064e-06
210 MLA ||r(i)||/||b|| 4.0722994199631862e-06
211 MLA ||r(i)||/||b|| 4.0722977845402998e-06
212 MLA ||r(i)||/||b|| 4.0723019715948446e-06
213 MLA ||r(i)||/||b|| 4.0723144912674143e-06
214 MLA ||r(i)||/||b|| 4.0723190476744018e-06
215 MLA ||r(i)||/||b|| 4.0723198638432921e-06
216 MLA ||r(i)||/||b|| 4.0723178837141569e-06
217 MLA ||r(i)||/||b|| 4.0723153091945070e-06
218 MLA ||r(i)||/||b|| 4.0721650122502452e-06
219 MLA ||r(i)||/||b|| 4.0721632495527895e-06
220 MLA ||r(i)||/||b|| 4.0721699029386311e-06
221 MLA ||r(i)||/||b|| 4.0721546326611824e-06
222 MLA ||r(i)||/||b|| 4.0721555861864135e-06
223 MLA ||r(i)||/||b|| 4.0721465211207370e-06
224 MLA ||r(i)||/||b|| 4.0721521498525146e-06
225 MLA ||r(i)||/||b|| 4.0721582191266347e-06
226 MLA ||r(i)||/||b|| 4.0721604819826233e-06
227 MLA ||r(i)||/||b|| 4.0721635205977922e-06
228 MLA ||r(i)||/||b|| 4.0713972356810822e-06
229 MLA ||r(i)||/||b|| 4.0713859180081032e-06
230 MLA ||r(i)||/||b|| 4.0713850795173163e-06
231 MLA ||r(i)||/||b|| 4.0713887952739065e-06
232 MLA ||r(i)||/||b|| 4.0714054998283646e-06
233 MLA ||r(i)||/||b|| 4.0714245383944772e-06
234 MLA ||r(i)||/||b|| 4.0714138025749554e-06
235 MLA ||r(i)||/||b|| 4.0715737814778975e-06
236 MLA ||r(i)||/||b|| 4.0715839420192104e-06
237 MLA ||r(i)||/||b|| 4.0715804285152280e-06
238 MLA ||r(i)||/||b|| 4.0722448341965595e-06
239 MLA ||r(i)||/||b|| 4.0722396647827606e-06
240 MLA ||r(i)||/||b|| 4.0722170852782713e-06
241 MLA ||r(i)||/||b|| 4.0720096382525096e-06
242 MLA ||r(i)||/||b|| 4.0720084742688594e-06
243 MLA ||r(i)||/||b|| 4.0719754534221180e-06
244 MLA ||r(i)||/||b|| 4.0719739077005111e-06
245 MLA ||r(i)||/||b|| 4.0719690129045710e-06
246 MLA ||r(i)||/||b|| 4.0719317263957711e-06
247 MLA ||r(i)||/||b|| 4.0719272620859433e-06
248 MLA ||r(i)||/||b|| 4.0719366658421297e-06
249 MLA ||r(i)||/||b|| 4.0719367169642544e-06
250 MLA ||r(i)||/||b|| 4.0719393036400908e-06
251 MLA ||r(i)||/||b|| 4.0719486433463673e-06
252 MLA ||r(i)||/||b|| 4.0719143710065328e-06
253 MLA ||r(i)||/||b|| 4.0719111898674259e-06
254 MLA ||r(i)||/||b|| 4.0719423600504241e-06
255 MLA ||r(i)||/||b|| 4.0719524816553257e-06
256 MLA ||r(i)||/||b|| 4.0719520743827460e-06
257 MLA ||r(i)||/||b|| 4.0719500109205104e-06
258 MLA ||r(i)||/||b|| 4.0719514349619566e-06
259 MLA ||r(i)||/||b|| 4.0719495834144972e-06
260 MLA ||r(i)||/||b|| 4.0719492617010017e-06
261 MLA ||r(i)||/||b|| 4.0719475942122228e-06
262 MLA ||r(i)||/||b|| 4.0719468774081628e-06
263 MLA ||r(i)||/||b|| 4.0719465957576062e-06
264 MLA ||r(i)||/||b|| 4.0719475999807290e-06
265 MLA ||r(i)||/||b|| 4.0719471126022723e-06
266 MLA ||r(i)||/||b|| 4.0719464941477135e-06
267 MLA ||r(i)||/||b|| 4.0719474915456903e-06
268 MLA ||r(i)||/||b|| 4.0719513775086241e-06
269 MLA ||r(i)||/||b|| 4.0719524579366964e-06
270 MLA ||r(i)||/||b|| 4.0719398629324629e-06
271 MLA ||r(i)||/||b|| 4.0719369901956719e-06
272 MLA ||r(i)||/||b|| 4.0719379890866773e-06
273 MLA ||r(i)||/||b|| 4.0719376798163211e-06
274 MLA ||r(i)||/||b|| 4.0719304854253726e-06
275 MLA ||r(i)||/||b|| 4.0719142604738374e-06
276 MLA ||r(i)||/||b|| 4.0719163765417394e-06
277 MLA ||r(i)||/||b|| 4.0719154029369901e-06
278 MLA ||r(i)||/||b|| 4.0719163669680953e-06
279 MLA ||r(i)||/||b|| 4.0719134534782258e-06
280 MLA ||r(i)||/||b|| 4.0719125087013390e-06
281 MLA ||r(i)||/||b|| 4.0719154479909588e-06
282 MLA ||r(i)||/||b|| 4.0719169559302519e-06
283 MLA ||r(i)||/||b|| 4.0719911958493806e-06
284 MLA ||r(i)||/||b|| 4.0719945202312677e-06
285 MLA ||r(i)||/||b|| 4.0720005080424549e-06
286 MLA ||r(i)||/||b|| 4.0720016247870962e-06
287 MLA ||r(i)||/||b|| 4.0720038415261328e-06
288 MLA ||r(i)||/||b|| 4.0720150049436565e-06
289 MLA ||r(i)||/||b|| 4.0720158874225177e-06
290 MLA ||r(i)||/||b|| 4.0719550541973010e-06
291 MLA ||r(i)||/||b|| 4.0719527476293920e-06
292 MLA ||r(i)||/||b|| 4.0719705442783046e-06
293 MLA ||r(i)||/||b|| 4.0719693285082230e-06
294 MLA ||r(i)||/||b|| 4.0719570129249579e-06
295 MLA ||r(i)||/||b|| 4.0719538847906952e-06
296 MLA ||r(i)||/||b|| 4.0719550455726947e-06
297 MLA ||r(i)||/||b|| 4.0719526980581169e-06
298 MLA ||r(i)||/||b|| 4.0719505057995098e-06
299 MLA ||r(i)||/||b|| 4.0719471886890422e-06
300 MLA ||r(i)||/||b|| 4.0719456475301402e-06
301 MLA ||r(i)||/||b|| 4.0719452654102029e-06
302 MLA ||r(i)||/||b|| 4.0719426955206511e-06
303 MLA ||r(i)||/||b|| 4.0719413606458313e-06
304 MLA ||r(i)||/||b|| 4.0719344293750147e-06
305 MLA ||r(i)||/||b|| 4.0719342316904116e-06
306 MLA ||r(i)||/||b|| 4.0719355322978080e-06
307 MLA ||r(i)||/||b|| 4.0719340598526919e-06
308 MLA ||r(i)||/||b|| 4.0719357342504331e-06
309 MLA ||r(i)||/||b|| 4.0719343343070234e-06
310 MLA ||r(i)||/||b|| 4.0719445978901069e-06
311 MLA ||r(i)||/||b|| 4.0719455049449693e-06
312 MLA ||r(i)||/||b|| 4.0719444770660391e-06
313 MLA ||r(i)||/||b|| 4.0719445927584883e-06
314 MLA ||r(i)||/||b|| 4.0719460668707126e-06
315 MLA ||r(i)||/||b|| 4.0719685942468402e-06
316 MLA ||r(i)||/||b|| 4.0719642656280034e-06
317 MLA ||r(i)||/||b|| 4.0719521313506321e-06
318 MLA ||r(i)||/||b|| 4.0719514171678815e-06
319 MLA ||r(i)||/||b|| 4.0719213957025458e-06
320 MLA ||r(i)||/||b|| 4.0719215327982757e-06
321 MLA ||r(i)||/||b|| 4.0719370667749000e-06
322 MLA ||r(i)||/||b|| 4.0719372298552697e-06
323 MLA ||r(i)||/||b|| 4.0719376038350475e-06
324 MLA ||r(i)||/||b|| 4.0719374584652549e-06
325 MLA ||r(i)||/||b|| 4.0719361291417671e-06
326 MLA ||r(i)||/||b|| 4.0719322304869103e-06
327 MLA ||r(i)||/||b|| 4.0719339823255518e-06
328 MLA ||r(i)||/||b|| 4.0719342973650019e-06
329 MLA ||r(i)||/||b|| 4.0719327300880252e-06
330 MLA ||r(i)||/||b|| 4.0718880131055890e-06
331 MLA ||r(i)||/||b|| 4.0718878999305718e-06
332 MLA ||r(i)||/||b|| 4.0718876818452885e-06
333 MLA ||r(i)||/||b|| 4.0712378111015763e-06
334 MLA ||r(i)||/||b|| 4.0712439011783877e-06
335 MLA ||r(i)||/||b|| 4.0712418913479684e-06
336 MLA ||r(i)||/||b|| 4.0712827126730391e-06
337 MLA ||r(i)||/||b|| 4.0713896211425650e-06
338 MLA ||r(i)||/||b|| 4.0713907166431533e-06
339 MLA ||r(i)||/||b|| 4.0713929840886433e-06
340 MLA ||r(i)||/||b|| 4.0714173480314083e-06
341 MLA ||r(i)||/||b|| 4.0714232388217959e-06
342 MLA ||r(i)||/||b|| 4.0726914675439134e-06
343 MLA ||r(i)||/||b|| 4.0727035203616772e-06
344 MLA ||r(i)||/||b|| 4.0727117318286145e-06
345 MLA ||r(i)||/||b|| 4.0727111408908857e-06
346 MLA ||r(i)||/||b|| 4.0727105925719313e-06
347 MLA ||r(i)||/||b|| 4.0727109117527424e-06
348 MLA ||r(i)||/||b|| 4.0727110616995960e-06
349 MLA ||r(i)||/||b|| 4.0726996281176248e-06
350 MLA ||r(i)||/||b|| 4.0726483515635864e-06
351 MLA ||r(i)||/||b|| 4.0724356023948465e-06
352 MLA ||r(i)||/||b|| 4.0724261068141662e-06
353 MLA ||r(i)||/||b|| 4.0724276616970196e-06
354 MLA ||r(i)||/||b|| 4.0724180209787363e-06
355 MLA ||r(i)||/||b|| 4.0724278896093360e-06
356 MLA ||r(i)||/||b|| 4.0710804626296084e-06
357 MLA ||r(i)||/||b|| 4.0710817777741205e-06
358 MLA ||r(i)||/||b|| 4.0711205958717919e-06
359 MLA ||r(i)||/||b|| 4.0711175271098860e-06
360 MLA ||r(i)||/||b|| 4.0711233866529436e-06
361 MLA ||r(i)||/||b|| 4.0711691705504959e-06
362 MLA ||r(i)||/||b|| 4.0711672557677807e-06
363 MLA ||r(i)||/||b|| 4.0711680314928714e-06
364 MLA ||r(i)||/||b|| 4.0711700988165675e-06
365 MLA ||r(i)||/||b|| 4.0713085616402217e-06
366 MLA ||r(i)||/||b|| 4.0713633831009709e-06
367 MLA ||r(i)||/||b|| 4.0713125424929362e-06
368 MLA ||r(i)||/||b|| 4.0712875926404189e-06
369 MLA ||r(i)||/||b|| 4.0712807231965370e-06
370 MLA ||r(i)||/||b|| 4.0712949715331826e-06
371 MLA ||r(i)||/||b|| 4.0713045248135355e-06
372 MLA ||r(i)||/||b|| 4.0722444347026128e-06
373 MLA ||r(i)||/||b|| 4.0722754865125686e-06
374 MLA ||r(i)||/||b|| 4.0722756845873270e-06
375 MLA ||r(i)||/||b|| 4.0722412642404459e-06
376 MLA ||r(i)||/||b|| 4.0722334638618134e-06
377 MLA ||r(i)||/||b|| 4.0722334012623863e-06
378 MLA ||r(i)||/||b|| 4.0721400283114450e-06
379 MLA ||r(i)||/||b|| 4.0721375031426358e-06
380 MLA ||r(i)||/||b|| 4.0721347485230486e-06
381 MLA ||r(i)||/||b|| 4.0721392360317214e-06
382 MLA ||r(i)||/||b|| 4.0721370326381377e-06
383 MLA ||r(i)||/||b|| 4.0721382767945346e-06
384 MLA ||r(i)||/||b|| 4.0721371225413397e-06
385 MLA ||r(i)||/||b|| 4.0721365336523143e-06
386 MLA ||r(i)||/||b|| 4.0721363601403806e-06
387 MLA ||r(i)||/||b|| 4.0721338903487923e-06
388 MLA ||r(i)||/||b|| 4.0721326548930358e-06
389 MLA ||r(i)||/||b|| 4.0721286522226254e-06
390 MLA ||r(i)||/||b|| 4.0721255964249815e-06
391 MLA ||r(i)||/||b|| 4.0721159294935754e-06
392 MLA ||r(i)||/||b|| 4.0721140512745282e-06
393 MLA ||r(i)||/||b|| 4.0721140523222326e-06
394 MLA ||r(i)||/||b|| 4.0721125046599928e-06
395 MLA ||r(i)||/||b|| 4.0721150899242954e-06
396 MLA ||r(i)||/||b|| 4.0721028494781154e-06
397 MLA ||r(i)||/||b|| 4.0721004880262763e-06
398 MLA ||r(i)||/||b|| 4.0720917905803307e-06
399 MLA ||r(i)||/||b|| 4.0720881963909721e-06
400 MLA ||r(i)||/||b|| 4.0720159040103908e-06
401 MLA ||r(i)||/||b|| 4.0720191229352318e-06
402 MLA ||r(i)||/||b|| 4.0720157677815915e-06
403 MLA ||r(i)||/||b|| 4.0720154319250708e-06
404 MLA ||r(i)||/||b|| 4.0719102981287107e-06
405 MLA ||r(i)||/||b|| 4.0718542283597776e-06
406 MLA ||r(i)||/||b|| 4.0718579437641173e-06
407 MLA ||r(i)||/||b|| 4.0718587125304655e-06
408 MLA ||r(i)||/||b|| 4.0718616371276000e-06
409 MLA ||r(i)||/||b|| 4.0718721885105197e-06
410 MLA ||r(i)||/||b|| 4.0718597310275799e-06
411 MLA ||r(i)||/||b|| 4.0718560373581531e-06
412 MLA ||r(i)||/||b|| 4.0711422143143897e-06
413 MLA ||r(i)||/||b|| 4.0711427845735701e-06
414 MLA ||r(i)||/||b|| 4.0714029380155633e-06
415 MLA ||r(i)||/||b|| 4.0713991981359712e-06
416 MLA ||r(i)||/||b|| 4.0714025982619695e-06
417 MLA ||r(i)||/||b|| 4.0714042676410608e-06
418 MLA ||r(i)||/||b|| 4.0714074908681922e-06
419 MLA ||r(i)||/||b|| 4.0714139828456648e-06
420 MLA ||r(i)||/||b|| 4.0714176884796768e-06
421 MLA ||r(i)||/||b|| 4.0714171301849054e-06
422 MLA ||r(i)||/||b|| 4.0714280166979192e-06
423 MLA ||r(i)||/||b|| 4.0713683877996824e-06
424 MLA ||r(i)||/||b|| 4.0722946953594019e-06
425 MLA ||r(i)||/||b|| 4.0726140022864305e-06
426 MLA ||r(i)||/||b|| 4.0725900043677677e-06
427 MLA ||r(i)||/||b|| 4.0724685746522688e-06
428 MLA ||r(i)||/||b|| 4.0724703153482834e-06
429 MLA ||r(i)||/||b|| 4.0724723671260044e-06
430 MLA ||r(i)||/||b|| 4.0724602745253799e-06
431 MLA ||r(i)||/||b|| 4.0724556093668794e-06
432 MLA ||r(i)||/||b|| 4.0724284013830632e-06
433 MLA ||r(i)||/||b|| 4.0724062142106385e-06
434 MLA ||r(i)||/||b|| 4.0724061702810560e-06
435 MLA ||r(i)||/||b|| 4.0724108114002126e-06
436 MLA ||r(i)||/||b|| 4.0724121997635283e-06
437 MLA ||r(i)||/||b|| 4.0724072218272861e-06
438 MLA ||r(i)||/||b|| 4.0724065918884300e-06
439 MLA ||r(i)||/||b|| 4.0724010894030473e-06
440 MLA ||r(i)||/||b|| 4.0723898856295409e-06
441 MLA ||r(i)||/||b|| 4.0723175335051628e-06
442 MLA ||r(i)||/||b|| 4.0723168503347905e-06
443 MLA ||r(i)||/||b|| 4.0723197679215822e-06
444 MLA ||r(i)||/||b|| 4.0723503023954396e-06
445 MLA ||r(i)||/||b|| 4.0723546551456707e-06
446 MLA ||r(i)||/||b|| 4.0723517525313146e-06
447 MLA ||r(i)||/||b|| 4.0723613713098319e-06
448 MLA ||r(i)||/||b|| 4.0723615192300686e-06
449 MLA ||r(i)||/||b|| 4.0722680295028588e-06
450 MLA ||r(i)||/||b|| 4.0722699822004416e-06
451 MLA ||r(i)||/||b|| 4.0722608617807206e-06
452 MLA ||r(i)||/||b|| 4.0719945667188600e-06
453 MLA ||r(i)||/||b|| 4.0721288786408883e-06
454 MLA ||r(i)||/||b|| 4.0721313486296573e-06
455 MLA ||r(i)||/||b|| 4.0721480176327272e-06
456 MLA ||r(i)||/||b|| 4.0721495951752401e-06
457 MLA ||r(i)||/||b|| 4.0721474468133531e-06
458 MLA ||r(i)||/||b|| 4.0721481164934416e-06
459 MLA ||r(i)||/||b|| 4.0721406206270482e-06
460 MLA ||r(i)||/||b|| 4.0721404533769903e-06
461 MLA ||r(i)||/||b|| 4.0721378385602536e-06
462 MLA ||r(i)||/||b|| 4.0721396205224276e-06
463 MLA ||r(i)||/||b|| 4.0721408575546887e-06
464 MLA ||r(i)||/||b|| 4.0709638864231981e-06
465 MLA ||r(i)||/||b|| 4.0710418857817215e-06
466 MLA ||r(i)||/||b|| 4.0713104676013589e-06
467 MLA ||r(i)||/||b|| 4.0713325397178552e-06
468 MLA ||r(i)||/||b|| 4.0713287834533771e-06
469 MLA ||r(i)||/||b|| 4.0713272591044605e-06
470 MLA ||r(i)||/||b|| 4.0713272121226846e-06
471 MLA ||r(i)||/||b|| 4.0713243954682686e-06
472 MLA ||r(i)||/||b|| 4.0713191933091119e-06
473 MLA ||r(i)||/||b|| 4.0712850789708028e-06
474 MLA ||r(i)||/||b|| 4.0712625559690414e-06
475 MLA ||r(i)||/||b|| 4.0712570843853636e-06
476 MLA ||r(i)||/||b|| 4.0712579637864688e-06
477 MLA ||r(i)||/||b|| 4.0719163528800384e-06
478 MLA ||r(i)||/||b|| 4.0719068723871596e-06
479 MLA ||r(i)||/||b|| 4.0719101067467874e-06
480 MLA ||r(i)||/||b|| 4.0718636308870895e-06
481 MLA ||r(i)||/||b|| 4.0718636094753883e-06
482 MLA ||r(i)||/||b|| 4.0718671862894931e-06
483 MLA ||r(i)||/||b|| 4.0718620273337779e-06
484 MLA ||r(i)||/||b|| 4.0718637204770232e-06
485 MLA ||r(i)||/||b|| 4.0718600858686339e-06
486 MLA ||r(i)||/||b|| 4.0718622082780776e-06
487 MLA ||r(i)||/||b|| 4.0718603477410625e-06
488 MLA ||r(i)||/||b|| 4.0718582510052823e-06
489 MLA ||r(i)||/||b|| 4.0718584531726938e-06
490 MLA ||r(i)||/||b|| 4.0718523241361455e-06
491 MLA ||r(i)||/||b|| 4.0718505667308018e-06
492 MLA ||r(i)||/||b|| 4.0718619840278277e-06
493 MLA ||r(i)||/||b|| 4.0718529957260129e-06
494 MLA ||r(i)||/||b|| 4.0718692544230553e-06
495 MLA ||r(i)||/||b|| 4.0718703065003902e-06
496 MLA ||r(i)||/||b|| 4.0718720648155820e-06
497 MLA ||r(i)||/||b|| 4.0718680806474434e-06
498 MLA ||r(i)||/||b|| 4.0718688211497158e-06
499 MLA ||r(i)||/||b|| 4.0718683308852545e-06
500 MLA ||r(i)||/||b|| 4.0718676584711343e-06
501 MLA ||r(i)||/||b|| 4.0718682500115304e-06
502 MLA ||r(i)||/||b|| 4.0718670299356094e-06
503 MLA ||r(i)||/||b|| 4.0718690131856985e-06
504 MLA ||r(i)||/||b|| 4.0717724115269211e-06
505 MLA ||r(i)||/||b|| 4.0717713222619226e-06
506 MLA ||r(i)||/||b|| 4.0717693127334172e-06
507 MLA ||r(i)||/||b|| 4.0717690622817371e-06
508 MLA ||r(i)||/||b|| 4.0717821640070005e-06
509 MLA ||r(i)||/||b|| 4.0711202735316038e-06
510 MLA ||r(i)||/||b|| 4.0711266469640600e-06
511 MLA ||r(i)||/||b|| 4.0711261786476691e-06
512 MLA ||r(i)||/||b|| 4.0711301987160405e-06
513 MLA ||r(i)||/||b|| 4.0712162477943486e-06
514 MLA ||r(i)||/||b|| 4.0712175155003307e-06
515 MLA ||r(i)||/||b|| 4.0712141767660175e-06
516 MLA ||r(i)||/||b|| 4.0712139884106318e-06
517 MLA ||r(i)||/||b|| 4.0712153424510044e-06
518 MLA ||r(i)||/||b|| 4.0712450635365900e-06
519 MLA ||r(i)||/||b|| 4.0712462684138372e-06
520 MLA ||r(i)||/||b|| 4.0712494545453724e-06
521 MLA ||r(i)||/||b|| 4.0712505862390213e-06
522 MLA ||r(i)||/||b|| 4.0712491711142951e-06
523 MLA ||r(i)||/||b|| 4.0712439920587201e-06
524 MLA ||r(i)||/||b|| 4.0712323920700063e-06
525 MLA ||r(i)||/||b|| 4.0712576918952480e-06
526 MLA ||r(i)||/||b|| 4.0713408937753497e-06
527 MLA ||r(i)||/||b|| 4.0713525082312499e-06
528 MLA ||r(i)||/||b|| 4.0713568411588468e-06
529 MLA ||r(i)||/||b|| 4.0713586067663290e-06
530 MLA ||r(i)||/||b|| 4.0713591949364209e-06
531 MLA ||r(i)||/||b|| 4.0713606133588682e-06
532 MLA ||r(i)||/||b|| 4.0713599829407076e-06
533 MLA ||r(i)||/||b|| 4.0713600429533866e-06
534 MLA ||r(i)||/||b|| 4.0713593883303142e-06
535 MLA ||r(i)||/||b|| 4.0713548918482176e-06
536 MLA ||r(i)||/||b|| 4.0717753433723639e-06
537 MLA ||r(i)||/||b|| 4.0717746728770536e-06
538 MLA ||r(i)||/||b|| 4.0717802751744154e-06
539 MLA ||r(i)||/||b|| 4.0717496972376153e-06
540 MLA ||r(i)||/||b|| 4.0717494577190747e-06
541 MLA ||r(i)||/||b|| 4.0717405237907172e-06
542 MLA ||r(i)||/||b|| 4.0713971511199153e-06
543 MLA ||r(i)||/||b|| 4.0714092931530549e-06
544 MLA ||r(i)||/||b|| 4.0714024991294567e-06
545 MLA ||r(i)||/||b|| 4.0714061714762199e-06
546 MLA ||r(i)||/||b|| 4.0714044586708962e-06
547 MLA ||r(i)||/||b|| 4.0714046347213309e-06
548 MLA ||r(i)||/||b|| 4.0714028398232943e-06
549 MLA ||r(i)||/||b|| 4.0714043723937355e-06
550 MLA ||r(i)||/||b|| 4.0714047036330050e-06
551 MLA ||r(i)||/||b|| 4.0714055798952703e-06
552 MLA ||r(i)||/||b|| 4.0714068474695617e-06
553 MLA ||r(i)||/||b|| 4.0714112117985215e-06
554 MLA ||r(i)||/||b|| 4.0714111651646008e-06
555 MLA ||r(i)||/||b|| 4.0714113872271247e-06
556 MLA ||r(i)||/||b|| 4.0714119285445403e-06
557 MLA ||r(i)||/||b|| 4.0714117566387827e-06
558 MLA ||r(i)||/||b|| 4.0714103571508192e-06
559 MLA ||r(i)||/||b|| 4.0714113478289288e-06
560 MLA ||r(i)||/||b|| 4.0714140791000444e-06
561 MLA ||r(i)||/||b|| 4.0714099982578755e-06
562 MLA ||r(i)||/||b|| 4.0714103524324230e-06
563 MLA ||r(i)||/||b|| 4.0714621302579634e-06
564 MLA ||r(i)||/||b|| 4.0714703878493006e-06
565 MLA ||r(i)||/||b|| 4.0721257765263902e-06
566 MLA ||r(i)||/||b|| 4.0720579069050047e-06
567 MLA ||r(i)||/||b|| 4.0718952190946962e-06
568 MLA ||r(i)||/||b|| 4.0718964559527802e-06
569 MLA ||r(i)||/||b|| 4.0718978237469875e-06
570 MLA ||r(i)||/||b|| 4.0718968825323054e-06
571 MLA ||r(i)||/||b|| 4.0720513904601435e-06
572 MLA ||r(i)||/||b|| 4.0721059413432531e-06
573 MLA ||r(i)||/||b|| 4.0721032144759838e-06
574 MLA ||r(i)||/||b|| 4.0721034911889235e-06
575 MLA ||r(i)||/||b|| 4.0721029165278383e-06
576 MLA ||r(i)||/||b|| 4.0719676789699569e-06
577 MLA ||r(i)||/||b|| 4.0719671691626887e-06
578 MLA ||r(i)||/||b|| 4.0719663064011494e-06
579 MLA ||r(i)||/||b|| 4.0719631133792544e-06
580 MLA ||r(i)||/||b|| 4.0719464695161563e-06
581 MLA ||r(i)||/||b|| 4.0719367325269627e-06
582 MLA ||r(i)||/||b|| 4.0719319738796486e-06
583 MLA ||r(i)||/||b|| 4.0719212148989552e-06
584 MLA ||r(i)||/||b|| 4.0719211150202394e-06
585 MLA ||r(i)||/||b|| 4.0718964961646657e-06
586 MLA ||r(i)||/||b|| 4.0717637203280205e-06
587 MLA ||r(i)||/||b|| 4.0717647769639089e-06
588 MLA ||r(i)||/||b|| 4.0717339406015672e-06
589 MLA ||r(i)||/||b|| 4.0715802600264707e-06
590 MLA ||r(i)||/||b|| 4.0715786580272944e-06
591 MLA ||r(i)||/||b|| 4.0716795775899384e-06
592 MLA ||r(i)||/||b|| 4.0716826138592639e-06
593 MLA ||r(i)||/||b|| 4.0716829089145903e-06
594 MLA ||r(i)||/||b|| 4.0716975927406135e-06
595 MLA ||r(i)||/||b|| 4.0714092482421093e-06
596 MLA ||r(i)||/||b|| 4.0714041015872056e-06
597 MLA ||r(i)||/||b|| 4.0714075965937969e-06
598 MLA ||r(i)||/||b|| 4.0714141577405932e-06
599 MLA ||r(i)||/||b|| 4.0714163018443473e-06
600 MLA ||r(i)||/||b|| 4.0714160978922170e-06
601 MLA ||r(i)||/||b|| 4.0714204195453454e-06
602 MLA ||r(i)||/||b|| 4.0714585561264780e-06
603 MLA ||r(i)||/||b|| 4.0714649078884687e-06
604 MLA ||r(i)||/||b|| 4.0714628911428259e-06
605 MLA ||r(i)||/||b|| 4.0714631506603488e-06
606 MLA ||r(i)||/||b|| 4.0714654784848987e-06
607 MLA ||r(i)||/||b|| 4.0714625634164901e-06
608 MLA ||r(i)||/||b|| 4.0715839231052112e-06
609 MLA ||r(i)||/||b|| 4.0715774852520148e-06
610 MLA ||r(i)||/||b|| 4.0715832576258962e-06
611 MLA ||r(i)||/||b|| 4.0715829951684540e-06
612 MLA ||r(i)||/||b|| 4.0715804147008660e-06
613 MLA ||r(i)||/||b|| 4.0715849589085665e-06
614 MLA ||r(i)||/||b|| 4.0715851962654637e-06
615 MLA ||r(i)||/||b|| 4.0715854055049583e-06
616 MLA ||r(i)||/||b|| 4.0715840346007611e-06
617 MLA ||r(i)||/||b|| 4.0715838759903333e-06
618 MLA ||r(i)||/||b|| 4.0715843874881734e-06
619 MLA ||r(i)||/||b|| 4.0715858988292262e-06
620 MLA ||r(i)||/||b|| 4.0716198013168999e-06
621 MLA ||r(i)||/||b|| 4.0716202906106005e-06
622 MLA ||r(i)||/||b|| 4.0716175605069326e-06
623 MLA ||r(i)||/||b|| 4.0716161341619624e-06
624 MLA ||r(i)||/||b|| 4.0716190093644706e-06
625 MLA ||r(i)||/||b|| 4.0716183808566183e-06
626 MLA ||r(i)||/||b|| 4.0716176778297431e-06
627 MLA ||r(i)||/||b|| 4.0716095734610917e-06
628 MLA ||r(i)||/||b|| 4.0716051588180708e-06
629 MLA ||r(i)||/||b|| 4.0716051757391598e-06
630 MLA ||r(i)||/||b|| 4.0715856408299336e-06
631 MLA ||r(i)||/||b|| 4.0715879804185377e-06
632 MLA ||r(i)||/||b|| 4.0715894263702589e-06
633 MLA ||r(i)||/||b|| 4.0715125892100681e-06
634 MLA ||r(i)||/||b|| 4.0715217118417936e-06
635 MLA ||r(i)||/||b|| 4.0715217642781272e-06
636 MLA ||r(i)||/||b|| 4.0715226628589881e-06
637 MLA ||r(i)||/||b|| 4.0715238084982594e-06
638 MLA ||r(i)||/||b|| 4.0715204357515533e-06
639 MLA ||r(i)||/||b|| 4.0715234966424453e-06
640 MLA ||r(i)||/||b|| 4.0715255864830173e-06
641 MLA ||r(i)||/||b|| 4.0715249588190156e-06
642 MLA ||r(i)||/||b|| 4.0715258626212571e-06
643 MLA ||r(i)||/||b|| 4.0715265145323434e-06
644 MLA ||r(i)||/||b|| 4.0715265368667235e-06
645 MLA ||r(i)||/||b|| 4.0715388938216341e-06
646 MLA ||r(i)||/||b|| 4.0715379316471175e-06
647 MLA ||r(i)||/||b|| 4.0715396575119603e-06
648 MLA ||r(i)||/||b|| 4.0715367807411368e-06
649 MLA ||r(i)||/||b|| 4.0715467117614729e-06
650 MLA ||r(i)||/||b|| 4.0715473632826082e-06
651 MLA ||r(i)||/||b|| 4.0715491451769060e-06
652 MLA ||r(i)||/||b|| 4.0715487094069412e-06
653 MLA ||r(i)||/||b|| 4.0715513217714700e-06
654 MLA ||r(i)||/||b|| 4.0715505225391161e-06
655 MLA ||r(i)||/||b|| 4.0715507823844120e-06
656 MLA ||r(i)||/||b|| 4.0715511382103078e-06
657 MLA ||r(i)||/||b|| 4.0715526476693059e-06
658 MLA ||r(i)||/||b|| 4.0722403501738567e-06
659 MLA ||r(i)||/||b|| 4.0722092308235722e-06
660 MLA ||r(i)||/||b|| 4.0713684663616927e-06
661 MLA ||r(i)||/||b|| 4.0714229811192706e-06
662 MLA ||r(i)||/||b|| 4.0714245368974642e-06
663 MLA ||r(i)||/||b|| 4.0714195539446050e-06
664 MLA ||r(i)||/||b|| 4.0714276167691948e-06
665 MLA ||r(i)||/||b|| 4.0714253568410433e-06
666 MLA ||r(i)||/||b|| 4.0714276857702020e-06
667 MLA ||r(i)||/||b|| 4.0714272772226022e-06
668 MLA ||r(i)||/||b|| 4.0714544956459030e-06
669 MLA ||r(i)||/||b|| 4.0714540814008148e-06
670 MLA ||r(i)||/||b|| 4.0714544006435143e-06
671 MLA ||r(i)||/||b|| 4.0723390136662837e-06
672 MLA ||r(i)||/||b|| 4.0721638593476317e-06
673 MLA ||r(i)||/||b|| 4.0721257545783172e-06
674 MLA ||r(i)||/||b|| 4.0721265663618927e-06
675 MLA ||r(i)||/||b|| 4.0721336385711956e-06
676 MLA ||r(i)||/||b|| 4.0721356992409448e-06
677 MLA ||r(i)||/||b|| 4.0721373079959306e-06
678 MLA ||r(i)||/||b|| 4.0721383925977858e-06
679 MLA ||r(i)||/||b|| 4.0721387194900322e-06
680 MLA ||r(i)||/||b|| 4.0721402626749685e-06
681 MLA ||r(i)||/||b|| 4.0721418098715256e-06
682 MLA ||r(i)||/||b|| 4.0720251632388998e-06
683 MLA ||r(i)||/||b|| 4.0720275488498626e-06
684 MLA ||r(i)||/||b|| 4.0720277032430937e-06
685 MLA ||r(i)||/||b|| 4.0720251170513468e-06
686 MLA ||r(i)||/||b|| 4.0719859266572232e-06
687 MLA ||r(i)||/||b|| 4.0719986669391166e-06
688 MLA ||r(i)||/||b|| 4.0720012930996861e-06
689 MLA ||r(i)||/||b|| 4.0720049387317425e-06
690 MLA ||r(i)||/||b|| 4.0720027896916380e-06
691 MLA ||r(i)||/||b|| 4.0720170641090337e-06
692 MLA ||r(i)||/||b|| 4.0720307925842012e-06
693 MLA ||r(i)||/||b|| 4.0720306419013174e-06
694 MLA ||r(i)||/||b|| 4.0720364328103837e-06
695 MLA ||r(i)||/||b|| 4.0720350507686833e-06
696 MLA ||r(i)||/||b|| 4.0720328267793504e-06
697 MLA ||r(i)||/||b|| 4.0720327136641260e-06
698 MLA ||r(i)||/||b|| 4.0720328869227969e-06
699 MLA ||r(i)||/||b|| 4.0720339891725428e-06
700 MLA ||r(i)||/||b|| 4.0720362849262568e-06
701 MLA ||r(i)||/||b|| 4.0720368431182696e-06
702 MLA ||r(i)||/||b|| 4.0720368972318512e-06
703 MLA ||r(i)||/||b|| 4.0720372847551064e-06
704 MLA ||r(i)||/||b|| 4.0720272634752029e-06
705 MLA ||r(i)||/||b|| 4.0720287916077522e-06
706 MLA ||r(i)||/||b|| 4.0720658103072076e-06
707 MLA ||r(i)||/||b|| 4.0720672735919936e-06
708 MLA ||r(i)||/||b|| 4.0720673909822415e-06
709 MLA ||r(i)||/||b|| 4.0720676161398263e-06
710 MLA ||r(i)||/||b|| 4.0720526999076669e-06
711 MLA ||r(i)||/||b|| 4.0720525895912911e-06
712 MLA ||r(i)||/||b|| 4.0720546644664511e-06
713 MLA ||r(i)||/||b|| 4.0720546196247590e-06
714 MLA ||r(i)||/||b|| 4.0720644139525401e-06
715 MLA ||r(i)||/||b|| 4.0720672117573780e-06
716 MLA ||r(i)||/||b|| 4.0720670140399083e-06
717 MLA ||r(i)||/||b|| 4.0720645296991019e-06
718 MLA ||r(i)||/||b|| 4.0720651630459281e-06
719 MLA ||r(i)||/||b|| 4.0720673198671187e-06
720 MLA ||r(i)||/||b|| 4.0720674042092174e-06
721 MLA ||r(i)||/||b|| 4.0720771498006100e-06
722 MLA ||r(i)||/||b|| 4.0706871887165123e-06
723 MLA ||r(i)||/||b|| 4.0707548250879567e-06
724 MLA ||r(i)||/||b|| 4.0707566240721768e-06
725 MLA ||r(i)||/||b|| 4.0707644242637819e-06
726 MLA ||r(i)||/||b|| 4.0708011337652678e-06
727 MLA ||r(i)||/||b|| 4.0707897426937932e-06
728 MLA ||r(i)||/||b|| 4.0713790363369119e-06
729 MLA ||r(i)||/||b|| 4.0713973431734960e-06
730 MLA ||r(i)||/||b|| 4.0713945202902444e-06
731 MLA ||r(i)||/||b|| 4.0713902816063963e-06
732 MLA ||r(i)||/||b|| 4.0713886586615664e-06
733 MLA ||r(i)||/||b|| 4.0716269296115119e-06
734 MLA ||r(i)||/||b|| 4.0716298304158933e-06
735 MLA ||r(i)||/||b|| 4.0716342591160096e-06
736 MLA ||r(i)||/||b|| 4.0716329768282723e-06
737 MLA ||r(i)||/||b|| 4.0716343516178994e-06
738 MLA ||r(i)||/||b|| 4.0716330565570662e-06
739 MLA ||r(i)||/||b|| 4.0716346183510733e-06
740 MLA ||r(i)||/||b|| 4.0716355907072097e-06
741 MLA ||r(i)||/||b|| 4.0716344653306767e-06
742 MLA ||r(i)||/||b|| 4.0716423627493153e-06
743 MLA ||r(i)||/||b|| 4.0716454498204074e-06
744 MLA ||r(i)||/||b|| 4.0717845649998335e-06
745 MLA ||r(i)||/||b|| 4.0717887274504640e-06
746 MLA ||r(i)||/||b|| 4.0717929430803301e-06
747 MLA ||r(i)||/||b|| 4.0715291170163058e-06
748 MLA ||r(i)||/||b|| 4.0715291257926945e-06
749 MLA ||r(i)||/||b|| 4.0715302720918730e-06
750 MLA ||r(i)||/||b|| 4.0715335591103694e-06
751 MLA ||r(i)||/||b|| 4.0716323335348196e-06
752 MLA ||r(i)||/||b|| 4.0716335342194120e-06
753 MLA ||r(i)||/||b|| 4.0716260909280767e-06
754 MLA ||r(i)||/||b|| 4.0716273057517235e-06
755 MLA ||r(i)||/||b|| 4.0716378210747566e-06
756 MLA ||r(i)||/||b|| 4.0716374206473389e-06
757 MLA ||r(i)||/||b|| 4.0716374868127162e-06
758 MLA ||r(i)||/||b|| 4.0716369825794593e-06
759 MLA ||r(i)||/||b|| 4.0716395089208848e-06
760 MLA ||r(i)||/||b|| 4.0716343645116857e-06
761 MLA ||r(i)||/||b|| 4.0727348724898081e-06
762 MLA ||r(i)||/||b|| 4.0727070211181636e-06
763 MLA ||r(i)||/||b|| 4.0727056605445954e-06
764 MLA ||r(i)||/||b|| 4.0727094697619116e-06
765 MLA ||r(i)||/||b|| 4.0725356170605954e-06
766 MLA ||r(i)||/||b|| 4.0725357313116366e-06
767 MLA ||r(i)||/||b|| 4.0725343866819864e-06
768 MLA ||r(i)||/||b|| 4.0725426877710760e-06
769 MLA ||r(i)||/||b|| 4.0725284315174218e-06
770 MLA ||r(i)||/||b|| 4.0725339954702508e-06
771 MLA ||r(i)||/||b|| 4.0725362860632108e-06
772 MLA ||r(i)||/||b|| 4.0725318782597022e-06
773 MLA ||r(i)||/||b|| 4.0725327680746802e-06
774 MLA ||r(i)||/||b|| 4.0724504963264494e-06
775 MLA ||r(i)||/||b|| 4.0725022653226243e-06
776 MLA ||r(i)||/||b|| 4.0725066898925241e-06
777 MLA ||r(i)||/||b|| 4.0719283394599511e-06
778 MLA ||r(i)||/||b|| 4.0719285697153842e-06
779 MLA ||r(i)||/||b|| 4.0719315177080541e-06
780 MLA ||r(i)||/||b|| 4.0719395472110903e-06
781 MLA ||r(i)||/||b|| 4.0721749869704976e-06
782 MLA ||r(i)||/||b|| 4.0721461844792650e-06
783 MLA ||r(i)||/||b|| 4.0721315320318289e-06
784 MLA ||r(i)||/||b|| 4.0721138787801530e-06
785 MLA ||r(i)||/||b|| 4.0721136317112311e-06
786 MLA ||r(i)||/||b|| 4.0721076900115680e-06
787 MLA ||r(i)||/||b|| 4.0719346649965566e-06
788 MLA ||r(i)||/||b|| 4.0719246499645248e-06
789 MLA ||r(i)||/||b|| 4.0719232411284253e-06
790 MLA ||r(i)||/||b|| 4.0719301639104590e-06
791 MLA ||r(i)||/||b|| 4.0719321326173481e-06
792 MLA ||r(i)||/||b|| 4.0719354683405727e-06
793 MLA ||r(i)||/||b|| 4.0719443279616072e-06
794 MLA ||r(i)||/||b|| 4.0719446700961014e-06
795 MLA ||r(i)||/||b|| 4.0719439922666522e-06
796 MLA ||r(i)||/||b|| 4.0719434821174292e-06
797 MLA ||r(i)||/||b|| 4.0719471606376353e-06
798 MLA ||r(i)||/||b|| 4.0719547126439477e-06
799 MLA ||r(i)||/||b|| 4.0719501230519423e-06
800 MLA ||r(i)||/||b|| 4.0719533020194669e-06
801 MLA ||r(i)||/||b|| 4.0719665866138717e-06
802 MLA ||r(i)||/||b|| 4.0719729823347209e-06
803 MLA ||r(i)||/||b|| 4.0719587119741937e-06
804 MLA ||r(i)||/||b|| 4.0719573779603016e-06
805 MLA ||r(i)||/||b|| 4.0719590761246396e-06
806 MLA ||r(i)||/||b|| 4.0719570564283456e-06
807 MLA ||r(i)||/||b|| 4.0719552856773321e-06
808 MLA ||r(i)||/||b|| 4.0719533408606133e-06
809 MLA ||r(i)||/||b|| 4.0719474381387561e-06
810 MLA ||r(i)||/||b|| 4.0719604107638690e-06
811 MLA ||r(i)||/||b|| 4.0719630467644169e-06
812 MLA ||r(i)||/||b|| 4.0719575710936883e-06
813 MLA ||r(i)||/||b|| 4.0719585913151636e-06
814 MLA ||r(i)||/||b|| 4.0719521027034509e-06
815 MLA ||r(i)||/||b|| 4.0719492594189992e-06
816 MLA ||r(i)||/||b|| 4.0719455838911928e-06
817 MLA ||r(i)||/||b|| 4.0719827043776319e-06
818 MLA ||r(i)||/||b|| 4.0719804854427479e-06
819 MLA ||r(i)||/||b|| 4.0719816065651638e-06
820 MLA ||r(i)||/||b|| 4.0719815920088179e-06
821 MLA ||r(i)||/||b|| 4.0719928889972591e-06
822 MLA ||r(i)||/||b|| 4.0720078153457167e-06
823 MLA ||r(i)||/||b|| 4.0720069365098654e-06
824 MLA ||r(i)||/||b|| 4.0720194051629083e-06
825 MLA ||r(i)||/||b|| 4.0720236451390831e-06
826 MLA ||r(i)||/||b|| 4.0720377480903787e-06
827 MLA ||r(i)||/||b|| 4.0705663177953141e-06
828 MLA ||r(i)||/||b|| 4.0705778278268937e-06
829 MLA ||r(i)||/||b|| 4.0705777487198042e-06
830 MLA ||r(i)||/||b|| 4.0707329000067044e-06
831 MLA ||r(i)||/||b|| 4.0707359364996187e-06
832 MLA ||r(i)||/||b|| 4.0707260856553413e-06
833 MLA ||r(i)||/||b|| 4.0706976217590292e-06
834 MLA ||r(i)||/||b|| 4.0708095624957292e-06
835 MLA ||r(i)||/||b|| 4.0709177906151117e-06
836 MLA ||r(i)||/||b|| 4.0709514221795471e-06
837 MLA ||r(i)||/||b|| 4.0710564763580670e-06
838 MLA ||r(i)||/||b|| 4.0710159409852309e-06
839 MLA ||r(i)||/||b|| 4.0712070134988550e-06
840 MLA ||r(i)||/||b|| 4.0712105471826621e-06
841 MLA ||r(i)||/||b|| 4.0714687223550251e-06
842 MLA ||r(i)||/||b|| 4.0714686113210887e-06
843 MLA ||r(i)||/||b|| 4.0714678938522949e-06
844 MLA ||r(i)||/||b|| 4.0714591798839892e-06
845 MLA ||r(i)||/||b|| 4.0714547498180305e-06
846 MLA ||r(i)||/||b|| 4.0714557444446740e-06
847 MLA ||r(i)||/||b|| 4.0714547941679311e-06
848 MLA ||r(i)||/||b|| 4.0715269072200043e-06
849 MLA ||r(i)||/||b|| 4.0715273697057872e-06
850 MLA ||r(i)||/||b|| 4.0719418083462306e-06
851 MLA ||r(i)||/||b|| 4.0719384739484906e-06
852 MLA ||r(i)||/||b|| 4.0719116602621612e-06
853 MLA ||r(i)||/||b|| 4.0719176474507699e-06
854 MLA ||r(i)||/||b|| 4.0719058429148097e-06
855 MLA ||r(i)||/||b|| 4.0719037255979195e-06
856 MLA ||r(i)||/||b|| 4.0719073757174175e-06
857 MLA ||r(i)||/||b|| 4.0718768597347502e-06
858 MLA ||r(i)||/||b|| 4.0718717110534481e-06
859 MLA ||r(i)||/||b|| 4.0718673249634995e-06
860 MLA ||r(i)||/||b|| 4.0718677562175573e-06
861 MLA ||r(i)||/||b|| 4.0718672789361696e-06
862 MLA ||r(i)||/||b|| 4.0718756009408854e-06
863 MLA ||r(i)||/||b|| 4.0718752783267839e-06
864 MLA ||r(i)||/||b|| 4.0718814121899588e-06
865 MLA ||r(i)||/||b|| 4.0718859606161172e-06
866 MLA ||r(i)||/||b|| 4.0719941913680400e-06
867 MLA ||r(i)||/||b|| 4.0719918162271328e-06
868 MLA ||r(i)||/||b|| 4.0719970015502916e-06
869 MLA ||r(i)||/||b|| 4.0719939261904388e-06
870 MLA ||r(i)||/||b|| 4.0719956501883016e-06
871 MLA ||r(i)||/||b|| 4.0719938984300605e-06
872 MLA ||r(i)||/||b|| 4.0719987977116702e-06
873 MLA ||r(i)||/||b|| 4.0719971295718339e-06
874 MLA ||r(i)||/||b|| 4.0719962489720661e-06
875 MLA ||r(i)||/||b|| 4.0719964780734973e-06
876 MLA ||r(i)||/||b|| 4.0719925098823432e-06
877 MLA ||r(i)||/||b|| 4.0719961609868855e-06
878 MLA ||r(i)||/||b|| 4.0719953339267684e-06
879 MLA ||r(i)||/||b|| 4.0719975745443102e-06
880 MLA ||r(i)||/||b|| 4.0719938305051781e-06
881 MLA ||r(i)||/||b|| 4.0719929966813149e-06
882 MLA ||r(i)||/||b|| 4.0719970784526628e-06
883 MLA ||r(i)||/||b|| 4.0709272835122858e-06
884 MLA ||r(i)||/||b|| 4.0709280670122351e-06
885 MLA ||r(i)||/||b|| 4.0709302677960848e-06
886 MLA ||r(i)||/||b|| 4.0716240670843961e-06
887 MLA ||r(i)||/||b|| 4.0716241738993665e-06
888 MLA ||r(i)||/||b|| 4.0716231678025222e-06
889 MLA ||r(i)||/||b|| 4.0715110584358476e-06
890 MLA ||r(i)||/||b|| 4.0715100791658251e-06
891 MLA ||r(i)||/||b|| 4.0715100345532977e-06
892 MLA ||r(i)||/||b|| 4.0715134760461075e-06
893 MLA ||r(i)||/||b|| 4.0715093960476038e-06
894 MLA ||r(i)||/||b|| 4.0715098778190580e-06
895 MLA ||r(i)||/||b|| 4.0715099951568102e-06
896 MLA ||r(i)||/||b|| 4.0715105723369282e-06
897 MLA ||r(i)||/||b|| 4.0715098349672852e-06
898 MLA ||r(i)||/||b|| 4.0715113907917369e-06
899 MLA ||r(i)||/||b|| 4.0715155763709171e-06
900 MLA ||r(i)||/||b|| 4.0715131610091231e-06
901 MLA ||r(i)||/||b|| 4.0715158545879815e-06
902 MLA ||r(i)||/||b|| 4.0715172710911445e-06
903 MLA ||r(i)||/||b|| 4.0715178628620861e-06
904 MLA ||r(i)||/||b|| 4.0715190472524167e-06
905 MLA ||r(i)||/||b|| 4.0720962817934080e-06
906 MLA ||r(i)||/||b|| 4.0720971124963775e-06
907 MLA ||r(i)||/||b|| 4.0720567434026742e-06
908 MLA ||r(i)||/||b|| 4.0720301819826576e-06
909 MLA ||r(i)||/||b|| 4.0720281610535529e-06
910 MLA ||r(i)||/||b|| 4.0720108368276631e-06
911 MLA ||r(i)||/||b|| 4.0720036359577519e-06
912 MLA ||r(i)||/||b|| 4.0720047469745777e-06
913 MLA ||r(i)||/||b|| 4.0719938761161828e-06
914 MLA ||r(i)||/||b|| 4.0719941505132388e-06
915 MLA ||r(i)||/||b|| 4.0719955716048623e-06
916 MLA ||r(i)||/||b|| 4.0719739920763183e-06
917 MLA ||r(i)||/||b|| 4.0719745510842678e-06
918 MLA ||r(i)||/||b|| 4.0719767658710671e-06
919 MLA ||r(i)||/||b|| 4.0719823463723822e-06
920 MLA ||r(i)||/||b|| 4.0719763713134946e-06
921 MLA ||r(i)||/||b|| 4.0719774896982263e-06
922 MLA ||r(i)||/||b|| 4.0719748549410635e-06
923 MLA ||r(i)||/||b|| 4.0719764803993510e-06
924 MLA ||r(i)||/||b|| 4.0719755458673125e-06
925 MLA ||r(i)||/||b|| 4.0719795153583335e-06
926 MLA ||r(i)||/||b|| 4.0719774451772056e-06
927 MLA ||r(i)||/||b|| 4.0719871927188890e-06
928 MLA ||r(i)||/||b|| 4.0719860494977020e-06
929 MLA ||r(i)||/||b|| 4.0719845359317223e-06
930 MLA ||r(i)||/||b|| 4.0719823622705045e-06
931 MLA ||r(i)||/||b|| 4.0719846943887575e-06
932 MLA ||r(i)||/||b|| 4.0719404008563824e-06
933 MLA ||r(i)||/||b|| 4.0719409801830505e-06
934 MLA ||r(i)||/||b|| 4.0719399573615839e-06
935 MLA ||r(i)||/||b|| 4.0711680460393824e-06
936 MLA ||r(i)||/||b|| 4.0713364117174195e-06
937 MLA ||r(i)||/||b|| 4.0713570897344396e-06
938 MLA ||r(i)||/||b|| 4.0713555622847073e-06
939 MLA ||r(i)||/||b|| 4.0713458865686667e-06
940 MLA ||r(i)||/||b|| 4.0713417729607867e-06
941 MLA ||r(i)||/||b|| 4.0713463540948835e-06
942 MLA ||r(i)||/||b|| 4.0713433285330200e-06
943 MLA ||r(i)||/||b|| 4.0713424887946146e-06
944 MLA ||r(i)||/||b|| 4.0713439394909705e-06
945 MLA ||r(i)||/||b|| 4.0713442371326324e-06
946 MLA ||r(i)||/||b|| 4.0713441952565534e-06
947 MLA ||r(i)||/||b|| 4.0713422244720364e-06
948 MLA ||r(i)||/||b|| 4.0713423370550174e-06
949 MLA ||r(i)||/||b|| 4.0713450689535032e-06
950 MLA ||r(i)||/||b|| 4.0713425044788281e-06
951 MLA ||r(i)||/||b|| 4.0713422719776090e-06
952 MLA ||r(i)||/||b|| 4.0713274608533234e-06
953 MLA ||r(i)||/||b|| 4.0713324348481587e-06
954 MLA ||r(i)||/||b|| 4.0713523099450357e-06
955 MLA ||r(i)||/||b|| 4.0713542716641131e-06
956 MLA ||r(i)||/||b|| 4.0713845604359734e-06
957 MLA ||r(i)||/||b|| 4.0713891469797240e-06
958 MLA ||r(i)||/||b|| 4.0719534226438644e-06
959 MLA ||r(i)||/||b|| 4.0719576795523032e-06
960 MLA ||r(i)||/||b|| 4.0719597303142767e-06
961 MLA ||r(i)||/||b|| 4.0719597299953400e-06
962 MLA ||r(i)||/||b|| 4.0719354745397977e-06
963 MLA ||r(i)||/||b|| 4.0717797669285516e-06
964 MLA ||r(i)||/||b|| 4.0717756083216965e-06
965 MLA ||r(i)||/||b|| 4.0717784581892163e-06
966 MLA ||r(i)||/||b|| 4.0717749608018856e-06
967 MLA ||r(i)||/||b|| 4.0717782496009300e-06
968 MLA ||r(i)||/||b|| 4.0717775157658436e-06
969 MLA ||r(i)||/||b|| 4.0717738917197264e-06
970 MLA ||r(i)||/||b|| 4.0717768834384503e-06
971 MLA ||r(i)||/||b|| 4.0717797215521716e-06
972 MLA ||r(i)||/||b|| 4.0717808762332731e-06
973 MLA ||r(i)||/||b|| 4.0717782375908075e-06
974 MLA ||r(i)||/||b|| 4.0717787931772537e-06
975 MLA ||r(i)||/||b|| 4.0717770743295426e-06
976 MLA ||r(i)||/||b|| 4.0717800041082225e-06
977 MLA ||r(i)||/||b|| 4.0717749137205325e-06
978 MLA ||r(i)||/||b|| 4.0717747159254110e-06
979 MLA ||r(i)||/||b|| 4.0717763215562877e-06
980 MLA ||r(i)||/||b|| 4.0717776361703268e-06
981 MLA ||r(i)||/||b|| 4.0717780409266851e-06
982 MLA ||r(i)||/||b|| 4.0717793125933576e-06
983 MLA ||r(i)||/||b|| 4.0717816504053254e-06
984 MLA ||r(i)||/||b|| 4.0717790809721076e-06
985 MLA ||r(i)||/||b|| 4.0717803048890723e-06
986 MLA ||r(i)||/||b|| 4.0717857798879818e-06
987 MLA ||r(i)||/||b|| 4.0717855938907478e-06
988 MLA ||r(i)||/||b|| 4.0717838186971912e-06
989 MLA ||r(i)||/||b|| 4.0717832646007657e-06
990 MLA ||r(i)||/||b|| 4.0717831573998829e-06
991 MLA ||r(i)||/||b|| 4.0717811570026282e-06
992 MLA ||r(i)||/||b|| 4.0717751384669650e-06
993 MLA ||r(i)||/||b|| 4.0716634613698441e-06
994 MLA ||r(i)||/||b|| 4.0716628259881085e-06
995 MLA ||r(i)||/||b|| 4.0716569292704655e-06
996 MLA ||r(i)||/||b|| 4.0716603395732665e-06
997 MLA ||r(i)||/||b|| 4.0716599077484102e-06
998 MLA ||r(i)||/||b|| 4.0716033242482348e-06
999 MLA ||r(i)||/||b|| 4.0716185598559609e-06
1000 MLA ||r(i)||/||b|| 4.0716213861496576e-06
>>>> mla solve time: 0.58995 (s)
>>>> ksp solve time: 0.00169778 (s)
            || b ||_2 = 2.6501139470351753e+00
|| r ||_2 / || b ||_2 = 1.4365554870196187e+01
