Config file: ../input/config/mla_v_cycle-refine3.json
order_rbm = 1
==== basic information of linear system ====
matrix Row = 73482, matrix Column = 73482
matrix nz_allocated = 1513726, matrix nz_used = 1513726, matrix nz_unneeded = 0
vector Row = 73482
  0 KSP unpreconditioned resid norm 3.645678991486e-01 true resid norm 3.645678991486e-01 ||r(i)||/||b|| 1.000000000000e+00
  1 KSP unpreconditioned resid norm 7.946121266975e+00 true resid norm 7.946121266975e+00 ||r(i)||/||b|| 2.179599818177e+01
  2 KSP unpreconditioned resid norm 5.694547791341e+00 true resid norm 5.694547791341e+00 ||r(i)||/||b|| 1.561999233789e+01
  3 KSP unpreconditioned resid norm 6.543686912022e+00 true resid norm 6.543686912022e+00 ||r(i)||/||b|| 1.794915824268e+01
  4 KSP unpreconditioned resid norm 7.412324232360e+00 true resid norm 7.412324232360e+00 ||r(i)||/||b|| 2.033180718782e+01
  5 KSP unpreconditioned resid norm 7.927217213462e+00 true resid norm 7.927217213462e+00 ||r(i)||/||b|| 2.174414486842e+01
  6 KSP unpreconditioned resid norm 7.983318864015e+00 true resid norm 7.983318864015e+00 ||r(i)||/||b|| 2.189803019591e+01
  7 KSP unpreconditioned resid norm 7.835358240578e+00 true resid norm 7.835358240578e+00 ||r(i)||/||b|| 2.149217816181e+01
  8 KSP unpreconditioned resid norm 8.504511722436e+00 true resid norm 8.504511722436e+00 ||r(i)||/||b|| 2.332764827155e+01
  9 KSP unpreconditioned resid norm 9.042419336715e+00 true resid norm 9.042419336715e+00 ||r(i)||/||b|| 2.480311447561e+01
 10 KSP unpreconditioned resid norm 8.663616385095e+00 true resid norm 8.663616385095e+00 ||r(i)||/||b|| 2.376406810728e+01
 11 KSP unpreconditioned resid norm 9.362408182479e+00 true resid norm 9.362408182479e+00 ||r(i)||/||b|| 2.568083532407e+01
 12 KSP unpreconditioned resid norm 8.672910816572e+00 true resid norm 8.672910816572e+00 ||r(i)||/||b|| 2.378956248431e+01
 13 KSP unpreconditioned resid norm 9.554247455313e+00 true resid norm 9.554247455313e+00 ||r(i)||/||b|| 2.620704532030e+01
 14 KSP unpreconditioned resid norm 9.052245606245e+00 true resid norm 9.052245606245e+00 ||r(i)||/||b|| 2.483006767020e+01
 15 KSP unpreconditioned resid norm 8.860111308026e+00 true resid norm 8.860111308026e+00 ||r(i)||/||b|| 2.430304842724e+01
 16 KSP unpreconditioned resid norm 9.674415126435e+00 true resid norm 9.674415126435e+00 ||r(i)||/||b|| 2.653666202929e+01
 17 KSP unpreconditioned resid norm 9.786409123699e+00 true resid norm 9.786409123699e+00 ||r(i)||/||b|| 2.684385856943e+01
 18 KSP unpreconditioned resid norm 9.426458415839e+00 true resid norm 9.426458415839e+00 ||r(i)||/||b|| 2.585652340168e+01
 19 KSP unpreconditioned resid norm 9.775782137576e+00 true resid norm 9.775782137576e+00 ||r(i)||/||b|| 2.681470903062e+01
 20 KSP unpreconditioned resid norm 1.055411211670e+01 true resid norm 1.055411211670e+01 ||r(i)||/||b|| 2.894964735333e+01
 21 KSP unpreconditioned resid norm 9.903664056265e+00 true resid norm 9.903664056265e+00 ||r(i)||/||b|| 2.716548571444e+01
 22 KSP unpreconditioned resid norm 1.023120825797e+01 true resid norm 1.023120825797e+01 ||r(i)||/||b|| 2.806393070223e+01
 23 KSP unpreconditioned resid norm 9.839850332253e+00 true resid norm 9.839850332253e+00 ||r(i)||/||b|| 2.699044637564e+01
 24 KSP unpreconditioned resid norm 1.023609024982e+01 true resid norm 1.023609024982e+01 ||r(i)||/||b|| 2.807732187537e+01
 25 KSP unpreconditioned resid norm 1.068280235917e+01 true resid norm 1.068280235917e+01 ||r(i)||/||b|| 2.930264124766e+01
 26 KSP unpreconditioned resid norm 1.033994238275e+01 true resid norm 1.033994238275e+01 ||r(i)||/||b|| 2.836218549932e+01
 27 KSP unpreconditioned resid norm 1.064987328612e+01 true resid norm 1.064987328612e+01 ||r(i)||/||b|| 2.921231768072e+01
 28 KSP unpreconditioned resid norm 1.048976177018e+01 true resid norm 1.048976177018e+01 ||r(i)||/||b|| 2.877313607335e+01
 29 KSP unpreconditioned resid norm 1.037929091082e+01 true resid norm 1.037929091082e+01 ||r(i)||/||b|| 2.847011745975e+01
 30 KSP unpreconditioned resid norm 1.072572588212e+01 true resid norm 1.072572588212e+01 ||r(i)||/||b|| 2.942037932350e+01
 31 KSP unpreconditioned resid norm 1.057620931926e+01 true resid norm 1.057620931926e+01 ||r(i)||/||b|| 2.901025938916e+01
 32 KSP unpreconditioned resid norm 1.049298913197e+01 true resid norm 1.049298913197e+01 ||r(i)||/||b|| 2.878198864046e+01
 33 KSP unpreconditioned resid norm 1.103599831104e+01 true resid norm 1.103599831104e+01 ||r(i)||/||b|| 3.027144830032e+01
 34 KSP unpreconditioned resid norm 1.153091178596e+01 true resid norm 1.153091178596e+01 ||r(i)||/||b|| 3.162898272965e+01
 35 KSP unpreconditioned resid norm 1.154983970628e+01 true resid norm 1.154983970628e+01 ||r(i)||/||b|| 3.168090150902e+01
 36 KSP unpreconditioned resid norm 1.158603340731e+01 true resid norm 1.158603340731e+01 ||r(i)||/||b|| 3.178017986326e+01
 37 KSP unpreconditioned resid norm 1.114388542177e+01 true resid norm 1.114388542177e+01 ||r(i)||/||b|| 3.056737976051e+01
 38 KSP unpreconditioned resid norm 1.161859869093e+01 true resid norm 1.161859869093e+01 ||r(i)||/||b|| 3.186950556552e+01
 39 KSP unpreconditioned resid norm 1.106982298810e+01 true resid norm 1.106982298810e+01 ||r(i)||/||b|| 3.036422848514e+01
 40 KSP unpreconditioned resid norm 1.109028098489e+01 true resid norm 1.109028098489e+01 ||r(i)||/||b|| 3.042034422337e+01
 41 KSP unpreconditioned resid norm 1.125063940787e+01 true resid norm 1.125063940787e+01 ||r(i)||/||b|| 3.086020309014e+01
 42 KSP unpreconditioned resid norm 1.132390602451e+01 true resid norm 1.132390602451e+01 ||r(i)||/||b|| 3.106117146066e+01
 43 KSP unpreconditioned resid norm 1.166953609528e+01 true resid norm 1.166953609528e+01 ||r(i)||/||b|| 3.200922550375e+01
 44 KSP unpreconditioned resid norm 1.195561505362e+01 true resid norm 1.195561505362e+01 ||r(i)||/||b|| 3.279393243766e+01
 45 KSP unpreconditioned resid norm 1.164416978916e+01 true resid norm 1.164416978916e+01 ||r(i)||/||b|| 3.193964640430e+01
 46 KSP unpreconditioned resid norm 1.135837093020e+01 true resid norm 1.135837093020e+01 ||r(i)||/||b|| 3.115570777548e+01
 47 KSP unpreconditioned resid norm 1.207750115206e+01 true resid norm 1.207750115206e+01 ||r(i)||/||b|| 3.312826274683e+01
 48 KSP unpreconditioned resid norm 1.170290808867e+01 true resid norm 1.170290808867e+01 ||r(i)||/||b|| 3.210076398937e+01
 49 KSP unpreconditioned resid norm 1.183257263894e+01 true resid norm 1.183257263894e+01 ||r(i)||/||b|| 3.245643038396e+01
 50 KSP unpreconditioned resid norm 1.181681252855e+01 true resid norm 1.181681252855e+01 ||r(i)||/||b|| 3.241320082252e+01
 51 KSP unpreconditioned resid norm 1.146202893772e+01 true resid norm 1.146202893772e+01 ||r(i)||/||b|| 3.144003891865e+01
 52 KSP unpreconditioned resid norm 1.165417637702e+01 true resid norm 1.165417637702e+01 ||r(i)||/||b|| 3.196709420725e+01
 53 KSP unpreconditioned resid norm 1.180707066127e+01 true resid norm 1.180707066127e+01 ||r(i)||/||b|| 3.238647914104e+01
 54 KSP unpreconditioned resid norm 1.169182645888e+01 true resid norm 1.169182645888e+01 ||r(i)||/||b|| 3.207036737515e+01
 55 KSP unpreconditioned resid norm 1.168906832960e+01 true resid norm 1.168906832960e+01 ||r(i)||/||b|| 3.206280190028e+01
 56 KSP unpreconditioned resid norm 1.167293880831e+01 true resid norm 1.167293880831e+01 ||r(i)||/||b|| 3.201855905461e+01
 57 KSP unpreconditioned resid norm 1.141967799615e+01 true resid norm 1.141967799615e+01 ||r(i)||/||b|| 3.132387141825e+01
 58 KSP unpreconditioned resid norm 1.182014893127e+01 true resid norm 1.182014893127e+01 ||r(i)||/||b|| 3.242235248598e+01
 59 KSP unpreconditioned resid norm 1.173775251407e+01 true resid norm 1.173775251407e+01 ||r(i)||/||b|| 3.219634131662e+01
 60 KSP unpreconditioned resid norm 1.196657448633e+01 true resid norm 1.196657448633e+01 ||r(i)||/||b|| 3.282399386857e+01
 61 KSP unpreconditioned resid norm 1.219619358108e+01 true resid norm 1.219619358108e+01 ||r(i)||/||b|| 3.345383290619e+01
 62 KSP unpreconditioned resid norm 1.209631211158e+01 true resid norm 1.209631211158e+01 ||r(i)||/||b|| 3.317986070586e+01
 63 KSP unpreconditioned resid norm 1.284887989504e+01 true resid norm 1.284887989504e+01 ||r(i)||/||b|| 3.524413401467e+01
 64 KSP unpreconditioned resid norm 1.220277842978e+01 true resid norm 1.220277842978e+01 ||r(i)||/||b|| 3.347189497011e+01
 65 KSP unpreconditioned resid norm 1.213704514783e+01 true resid norm 1.213704514783e+01 ||r(i)||/||b|| 3.329159033522e+01
 66 KSP unpreconditioned resid norm 1.267173415585e+01 true resid norm 1.267173415585e+01 ||r(i)||/||b|| 3.475822798838e+01
 67 KSP unpreconditioned resid norm 1.276236630287e+01 true resid norm 1.276236630287e+01 ||r(i)||/||b|| 3.500682954442e+01
 68 KSP unpreconditioned resid norm 1.200527685717e+01 true resid norm 1.200527685717e+01 ||r(i)||/||b|| 3.293015343699e+01
 69 KSP unpreconditioned resid norm 1.249023675043e+01 true resid norm 1.249023675043e+01 ||r(i)||/||b|| 3.426038545795e+01
 70 KSP unpreconditioned resid norm 1.226975356075e+01 true resid norm 1.226975356075e+01 ||r(i)||/||b|| 3.365560596367e+01
 71 KSP unpreconditioned resid norm 1.218769996858e+01 true resid norm 1.218769996858e+01 ||r(i)||/||b|| 3.343053515420e+01
 72 KSP unpreconditioned resid norm 1.270432783604e+01 true resid norm 1.270432783604e+01 ||r(i)||/||b|| 3.484763158168e+01
 73 KSP unpreconditioned resid norm 1.273309605140e+01 true resid norm 1.273309605140e+01 ||r(i)||/||b|| 3.492654202725e+01
 74 KSP unpreconditioned resid norm 1.287184596774e+01 true resid norm 1.287184596774e+01 ||r(i)||/||b|| 3.530712933806e+01
 75 KSP unpreconditioned resid norm 1.306425427204e+01 true resid norm 1.306425427204e+01 ||r(i)||/||b|| 3.583490017237e+01
 76 KSP unpreconditioned resid norm 1.260950392858e+01 true resid norm 1.260950392858e+01 ||r(i)||/||b|| 3.458753213879e+01
 77 KSP unpreconditioned resid norm 1.279620320749e+01 true resid norm 1.279620320749e+01 ||r(i)||/||b|| 3.509964326913e+01
 78 KSP unpreconditioned resid norm 1.259490301707e+01 true resid norm 1.259490301707e+01 ||r(i)||/||b|| 3.454748222892e+01
 79 KSP unpreconditioned resid norm 1.221463364681e+01 true resid norm 1.221463364681e+01 ||r(i)||/||b|| 3.350441351346e+01
 80 KSP unpreconditioned resid norm 1.283247615394e+01 true resid norm 1.283247615394e+01 ||r(i)||/||b|| 3.519913899142e+01
 81 KSP unpreconditioned resid norm 1.240595798067e+01 true resid norm 1.240595798067e+01 ||r(i)||/||b|| 3.402921104584e+01
 82 KSP unpreconditioned resid norm 1.243349395116e+01 true resid norm 1.243349395116e+01 ||r(i)||/||b|| 3.410474147668e+01
 83 KSP unpreconditioned resid norm 1.272339675325e+01 true resid norm 1.272339675325e+01 ||r(i)||/||b|| 3.489993711176e+01
 84 KSP unpreconditioned resid norm 1.257834995102e+01 true resid norm 1.257834995102e+01 ||r(i)||/||b|| 3.450207761131e+01
 85 KSP unpreconditioned resid norm 1.298141358532e+01 true resid norm 1.298141358532e+01 ||r(i)||/||b|| 3.560767038359e+01
 86 KSP unpreconditioned resid norm 1.327361408016e+01 true resid norm 1.327361408016e+01 ||r(i)||/||b|| 3.640916852843e+01
 87 KSP unpreconditioned resid norm 1.282409246293e+01 true resid norm 1.282409246293e+01 ||r(i)||/||b|| 3.517614275111e+01
 88 KSP unpreconditioned resid norm 1.219910721469e+01 true resid norm 1.219910721469e+01 ||r(i)||/||b|| 3.346182492529e+01
 89 KSP unpreconditioned resid norm 1.184090991438e+01 true resid norm 1.184090991438e+01 ||r(i)||/||b|| 3.247929930755e+01
 90 KSP unpreconditioned resid norm 1.119508774120e+01 true resid norm 1.119508774120e+01 ||r(i)||/||b|| 3.070782635373e+01
 91 KSP unpreconditioned resid norm 1.097304166240e+01 true resid norm 1.097304166240e+01 ||r(i)||/||b|| 3.009875989636e+01
 92 KSP unpreconditioned resid norm 1.247005552827e+01 true resid norm 1.247005552827e+01 ||r(i)||/||b|| 3.420502890516e+01
 93 KSP unpreconditioned resid norm 1.307896934449e+01 true resid norm 1.307896934449e+01 ||r(i)||/||b|| 3.587526322266e+01
 94 KSP unpreconditioned resid norm 1.571915649992e+01 true resid norm 1.571915649992e+01 ||r(i)||/||b|| 4.311722599995e+01
 95 KSP unpreconditioned resid norm 1.679752703528e+01 true resid norm 1.679752703528e+01 ||r(i)||/||b|| 4.607516754631e+01
 96 KSP unpreconditioned resid norm 1.574383975008e+01 true resid norm 1.574383975008e+01 ||r(i)||/||b|| 4.318493149518e+01
 97 KSP unpreconditioned resid norm 1.472004549990e+01 true resid norm 1.472004549990e+01 ||r(i)||/||b|| 4.037669123988e+01
 98 KSP unpreconditioned resid norm 1.305151200159e+01 true resid norm 1.305151200159e+01 ||r(i)||/||b|| 3.579994846520e+01
 99 KSP unpreconditioned resid norm 1.137285964277e+01 true resid norm 1.137285964277e+01 ||r(i)||/||b|| 3.119544992669e+01
100 KSP unpreconditioned resid norm 9.369196539809e+00 true resid norm 9.369196539809e+00 ||r(i)||/||b|| 2.569945560673e+01
101 KSP unpreconditioned resid norm 8.571674293278e+00 true resid norm 8.571674293278e+00 ||r(i)||/||b|| 2.351187340766e+01
102 KSP unpreconditioned resid norm 8.205283910951e+00 true resid norm 8.205283910951e+00 ||r(i)||/||b|| 2.250687438503e+01
103 KSP unpreconditioned resid norm 8.750122306719e+00 true resid norm 8.750122306719e+00 ||r(i)||/||b|| 2.400135153740e+01
104 KSP unpreconditioned resid norm 9.379018360156e+00 true resid norm 9.379018360156e+00 ||r(i)||/||b|| 2.572639659734e+01
105 KSP unpreconditioned resid norm 9.787453035660e+00 true resid norm 9.787453035660e+00 ||r(i)||/||b|| 2.684672199202e+01
106 KSP unpreconditioned resid norm 1.104340324927e+01 true resid norm 1.104340324927e+01 ||r(i)||/||b|| 3.029175984792e+01
107 KSP unpreconditioned resid norm 1.352423009649e+01 true resid norm 1.352423009649e+01 ||r(i)||/||b|| 3.709660156058e+01
108 KSP unpreconditioned resid norm 1.546107223821e+01 true resid norm 1.546107223821e+01 ||r(i)||/||b|| 4.240930777042e+01
109 KSP unpreconditioned resid norm 1.749450861863e+01 true resid norm 1.749450861863e+01 ||r(i)||/||b|| 4.798696939440e+01
110 KSP unpreconditioned resid norm 2.203304690237e+01 true resid norm 2.203304690237e+01 ||r(i)||/||b|| 6.043605856091e+01
111 KSP unpreconditioned resid norm 2.226980201800e+01 true resid norm 2.226980201800e+01 ||r(i)||/||b|| 6.108547151299e+01
112 KSP unpreconditioned resid norm 2.242637005860e+01 true resid norm 2.242637005860e+01 ||r(i)||/||b|| 6.151493346225e+01
113 KSP unpreconditioned resid norm 2.341810388309e+01 true resid norm 2.341810388309e+01 ||r(i)||/||b|| 6.423523282708e+01
114 KSP unpreconditioned resid norm 1.943447013514e+01 true resid norm 1.943447013514e+01 ||r(i)||/||b|| 5.330823196591e+01
115 KSP unpreconditioned resid norm 1.635800492878e+01 true resid norm 1.635800492878e+01 ||r(i)||/||b|| 4.486957015959e+01
116 KSP unpreconditioned resid norm 1.315830482544e+01 true resid norm 1.315830482544e+01 ||r(i)||/||b|| 3.609287832573e+01
117 KSP unpreconditioned resid norm 1.104940406695e+01 true resid norm 1.104940406695e+01 ||r(i)||/||b|| 3.030821993038e+01
118 KSP unpreconditioned resid norm 8.272323778269e+00 true resid norm 8.272323778269e+00 ||r(i)||/||b|| 2.269076294865e+01
119 KSP unpreconditioned resid norm 6.600527333072e+00 true resid norm 6.600527333072e+00 ||r(i)||/||b|| 1.810506999790e+01
120 KSP unpreconditioned resid norm 6.186172531262e+00 true resid norm 6.186172531262e+00 ||r(i)||/||b|| 1.696850585504e+01
121 KSP unpreconditioned resid norm 5.426524366448e+00 true resid norm 5.426524366448e+00 ||r(i)||/||b|| 1.488481124948e+01
122 KSP unpreconditioned resid norm 5.722657342442e+00 true resid norm 5.722657342442e+00 ||r(i)||/||b|| 1.569709608500e+01
123 KSP unpreconditioned resid norm 5.811661424723e+00 true resid norm 5.811661424723e+00 ||r(i)||/||b|| 1.594123190301e+01
124 KSP unpreconditioned resid norm 6.216439876636e+00 true resid norm 6.216439876636e+00 ||r(i)||/||b|| 1.705152837415e+01
125 KSP unpreconditioned resid norm 6.962100702232e+00 true resid norm 6.962100702232e+00 ||r(i)||/||b|| 1.909685608220e+01
126 KSP unpreconditioned resid norm 7.722902773149e+00 true resid norm 7.722902773149e+00 ||r(i)||/||b|| 2.118371582134e+01
127 KSP unpreconditioned resid norm 8.711534224496e+00 true resid norm 8.711534224496e+00 ||r(i)||/||b|| 2.389550545959e+01
128 KSP unpreconditioned resid norm 8.938359478651e+00 true resid norm 8.938359478651e+00 ||r(i)||/||b|| 2.451768106716e+01
129 KSP unpreconditioned resid norm 1.041923049173e+01 true resid norm 1.041923049173e+01 ||r(i)||/||b|| 2.857967066233e+01
130 KSP unpreconditioned resid norm 1.425377847191e+01 true resid norm 1.425377847191e+01 ||r(i)||/||b|| 3.909773324858e+01
131 KSP unpreconditioned resid norm 2.004125162811e+01 true resid norm 2.004125162811e+01 ||r(i)||/||b|| 5.497261737775e+01
132 KSP unpreconditioned resid norm 2.327162625310e+01 true resid norm 2.327162625310e+01 ||r(i)||/||b|| 6.383344860434e+01
133 KSP unpreconditioned resid norm 2.292741951530e+01 true resid norm 2.292741951530e+01 ||r(i)||/||b|| 6.288929872553e+01
134 KSP unpreconditioned resid norm 2.198477171789e+01 true resid norm 2.198477171789e+01 ||r(i)||/||b|| 6.030364102060e+01
135 KSP unpreconditioned resid norm 2.449747082896e+01 true resid norm 2.449747082896e+01 ||r(i)||/||b|| 6.719590750082e+01
136 KSP unpreconditioned resid norm 2.762264084336e+01 true resid norm 2.762264084336e+01 ||r(i)||/||b|| 7.576816529339e+01
137 KSP unpreconditioned resid norm 2.834804450696e+01 true resid norm 2.834804450696e+01 ||r(i)||/||b|| 7.775792814771e+01
138 KSP unpreconditioned resid norm 2.700872498904e+01 true resid norm 2.700872498904e+01 ||r(i)||/||b|| 7.408421051913e+01
139 KSP unpreconditioned resid norm 2.566708861901e+01 true resid norm 2.566708861901e+01 ||r(i)||/||b|| 7.040413782713e+01
140 KSP unpreconditioned resid norm 2.163000273605e+01 true resid norm 2.163000273605e+01 ||r(i)||/||b|| 5.933051918876e+01
141 KSP unpreconditioned resid norm 2.099425812238e+01 true resid norm 2.099425812238e+01 ||r(i)||/||b|| 5.758668871124e+01
142 KSP unpreconditioned resid norm 2.169729363767e+01 true resid norm 2.169729363767e+01 ||r(i)||/||b|| 5.951509633277e+01
143 KSP unpreconditioned resid norm 2.242499993278e+01 true resid norm 2.242499993278e+01 ||r(i)||/||b|| 6.151117524374e+01
144 KSP unpreconditioned resid norm 2.383212538638e+01 true resid norm 2.383212538638e+01 ||r(i)||/||b|| 6.537088274101e+01
145 KSP unpreconditioned resid norm 2.365057550823e+01 true resid norm 2.365057550823e+01 ||r(i)||/||b|| 6.487289627928e+01
146 KSP unpreconditioned resid norm 2.150848275418e+01 true resid norm 2.150848275418e+01 ||r(i)||/||b|| 5.899719312756e+01
147 KSP unpreconditioned resid norm 2.068223120165e+01 true resid norm 2.068223120165e+01 ||r(i)||/||b|| 5.673080721025e+01
148 KSP unpreconditioned resid norm 1.988824497004e+01 true resid norm 1.988824497004e+01 ||r(i)||/||b|| 5.455292420558e+01
149 KSP unpreconditioned resid norm 1.980101222752e+01 true resid norm 1.980101222752e+01 ||r(i)||/||b|| 5.431364712517e+01
150 KSP unpreconditioned resid norm 1.829056568303e+01 true resid norm 1.829056568303e+01 ||r(i)||/||b|| 5.017053263808e+01
151 KSP unpreconditioned resid norm 1.616535255681e+01 true resid norm 1.616535255681e+01 ||r(i)||/||b|| 4.434112985416e+01
152 KSP unpreconditioned resid norm 1.532122795689e+01 true resid norm 1.532122795689e+01 ||r(i)||/||b|| 4.202571864574e+01
153 KSP unpreconditioned resid norm 1.356362165025e+01 true resid norm 1.356362165025e+01 ||r(i)||/||b|| 3.720465153933e+01
154 KSP unpreconditioned resid norm 1.201212401277e+01 true resid norm 1.201212401277e+01 ||r(i)||/||b|| 3.294893500175e+01
155 KSP unpreconditioned resid norm 1.069326940542e+01 true resid norm 1.069326940542e+01 ||r(i)||/||b|| 2.933135207568e+01
156 KSP unpreconditioned resid norm 9.483641970480e+00 true resid norm 9.483641970480e+00 ||r(i)||/||b|| 2.601337636316e+01
157 KSP unpreconditioned resid norm 8.629811925446e+00 true resid norm 8.629811925446e+00 ||r(i)||/||b|| 2.367134337828e+01
158 KSP unpreconditioned resid norm 7.965144722469e+00 true resid norm 7.965144722469e+00 ||r(i)||/||b|| 2.184817901156e+01
159 KSP unpreconditioned resid norm 7.585417670778e+00 true resid norm 7.585417670778e+00 ||r(i)||/||b|| 2.080659786145e+01
160 KSP unpreconditioned resid norm 7.641815857956e+00 true resid norm 7.641815857956e+00 ||r(i)||/||b|| 2.096129658097e+01
161 KSP unpreconditioned resid norm 7.567575753302e+00 true resid norm 7.567575753302e+00 ||r(i)||/||b|| 2.075765795885e+01
162 KSP unpreconditioned resid norm 6.836748686618e+00 true resid norm 6.836748686618e+00 ||r(i)||/||b|| 1.875301885488e+01
163 KSP unpreconditioned resid norm 7.024505638826e+00 true resid norm 7.024505638826e+00 ||r(i)||/||b|| 1.926803115477e+01
164 KSP unpreconditioned resid norm 7.292876453741e+00 true resid norm 7.292876453741e+00 ||r(i)||/||b|| 2.000416512472e+01
165 KSP unpreconditioned resid norm 7.193750478634e+00 true resid norm 7.193750478634e+00 ||r(i)||/||b|| 1.973226522531e+01
166 KSP unpreconditioned resid norm 7.017852118895e+00 true resid norm 7.017852118895e+00 ||r(i)||/||b|| 1.924978072750e+01
167 KSP unpreconditioned resid norm 6.293637061593e+00 true resid norm 6.293637061593e+00 ||r(i)||/||b|| 1.726327818848e+01
168 KSP unpreconditioned resid norm 6.346221092224e+00 true resid norm 6.346221092224e+00 ||r(i)||/||b|| 1.740751477857e+01
169 KSP unpreconditioned resid norm 5.864998521385e+00 true resid norm 5.864998521385e+00 ||r(i)||/||b|| 1.608753413310e+01
170 KSP unpreconditioned resid norm 5.476340379679e+00 true resid norm 5.476340379679e+00 ||r(i)||/||b|| 1.502145524186e+01
171 KSP unpreconditioned resid norm 5.188273608249e+00 true resid norm 5.188273608249e+00 ||r(i)||/||b|| 1.423129578980e+01
172 KSP unpreconditioned resid norm 5.029808398527e+00 true resid norm 5.029808398527e+00 ||r(i)||/||b|| 1.379662995638e+01
173 KSP unpreconditioned resid norm 4.866598494153e+00 true resid norm 4.866598494153e+00 ||r(i)||/||b|| 1.334894955238e+01
174 KSP unpreconditioned resid norm 5.067500738112e+00 true resid norm 5.067500738112e+00 ||r(i)||/||b|| 1.390001903609e+01
175 KSP unpreconditioned resid norm 5.421297934674e+00 true resid norm 5.421297934674e+00 ||r(i)||/||b|| 1.487047528686e+01
176 KSP unpreconditioned resid norm 5.330559028687e+00 true resid norm 5.330559028687e+00 ||r(i)||/||b|| 1.462158089381e+01
177 KSP unpreconditioned resid norm 5.554828740741e+00 true resid norm 5.554828740741e+00 ||r(i)||/||b|| 1.523674671773e+01
178 KSP unpreconditioned resid norm 5.903326285010e+00 true resid norm 5.903326285010e+00 ||r(i)||/||b|| 1.619266616396e+01
179 KSP unpreconditioned resid norm 6.090792043380e+00 true resid norm 6.090792043380e+00 ||r(i)||/||b|| 1.670687972694e+01
180 KSP unpreconditioned resid norm 5.841491340144e+00 true resid norm 5.841491340144e+00 ||r(i)||/||b|| 1.602305456346e+01
181 KSP unpreconditioned resid norm 5.679269019908e+00 true resid norm 5.679269019908e+00 ||r(i)||/||b|| 1.557808307635e+01
182 KSP unpreconditioned resid norm 5.705382688328e+00 true resid norm 5.705382688328e+00 ||r(i)||/||b|| 1.564971217063e+01
183 KSP unpreconditioned resid norm 5.602001983157e+00 true resid norm 5.602001983157e+00 ||r(i)||/||b|| 1.536614166041e+01
184 KSP unpreconditioned resid norm 5.544087896595e+00 true resid norm 5.544087896595e+00 ||r(i)||/||b|| 1.520728486941e+01
185 KSP unpreconditioned resid norm 5.443428848376e+00 true resid norm 5.443428848376e+00 ||r(i)||/||b|| 1.493117979144e+01
186 KSP unpreconditioned resid norm 6.074198497728e+00 true resid norm 6.074198497728e+00 ||r(i)||/||b|| 1.666136407488e+01
187 KSP unpreconditioned resid norm 6.526054489419e+00 true resid norm 6.526054489419e+00 ||r(i)||/||b|| 1.790079297892e+01
188 KSP unpreconditioned resid norm 6.983742931842e+00 true resid norm 6.983742931842e+00 ||r(i)||/||b|| 1.915622013938e+01
189 KSP unpreconditioned resid norm 7.122014357573e+00 true resid norm 7.122014357573e+00 ||r(i)||/||b|| 1.953549496323e+01
190 KSP unpreconditioned resid norm 7.728306602629e+00 true resid norm 7.728306602629e+00 ||r(i)||/||b|| 2.119853838113e+01
191 KSP unpreconditioned resid norm 8.112184274784e+00 true resid norm 8.112184274784e+00 ||r(i)||/||b|| 2.225150457220e+01
192 KSP unpreconditioned resid norm 8.657331355126e+00 true resid norm 8.657331355126e+00 ||r(i)||/||b|| 2.374682843811e+01
193 KSP unpreconditioned resid norm 9.031228254747e+00 true resid norm 9.031228254747e+00 ||r(i)||/||b|| 2.477241763698e+01
194 KSP unpreconditioned resid norm 9.075136018958e+00 true resid norm 9.075136018958e+00 ||r(i)||/||b|| 2.489285546026e+01
195 KSP unpreconditioned resid norm 9.813416280269e+00 true resid norm 9.813416280269e+00 ||r(i)||/||b|| 2.691793847781e+01
196 KSP unpreconditioned resid norm 1.025596882390e+01 true resid norm 1.025596882390e+01 ||r(i)||/||b|| 2.813184827258e+01
197 KSP unpreconditioned resid norm 1.042844210913e+01 true resid norm 1.042844210913e+01 ||r(i)||/||b|| 2.860493788257e+01
198 KSP unpreconditioned resid norm 1.057873966184e+01 true resid norm 1.057873966184e+01 ||r(i)||/||b|| 2.901720005118e+01
199 KSP unpreconditioned resid norm 1.175773385671e+01 true resid norm 1.175773385671e+01 ||r(i)||/||b|| 3.225114960524e+01
200 KSP unpreconditioned resid norm 1.195525574341e+01 true resid norm 1.195525574341e+01 ||r(i)||/||b|| 3.279294685935e+01
201 KSP unpreconditioned resid norm 1.324621315704e+01 true resid norm 1.324621315704e+01 ||r(i)||/||b|| 3.633400852892e+01
202 KSP unpreconditioned resid norm 1.482826552936e+01 true resid norm 1.482826552936e+01 ||r(i)||/||b|| 4.067353588725e+01
203 KSP unpreconditioned resid norm 1.580639019975e+01 true resid norm 1.580639019975e+01 ||r(i)||/||b|| 4.335650570624e+01
204 KSP unpreconditioned resid norm 1.472803730402e+01 true resid norm 1.472803730402e+01 ||r(i)||/||b|| 4.039861254490e+01
205 KSP unpreconditioned resid norm 1.409817764418e+01 true resid norm 1.409817764418e+01 ||r(i)||/||b|| 3.867092433838e+01
206 KSP unpreconditioned resid norm 1.359088891568e+01 true resid norm 1.359088891568e+01 ||r(i)||/||b|| 3.727944491938e+01
207 KSP unpreconditioned resid norm 1.318304802732e+01 true resid norm 1.318304802732e+01 ||r(i)||/||b|| 3.616074826695e+01
208 KSP unpreconditioned resid norm 1.333310464327e+01 true resid norm 1.333310464327e+01 ||r(i)||/||b|| 3.657234955245e+01
209 KSP unpreconditioned resid norm 1.420323721045e+01 true resid norm 1.420323721045e+01 ||r(i)||/||b|| 3.895909991971e+01
210 KSP unpreconditioned resid norm 1.650110561080e+01 true resid norm 1.650110561080e+01 ||r(i)||/||b|| 4.526209150430e+01
211 KSP unpreconditioned resid norm 1.906558805206e+01 true resid norm 1.906558805206e+01 ||r(i)||/||b|| 5.229639827474e+01
212 KSP unpreconditioned resid norm 2.143881220843e+01 true resid norm 2.143881220843e+01 ||r(i)||/||b|| 5.880608868332e+01
213 KSP unpreconditioned resid norm 2.403374582180e+01 true resid norm 2.403374582180e+01 ||r(i)||/||b|| 6.592392220467e+01
214 KSP unpreconditioned resid norm 2.557057879041e+01 true resid norm 2.557057879041e+01 ||r(i)||/||b|| 7.013941394764e+01
215 KSP unpreconditioned resid norm 2.752530775902e+01 true resid norm 2.752530775902e+01 ||r(i)||/||b|| 7.550118324542e+01
216 KSP unpreconditioned resid norm 2.781091224646e+01 true resid norm 2.781091224646e+01 ||r(i)||/||b|| 7.628458871834e+01
217 KSP unpreconditioned resid norm 2.646923854472e+01 true resid norm 2.646923854472e+01 ||r(i)||/||b|| 7.260441362646e+01
218 KSP unpreconditioned resid norm 2.526890247287e+01 true resid norm 2.526890247287e+01 ||r(i)||/||b|| 6.931192387449e+01
219 KSP unpreconditioned resid norm 2.403739695455e+01 true resid norm 2.403739695455e+01 ||r(i)||/||b|| 6.593393716420e+01
220 KSP unpreconditioned resid norm 2.307344554091e+01 true resid norm 2.307344554091e+01 ||r(i)||/||b|| 6.328984420951e+01
221 KSP unpreconditioned resid norm 2.300560987821e+01 true resid norm 2.300560987821e+01 ||r(i)||/||b|| 6.310377280045e+01
222 KSP unpreconditioned resid norm 2.500547206704e+01 true resid norm 2.500547206704e+01 ||r(i)||/||b|| 6.858934131458e+01
223 KSP unpreconditioned resid norm 2.654043957528e+01 true resid norm 2.654043957528e+01 ||r(i)||/||b|| 7.279971614960e+01
224 KSP unpreconditioned resid norm 2.669526505605e+01 true resid norm 2.669526505605e+01 ||r(i)||/||b|| 7.322439830382e+01
225 KSP unpreconditioned resid norm 2.956241094529e+01 true resid norm 2.956241094529e+01 ||r(i)||/||b|| 8.108890281981e+01
226 KSP unpreconditioned resid norm 3.118801510027e+01 true resid norm 3.118801510027e+01 ||r(i)||/||b|| 8.554789155353e+01
227 KSP unpreconditioned resid norm 3.010945988954e+01 true resid norm 3.010945988954e+01 ||r(i)||/||b|| 8.258944344759e+01
228 KSP unpreconditioned resid norm 3.009017644719e+01 true resid norm 3.009017644719e+01 ||r(i)||/||b|| 8.253654948080e+01
229 KSP unpreconditioned resid norm 3.117506312641e+01 true resid norm 3.117506312641e+01 ||r(i)||/||b|| 8.551236463553e+01
230 KSP unpreconditioned resid norm 3.037495220541e+01 true resid norm 3.037495220541e+01 ||r(i)||/||b|| 8.331768177161e+01
231 KSP unpreconditioned resid norm 2.794823097579e+01 true resid norm 2.794823097579e+01 ||r(i)||/||b|| 7.666125032143e+01
232 KSP unpreconditioned resid norm 3.085305377730e+01 true resid norm 3.085305377730e+01 ||r(i)||/||b|| 8.462910160043e+01
233 KSP unpreconditioned resid norm 3.422985436854e+01 true resid norm 3.422985436854e+01 ||r(i)||/||b|| 9.389157533747e+01
234 KSP unpreconditioned resid norm 4.151985384027e+01 true resid norm 4.151985384027e+01 ||r(i)||/||b|| 1.138878489775e+02
235 KSP unpreconditioned resid norm 5.118783490681e+01 true resid norm 5.118783490681e+01 ||r(i)||/||b|| 1.404068625525e+02
236 KSP unpreconditioned resid norm 6.375313221493e+01 true resid norm 6.375313221493e+01 ||r(i)||/||b|| 1.748731371133e+02
237 KSP unpreconditioned resid norm 7.540863340934e+01 true resid norm 7.540863340934e+01 ||r(i)||/||b|| 2.068438652592e+02
238 KSP unpreconditioned resid norm 7.796944087867e+01 true resid norm 7.796944087867e+01 ||r(i)||/||b|| 2.138680916799e+02
239 KSP unpreconditioned resid norm 8.225340532778e+01 true resid norm 8.225340532778e+01 ||r(i)||/||b|| 2.256188916245e+02
240 KSP unpreconditioned resid norm 7.207781241891e+01 true resid norm 7.207781241891e+01 ||r(i)||/||b|| 1.977075123378e+02
241 KSP unpreconditioned resid norm 6.180918999082e+01 true resid norm 6.180918999082e+01 ||r(i)||/||b|| 1.695409555673e+02
242 KSP unpreconditioned resid norm 5.210627171354e+01 true resid norm 5.210627171354e+01 ||r(i)||/||b|| 1.429261101573e+02
243 KSP unpreconditioned resid norm 4.197907694307e+01 true resid norm 4.197907694307e+01 ||r(i)||/||b|| 1.151474856703e+02
244 KSP unpreconditioned resid norm 3.597214339570e+01 true resid norm 3.597214339570e+01 ||r(i)||/||b|| 9.867062755581e+01
245 KSP unpreconditioned resid norm 2.871823048797e+01 true resid norm 2.871823048797e+01 ||r(i)||/||b|| 7.877333839603e+01
246 KSP unpreconditioned resid norm 2.216574439463e+01 true resid norm 2.216574439463e+01 ||r(i)||/||b|| 6.080004423427e+01
247 KSP unpreconditioned resid norm 1.745264316832e+01 true resid norm 1.745264316832e+01 ||r(i)||/||b|| 4.787213358355e+01
248 KSP unpreconditioned resid norm 1.472550044554e+01 true resid norm 1.472550044554e+01 ||r(i)||/||b|| 4.039165400992e+01
249 KSP unpreconditioned resid norm 1.499122192473e+01 true resid norm 1.499122192473e+01 ||r(i)||/||b|| 4.112052092282e+01
250 KSP unpreconditioned resid norm 1.788731188111e+01 true resid norm 1.788731188111e+01 ||r(i)||/||b|| 4.906441824112e+01
251 KSP unpreconditioned resid norm 2.341740179743e+01 true resid norm 2.341740179743e+01 ||r(i)||/||b|| 6.423330702488e+01
252 KSP unpreconditioned resid norm 3.071993848469e+01 true resid norm 3.071993848469e+01 ||r(i)||/||b|| 8.426396991187e+01
253 KSP unpreconditioned resid norm 4.016955801075e+01 true resid norm 4.016955801075e+01 ||r(i)||/||b|| 1.101840236196e+02
254 KSP unpreconditioned resid norm 4.910663041469e+01 true resid norm 4.910663041469e+01 ||r(i)||/||b|| 1.346981742753e+02
255 KSP unpreconditioned resid norm 5.846349784560e+01 true resid norm 5.846349784560e+01 ||r(i)||/||b|| 1.603638114659e+02
256 KSP unpreconditioned resid norm 7.076086763402e+01 true resid norm 7.076086763402e+01 ||r(i)||/||b|| 1.940951680037e+02
257 KSP unpreconditioned resid norm 7.849202316058e+01 true resid norm 7.849202316058e+01 ||r(i)||/||b|| 2.153015209070e+02
258 KSP unpreconditioned resid norm 8.569299734295e+01 true resid norm 8.569299734295e+01 ||r(i)||/||b|| 2.350536005585e+02
259 KSP unpreconditioned resid norm 8.018975103230e+01 true resid norm 8.018975103230e+01 ||r(i)||/||b|| 2.199583430674e+02
260 KSP unpreconditioned resid norm 7.309045881666e+01 true resid norm 7.309045881666e+01 ||r(i)||/||b|| 2.004851743320e+02
261 KSP unpreconditioned resid norm 5.467396910104e+01 true resid norm 5.467396910104e+01 ||r(i)||/||b|| 1.499692354393e+02
262 KSP unpreconditioned resid norm 3.964716365364e+01 true resid norm 3.964716365364e+01 ||r(i)||/||b|| 1.087511098652e+02
263 KSP unpreconditioned resid norm 2.640206272428e+01 true resid norm 2.640206272428e+01 ||r(i)||/||b|| 7.242015214706e+01
264 KSP unpreconditioned resid norm 1.896024652802e+01 true resid norm 1.896024652802e+01 ||r(i)||/||b|| 5.200744929078e+01
265 KSP unpreconditioned resid norm 1.369789458839e+01 true resid norm 1.369789458839e+01 ||r(i)||/||b|| 3.757295861863e+01
266 KSP unpreconditioned resid norm 9.794963131282e+00 true resid norm 9.794963131282e+00 ||r(i)||/||b|| 2.686732198352e+01
267 KSP unpreconditioned resid norm 8.182223696489e+00 true resid norm 8.182223696489e+00 ||r(i)||/||b|| 2.244362083331e+01
268 KSP unpreconditioned resid norm 6.069559183799e+00 true resid norm 6.069559183799e+00 ||r(i)||/||b|| 1.664863856081e+01
269 KSP unpreconditioned resid norm 4.808589376911e+00 true resid norm 4.808589376911e+00 ||r(i)||/||b|| 1.318983209476e+01
270 KSP unpreconditioned resid norm 4.209957572068e+00 true resid norm 4.209957572068e+00 ||r(i)||/||b|| 1.154780105955e+01
271 KSP unpreconditioned resid norm 3.862101783858e+00 true resid norm 3.862101783858e+00 ||r(i)||/||b|| 1.059364193303e+01
272 KSP unpreconditioned resid norm 3.537109720005e+00 true resid norm 3.537109720005e+00 ||r(i)||/||b|| 9.702197391117e+00
273 KSP unpreconditioned resid norm 3.528474710487e+00 true resid norm 3.528474710487e+00 ||r(i)||/||b|| 9.678511790883e+00
274 KSP unpreconditioned resid norm 4.002265682380e+00 true resid norm 4.002265682380e+00 ||r(i)||/||b|| 1.097810775915e+01
275 KSP unpreconditioned resid norm 4.993135658452e+00 true resid norm 4.993135658452e+00 ||r(i)||/||b|| 1.369603761086e+01
276 KSP unpreconditioned resid norm 6.177939830889e+00 true resid norm 6.177939830889e+00 ||r(i)||/||b|| 1.694592377803e+01
277 KSP unpreconditioned resid norm 8.528576847341e+00 true resid norm 8.528576847341e+00 ||r(i)||/||b|| 2.339365826574e+01
278 KSP unpreconditioned resid norm 1.223706019858e+01 true resid norm 1.223706019858e+01 ||r(i)||/||b|| 3.356592894535e+01
279 KSP unpreconditioned resid norm 1.705675782488e+01 true resid norm 1.705675782488e+01 ||r(i)||/||b|| 4.678623067119e+01
280 KSP unpreconditioned resid norm 2.277427940444e+01 true resid norm 2.277427940444e+01 ||r(i)||/||b|| 6.246923949593e+01
281 KSP unpreconditioned resid norm 3.094990996542e+01 true resid norm 3.094990996542e+01 ||r(i)||/||b|| 8.489477553482e+01
282 KSP unpreconditioned resid norm 3.887455293173e+01 true resid norm 3.887455293173e+01 ||r(i)||/||b|| 1.066318593121e+02
283 KSP unpreconditioned resid norm 4.260458518605e+01 true resid norm 4.260458518605e+01 ||r(i)||/||b|| 1.168632380567e+02
284 KSP unpreconditioned resid norm 4.502639870491e+01 true resid norm 4.502639870491e+01 ||r(i)||/||b|| 1.235062077875e+02
285 KSP unpreconditioned resid norm 4.174579744117e+01 true resid norm 4.174579744117e+01 ||r(i)||/||b|| 1.145076062337e+02
286 KSP unpreconditioned resid norm 3.431914990836e+01 true resid norm 3.431914990836e+01 ||r(i)||/||b|| 9.413651061572e+01
287 KSP unpreconditioned resid norm 2.817893505159e+01 true resid norm 2.817893505159e+01 ||r(i)||/||b|| 7.729406543305e+01
288 KSP unpreconditioned resid norm 2.191203384488e+01 true resid norm 2.191203384488e+01 ||r(i)||/||b|| 6.010412297971e+01
289 KSP unpreconditioned resid norm 1.834232142927e+01 true resid norm 1.834232142927e+01 ||r(i)||/||b|| 5.031249726623e+01
290 KSP unpreconditioned resid norm 1.355974318153e+01 true resid norm 1.355974318153e+01 ||r(i)||/||b|| 3.719401300332e+01
291 KSP unpreconditioned resid norm 1.000266146691e+01 true resid norm 1.000266146691e+01 ||r(i)||/||b|| 2.743703296497e+01
292 KSP unpreconditioned resid norm 7.281904774850e+00 true resid norm 7.281904774850e+00 ||r(i)||/||b|| 1.997407010287e+01
293 KSP unpreconditioned resid norm 5.027128976294e+00 true resid norm 5.027128976294e+00 ||r(i)||/||b|| 1.378928037283e+01
294 KSP unpreconditioned resid norm 3.393320308679e+00 true resid norm 3.393320308679e+00 ||r(i)||/||b|| 9.307786880314e+00
295 KSP unpreconditioned resid norm 2.339067174377e+00 true resid norm 2.339067174377e+00 ||r(i)||/||b|| 6.415998720236e+00
296 KSP unpreconditioned resid norm 1.562124232617e+00 true resid norm 1.562124232617e+00 ||r(i)||/||b|| 4.284865003925e+00
297 KSP unpreconditioned resid norm 1.012673587651e+00 true resid norm 1.012673587651e+00 ||r(i)||/||b|| 2.777736575314e+00
298 KSP unpreconditioned resid norm 6.712235058924e-01 true resid norm 6.712235058924e-01 ||r(i)||/||b|| 1.841148130320e+00
299 KSP unpreconditioned resid norm 4.606787664988e-01 true resid norm 4.606787664988e-01 ||r(i)||/||b|| 1.263629539448e+00
300 KSP unpreconditioned resid norm 3.602272671073e-01 true resid norm 3.602272671073e-01 ||r(i)||/||b|| 9.880937623650e-01
301 KSP unpreconditioned resid norm 2.687750598528e-01 true resid norm 2.687750598528e-01 ||r(i)||/||b|| 7.372428030017e-01
302 KSP unpreconditioned resid norm 2.008294789350e-01 true resid norm 2.008294789350e-01 ||r(i)||/||b|| 5.508698911891e-01
303 KSP unpreconditioned resid norm 1.662518112285e-01 true resid norm 1.662518112285e-01 ||r(i)||/||b|| 4.560242731649e-01
304 KSP unpreconditioned resid norm 1.218399762842e-01 true resid norm 1.218399762842e-01 ||r(i)||/||b|| 3.342037973412e-01
305 KSP unpreconditioned resid norm 8.843274918994e-02 true resid norm 8.843274918994e-02 ||r(i)||/||b|| 2.425686666227e-01
306 KSP unpreconditioned resid norm 6.130481279013e-02 true resid norm 6.130481279013e-02 ||r(i)||/||b|| 1.681574623912e-01
307 KSP unpreconditioned resid norm 4.515963595853e-02 true resid norm 4.515963595853e-02 ||r(i)||/||b|| 1.238716740119e-01
308 KSP unpreconditioned resid norm 3.082678472904e-02 true resid norm 3.082678472904e-02 ||r(i)||/||b|| 8.455704630338e-02
309 KSP unpreconditioned resid norm 2.170934067605e-02 true resid norm 2.170934067605e-02 ||r(i)||/||b|| 5.954814103696e-02
310 KSP unpreconditioned resid norm 1.520691680670e-02 true resid norm 1.520691680670e-02 ||r(i)||/||b|| 4.171216621708e-02
311 KSP unpreconditioned resid norm 1.031750348766e-02 true resid norm 1.031750348766e-02 ||r(i)||/||b|| 2.830063621003e-02
312 KSP unpreconditioned resid norm 6.989502002791e-03 true resid norm 6.989502002791e-03 ||r(i)||/||b|| 1.917201711701e-02
313 KSP unpreconditioned resid norm 5.135500887168e-03 true resid norm 5.135500887168e-03 ||r(i)||/||b|| 1.408654162684e-02
314 KSP unpreconditioned resid norm 3.832137049442e-03 true resid norm 3.832137049442e-03 ||r(i)||/||b|| 1.051144946769e-02
315 KSP unpreconditioned resid norm 2.762349993341e-03 true resid norm 2.762349993341e-03 ||r(i)||/||b|| 7.577052175444e-03
316 KSP unpreconditioned resid norm 1.892157883168e-03 true resid norm 1.892157883168e-03 ||r(i)||/||b|| 5.190138483356e-03
317 KSP unpreconditioned resid norm 1.327528477039e-03 true resid norm 1.327528477039e-03 ||r(i)||/||b|| 3.641375118706e-03
318 KSP unpreconditioned resid norm 9.635474023488e-04 true resid norm 9.635474023488e-04 ||r(i)||/||b|| 2.642984762506e-03
319 KSP unpreconditioned resid norm 7.227019995750e-04 true resid norm 7.227019995750e-04 ||r(i)||/||b|| 1.982352262124e-03
320 KSP unpreconditioned resid norm 5.471358869954e-04 true resid norm 5.471358869954e-04 ||r(i)||/||b|| 1.500779109387e-03
321 KSP unpreconditioned resid norm 3.999243179591e-04 true resid norm 3.999243179591e-04 ||r(i)||/||b|| 1.096981711481e-03
322 KSP unpreconditioned resid norm 2.844712793407e-04 true resid norm 2.844712793407e-04 ||r(i)||/||b|| 7.802971133910e-04
323 KSP unpreconditioned resid norm 2.017278891025e-04 true resid norm 2.017278891025e-04 ||r(i)||/||b|| 5.533342062578e-04
324 KSP unpreconditioned resid norm 1.402582781112e-04 true resid norm 1.402582781112e-04 ||r(i)||/||b|| 3.847247068069e-04
325 KSP unpreconditioned resid norm 9.873038321084e-05 true resid norm 9.873038321084e-05 ||r(i)||/||b|| 2.708148014167e-04
326 KSP unpreconditioned resid norm 7.063108469000e-05 true resid norm 7.063108469000e-05 ||r(i)||/||b|| 1.937391768582e-04
327 KSP unpreconditioned resid norm 5.155639667546e-05 true resid norm 5.155639667546e-05 ||r(i)||/||b|| 1.414178176298e-04
328 KSP unpreconditioned resid norm 3.547287176278e-05 true resid norm 3.547287176278e-05 ||r(i)||/||b|| 9.730113881561e-05
329 KSP unpreconditioned resid norm 2.413892324037e-05 true resid norm 2.413892324037e-05 ||r(i)||/||b|| 6.621242105172e-05
330 KSP unpreconditioned resid norm 1.661779537620e-05 true resid norm 1.661779537620e-05 ||r(i)||/||b|| 4.558216841089e-05
331 KSP unpreconditioned resid norm 1.245249828359e-05 true resid norm 1.245249828359e-05 ||r(i)||/||b|| 3.415686985243e-05
332 KSP unpreconditioned resid norm 9.294688612201e-06 true resid norm 9.294688612201e-06 ||r(i)||/||b|| 2.549508235340e-05
333 KSP unpreconditioned resid norm 6.841130657166e-06 true resid norm 6.841130657166e-06 ||r(i)||/||b|| 1.876503848293e-05
334 KSP unpreconditioned resid norm 5.063838331269e-06 true resid norm 5.063838331269e-06 ||r(i)||/||b|| 1.388997315204e-05
335 KSP unpreconditioned resid norm 3.809104701399e-06 true resid norm 3.809104701399e-06 ||r(i)||/||b|| 1.044827235282e-05
336 KSP unpreconditioned resid norm 2.637167849469e-06 true resid norm 2.637167849469e-06 ||r(i)||/||b|| 7.233680901766e-06
337 KSP unpreconditioned resid norm 2.038278340509e-06 true resid norm 2.038278340509e-06 ||r(i)||/||b|| 5.590942991057e-06
338 KSP unpreconditioned resid norm 1.495061142695e-06 true resid norm 1.495061142695e-06 ||r(i)||/||b|| 4.100912741321e-06
339 KSP unpreconditioned resid norm 1.112087374782e-06 true resid norm 1.112087374782e-06 ||r(i)||/||b|| 3.050425935414e-06
340 KSP unpreconditioned resid norm 8.260811168122e-07 true resid norm 8.260811168122e-07 ||r(i)||/||b|| 2.265918416683e-06
341 KSP unpreconditioned resid norm 5.916218486591e-07 true resid norm 5.916218486591e-07 ||r(i)||/||b|| 1.622802912820e-06
342 KSP unpreconditioned resid norm 4.168926192886e-07 true resid norm 4.168926192886e-07 ||r(i)||/||b|| 1.143525308350e-06
343 KSP unpreconditioned resid norm 2.749244593130e-07 true resid norm 2.749244593130e-07 ||r(i)||/||b|| 7.541104413060e-07
344 KSP unpreconditioned resid norm 1.852643062644e-07 true resid norm 1.852643062644e-07 ||r(i)||/||b|| 5.081750387158e-07
345 KSP unpreconditioned resid norm 1.409236733263e-07 true resid norm 1.409236733263e-07 ||r(i)||/||b|| 3.865498680914e-07
346 KSP unpreconditioned resid norm 1.086402472351e-07 true resid norm 1.086402472351e-07 ||r(i)||/||b|| 2.979972934777e-07
347 KSP unpreconditioned resid norm 8.493060967948e-08 true resid norm 8.493060967948e-08 ||r(i)||/||b|| 2.329623915814e-07
348 KSP unpreconditioned resid norm 7.398862390310e-08 true resid norm 7.398862390310e-08 ||r(i)||/||b|| 2.029488171501e-07
349 KSP unpreconditioned resid norm 6.457854044867e-08 true resid norm 6.457854044867e-08 ||r(i)||/||b|| 1.771372098297e-07
350 KSP unpreconditioned resid norm 6.030887592262e-08 true resid norm 6.030887592262e-08 ||r(i)||/||b|| 1.654256341918e-07
351 KSP unpreconditioned resid norm 6.316088472573e-08 true resid norm 6.316088472573e-08 ||r(i)||/||b|| 1.732486180852e-07
352 KSP unpreconditioned resid norm 7.440911787686e-08 true resid norm 7.440911787686e-08 ||r(i)||/||b|| 2.041022208774e-07
353 KSP unpreconditioned resid norm 8.599917795814e-08 true resid norm 8.599917795814e-08 ||r(i)||/||b|| 2.358934457997e-07
354 KSP unpreconditioned resid norm 9.141374126729e-08 true resid norm 9.141374126729e-08 ||r(i)||/||b|| 2.507454481888e-07
355 KSP unpreconditioned resid norm 8.314250442017e-08 true resid norm 8.314250442017e-08 ||r(i)||/||b|| 2.280576666633e-07
356 KSP unpreconditioned resid norm 6.939631478815e-08 true resid norm 6.939631478815e-08 ||r(i)||/||b|| 1.903522360312e-07
357 KSP unpreconditioned resid norm 5.447724398603e-08 true resid norm 5.447724398603e-08 ||r(i)||/||b|| 1.494296237086e-07
358 KSP unpreconditioned resid norm 4.187386958820e-08 true resid norm 4.187386958820e-08 ||r(i)||/||b|| 1.148589047088e-07
359 KSP unpreconditioned resid norm 3.140726206247e-08 true resid norm 3.140726206247e-08 ||r(i)||/||b|| 8.614928010891e-08
360 KSP unpreconditioned resid norm 2.407401028311e-08 true resid norm 2.407401028311e-08 ||r(i)||/||b|| 6.603436654553e-08
361 KSP unpreconditioned resid norm 2.109604925657e-08 true resid norm 2.109604925657e-08 ||r(i)||/||b|| 5.786589907076e-08
362 KSP unpreconditioned resid norm 2.040201629917e-08 true resid norm 2.040201629917e-08 ||r(i)||/||b|| 5.596218522478e-08
363 KSP unpreconditioned resid norm 2.084644926825e-08 true resid norm 2.084644926825e-08 ||r(i)||/||b|| 5.718125297629e-08
364 KSP unpreconditioned resid norm 2.326405337095e-08 true resid norm 2.326405337095e-08 ||r(i)||/||b|| 6.381267639110e-08
365 KSP unpreconditioned resid norm 2.618096323010e-08 true resid norm 2.618096323010e-08 ||r(i)||/||b|| 7.181368214600e-08
366 KSP unpreconditioned resid norm 2.934765995883e-08 true resid norm 2.934765995883e-08 ||r(i)||/||b|| 8.049984660570e-08
367 KSP unpreconditioned resid norm 3.051912925712e-08 true resid norm 3.051912925712e-08 ||r(i)||/||b|| 8.371315556963e-08
368 KSP unpreconditioned resid norm 2.818009301165e-08 true resid norm 2.818009301165e-08 ||r(i)||/||b|| 7.729724168654e-08
369 KSP unpreconditioned resid norm 2.438175388713e-08 true resid norm 2.438175388713e-08 ||r(i)||/||b|| 6.687849902328e-08
370 KSP unpreconditioned resid norm 1.919546912286e-08 true resid norm 1.919546912286e-08 ||r(i)||/||b|| 5.265265857934e-08
371 KSP unpreconditioned resid norm 1.484325676546e-08 true resid norm 1.484325676546e-08 ||r(i)||/||b|| 4.071465644706e-08
372 KSP unpreconditioned resid norm 1.208068261284e-08 true resid norm 1.208068261284e-08 ||r(i)||/||b|| 3.313698940870e-08
373 KSP unpreconditioned resid norm 1.077038317187e-08 true resid norm 1.077038317187e-08 ||r(i)||/||b|| 2.954287307529e-08
374 KSP unpreconditioned resid norm 9.733135691573e-09 true resid norm 9.733135691573e-09 ||r(i)||/||b|| 2.669773096946e-08
375 KSP unpreconditioned resid norm 9.720424697139e-09 true resid norm 9.720424697139e-09 ||r(i)||/||b|| 2.666286505158e-08
376 KSP unpreconditioned resid norm 1.066448069225e-08 true resid norm 1.066448069225e-08 ||r(i)||/||b|| 2.925238540516e-08
377 KSP unpreconditioned resid norm 1.217505756796e-08 true resid norm 1.217505756796e-08 ||r(i)||/||b|| 3.339585738731e-08
378 KSP unpreconditioned resid norm 1.401607394822e-08 true resid norm 1.401607394822e-08 ||r(i)||/||b|| 3.844571609556e-08
379 KSP unpreconditioned resid norm 1.343205293676e-08 true resid norm 1.343205293676e-08 ||r(i)||/||b|| 3.684376207594e-08
380 KSP unpreconditioned resid norm 1.146861651900e-08 true resid norm 1.146861651900e-08 ||r(i)||/||b|| 3.145810847797e-08
381 KSP unpreconditioned resid norm 9.736493759697e-09 true resid norm 9.736493759697e-09 ||r(i)||/||b|| 2.670694206054e-08
382 KSP unpreconditioned resid norm 7.558021337836e-09 true resid norm 7.558021337836e-09 ||r(i)||/||b|| 2.073145045268e-08
383 KSP unpreconditioned resid norm 5.836776700376e-09 true resid norm 5.836776700376e-09 ||r(i)||/||b|| 1.601012243263e-08
384 KSP unpreconditioned resid norm 4.774731957599e-09 true resid norm 4.774731957599e-09 ||r(i)||/||b|| 1.309696209883e-08
385 KSP unpreconditioned resid norm 4.669921095631e-09 true resid norm 4.669921095631e-09 ||r(i)||/||b|| 1.280946870675e-08
386 KSP unpreconditioned resid norm 5.266543124827e-09 true resid norm 5.266543124827e-09 ||r(i)||/||b|| 1.444598698110e-08
387 KSP unpreconditioned resid norm 6.249092156850e-09 true resid norm 6.249092156850e-09 ||r(i)||/||b|| 1.714109270576e-08
388 KSP unpreconditioned resid norm 7.422405708805e-09 true resid norm 7.422405708805e-09 ||r(i)||/||b|| 2.035946040817e-08
389 KSP unpreconditioned resid norm 7.817310004710e-09 true resid norm 7.817310004710e-09 ||r(i)||/||b|| 2.144267233337e-08
390 KSP unpreconditioned resid norm 7.114159559853e-09 true resid norm 7.114159559853e-09 ||r(i)||/||b|| 1.951394946309e-08
391 KSP unpreconditioned resid norm 5.342401373886e-09 true resid norm 5.342401373886e-09 ||r(i)||/||b|| 1.465406413006e-08
392 KSP unpreconditioned resid norm 3.844494217863e-09 true resid norm 3.844494217863e-09 ||r(i)||/||b|| 1.054534485028e-08
393 KSP unpreconditioned resid norm 3.114036986928e-09 true resid norm 3.114036986928e-09 ||r(i)||/||b|| 8.541720195882e-09
            || b ||_2 = 3.6456789914864118e-01
|| r ||_2 / || b ||_2 = 2.5278395899542875e-08
WARNING! There are options you set that were not used!
WARNING! could be spelling mistake, etc!
There is one unused database option. It is:
Option left: name:-ksp_gmres_restart value: 50 source: command line
