Config file: ../input/config/comsol/flat-shell/refine0.json
order_rbm = 2
angle_type = 1
mesh_type = 1
==== basic information of linear system ====
matrix Row = 6006, matrix Column = 6006
matrix nz_allocated = 77658, matrix nz_used = 77658, matrix nz_unneeded = 0
vector Row = 6006
initial     || b ||_2 = 8.0242448126731133e+03
>>>>local_vec_size = 1500
>>>>~~~~ local_mat_m = 1500, local_mat_n = 1500
>>>>local_vec_size = 1500
>>>>~~~~ local_mat_m = 1500, local_mat_n = 1500
>>>>local_vec_size = 1506
>>>>~~~~ local_mat_m = 1506, local_mat_n = 1506
>>>>local_vec_size = 1500
>>>>~~~~ local_mat_m = 1500, local_mat_n = 1500
            || b ||_2 = 8.0242448126731133e+03
|| r ||_2 / || b ||_2 = 1.0000000000000000e+00
Partitioning a graph of size 1001 serially
      Setup: Max:   0.000, Sum:   0.002, Balance:   1.001
      Remap: Max:   0.000, Sum:   0.000, Balance:   4.000
      Total: Max:   0.032, Sum:   0.127, Balance:   1.000
       Aux1: Max:   0.000, Sum:   0.000, Balance:   1.098
Final 250-way Cut:   1636 	Balance: 1.249 
Partitioning a graph of size 250 serially
      Setup: Max:   0.000, Sum:   0.000, Balance:   1.008
      Remap: Max:   0.000, Sum:   0.000, Balance:   2.000
      Total: Max:   0.007, Sum:   0.029, Balance:   1.000
       Aux1: Max:   0.000, Sum:   0.000, Balance:   1.053
Final  62-way Cut:    372 	Balance: 1.240 
Partitioning a graph of size 62 serially
      Setup: Max:   0.000, Sum:   0.000, Balance:   1.013
      Remap: Max:   0.000, Sum:   0.000, Balance:   2.000
      Total: Max:   0.002, Sum:   0.006, Balance:   1.000
       Aux1: Max:   0.000, Sum:   0.000, Balance:   1.103
Final  15-way Cut:     74 	Balance: 1.210 


>>>>nodes in level 1 is 62, less than 100, setup DONE!>>>>


>>>> mla setup time: 0.05825 (s)
KSP Object: (mg_coarse_) 4 MPI processes
  type: preonly
  maximum iterations=10000, initial guess is zero
  tolerances: relative=1e-05, absolute=1e-50, divergence=10000.
  left preconditioning
  using DEFAULT norm type for convergence test
PC Object: (mg_coarse_) 4 MPI processes
  type: redundant
  PC has not been set up so information may be incomplete
    Not yet setup
  linear system matrix = precond matrix:
  Mat Object: 4 MPI processes
    type: mpiaij
    rows=558, cols=558
    total: nonzeros=29484, allocated nonzeros=29484
    total number of mallocs used during MatSetValues calls=0
      using nonscalable MatPtAP() implementation
      using I-node (on process 0) routines: found 32 nodes, limit used is 5
KSP Object: (mg_levels_1_) 4 MPI processes
  type: chebyshev
    Chebyshev polynomial of first kind
    eigenvalue targets used: min 0., max 0.
  maximum iterations=5, initial guess is zero
  tolerances: relative=1e-05, absolute=1e-50, divergence=10000.
  left preconditioning
  using NONE norm type for convergence test
PC Object: (mg_levels_1_) 4 MPI processes
  type: sor
  PC has not been set up so information may be incomplete
    type = local_symmetric, iterations = 1, local iterations = 1, omega = 1.
  linear system matrix = precond matrix:
  Mat Object: 4 MPI processes
    type: mpiaij
    rows=2250, cols=2250
    total: nonzeros=130896, allocated nonzeros=130896
    total number of mallocs used during MatSetValues calls=0
      using I-node (on process 0) routines: found 126 nodes, limit used is 5
KSP Object: (mg_levels_2_) 4 MPI processes
  type: chebyshev
    Chebyshev polynomial of first kind
    eigenvalue targets used: min 0., max 0.
  maximum iterations=5, initial guess is zero
  tolerances: relative=1e-05, absolute=1e-50, divergence=10000.
  left preconditioning
  using NONE norm type for convergence test
PC Object: (mg_levels_2_) 4 MPI processes
  type: sor
  PC has not been set up so information may be incomplete
    type = local_symmetric, iterations = 1, local iterations = 1, omega = 1.
  linear system matrix = precond matrix:
  Mat Object: 4 MPI processes
    type: mpiaij
    rows=6006, cols=6006
    total: nonzeros=77658, allocated nonzeros=77658
    total number of mallocs used during MatSetValues calls=0
      using I-node (on process 0) routines: found 1098 nodes, limit used is 5
  0 KSP unpreconditioned resid norm 8.024244812673e+03 true resid norm 8.024244812673e+03 ||r(i)||/||b|| 1.000000000000e+00
  1 KSP unpreconditioned resid norm 5.472259119523e+05 true resid norm 5.472259119524e+05 ||r(i)||/||b|| 6.819656238405e+01
  2 KSP unpreconditioned resid norm 4.612139003927e+05 true resid norm 4.612139003927e+05 ||r(i)||/||b|| 5.747754600710e+01
  3 KSP unpreconditioned resid norm 2.700221162448e+05 true resid norm 2.700221162448e+05 ||r(i)||/||b|| 3.365078241610e+01
  4 KSP unpreconditioned resid norm 1.289520925420e+05 true resid norm 1.289520925420e+05 ||r(i)||/||b|| 1.607030886424e+01
  5 KSP unpreconditioned resid norm 6.291250520926e+04 true resid norm 6.291250520930e+04 ||r(i)||/||b|| 7.840302318536e+00
  6 KSP unpreconditioned resid norm 3.325056382405e+04 true resid norm 3.325056382417e+04 ||r(i)||/||b|| 4.143762385173e+00
  7 KSP unpreconditioned resid norm 1.651296991329e+04 true resid norm 1.651296991328e+04 ||r(i)||/||b|| 2.057884610799e+00
  8 KSP unpreconditioned resid norm 6.732381922681e+03 true resid norm 6.732381922680e+03 ||r(i)||/||b|| 8.390050503005e-01
  9 KSP unpreconditioned resid norm 3.255175797944e+03 true resid norm 3.255175798043e+03 ||r(i)||/||b|| 4.056675580115e-01
 10 KSP unpreconditioned resid norm 1.559241873868e+03 true resid norm 1.559241873818e+03 ||r(i)||/||b|| 1.943163388230e-01
 11 KSP unpreconditioned resid norm 6.724490726626e+02 true resid norm 6.724490729896e+02 ||r(i)||/||b|| 8.380216315529e-02
 12 KSP unpreconditioned resid norm 3.091345535824e+02 true resid norm 3.091345534373e+02 ||r(i)||/||b|| 3.852506505647e-02
 13 KSP unpreconditioned resid norm 1.628343481007e+02 true resid norm 1.628343484477e+02 ||r(i)||/||b|| 2.029279418177e-02
 14 KSP unpreconditioned resid norm 7.711050546488e+01 true resid norm 7.711050575653e+01 ||r(i)||/||b|| 9.609690077594e-03
 15 KSP unpreconditioned resid norm 3.300975676237e+01 true resid norm 3.300975649893e+01 ||r(i)||/||b|| 4.113752417772e-03
 16 KSP unpreconditioned resid norm 1.338666681819e+01 true resid norm 1.338666651617e+01 ||r(i)||/||b|| 1.668277430298e-03
 17 KSP unpreconditioned resid norm 5.572049365192e+00 true resid norm 5.572049564897e+00 ||r(i)||/||b|| 6.944017405971e-04
 18 KSP unpreconditioned resid norm 2.962246754285e+00 true resid norm 2.962246892222e+00 ||r(i)||/||b|| 3.691620783483e-04
 19 KSP unpreconditioned resid norm 7.942127457968e-01 true resid norm 7.942130776914e-01 ||r(i)||/||b|| 9.897667584083e-05
 20 KSP unpreconditioned resid norm 5.518344995113e-01 true resid norm 5.518340830710e-01 ||r(i)||/||b|| 6.877084335706e-05
 21 KSP unpreconditioned resid norm 2.045131835708e-01 true resid norm 2.045130999110e-01 ||r(i)||/||b|| 2.548689685888e-05
 22 KSP unpreconditioned resid norm 8.812241710099e-02 true resid norm 8.812275645763e-02 ||r(i)||/||b|| 1.098206230180e-05
 23 KSP unpreconditioned resid norm 4.168246740100e-02 true resid norm 4.168256420220e-02 ||r(i)||/||b|| 5.194577829476e-06
 24 KSP unpreconditioned resid norm 1.458736654039e-02 true resid norm 1.458715133018e-02 ||r(i)||/||b|| 1.817884632226e-06
 25 KSP unpreconditioned resid norm 6.615336957882e-03 true resid norm 6.615626846103e-03 ||r(i)||/||b|| 8.244547618555e-07
 26 KSP unpreconditioned resid norm 2.934718529286e-03 true resid norm 2.934686868065e-03 ||r(i)||/||b|| 3.657274842151e-07
 27 KSP unpreconditioned resid norm 1.258048403356e-03 true resid norm 1.258825732392e-03 ||r(i)||/||b|| 1.568777824928e-07
 28 KSP unpreconditioned resid norm 7.061021616700e-04 true resid norm 7.067943273033e-04 ||r(i)||/||b|| 8.808234840829e-08
 29 KSP unpreconditioned resid norm 2.754630498884e-04 true resid norm 2.775007542051e-04 ||r(i)||/||b|| 3.458278762468e-08
 30 KSP unpreconditioned resid norm 1.336853340509e-04 true resid norm 1.384728035799e-04 ||r(i)||/||b|| 1.725680195614e-08
 31 KSP unpreconditioned resid norm 7.618314230150e-05 true resid norm 8.482676646076e-05 ||r(i)||/||b|| 1.057130838366e-08
>>>> ksp solve time: 0.0551579 (s)
            || b ||_2 = 8.0242448126731133e+03
|| r ||_2 / || b ||_2 = 1.0571308383661404e-08
