Config file: ../input/config/mla_v_cycle-refine3.json
order_rbm = 2
angle_type = 1
==== basic information of linear system ====
matrix Row = 73482, matrix Column = 73482
matrix nz_allocated = 1513726, matrix nz_used = 1513726, matrix nz_unneeded = 0
vector Row = 73482
initial     || b ||_2 = 3.6456789914864107e-01
>>>>local_vec_size = 18372
>>>>~~~~ local_mat_m = 18372, local_mat_n = 18372
>>>>local_vec_size = 18372
>>>>~~~~ local_mat_m = 18372, local_mat_n = 18372
>>>>local_vec_size = 18366
>>>>~~~~ local_mat_m = 18366, local_mat_n = 18366
>>>>local_vec_size = 18372
>>>>~~~~ local_mat_m = 18372, local_mat_n = 18372
            || b ||_2 = 3.6456789914864107e-01
|| r ||_2 / || b ||_2 = 1.0000000000000000e+00
[ 12247    72068  3061  3062] [12248] [ 0.000] [ 0.000]
nvtxs:      12247, cut:    20792, balance: 1.200 
	[0 0], [0.0003], [4 15 13]
	[0 1], [0.0003], [5 19 16]
		cut: 20784
	[1 0], [0.0003], [1 4 3]
	[1 1], [0.0003], [3 11 10]
		cut: 20783
	[2 0], [0.0003], [0 0 0]
	[2 1], [0.0003], [0 0 0]
		cut: 20783
      Setup: Max:   0.001, Sum:   0.003, Balance:   1.002
   InitPart: Max:   0.134, Sum:   0.534, Balance:   1.000
 Initialize: Max:   0.001, Sum:   0.003, Balance:   1.008
      K-way: Max:   0.002, Sum:   0.006, Balance:   1.001
      Remap: Max:   0.000, Sum:   0.000, Balance:   4.000
      Total: Max:   0.137, Sum:   0.548, Balance:   1.000
       Aux1: Max:   0.001, Sum:   0.002, Balance:   1.000
Final 3061-way Cut:  20783 	Balance: 1.250 
Partitioning a graph of size 3061 serially
      Setup: Max:   0.000, Sum:   0.000, Balance:   1.003
      Remap: Max:   0.000, Sum:   0.000, Balance:   2.000
      Total: Max:   0.114, Sum:   0.456, Balance:   1.000
       Aux1: Max:   0.000, Sum:   0.000, Balance:   1.053
Final 765-way Cut:   4984 	Balance: 1.250 
Partitioning a graph of size 765 serially
      Setup: Max:   0.000, Sum:   0.000, Balance:   1.003
      Remap: Max:   0.000, Sum:   0.000, Balance:   2.000
      Total: Max:   0.039, Sum:   0.157, Balance:   1.000
       Aux1: Max:   0.000, Sum:   0.000, Balance:   1.048
Final 191-way Cut:   1215 	Balance: 1.248 
Partitioning a graph of size 191 serially
      Setup: Max:   0.000, Sum:   0.000, Balance:   1.007
      Remap: Max:   0.000, Sum:   0.000, Balance:   2.000
      Total: Max:   0.009, Sum:   0.035, Balance:   1.000
       Aux1: Max:   0.000, Sum:   0.000, Balance:   1.212
Final  47-way Cut:    243 	Balance: 1.230 
Partitioning a graph of size 47 serially
      Setup: Max:   0.000, Sum:   0.000, Balance:   1.005
      Remap: Max:   0.000, Sum:   0.000, Balance:   4.000
      Total: Max:   0.001, Sum:   0.006, Balance:   1.000
       Aux1: Max:   0.000, Sum:   0.000, Balance:   1.000
Final  11-way Cut:     32 	Balance: 1.170 


>>>>nodes in level 3 is 47, less than 100, setup DONE!>>>>


>>>> mla setup time: 0.728947 (s)
KSP Object: (mg_coarse_) 4 MPI processes
  type: preonly
  maximum iterations=10000, initial guess is zero
  tolerances: relative=1e-05, absolute=1e-50, divergence=10000.
  left preconditioning
  using DEFAULT norm type for convergence test
PC Object: (mg_coarse_) 4 MPI processes
  type: redundant
  PC has not been set up so information may be incomplete
    Not yet setup
  linear system matrix = precond matrix:
  Mat Object: 4 MPI processes
    type: mpiaij
    rows=423, cols=423
    total: nonzeros=18873, allocated nonzeros=18873
    total number of mallocs used during MatSetValues calls=0
      using nonscalable MatPtAP() implementation
      using I-node (on process 0) routines: found 24 nodes, limit used is 5
KSP Object: (mg_levels_1_) 4 MPI processes
  type: chebyshev
    Chebyshev polynomial of first kind
    eigenvalue targets used: min 0., max 0.
  maximum iterations=5, initial guess is zero
  tolerances: relative=1e-05, absolute=1e-50, divergence=10000.
  left preconditioning
  using NONE norm type for convergence test
PC Object: (mg_levels_1_) 4 MPI processes
  type: sor
  PC has not been set up so information may be incomplete
    type = local_symmetric, iterations = 1, local iterations = 1, omega = 1.
  linear system matrix = precond matrix:
  Mat Object: 4 MPI processes
    type: mpiaij
    rows=1719, cols=1719
    total: nonzeros=93393, allocated nonzeros=93393
    total number of mallocs used during MatSetValues calls=0
      using I-node (on process 0) routines: found 96 nodes, limit used is 5
KSP Object: (mg_levels_2_) 4 MPI processes
  type: chebyshev
    Chebyshev polynomial of first kind
    eigenvalue targets used: min 0., max 0.
  maximum iterations=5, initial guess is zero
  tolerances: relative=1e-05, absolute=1e-50, divergence=10000.
  left preconditioning
  using NONE norm type for convergence test
PC Object: (mg_levels_2_) 4 MPI processes
  type: sor
  PC has not been set up so information may be incomplete
    type = local_symmetric, iterations = 1, local iterations = 1, omega = 1.
  linear system matrix = precond matrix:
  Mat Object: 4 MPI processes
    type: mpiaij
    rows=6885, cols=6885
    total: nonzeros=404433, allocated nonzeros=404433
    total number of mallocs used during MatSetValues calls=0
      using I-node (on process 0) routines: found 384 nodes, limit used is 5
KSP Object: (mg_levels_3_) 4 MPI processes
  type: chebyshev
    Chebyshev polynomial of first kind
    eigenvalue targets used: min 0., max 0.
  maximum iterations=5, initial guess is zero
  tolerances: relative=1e-05, absolute=1e-50, divergence=10000.
  left preconditioning
  using NONE norm type for convergence test
PC Object: (mg_levels_3_) 4 MPI processes
  type: sor
  PC has not been set up so information may be incomplete
    type = local_symmetric, iterations = 1, local iterations = 1, omega = 1.
  linear system matrix = precond matrix:
  Mat Object: 4 MPI processes
    type: mpiaij
    rows=27549, cols=27549
    total: nonzeros=1675323, allocated nonzeros=1675323
    total number of mallocs used during MatSetValues calls=0
      using I-node (on process 0) routines: found 1532 nodes, limit used is 5
KSP Object: (mg_levels_4_) 4 MPI processes
  type: chebyshev
    Chebyshev polynomial of first kind
    eigenvalue targets used: min 0., max 0.
  maximum iterations=5, initial guess is zero
  tolerances: relative=1e-05, absolute=1e-50, divergence=10000.
  left preconditioning
  using NONE norm type for convergence test
PC Object: (mg_levels_4_) 4 MPI processes
  type: sor
  PC has not been set up so information may be incomplete
    type = local_symmetric, iterations = 1, local iterations = 1, omega = 1.
  linear system matrix = precond matrix:
  Mat Object: 4 MPI processes
    type: mpiaij
    rows=73482, cols=73482
    total: nonzeros=1513726, allocated nonzeros=1513726
    total number of mallocs used during MatSetValues calls=0
      using I-node (on process 0) routines: found 9289 nodes, limit used is 5
  0 KSP unpreconditioned resid norm 3.645678991486e-01 true resid norm 3.645678991486e-01 ||r(i)||/||b|| 1.000000000000e+00
  1 KSP unpreconditioned resid norm 6.074039973692e+01 true resid norm 6.074039973692e+01 ||r(i)||/||b|| 1.666092924768e+02
  2 KSP unpreconditioned resid norm 9.457744927122e+01 true resid norm 9.457744927122e+01 ||r(i)||/||b|| 2.594234146563e+02
  3 KSP unpreconditioned resid norm 3.910481707387e+01 true resid norm 3.910481707387e+01 ||r(i)||/||b|| 1.072634676975e+02
  4 KSP unpreconditioned resid norm 2.363119715874e+01 true resid norm 2.363119715875e+01 ||r(i)||/||b|| 6.481974198477e+01
  5 KSP unpreconditioned resid norm 1.298339694030e+01 true resid norm 1.298339694030e+01 ||r(i)||/||b|| 3.561311067327e+01
  6 KSP unpreconditioned resid norm 9.539291720221e+00 true resid norm 9.539291720222e+00 ||r(i)||/||b|| 2.616602213881e+01
  7 KSP unpreconditioned resid norm 5.459784215980e+00 true resid norm 5.459784215980e+00 ||r(i)||/||b|| 1.497604212749e+01
  8 KSP unpreconditioned resid norm 3.996830951595e+00 true resid norm 3.996830951596e+00 ||r(i)||/||b|| 1.096320043792e+01
  9 KSP unpreconditioned resid norm 2.652783855556e+00 true resid norm 2.652783855554e+00 ||r(i)||/||b|| 7.276515188936e+00
 10 KSP unpreconditioned resid norm 1.642641990669e+00 true resid norm 1.642641990668e+00 ||r(i)||/||b|| 4.505723061477e+00
 11 KSP unpreconditioned resid norm 1.095431809604e+00 true resid norm 1.095431809598e+00 ||r(i)||/||b|| 3.004740165429e+00
 12 KSP unpreconditioned resid norm 6.783591176467e-01 true resid norm 6.783591176466e-01 ||r(i)||/||b|| 1.860720922579e+00
 13 KSP unpreconditioned resid norm 4.841900286027e-01 true resid norm 4.841900285996e-01 ||r(i)||/||b|| 1.328120302776e+00
 14 KSP unpreconditioned resid norm 3.138485005930e-01 true resid norm 3.138485005981e-01 ||r(i)||/||b|| 8.608780458484e-01
 15 KSP unpreconditioned resid norm 2.030052966698e-01 true resid norm 2.030052966692e-01 ||r(i)||/||b|| 5.568381010594e-01
 16 KSP unpreconditioned resid norm 1.503820151955e-01 true resid norm 1.503820152000e-01 ||r(i)||/||b|| 4.124938469657e-01
 17 KSP unpreconditioned resid norm 9.069727933641e-02 true resid norm 9.069727932983e-02 ||r(i)||/||b|| 2.487802122503e-01
 18 KSP unpreconditioned resid norm 6.481523286469e-02 true resid norm 6.481523286295e-02 ||r(i)||/||b|| 1.777864507937e-01
 19 KSP unpreconditioned resid norm 4.285018161423e-02 true resid norm 4.285018160930e-02 ||r(i)||/||b|| 1.175369024792e-01
 20 KSP unpreconditioned resid norm 2.875493679654e-02 true resid norm 2.875493680048e-02 ||r(i)||/||b|| 7.887402282985e-02
 21 KSP unpreconditioned resid norm 2.040903188376e-02 true resid norm 2.040903187856e-02 ||r(i)||/||b|| 5.598142877149e-02
 22 KSP unpreconditioned resid norm 1.285999454232e-02 true resid norm 1.285999454775e-02 ||r(i)||/||b|| 3.527462120988e-02
 23 KSP unpreconditioned resid norm 9.196949081922e-03 true resid norm 9.196949070885e-03 ||r(i)||/||b|| 2.522698540481e-02
 24 KSP unpreconditioned resid norm 6.130065959525e-03 true resid norm 6.130065951914e-03 ||r(i)||/||b|| 1.681460700799e-02
 25 KSP unpreconditioned resid norm 4.211212630173e-03 true resid norm 4.211212635337e-03 ||r(i)||/||b|| 1.155124366454e-02
 26 KSP unpreconditioned resid norm 2.875383872364e-03 true resid norm 2.875383873582e-03 ||r(i)||/||b|| 7.887101086785e-03
 27 KSP unpreconditioned resid norm 1.880655061291e-03 true resid norm 1.880655068184e-03 ||r(i)||/||b|| 5.158586569404e-03
 28 KSP unpreconditioned resid norm 1.262125718223e-03 true resid norm 1.262125711116e-03 ||r(i)||/||b|| 3.461977080438e-03
 29 KSP unpreconditioned resid norm 8.265466981778e-04 true resid norm 8.265466957629e-04 ||r(i)||/||b|| 2.267195487296e-03
 30 KSP unpreconditioned resid norm 6.477266403780e-04 true resid norm 6.477266420242e-04 ||r(i)||/||b|| 1.776696860960e-03
 31 KSP unpreconditioned resid norm 5.316366052813e-04 true resid norm 5.316366030996e-04 ||r(i)||/||b|| 1.458264988062e-03
 32 KSP unpreconditioned resid norm 2.600760992892e-04 true resid norm 2.600761072131e-04 ||r(i)||/||b|| 7.133818084929e-04
 33 KSP unpreconditioned resid norm 1.077105580159e-04 true resid norm 1.077105684576e-04 ||r(i)||/||b|| 2.954472094474e-04
 34 KSP unpreconditioned resid norm 4.660399018658e-05 true resid norm 4.660399733306e-05 ||r(i)||/||b|| 1.278335186446e-04
 35 KSP unpreconditioned resid norm 4.535576184391e-05 true resid norm 4.535575375984e-05 ||r(i)||/||b|| 1.244096198973e-04
 36 KSP unpreconditioned resid norm 4.290574649958e-05 true resid norm 4.290574077954e-05 ||r(i)||/||b|| 1.176892997978e-04
 37 KSP unpreconditioned resid norm 2.175812364676e-05 true resid norm 2.175812049357e-05 ||r(i)||/||b|| 5.968194277219e-05
 38 KSP unpreconditioned resid norm 1.290219100094e-05 true resid norm 1.290218663635e-05 ||r(i)||/||b|| 3.539035298082e-05
 39 KSP unpreconditioned resid norm 1.083619655070e-05 true resid norm 1.083621190332e-05 ||r(i)||/||b|| 2.972343952560e-05
 40 KSP unpreconditioned resid norm 5.861683445838e-06 true resid norm 5.861695185184e-06 ||r(i)||/||b|| 1.607847317022e-05
 41 KSP unpreconditioned resid norm 2.933672692162e-06 true resid norm 2.933676916442e-06 ||r(i)||/||b|| 8.046997344782e-06
 42 KSP unpreconditioned resid norm 2.419396478144e-06 true resid norm 2.419409208440e-06 ||r(i)||/||b|| 6.636374771585e-06
 43 KSP unpreconditioned resid norm 1.374925069275e-06 true resid norm 1.374921544011e-06 ||r(i)||/||b|| 3.771373034274e-06
 44 KSP unpreconditioned resid norm 6.436115903033e-07 true resid norm 6.436383595883e-07 ||r(i)||/||b|| 1.765482811546e-06
 45 KSP unpreconditioned resid norm 5.143384231188e-07 true resid norm 5.143610119983e-07 ||r(i)||/||b|| 1.410878503564e-06
 46 KSP unpreconditioned resid norm 3.803381670828e-07 true resid norm 3.803830827635e-07 ||r(i)||/||b|| 1.043380625809e-06
 47 KSP unpreconditioned resid norm 1.883079483225e-07 true resid norm 1.883658175100e-07 ||r(i)||/||b|| 5.166824011380e-07
 48 KSP unpreconditioned resid norm 1.519800584505e-07 true resid norm 1.520767749774e-07 ||r(i)||/||b|| 4.171425277225e-07
 49 KSP unpreconditioned resid norm 9.825004647634e-08 true resid norm 9.838534789924e-08 ||r(i)||/||b|| 2.698683787821e-07
 50 KSP unpreconditioned resid norm 5.009846508771e-08 true resid norm 5.039126720160e-08 ||r(i)||/||b|| 1.382218986347e-07
 51 KSP unpreconditioned resid norm 3.531314745005e-08 true resid norm 3.573145225500e-08 ||r(i)||/||b|| 9.801041819218e-08
 52 KSP unpreconditioned resid norm 2.288016062696e-08 true resid norm 2.353501198954e-08 ||r(i)||/||b|| 6.455590863731e-08
 53 KSP unpreconditioned resid norm 1.553016772291e-08 true resid norm 1.651119351819e-08 ||r(i)||/||b|| 4.528976236457e-08
 54 KSP unpreconditioned resid norm 1.076159376581e-08 true resid norm 1.217957342813e-08 ||r(i)||/||b|| 3.340824427102e-08
 55 KSP unpreconditioned resid norm 6.596746464960e-09 true resid norm 8.689905708908e-09 ||r(i)||/||b|| 2.383617901960e-08
 56 KSP unpreconditioned resid norm 3.805802020735e-09 true resid norm 6.912521279559e-09 ||r(i)||/||b|| 1.896086105140e-08
 57 KSP unpreconditioned resid norm 2.152064428164e-09 true resid norm 6.163317119337e-09 ||r(i)||/||b|| 1.690581407121e-08
>>>> ksp solve time: 5.63615 (s)
            || b ||_2 = 3.6456789914864107e-01
|| r ||_2 / || b ||_2 = 1.6905814071205345e-08
