Config file: ../input/config/mla_v_cycle-refine3.json
order_rbm = 1
angle_type = 1
==== basic information of linear system ====
matrix Row = 73482, matrix Column = 73482
matrix nz_allocated = 1513726, matrix nz_used = 1513726, matrix nz_unneeded = 0
vector Row = 73482
initial     || b ||_2 = 3.6456789914864107e-01
>>>>local_vec_size = 18372
>>>>~~~~ local_mat_m = 18372, local_mat_n = 18372
>>>>local_vec_size = 18372
>>>>~~~~ local_mat_m = 18372, local_mat_n = 18372
>>>>local_vec_size = 18366
>>>>~~~~ local_mat_m = 18366, local_mat_n = 18366
>>>>local_vec_size = 18372
>>>>~~~~ local_mat_m = 18372, local_mat_n = 18372
            || b ||_2 = 3.6456789914864107e-01
|| r ||_2 / || b ||_2 = 1.0000000000000000e+00
[ 12247    72068  3061  3062] [12248] [ 0.000] [ 0.000]
nvtxs:      12247, cut:    20792, balance: 1.200 
	[0 0], [0.0003], [4 15 13]
	[0 1], [0.0003], [5 19 16]
		cut: 20784
	[1 0], [0.0003], [1 4 3]
	[1 1], [0.0003], [3 11 10]
		cut: 20783
	[2 0], [0.0003], [0 0 0]
	[2 1], [0.0003], [0 0 0]
		cut: 20783
      Setup: Max:   0.001, Sum:   0.004, Balance:   1.000
   InitPart: Max:   0.178, Sum:   0.712, Balance:   1.000
 Initialize: Max:   0.001, Sum:   0.003, Balance:   1.002
      K-way: Max:   0.002, Sum:   0.007, Balance:   1.000
      Total: Max:   0.182, Sum:   0.727, Balance:   1.000
       Aux1: Max:   0.001, Sum:   0.003, Balance:   1.001
Final 3061-way Cut:  20783 	Balance: 1.250 
Partitioning a graph of size 3061 serially
      Setup: Max:   0.000, Sum:   0.000, Balance:   1.006
      Remap: Max:   0.000, Sum:   0.000, Balance:   1.333
      Total: Max:   0.139, Sum:   0.557, Balance:   1.000
       Aux1: Max:   0.000, Sum:   0.000, Balance:   1.029
Final 765-way Cut:   4984 	Balance: 1.250 
Partitioning a graph of size 765 serially
      Setup: Max:   0.000, Sum:   0.000, Balance:   1.004
      Remap: Max:   0.000, Sum:   0.000, Balance:   4.000
      Total: Max:   0.040, Sum:   0.158, Balance:   1.000
       Aux1: Max:   0.000, Sum:   0.000, Balance:   1.156
Final 191-way Cut:   1215 	Balance: 1.248 
Partitioning a graph of size 191 serially
      Setup: Max:   0.000, Sum:   0.000, Balance:   1.000
      Remap: Max:   0.000, Sum:   0.000, Balance:   4.000
      Total: Max:   0.009, Sum:   0.035, Balance:   1.000
       Aux1: Max:   0.000, Sum:   0.000, Balance:   1.067
Final  47-way Cut:    243 	Balance: 1.230 
Partitioning a graph of size 47 serially
      Setup: Max:   0.000, Sum:   0.000, Balance:   1.012
      Total: Max:   0.001, Sum:   0.006, Balance:   1.000
       Aux1: Max:   0.000, Sum:   0.000, Balance:   1.000
Final  11-way Cut:     32 	Balance: 1.170 


>>>>nodes in level 3 is 47, less than 100, setup DONE!>>>>


>>>> mla setup time: 0.60245 (s)
KSP Object: (mg_coarse_) 4 MPI processes
  type: preonly
  maximum iterations=10000, initial guess is zero
  tolerances: relative=1e-05, absolute=1e-50, divergence=10000.
  left preconditioning
  using DEFAULT norm type for convergence test
PC Object: (mg_coarse_) 4 MPI processes
  type: redundant
  PC has not been set up so information may be incomplete
    Not yet setup
  linear system matrix = precond matrix:
  Mat Object: 4 MPI processes
    type: mpiaij
    rows=282, cols=282
    total: nonzeros=8388, allocated nonzeros=8388
    total number of mallocs used during MatSetValues calls=0
      using nonscalable MatPtAP() implementation
      using I-node (on process 0) routines: found 24 nodes, limit used is 5
KSP Object: (mg_levels_1_) 4 MPI processes
  type: chebyshev
    Chebyshev polynomial of first kind
    eigenvalue targets used: min 0., max 0.
  maximum iterations=5, initial guess is zero
  tolerances: relative=1e-05, absolute=1e-50, divergence=10000.
  left preconditioning
  using NONE norm type for convergence test
PC Object: (mg_levels_1_) 4 MPI processes
  type: sor
  PC has not been set up so information may be incomplete
    type = local_symmetric, iterations = 1, local iterations = 1, omega = 1.
  linear system matrix = precond matrix:
  Mat Object: 4 MPI processes
    type: mpiaij
    rows=1146, cols=1146
    total: nonzeros=41508, allocated nonzeros=41508
    total number of mallocs used during MatSetValues calls=0
      using I-node (on process 0) routines: found 96 nodes, limit used is 5
KSP Object: (mg_levels_2_) 4 MPI processes
  type: chebyshev
    Chebyshev polynomial of first kind
    eigenvalue targets used: min 0., max 0.
  maximum iterations=5, initial guess is zero
  tolerances: relative=1e-05, absolute=1e-50, divergence=10000.
  left preconditioning
  using NONE norm type for convergence test
PC Object: (mg_levels_2_) 4 MPI processes
  type: sor
  PC has not been set up so information may be incomplete
    type = local_symmetric, iterations = 1, local iterations = 1, omega = 1.
  linear system matrix = precond matrix:
  Mat Object: 4 MPI processes
    type: mpiaij
    rows=4590, cols=4590
    total: nonzeros=179748, allocated nonzeros=179748
    total number of mallocs used during MatSetValues calls=0
      using I-node (on process 0) routines: found 384 nodes, limit used is 5
KSP Object: (mg_levels_3_) 4 MPI processes
  type: chebyshev
    Chebyshev polynomial of first kind
    eigenvalue targets used: min 0., max 0.
  maximum iterations=5, initial guess is zero
  tolerances: relative=1e-05, absolute=1e-50, divergence=10000.
  left preconditioning
  using NONE norm type for convergence test
PC Object: (mg_levels_3_) 4 MPI processes
  type: sor
  PC has not been set up so information may be incomplete
    type = local_symmetric, iterations = 1, local iterations = 1, omega = 1.
  linear system matrix = precond matrix:
  Mat Object: 4 MPI processes
    type: mpiaij
    rows=18366, cols=18366
    total: nonzeros=744588, allocated nonzeros=744588
    total number of mallocs used during MatSetValues calls=0
      using I-node (on process 0) routines: found 1532 nodes, limit used is 5
KSP Object: (mg_levels_4_) 4 MPI processes
  type: chebyshev
    Chebyshev polynomial of first kind
    eigenvalue targets used: min 0., max 0.
  maximum iterations=5, initial guess is zero
  tolerances: relative=1e-05, absolute=1e-50, divergence=10000.
  left preconditioning
  using NONE norm type for convergence test
PC Object: (mg_levels_4_) 4 MPI processes
  type: sor
  PC has not been set up so information may be incomplete
    type = local_symmetric, iterations = 1, local iterations = 1, omega = 1.
  linear system matrix = precond matrix:
  Mat Object: 4 MPI processes
    type: mpiaij
    rows=73482, cols=73482
    total: nonzeros=1513726, allocated nonzeros=1513726
    total number of mallocs used during MatSetValues calls=0
      using I-node (on process 0) routines: found 9289 nodes, limit used is 5
  0 KSP unpreconditioned resid norm 3.645678991486e-01 true resid norm 3.645678991486e-01 ||r(i)||/||b|| 1.000000000000e+00
  1 KSP unpreconditioned resid norm 6.123184806346e+01 true resid norm 6.123184806346e+01 ||r(i)||/||b|| 1.679573220968e+02
  2 KSP unpreconditioned resid norm 8.924307705296e+01 true resid norm 8.924307705295e+01 ||r(i)||/||b|| 2.447913742854e+02
  3 KSP unpreconditioned resid norm 4.161055296905e+01 true resid norm 4.161055296905e+01 ||r(i)||/||b|| 1.141366342627e+02
  4 KSP unpreconditioned resid norm 2.211896880808e+01 true resid norm 2.211896880808e+01 ||r(i)||/||b|| 6.067174005099e+01
  5 KSP unpreconditioned resid norm 1.203164526811e+01 true resid norm 1.203164526811e+01 ||r(i)||/||b|| 3.300248128321e+01
  6 KSP unpreconditioned resid norm 8.652894216204e+00 true resid norm 8.652894216200e+00 ||r(i)||/||b|| 2.373465748467e+01
  7 KSP unpreconditioned resid norm 5.095763737443e+00 true resid norm 5.095763737446e+00 ||r(i)||/||b|| 1.397754368760e+01
  8 KSP unpreconditioned resid norm 3.604265449166e+00 true resid norm 3.604265449164e+00 ||r(i)||/||b|| 9.886403760674e+00
  9 KSP unpreconditioned resid norm 2.608842776253e+00 true resid norm 2.608842776259e+00 ||r(i)||/||b|| 7.155985983272e+00
 10 KSP unpreconditioned resid norm 1.488002904888e+00 true resid norm 1.488002904884e+00 ||r(i)||/||b|| 4.081552183720e+00
 11 KSP unpreconditioned resid norm 1.047404787770e+00 true resid norm 1.047404787776e+00 ||r(i)||/||b|| 2.873003328658e+00
 12 KSP unpreconditioned resid norm 7.123040722865e-01 true resid norm 7.123040722818e-01 ||r(i)||/||b|| 1.953831025565e+00
 13 KSP unpreconditioned resid norm 4.440258138618e-01 true resid norm 4.440258138624e-01 ||r(i)||/||b|| 1.217950935613e+00
 14 KSP unpreconditioned resid norm 3.331216272523e-01 true resid norm 3.331216272512e-01 ||r(i)||/||b|| 9.137437169567e-01
 15 KSP unpreconditioned resid norm 2.010390618405e-01 true resid norm 2.010390618443e-01 ||r(i)||/||b|| 5.514447715057e-01
 16 KSP unpreconditioned resid norm 1.494126987394e-01 true resid norm 1.494126987305e-01 ||r(i)||/||b|| 4.098350378062e-01
 17 KSP unpreconditioned resid norm 1.022827036736e-01 true resid norm 1.022827036758e-01 ||r(i)||/||b|| 2.805587214745e-01
 18 KSP unpreconditioned resid norm 6.653871843125e-02 true resid norm 6.653871842694e-02 ||r(i)||/||b|| 1.825139256153e-01
 19 KSP unpreconditioned resid norm 5.030161625755e-02 true resid norm 5.030161626817e-02 ||r(i)||/||b|| 1.379759885213e-01
 20 KSP unpreconditioned resid norm 3.251392663907e-02 true resid norm 3.251392663420e-02 ||r(i)||/||b|| 8.918483144053e-02
 21 KSP unpreconditioned resid norm 2.386155169787e-02 true resid norm 2.386155170884e-02 ||r(i)||/||b|| 6.545159835674e-02
 22 KSP unpreconditioned resid norm 1.613270959574e-02 true resid norm 1.613270959385e-02 ||r(i)||/||b|| 4.425159107954e-02
 23 KSP unpreconditioned resid norm 1.040250115003e-02 true resid norm 1.040250114600e-02 ||r(i)||/||b|| 2.853378251430e-02
 24 KSP unpreconditioned resid norm 7.936723738827e-03 true resid norm 7.936723733587e-03 ||r(i)||/||b|| 2.177022099895e-02
 25 KSP unpreconditioned resid norm 5.189795696023e-03 true resid norm 5.189795698644e-03 ||r(i)||/||b|| 1.423547084305e-02
 26 KSP unpreconditioned resid norm 3.868176819297e-03 true resid norm 3.868176823538e-03 ||r(i)||/||b|| 1.061030560445e-02
 27 KSP unpreconditioned resid norm 2.560672250558e-03 true resid norm 2.560672251926e-03 ||r(i)||/||b|| 7.023855522952e-03
 28 KSP unpreconditioned resid norm 1.659856702447e-03 true resid norm 1.659856701560e-03 ||r(i)||/||b|| 4.552942553187e-03
 29 KSP unpreconditioned resid norm 1.325712739691e-03 true resid norm 1.325712746377e-03 ||r(i)||/||b|| 3.636394618046e-03
 30 KSP unpreconditioned resid norm 1.046626921644e-03 true resid norm 1.046626901415e-03 ||r(i)||/||b|| 2.870869607169e-03
 31 KSP unpreconditioned resid norm 7.576733904292e-04 true resid norm 7.576733979372e-04 ||r(i)||/||b|| 2.078277872809e-03
 32 KSP unpreconditioned resid norm 3.999006541270e-04 true resid norm 3.999006474345e-04 ||r(i)||/||b|| 1.096916783865e-03
 33 KSP unpreconditioned resid norm 1.665754853814e-04 true resid norm 1.665754933462e-04 ||r(i)||/||b|| 4.569121245595e-04
 34 KSP unpreconditioned resid norm 8.900709352444e-05 true resid norm 8.900709056579e-05 ||r(i)||/||b|| 2.441440696607e-04
 35 KSP unpreconditioned resid norm 7.731281447543e-05 true resid norm 7.731282078887e-05 ||r(i)||/||b|| 2.120670003295e-04
 36 KSP unpreconditioned resid norm 8.075902532613e-05 true resid norm 8.075902096864e-05 ||r(i)||/||b|| 2.215198352824e-04
 37 KSP unpreconditioned resid norm 4.358795167998e-05 true resid norm 4.358795548814e-05 ||r(i)||/||b|| 1.195605965032e-04
 38 KSP unpreconditioned resid norm 1.836251747312e-05 true resid norm 1.836251249090e-05 ||r(i)||/||b|| 5.036788080843e-05
 39 KSP unpreconditioned resid norm 1.075514881585e-05 true resid norm 1.075514625315e-05 ||r(i)||/||b|| 2.950107861461e-05
 40 KSP unpreconditioned resid norm 8.492939202751e-06 true resid norm 8.492930669360e-06 ||r(i)||/||b|| 2.329588175260e-05
 41 KSP unpreconditioned resid norm 4.627505401411e-06 true resid norm 4.627510553328e-06 ||r(i)||/||b|| 1.269313772313e-05
 42 KSP unpreconditioned resid norm 2.299029837771e-06 true resid norm 2.299046168916e-06 ||r(i)||/||b|| 6.306222172290e-06
 43 KSP unpreconditioned resid norm 1.791042202403e-06 true resid norm 1.791051116914e-06 ||r(i)||/||b|| 4.912805326791e-06
 44 KSP unpreconditioned resid norm 1.198334589534e-06 true resid norm 1.198330518520e-06 ||r(i)||/||b|| 3.286988572825e-06
 45 KSP unpreconditioned resid norm 6.209556348680e-07 true resid norm 6.209786783309e-07 ||r(i)||/||b|| 1.703327911703e-06
 46 KSP unpreconditioned resid norm 4.592084574914e-07 true resid norm 4.592327260778e-07 ||r(i)||/||b|| 1.259663089236e-06
 47 KSP unpreconditioned resid norm 4.776006890940e-07 true resid norm 4.776336011064e-07 ||r(i)||/||b|| 1.310136197459e-06
 48 KSP unpreconditioned resid norm 2.607167077970e-07 true resid norm 2.607607159371e-07 ||r(i)||/||b|| 7.152596719185e-07
 49 KSP unpreconditioned resid norm 1.303158319412e-07 true resid norm 1.304255329590e-07 ||r(i)||/||b|| 3.577537497503e-07
 50 KSP unpreconditioned resid norm 8.404230265216e-08 true resid norm 8.421310135410e-08 ||r(i)||/||b|| 2.309942854288e-07
 51 KSP unpreconditioned resid norm 4.399376258142e-08 true resid norm 4.432491504826e-08 ||r(i)||/||b|| 1.215820568727e-07
 52 KSP unpreconditioned resid norm 2.141418949899e-08 true resid norm 2.208010720812e-08 ||r(i)||/||b|| 6.056514372133e-08
 53 KSP unpreconditioned resid norm 1.377075300689e-08 true resid norm 1.483956498695e-08 ||r(i)||/||b|| 4.070452999732e-08
 54 KSP unpreconditioned resid norm 8.237922521040e-09 true resid norm 9.931512686379e-09 ||r(i)||/||b|| 2.724187376226e-08
 55 KSP unpreconditioned resid norm 5.157553764212e-09 true resid norm 7.586867038500e-09 ||r(i)||/||b|| 2.081057343836e-08
 56 KSP unpreconditioned resid norm 3.955044998682e-09 true resid norm 6.846812553624e-09 ||r(i)||/||b|| 1.878062377300e-08
 57 KSP unpreconditioned resid norm 2.359476107923e-09 true resid norm 6.114804814169e-09 ||r(i)||/||b|| 1.677274611519e-08
>>>> ksp solve time: 4.3776 (s)
            || b ||_2 = 3.6456789914864107e-01
|| r ||_2 / || b ||_2 = 1.6772746115191209e-08
