==== basic information of linear system ====
matrix Row = 1506, matrix Column = 1506
matrix nz_allocated = 27747, matrix nz_used = 27747, matrix nz_unneeded = 0
vector Row = 1506
initial     || b ||_2 = 2.6501139470351753e+00
0	1.0000000000000000e+00
1	1.0000000000000000e+00
2	1.0000000000000000e+00
3	1.0000000000000000e+00
4	1.0000000000000000e+00
5	1.0000000000000000e+00
6	1.2862645215070299e+06
7	1.2862645215070392e+06
8	5.6746964184133871e+05
9	1.2803976665627508e+05
10	1.2803976665627584e+05
11	2.1884781094799520e+04
12	1.2862645215070494e+06
13	1.2862645215070571e+06
14	5.6746964184134710e+05
15	1.2803976665627630e+05
16	1.2803976665627694e+05
17	2.1884781094799699e+04
18	1.0000000000000000e+00
19	1.0000000000000000e+00
20	1.0000000000000000e+00
21	1.0000000000000000e+00
22	1.0000000000000000e+00
23	1.0000000000000000e+00
24	2.6093716731388941e+06
25	2.9830368168637017e+06
26	1.2336195198535137e+06
27	2.4803964063237197e+05
28	2.7917840260943922e+05
29	4.0540690553060689e+04
30	2.6449008147639204e+06
31	2.7411398356395550e+06
32	1.1880972022948842e+06
33	2.5569625472623709e+05
34	2.6371617313254002e+05
35	4.2018032785089643e+04
36	2.6798447964998996e+06
37	2.6879697997115944e+06
38	1.1840767491643000e+06
39	2.6011939243939967e+05
40	2.6079647604037420e+05
41	4.3347723756076230e+04
42	2.6832056662365170e+06
43	2.6843550031127278e+06
44	1.1840207358858627e+06
45	2.6056746854615281e+05
46	2.6066324661917036e+05
47	4.3539098882776925e+04
48	2.6861223168784631e+06
49	2.6820979864372183e+06
50	1.1841662433784590e+06
51	2.6112118419163727e+05
52	2.6078582332153345e+05
53	4.3921228130089767e+04
54	2.7054066214834587e+06
55	2.6860548056805865e+06
56	1.1892929618744217e+06
57	2.6396312316757860e+05
58	2.6235047185067256e+05
59	4.5984690342513131e+04
60	2.6453826230049701e+06
61	2.9305252244575168e+06
62	1.2299796722343720e+06
63	2.5149238300764415e+05
64	2.7525426646202302e+05
65	4.0944246691204724e+04
66	2.6244590628701532e+06
67	2.9783638392433994e+06
68	1.2359168166426956e+06
69	2.5027465073408480e+05
70	2.7976671543185529e+05
71	4.2033939178877015e+04
72	2.6661064534696378e+06
73	2.7047228255459964e+06
74	1.1847417527240368e+06
75	2.5917613487465310e+05
76	2.6239416588101641e+05
77	4.3641313975896737e+04
78	2.6675413026334275e+06
79	2.7085039846343407e+06
80	1.1858923427796545e+06
81	2.5817668242145467e+05
82	2.6159023925486414e+05
83	4.2471464390609239e+04
84	2.6784169399140901e+06
85	2.6892934542681780e+06
86	1.1840537634225590e+06
87	2.6005115129343304e+05
88	2.6095752748960714e+05
89	4.3404816454952466e+04
90	2.6784229169337889e+06
91	2.6893098024688447e+06
92	1.1840586881035219e+06
93	2.6003411798015406e+05
94	2.6094135844140878e+05
95	4.3384844266582899e+04
96	2.6777104515891289e+06
97	2.6900581748906774e+06
98	1.1840666087823100e+06
99	2.5996224545886047e+05
100	2.6099122240065620e+05
101	4.3370997215848489e+04
102	2.6777106722846339e+06
103	2.6900587772907782e+06
104	1.1840667903475172e+06
105	2.5996169570298682e+05
106	2.6099070445349894e+05
107	4.3370352945121791e+04
108	2.6776876335921790e+06
109	2.6900830616219300e+06
110	1.1840670651207592e+06
111	2.5995937070609411e+05
112	2.6099232304190670e+05
113	4.3369905988289902e+04
114	2.6776876407728177e+06
115	2.6900830812205514e+06
116	1.1840670710279490e+06
117	2.5995935289230396e+05
118	2.6099230626294843e+05
119	4.3369885112273638e+04
120	2.6520561375295497e+06
121	2.7216052893971503e+06
122	1.1853664912338308e+06
123	2.5713173002802482e+05
124	2.6292749268365820e+05
125	4.2695702627722087e+04
126	2.6197892089967504e+06
127	2.7561516013471340e+06
128	1.1858692963993861e+06
129	2.5322165879298723e+05
130	2.6458519148885255e+05
131	4.1304507198229723e+04
132	2.6144387447908148e+06
133	2.7628375111218821e+06
134	1.1861638799807420e+06
135	2.5275848816247639e+05
136	2.6512505202339875e+05
137	4.1303206070249820e+04
138	2.6144387447908283e+06
139	2.7628375111218821e+06
140	1.1861638799807448e+06
141	2.5275848816247776e+05
142	2.6512505202339892e+05
143	4.1303206070250009e+04
144	2.6144387447908344e+06
145	2.7628375111218952e+06
146	1.1861638799807495e+06
147	2.5275848816247843e+05
148	2.6512505202340015e+05
149	4.1303206070250264e+04
150	2.6144387447908185e+06
151	2.7628375111218840e+06
152	1.1861638799807432e+06
153	2.5275848816247683e+05
154	2.6512505202339898e+05
155	4.1303206070249886e+04
156	2.6144387447907999e+06
157	2.7628375111218723e+06
158	1.1861638799807364e+06
159	2.5275848816247509e+05
160	2.6512505202339782e+05
161	4.1303206070249493e+04
162	2.6144387447908167e+06
163	2.7628375111218840e+06
164	1.1861638799807429e+06
165	2.5275848816247680e+05
166	2.6512505202339904e+05
167	4.1303206070249827e+04
168	2.6144387447908157e+06
169	2.7628375111218831e+06
170	1.1861638799807425e+06
171	2.5275848816247639e+05
172	2.6512505202339863e+05
173	4.1303206070249915e+04
174	2.6144387447908018e+06
175	2.7628375111218831e+06
176	1.1861638799807392e+06
177	2.5275848816247543e+05
178	2.6512505202339886e+05
179	4.1303206070249587e+04
180	2.6144387447908055e+06
181	2.7628375111218947e+06
182	1.1861638799807425e+06
183	2.5275848816247575e+05
184	2.6512505202339985e+05
185	4.1303206070249864e+04
186	2.6144387447908144e+06
187	2.7628375111218821e+06
188	1.1861638799807418e+06
189	2.5275848816247651e+05
190	2.6512505202339881e+05
191	4.1303206070249827e+04
192	2.6144387447908325e+06
193	2.7628375111218938e+06
194	1.1861638799807485e+06
195	2.5275848816247794e+05
196	2.6512505202339974e+05
197	4.1303206070250206e+04
198	2.6144387447908320e+06
199	2.7628375111218933e+06
200	1.1861638799807483e+06
201	2.5275848816247782e+05
202	2.6512505202339962e+05
203	4.1303206070250206e+04
204	2.6445184868454407e+06
205	2.7277249598061806e+06
206	1.1850537014672696e+06
207	2.5617027804324176e+05
208	2.6310415078997007e+05
209	4.2267572367527799e+04
210	2.6445184868454114e+06
211	2.7277249598061792e+06
212	1.1850537014672623e+06
213	2.5617027804323909e+05
214	2.6310415078996972e+05
215	4.2267572367527246e+04
216	2.6190175603105081e+06
217	2.7566090587842837e+06
218	1.1857999895062039e+06
219	2.5329091357404192e+05
220	2.6475687178018992e+05
221	4.1444838924558979e+04
222	2.6518472120243842e+06
223	2.7232523621284692e+06
224	1.1856837295925412e+06
225	2.5693186259307782e+05
226	2.6288229176841833e+05
227	4.2522699209449143e+04
228	2.6788384838084485e+06
229	2.6888975149035063e+06
230	1.1840594114805781e+06
231	2.6006287324499211e+05
232	2.6090112583624685e+05
233	4.3378078029235578e+04
234	2.6788215388242751e+06
235	2.6888511125431638e+06
236	1.1840454378016409e+06
237	2.6011545116202213e+05
238	2.6095124897192948e+05
239	4.3439747151654003e+04
240	2.6754957817905475e+06
241	2.6924873536796635e+06
242	1.1841139269419583e+06
243	2.5969967145054875e+05
244	2.6111563577464168e+05
245	4.3284702303237922e+04
246	2.6615707537702462e+06
247	2.7070923057748992e+06
248	1.1842639101937818e+06
249	2.5809535607384460e+05
250	2.6188881874089909e+05
251	4.2777390607045192e+04
252	2.6535826684961314e+06
253	2.9611645748177972e+06
254	1.2385471860251310e+06
255	2.5210498226565681e+05
256	2.7773680779246229e+05
257	4.1482710233402438e+04
258	2.9716118030302790e+06
259	2.7229710998346554e+06
260	1.2561579932790296e+06
261	2.8017843772253714e+05
262	2.5945837912290177e+05
263	4.5255945911692943e+04
264	2.7169151449995348e+06
265	2.6622995343841678e+06
266	1.1865914733934638e+06
267	2.6241381956810679e+05
268	2.5786251868349273e+05
269	4.2654262688420349e+04
270	2.9827169298320273e+06
271	2.5902634581847698e+06
272	1.2293339091213522e+06
273	2.7781694655182579e+05
274	2.4511249058122106e+05
275	3.8694726556932030e+04
276	2.5728780019291528e+06
277	2.9940725748754200e+06
278	1.2280038037068911e+06
279	2.4338197122735862e+05
280	2.7848151897288085e+05
281	3.8271344259418191e+04
282	2.6283968169608815e+06
283	2.7599940729481094e+06
284	1.1886156374799246e+06
285	2.5475776223210833e+05
286	2.6572420023104391e+05
287	4.2515961305137367e+04
288	2.6244590628701299e+06
289	2.9783638392433599e+06
290	1.2359168166426816e+06
291	2.5027465073408250e+05
292	2.7976671543185151e+05
293	4.2033939178876142e+04
294	2.6244590628701425e+06
295	2.9783638392433906e+06
296	1.2359168166426909e+06
297	2.5027465073408384e+05
298	2.7976671543185430e+05
299	4.2033939178876681e+04
300	2.6244590628701407e+06
301	2.9783638392434083e+06
302	1.2359168166426946e+06
303	2.5027465073408349e+05
304	2.7976671543185576e+05
305	4.2033939178876855e+04
306	2.6453826230049548e+06
307	2.9305252244575089e+06
308	1.2299796722343671e+06
309	2.5149238300764267e+05
310	2.7525426646202221e+05
311	4.0944246691204331e+04
312	2.6988523728090925e+06
313	2.7067347475087000e+06
314	1.1924089235995130e+06
315	2.6250643050693418e+05
316	2.6316329506523476e+05
317	4.5248642969947243e+04
318	2.7327378893178422e+06
319	2.6468591235774010e+06
320	1.1866758116680684e+06
321	2.6676063298571482e+05
322	2.5960406917401144e+05
323	4.6312183842961196e+04
324	2.7271514045541179e+06
325	2.6535067160172313e+06
326	1.1869098795377975e+06
327	2.6585039891657501e+05
328	2.5971334153850112e+05
329	4.5825454588393332e+04
330	2.6390026285190601e+06
331	2.7350682639306248e+06
332	1.1854568145109597e+06
333	2.5501184999659349e+05
334	2.6301731961422390e+05
335	4.1497160704479538e+04
336	2.6144387447907990e+06
337	2.7628375111218719e+06
338	1.1861638799807359e+06
339	2.5275848816247543e+05
340	2.6512505202339822e+05
341	4.1303206070249464e+04
342	2.6144387447908167e+06
343	2.7628375111218840e+06
344	1.1861638799807429e+06
345	2.5275848816247695e+05
346	2.6512505202339916e+05
347	4.1303206070249893e+04
348	2.6144387447908344e+06
349	2.7628375111218952e+06
350	1.1861638799807492e+06
351	2.5275848816247826e+05
352	2.6512505202339997e+05
353	4.1303206070250351e+04
354	2.6144387447908339e+06
355	2.7628375111218952e+06
356	1.1861638799807490e+06
357	2.5275848816247820e+05
358	2.6512505202339991e+05
359	4.1303206070250279e+04
360	2.6144387447908144e+06
361	2.7628375111218821e+06
362	1.1861638799807418e+06
363	2.5275848816247631e+05
364	2.6512505202339857e+05
365	4.1303206070249886e+04
366	2.6144387447908139e+06
367	2.7628375111218812e+06
368	1.1861638799807415e+06
369	2.5275848816247651e+05
370	2.6512505202339886e+05
371	4.1303206070249740e+04
372	2.6144387447908320e+06
373	2.7628375111218933e+06
374	1.1861638799807483e+06
375	2.5275848816247802e+05
376	2.6512505202339985e+05
377	4.1303206070250264e+04
378	2.6144387447908148e+06
379	2.7628375111218821e+06
380	1.1861638799807420e+06
381	2.5275848816247657e+05
382	2.6512505202339892e+05
383	4.1303206070249820e+04
384	2.6144387447907962e+06
385	2.7628375111218700e+06
386	1.1861638799807352e+06
387	2.5275848816247482e+05
388	2.6512505202339764e+05
389	4.1303206070249362e+04
390	2.6144387447908144e+06
391	2.7628375111218821e+06
392	1.1861638799807418e+06
393	2.5275848816247651e+05
394	2.6512505202339881e+05
395	4.1303206070249849e+04
396	2.6210995302575585e+06
397	2.7543375119979745e+06
398	1.1857581710857796e+06
399	2.5373101505541638e+05
400	2.6483418020045100e+05
401	4.1741921242817523e+04
402	2.6780378644487364e+06
403	2.7344946521782503e+06
404	1.1939409963147766e+06
405	2.6055319425698055e+05
406	2.6525792656777328e+05
407	4.5188188970063144e+04
408	2.6453826230049883e+06
409	2.9305252244575387e+06
410	1.2299796722343809e+06
411	2.5149238300764564e+05
412	2.7525426646202488e+05
413	4.0944246691205364e+04
414	2.6244590628701719e+06
415	2.9783638392434176e+06
416	1.2359168166427035e+06
417	2.5027465073408635e+05
418	2.7976671543185686e+05
419	4.2033939178877539e+04
420	2.6244590628701607e+06
421	2.9783638392433990e+06
422	1.2359168166426970e+06
423	2.5027465073408536e+05
424	2.7976671543185523e+05
425	4.2033939178877074e+04
426	2.6244590628701579e+06
427	2.9783638392434083e+06
428	1.2359168166426984e+06
429	2.5027465073408495e+05
430	2.7976671543185582e+05
431	4.2033939178877175e+04
432	2.6244590628701532e+06
433	2.9783638392434148e+06
434	1.2359168166426986e+06
435	2.5027465073408477e+05
436	2.7976671543185652e+05
437	4.2033939178877132e+04
438	2.6244590628701597e+06
439	2.9783638392434139e+06
440	1.2359168166427002e+06
441	2.5027465073408536e+05
442	2.7976671543185652e+05
443	4.2033939178877314e+04
444	2.6244590628701597e+06
445	2.9783638392434111e+06
446	1.2359168166426993e+06
447	2.5027465073408544e+05
448	2.7976671543185646e+05
449	4.2033939178877306e+04
450	2.6357167204913562e+06
451	2.9415216655775872e+06
452	1.2302731733975611e+06
453	2.5076318606896396e+05
454	2.7624693149281654e+05
455	4.1034276955751273e+04
456	2.6954253516122168e+06
457	2.6852214206493734e+06
458	1.1869073762341742e+06
459	2.6282813024775009e+05
460	2.6197780266751311e+05
461	4.5336796786161605e+04
462	2.6837766419361755e+06
463	2.6837766419361383e+06
464	1.1840191067365399e+06
465	2.6064865058019865e+05
466	2.6064865058019559e+05
467	4.3578481011831740e+04
468	2.6535079121273435e+06
469	2.7192214626732278e+06
470	1.1851608915001261e+06
471	2.5737384790045451e+05
472	2.6284997711261152e+05
473	4.2812728121115069e+04
474	2.6451035249370104e+06
475	2.7579791142897271e+06
476	1.1918564645353097e+06
477	2.5706981728821155e+05
478	2.6647611640093796e+05
479	4.3976182178114264e+04
480	2.5934441560201701e+06
481	2.9633425201557358e+06
482	1.2257617668035084e+06
483	2.4628479292047498e+05
484	2.7710965659843880e+05
485	3.9428085987725135e+04
486	2.6244590628701551e+06
487	2.9783638392433985e+06
488	1.2359168166426956e+06
489	2.5027465073408492e+05
490	2.7976671543185518e+05
491	4.2033939178877030e+04
492	2.6244590628701607e+06
493	2.9783638392434120e+06
494	1.2359168166426998e+06
495	2.5027465073408530e+05
496	2.7976671543185622e+05
497	4.2033939178877234e+04
498	2.5931318204787970e+06
499	2.9656055623913826e+06
500	1.2261920697507749e+06
501	2.4639112455104396e+05
502	2.7743060304375947e+05
503	3.9607700038125789e+04
504	2.6603043469314142e+06
505	2.9915886581678214e+06
506	1.2467411040660078e+06
507	2.5358504011685168e+05
508	2.8119206605321902e+05
509	4.3416940761079386e+04
510	1.0000000000000000e+00
511	1.0000000000000000e+00
512	1.0000000000000000e+00
513	1.0000000000000000e+00
514	1.0000000000000000e+00
515	1.0000000000000000e+00
516	1.0000000000000000e+00
517	1.0000000000000000e+00
518	1.0000000000000000e+00
519	1.0000000000000000e+00
520	1.0000000000000000e+00
521	1.0000000000000000e+00
522	1.0000000000000000e+00
523	1.0000000000000000e+00
524	1.0000000000000000e+00
525	1.0000000000000000e+00
526	1.0000000000000000e+00
527	1.0000000000000000e+00
528	5.3322998184587266e+06
529	5.4144055619348595e+06
530	2.3705967750868201e+06
531	5.1482579787020833e+05
532	5.2166794315988605e+05
533	8.3222999099020395e+04
534	5.2936000874067266e+06
535	5.4529884947049264e+06
536	2.3705710107599231e+06
537	5.1341005367363850e+05
538	5.2669242094848852e+05
539	8.5418735643522654e+04
540	5.2328518227460114e+06
541	5.9300054239641633e+06
542	2.4623949808919500e+06
543	5.1063424903482536e+05
544	5.6873038246967143e+05
545	9.6104320032371310e+04
546	5.0127123810125571e+06
547	5.8079034920586888e+06
548	2.3869005602363041e+06
549	4.9641439160288812e+05
550	5.6268031752339902e+05
551	9.4937500940528218e+04
552	5.3868118939053323e+06
553	5.3575698844996877e+06
554	2.3700842158246366e+06
555	5.2027985779066558e+05
556	5.1784302367352834e+05
557	8.4276964451572610e+04
558	5.2965899652250856e+06
559	5.4479249404964764e+06
560	2.3701135821444620e+06
561	5.1318072331853717e+05
562	5.2579197125781979e+05
563	8.4762073338075919e+04
564	5.2948723850268070e+06
565	5.4500011142769186e+06
566	2.3701926836699392e+06
567	5.1303201987905131e+05
568	5.2595941398322734e+05
569	8.4762590847151921e+04
570	5.3252243875941262e+06
571	5.4368883136366736e+06
572	2.3739954488009121e+06
573	5.1806799673193705e+05
574	5.2737332390214934e+05
575	8.8179428333963006e+04
576	5.3105705255190618e+06
577	5.6234473371719997e+06
578	2.4119157050053808e+06
579	5.1055921011099475e+05
580	5.3663227774873958e+05
581	8.4566127626946094e+04
582	5.2939619100316931e+06
583	5.6386516236517578e+06
584	2.4116059265478202e+06
585	5.0963177130790969e+05
586	5.3835591410958185e+05
587	8.5090135034671766e+04
588	5.2939619100316716e+06
589	5.6386516236517355e+06
590	2.4116059265478109e+06
591	5.0963177130790782e+05
592	5.3835591410957987e+05
593	8.5090135034671213e+04
594	5.2939619100316726e+06
595	5.6386516236517392e+06
596	2.4116059265478114e+06
597	5.0963177130790800e+05
598	5.3835591410958022e+05
599	8.5090135034671272e+04
600	5.2939619100316996e+06
601	5.6386516236517532e+06
602	2.4116059265478197e+06
603	5.0963177130791015e+05
604	5.3835591410958127e+05
605	8.5090135034671868e+04
606	5.2939619100316819e+06
607	5.6386516236517336e+06
608	2.4116059265478118e+06
609	5.0963177130790893e+05
610	5.3835591410957975e+05
611	8.5090135034671257e+04
612	5.2427407832757533e+06
613	5.6198732304244498e+06
614	2.3961648559632800e+06
615	5.0405953521259106e+05
616	5.3548723914164922e+05
617	8.1894431541742233e+04
618	5.2444502366383886e+06
619	5.6391127529353611e+06
620	2.4007859535824452e+06
621	5.0392479959890246e+05
622	5.3681334262365021e+05
623	8.2004976699578954e+04
624	5.3510635153183462e+06
625	5.4090239492981974e+06
626	2.3735487054301198e+06
627	5.1993250190935517e+05
628	5.2476253807434277e+05
629	8.7806653086785460e+04
630	5.2946529931170922e+06
631	5.4500342158080935e+06
632	2.3701515902040848e+06
633	5.1311937483737548e+05
634	5.2606781006162567e+05
635	8.4881913271694939e+04
636	4.9962276464154292e+06
637	5.8863518072045073e+06
638	2.4005689971220447e+06
639	4.9702275096954417e+05
640	5.7119976436863409e+05
641	9.8900336773088071e+04
642	4.9301680075116884e+06
643	6.0904969949695850e+06
644	2.4310290446649864e+06
645	4.8933341440943663e+05
646	5.8602749669759453e+05
647	9.9541682808040059e+04
648	5.2831155931600928e+06
649	5.8776417622549189e+06
650	2.4619317695768410e+06
651	5.1370387335248495e+05
652	5.6324772077705374e+05
653	9.4774022110469465e+04
654	4.9960477309554135e+06
655	5.7845892316416390e+06
656	2.3780816829258199e+06
657	4.8941638040217955e+05
658	5.5512817212603171e+05
659	8.6930597937555838e+04
660	5.3290966369025903e+06
661	5.5852659104420021e+06
662	2.4075799736789539e+06
663	5.1088732549914462e+05
664	5.3223476496076223e+05
665	8.2608894589253367e+04
666	5.2939619100317108e+06
667	5.6386516236517681e+06
668	2.4116059265478263e+06
669	5.0963177130791161e+05
670	5.3835591410958301e+05
671	8.5090135034672319e+04
672	5.2939619100316819e+06
673	5.6386516236517467e+06
674	2.4116059265478151e+06
675	5.0963177130790876e+05
676	5.3835591410958080e+05
677	8.5090135034671490e+04
678	5.2939619100316977e+06
679	5.6386516236517588e+06
680	2.4116059265478211e+06
681	5.0963177130791021e+05
682	5.3835591410958208e+05
683	8.5090135034671941e+04
684	5.2939619100316856e+06
685	5.6386516236517411e+06
686	2.4116059265478142e+06
687	5.0963177130790893e+05
688	5.3835591410958022e+05
689	8.5090135034671446e+04
690	5.2787582752101626e+06
691	5.6653877618900053e+06
692	2.4141498611250366e+06
693	5.0881670524667262e+05
694	5.4103582913665951e+05
695	8.5914655799738059e+04
696	5.2347825788354110e+06
697	5.9308512522576116e+06
698	2.4630074627411072e+06
699	5.1079514537560893e+05
700	5.6880086816079263e+05
701	9.6161123937507771e+04
702	4.9300343156380001e+06
703	6.0831540920606898e+06
704	2.4293797958158879e+06
705	4.8938840275650658e+05
706	5.8548171745839750e+05
707	9.9458926720873496e+04
708	4.9300366624160204e+06
709	6.0833016949798586e+06
710	2.4294128729549730e+06
711	4.8938726362900267e+05
712	5.8549268300932238e+05
713	9.9460583354676841e+04
714	4.9301156025014538e+06
715	6.0878674241733970e+06
716	2.4304374323547469e+06
717	4.8935265717728733e+05
718	5.8583197564994928e+05
719	9.9511969047129882e+04
720	5.0565819272060413e+06
721	5.8345462929427642e+06
722	2.4024547544445894e+06
723	4.9618278617001575e+05
724	5.6101314998140931e+05
725	9.1385274093217085e+04
726	5.3256549391887747e+06
727	5.4336926751401545e+06
728	2.3733855031607929e+06
729	5.1834879164509272e+05
730	5.2735193630770769e+05
731	8.8405852575508703e+04
732	5.0195845722697750e+06
733	5.7943187724998435e+06
734	2.3854198554638866e+06
735	4.9026180004632351e+05
736	5.5482298339882947e+05
737	8.7494066430298772e+04
738	4.9576464865298904e+06
739	5.9948991698388960e+06
740	2.4160027183166435e+06
741	4.9245929580729100e+05
742	5.7889701941637474e+05
743	9.9054696417831758e+04
744	5.5601406630795905e+06
745	5.4207599515615301e+06
746	2.4222574885237766e+06
747	5.2745883009998256e+05
748	5.1584377080681076e+05
749	8.0437695792426821e+04
750	5.2968173593357531e+06
751	5.6295093473525383e+06
752	2.4102191264753588e+06
753	5.1263250846234331e+05
754	5.4035684079707542e+05
755	8.9411004703547762e+04
756	5.4616248254366945e+06
757	5.6504533054025993e+06
758	2.4511937053321963e+06
759	5.1455400085154246e+05
760	5.3028970751536801e+05
761	7.7113200695909676e+04
762	4.9876575914389566e+06
763	5.7017361095612980e+06
764	2.3579544928677035e+06
765	4.9313460017991217e+05
766	5.5264114335677389e+05
767	9.0879200170782162e+04
768	5.2298196082857596e+06
769	5.8497941580034504e+06
770	2.4440324484461490e+06
771	5.0576884188382467e+05
772	5.5743338769363216e+05
773	9.0489397460542255e+04
774	5.2671237706313608e+06
775	5.8858029618761297e+06
776	2.4602044262884171e+06
777	5.1466785645954229e+05
778	5.6622445572993974e+05
779	9.7411574667189663e+04
780	5.2906148159522070e+06
781	5.6974628739668103e+06
782	2.4238406668939004e+06
783	5.0875728866396809e+05
784	5.4266129349851841e+05
785	8.5453797689537678e+04
786	5.3572751183843110e+06
787	5.8986350332495896e+06
788	2.4829213569780658e+06
789	5.1893112052974955e+05
790	5.6404444676852273e+05
791	9.7491545726808414e+04
792	5.3090058298963262e+06
793	5.4342907615421815e+06
794	2.3698448363467297e+06
795	5.1404780208376597e+05
796	5.2448821305425395e+05
797	8.4546991765368890e+04
798	5.2456458764975248e+06
799	5.6527718141945619e+06
800	2.4040627258879598e+06
801	5.0313343771037756e+05
802	5.3706059918513068e+05
803	8.1077936095204932e+04
804	5.2559491070473213e+06
805	5.7507121992072817e+06
806	2.4279399940267503e+06
807	5.0605388262969453e+05
808	5.4728414030969108e+05
809	8.6316907277208913e+04
810	5.1023706818414470e+06
811	5.7803901411089636e+06
812	2.4006090050625904e+06
813	5.0309793598866049e+05
814	5.5959955759428686e+05
815	9.6353001360109018e+04
816	5.2370033322167611e+06
817	5.5340712569404682e+06
818	2.3759723358435063e+06
819	5.1295777716994210e+05
820	5.3771343756358442e+05
821	9.1147712731674663e+04
822	5.3274289319043541e+06
823	5.7541183000496086e+06
824	2.4444589482251387e+06
825	5.1108493800502142e+05
826	5.4664238535045926e+05
827	8.6462226567750200e+04
828	5.3346547428193018e+06
829	5.6073362519744886e+06
830	2.4136744841456893e+06
831	5.1119952660522185e+05
832	5.3392298570148740e+05
833	8.3101663601924796e+04
834	5.1229365257659368e+06
835	5.8155441493136585e+06
836	2.4129001489146166e+06
837	5.0266724400769867e+05
838	5.6038454597000871e+05
839	9.4509093135020565e+04
840	5.3386598292088360e+06
841	5.5922171394538749e+06
842	2.4112228607344213e+06
843	5.1340201686906419e+05
844	5.3453179272281763e+05
845	8.5136773321787012e+04
846	5.7460015703757852e+06
847	5.3687421990688564e+06
848	2.4517817138480828e+06
849	5.3996594962627615e+05
850	5.0852766868403216e+05
851	7.8744560164782873e+04
852	5.3307356044154484e+06
853	5.6015034740486173e+06
854	2.4115233261317792e+06
855	5.1227636132807640e+05
856	5.3484035046417371e+05
857	8.4602126790256618e+04
858	5.2978465875711935e+06
859	5.9031487835806077e+06
860	2.4708078024599561e+06
861	5.1478519538880605e+05
862	5.6522704505625728e+05
863	9.7217313456932126e+04
864	5.2994841553358696e+06
865	5.4424650874839025e+06
866	2.3695476270925966e+06
867	5.1353596883457265e+05
868	5.2545104651357548e+05
869	8.4851232526799897e+04
870	5.3011058699381920e+06
871	5.6229331440850226e+06
872	2.4097144883874734e+06
873	5.1029123705819307e+05
874	5.3711017657042912e+05
875	8.5048053806332260e+04
876	5.2990690659417789e+06
877	5.6294137736576796e+06
878	2.4106947440292924e+06
879	5.1020104312687815e+05
880	5.3772976876987005e+05
881	8.5238524162247209e+04
882	4.9971531577224378e+06
883	6.0193837514615608e+06
884	2.4301184358494114e+06
885	4.9704130296615796e+05
886	5.8222718577775173e+05
887	1.0179632618028065e+05
888	5.2944720975420345e+06
889	5.4484544669714039e+06
890	2.3697632127603167e+06
891	5.1300235907498514e+05
892	5.2583422319409938e+05
893	8.4733492590995171e+04
894	5.2979683127430724e+06
895	5.6299541117597977e+06
896	2.4105711230521034e+06
897	5.1012499953573232e+05
898	5.3779048278712598e+05
899	8.5255588266344130e+04
900	5.2981071442499887e+06
901	5.6303773066332713e+06
902	2.4106950994595429e+06
903	5.1013914650457440e+05
904	5.3782832670318126e+05
905	8.5262022981381670e+04
906	4.9968796547077000e+06
907	6.0190263425887385e+06
908	2.4299792641095091e+06
909	4.9708448149710969e+05
910	5.8226337215386285e+05
911	1.0185054928677200e+05
912	5.2943110905450489e+06
913	5.4486495893508587e+06
914	2.3697707382123321e+06
915	5.1298518456626683e+05
916	5.2584672613341769e+05
917	8.4729725331749156e+04
918	5.2128475105582923e+06
919	5.7367744784922414e+06
920	2.4153577917023236e+06
921	5.0497832394512597e+05
922	5.4863890460628830e+05
923	8.8126953065283320e+04
924	5.2359088648038739e+06
925	5.9087560474542174e+06
926	2.4583819659392848e+06
927	5.1273068166264048e+05
928	5.6880128021683567e+05
929	9.7974378813876247e+04
930	5.3328774300919957e+06
931	5.9072103273223117e+06
932	2.4794311229590382e+06
933	5.1793813289652561e+05
934	5.6579920766571851e+05
935	9.8147235494052060e+04
936	5.2885247946467865e+06
937	5.5998651650242768e+06
938	2.4018507263980284e+06
939	5.0891554293259664e+05
940	5.3486057379738742e+05
941	8.3818893484126238e+04
942	5.2915237395229293e+06
943	5.6361042683430733e+06
944	2.4105061782057355e+06
945	5.0942859043217928e+05
946	5.3814363450052461e+05
947	8.5087792365480680e+04
948	5.0133684813753953e+06
949	6.0037330577450693e+06
950	2.4302429865706908e+06
951	4.9803229759372678e+05
952	5.8056267895786627e+05
953	1.0149952566747356e+05
954	5.2915237395229479e+06
955	5.6361042683430836e+06
956	2.4105061782057416e+06
957	5.0942859043218091e+05
958	5.3814363450052543e+05
959	8.5087792365481087e+04
960	4.9941608741448782e+06
961	6.0071272940628473e+06
962	2.4267547429869976e+06
963	4.9688657052863837e+05
964	5.8130043885513593e+05
965	1.0158262016048665e+05
966	5.2915237395229219e+06
967	5.6361042683430482e+06
968	2.4105061782057285e+06
969	5.0942859043217835e+05
970	5.3814363450052217e+05
971	8.5087792365480258e+04
972	4.9941608741448820e+06
973	6.0071272940628342e+06
974	2.4267547429869962e+06
975	4.9688657052863867e+05
976	5.8130043885513465e+05
977	1.0158262016048642e+05
978	5.2915237395229414e+06
979	5.6361042683430798e+06
980	2.4105061782057402e+06
981	5.0942859043218038e+05
982	5.3814363450052531e+05
983	8.5087792365480942e+04
984	4.9941608741448745e+06
985	6.0071272940628212e+06
986	2.4267547429869915e+06
987	4.9688657052863884e+05
988	5.8130043885513430e+05
989	1.0158262016048610e+05
990	5.2915237395229507e+06
991	5.6361042683430854e+06
992	2.4105061782057430e+06
993	5.0942859043218085e+05
994	5.3814363450052543e+05
995	8.5087792365481248e+04
996	4.9941608741449006e+06
997	6.0071272940628584e+06
998	2.4267547429870050e+06
999	4.9688657052864053e+05
1000	5.8130043885513686e+05
1001	1.0158262016048717e+05
1002	5.3003408152193362e+06
1003	5.6559906490984615e+06
1004	2.4168378230112786e+06
1005	5.0976747767937894e+05
1006	5.3940496383597259e+05
1007	8.5229924566269692e+04
1008	5.0249403752122913e+06
1009	5.9572392648900431e+06
1010	2.4225396264931615e+06
1011	4.9890598928486014e+05
1012	5.7659756342467282e+05
1013	1.0055759951159166e+05
1014	5.3285110426745862e+06
1015	5.4432440888083456e+06
1016	2.3761224554741755e+06
1017	5.1928229688790126e+05
1018	5.2884338406571443e+05
1019	8.9480950060041534e+04
1020	4.9602452688476155e+06
1021	6.0294984152485300e+06
1022	2.4242081656094436e+06
1023	4.8914466555464052e+05
1024	5.7824909442138346e+05
1025	9.6744864822295727e+04
1026	5.2975447001991132e+06
1027	5.6149215488774423e+06
1028	2.4071616725904169e+06
1029	5.0925683799251291e+05
1030	5.3570490871570713e+05
1031	8.3841100585648383e+04
1032	5.2694897592567140e+06
1033	5.8807285110718776e+06
1034	2.4596069713960127e+06
1035	5.1471462080024171e+05
1036	5.6565118345150538e+05
1037	9.7205078623762543e+04
1038	5.2138968155445792e+06
1039	5.7291177955795899e+06
1040	2.4139002818656252e+06
1041	5.0496063497278979e+05
1042	5.4789571664237406e+05
1043	8.7769410480446095e+04
1044	5.3253668789939564e+06
1045	5.9141351564534632e+06
1046	2.4793019195839893e+06
1047	5.1686730453528999e+05
1048	5.6593132765691553e+05
1049	9.7642650306830823e+04
1050	5.3027102230412317e+06
1051	5.4395210265368577e+06
1052	2.3696098344657547e+06
1053	5.1405569037471351e+05
1054	5.2545659066601575e+05
1055	8.5145207456091259e+04
1056	5.2856432679238142e+06
1057	5.6517024730930971e+06
1058	2.4126497958125542e+06
1059	5.0944890876107989e+05
1060	5.3995384252518672e+05
1061	8.5885521151451481e+04
1062	5.3139661971328333e+06
1063	5.7010726393847400e+06
1064	2.4297879786435827e+06
1065	5.1067624497669202e+05
1066	5.4293511516435083e+05
1067	8.6052961755070690e+04
1068	5.0001338034546021e+06
1069	6.0167990316978423e+06
1070	2.4302057724600984e+06
1071	4.9728056353046361e+05
1072	5.8200266588406696e+05
1073	1.0181691107491494e+05
1074	5.2607848645874830e+06
1075	5.5043891153821964e+06
1076	2.3746707308756644e+06
1077	5.0873245754026313e+05
1078	5.2903281177315582e+05
1079	8.3484073258256249e+04
1080	5.2360802813539580e+06
1081	5.8456684782075770e+06
1082	2.4445034028444560e+06
1083	5.0638554764447390e+05
1084	5.5718456404894218e+05
1085	9.0330414783025190e+04
1086	5.6694426084550144e+06
1087	5.8486050537332147e+06
1088	2.5407458078356395e+06
1089	5.3955954306292289e+05
1090	5.5448974683610618e+05
1091	9.6552564095021284e+04
1092	5.3355040625844272e+06
1093	5.7279090633873641e+06
1094	2.4404587777878949e+06
1095	5.1188648393709317e+05
1096	5.4458690067067114e+05
1097	8.6409395416266401e+04
1098	5.1874764979511285e+06
1099	5.7944643294907399e+06
1100	2.4224869472298240e+06
1101	5.0692102694833983e+05
1102	5.5750334624330734e+05
1103	9.4375091177074559e+04
1104	5.2936252795971194e+06
1105	5.6434764643998723e+06
1106	2.4125959729405129e+06
1107	5.0947558604343003e+05
1108	5.3862985144365951e+05
1109	8.5135877699873599e+04
1110	4.9976002866955204e+06
1111	6.0050906698325016e+06
1112	2.4270641815870628e+06
1113	4.9710415419507545e+05
1114	5.8106168612315704e+05
1115	1.0155271598154231e+05
1116	5.2915237395229554e+06
1117	5.6361042683430864e+06
1118	2.4105061782057444e+06
1119	5.0942859043218172e+05
1120	5.3814363450052589e+05
1121	8.5087792365481291e+04
1122	4.9941608741448671e+06
1123	6.0071272940628231e+06
1124	2.4267547429869901e+06
1125	4.9688657052863797e+05
1126	5.8130043885513407e+05
1127	1.0158262016048603e+05
1128	5.2915237395229395e+06
1129	5.6361042683430659e+06
1130	2.4105061782057360e+06
1131	5.0942859043217974e+05
1132	5.3814363450052356e+05
1133	8.5087792365480724e+04
1134	4.9941608741448801e+06
1135	6.0071272940628491e+06
1136	2.4267547429869990e+06
1137	4.9688657052863890e+05
1138	5.8130043885513628e+05
1139	1.0158262016048669e+05
1140	5.2915237395229526e+06
1141	5.6361042683430845e+06
1142	2.4105061782057434e+06
1143	5.0942859043218131e+05
1144	5.3814363450052566e+05
1145	8.5087792365481175e+04
1146	4.9941608741448801e+06
1147	6.0071272940628445e+06
1148	2.4267547429869981e+06
1149	4.9688657052863890e+05
1150	5.8130043885513581e+05
1151	1.0158262016048664e+05
1152	5.2915237395229312e+06
1153	5.6361042683430584e+06
1154	2.4105061782057332e+06
1155	5.0942859043217928e+05
1156	5.3814363450052310e+05
1157	8.5087792365480549e+04
1158	4.9914204149385160e+06
1159	6.0088727627371587e+06
1160	2.4265352597813993e+06
1161	4.9671520654367079e+05
1162	5.8150290219355770e+05
1163	1.0161195273726796e+05
1164	5.1831980757593205e+06
1165	5.7738848835393302e+06
1166	2.4170035939629376e+06
1167	5.0296415758342622e+05
1168	5.5218805823176040e+05
1169	8.8883323444941314e+04
1170	5.4689247037609266e+06
1171	6.0257121931171278e+06
1172	2.5355816684289826e+06
1173	5.2854201592096966e+05
1174	5.7494097336731979e+05
1175	1.0254117060388923e+05
1176	5.2067110521680592e+06
1177	5.6378149347331719e+06
1178	2.3921748500517420e+06
1179	5.0598478050534852e+05
1180	5.4191010405244119e+05
1181	8.7672836378305496e+04
1182	5.4153550122060385e+06
1183	5.5643083591809906e+06
1184	2.4219845672177267e+06
1185	5.0759192659398541e+05
1186	5.2000470550856472e+05
1187	7.1027038234060281e+04
1188	5.0149382531464389e+06
1189	6.0026828499982907e+06
1190	2.4303575962819257e+06
1191	4.8296404048918874e+05
1192	5.6527609022684314e+05
1193	8.3441111331758249e+04
1194	4.9627215225479417e+06
1195	6.0217627172258822e+06
1196	2.4230479940677551e+06
1197	4.8859682537472987e+05
1198	5.7685025826455839e+05
1199	9.5828744786204668e+04
1200	5.4663241296241209e+06
1201	5.8374878933554338e+06
1202	2.4934879462454901e+06
1203	5.2354340229878511e+05
1204	5.5447371594306116e+05
1205	9.2742060299229794e+04
1206	5.5745861050234679e+06
1207	5.3216025756551512e+06
1208	2.4035710325026368e+06
1209	5.2963152883506718e+05
1210	5.0854956805437402e+05
1211	8.0103083523798385e+04
1212	5.4718178046406787e+06
1213	5.7175316142061241e+06
1214	2.4682388423926765e+06
1215	5.1560935686075588e+05
1216	5.3608550765787635e+05
1217	7.9407268343821837e+04
1218	5.5328235167930219e+06
1219	5.6217872651020968e+06
1220	2.4605759077709820e+06
1221	5.2090707580997958e+05
1222	5.2832072150240256e+05
1223	7.9033857729260795e+04
1224	5.0666886989503605e+06
1225	5.6066202190524619e+06
1226	2.3544063789712111e+06
1227	5.0144783510782110e+05
1228	5.4644212844966294e+05
1229	9.2082877260782683e+04
1230	5.6738063051390704e+06
1231	5.9339857479086677e+06
1232	2.5605423646428832e+06
1233	5.1800243730321480e+05
1234	5.3968405753401469e+05
1235	6.6724058825596469e+04
1236	5.8301451805347363e+06
1237	5.8258634083047472e+06
1238	2.5711783651851797e+06
1239	5.2544916553752928e+05
1240	5.2509235118503030e+05
1241	5.9010250354480020e+04
1242	5.2732674300574213e+06
1243	6.1660225586558199e+06
1244	2.5233727916279202e+06
1245	4.8989938276322238e+05
1246	5.6429564347975561e+05
1247	7.1324385212536872e+04
1248	5.3688769312822316e+06
1249	6.1713931744773043e+06
1250	2.5456478174469564e+06
1251	4.9873648674423900e+05
1252	5.6561284034382831e+05
1253	7.4510315604856311e+04
1254	5.1272159514177702e+06
1255	6.6478839247102197e+06
1256	2.5974485020870562e+06
1257	4.7953262580895249e+05
1258	6.0625495691665658e+05
1259	8.1401520362311945e+04
1260	5.1886639325448284e+06
1261	6.4125608950435854e+06
1262	2.5590937119680322e+06
1263	4.8513469319519371e+05
1264	5.8712610673675663e+05
1265	7.8226337626897584e+04
1266	5.2006344810595298e+06
1267	6.3916036327089993e+06
1268	2.5571113486254108e+06
1269	4.8363625883095310e+05
1270	5.8288368813507538e+05
1271	7.4319422803516121e+04
1272	5.1710301799115650e+06
1273	6.4981940986237321e+06
1274	2.5740935908533745e+06
1275	4.8529581583904393e+05
1276	5.9589280906505778e+05
1277	8.2394885697954582e+04
1278	5.1710301799115511e+06
1279	6.4981940986237284e+06
1280	2.5740935908533707e+06
1281	4.8529581583904265e+05
1282	5.9589280906505743e+05
1283	8.2394885697954451e+04
1284	5.1710301799115613e+06
1285	6.4981940986237451e+06
1286	2.5740935908533763e+06
1287	4.8529581583904359e+05
1288	5.9589280906505883e+05
1289	8.2394885697954596e+04
1290	5.1710301799115706e+06
1291	6.4981940986237414e+06
1292	2.5740935908533772e+06
1293	4.8529581583904463e+05
1294	5.9589280906505883e+05
1295	8.2394885697954815e+04
1296	5.2177718451578040e+06
1297	6.3517210157260587e+06
1298	2.5520940134302638e+06
1299	4.8726203135811904e+05
1300	5.8175779557214014e+05
1301	7.7229069924969663e+04
1302	5.1710301799115865e+06
1303	6.4981940986237433e+06
1304	2.5740935908533810e+06
1305	4.8529581583904586e+05
1306	5.9589280906505883e+05
1307	8.2394885697955018e+04
1308	5.1710301799115604e+06
1309	6.4981940986237340e+06
1310	2.5740935908533735e+06
1311	4.8529581583904347e+05
1312	5.9589280906505790e+05
1313	8.2394885697954567e+04
1314	5.2512076450948855e+06
1315	6.2419039489756683e+06
1316	2.5352452045743866e+06
1317	4.8993763692480832e+05
1318	5.7249566224820691e+05
1319	7.5282295353647263e+04
1320	5.1797158828107975e+06
1321	6.4530672345714988e+06
1322	2.5660550994225652e+06
1323	4.8544394414819864e+05
1324	5.9155655679492361e+05
1325	8.0631316243541107e+04
1326	5.1710301799115688e+06
1327	6.4981940986237759e+06
1328	2.5740935908533852e+06
1329	4.8529581583904428e+05
1330	5.9589280906506162e+05
1331	8.2394885697955062e+04
1332	5.1598176288243989e+06
1333	6.5136705592175592e+06
1334	2.5750341591269020e+06
1335	4.8437142574970209e+05
1336	5.9719250328246551e+05
1337	8.2386832978102408e+04
1338	5.2416099392793393e+06
1339	6.3025479382039905e+06
1340	2.5465054141507344e+06
1341	4.8871365746325295e+05
1342	5.7712515737364045e+05
1343	7.5542885653446589e+04
1344	5.1710301799115539e+06
1345	6.4981940986237209e+06
1346	2.5740935908533693e+06
1347	4.8529581583904289e+05
1348	5.9589280906505673e+05
1349	8.2394885697954247e+04
1350	5.1710301799115567e+06
1351	6.4981940986237470e+06
1352	2.5740935908533763e+06
1353	4.8529581583904353e+05
1354	5.9589280906505929e+05
1355	8.2394885697954523e+04
1356	5.1715554397431333e+06
1357	6.4821261387470216e+06
1358	2.5706650540787103e+06
1359	4.8173337684787920e+05
1360	5.9094760176486999e+05
1361	7.6442254180294796e+04
1362	5.5128450438405406e+06
1363	5.9870067112020459e+06
1364	2.5367320047888057e+06
1365	5.0715823829480470e+05
1366	5.4667171057493007e+05
1367	6.8847205453772913e+04
1368	5.1634626499722470e+06
1369	6.5086535066535668e+06
1370	2.5747315051380470e+06
1371	4.8465215806696401e+05
1372	5.9675139612374059e+05
1373	8.2369009721760711e+04
1374	5.1906858590667741e+06
1375	6.4320422870601024e+06
1376	2.5638370910573988e+06
1377	4.8287258169242309e+05
1378	5.8631895069186704e+05
1379	7.5147011556227779e+04
1380	5.1906858590667443e+06
1381	6.4320422870600792e+06
1382	2.5638370910573876e+06
1383	4.8287258169242041e+05
1384	5.8631895069186494e+05
1385	7.5147011556227502e+04
1386	5.1730759685327914e+06
1387	6.4914835688034613e+06
1388	2.5730646038241731e+06
1389	4.8556280539320479e+05
1390	5.9543010541576054e+05
1391	8.2441542769278982e+04
1392	5.1906858590667509e+06
1393	6.4320422870600857e+06
1394	2.5638370910573900e+06
1395	4.8287258169242076e+05
1396	5.8631895069186529e+05
1397	7.5147011556227328e+04
1398	5.1272159514177702e+06
1399	6.6478839247102030e+06
1400	2.5974485020870529e+06
1401	4.7953262580895278e+05
1402	6.0625495691665541e+05
1403	8.1401520362311596e+04
1404	5.1729883703110265e+06
1405	6.4918196421921933e+06
1406	2.5731194145227689e+06
1407	4.8554909122997505e+05
1408	5.9545169722007238e+05
1409	8.2437935833762676e+04
1410	5.1703742187470421e+06
1411	6.5023246891107270e+06
1412	2.5748600532039199e+06
1413	4.8513331794261443e+05
1414	5.9612919047292159e+05
1415	8.2330758948323986e+04
1416	5.1272159514177945e+06
1417	6.6478839247101974e+06
1418	2.5974485020870571e+06
1419	4.7953262580895482e+05
1420	6.0625495691665495e+05
1421	8.1401520362311945e+04
1422	5.8007448309182385e+06
1423	5.8175411302713268e+06
1424	2.5628571973212278e+06
1425	5.2645143340046098e+05
1426	5.2785112501321814e+05
1427	6.4147881869223420e+04
1428	5.8934818035130557e+06
1429	5.7599581268707737e+06
1430	2.5706117493493739e+06
1431	5.4004685160515236e+05
1432	5.2891987855162879e+05
1433	7.3238141151138436e+04
1434	5.6335882335702050e+06
1435	5.9891058288750099e+06
1436	2.5638295725982087e+06
1437	5.1718863514793868e+05
1438	5.4681510142333922e+05
1439	7.1174174974670997e+04
1440	5.9196364334227648e+06
1441	5.6997448278139010e+06
1442	2.5630988076257347e+06
1443	5.4098593637947494e+05
1444	5.2266163591206982e+05
1445	7.0894012283864475e+04
1446	5.5626759709044285e+06
1447	5.7136809249024419e+06
1448	2.4874316681926916e+06
1449	5.2932027060017316e+05
1450	5.4190401676667435e+05
1451	9.1223427661718932e+04
1452	5.5893074786251616e+06
1453	5.9532724452738445e+06
1454	2.5461573361541927e+06
1455	5.1625001542392612e+05
1456	5.4658042931131634e+05
1457	7.3406541135425068e+04
1458	5.9967427947795261e+06
1459	6.4613160050659254e+06
1460	2.7481012058482608e+06
1461	5.3065917096857505e+05
1462	5.6937360515910829e+05
1463	5.4457308181587679e+04
1464	5.6933551407801434e+06
1465	5.9126791503351843e+06
1466	2.5601546230401457e+06
1467	5.1678868950479547e+05
1468	5.3506569030104880e+05
1469	6.2267236736287843e+04
1470	5.6656784394491185e+06
1471	5.9464163510482851e+06
1472	2.5614914979038388e+06
1473	5.1475305033991172e+05
1474	5.3814787630650902e+05
1475	6.2811807462717756e+04
1476	5.7267139822620163e+06
1477	5.9013949066999219e+06
1478	2.5650240196239571e+06
1479	5.2079686630656361e+05
1480	5.3535361000972253e+05
1481	6.4829420419365546e+04
1482	5.9967519697544463e+06
1483	6.4610041890223511e+06
1484	2.7480344467889988e+06
1485	5.3064327480534045e+05
1486	5.6933095974433236e+05
1487	5.4432117206659525e+04
1488	5.7987316400984544e+06
1489	5.8274646798594873e+06
1490	2.5646021294024875e+06
1491	5.2503087836476997e+05
1492	5.2742529834485601e+05
1493	6.0657356967487605e+04
1494	5.9972244675658103e+06
1495	6.4606156361728599e+06
1496	2.7480529640600006e+06
1497	5.3070556772716751e+05
1498	5.6932149844442180e+05
1499	5.4465068985754384e+04
1500	5.7793783469500020e+06
1501	5.3833572444319129e+06
1502	2.4623681451577754e+06
1503	5.3594856769295223e+05
1504	5.0294680914977810e+05
1505	7.2328133412994910e+04
>>>> ksp solve time: 0.518598 (s)
            || b ||_2 = 2.6501139470351753e+00
|| r ||_2 / || b ||_2 = 2.9409676430361054e+00
            || b ||_2 = 2.6501139470351753e+00
|| r ||_2 / || b ||_2 = 1.0000000000000000e+00
WARNING! There are options you set that were not used!
WARNING! could be spelling mistake, etc!
There are 3 unused database options. They are:
Option left: name:-file_mat value: ../input/linsys/petsc-bin-mat-refine0 source: command line
Option left: name:-file_rhs value: ../input/linsys/petsc-bin-rhs-refine0 source: command line
Option left: name:-flag_diag_scal value: 1 source: command line
