==== basic information of linear system ====
matrix Row = 1506, matrix Column = 1506
matrix nz_allocated = 27747, matrix nz_used = 27747, matrix nz_unneeded = 0
vector Row = 1506
initial     || b ||_2 = 2.6501139470351749e+00
  0 KSP unpreconditioned resid norm 1.800739608591e-03 true resid norm 1.800739608591e-03 ||r(i)||/||b|| 1.000000000000e+00
  1 KSP unpreconditioned resid norm 5.880930561175e-03 true resid norm 5.880930561175e-03 ||r(i)||/||b|| 3.265841731429e+00
  2 KSP unpreconditioned resid norm 1.363367580542e-02 true resid norm 1.363367580542e-02 ||r(i)||/||b|| 7.571153397399e+00
  3 KSP unpreconditioned resid norm 1.509685538756e-02 true resid norm 1.509685538756e-02 ||r(i)||/||b|| 8.383697073988e+00
  4 KSP unpreconditioned resid norm 1.785421175025e-02 true resid norm 1.785421175025e-02 ||r(i)||/||b|| 9.914932544977e+00
  5 KSP unpreconditioned resid norm 2.014153071333e-02 true resid norm 2.014153071333e-02 ||r(i)||/||b|| 1.118514338066e+01
  6 KSP unpreconditioned resid norm 2.154980623208e-02 true resid norm 2.154980623208e-02 ||r(i)||/||b|| 1.196719732785e+01
  7 KSP unpreconditioned resid norm 2.032503515866e-02 true resid norm 2.032503515866e-02 ||r(i)||/||b|| 1.128704842260e+01
  8 KSP unpreconditioned resid norm 2.227200570127e-02 true resid norm 2.227200570127e-02 ||r(i)||/||b|| 1.236825446334e+01
  9 KSP unpreconditioned resid norm 2.362053600091e-02 true resid norm 2.362053600091e-02 ||r(i)||/||b|| 1.311713025482e+01
 10 KSP unpreconditioned resid norm 2.486981424848e-02 true resid norm 2.486981424848e-02 ||r(i)||/||b|| 1.381088866476e+01
 11 KSP unpreconditioned resid norm 2.779426983635e-02 true resid norm 2.779426983635e-02 ||r(i)||/||b|| 1.543491890985e+01
 12 KSP unpreconditioned resid norm 2.446923602542e-02 true resid norm 2.446923602542e-02 ||r(i)||/||b|| 1.358843661165e+01
 13 KSP unpreconditioned resid norm 2.382780424818e-02 true resid norm 2.382780424818e-02 ||r(i)||/||b|| 1.323223198651e+01
 14 KSP unpreconditioned resid norm 2.436790824319e-02 true resid norm 2.436790824319e-02 ||r(i)||/||b|| 1.353216652032e+01
 15 KSP unpreconditioned resid norm 2.496414775953e-02 true resid norm 2.496414775953e-02 ||r(i)||/||b|| 1.386327464583e+01
 16 KSP unpreconditioned resid norm 2.698484920879e-02 true resid norm 2.698484920879e-02 ||r(i)||/||b|| 1.498542547742e+01
 17 KSP unpreconditioned resid norm 2.825779744154e-02 true resid norm 2.825779744154e-02 ||r(i)||/||b|| 1.569232847810e+01
 18 KSP unpreconditioned resid norm 2.881140523524e-02 true resid norm 2.881140523524e-02 ||r(i)||/||b|| 1.599976204099e+01
 19 KSP unpreconditioned resid norm 2.869372863907e-02 true resid norm 2.869372863907e-02 ||r(i)||/||b|| 1.593441300573e+01
 20 KSP unpreconditioned resid norm 3.025774338209e-02 true resid norm 3.025774338209e-02 ||r(i)||/||b|| 1.680295320752e+01
 21 KSP unpreconditioned resid norm 2.844979618681e-02 true resid norm 2.844979618681e-02 ||r(i)||/||b|| 1.579895063732e+01
 22 KSP unpreconditioned resid norm 2.987066715365e-02 true resid norm 2.987066715365e-02 ||r(i)||/||b|| 1.658799918163e+01
 23 KSP unpreconditioned resid norm 3.008048617789e-02 true resid norm 3.008048617789e-02 ||r(i)||/||b|| 1.670451742960e+01
 24 KSP unpreconditioned resid norm 3.029138388957e-02 true resid norm 3.029138388957e-02 ||r(i)||/||b|| 1.682163470224e+01
 25 KSP unpreconditioned resid norm 2.983629734975e-02 true resid norm 2.983629734975e-02 ||r(i)||/||b|| 1.656891268865e+01
 26 KSP unpreconditioned resid norm 2.958875255845e-02 true resid norm 2.958875255845e-02 ||r(i)||/||b|| 1.643144428949e+01
 27 KSP unpreconditioned resid norm 3.071119831383e-02 true resid norm 3.071119831383e-02 ||r(i)||/||b|| 1.705476914447e+01
 28 KSP unpreconditioned resid norm 2.947063660520e-02 true resid norm 2.947063660520e-02 ||r(i)||/||b|| 1.636585126722e+01
 29 KSP unpreconditioned resid norm 2.810860473183e-02 true resid norm 2.810860473183e-02 ||r(i)||/||b|| 1.560947768224e+01
 30 KSP unpreconditioned resid norm 2.776326170928e-02 true resid norm 2.776326170928e-02 ||r(i)||/||b|| 1.541769924803e+01
 31 KSP unpreconditioned resid norm 2.831511313714e-02 true resid norm 2.831511313714e-02 ||r(i)||/||b|| 1.572415745289e+01
 32 KSP unpreconditioned resid norm 2.954306226609e-02 true resid norm 2.954306226609e-02 ||r(i)||/||b|| 1.640607121937e+01
 33 KSP unpreconditioned resid norm 2.780527549689e-02 true resid norm 2.780527549689e-02 ||r(i)||/||b|| 1.544103065442e+01
 34 KSP unpreconditioned resid norm 2.732847157976e-02 true resid norm 2.732847157976e-02 ||r(i)||/||b|| 1.517624838671e+01
 35 KSP unpreconditioned resid norm 2.779664539029e-02 true resid norm 2.779664539029e-02 ||r(i)||/||b|| 1.543623811998e+01
 36 KSP unpreconditioned resid norm 2.900439936011e-02 true resid norm 2.900439936011e-02 ||r(i)||/||b|| 1.610693696175e+01
 37 KSP unpreconditioned resid norm 2.833279417089e-02 true resid norm 2.833279417089e-02 ||r(i)||/||b|| 1.573397621495e+01
 38 KSP unpreconditioned resid norm 2.678689681687e-02 true resid norm 2.678689681687e-02 ||r(i)||/||b|| 1.487549709523e+01
 39 KSP unpreconditioned resid norm 2.762783670864e-02 true resid norm 2.762783670864e-02 ||r(i)||/||b|| 1.534249403791e+01
 40 KSP unpreconditioned resid norm 2.865745699352e-02 true resid norm 2.865745699352e-02 ||r(i)||/||b|| 1.591427036802e+01
 41 KSP unpreconditioned resid norm 2.825695871683e-02 true resid norm 2.825695871683e-02 ||r(i)||/||b|| 1.569186271131e+01
 42 KSP unpreconditioned resid norm 2.950929340823e-02 true resid norm 2.950929340823e-02 ||r(i)||/||b|| 1.638731844818e+01
 43 KSP unpreconditioned resid norm 3.007347585101e-02 true resid norm 3.007347585101e-02 ||r(i)||/||b|| 1.670062440318e+01
 44 KSP unpreconditioned resid norm 3.074218507382e-02 true resid norm 3.074218507382e-02 ||r(i)||/||b|| 1.707197694056e+01
 45 KSP unpreconditioned resid norm 2.874577478092e-02 true resid norm 2.874577478092e-02 ||r(i)||/||b|| 1.596331565307e+01
 46 KSP unpreconditioned resid norm 2.945561747702e-02 true resid norm 2.945561747702e-02 ||r(i)||/||b|| 1.635751073419e+01
 47 KSP unpreconditioned resid norm 2.790255535392e-02 true resid norm 2.790255535392e-02 ||r(i)||/||b|| 1.549505282207e+01
 48 KSP unpreconditioned resid norm 2.820996820930e-02 true resid norm 2.820996820930e-02 ||r(i)||/||b|| 1.566576759611e+01
 49 KSP unpreconditioned resid norm 3.056433624183e-02 true resid norm 3.056433624183e-02 ||r(i)||/||b|| 1.697321261553e+01
 50 KSP unpreconditioned resid norm 2.845908005565e-02 true resid norm 2.845908005565e-02 ||r(i)||/||b|| 1.580410622384e+01
 51 KSP unpreconditioned resid norm 2.648748948071e-02 true resid norm 2.648748948071e-02 ||r(i)||/||b|| 1.470922800517e+01
 52 KSP unpreconditioned resid norm 2.773607693554e-02 true resid norm 2.773607693554e-02 ||r(i)||/||b|| 1.540260279899e+01
 53 KSP unpreconditioned resid norm 2.891196181798e-02 true resid norm 2.891196181798e-02 ||r(i)||/||b|| 1.605560386413e+01
 54 KSP unpreconditioned resid norm 2.698388488391e-02 true resid norm 2.698388488391e-02 ||r(i)||/||b|| 1.498488996142e+01
 55 KSP unpreconditioned resid norm 2.706844116627e-02 true resid norm 2.706844116627e-02 ||r(i)||/||b|| 1.503184637975e+01
 56 KSP unpreconditioned resid norm 2.969192604224e-02 true resid norm 2.969192604224e-02 ||r(i)||/||b|| 1.648873934942e+01
 57 KSP unpreconditioned resid norm 3.319384122274e-02 true resid norm 3.319384122274e-02 ||r(i)||/||b|| 1.843344871428e+01
 58 KSP unpreconditioned resid norm 3.609598373503e-02 true resid norm 3.609598373503e-02 ||r(i)||/||b|| 2.004508789767e+01
 59 KSP unpreconditioned resid norm 3.331305605061e-02 true resid norm 3.331305605061e-02 ||r(i)||/||b|| 1.849965197171e+01
 60 KSP unpreconditioned resid norm 2.828710156712e-02 true resid norm 2.828710156712e-02 ||r(i)||/||b|| 1.570860186124e+01
 61 KSP unpreconditioned resid norm 2.289992791592e-02 true resid norm 2.289992791592e-02 ||r(i)||/||b|| 1.271695685854e+01
 62 KSP unpreconditioned resid norm 2.075135341319e-02 true resid norm 2.075135341319e-02 ||r(i)||/||b|| 1.152379461983e+01
 63 KSP unpreconditioned resid norm 2.456728901088e-02 true resid norm 2.456728901088e-02 ||r(i)||/||b|| 1.364288811868e+01
 64 KSP unpreconditioned resid norm 3.426777388286e-02 true resid norm 3.426777388286e-02 ||r(i)||/||b|| 1.902983291941e+01
 65 KSP unpreconditioned resid norm 4.534042933521e-02 true resid norm 4.534042933521e-02 ||r(i)||/||b|| 2.517878160668e+01
 66 KSP unpreconditioned resid norm 5.780386271388e-02 true resid norm 5.780386271388e-02 ||r(i)||/||b|| 3.210006734905e+01
 67 KSP unpreconditioned resid norm 5.864152471954e-02 true resid norm 5.864152471954e-02 ||r(i)||/||b|| 3.256524399184e+01
 68 KSP unpreconditioned resid norm 5.290164913878e-02 true resid norm 5.290164913878e-02 ||r(i)||/||b|| 2.937773395242e+01
 69 KSP unpreconditioned resid norm 4.242934756276e-02 true resid norm 4.242934756276e-02 ||r(i)||/||b|| 2.356217820740e+01
 70 KSP unpreconditioned resid norm 3.250293955270e-02 true resid norm 3.250293955270e-02 ||r(i)||/||b|| 1.804977210343e+01
 71 KSP unpreconditioned resid norm 3.193782654408e-02 true resid norm 3.193782654408e-02 ||r(i)||/||b|| 1.773594937974e+01
 72 KSP unpreconditioned resid norm 3.130349743931e-02 true resid norm 3.130349743931e-02 ||r(i)||/||b|| 1.738368906307e+01
 73 KSP unpreconditioned resid norm 2.698332213084e-02 true resid norm 2.698332213084e-02 ||r(i)||/||b|| 1.498457744923e+01
 74 KSP unpreconditioned resid norm 2.074698645011e-02 true resid norm 2.074698645011e-02 ||r(i)||/||b|| 1.152136952568e+01
 75 KSP unpreconditioned resid norm 1.833767944777e-02 true resid norm 1.833767944777e-02 ||r(i)||/||b|| 1.018341539237e+01
 76 KSP unpreconditioned resid norm 1.798138721002e-02 true resid norm 1.798138721002e-02 ||r(i)||/||b|| 9.985556559223e+00
 77 KSP unpreconditioned resid norm 2.013592640599e-02 true resid norm 2.013592640599e-02 ||r(i)||/||b|| 1.118203115538e+01
 78 KSP unpreconditioned resid norm 2.541546785508e-02 true resid norm 2.541546785508e-02 ||r(i)||/||b|| 1.411390504980e+01
 79 KSP unpreconditioned resid norm 3.097495889045e-02 true resid norm 3.097495889045e-02 ||r(i)||/||b|| 1.720124261313e+01
 80 KSP unpreconditioned resid norm 3.870188670104e-02 true resid norm 3.870188670104e-02 ||r(i)||/||b|| 2.149221715144e+01
 81 KSP unpreconditioned resid norm 4.206127903163e-02 true resid norm 4.206127903163e-02 ||r(i)||/||b|| 2.335777967617e+01
 82 KSP unpreconditioned resid norm 4.434909371179e-02 true resid norm 4.434909371179e-02 ||r(i)||/||b|| 2.462826579712e+01
 83 KSP unpreconditioned resid norm 4.704997814678e-02 true resid norm 4.704997814678e-02 ||r(i)||/||b|| 2.612814086074e+01
 84 KSP unpreconditioned resid norm 5.567653729014e-02 true resid norm 5.567653729014e-02 ||r(i)||/||b|| 3.091870530559e+01
 85 KSP unpreconditioned resid norm 5.759903579038e-02 true resid norm 5.759903579038e-02 ||r(i)||/||b|| 3.198632135128e+01
 86 KSP unpreconditioned resid norm 5.760978413700e-02 true resid norm 5.760978413700e-02 ||r(i)||/||b|| 3.199229020240e+01
 87 KSP unpreconditioned resid norm 6.112892951256e-02 true resid norm 6.112892951256e-02 ||r(i)||/||b|| 3.394656796625e+01
 88 KSP unpreconditioned resid norm 6.910818241491e-02 true resid norm 6.910818241491e-02 ||r(i)||/||b|| 3.837766553542e+01
 89 KSP unpreconditioned resid norm 7.116400569257e-02 true resid norm 7.116400569257e-02 ||r(i)||/||b|| 3.951932047979e+01
 90 KSP unpreconditioned resid norm 6.762078576563e-02 true resid norm 6.762078576563e-02 ||r(i)||/||b|| 3.755167345851e+01
 91 KSP unpreconditioned resid norm 5.904499569523e-02 true resid norm 5.904499569523e-02 ||r(i)||/||b|| 3.278930246968e+01
 92 KSP unpreconditioned resid norm 5.113547068367e-02 true resid norm 5.113547068367e-02 ||r(i)||/||b|| 2.839692670706e+01
 93 KSP unpreconditioned resid norm 5.030225867919e-02 true resid norm 5.030225867919e-02 ||r(i)||/||b|| 2.793422127175e+01
 94 KSP unpreconditioned resid norm 4.795671484599e-02 true resid norm 4.795671484599e-02 ||r(i)||/||b|| 2.663167657177e+01
 95 KSP unpreconditioned resid norm 4.122429709267e-02 true resid norm 4.122429709267e-02 ||r(i)||/||b|| 2.289298069304e+01
 96 KSP unpreconditioned resid norm 3.773202340351e-02 true resid norm 3.773202340351e-02 ||r(i)||/||b|| 2.095362551226e+01
 97 KSP unpreconditioned resid norm 3.163327854645e-02 true resid norm 3.163327854645e-02 ||r(i)||/||b|| 1.756682553965e+01
 98 KSP unpreconditioned resid norm 2.391554740898e-02 true resid norm 2.391554740898e-02 ||r(i)||/||b|| 1.328095816568e+01
 99 KSP unpreconditioned resid norm 1.816569082287e-02 true resid norm 1.816569082287e-02 ||r(i)||/||b|| 1.008790540076e+01
100 KSP unpreconditioned resid norm 1.459890340875e-02 true resid norm 1.459890340875e-02 ||r(i)||/||b|| 8.107170708692e+00
101 KSP unpreconditioned resid norm 1.244910129203e-02 true resid norm 1.244910129203e-02 ||r(i)||/||b|| 6.913326742322e+00
102 KSP unpreconditioned resid norm 1.206256786364e-02 true resid norm 1.206256786364e-02 ||r(i)||/||b|| 6.698674148161e+00
103 KSP unpreconditioned resid norm 1.441288347014e-02 true resid norm 1.441288347014e-02 ||r(i)||/||b|| 8.003868744474e+00
104 KSP unpreconditioned resid norm 1.625172493693e-02 true resid norm 1.625172493693e-02 ||r(i)||/||b|| 9.025027749371e+00
105 KSP unpreconditioned resid norm 2.083011830491e-02 true resid norm 2.083011830491e-02 ||r(i)||/||b|| 1.156753492039e+01
106 KSP unpreconditioned resid norm 2.179718345656e-02 true resid norm 2.179718345656e-02 ||r(i)||/||b|| 1.210457267256e+01
107 KSP unpreconditioned resid norm 1.928064689030e-02 true resid norm 1.928064689030e-02 ||r(i)||/||b|| 1.070707102699e+01
108 KSP unpreconditioned resid norm 1.539080137809e-02 true resid norm 1.539080137809e-02 ||r(i)||/||b|| 8.546933329318e+00
109 KSP unpreconditioned resid norm 1.336232307388e-02 true resid norm 1.336232307388e-02 ||r(i)||/||b|| 7.420463797282e+00
110 KSP unpreconditioned resid norm 1.219060894249e-02 true resid norm 1.219060894249e-02 ||r(i)||/||b|| 6.769778864379e+00
111 KSP unpreconditioned resid norm 1.254750753418e-02 true resid norm 1.254750753418e-02 ||r(i)||/||b|| 6.967974422464e+00
112 KSP unpreconditioned resid norm 1.532537672061e-02 true resid norm 1.532537672061e-02 ||r(i)||/||b|| 8.510601226012e+00
113 KSP unpreconditioned resid norm 2.142066996663e-02 true resid norm 2.142066996663e-02 ||r(i)||/||b|| 1.189548442453e+01
114 KSP unpreconditioned resid norm 2.843062622059e-02 true resid norm 2.843062622059e-02 ||r(i)||/||b|| 1.578830503030e+01
115 KSP unpreconditioned resid norm 3.658452543849e-02 true resid norm 3.658452543849e-02 ||r(i)||/||b|| 2.031638847946e+01
116 KSP unpreconditioned resid norm 3.560967238123e-02 true resid norm 3.560967238123e-02 ||r(i)||/||b|| 1.977502589011e+01
117 KSP unpreconditioned resid norm 3.153460489434e-02 true resid norm 3.153460489434e-02 ||r(i)||/||b|| 1.751202935943e+01
118 KSP unpreconditioned resid norm 2.577726558983e-02 true resid norm 2.577726558983e-02 ||r(i)||/||b|| 1.431482123614e+01
119 KSP unpreconditioned resid norm 2.428420876301e-02 true resid norm 2.428420876301e-02 ||r(i)||/||b|| 1.348568590769e+01
120 KSP unpreconditioned resid norm 2.736501148352e-02 true resid norm 2.736501148352e-02 ||r(i)||/||b|| 1.519653999555e+01
121 KSP unpreconditioned resid norm 3.167767099851e-02 true resid norm 3.167767099851e-02 ||r(i)||/||b|| 1.759147788352e+01
122 KSP unpreconditioned resid norm 3.567529475094e-02 true resid norm 3.567529475094e-02 ||r(i)||/||b|| 1.981146778842e+01
123 KSP unpreconditioned resid norm 3.844911009000e-02 true resid norm 3.844911009000e-02 ||r(i)||/||b|| 2.135184337955e+01
124 KSP unpreconditioned resid norm 3.462434455855e-02 true resid norm 3.462434455855e-02 ||r(i)||/||b|| 1.922784637676e+01
125 KSP unpreconditioned resid norm 2.603615707192e-02 true resid norm 2.603615707192e-02 ||r(i)||/||b|| 1.445859076332e+01
126 KSP unpreconditioned resid norm 2.492273090939e-02 true resid norm 2.492273090939e-02 ||r(i)||/||b|| 1.384027473516e+01
127 KSP unpreconditioned resid norm 2.613851635950e-02 true resid norm 2.613851635950e-02 ||r(i)||/||b|| 1.451543367780e+01
128 KSP unpreconditioned resid norm 3.829809547148e-02 true resid norm 3.829809547148e-02 ||r(i)||/||b|| 2.126798082785e+01
129 KSP unpreconditioned resid norm 5.404532999469e-02 true resid norm 5.404532999469e-02 ||r(i)||/||b|| 3.001285124003e+01
130 KSP unpreconditioned resid norm 7.571354301018e-02 true resid norm 7.571354301018e-02 ||r(i)||/||b|| 4.204580309610e+01
131 KSP unpreconditioned resid norm 9.018728645662e-02 true resid norm 9.018728645662e-02 ||r(i)||/||b|| 5.008346905146e+01
132 KSP unpreconditioned resid norm 9.014630546385e-02 true resid norm 9.014630546385e-02 ||r(i)||/||b|| 5.006071118432e+01
133 KSP unpreconditioned resid norm 6.393037130144e-02 true resid norm 6.393037130144e-02 ||r(i)||/||b|| 3.550228528124e+01
134 KSP unpreconditioned resid norm 4.312728442492e-02 true resid norm 4.312728442492e-02 ||r(i)||/||b|| 2.394976165303e+01
135 KSP unpreconditioned resid norm 3.333020332714e-02 true resid norm 3.333020332714e-02 ||r(i)||/||b|| 1.850917432377e+01
136 KSP unpreconditioned resid norm 3.317399372575e-02 true resid norm 3.317399372575e-02 ||r(i)||/||b|| 1.842242685587e+01
137 KSP unpreconditioned resid norm 4.257512409870e-02 true resid norm 4.257512409870e-02 ||r(i)||/||b|| 2.364313190845e+01
138 KSP unpreconditioned resid norm 6.877498757733e-02 true resid norm 6.877498757733e-02 ||r(i)||/||b|| 3.819263332089e+01
139 KSP unpreconditioned resid norm 1.108475006199e-01 true resid norm 1.108475006199e-01 ||r(i)||/||b|| 6.155665155089e+01
140 KSP unpreconditioned resid norm 1.809853855777e-01 true resid norm 1.809853855777e-01 ||r(i)||/||b|| 1.005061390965e+02
141 KSP unpreconditioned resid norm 2.627658168082e-01 true resid norm 2.627658168082e-01 ||r(i)||/||b|| 1.459210513028e+02
142 KSP unpreconditioned resid norm 2.973043681013e-01 true resid norm 2.973043681013e-01 ||r(i)||/||b|| 1.651012543307e+02
143 KSP unpreconditioned resid norm 3.082653864603e-01 true resid norm 3.082653864603e-01 ||r(i)||/||b|| 1.711882078839e+02
144 KSP unpreconditioned resid norm 2.942886512463e-01 true resid norm 2.942886512463e-01 ||r(i)||/||b|| 1.634265442056e+02
145 KSP unpreconditioned resid norm 2.529575335843e-01 true resid norm 2.529575335843e-01 ||r(i)||/||b|| 1.404742431263e+02
146 KSP unpreconditioned resid norm 2.069408698143e-01 true resid norm 2.069408698143e-01 ||r(i)||/||b|| 1.149199300260e+02
147 KSP unpreconditioned resid norm 1.631820741631e-01 true resid norm 1.631820741631e-01 ||r(i)||/||b|| 9.061947290132e+01
148 KSP unpreconditioned resid norm 1.171776445202e-01 true resid norm 1.171776445202e-01 ||r(i)||/||b|| 6.507195374677e+01
149 KSP unpreconditioned resid norm 8.398730738571e-02 true resid norm 8.398730738571e-02 ||r(i)||/||b|| 4.664045094860e+01
150 KSP unpreconditioned resid norm 5.226770133524e-02 true resid norm 5.226770133524e-02 ||r(i)||/||b|| 2.902568538275e+01
151 KSP unpreconditioned resid norm 3.259475792205e-02 true resid norm 3.259475792205e-02 ||r(i)||/||b|| 1.810076135747e+01
152 KSP unpreconditioned resid norm 1.838539001509e-02 true resid norm 1.838539001509e-02 ||r(i)||/||b|| 1.020991037648e+01
153 KSP unpreconditioned resid norm 1.126493925490e-02 true resid norm 1.126493925490e-02 ||r(i)||/||b|| 6.255729146598e+00
154 KSP unpreconditioned resid norm 7.969579246203e-03 true resid norm 7.969579246203e-03 ||r(i)||/||b|| 4.425725523102e+00
155 KSP unpreconditioned resid norm 6.547559840527e-03 true resid norm 6.547559840527e-03 ||r(i)||/||b|| 3.636039219268e+00
156 KSP unpreconditioned resid norm 7.616574460621e-03 true resid norm 7.616574460621e-03 ||r(i)||/||b|| 4.229692302142e+00
157 KSP unpreconditioned resid norm 1.037671189498e-02 true resid norm 1.037671189498e-02 ||r(i)||/||b|| 5.762472178363e+00
158 KSP unpreconditioned resid norm 1.430649174602e-02 true resid norm 1.430649174602e-02 ||r(i)||/||b|| 7.944786507588e+00
159 KSP unpreconditioned resid norm 1.655312698874e-02 true resid norm 1.655312698874e-02 ||r(i)||/||b|| 9.192404559639e+00
160 KSP unpreconditioned resid norm 1.689170418150e-02 true resid norm 1.689170418150e-02 ||r(i)||/||b|| 9.380425743348e+00
161 KSP unpreconditioned resid norm 1.806479177736e-02 true resid norm 1.806479177736e-02 ||r(i)||/||b|| 1.003187339867e+01
162 KSP unpreconditioned resid norm 2.233376880191e-02 true resid norm 2.233376880191e-02 ||r(i)||/||b|| 1.240255320389e+01
163 KSP unpreconditioned resid norm 2.778478386100e-02 true resid norm 2.778478386100e-02 ||r(i)||/||b|| 1.542965108805e+01
164 KSP unpreconditioned resid norm 4.047641819611e-02 true resid norm 4.047641819611e-02 ||r(i)||/||b|| 2.247766306855e+01
165 KSP unpreconditioned resid norm 5.337087458747e-02 true resid norm 5.337087458747e-02 ||r(i)||/||b|| 2.963830768915e+01
166 KSP unpreconditioned resid norm 5.257117709672e-02 true resid norm 5.257117709672e-02 ||r(i)||/||b|| 2.919421378077e+01
167 KSP unpreconditioned resid norm 4.151110439261e-02 true resid norm 4.151110439261e-02 ||r(i)||/||b|| 2.305225263806e+01
168 KSP unpreconditioned resid norm 3.106701806316e-02 true resid norm 3.106701806316e-02 ||r(i)||/||b|| 1.725236559186e+01
169 KSP unpreconditioned resid norm 2.246944942708e-02 true resid norm 2.246944942708e-02 ||r(i)||/||b|| 1.247790036931e+01
170 KSP unpreconditioned resid norm 1.954783189675e-02 true resid norm 1.954783189675e-02 ||r(i)||/||b|| 1.085544617528e+01
171 KSP unpreconditioned resid norm 2.263161248024e-02 true resid norm 2.263161248024e-02 ||r(i)||/||b|| 1.256795395196e+01
172 KSP unpreconditioned resid norm 2.698230898048e-02 true resid norm 2.698230898048e-02 ||r(i)||/||b|| 1.498401481910e+01
173 KSP unpreconditioned resid norm 2.548334802114e-02 true resid norm 2.548334802114e-02 ||r(i)||/||b|| 1.415160076424e+01
174 KSP unpreconditioned resid norm 2.347388591947e-02 true resid norm 2.347388591947e-02 ||r(i)||/||b|| 1.303569145004e+01
175 KSP unpreconditioned resid norm 2.060161760378e-02 true resid norm 2.060161760378e-02 ||r(i)||/||b|| 1.144064222583e+01
176 KSP unpreconditioned resid norm 1.880590874094e-02 true resid norm 1.880590874094e-02 ||r(i)||/||b|| 1.044343593666e+01
177 KSP unpreconditioned resid norm 1.928904515236e-02 true resid norm 1.928904515236e-02 ||r(i)||/||b|| 1.071173481181e+01
178 KSP unpreconditioned resid norm 1.982325106263e-02 true resid norm 1.982325106263e-02 ||r(i)||/||b|| 1.100839397770e+01
179 KSP unpreconditioned resid norm 1.821228530293e-02 true resid norm 1.821228530293e-02 ||r(i)||/||b|| 1.011378059107e+01
180 KSP unpreconditioned resid norm 1.417262419474e-02 true resid norm 1.417262419474e-02 ||r(i)||/||b|| 7.870446191733e+00
181 KSP unpreconditioned resid norm 1.131783051500e-02 true resid norm 1.131783051500e-02 ||r(i)||/||b|| 6.285101111234e+00
182 KSP unpreconditioned resid norm 8.995629197993e-03 true resid norm 8.995629197993e-03 ||r(i)||/||b|| 4.995519149507e+00
183 KSP unpreconditioned resid norm 8.010664312827e-03 true resid norm 8.010664312827e-03 ||r(i)||/||b|| 4.448541185304e+00
184 KSP unpreconditioned resid norm 8.945154583960e-03 true resid norm 8.945154583960e-03 ||r(i)||/||b|| 4.967489214589e+00
185 KSP unpreconditioned resid norm 1.015188788358e-02 true resid norm 1.015188788358e-02 ||r(i)||/||b|| 5.637621250262e+00
186 KSP unpreconditioned resid norm 9.373208998240e-03 true resid norm 9.373208998240e-03 ||r(i)||/||b|| 5.205199548852e+00
187 KSP unpreconditioned resid norm 6.379557383454e-03 true resid norm 6.379557383454e-03 ||r(i)||/||b|| 3.542742855779e+00
188 KSP unpreconditioned resid norm 4.336186249403e-03 true resid norm 4.336186249403e-03 ||r(i)||/||b|| 2.408002927639e+00
189 KSP unpreconditioned resid norm 3.505069694775e-03 true resid norm 3.505069694775e-03 ||r(i)||/||b|| 1.946461152991e+00
190 KSP unpreconditioned resid norm 3.197000331577e-03 true resid norm 3.197000331577e-03 ||r(i)||/||b|| 1.775381802191e+00
191 KSP unpreconditioned resid norm 3.255948285681e-03 true resid norm 3.255948285681e-03 ||r(i)||/||b|| 1.808117214808e+00
192 KSP unpreconditioned resid norm 3.119753632452e-03 true resid norm 3.119753632452e-03 ||r(i)||/||b|| 1.732484595534e+00
193 KSP unpreconditioned resid norm 2.495191195178e-03 true resid norm 2.495191195178e-03 ||r(i)||/||b|| 1.385647976683e+00
194 KSP unpreconditioned resid norm 2.074393328772e-03 true resid norm 2.074393328772e-03 ||r(i)||/||b|| 1.151967402102e+00
195 KSP unpreconditioned resid norm 1.960520811939e-03 true resid norm 1.960520811939e-03 ||r(i)||/||b|| 1.088730876239e+00
196 KSP unpreconditioned resid norm 1.908349081589e-03 true resid norm 1.908349081589e-03 ||r(i)||/||b|| 1.059758486171e+00
197 KSP unpreconditioned resid norm 1.650829110131e-03 true resid norm 1.650829110131e-03 ||r(i)||/||b|| 9.167505963965e-01
198 KSP unpreconditioned resid norm 1.398270693613e-03 true resid norm 1.398270693613e-03 ||r(i)||/||b|| 7.764979939032e-01
199 KSP unpreconditioned resid norm 1.114378392893e-03 true resid norm 1.114378392893e-03 ||r(i)||/||b|| 6.188448277454e-01
200 KSP unpreconditioned resid norm 9.334360952467e-04 true resid norm 9.334360952467e-04 ||r(i)||/||b|| 5.183626165567e-01
201 KSP unpreconditioned resid norm 9.199778387632e-04 true resid norm 9.199778387632e-04 ||r(i)||/||b|| 5.108888783109e-01
202 KSP unpreconditioned resid norm 9.032633641553e-04 true resid norm 9.032633641553e-04 ||r(i)||/||b|| 5.016068730014e-01
203 KSP unpreconditioned resid norm 1.050021604759e-03 true resid norm 1.050021604759e-03 ||r(i)||/||b|| 5.831057415240e-01
204 KSP unpreconditioned resid norm 1.095867600482e-03 true resid norm 1.095867600482e-03 ||r(i)||/||b|| 6.085652779857e-01
205 KSP unpreconditioned resid norm 9.090556731428e-04 true resid norm 9.090556731428e-04 ||r(i)||/||b|| 5.048235007470e-01
206 KSP unpreconditioned resid norm 6.548082392570e-04 true resid norm 6.548082392570e-04 ||r(i)||/||b|| 3.636329406722e-01
207 KSP unpreconditioned resid norm 5.193872980354e-04 true resid norm 5.193872980354e-04 ||r(i)||/||b|| 2.884299848559e-01
208 KSP unpreconditioned resid norm 5.384817815063e-04 true resid norm 5.384817815063e-04 ||r(i)||/||b|| 2.990336742399e-01
209 KSP unpreconditioned resid norm 6.254726589876e-04 true resid norm 6.254726589876e-04 ||r(i)||/||b|| 3.473420898855e-01
210 KSP unpreconditioned resid norm 6.938757530926e-04 true resid norm 6.938757530926e-04 ||r(i)||/||b|| 3.853282005805e-01
211 KSP unpreconditioned resid norm 6.378231080915e-04 true resid norm 6.378231080915e-04 ||r(i)||/||b|| 3.542006323671e-01
212 KSP unpreconditioned resid norm 5.983649169366e-04 true resid norm 5.983649169366e-04 ||r(i)||/||b|| 3.322884186485e-01
213 KSP unpreconditioned resid norm 6.140918796923e-04 true resid norm 6.140918796923e-04 ||r(i)||/||b|| 3.410220315933e-01
214 KSP unpreconditioned resid norm 7.058441002381e-04 true resid norm 7.058441002381e-04 ||r(i)||/||b|| 3.919745513846e-01
215 KSP unpreconditioned resid norm 6.267086345161e-04 true resid norm 6.267086345161e-04 ||r(i)||/||b|| 3.480284609313e-01
216 KSP unpreconditioned resid norm 4.642730476898e-04 true resid norm 4.642730476898e-04 ||r(i)||/||b|| 2.578235328832e-01
217 KSP unpreconditioned resid norm 3.621775213186e-04 true resid norm 3.621775213186e-04 ||r(i)||/||b|| 2.011270922185e-01
218 KSP unpreconditioned resid norm 2.811750701005e-04 true resid norm 2.811750701005e-04 ||r(i)||/||b|| 1.561442136103e-01
219 KSP unpreconditioned resid norm 2.335749411666e-04 true resid norm 2.335749411666e-04 ||r(i)||/||b|| 1.297105589571e-01
220 KSP unpreconditioned resid norm 1.854509425274e-04 true resid norm 1.854509425274e-04 ||r(i)||/||b|| 1.029859851156e-01
221 KSP unpreconditioned resid norm 1.384890552779e-04 true resid norm 1.384890552779e-04 ||r(i)||/||b|| 7.690676354158e-02
222 KSP unpreconditioned resid norm 9.494816208904e-05 true resid norm 9.494816208904e-05 ||r(i)||/||b|| 5.272731361939e-02
223 KSP unpreconditioned resid norm 6.893240909440e-05 true resid norm 6.893240909440e-05 ||r(i)||/||b|| 3.828005379874e-02
224 KSP unpreconditioned resid norm 5.370433794997e-05 true resid norm 5.370433794997e-05 ||r(i)||/||b|| 2.982348902293e-02
225 KSP unpreconditioned resid norm 4.594942884607e-05 true resid norm 4.594942884607e-05 ||r(i)||/||b|| 2.551697570645e-02
226 KSP unpreconditioned resid norm 4.191945593728e-05 true resid norm 4.191945593728e-05 ||r(i)||/||b|| 2.327902142946e-02
227 KSP unpreconditioned resid norm 4.401674520204e-05 true resid norm 4.401674520204e-05 ||r(i)||/||b|| 2.444370357160e-02
228 KSP unpreconditioned resid norm 4.609640761875e-05 true resid norm 4.609640761875e-05 ||r(i)||/||b|| 2.559859704247e-02
229 KSP unpreconditioned resid norm 4.411475714090e-05 true resid norm 4.411475714090e-05 ||r(i)||/||b|| 2.449813228433e-02
230 KSP unpreconditioned resid norm 4.179037822933e-05 true resid norm 4.179037822933e-05 ||r(i)||/||b|| 2.320734104473e-02
231 KSP unpreconditioned resid norm 4.194773497584e-05 true resid norm 4.194773497584e-05 ||r(i)||/||b|| 2.329472555372e-02
232 KSP unpreconditioned resid norm 5.077188773873e-05 true resid norm 5.077188773873e-05 ||r(i)||/||b|| 2.819501914463e-02
233 KSP unpreconditioned resid norm 6.324074524606e-05 true resid norm 6.324074524606e-05 ||r(i)||/||b|| 3.511931705414e-02
234 KSP unpreconditioned resid norm 6.661113033624e-05 true resid norm 6.661113033624e-05 ||r(i)||/||b|| 3.699098415920e-02
235 KSP unpreconditioned resid norm 6.604481995776e-05 true resid norm 6.604481995776e-05 ||r(i)||/||b|| 3.667649650325e-02
236 KSP unpreconditioned resid norm 7.300126662626e-05 true resid norm 7.300126662626e-05 ||r(i)||/||b|| 4.053960177139e-02
237 KSP unpreconditioned resid norm 7.668353778178e-05 true resid norm 7.668353778178e-05 ||r(i)||/||b|| 4.258446774644e-02
238 KSP unpreconditioned resid norm 6.666967940173e-05 true resid norm 6.666967940173e-05 ||r(i)||/||b|| 3.702349805805e-02
239 KSP unpreconditioned resid norm 5.309270054660e-05 true resid norm 5.309270054660e-05 ||r(i)||/||b|| 2.948383002922e-02
240 KSP unpreconditioned resid norm 4.473553267788e-05 true resid norm 4.473553267788e-05 ||r(i)||/||b|| 2.484286593378e-02
241 KSP unpreconditioned resid norm 4.885251485158e-05 true resid norm 4.885251485158e-05 ||r(i)||/||b|| 2.712913883746e-02
242 KSP unpreconditioned resid norm 5.504270638450e-05 true resid norm 5.504270638450e-05 ||r(i)||/||b|| 3.056672165253e-02
243 KSP unpreconditioned resid norm 5.259622605930e-05 true resid norm 5.259622605930e-05 ||r(i)||/||b|| 2.920812415541e-02
244 KSP unpreconditioned resid norm 4.349991301606e-05 true resid norm 4.349991301606e-05 ||r(i)||/||b|| 2.415669251041e-02
245 KSP unpreconditioned resid norm 3.292110043931e-05 true resid norm 3.292110043931e-05 ||r(i)||/||b|| 1.828198829094e-02
246 KSP unpreconditioned resid norm 2.373839700675e-05 true resid norm 2.373839700675e-05 ||r(i)||/||b|| 1.318258169782e-02
247 KSP unpreconditioned resid norm 1.636456058561e-05 true resid norm 1.636456058561e-05 ||r(i)||/||b|| 9.087688473966e-03
248 KSP unpreconditioned resid norm 1.239418108254e-05 true resid norm 1.239418108254e-05 ||r(i)||/||b|| 6.882828046545e-03
249 KSP unpreconditioned resid norm 9.008674819580e-06 true resid norm 9.008674819580e-06 ||r(i)||/||b|| 5.002763740298e-03
250 KSP unpreconditioned resid norm 7.773798938618e-06 true resid norm 7.773798938618e-06 ||r(i)||/||b|| 4.317003358803e-03
251 KSP unpreconditioned resid norm 7.141815304685e-06 true resid norm 7.141815304685e-06 ||r(i)||/||b|| 3.966045546292e-03
252 KSP unpreconditioned resid norm 6.710564016461e-06 true resid norm 6.710564016461e-06 ||r(i)||/||b|| 3.726559900413e-03
253 KSP unpreconditioned resid norm 7.299987527180e-06 true resid norm 7.299987527180e-06 ||r(i)||/||b|| 4.053882911417e-03
254 KSP unpreconditioned resid norm 6.969696509045e-06 true resid norm 6.969696509045e-06 ||r(i)||/||b|| 3.870463267311e-03
255 KSP unpreconditioned resid norm 5.967637729846e-06 true resid norm 5.967637729846e-06 ||r(i)||/||b|| 3.313992595806e-03
256 KSP unpreconditioned resid norm 4.420292291205e-06 true resid norm 4.420292291205e-06 ||r(i)||/||b|| 2.454709315059e-03
257 KSP unpreconditioned resid norm 3.273988047974e-06 true resid norm 3.273988047974e-06 ||r(i)||/||b|| 1.818135188649e-03
258 KSP unpreconditioned resid norm 2.572932524958e-06 true resid norm 2.572932524958e-06 ||r(i)||/||b|| 1.428819865284e-03
259 KSP unpreconditioned resid norm 2.338045178388e-06 true resid norm 2.338045178388e-06 ||r(i)||/||b|| 1.298380491679e-03
260 KSP unpreconditioned resid norm 2.522532245747e-06 true resid norm 2.522532245747e-06 ||r(i)||/||b|| 1.400831210527e-03
261 KSP unpreconditioned resid norm 2.859365179251e-06 true resid norm 2.859365179251e-06 ||r(i)||/||b|| 1.587883759323e-03
262 KSP unpreconditioned resid norm 2.396657407462e-06 true resid norm 2.396657407462e-06 ||r(i)||/||b|| 1.330929466997e-03
263 KSP unpreconditioned resid norm 2.008654602718e-06 true resid norm 2.008654602718e-06 ||r(i)||/||b|| 1.115460887923e-03
264 KSP unpreconditioned resid norm 1.410631680842e-06 true resid norm 1.410631680842e-06 ||r(i)||/||b|| 7.833623884941e-04
265 KSP unpreconditioned resid norm 9.263138785551e-07 true resid norm 9.263138785551e-07 ||r(i)||/||b|| 5.144074546568e-04
266 KSP unpreconditioned resid norm 7.511190737265e-07 true resid norm 7.511190737265e-07 ||r(i)||/||b|| 4.171169835677e-04
267 KSP unpreconditioned resid norm 7.457823122046e-07 true resid norm 7.457823122046e-07 ||r(i)||/||b|| 4.141533338005e-04
268 KSP unpreconditioned resid norm 8.381528867464e-07 true resid norm 8.381528867464e-07 ||r(i)||/||b|| 4.654492424932e-04
269 KSP unpreconditioned resid norm 1.043752255018e-06 true resid norm 1.043752255018e-06 ||r(i)||/||b|| 5.796241999889e-04
270 KSP unpreconditioned resid norm 1.315673386533e-06 true resid norm 1.315673386533e-06 ||r(i)||/||b|| 7.306294481757e-04
271 KSP unpreconditioned resid norm 1.608067711804e-06 true resid norm 1.608067711804e-06 ||r(i)||/||b|| 8.930040213099e-04
272 KSP unpreconditioned resid norm 2.115755160017e-06 true resid norm 2.115755160017e-06 ||r(i)||/||b|| 1.174936759275e-03
273 KSP unpreconditioned resid norm 2.341356648984e-06 true resid norm 2.341356648984e-06 ||r(i)||/||b|| 1.300219441953e-03
274 KSP unpreconditioned resid norm 1.916545022984e-06 true resid norm 1.916545022984e-06 ||r(i)||/||b|| 1.064309916792e-03
275 KSP unpreconditioned resid norm 1.370700742752e-06 true resid norm 1.370700742752e-06 ||r(i)||/||b|| 7.611876454608e-04
276 KSP unpreconditioned resid norm 9.986014791428e-07 true resid norm 9.986014791428e-07 ||r(i)||/||b|| 5.545507381403e-04
277 KSP unpreconditioned resid norm 8.162520312090e-07 true resid norm 8.162520312090e-07 ||r(i)||/||b|| 4.532870978762e-04
278 KSP unpreconditioned resid norm 1.019405416552e-06 true resid norm 1.019405416552e-06 ||r(i)||/||b|| 5.661037340925e-04
279 KSP unpreconditioned resid norm 1.377265902005e-06 true resid norm 1.377265902005e-06 ||r(i)||/||b|| 7.648334581160e-04
280 KSP unpreconditioned resid norm 1.626262539794e-06 true resid norm 1.626262539794e-06 ||r(i)||/||b|| 9.031081073770e-04
281 KSP unpreconditioned resid norm 1.736950532363e-06 true resid norm 1.736950532363e-06 ||r(i)||/||b|| 9.645761797407e-04
282 KSP unpreconditioned resid norm 1.921829534976e-06 true resid norm 1.921829534976e-06 ||r(i)||/||b|| 1.067244550965e-03
283 KSP unpreconditioned resid norm 2.446422997286e-06 true resid norm 2.446422997286e-06 ||r(i)||/||b|| 1.358565661362e-03
284 KSP unpreconditioned resid norm 3.335054462553e-06 true resid norm 3.335054462553e-06 ||r(i)||/||b|| 1.852047040361e-03
285 KSP unpreconditioned resid norm 3.746527010693e-06 true resid norm 3.746527010693e-06 ||r(i)||/||b|| 2.080549010428e-03
286 KSP unpreconditioned resid norm 2.692618853776e-06 true resid norm 2.692618853776e-06 ||r(i)||/||b|| 1.495284960096e-03
287 KSP unpreconditioned resid norm 1.666289460827e-06 true resid norm 1.666289460827e-06 ||r(i)||/||b|| 9.253361523661e-04
288 KSP unpreconditioned resid norm 9.791688658332e-07 true resid norm 9.791688658332e-07 ||r(i)||/||b|| 5.437592760006e-04
289 KSP unpreconditioned resid norm 6.716605183238e-07 true resid norm 6.716605183238e-07 ||r(i)||/||b|| 3.729914725701e-04
290 KSP unpreconditioned resid norm 5.658431975142e-07 true resid norm 5.658431975142e-07 ||r(i)||/||b|| 3.142282175694e-04
291 KSP unpreconditioned resid norm 6.674586032123e-07 true resid norm 6.674586032123e-07 ||r(i)||/||b|| 3.706580340810e-04
292 KSP unpreconditioned resid norm 8.185164545706e-07 true resid norm 8.185164545706e-07 ||r(i)||/||b|| 4.545445941576e-04
293 KSP unpreconditioned resid norm 1.200288563373e-06 true resid norm 1.200288563373e-06 ||r(i)||/||b|| 6.665530972089e-04
294 KSP unpreconditioned resid norm 1.572685170754e-06 true resid norm 1.572685170754e-06 ||r(i)||/||b|| 8.733551276658e-04
295 KSP unpreconditioned resid norm 1.858266946195e-06 true resid norm 1.858266946195e-06 ||r(i)||/||b|| 1.031946505385e-03
296 KSP unpreconditioned resid norm 2.317310990222e-06 true resid norm 2.317310990222e-06 ||r(i)||/||b|| 1.286866229391e-03
297 KSP unpreconditioned resid norm 2.171132745336e-06 true resid norm 2.171132745336e-06 ||r(i)||/||b|| 1.205689448368e-03
298 KSP unpreconditioned resid norm 1.468366205813e-06 true resid norm 1.468366205813e-06 ||r(i)||/||b|| 8.154239506965e-04
299 KSP unpreconditioned resid norm 9.771441276463e-07 true resid norm 9.771441276463e-07 ||r(i)||/||b|| 5.426348834581e-04
300 KSP unpreconditioned resid norm 8.190497881105e-07 true resid norm 8.190497881105e-07 ||r(i)||/||b|| 4.548407688723e-04
301 KSP unpreconditioned resid norm 8.240152877875e-07 true resid norm 8.240152877875e-07 ||r(i)||/||b|| 4.575982467738e-04
302 KSP unpreconditioned resid norm 8.905564286938e-07 true resid norm 8.905564286938e-07 ||r(i)||/||b|| 4.945503638866e-04
303 KSP unpreconditioned resid norm 6.963632472309e-07 true resid norm 6.963632472309e-07 ||r(i)||/||b|| 3.867095741709e-04
304 KSP unpreconditioned resid norm 4.236281905846e-07 true resid norm 4.236281905846e-07 ||r(i)||/||b|| 2.352523310775e-04
305 KSP unpreconditioned resid norm 2.879135524797e-07 true resid norm 2.879135524797e-07 ||r(i)||/||b|| 1.598862773419e-04
306 KSP unpreconditioned resid norm 2.767646325672e-07 true resid norm 2.767646325672e-07 ||r(i)||/||b|| 1.536949769122e-04
307 KSP unpreconditioned resid norm 3.701942505729e-07 true resid norm 3.701942505729e-07 ||r(i)||/||b|| 2.055790014318e-04
308 KSP unpreconditioned resid norm 5.758161852438e-07 true resid norm 5.758161852438e-07 ||r(i)||/||b|| 3.197664906667e-04
309 KSP unpreconditioned resid norm 7.969522675927e-07 true resid norm 7.969522675927e-07 ||r(i)||/||b|| 4.425694108079e-04
310 KSP unpreconditioned resid norm 8.334018445936e-07 true resid norm 8.334018445936e-07 ||r(i)||/||b|| 4.628108587257e-04
311 KSP unpreconditioned resid norm 9.478006347700e-07 true resid norm 9.478006347700e-07 ||r(i)||/||b|| 5.263396385841e-04
312 KSP unpreconditioned resid norm 1.175046893200e-06 true resid norm 1.175046893200e-06 ||r(i)||/||b|| 6.525357067697e-04
313 KSP unpreconditioned resid norm 1.148513153588e-06 true resid norm 1.148513153588e-06 ||r(i)||/||b|| 6.378007948004e-04
314 KSP unpreconditioned resid norm 9.601318734374e-07 true resid norm 9.601318734374e-07 ||r(i)||/||b|| 5.331875129844e-04
315 KSP unpreconditioned resid norm 9.100894786812e-07 true resid norm 9.100894786812e-07 ||r(i)||/||b|| 5.053976012630e-04
316 KSP unpreconditioned resid norm 9.846802989038e-07 true resid norm 9.846802989038e-07 ||r(i)||/||b|| 5.468199256605e-04
317 KSP unpreconditioned resid norm 1.005879699603e-06 true resid norm 1.005879699603e-06 ||r(i)||/||b|| 5.585925332037e-04
318 KSP unpreconditioned resid norm 8.516183734123e-07 true resid norm 8.516183734123e-07 ||r(i)||/||b|| 4.729269958573e-04
319 KSP unpreconditioned resid norm 8.753423307450e-07 true resid norm 8.753423307450e-07 ||r(i)||/||b|| 4.861015588088e-04
320 KSP unpreconditioned resid norm 1.170408650028e-06 true resid norm 1.170408650028e-06 ||r(i)||/||b|| 6.499599633640e-04
321 KSP unpreconditioned resid norm 1.784742448707e-06 true resid norm 1.784742448707e-06 ||r(i)||/||b|| 9.911163391933e-04
322 KSP unpreconditioned resid norm 2.282832821814e-06 true resid norm 2.282832821814e-06 ||r(i)||/||b|| 1.267719558632e-03
323 KSP unpreconditioned resid norm 2.068878671170e-06 true resid norm 2.068878671170e-06 ||r(i)||/||b|| 1.148904961772e-03
324 KSP unpreconditioned resid norm 1.778383529315e-06 true resid norm 1.778383529315e-06 ||r(i)||/||b|| 9.875850571789e-04
325 KSP unpreconditioned resid norm 1.870840299783e-06 true resid norm 1.870840299783e-06 ||r(i)||/||b|| 1.038928832829e-03
326 KSP unpreconditioned resid norm 2.833433797754e-06 true resid norm 2.833433797754e-06 ||r(i)||/||b|| 1.573483353304e-03
327 KSP unpreconditioned resid norm 3.607374418070e-06 true resid norm 3.607374418070e-06 ||r(i)||/||b|| 2.003273766434e-03
328 KSP unpreconditioned resid norm 2.922121146183e-06 true resid norm 2.922121146183e-06 ||r(i)||/||b|| 1.622733865708e-03
329 KSP unpreconditioned resid norm 2.055224456613e-06 true resid norm 2.055224456613e-06 ||r(i)||/||b|| 1.141322402644e-03
330 KSP unpreconditioned resid norm 1.692410239103e-06 true resid norm 1.692410239103e-06 ||r(i)||/||b|| 9.398417356003e-04
331 KSP unpreconditioned resid norm 1.832360792749e-06 true resid norm 1.832360792749e-06 ||r(i)||/||b|| 1.017560109195e-03
332 KSP unpreconditioned resid norm 2.025446891356e-06 true resid norm 2.025446891356e-06 ||r(i)||/||b|| 1.124786105494e-03
333 KSP unpreconditioned resid norm 1.498532340504e-06 true resid norm 1.498532340504e-06 ||r(i)||/||b|| 8.321760310901e-04
334 KSP unpreconditioned resid norm 1.058042114992e-06 true resid norm 1.058042114992e-06 ||r(i)||/||b|| 5.875597504184e-04
335 KSP unpreconditioned resid norm 8.004056260063e-07 true resid norm 8.004056260063e-07 ||r(i)||/||b|| 4.444871552709e-04
336 KSP unpreconditioned resid norm 6.270439636195e-07 true resid norm 6.270439636195e-07 ||r(i)||/||b|| 3.482146783621e-04
337 KSP unpreconditioned resid norm 4.596476463876e-07 true resid norm 4.596476463876e-07 ||r(i)||/||b|| 2.552549209195e-04
338 KSP unpreconditioned resid norm 3.761358302657e-07 true resid norm 3.761358302657e-07 ||r(i)||/||b|| 2.088785232863e-04
339 KSP unpreconditioned resid norm 4.027533647090e-07 true resid norm 4.027533647090e-07 ||r(i)||/||b|| 2.236599688192e-04
340 KSP unpreconditioned resid norm 4.835155047226e-07 true resid norm 4.835155047226e-07 ||r(i)||/||b|| 2.685093960369e-04
341 KSP unpreconditioned resid norm 4.814148533124e-07 true resid norm 4.814148533124e-07 ||r(i)||/||b|| 2.673428468034e-04
342 KSP unpreconditioned resid norm 3.326709954646e-07 true resid norm 3.326709954646e-07 ||r(i)||/||b|| 1.847413106689e-04
343 KSP unpreconditioned resid norm 2.075048973487e-07 true resid norm 2.075048973487e-07 ||r(i)||/||b|| 1.152331499561e-04
344 KSP unpreconditioned resid norm 1.510611742716e-07 true resid norm 1.510611742716e-07 ||r(i)||/||b|| 8.388840538126e-05
345 KSP unpreconditioned resid norm 1.087356097812e-07 true resid norm 1.087356097812e-07 ||r(i)||/||b|| 6.038386075501e-05
346 KSP unpreconditioned resid norm 8.603403188615e-08 true resid norm 8.603403188615e-08 ||r(i)||/||b|| 4.777705309290e-05
347 KSP unpreconditioned resid norm 8.127028075921e-08 true resid norm 8.127028075921e-08 ||r(i)||/||b|| 4.513161168415e-05
348 KSP unpreconditioned resid norm 1.067379416818e-07 true resid norm 1.067379416818e-07 ||r(i)||/||b|| 5.927450097312e-05
349 KSP unpreconditioned resid norm 1.280599083846e-07 true resid norm 1.280599083846e-07 ||r(i)||/||b|| 7.111517277327e-05
350 KSP unpreconditioned resid norm 1.080633917906e-07 true resid norm 1.080633917906e-07 ||r(i)||/||b|| 6.001055970282e-05
351 KSP unpreconditioned resid norm 8.576179378669e-08 true resid norm 8.576179378669e-08 ||r(i)||/||b|| 4.762587182373e-05
352 KSP unpreconditioned resid norm 7.250394664390e-08 true resid norm 7.250394664390e-08 ||r(i)||/||b|| 4.026342637102e-05
353 KSP unpreconditioned resid norm 6.107199519292e-08 true resid norm 6.107199519292e-08 ||r(i)||/||b|| 3.391495077997e-05
354 KSP unpreconditioned resid norm 5.383931192190e-08 true resid norm 5.383931192190e-08 ||r(i)||/||b|| 2.989844376446e-05
355 KSP unpreconditioned resid norm 4.671222358951e-08 true resid norm 4.671222358951e-08 ||r(i)||/||b|| 2.594057650903e-05
356 KSP unpreconditioned resid norm 4.792855907569e-08 true resid norm 4.792855907569e-08 ||r(i)||/||b|| 2.661604090176e-05
357 KSP unpreconditioned resid norm 5.456732429697e-08 true resid norm 5.456732429697e-08 ||r(i)||/||b|| 3.030272896572e-05
358 KSP unpreconditioned resid norm 6.949904125324e-08 true resid norm 6.949904125324e-08 ||r(i)||/||b|| 3.859472014813e-05
359 KSP unpreconditioned resid norm 8.744695708410e-08 true resid norm 8.744695708410e-08 ||r(i)||/||b|| 4.856168913422e-05
360 KSP unpreconditioned resid norm 1.069357326336e-07 true resid norm 1.069357326336e-07 ||r(i)||/||b|| 5.938433970319e-05
361 KSP unpreconditioned resid norm 1.159077276622e-07 true resid norm 1.159077276622e-07 ||r(i)||/||b|| 6.436673415146e-05
362 KSP unpreconditioned resid norm 9.229417167171e-08 true resid norm 9.229417167171e-08 ||r(i)||/||b|| 5.125348008750e-05
363 KSP unpreconditioned resid norm 6.776193730099e-08 true resid norm 6.776193730099e-08 ||r(i)||/||b|| 3.763005877013e-05
364 KSP unpreconditioned resid norm 4.255195028835e-08 true resid norm 4.255195028835e-08 ||r(i)||/||b|| 2.363026285718e-05
365 KSP unpreconditioned resid norm 3.648737291574e-08 true resid norm 3.648737291574e-08 ||r(i)||/||b|| 2.026243702402e-05
366 KSP unpreconditioned resid norm 3.944267271718e-08 true resid norm 3.944267271718e-08 ||r(i)||/||b|| 2.190359590526e-05
367 KSP unpreconditioned resid norm 4.596694891503e-08 true resid norm 4.596694891503e-08 ||r(i)||/||b|| 2.552670508036e-05
368 KSP unpreconditioned resid norm 4.833538477738e-08 true resid norm 4.833538477738e-08 ||r(i)||/||b|| 2.684196235079e-05
369 KSP unpreconditioned resid norm 4.914555679140e-08 true resid norm 4.914555679140e-08 ||r(i)||/||b|| 2.729187304868e-05
370 KSP unpreconditioned resid norm 5.685075869438e-08 true resid norm 5.685075869438e-08 ||r(i)||/||b|| 3.157078259574e-05
371 KSP unpreconditioned resid norm 5.505673648784e-08 true resid norm 5.505673648784e-08 ||r(i)||/||b|| 3.057451295299e-05
372 KSP unpreconditioned resid norm 5.502490989707e-08 true resid norm 5.502490989707e-08 ||r(i)||/||b|| 3.055683877588e-05
373 KSP unpreconditioned resid norm 7.071034676478e-08 true resid norm 7.071034676478e-08 ||r(i)||/||b|| 3.926739125825e-05
374 KSP unpreconditioned resid norm 9.638703962925e-08 true resid norm 9.638703962925e-08 ||r(i)||/||b|| 5.352636170682e-05
375 KSP unpreconditioned resid norm 1.312802161235e-07 true resid norm 1.312802161235e-07 ||r(i)||/||b|| 7.290349781677e-05
376 KSP unpreconditioned resid norm 1.495943107974e-07 true resid norm 1.495943107974e-07 ||r(i)||/||b|| 8.307381593856e-05
377 KSP unpreconditioned resid norm 1.351720404774e-07 true resid norm 1.351720404774e-07 ||r(i)||/||b|| 7.506473441939e-05
378 KSP unpreconditioned resid norm 1.325418749605e-07 true resid norm 1.325418749605e-07 ||r(i)||/||b|| 7.360413150696e-05
379 KSP unpreconditioned resid norm 1.476850025052e-07 true resid norm 1.476850025052e-07 ||r(i)||/||b|| 8.201352477646e-05
380 KSP unpreconditioned resid norm 1.614769148797e-07 true resid norm 1.614769148797e-07 ||r(i)||/||b|| 8.967255127243e-05
381 KSP unpreconditioned resid norm 1.455306738603e-07 true resid norm 1.455306738603e-07 ||r(i)||/||b|| 8.081716710509e-05
382 KSP unpreconditioned resid norm 1.275520608787e-07 true resid norm 1.275520608787e-07 ||r(i)||/||b|| 7.083315115086e-05
383 KSP unpreconditioned resid norm 1.058696057213e-07 true resid norm 1.058696057213e-07 ||r(i)||/||b|| 5.879229024351e-05
384 KSP unpreconditioned resid norm 8.102120444100e-08 true resid norm 8.102120444100e-08 ||r(i)||/||b|| 4.499329278617e-05
385 KSP unpreconditioned resid norm 6.253003137356e-08 true resid norm 6.253003137356e-08 ||r(i)||/||b|| 3.472463818491e-05
386 KSP unpreconditioned resid norm 5.471892060581e-08 true resid norm 5.471892060581e-08 ||r(i)||/||b|| 3.038691454597e-05
387 KSP unpreconditioned resid norm 5.325025216007e-08 true resid norm 5.325025216007e-08 ||r(i)||/||b|| 2.957132275317e-05
388 KSP unpreconditioned resid norm 5.507438305373e-08 true resid norm 5.507438305373e-08 ||r(i)||/||b|| 3.058431257410e-05
389 KSP unpreconditioned resid norm 3.868692206821e-08 true resid norm 3.868692206821e-08 ||r(i)||/||b|| 2.148390688117e-05
390 KSP unpreconditioned resid norm 2.521808020773e-08 true resid norm 2.521808020773e-08 ||r(i)||/||b|| 1.400429028573e-05
391 KSP unpreconditioned resid norm 2.113165638210e-08 true resid norm 2.113165638210e-08 ||r(i)||/||b|| 1.173498726928e-05
392 KSP unpreconditioned resid norm 2.070496496155e-08 true resid norm 2.070496496155e-08 ||r(i)||/||b|| 1.149803384274e-05
393 KSP unpreconditioned resid norm 2.136843575177e-08 true resid norm 2.136843575177e-08 ||r(i)||/||b|| 1.186647733510e-05
394 KSP unpreconditioned resid norm 1.803465437076e-08 true resid norm 1.803465437076e-08 ||r(i)||/||b|| 1.001513727177e-05
395 KSP unpreconditioned resid norm 1.874719366658e-08 true resid norm 1.874719366658e-08 ||r(i)||/||b|| 1.041082984854e-05
396 KSP unpreconditioned resid norm 1.752755325734e-08 true resid norm 1.752755325734e-08 ||r(i)||/||b|| 9.733530141569e-06
397 KSP unpreconditioned resid norm 1.731295672917e-08 true resid norm 1.731295672917e-08 ||r(i)||/||b|| 9.614358814885e-06
398 KSP unpreconditioned resid norm 1.585018182439e-08 true resid norm 1.585018182439e-08 ||r(i)||/||b|| 8.802039866715e-06
399 KSP unpreconditioned resid norm 1.677167013413e-08 true resid norm 1.677167013413e-08 ||r(i)||/||b|| 9.313767550904e-06
400 KSP unpreconditioned resid norm 2.082562522424e-08 true resid norm 2.082562522424e-08 ||r(i)||/||b|| 1.156503978970e-05
401 KSP unpreconditioned resid norm 2.228087253781e-08 true resid norm 2.228087253781e-08 ||r(i)||/||b|| 1.237317846040e-05
402 KSP unpreconditioned resid norm 2.449059706113e-08 true resid norm 2.449059706113e-08 ||r(i)||/||b|| 1.360029897953e-05
403 KSP unpreconditioned resid norm 2.759715715723e-08 true resid norm 2.759715715723e-08 ||r(i)||/||b|| 1.532545684316e-05
404 KSP unpreconditioned resid norm 3.152203798884e-08 true resid norm 3.152203798884e-08 ||r(i)||/||b|| 1.750505061279e-05
405 KSP unpreconditioned resid norm 3.832625671958e-08 true resid norm 3.832625671958e-08 ||r(i)||/||b|| 2.128361953984e-05
406 KSP unpreconditioned resid norm 4.462649314070e-08 true resid norm 4.462649314070e-08 ||r(i)||/||b|| 2.478231329382e-05
407 KSP unpreconditioned resid norm 4.627462884248e-08 true resid norm 4.627462884248e-08 ||r(i)||/||b|| 2.569756816683e-05
408 KSP unpreconditioned resid norm 4.371358348991e-08 true resid norm 4.371358348991e-08 ||r(i)||/||b|| 2.427534957378e-05
409 KSP unpreconditioned resid norm 4.319739116436e-08 true resid norm 4.319739116436e-08 ||r(i)||/||b|| 2.398869384461e-05
410 KSP unpreconditioned resid norm 3.928017484143e-08 true resid norm 3.928017484143e-08 ||r(i)||/||b|| 2.181335638647e-05
411 KSP unpreconditioned resid norm 3.258042271364e-08 true resid norm 3.258042271364e-08 ||r(i)||/||b|| 1.809280062381e-05
412 KSP unpreconditioned resid norm 2.784247988811e-08 true resid norm 2.784247988811e-08 ||r(i)||/||b|| 1.546169127134e-05
413 KSP unpreconditioned resid norm 2.678777502926e-08 true resid norm 2.678777502926e-08 ||r(i)||/||b|| 1.487598479061e-05
414 KSP unpreconditioned resid norm 2.933150782053e-08 true resid norm 2.933150782053e-08 ||r(i)||/||b|| 1.628858924443e-05
415 KSP unpreconditioned resid norm 3.781797251185e-08 true resid norm 3.781797251185e-08 ||r(i)||/||b|| 2.100135540498e-05
416 KSP unpreconditioned resid norm 4.432001832550e-08 true resid norm 4.432001832550e-08 ||r(i)||/||b|| 2.461211943917e-05
417 KSP unpreconditioned resid norm 4.364968888527e-08 true resid norm 4.364968888527e-08 ||r(i)||/||b|| 2.423986715071e-05
418 KSP unpreconditioned resid norm 3.888844131818e-08 true resid norm 3.888844131818e-08 ||r(i)||/||b|| 2.159581603728e-05
419 KSP unpreconditioned resid norm 3.020414811432e-08 true resid norm 3.020414811432e-08 ||r(i)||/||b|| 1.677319028815e-05
420 KSP unpreconditioned resid norm 2.412614560522e-08 true resid norm 2.412614560522e-08 ||r(i)||/||b|| 1.339790910919e-05
421 KSP unpreconditioned resid norm 1.861929989712e-08 true resid norm 1.861929989712e-08 ||r(i)||/||b|| 1.033980693727e-05
422 KSP unpreconditioned resid norm 1.718617452335e-08 true resid norm 1.718617452335e-08 ||r(i)||/||b|| 9.543953185320e-06
423 KSP unpreconditioned resid norm 2.084124615984e-08 true resid norm 2.084124615984e-08 ||r(i)||/||b|| 1.157371452286e-05
424 KSP unpreconditioned resid norm 2.987675459130e-08 true resid norm 2.987675459130e-08 ||r(i)||/||b|| 1.659137970241e-05
425 KSP unpreconditioned resid norm 4.348663154701e-08 true resid norm 4.348663154701e-08 ||r(i)||/||b|| 2.414931694707e-05
426 KSP unpreconditioned resid norm 6.516834636216e-08 true resid norm 6.516834636216e-08 ||r(i)||/||b|| 3.618976672210e-05
427 KSP unpreconditioned resid norm 9.495804181218e-08 true resid norm 9.495804181218e-08 ||r(i)||/||b|| 5.273280010010e-05
428 KSP unpreconditioned resid norm 1.569442895050e-07 true resid norm 1.569442895050e-07 ||r(i)||/||b|| 8.715546032097e-05
429 KSP unpreconditioned resid norm 2.420939249183e-07 true resid norm 2.420939249183e-07 ||r(i)||/||b|| 1.344413838421e-04
430 KSP unpreconditioned resid norm 3.416641901939e-07 true resid norm 3.416641901939e-07 ||r(i)||/||b|| 1.897354778913e-04
431 KSP unpreconditioned resid norm 3.570022030403e-07 true resid norm 3.570022030403e-07 ||r(i)||/||b|| 1.982530963039e-04
432 KSP unpreconditioned resid norm 2.745515350280e-07 true resid norm 2.745515350280e-07 ||r(i)||/||b|| 1.524659832649e-04
433 KSP unpreconditioned resid norm 2.303695768439e-07 true resid norm 2.303695768439e-07 ||r(i)||/||b|| 1.279305324017e-04
434 KSP unpreconditioned resid norm 2.177497847930e-07 true resid norm 2.177497847930e-07 ||r(i)||/||b|| 1.209224164083e-04
435 KSP unpreconditioned resid norm 2.392849752713e-07 true resid norm 2.392849752713e-07 ||r(i)||/||b|| 1.328814972080e-04
436 KSP unpreconditioned resid norm 2.524014343009e-07 true resid norm 2.524014343009e-07 ||r(i)||/||b|| 1.401654259709e-04
437 KSP unpreconditioned resid norm 2.969054365518e-07 true resid norm 2.969054365518e-07 ||r(i)||/||b|| 1.648797167204e-04
438 KSP unpreconditioned resid norm 3.002317547601e-07 true resid norm 3.002317547601e-07 ||r(i)||/||b|| 1.667269122797e-04
439 KSP unpreconditioned resid norm 3.629853065094e-07 true resid norm 3.629853065094e-07 ||r(i)||/||b|| 2.015756774481e-04
440 KSP unpreconditioned resid norm 4.315485532986e-07 true resid norm 4.315485532986e-07 ||r(i)||/||b|| 2.396507253129e-04
441 KSP unpreconditioned resid norm 4.983144184819e-07 true resid norm 4.983144184819e-07 ||r(i)||/||b|| 2.767276379686e-04
442 KSP unpreconditioned resid norm 5.639522922212e-07 true resid norm 5.639522922212e-07 ||r(i)||/||b|| 3.131781460965e-04
443 KSP unpreconditioned resid norm 6.926343817448e-07 true resid norm 6.926343817448e-07 ||r(i)||/||b|| 3.846388330885e-04
444 KSP unpreconditioned resid norm 7.050754308723e-07 true resid norm 7.050754308723e-07 ||r(i)||/||b|| 3.915476882434e-04
445 KSP unpreconditioned resid norm 6.367042878075e-07 true resid norm 6.367042878075e-07 ||r(i)||/||b|| 3.535793208356e-04
446 KSP unpreconditioned resid norm 6.572269433806e-07 true resid norm 6.572269433806e-07 ||r(i)||/||b|| 3.649761132842e-04
447 KSP unpreconditioned resid norm 6.076136050073e-07 true resid norm 6.076136050073e-07 ||r(i)||/||b|| 3.374244683176e-04
448 KSP unpreconditioned resid norm 5.128664363949e-07 true resid norm 5.128664363949e-07 ||r(i)||/||b|| 2.848087718780e-04
449 KSP unpreconditioned resid norm 3.404651243947e-07 true resid norm 3.404651243947e-07 ||r(i)||/||b|| 1.890696038286e-04
450 KSP unpreconditioned resid norm 2.199591647760e-07 true resid norm 2.199591647760e-07 ||r(i)||/||b|| 1.221493455948e-04
451 KSP unpreconditioned resid norm 1.624704621920e-07 true resid norm 1.624704621920e-07 ||r(i)||/||b|| 9.022429529335e-05
452 KSP unpreconditioned resid norm 1.377423707254e-07 true resid norm 1.377423707254e-07 ||r(i)||/||b|| 7.649210916908e-05
453 KSP unpreconditioned resid norm 1.037051853385e-07 true resid norm 1.037051853385e-07 ||r(i)||/||b|| 5.759032835382e-05
454 KSP unpreconditioned resid norm 7.096678869607e-08 true resid norm 7.096678869607e-08 ||r(i)||/||b|| 3.940980048281e-05
455 KSP unpreconditioned resid norm 5.520782304101e-08 true resid norm 5.520782304101e-08 ||r(i)||/||b|| 3.065841545197e-05
456 KSP unpreconditioned resid norm 5.728999120427e-08 true resid norm 5.728999120427e-08 ||r(i)||/||b|| 3.181470043250e-05
457 KSP unpreconditioned resid norm 6.973705571845e-08 true resid norm 6.973705571845e-08 ||r(i)||/||b|| 3.872689609632e-05
458 KSP unpreconditioned resid norm 8.759417710928e-08 true resid norm 8.759417710928e-08 ||r(i)||/||b|| 4.864344444437e-05
459 KSP unpreconditioned resid norm 1.073669443728e-07 true resid norm 1.073669443728e-07 ||r(i)||/||b|| 5.962380338641e-05
460 KSP unpreconditioned resid norm 1.046905335853e-07 true resid norm 1.046905335853e-07 ||r(i)||/||b|| 5.813751920925e-05
461 KSP unpreconditioned resid norm 7.715536777167e-08 true resid norm 7.715536777167e-08 ||r(i)||/||b|| 4.284648785619e-05
462 KSP unpreconditioned resid norm 4.405252656769e-08 true resid norm 4.405252656769e-08 ||r(i)||/||b|| 2.446357394346e-05
463 KSP unpreconditioned resid norm 3.039429390478e-08 true resid norm 3.039429390478e-08 ||r(i)||/||b|| 1.687878345085e-05
464 KSP unpreconditioned resid norm 3.436592993172e-08 true resid norm 3.436592993172e-08 ||r(i)||/||b|| 1.908434166037e-05
465 KSP unpreconditioned resid norm 3.566035304435e-08 true resid norm 3.566035304435e-08 ||r(i)||/||b|| 1.980317024972e-05
466 KSP unpreconditioned resid norm 3.530669399762e-08 true resid norm 3.530669399762e-08 ||r(i)||/||b|| 1.960677369963e-05
467 KSP unpreconditioned resid norm 2.974653149107e-08 true resid norm 2.974653149107e-08 ||r(i)||/||b|| 1.651906324998e-05
468 KSP unpreconditioned resid norm 2.275536457766e-08 true resid norm 2.275536457766e-08 ||r(i)||/||b|| 1.263667687937e-05
469 KSP unpreconditioned resid norm 1.688681171406e-08 true resid norm 1.688681171406e-08 ||r(i)||/||b|| 9.377708822250e-06
470 KSP unpreconditioned resid norm 1.287987082684e-08 true resid norm 1.287987082684e-08 ||r(i)||/||b|| 7.152544857339e-06
471 KSP unpreconditioned resid norm 1.206853496492e-08 true resid norm 1.206853496492e-08 ||r(i)||/||b|| 6.701987842852e-06
472 KSP unpreconditioned resid norm 1.495838484592e-08 true resid norm 1.495838484592e-08 ||r(i)||/||b|| 8.306800591577e-06
473 KSP unpreconditioned resid norm 2.072717798135e-08 true resid norm 2.072717798135e-08 ||r(i)||/||b|| 1.151036934072e-05
474 KSP unpreconditioned resid norm 2.896082814078e-08 true resid norm 2.896082814078e-08 ||r(i)||/||b|| 1.608274067090e-05
475 KSP unpreconditioned resid norm 2.968182149059e-08 true resid norm 2.968182149059e-08 ||r(i)||/||b|| 1.648312801527e-05
476 KSP unpreconditioned resid norm 2.546195876544e-08 true resid norm 2.546195876544e-08 ||r(i)||/||b|| 1.413972272502e-05
477 KSP unpreconditioned resid norm 2.071833094015e-08 true resid norm 2.071833094015e-08 ||r(i)||/||b|| 1.150545633656e-05
478 KSP unpreconditioned resid norm 1.803838591373e-08 true resid norm 1.803838591373e-08 ||r(i)||/||b|| 1.001720949974e-05
479 KSP unpreconditioned resid norm 1.680777619616e-08 true resid norm 1.680777619616e-08 ||r(i)||/||b|| 9.333818235558e-06
480 KSP unpreconditioned resid norm 1.543013778895e-08 true resid norm 1.543013778895e-08 ||r(i)||/||b|| 8.568777915103e-06
481 KSP unpreconditioned resid norm 1.425942633082e-08 true resid norm 1.425942633082e-08 ||r(i)||/||b|| 7.918649794113e-06
482 KSP unpreconditioned resid norm 1.175967190447e-08 true resid norm 1.175967190447e-08 ||r(i)||/||b|| 6.530467730239e-06
483 KSP unpreconditioned resid norm 8.732255403673e-09 true resid norm 8.732255403673e-09 ||r(i)||/||b|| 4.849260471648e-06
484 KSP unpreconditioned resid norm 7.074470639406e-09 true resid norm 7.074470639406e-09 ||r(i)||/||b|| 3.928647210098e-06
485 KSP unpreconditioned resid norm 7.002750413989e-09 true resid norm 7.002750413989e-09 ||r(i)||/||b|| 3.888819005579e-06
486 KSP unpreconditioned resid norm 6.353961663117e-09 true resid norm 6.353961663117e-09 ||r(i)||/||b|| 3.528528851591e-06
487 KSP unpreconditioned resid norm 6.104589548637e-09 true resid norm 6.104589548637e-09 ||r(i)||/||b|| 3.390045689844e-06
488 KSP unpreconditioned resid norm 5.363967136908e-09 true resid norm 5.363967136908e-09 ||r(i)||/||b|| 2.978757790031e-06
489 KSP unpreconditioned resid norm 4.545324008125e-09 true resid norm 4.545324008125e-09 ||r(i)||/||b|| 2.524142850215e-06
490 KSP unpreconditioned resid norm 3.558154296980e-09 true resid norm 3.558154296980e-09 ||r(i)||/||b|| 1.975940485790e-06
491 KSP unpreconditioned resid norm 2.253667161399e-09 true resid norm 2.253667161399e-09 ||r(i)||/||b|| 1.251523068992e-06
492 KSP unpreconditioned resid norm 1.171661866934e-09 true resid norm 1.171661866934e-09 ||r(i)||/||b|| 6.506559090185e-07
493 KSP unpreconditioned resid norm 8.600317814249e-10 true resid norm 8.600317814249e-10 ||r(i)||/||b|| 4.775991916442e-07
494 KSP unpreconditioned resid norm 6.408933474777e-10 true resid norm 6.408933474777e-10 ||r(i)||/||b|| 3.559056203462e-07
495 KSP unpreconditioned resid norm 6.401069310679e-10 true resid norm 6.401069310679e-10 ||r(i)||/||b|| 3.554689017856e-07
496 KSP unpreconditioned resid norm 6.929376729479e-10 true resid norm 6.929376729479e-10 ||r(i)||/||b|| 3.848072589962e-07
497 KSP unpreconditioned resid norm 8.226111549817e-10 true resid norm 8.226111549817e-10 ||r(i)||/||b|| 4.568184933885e-07
498 KSP unpreconditioned resid norm 8.113479477483e-10 true resid norm 8.113479477483e-10 ||r(i)||/||b|| 4.505637260809e-07
499 KSP unpreconditioned resid norm 7.157216856470e-10 true resid norm 7.157216856470e-10 ||r(i)||/||b|| 3.974598449617e-07
500 KSP unpreconditioned resid norm 7.587972738680e-10 true resid norm 7.587972738680e-10 ||r(i)||/||b|| 4.213808982975e-07
501 KSP unpreconditioned resid norm 8.862183211253e-10 true resid norm 8.862183211253e-10 ||r(i)||/||b|| 4.921412939979e-07
502 KSP unpreconditioned resid norm 8.644106001606e-10 true resid norm 8.644106001606e-10 ||r(i)||/||b|| 4.800308695585e-07
503 KSP unpreconditioned resid norm 6.012547068221e-10 true resid norm 6.012547068221e-10 ||r(i)||/||b|| 3.338931980801e-07
504 KSP unpreconditioned resid norm 4.332386803999e-10 true resid norm 4.332386803999e-10 ||r(i)||/||b|| 2.405892991596e-07
505 KSP unpreconditioned resid norm 4.727033576829e-10 true resid norm 4.727033576829e-10 ||r(i)||/||b|| 2.625051148026e-07
506 KSP unpreconditioned resid norm 6.556293897432e-10 true resid norm 6.556293897432e-10 ||r(i)||/||b|| 3.640889480163e-07
507 KSP unpreconditioned resid norm 9.571068186286e-10 true resid norm 9.571068186286e-10 ||r(i)||/||b|| 5.315076172381e-07
508 KSP unpreconditioned resid norm 1.112730298114e-09 true resid norm 1.112730298114e-09 ||r(i)||/||b|| 6.179295955981e-07
509 KSP unpreconditioned resid norm 1.105088850629e-09 true resid norm 1.105088850629e-09 ||r(i)||/||b|| 6.136860906246e-07
510 KSP unpreconditioned resid norm 1.201080059665e-09 true resid norm 1.201080059665e-09 ||r(i)||/||b|| 6.669926367670e-07
511 KSP unpreconditioned resid norm 1.442269797435e-09 true resid norm 1.442269797435e-09 ||r(i)||/||b|| 8.009319007335e-07
512 KSP unpreconditioned resid norm 1.371257244742e-09 true resid norm 1.371257244742e-09 ||r(i)||/||b|| 7.614966862502e-07
513 KSP unpreconditioned resid norm 1.085865516832e-09 true resid norm 1.085865516832e-09 ||r(i)||/||b|| 6.030108471273e-07
514 KSP unpreconditioned resid norm 8.458992840374e-10 true resid norm 8.458992840374e-10 ||r(i)||/||b|| 4.697510289670e-07
515 KSP unpreconditioned resid norm 6.325248524936e-10 true resid norm 6.325248524936e-10 ||r(i)||/||b|| 3.512583659936e-07
516 KSP unpreconditioned resid norm 4.847859169977e-10 true resid norm 4.847859169977e-10 ||r(i)||/||b|| 2.692148907509e-07
517 KSP unpreconditioned resid norm 4.505351239096e-10 true resid norm 4.505351239096e-10 ||r(i)||/||b|| 2.501944877317e-07
518 KSP unpreconditioned resid norm 6.423048640886e-10 true resid norm 6.423048640886e-10 ||r(i)||/||b|| 3.566894741606e-07
519 KSP unpreconditioned resid norm 7.990617616816e-10 true resid norm 7.990617616816e-10 ||r(i)||/||b|| 4.437408706230e-07
520 KSP unpreconditioned resid norm 9.154209623536e-10 true resid norm 9.154209623536e-10 ||r(i)||/||b|| 5.083583200959e-07
521 KSP unpreconditioned resid norm 9.734364489059e-10 true resid norm 9.734364489059e-10 ||r(i)||/||b|| 5.405759079556e-07
522 KSP unpreconditioned resid norm 9.102226133729e-10 true resid norm 9.102226133729e-10 ||r(i)||/||b|| 5.054715346018e-07
523 KSP unpreconditioned resid norm 9.140668333463e-10 true resid norm 9.140668333463e-10 ||r(i)||/||b|| 5.076063351888e-07
524 KSP unpreconditioned resid norm 9.912265935218e-10 true resid norm 9.912265935218e-10 ||r(i)||/||b|| 5.504552622671e-07
525 KSP unpreconditioned resid norm 1.129254639950e-09 true resid norm 1.129254639950e-09 ||r(i)||/||b|| 6.271060149741e-07
526 KSP unpreconditioned resid norm 1.208113518038e-09 true resid norm 1.208113518038e-09 ||r(i)||/||b|| 6.708985087426e-07
527 KSP unpreconditioned resid norm 1.120385683978e-09 true resid norm 1.120385683978e-09 ||r(i)||/||b|| 6.221808409347e-07
528 KSP unpreconditioned resid norm 8.862473152658e-10 true resid norm 8.862473152658e-10 ||r(i)||/||b|| 4.921573952378e-07
529 KSP unpreconditioned resid norm 6.660362201540e-10 true resid norm 6.660362201540e-10 ||r(i)||/||b|| 3.698681458310e-07
530 KSP unpreconditioned resid norm 6.197557738495e-10 true resid norm 6.197557738495e-10 ||r(i)||/||b|| 3.441673470682e-07
531 KSP unpreconditioned resid norm 6.369914320650e-10 true resid norm 6.369914320650e-10 ||r(i)||/||b|| 3.537387799024e-07
532 KSP unpreconditioned resid norm 5.507474717728e-10 true resid norm 5.507474717728e-10 ||r(i)||/||b|| 3.058451478188e-07
533 KSP unpreconditioned resid norm 4.527338450591e-10 true resid norm 4.527338450591e-10 ||r(i)||/||b|| 2.514154977761e-07
534 KSP unpreconditioned resid norm 3.066588269323e-10 true resid norm 3.066588269323e-10 ||r(i)||/||b|| 1.702960413984e-07
535 KSP unpreconditioned resid norm 1.839901688220e-10 true resid norm 1.839901688220e-10 ||r(i)||/||b|| 1.021747774882e-07
536 KSP unpreconditioned resid norm 1.158939170833e-10 true resid norm 1.158939170833e-10 ||r(i)||/||b|| 6.435906475895e-08
537 KSP unpreconditioned resid norm 8.376745949457e-11 true resid norm 8.376745949457e-11 ||r(i)||/||b|| 4.651836339630e-08
538 KSP unpreconditioned resid norm 9.286129646345e-11 true resid norm 9.286129646345e-11 ||r(i)||/||b|| 5.156842000943e-08
539 KSP unpreconditioned resid norm 1.020930298520e-10 true resid norm 1.020930298520e-10 ||r(i)||/||b|| 5.669505427933e-08
540 KSP unpreconditioned resid norm 9.539799786664e-11 true resid norm 9.539799786664e-11 ||r(i)||/||b|| 5.297711974097e-08
541 KSP unpreconditioned resid norm 7.701575737635e-11 true resid norm 7.701575737635e-11 ||r(i)||/||b|| 4.276895838183e-08
542 KSP unpreconditioned resid norm 6.223292601739e-11 true resid norm 6.223292601739e-11 ||r(i)||/||b|| 3.455964744735e-08
543 KSP unpreconditioned resid norm 5.517298408443e-11 true resid norm 5.517298408443e-11 ||r(i)||/||b|| 3.063906842566e-08
544 KSP unpreconditioned resid norm 4.748647460245e-11 true resid norm 4.748647460245e-11 ||r(i)||/||b|| 2.637053929168e-08
545 KSP unpreconditioned resid norm 4.769983525559e-11 true resid norm 4.769983525559e-11 ||r(i)||/||b|| 2.648902430313e-08
546 KSP unpreconditioned resid norm 4.297851965492e-11 true resid norm 4.297851965492e-11 ||r(i)||/||b|| 2.386714850380e-08
547 KSP unpreconditioned resid norm 4.634869332843e-11 true resid norm 4.634869332843e-11 ||r(i)||/||b|| 2.573869820339e-08
548 KSP unpreconditioned resid norm 5.424301919324e-11 true resid norm 5.424301919324e-11 ||r(i)||/||b|| 3.012263346375e-08
549 KSP unpreconditioned resid norm 6.531514812336e-11 true resid norm 6.531514812336e-11 ||r(i)||/||b|| 3.627128975880e-08
550 KSP unpreconditioned resid norm 6.718887949738e-11 true resid norm 6.718887949738e-11 ||r(i)||/||b|| 3.731182408429e-08
551 KSP unpreconditioned resid norm 7.297427335408e-11 true resid norm 7.297427335408e-11 ||r(i)||/||b|| 4.052461166841e-08
552 KSP unpreconditioned resid norm 7.905763834522e-11 true resid norm 7.905763834522e-11 ||r(i)||/||b|| 4.390287078045e-08
553 KSP unpreconditioned resid norm 8.446848770483e-11 true resid norm 8.446848770483e-11 ||r(i)||/||b|| 4.690766355215e-08
554 KSP unpreconditioned resid norm 9.947195209411e-11 true resid norm 9.947195209411e-11 ||r(i)||/||b|| 5.523949804821e-08
555 KSP unpreconditioned resid norm 1.362014755999e-10 true resid norm 1.362014755999e-10 ||r(i)||/||b|| 7.563640792375e-08
556 KSP unpreconditioned resid norm 1.507716796345e-10 true resid norm 1.507716796345e-10 ||r(i)||/||b|| 8.372764108435e-08
557 KSP unpreconditioned resid norm 1.663875266295e-10 true resid norm 1.663875266295e-10 ||r(i)||/||b|| 9.239954840536e-08
558 KSP unpreconditioned resid norm 1.666297783066e-10 true resid norm 1.666297783066e-10 ||r(i)||/||b|| 9.253407739333e-08
559 KSP unpreconditioned resid norm 1.523699805212e-10 true resid norm 1.523699805212e-10 ||r(i)||/||b|| 8.461522132030e-08
560 KSP unpreconditioned resid norm 1.387603901015e-10 true resid norm 1.387603901015e-10 ||r(i)||/||b|| 7.705744319693e-08
561 KSP unpreconditioned resid norm 1.496895023899e-10 true resid norm 1.496895023899e-10 ||r(i)||/||b|| 8.312667843577e-08
562 KSP unpreconditioned resid norm 1.782101578400e-10 true resid norm 1.782101578400e-10 ||r(i)||/||b|| 9.896497916178e-08
563 KSP unpreconditioned resid norm 2.045663561633e-10 true resid norm 2.045663561633e-10 ||r(i)||/||b|| 1.136012975931e-07
564 KSP unpreconditioned resid norm 2.261822995373e-10 true resid norm 2.261822995373e-10 ||r(i)||/||b|| 1.256052226864e-07
565 KSP unpreconditioned resid norm 2.704852222924e-10 true resid norm 2.704852222924e-10 ||r(i)||/||b|| 1.502078484873e-07
566 KSP unpreconditioned resid norm 3.132502480118e-10 true resid norm 3.132502480118e-10 ||r(i)||/||b|| 1.739564379643e-07
567 KSP unpreconditioned resid norm 2.933305238640e-10 true resid norm 2.933305238640e-10 ||r(i)||/||b|| 1.628944698415e-07
568 KSP unpreconditioned resid norm 2.158645552856e-10 true resid norm 2.158645552856e-10 ||r(i)||/||b|| 1.198754968546e-07
569 KSP unpreconditioned resid norm 1.667258857458e-10 true resid norm 1.667258857458e-10 ||r(i)||/||b|| 9.258744848527e-08
570 KSP unpreconditioned resid norm 1.516243413826e-10 true resid norm 1.516243413826e-10 ||r(i)||/||b|| 8.420114749475e-08
571 KSP unpreconditioned resid norm 1.166259073577e-10 true resid norm 1.166259073577e-10 ||r(i)||/||b|| 6.476555899657e-08
572 KSP unpreconditioned resid norm 8.439966031319e-11 true resid norm 8.439966031319e-11 ||r(i)||/||b|| 4.686944181742e-08
573 KSP unpreconditioned resid norm 7.367196850362e-11 true resid norm 7.367196850362e-11 ||r(i)||/||b|| 4.091206088439e-08
574 KSP unpreconditioned resid norm 7.477260187126e-11 true resid norm 7.477260187126e-11 ||r(i)||/||b|| 4.152327272334e-08
575 KSP unpreconditioned resid norm 9.012819585535e-11 true resid norm 9.012819585535e-11 ||r(i)||/||b|| 5.005065442297e-08
576 KSP unpreconditioned resid norm 1.147997908608e-10 true resid norm 1.147997908608e-10 ||r(i)||/||b|| 6.375146651580e-08
577 KSP unpreconditioned resid norm 1.623183110551e-10 true resid norm 1.623183110551e-10 ||r(i)||/||b|| 9.013980160189e-08
578 KSP unpreconditioned resid norm 1.719979192394e-10 true resid norm 1.719979192394e-10 ||r(i)||/||b|| 9.551515300646e-08
579 KSP unpreconditioned resid norm 1.599705578919e-10 true resid norm 1.599705578919e-10 ||r(i)||/||b|| 8.883603000048e-08
580 KSP unpreconditioned resid norm 1.755395265664e-10 true resid norm 1.755395265664e-10 ||r(i)||/||b|| 9.748190450686e-08
581 KSP unpreconditioned resid norm 1.917561173475e-10 true resid norm 1.917561173475e-10 ||r(i)||/||b|| 1.064874212977e-07
582 KSP unpreconditioned resid norm 1.720057326562e-10 true resid norm 1.720057326562e-10 ||r(i)||/||b|| 9.551949201070e-08
583 KSP unpreconditioned resid norm 1.473921220742e-10 true resid norm 1.473921220742e-10 ||r(i)||/||b|| 8.185088025553e-08
584 KSP unpreconditioned resid norm 1.731615828005e-10 true resid norm 1.731615828005e-10 ||r(i)||/||b|| 9.616136723732e-08
585 KSP unpreconditioned resid norm 1.858156857353e-10 true resid norm 1.858156857353e-10 ||r(i)||/||b|| 1.031885370038e-07
586 KSP unpreconditioned resid norm 1.372138043923e-10 true resid norm 1.372138043923e-10 ||r(i)||/||b|| 7.619858181472e-08
587 KSP unpreconditioned resid norm 8.310151506291e-11 true resid norm 8.310151506291e-11 ||r(i)||/||b|| 4.614854622314e-08
588 KSP unpreconditioned resid norm 7.936143785185e-11 true resid norm 7.936143785185e-11 ||r(i)||/||b|| 4.407157896301e-08
589 KSP unpreconditioned resid norm 1.038641201503e-10 true resid norm 1.038641201503e-10 ||r(i)||/||b|| 5.767858920569e-08
590 KSP unpreconditioned resid norm 1.461990645348e-10 true resid norm 1.461990645348e-10 ||r(i)||/||b|| 8.118834274386e-08
591 KSP unpreconditioned resid norm 1.911947207758e-10 true resid norm 1.911947207758e-10 ||r(i)||/||b|| 1.061756624132e-07
592 KSP unpreconditioned resid norm 2.213712259713e-10 true resid norm 2.213712259713e-10 ||r(i)||/||b|| 1.229335018318e-07
593 KSP unpreconditioned resid norm 1.826862411517e-10 true resid norm 1.826862411517e-10 ||r(i)||/||b|| 1.014506707578e-07
594 KSP unpreconditioned resid norm 1.094314619906e-10 true resid norm 1.094314619906e-10 ||r(i)||/||b|| 6.077028653589e-08
595 KSP unpreconditioned resid norm 6.575185366305e-11 true resid norm 6.575185366305e-11 ||r(i)||/||b|| 3.651380429983e-08
596 KSP unpreconditioned resid norm 4.536386801385e-11 true resid norm 4.536386801385e-11 ||r(i)||/||b|| 2.519179774656e-08
597 KSP unpreconditioned resid norm 3.119771113385e-11 true resid norm 3.119771113385e-11 ||r(i)||/||b|| 1.732494303175e-08
598 KSP unpreconditioned resid norm 2.108572206528e-11 true resid norm 2.108572206528e-11 ||r(i)||/||b|| 1.170947868569e-08
599 KSP unpreconditioned resid norm 1.810510863055e-11 true resid norm 1.810510863055e-11 ||r(i)||/||b|| 1.005426245092e-08
600 KSP unpreconditioned resid norm 2.319946854205e-11 true resid norm 2.319946854205e-11 ||r(i)||/||b|| 1.288329996817e-08
601 KSP unpreconditioned resid norm 4.068389036808e-11 true resid norm 4.068389036808e-11 ||r(i)||/||b|| 2.259287804521e-08
602 KSP unpreconditioned resid norm 5.866259961247e-11 true resid norm 5.866259961247e-11 ||r(i)||/||b|| 3.257694745681e-08
603 KSP unpreconditioned resid norm 7.342195884486e-11 true resid norm 7.342195884486e-11 ||r(i)||/||b|| 4.077322367685e-08
604 KSP unpreconditioned resid norm 8.756873132639e-11 true resid norm 8.756873132639e-11 ||r(i)||/||b|| 4.862931370455e-08
605 KSP unpreconditioned resid norm 9.882462282210e-11 true resid norm 9.882462282210e-11 ||r(i)||/||b|| 5.488001838278e-08
606 KSP unpreconditioned resid norm 9.643289323589e-11 true resid norm 9.643289323589e-11 ||r(i)||/||b|| 5.355182546983e-08
607 KSP unpreconditioned resid norm 9.133228048029e-11 true resid norm 9.133228048029e-11 ||r(i)||/||b|| 5.071931557708e-08
608 KSP unpreconditioned resid norm 1.071256158840e-10 true resid norm 1.071256158840e-10 ||r(i)||/||b|| 5.948978707024e-08
609 KSP unpreconditioned resid norm 1.290408286147e-10 true resid norm 1.290408286147e-10 ||r(i)||/||b|| 7.165990462976e-08
610 KSP unpreconditioned resid norm 1.456787078259e-10 true resid norm 1.456787078259e-10 ||r(i)||/||b|| 8.089937441863e-08
611 KSP unpreconditioned resid norm 1.430197847788e-10 true resid norm 1.430197847788e-10 ||r(i)||/||b|| 7.942280166239e-08
612 KSP unpreconditioned resid norm 1.166291264192e-10 true resid norm 1.166291264192e-10 ||r(i)||/||b|| 6.476734662955e-08
613 KSP unpreconditioned resid norm 9.595741662372e-11 true resid norm 9.595741662372e-11 ||r(i)||/||b|| 5.328778029089e-08
614 KSP unpreconditioned resid norm 9.198543754605e-11 true resid norm 9.198543754605e-11 ||r(i)||/||b|| 5.108203157591e-08
615 KSP unpreconditioned resid norm 9.008490552364e-11 true resid norm 9.008490552364e-11 ||r(i)||/||b|| 5.002661411669e-08
616 KSP unpreconditioned resid norm 8.184649035987e-11 true resid norm 8.184649035987e-11 ||r(i)||/||b|| 4.545159664917e-08
617 KSP unpreconditioned resid norm 6.320502576971e-11 true resid norm 6.320502576971e-11 ||r(i)||/||b|| 3.509948105110e-08
618 KSP unpreconditioned resid norm 5.050974235166e-11 true resid norm 5.050974235166e-11 ||r(i)||/||b|| 2.804944263495e-08
619 KSP unpreconditioned resid norm 4.601561005134e-11 true resid norm 4.601561005134e-11 ||r(i)||/||b|| 2.555372794145e-08
620 KSP unpreconditioned resid norm 4.361603477891e-11 true resid norm 4.361603477891e-11 ||r(i)||/||b|| 2.422117810416e-08
621 KSP unpreconditioned resid norm 4.718361064086e-11 true resid norm 4.718361064086e-11 ||r(i)||/||b|| 2.620235064290e-08
622 KSP unpreconditioned resid norm 5.205183797245e-11 true resid norm 5.205183797245e-11 ||r(i)||/||b|| 2.890581054813e-08
623 KSP unpreconditioned resid norm 4.460311699702e-11 true resid norm 4.460311699702e-11 ||r(i)||/||b|| 2.476933188131e-08
624 KSP unpreconditioned resid norm 3.692803462863e-11 true resid norm 3.692803462863e-11 ||r(i)||/||b|| 2.050714853632e-08
625 KSP unpreconditioned resid norm 3.757994847442e-11 true resid norm 3.757994847442e-11 ||r(i)||/||b|| 2.086917414107e-08
626 KSP unpreconditioned resid norm 3.894701701468e-11 true resid norm 3.894701701468e-11 ||r(i)||/||b|| 2.162834472506e-08
627 KSP unpreconditioned resid norm 2.911835811791e-11 true resid norm 2.911835811791e-11 ||r(i)||/||b|| 1.617022137959e-08
628 KSP unpreconditioned resid norm 2.570741225498e-11 true resid norm 2.570741225498e-11 ||r(i)||/||b|| 1.427602976706e-08
629 KSP unpreconditioned resid norm 2.427659682431e-11 true resid norm 2.427659682431e-11 ||r(i)||/||b|| 1.348145878976e-08
630 KSP unpreconditioned resid norm 2.751184456017e-11 true resid norm 2.751184456017e-11 ||r(i)||/||b|| 1.527808042257e-08
631 KSP unpreconditioned resid norm 2.734326206789e-11 true resid norm 2.734326206789e-11 ||r(i)||/||b|| 1.518446194965e-08
632 KSP unpreconditioned resid norm 2.274604661455e-11 true resid norm 2.274604661455e-11 ||r(i)||/||b|| 1.263150235938e-08
633 KSP unpreconditioned resid norm 1.789031668978e-11 true resid norm 1.789031668978e-11 ||r(i)||/||b|| 9.934982606273e-09
>>>> ksp solve time: 0.0374401 (s)
            || b ||_2 = 1.8007396085912906e-03
|| r ||_2 / || b ||_2 = 9.9479714860554918e-09
======== test original solution ========
            || b ||_2 = 2.6501139470351749e+00
|| r ||_2 / || b ||_2 = 6.8976062511800230e-09
WARNING! There are options you set that were not used!
WARNING! could be spelling mistake, etc!
There are 3 unused database options. They are:
Option left: name:-file_mat value: ../input/linsys/petsc-bin-mat-refine0 source: command line
Option left: name:-file_rhs value: ../input/linsys/petsc-bin-rhs-refine0 source: command line
Option left: name:-flag_diag_scal value: 1 source: command line
