Config file: ../input/config/mla_v_cycle-refine2.json
order_rbm = 1
==== basic information of linear system ====
matrix Row = 19158, matrix Column = 19158
matrix nz_allocated = 387515, matrix nz_used = 387515, matrix nz_unneeded = 0
vector Row = 19158
  0 KSP unpreconditioned resid norm 7.204273425169e-01 true resid norm 7.204273425169e-01 ||r(i)||/||b|| 1.000000000000e+00
  1 KSP unpreconditioned resid norm 5.622930563218e+00 true resid norm 5.622930563218e+00 ||r(i)||/||b|| 7.804993274650e+00
  2 KSP unpreconditioned resid norm 1.239150643114e+01 true resid norm 1.239150643114e+01 ||r(i)||/||b|| 1.720021673226e+01
  3 KSP unpreconditioned resid norm 1.010541701309e+01 true resid norm 1.010541701309e+01 ||r(i)||/||b|| 1.402697595817e+01
  4 KSP unpreconditioned resid norm 1.075830493184e+01 true resid norm 1.075830493184e+01 ||r(i)||/||b|| 1.493322684596e+01
  5 KSP unpreconditioned resid norm 1.222302286353e+01 true resid norm 1.222302286353e+01 ||r(i)||/||b|| 1.696635058412e+01
  6 KSP unpreconditioned resid norm 1.177891710234e+01 true resid norm 1.177891710234e+01 ||r(i)||/||b|| 1.634990290789e+01
  7 KSP unpreconditioned resid norm 1.298836794900e+01 true resid norm 1.298836794900e+01 ||r(i)||/||b|| 1.802869933229e+01
  8 KSP unpreconditioned resid norm 1.365887664214e+01 true resid norm 1.365887664214e+01 ||r(i)||/||b|| 1.895940900081e+01
  9 KSP unpreconditioned resid norm 1.480090987560e+01 true resid norm 1.480090987560e+01 ||r(i)||/||b|| 2.054462539399e+01
 10 KSP unpreconditioned resid norm 1.307669632711e+01 true resid norm 1.307669632711e+01 ||r(i)||/||b|| 1.815130486501e+01
 11 KSP unpreconditioned resid norm 1.331249169503e+01 true resid norm 1.331249169503e+01 ||r(i)||/||b|| 1.847860416918e+01
 12 KSP unpreconditioned resid norm 1.617789302643e+01 true resid norm 1.617789302643e+01 ||r(i)||/||b|| 2.245596755102e+01
 13 KSP unpreconditioned resid norm 1.361766107187e+01 true resid norm 1.361766107187e+01 ||r(i)||/||b|| 1.890219910906e+01
 14 KSP unpreconditioned resid norm 1.465159728439e+01 true resid norm 1.465159728439e+01 ||r(i)||/||b|| 2.033736980776e+01
 15 KSP unpreconditioned resid norm 1.437139284448e+01 true resid norm 1.437139284448e+01 ||r(i)||/||b|| 1.994842782379e+01
 16 KSP unpreconditioned resid norm 1.513919735865e+01 true resid norm 1.513919735865e+01 ||r(i)||/||b|| 2.101419041893e+01
 17 KSP unpreconditioned resid norm 1.600751495045e+01 true resid norm 1.600751495045e+01 ||r(i)||/||b|| 2.221947170207e+01
 18 KSP unpreconditioned resid norm 1.536559721299e+01 true resid norm 1.536559721299e+01 ||r(i)||/||b|| 2.132844813928e+01
 19 KSP unpreconditioned resid norm 1.539885696291e+01 true resid norm 1.539885696291e+01 ||r(i)||/||b|| 2.137461483501e+01
 20 KSP unpreconditioned resid norm 1.628783138963e+01 true resid norm 1.628783138963e+01 ||r(i)||/||b|| 2.260856914832e+01
 21 KSP unpreconditioned resid norm 1.654076073049e+01 true resid norm 1.654076073049e+01 ||r(i)||/||b|| 2.295965152114e+01
 22 KSP unpreconditioned resid norm 1.435899683004e+01 true resid norm 1.435899683004e+01 ||r(i)||/||b|| 1.993122134964e+01
 23 KSP unpreconditioned resid norm 1.558066112245e+01 true resid norm 1.558066112245e+01 ||r(i)||/||b|| 2.162697083097e+01
 24 KSP unpreconditioned resid norm 1.571286202348e+01 true resid norm 1.571286202348e+01 ||r(i)||/||b|| 2.181047427848e+01
 25 KSP unpreconditioned resid norm 1.674662429463e+01 true resid norm 1.674662429463e+01 ||r(i)||/||b|| 2.324540353524e+01
 26 KSP unpreconditioned resid norm 1.652338650220e+01 true resid norm 1.652338650220e+01 ||r(i)||/||b|| 2.293553496245e+01
 27 KSP unpreconditioned resid norm 1.587680442386e+01 true resid norm 1.587680442386e+01 ||r(i)||/||b|| 2.203803699120e+01
 28 KSP unpreconditioned resid norm 1.730518529025e+01 true resid norm 1.730518529025e+01 ||r(i)||/||b|| 2.402072251976e+01
 29 KSP unpreconditioned resid norm 1.709877745365e+01 true resid norm 1.709877745365e+01 ||r(i)||/||b|| 2.373421502009e+01
 30 KSP unpreconditioned resid norm 1.675116351292e+01 true resid norm 1.675116351292e+01 ||r(i)||/||b|| 2.325170426542e+01
 31 KSP unpreconditioned resid norm 1.661851015562e+01 true resid norm 1.661851015562e+01 ||r(i)||/||b|| 2.306757277918e+01
 32 KSP unpreconditioned resid norm 1.665939573577e+01 true resid norm 1.665939573577e+01 ||r(i)||/||b|| 2.312432462317e+01
 33 KSP unpreconditioned resid norm 1.673054214967e+01 true resid norm 1.673054214967e+01 ||r(i)||/||b|| 2.322308047224e+01
 34 KSP unpreconditioned resid norm 1.690729183408e+01 true resid norm 1.690729183408e+01 ||r(i)||/||b|| 2.346842052803e+01
 35 KSP unpreconditioned resid norm 1.611993579535e+01 true resid norm 1.611993579535e+01 ||r(i)||/||b|| 2.237551914540e+01
 36 KSP unpreconditioned resid norm 1.685001127321e+01 true resid norm 1.685001127321e+01 ||r(i)||/||b|| 2.338891138465e+01
 37 KSP unpreconditioned resid norm 1.728366396721e+01 true resid norm 1.728366396721e+01 ||r(i)||/||b|| 2.399084952388e+01
 38 KSP unpreconditioned resid norm 1.748077744489e+01 true resid norm 1.748077744489e+01 ||r(i)||/||b|| 2.426445584897e+01
 39 KSP unpreconditioned resid norm 1.707328772053e+01 true resid norm 1.707328772053e+01 ||r(i)||/||b|| 2.369883361296e+01
 40 KSP unpreconditioned resid norm 1.730619931835e+01 true resid norm 1.730619931835e+01 ||r(i)||/||b|| 2.402213005671e+01
 41 KSP unpreconditioned resid norm 1.768106063601e+01 true resid norm 1.768106063601e+01 ||r(i)||/||b|| 2.454246194243e+01
 42 KSP unpreconditioned resid norm 1.774698554904e+01 true resid norm 1.774698554904e+01 ||r(i)||/||b|| 2.463397000874e+01
 43 KSP unpreconditioned resid norm 1.696235059683e+01 true resid norm 1.696235059683e+01 ||r(i)||/||b|| 2.354484567114e+01
 44 KSP unpreconditioned resid norm 1.730606471769e+01 true resid norm 1.730606471769e+01 ||r(i)||/||b|| 2.402194322223e+01
 45 KSP unpreconditioned resid norm 1.736698478474e+01 true resid norm 1.736698478474e+01 ||r(i)||/||b|| 2.410650423687e+01
 46 KSP unpreconditioned resid norm 1.762288787970e+01 true resid norm 1.762288787970e+01 ||r(i)||/||b|| 2.446171437376e+01
 47 KSP unpreconditioned resid norm 1.704602077209e+01 true resid norm 1.704602077209e+01 ||r(i)||/||b|| 2.366098531538e+01
 48 KSP unpreconditioned resid norm 1.812562930973e+01 true resid norm 1.812562930973e+01 ||r(i)||/||b|| 2.515955217136e+01
 49 KSP unpreconditioned resid norm 1.763847426727e+01 true resid norm 1.763847426727e+01 ||r(i)||/||b|| 2.448334929328e+01
 50 KSP unpreconditioned resid norm 1.757905349891e+01 true resid norm 1.757905349891e+01 ||r(i)||/||b|| 2.440086940272e+01
 51 KSP unpreconditioned resid norm 1.782593958422e+01 true resid norm 1.782593958422e+01 ||r(i)||/||b|| 2.474356334386e+01
 52 KSP unpreconditioned resid norm 1.757882599700e+01 true resid norm 1.757882599700e+01 ||r(i)||/||b|| 2.440055361529e+01
 53 KSP unpreconditioned resid norm 1.718028638640e+01 true resid norm 1.718028638640e+01 ||r(i)||/||b|| 2.384735471919e+01
 54 KSP unpreconditioned resid norm 1.768775293512e+01 true resid norm 1.768775293512e+01 ||r(i)||/||b|| 2.455175128879e+01
 55 KSP unpreconditioned resid norm 1.778417593955e+01 true resid norm 1.778417593955e+01 ||r(i)||/||b|| 2.468559268922e+01
 56 KSP unpreconditioned resid norm 1.779020329805e+01 true resid norm 1.779020329805e+01 ||r(i)||/||b|| 2.469395905478e+01
 57 KSP unpreconditioned resid norm 1.862543775086e+01 true resid norm 1.862543775086e+01 ||r(i)||/||b|| 2.585331878963e+01
 58 KSP unpreconditioned resid norm 1.837334361730e+01 true resid norm 1.837334361730e+01 ||r(i)||/||b|| 2.550339573885e+01
 59 KSP unpreconditioned resid norm 1.766843327860e+01 true resid norm 1.766843327860e+01 ||r(i)||/||b|| 2.452493434920e+01
 60 KSP unpreconditioned resid norm 1.754507535785e+01 true resid norm 1.754507535785e+01 ||r(i)||/||b|| 2.435370553337e+01
 61 KSP unpreconditioned resid norm 1.804744837395e+01 true resid norm 1.804744837395e+01 ||r(i)||/||b|| 2.505103194848e+01
 62 KSP unpreconditioned resid norm 1.767395121555e+01 true resid norm 1.767395121555e+01 ||r(i)||/||b|| 2.453259360452e+01
 63 KSP unpreconditioned resid norm 1.699276713079e+01 true resid norm 1.699276713079e+01 ||r(i)||/||b|| 2.358706579823e+01
 64 KSP unpreconditioned resid norm 1.708694808759e+01 true resid norm 1.708694808759e+01 ||r(i)||/||b|| 2.371779509076e+01
 65 KSP unpreconditioned resid norm 1.784307118605e+01 true resid norm 1.784307118605e+01 ||r(i)||/||b|| 2.476734312126e+01
 66 KSP unpreconditioned resid norm 1.922934830592e+01 true resid norm 1.922934830592e+01 ||r(i)||/||b|| 2.669158591169e+01
 67 KSP unpreconditioned resid norm 1.865236755965e+01 true resid norm 1.865236755965e+01 ||r(i)||/||b|| 2.589069911546e+01
 68 KSP unpreconditioned resid norm 1.858135970422e+01 true resid norm 1.858135970422e+01 ||r(i)||/||b|| 2.579213559455e+01
 69 KSP unpreconditioned resid norm 1.876660202213e+01 true resid norm 1.876660202213e+01 ||r(i)||/||b|| 2.604926397791e+01
 70 KSP unpreconditioned resid norm 1.930435844541e+01 true resid norm 1.930435844541e+01 ||r(i)||/||b|| 2.679570486312e+01
 71 KSP unpreconditioned resid norm 1.879380485773e+01 true resid norm 1.879380485773e+01 ||r(i)||/||b|| 2.608702328270e+01
 72 KSP unpreconditioned resid norm 1.770404607902e+01 true resid norm 1.770404607902e+01 ||r(i)||/||b|| 2.457436723204e+01
 73 KSP unpreconditioned resid norm 1.862139016735e+01 true resid norm 1.862139016735e+01 ||r(i)||/||b|| 2.584770048051e+01
 74 KSP unpreconditioned resid norm 1.844679617821e+01 true resid norm 1.844679617821e+01 ||r(i)||/||b|| 2.560535266993e+01
 75 KSP unpreconditioned resid norm 1.852974086752e+01 true resid norm 1.852974086752e+01 ||r(i)||/||b|| 2.572048529250e+01
 76 KSP unpreconditioned resid norm 1.783932694324e+01 true resid norm 1.783932694324e+01 ||r(i)||/||b|| 2.476214586874e+01
 77 KSP unpreconditioned resid norm 1.904967444023e+01 true resid norm 1.904967444023e+01 ||r(i)||/||b|| 2.644218690212e+01
 78 KSP unpreconditioned resid norm 1.906613566096e+01 true resid norm 1.906613566096e+01 ||r(i)||/||b|| 2.646503614695e+01
 79 KSP unpreconditioned resid norm 1.900887871320e+01 true resid norm 1.900887871320e+01 ||r(i)||/||b|| 2.638555978011e+01
 80 KSP unpreconditioned resid norm 1.819311635950e+01 true resid norm 1.819311635950e+01 ||r(i)||/||b|| 2.525322858505e+01
 81 KSP unpreconditioned resid norm 1.847017744672e+01 true resid norm 1.847017744672e+01 ||r(i)||/||b|| 2.563780739109e+01
 82 KSP unpreconditioned resid norm 1.892477273272e+01 true resid norm 1.892477273272e+01 ||r(i)||/||b|| 2.626881520988e+01
 83 KSP unpreconditioned resid norm 1.868384887069e+01 true resid norm 1.868384887069e+01 ||r(i)||/||b|| 2.593439722237e+01
 84 KSP unpreconditioned resid norm 1.818309483013e+01 true resid norm 1.818309483013e+01 ||r(i)||/||b|| 2.523931805059e+01
 85 KSP unpreconditioned resid norm 1.851963835401e+01 true resid norm 1.851963835401e+01 ||r(i)||/||b|| 2.570646234680e+01
 86 KSP unpreconditioned resid norm 1.856951700101e+01 true resid norm 1.856951700101e+01 ||r(i)||/||b|| 2.577569715239e+01
 87 KSP unpreconditioned resid norm 1.901516246955e+01 true resid norm 1.901516246955e+01 ||r(i)||/||b|| 2.639428204254e+01
 88 KSP unpreconditioned resid norm 1.881967310856e+01 true resid norm 1.881967310856e+01 ||r(i)||/||b|| 2.612293009703e+01
 89 KSP unpreconditioned resid norm 1.836603403018e+01 true resid norm 1.836603403018e+01 ||r(i)||/||b|| 2.549324955660e+01
 90 KSP unpreconditioned resid norm 1.866827894516e+01 true resid norm 1.866827894516e+01 ||r(i)||/||b|| 2.591278515324e+01
 91 KSP unpreconditioned resid norm 1.904510756008e+01 true resid norm 1.904510756008e+01 ||r(i)||/||b|| 2.643584777549e+01
 92 KSP unpreconditioned resid norm 1.830969682252e+01 true resid norm 1.830969682252e+01 ||r(i)||/||b|| 2.541504984882e+01
 93 KSP unpreconditioned resid norm 1.878448134872e+01 true resid norm 1.878448134872e+01 ||r(i)||/||b|| 2.607408164589e+01
 94 KSP unpreconditioned resid norm 1.921187566198e+01 true resid norm 1.921187566198e+01 ||r(i)||/||b|| 2.666733274567e+01
 95 KSP unpreconditioned resid norm 1.927131309017e+01 true resid norm 1.927131309017e+01 ||r(i)||/||b|| 2.674983576115e+01
 96 KSP unpreconditioned resid norm 1.970691647264e+01 true resid norm 1.970691647264e+01 ||r(i)||/||b|| 2.735448158282e+01
 97 KSP unpreconditioned resid norm 1.763398112929e+01 true resid norm 1.763398112929e+01 ||r(i)||/||b|| 2.447711252558e+01
 98 KSP unpreconditioned resid norm 1.604063208626e+01 true resid norm 1.604063208626e+01 ||r(i)||/||b|| 2.226544044015e+01
 99 KSP unpreconditioned resid norm 1.620875226575e+01 true resid norm 1.620875226575e+01 ||r(i)||/||b|| 2.249880218194e+01
100 KSP unpreconditioned resid norm 1.699577573910e+01 true resid norm 1.699577573910e+01 ||r(i)||/||b|| 2.359124194221e+01
101 KSP unpreconditioned resid norm 1.934585238333e+01 true resid norm 1.934585238333e+01 ||r(i)||/||b|| 2.685330114727e+01
102 KSP unpreconditioned resid norm 2.232788375287e+01 true resid norm 2.232788375287e+01 ||r(i)||/||b|| 3.099255460636e+01
103 KSP unpreconditioned resid norm 2.532785680377e+01 true resid norm 2.532785680377e+01 ||r(i)||/||b|| 3.515671228591e+01
104 KSP unpreconditioned resid norm 2.524887139540e+01 true resid norm 2.524887139540e+01 ||r(i)||/||b|| 3.504707540276e+01
105 KSP unpreconditioned resid norm 2.251960471700e+01 true resid norm 2.251960471700e+01 ||r(i)||/||b|| 3.125867577197e+01
106 KSP unpreconditioned resid norm 1.980805426845e+01 true resid norm 1.980805426845e+01 ||r(i)||/||b|| 2.749486742028e+01
107 KSP unpreconditioned resid norm 1.672234293218e+01 true resid norm 1.672234293218e+01 ||r(i)||/||b|| 2.321169942518e+01
108 KSP unpreconditioned resid norm 1.562395241813e+01 true resid norm 1.562395241813e+01 ||r(i)||/||b|| 2.168706196456e+01
109 KSP unpreconditioned resid norm 1.253978886903e+01 true resid norm 1.253978886903e+01 ||r(i)||/||b|| 1.740604239869e+01
110 KSP unpreconditioned resid norm 1.237344732432e+01 true resid norm 1.237344732432e+01 ||r(i)||/||b|| 1.717514951764e+01
111 KSP unpreconditioned resid norm 1.292435567480e+01 true resid norm 1.292435567480e+01 ||r(i)||/||b|| 1.793984613305e+01
112 KSP unpreconditioned resid norm 1.289821053209e+01 true resid norm 1.289821053209e+01 ||r(i)||/||b|| 1.790355497479e+01
113 KSP unpreconditioned resid norm 1.253112944222e+01 true resid norm 1.253112944222e+01 ||r(i)||/||b|| 1.739402255117e+01
114 KSP unpreconditioned resid norm 1.367032862766e+01 true resid norm 1.367032862766e+01 ||r(i)||/||b|| 1.897530510141e+01
115 KSP unpreconditioned resid norm 1.550042312238e+01 true resid norm 1.550042312238e+01 ||r(i)||/||b|| 2.151559526909e+01
116 KSP unpreconditioned resid norm 2.013893198875e+01 true resid norm 2.013893198875e+01 ||r(i)||/||b|| 2.795414721267e+01
117 KSP unpreconditioned resid norm 2.514219500051e+01 true resid norm 2.514219500051e+01 ||r(i)||/||b|| 3.489900162961e+01
118 KSP unpreconditioned resid norm 3.112742704299e+01 true resid norm 3.112742704299e+01 ||r(i)||/||b|| 4.320689291753e+01
119 KSP unpreconditioned resid norm 3.771124888501e+01 true resid norm 3.771124888501e+01 ||r(i)||/||b|| 5.234566577285e+01
120 KSP unpreconditioned resid norm 3.849854232878e+01 true resid norm 3.849854232878e+01 ||r(i)||/||b|| 5.343848026961e+01
121 KSP unpreconditioned resid norm 3.494619269049e+01 true resid norm 3.494619269049e+01 ||r(i)||/||b|| 4.850758796634e+01
122 KSP unpreconditioned resid norm 3.280966220034e+01 true resid norm 3.280966220034e+01 ||r(i)||/||b|| 4.554194470981e+01
123 KSP unpreconditioned resid norm 2.695128531332e+01 true resid norm 2.695128531332e+01 ||r(i)||/||b|| 3.741013662691e+01
124 KSP unpreconditioned resid norm 2.045824651333e+01 true resid norm 2.045824651333e+01 ||r(i)||/||b|| 2.839737653745e+01
125 KSP unpreconditioned resid norm 1.581219154779e+01 true resid norm 1.581219154779e+01 ||r(i)||/||b|| 2.194835011751e+01
126 KSP unpreconditioned resid norm 1.267964867134e+01 true resid norm 1.267964867134e+01 ||r(i)||/||b|| 1.760017689923e+01
127 KSP unpreconditioned resid norm 9.769641495665e+00 true resid norm 9.769641495665e+00 ||r(i)||/||b|| 1.356089770487e+01
128 KSP unpreconditioned resid norm 8.028235709179e+00 true resid norm 8.028235709179e+00 ||r(i)||/||b|| 1.114371323155e+01
129 KSP unpreconditioned resid norm 7.159335004332e+00 true resid norm 7.159335004332e+00 ||r(i)||/||b|| 9.937622549582e+00
130 KSP unpreconditioned resid norm 7.165700535044e+00 true resid norm 7.165700535044e+00 ||r(i)||/||b|| 9.946458320154e+00
131 KSP unpreconditioned resid norm 7.077736151836e+00 true resid norm 7.077736151836e+00 ||r(i)||/||b|| 9.824358036036e+00
132 KSP unpreconditioned resid norm 8.028845780795e+00 true resid norm 8.028845780795e+00 ||r(i)||/||b|| 1.114456005063e+01
133 KSP unpreconditioned resid norm 9.944759589330e+00 true resid norm 9.944759589330e+00 ||r(i)||/||b|| 1.380397300661e+01
134 KSP unpreconditioned resid norm 1.357132200506e+01 true resid norm 1.357132200506e+01 ||r(i)||/||b|| 1.883787747096e+01
135 KSP unpreconditioned resid norm 1.886778511824e+01 true resid norm 1.886778511824e+01 ||r(i)||/||b|| 2.618971269514e+01
136 KSP unpreconditioned resid norm 2.110576998620e+01 true resid norm 2.110576998620e+01 ||r(i)||/||b|| 2.929618122552e+01
137 KSP unpreconditioned resid norm 2.174263303936e+01 true resid norm 2.174263303936e+01 ||r(i)||/||b|| 3.018018855781e+01
138 KSP unpreconditioned resid norm 2.438111219092e+01 true resid norm 2.438111219092e+01 ||r(i)||/||b|| 3.384256919753e+01
139 KSP unpreconditioned resid norm 2.857237803715e+01 true resid norm 2.857237803715e+01 ||r(i)||/||b|| 3.966031874544e+01
140 KSP unpreconditioned resid norm 3.267309418559e+01 true resid norm 3.267309418559e+01 ||r(i)||/||b|| 4.535237942448e+01
141 KSP unpreconditioned resid norm 3.656319070934e+01 true resid norm 3.656319070934e+01 ||r(i)||/||b|| 5.075208636807e+01
142 KSP unpreconditioned resid norm 3.686769112259e+01 true resid norm 3.686769112259e+01 ||r(i)||/||b|| 5.117475274299e+01
143 KSP unpreconditioned resid norm 3.727936182268e+01 true resid norm 3.727936182268e+01 ||r(i)||/||b|| 5.174617844520e+01
144 KSP unpreconditioned resid norm 4.106342307850e+01 true resid norm 4.106342307850e+01 ||r(i)||/||b|| 5.699870154156e+01
145 KSP unpreconditioned resid norm 4.085467574834e+01 true resid norm 4.085467574834e+01 ||r(i)||/||b|| 5.670894667269e+01
146 KSP unpreconditioned resid norm 4.208207116705e+01 true resid norm 4.208207116705e+01 ||r(i)||/||b|| 5.841265133002e+01
147 KSP unpreconditioned resid norm 5.008616247054e+01 true resid norm 5.008616247054e+01 ||r(i)||/||b|| 6.952285055638e+01
148 KSP unpreconditioned resid norm 5.567618789193e+01 true resid norm 5.567618789193e+01 ||r(i)||/||b|| 7.728216935439e+01
149 KSP unpreconditioned resid norm 5.630613333109e+01 true resid norm 5.630613333109e+01 ||r(i)||/||b|| 7.815657458860e+01
150 KSP unpreconditioned resid norm 4.819653353939e+01 true resid norm 4.819653353939e+01 ||r(i)||/||b|| 6.689992271949e+01
151 KSP unpreconditioned resid norm 4.137179480881e+01 true resid norm 4.137179480881e+01 ||r(i)||/||b|| 5.742674155630e+01
152 KSP unpreconditioned resid norm 3.198199261589e+01 true resid norm 3.198199261589e+01 ||r(i)||/||b|| 4.439308550416e+01
153 KSP unpreconditioned resid norm 2.639096531945e+01 true resid norm 2.639096531945e+01 ||r(i)||/||b|| 3.663237603844e+01
154 KSP unpreconditioned resid norm 2.290697613845e+01 true resid norm 2.290697613845e+01 ||r(i)||/||b|| 3.179637249528e+01
155 KSP unpreconditioned resid norm 2.157880376689e+01 true resid norm 2.157880376689e+01 ||r(i)||/||b|| 2.995278287399e+01
156 KSP unpreconditioned resid norm 1.961536294876e+01 true resid norm 1.961536294876e+01 ||r(i)||/||b|| 2.722739933805e+01
157 KSP unpreconditioned resid norm 1.678442536889e+01 true resid norm 1.678442536889e+01 ||r(i)||/||b|| 2.329787388448e+01
158 KSP unpreconditioned resid norm 1.453730655018e+01 true resid norm 1.453730655018e+01 ||r(i)||/||b|| 2.017872683648e+01
159 KSP unpreconditioned resid norm 1.297970194762e+01 true resid norm 1.297970194762e+01 ||r(i)||/||b|| 1.801667035884e+01
160 KSP unpreconditioned resid norm 1.147949310297e+01 true resid norm 1.147949310297e+01 ||r(i)||/||b|| 1.593428292555e+01
161 KSP unpreconditioned resid norm 1.015812327102e+01 true resid norm 1.015812327102e+01 ||r(i)||/||b|| 1.410013567160e+01
162 KSP unpreconditioned resid norm 9.304948767217e+00 true resid norm 9.304948767217e+00 ||r(i)||/||b|| 1.291587397934e+01
163 KSP unpreconditioned resid norm 8.486522412395e+00 true resid norm 8.486522412395e+00 ||r(i)||/||b|| 1.177984497749e+01
164 KSP unpreconditioned resid norm 7.790080792512e+00 true resid norm 7.790080792512e+00 ||r(i)||/||b|| 1.081313872027e+01
165 KSP unpreconditioned resid norm 7.131116125618e+00 true resid norm 7.131116125618e+00 ||r(i)||/||b|| 9.898452910885e+00
166 KSP unpreconditioned resid norm 6.841346473547e+00 true resid norm 6.841346473547e+00 ||r(i)||/||b|| 9.496233790413e+00
167 KSP unpreconditioned resid norm 6.808305329915e+00 true resid norm 6.808305329915e+00 ||r(i)||/||b|| 9.450370534424e+00
168 KSP unpreconditioned resid norm 6.458435537046e+00 true resid norm 6.458435537046e+00 ||r(i)||/||b|| 8.964728510279e+00
169 KSP unpreconditioned resid norm 6.614187367522e+00 true resid norm 6.614187367522e+00 ||r(i)||/||b|| 9.180922179347e+00
170 KSP unpreconditioned resid norm 6.936186148085e+00 true resid norm 6.936186148085e+00 ||r(i)||/||b|| 9.627877425990e+00
171 KSP unpreconditioned resid norm 7.317482270601e+00 true resid norm 7.317482270601e+00 ||r(i)||/||b|| 1.015714123930e+01
172 KSP unpreconditioned resid norm 7.653454695210e+00 true resid norm 7.653454695210e+00 ||r(i)||/||b|| 1.062349281257e+01
173 KSP unpreconditioned resid norm 7.613790142379e+00 true resid norm 7.613790142379e+00 ||r(i)||/||b|| 1.056843583390e+01
174 KSP unpreconditioned resid norm 7.216614719622e+00 true resid norm 7.216614719622e+00 ||r(i)||/||b|| 1.001713051924e+01
175 KSP unpreconditioned resid norm 7.451293708383e+00 true resid norm 7.451293708383e+00 ||r(i)||/||b|| 1.034288021655e+01
176 KSP unpreconditioned resid norm 7.554928162251e+00 true resid norm 7.554928162251e+00 ||r(i)||/||b|| 1.048673157776e+01
177 KSP unpreconditioned resid norm 7.570062435741e+00 true resid norm 7.570062435741e+00 ||r(i)||/||b|| 1.050773893352e+01
178 KSP unpreconditioned resid norm 7.576390057174e+00 true resid norm 7.576390057174e+00 ||r(i)||/||b|| 1.051652208355e+01
179 KSP unpreconditioned resid norm 7.663574983638e+00 true resid norm 7.663574983638e+00 ||r(i)||/||b|| 1.063754043102e+01
180 KSP unpreconditioned resid norm 7.815520825958e+00 true resid norm 7.815520825958e+00 ||r(i)||/||b|| 1.084845114103e+01
181 KSP unpreconditioned resid norm 7.409996811225e+00 true resid norm 7.409996811225e+00 ||r(i)||/||b|| 1.028555743781e+01
182 KSP unpreconditioned resid norm 8.027920664587e+00 true resid norm 8.027920664587e+00 ||r(i)||/||b|| 1.114327592917e+01
183 KSP unpreconditioned resid norm 8.576804525353e+00 true resid norm 8.576804525353e+00 ||r(i)||/||b|| 1.190516242122e+01
184 KSP unpreconditioned resid norm 9.229010781298e+00 true resid norm 9.229010781298e+00 ||r(i)||/||b|| 1.281046711672e+01
185 KSP unpreconditioned resid norm 9.894045885292e+00 true resid norm 9.894045885292e+00 ||r(i)||/||b|| 1.373357908755e+01
186 KSP unpreconditioned resid norm 9.761790069110e+00 true resid norm 9.761790069110e+00 ||r(i)||/||b|| 1.354999941424e+01
187 KSP unpreconditioned resid norm 9.307834789321e+00 true resid norm 9.307834789321e+00 ||r(i)||/||b|| 1.291987996569e+01
188 KSP unpreconditioned resid norm 1.017586625549e+01 true resid norm 1.017586625549e+01 ||r(i)||/||b|| 1.412476408786e+01
189 KSP unpreconditioned resid norm 1.102687311924e+01 true resid norm 1.102687311924e+01 ||r(i)||/||b|| 1.530601695476e+01
190 KSP unpreconditioned resid norm 1.199886479059e+01 true resid norm 1.199886479059e+01 ||r(i)||/||b|| 1.665520460213e+01
191 KSP unpreconditioned resid norm 1.366003546513e+01 true resid norm 1.366003546513e+01 ||r(i)||/||b|| 1.896101752246e+01
192 KSP unpreconditioned resid norm 1.580464043935e+01 true resid norm 1.580464043935e+01 ||r(i)||/||b|| 2.193786868795e+01
193 KSP unpreconditioned resid norm 1.709735834483e+01 true resid norm 1.709735834483e+01 ||r(i)||/||b|| 2.373224520476e+01
194 KSP unpreconditioned resid norm 1.695413229416e+01 true resid norm 1.695413229416e+01 ||r(i)||/||b|| 2.353343813260e+01
195 KSP unpreconditioned resid norm 1.631709120173e+01 true resid norm 1.631709120173e+01 ||r(i)||/||b|| 2.264918367024e+01
196 KSP unpreconditioned resid norm 1.676831520324e+01 true resid norm 1.676831520324e+01 ||r(i)||/||b|| 2.327551192693e+01
197 KSP unpreconditioned resid norm 1.902735883000e+01 true resid norm 1.902735883000e+01 ||r(i)||/||b|| 2.641121138396e+01
198 KSP unpreconditioned resid norm 2.158385699087e+01 true resid norm 2.158385699087e+01 ||r(i)||/||b|| 2.995979707747e+01
199 KSP unpreconditioned resid norm 2.367193728940e+01 true resid norm 2.367193728940e+01 ||r(i)||/||b|| 3.285818831736e+01
200 KSP unpreconditioned resid norm 2.662904143576e+01 true resid norm 2.662904143576e+01 ||r(i)||/||b|| 3.696284116969e+01
201 KSP unpreconditioned resid norm 2.777629506134e+01 true resid norm 2.777629506134e+01 ||r(i)||/||b|| 3.855530380663e+01
202 KSP unpreconditioned resid norm 2.934560727958e+01 true resid norm 2.934560727958e+01 ||r(i)||/||b|| 4.073361121617e+01
203 KSP unpreconditioned resid norm 3.023817604090e+01 true resid norm 3.023817604090e+01 ||r(i)||/||b|| 4.197255469963e+01
204 KSP unpreconditioned resid norm 3.000291353146e+01 true resid norm 3.000291353146e+01 ||r(i)||/||b|| 4.164599503767e+01
205 KSP unpreconditioned resid norm 2.950207473583e+01 true resid norm 2.950207473583e+01 ||r(i)||/||b|| 4.095079822035e+01
206 KSP unpreconditioned resid norm 3.283016944497e+01 true resid norm 3.283016944497e+01 ||r(i)||/||b|| 4.557041009891e+01
207 KSP unpreconditioned resid norm 3.397170969740e+01 true resid norm 3.397170969740e+01 ||r(i)||/||b|| 4.715494220239e+01
208 KSP unpreconditioned resid norm 3.566673305636e+01 true resid norm 3.566673305636e+01 ||r(i)||/||b|| 4.950774485010e+01
209 KSP unpreconditioned resid norm 3.749790857808e+01 true resid norm 3.749790857808e+01 ||r(i)||/||b|| 5.204953555355e+01
210 KSP unpreconditioned resid norm 3.789367610431e+01 true resid norm 3.789367610431e+01 ||r(i)||/||b|| 5.259888661628e+01
211 KSP unpreconditioned resid norm 3.654917925411e+01 true resid norm 3.654917925411e+01 ||r(i)||/||b|| 5.073263755706e+01
212 KSP unpreconditioned resid norm 3.605523554001e+01 true resid norm 3.605523554001e+01 ||r(i)||/||b|| 5.004701156128e+01
213 KSP unpreconditioned resid norm 3.558377458518e+01 true resid norm 3.558377458518e+01 ||r(i)||/||b|| 4.939259309741e+01
214 KSP unpreconditioned resid norm 3.549726700874e+01 true resid norm 3.549726700874e+01 ||r(i)||/||b|| 4.927251495581e+01
215 KSP unpreconditioned resid norm 3.556100154961e+01 true resid norm 3.556100154961e+01 ||r(i)||/||b|| 4.936098264313e+01
216 KSP unpreconditioned resid norm 3.795817835623e+01 true resid norm 3.795817835623e+01 ||r(i)||/||b|| 5.268841993645e+01
217 KSP unpreconditioned resid norm 4.308564031637e+01 true resid norm 4.308564031637e+01 ||r(i)||/||b|| 5.980567057026e+01
218 KSP unpreconditioned resid norm 5.153706292361e+01 true resid norm 5.153706292361e+01 ||r(i)||/||b|| 7.153679473569e+01
219 KSP unpreconditioned resid norm 6.046188345903e+01 true resid norm 6.046188345903e+01 ||r(i)||/||b|| 8.392502600998e+01
220 KSP unpreconditioned resid norm 7.039402878873e+01 true resid norm 7.039402878873e+01 ||r(i)||/||b|| 9.771148960393e+01
221 KSP unpreconditioned resid norm 7.499560727581e+01 true resid norm 7.499560727581e+01 ||r(i)||/||b|| 1.040987797795e+02
222 KSP unpreconditioned resid norm 8.216773887955e+01 true resid norm 8.216773887955e+01 ||r(i)||/||b|| 1.140541648412e+02
223 KSP unpreconditioned resid norm 8.871608514085e+01 true resid norm 8.871608514085e+01 ||r(i)||/||b|| 1.231436952836e+02
224 KSP unpreconditioned resid norm 9.305427761348e+01 true resid norm 9.305427761348e+01 ||r(i)||/||b|| 1.291653885434e+02
225 KSP unpreconditioned resid norm 9.707928847244e+01 true resid norm 9.707928847244e+01 ||r(i)||/||b|| 1.347523653576e+02
226 KSP unpreconditioned resid norm 9.653312614961e+01 true resid norm 9.653312614961e+01 ||r(i)||/||b|| 1.339942565372e+02
227 KSP unpreconditioned resid norm 9.250619915948e+01 true resid norm 9.250619915948e+01 ||r(i)||/||b|| 1.284046200083e+02
228 KSP unpreconditioned resid norm 8.460522382184e+01 true resid norm 8.460522382184e+01 ||r(i)||/||b|| 1.174375524480e+02
229 KSP unpreconditioned resid norm 7.696237213096e+01 true resid norm 7.696237213096e+01 ||r(i)||/||b|| 1.068287772950e+02
230 KSP unpreconditioned resid norm 7.023784978775e+01 true resid norm 7.023784978775e+01 ||r(i)||/||b|| 9.749470299442e+01
231 KSP unpreconditioned resid norm 6.286923806072e+01 true resid norm 6.286923806072e+01 ||r(i)||/||b|| 8.726659074471e+01
232 KSP unpreconditioned resid norm 5.932776341571e+01 true resid norm 5.932776341571e+01 ||r(i)||/||b|| 8.235079363928e+01
233 KSP unpreconditioned resid norm 5.718923359402e+01 true resid norm 5.718923359402e+01 ||r(i)||/||b|| 7.938237518058e+01
234 KSP unpreconditioned resid norm 5.510407555089e+01 true resid norm 5.510407555089e+01 ||r(i)||/||b|| 7.648804022121e+01
235 KSP unpreconditioned resid norm 5.385939811418e+01 true resid norm 5.385939811418e+01 ||r(i)||/||b|| 7.476034699907e+01
236 KSP unpreconditioned resid norm 5.525277819278e+01 true resid norm 5.525277819278e+01 ||r(i)||/||b|| 7.669444915812e+01
237 KSP unpreconditioned resid norm 6.632136613576e+01 true resid norm 6.632136613576e+01 ||r(i)||/||b|| 9.205836900090e+01
238 KSP unpreconditioned resid norm 7.935731723723e+01 true resid norm 7.935731723723e+01 ||r(i)||/||b|| 1.101531168431e+02
239 KSP unpreconditioned resid norm 9.200709032637e+01 true resid norm 9.200709032637e+01 ||r(i)||/||b|| 1.277118244915e+02
240 KSP unpreconditioned resid norm 1.160317617336e+02 true resid norm 1.160317617336e+02 ||r(i)||/||b|| 1.610596307023e+02
241 KSP unpreconditioned resid norm 1.435538056154e+02 true resid norm 1.435538056154e+02 ||r(i)||/||b|| 1.992620173380e+02
242 KSP unpreconditioned resid norm 1.660867453536e+02 true resid norm 1.660867453536e+02 ||r(i)||/||b|| 2.305392029866e+02
243 KSP unpreconditioned resid norm 1.686318256553e+02 true resid norm 1.686318256553e+02 ||r(i)||/||b|| 2.340719399491e+02
244 KSP unpreconditioned resid norm 1.499305217168e+02 true resid norm 1.499305217168e+02 ||r(i)||/||b|| 2.081133139575e+02
245 KSP unpreconditioned resid norm 1.177438816896e+02 true resid norm 1.177438816896e+02 ||r(i)||/||b|| 1.634361645385e+02
246 KSP unpreconditioned resid norm 8.567260612936e+01 true resid norm 8.567260612936e+01 ||r(i)||/||b|| 1.189191485016e+02
247 KSP unpreconditioned resid norm 6.513850798694e+01 true resid norm 6.513850798694e+01 ||r(i)||/||b|| 9.041648497039e+01
248 KSP unpreconditioned resid norm 4.929590483702e+01 true resid norm 4.929590483702e+01 ||r(i)||/||b|| 6.842592157150e+01
249 KSP unpreconditioned resid norm 4.123842415433e+01 true resid norm 4.123842415433e+01 ||r(i)||/||b|| 5.724161441493e+01
250 KSP unpreconditioned resid norm 3.389276265779e+01 true resid norm 3.389276265779e+01 ||r(i)||/||b|| 4.704535857756e+01
251 KSP unpreconditioned resid norm 3.090469958519e+01 true resid norm 3.090469958519e+01 ||r(i)||/||b|| 4.289773272238e+01
252 KSP unpreconditioned resid norm 2.966630120338e+01 true resid norm 2.966630120338e+01 ||r(i)||/||b|| 4.117875523677e+01
253 KSP unpreconditioned resid norm 3.077613841197e+01 true resid norm 3.077613841197e+01 ||r(i)||/||b|| 4.271928145377e+01
254 KSP unpreconditioned resid norm 3.126938939701e+01 true resid norm 3.126938939701e+01 ||r(i)||/||b|| 4.340394589657e+01
255 KSP unpreconditioned resid norm 2.952209976998e+01 true resid norm 2.952209976998e+01 ||r(i)||/||b|| 4.097859426996e+01
256 KSP unpreconditioned resid norm 2.767766693054e+01 true resid norm 2.767766693054e+01 ||r(i)||/||b|| 3.841840154740e+01
257 KSP unpreconditioned resid norm 2.917655770782e+01 true resid norm 2.917655770782e+01 ||r(i)||/||b|| 4.049895941746e+01
258 KSP unpreconditioned resid norm 2.880195387618e+01 true resid norm 2.880195387618e+01 ||r(i)||/||b|| 3.997898493907e+01
259 KSP unpreconditioned resid norm 3.002167595999e+01 true resid norm 3.002167595999e+01 ||r(i)||/||b|| 4.167203850857e+01
260 KSP unpreconditioned resid norm 2.842812371213e+01 true resid norm 2.842812371213e+01 ||r(i)||/||b|| 3.946008436161e+01
261 KSP unpreconditioned resid norm 2.256946149862e+01 true resid norm 2.256946149862e+01 ||r(i)||/||b|| 3.132788022699e+01
262 KSP unpreconditioned resid norm 1.759754743893e+01 true resid norm 1.759754743893e+01 ||r(i)||/||b|| 2.442654019411e+01
263 KSP unpreconditioned resid norm 1.313965123682e+01 true resid norm 1.313965123682e+01 ||r(i)||/||b|| 1.823869037356e+01
264 KSP unpreconditioned resid norm 9.995301349531e+00 true resid norm 9.995301349531e+00 ||r(i)||/||b|| 1.387412825645e+01
265 KSP unpreconditioned resid norm 9.363471220879e+00 true resid norm 9.363471220879e+00 ||r(i)||/||b|| 1.299710695067e+01
266 KSP unpreconditioned resid norm 1.084303901347e+01 true resid norm 1.084303901347e+01 ||r(i)||/||b|| 1.505084326142e+01
267 KSP unpreconditioned resid norm 1.324960573114e+01 true resid norm 1.324960573114e+01 ||r(i)||/||b|| 1.839131436191e+01
268 KSP unpreconditioned resid norm 1.667185457295e+01 true resid norm 1.667185457295e+01 ||r(i)||/||b|| 2.314161829936e+01
269 KSP unpreconditioned resid norm 2.081261029416e+01 true resid norm 2.081261029416e+01 ||r(i)||/||b|| 2.888925650913e+01
270 KSP unpreconditioned resid norm 2.642481496284e+01 true resid norm 2.642481496284e+01 ||r(i)||/||b|| 3.667936154466e+01
271 KSP unpreconditioned resid norm 3.263375333018e+01 true resid norm 3.263375333018e+01 ||r(i)||/||b|| 4.529777175887e+01
272 KSP unpreconditioned resid norm 3.953336111657e+01 true resid norm 3.953336111657e+01 ||r(i)||/||b|| 5.487487604018e+01
273 KSP unpreconditioned resid norm 4.215268857966e+01 true resid norm 4.215268857966e+01 ||r(i)||/||b|| 5.851067289089e+01
274 KSP unpreconditioned resid norm 3.965123311131e+01 true resid norm 3.965123311131e+01 ||r(i)||/||b|| 5.503849003396e+01
275 KSP unpreconditioned resid norm 3.401484365001e+01 true resid norm 3.401484365001e+01 ||r(i)||/||b|| 4.721481493356e+01
276 KSP unpreconditioned resid norm 2.724359856772e+01 true resid norm 2.724359856772e+01 ||r(i)||/||b|| 3.781588643282e+01
277 KSP unpreconditioned resid norm 2.116823691280e+01 true resid norm 2.116823691280e+01 ||r(i)||/||b|| 2.938288938180e+01
278 KSP unpreconditioned resid norm 1.579937622688e+01 true resid norm 1.579937622688e+01 ||r(i)||/||b|| 2.193056161872e+01
279 KSP unpreconditioned resid norm 1.271218046645e+01 true resid norm 1.271218046645e+01 ||r(i)||/||b|| 1.764533314636e+01
280 KSP unpreconditioned resid norm 9.653462095040e+00 true resid norm 9.653462095040e+00 ||r(i)||/||b|| 1.339963314179e+01
281 KSP unpreconditioned resid norm 6.718953771612e+00 true resid norm 6.718953771612e+00 ||r(i)||/||b|| 9.326344761066e+00
282 KSP unpreconditioned resid norm 4.897674751170e+00 true resid norm 4.897674751170e+00 ||r(i)||/||b|| 6.798291044950e+00
283 KSP unpreconditioned resid norm 3.741218633353e+00 true resid norm 3.741218633353e+00 ||r(i)||/||b|| 5.193054750369e+00
284 KSP unpreconditioned resid norm 2.728958089431e+00 true resid norm 2.728958089431e+00 ||r(i)||/||b|| 3.787971289231e+00
285 KSP unpreconditioned resid norm 2.048111418549e+00 true resid norm 2.048111418549e+00 ||r(i)||/||b|| 2.842911835347e+00
286 KSP unpreconditioned resid norm 1.579110765412e+00 true resid norm 1.579110765412e+00 ||r(i)||/||b|| 2.191908430204e+00
287 KSP unpreconditioned resid norm 1.091880280927e+00 true resid norm 1.091880280927e+00 ||r(i)||/||b|| 1.515600833683e+00
288 KSP unpreconditioned resid norm 8.058842880814e-01 true resid norm 8.058842880814e-01 ||r(i)||/||b|| 1.118619797613e+00
289 KSP unpreconditioned resid norm 6.283959154423e-01 true resid norm 6.283959154423e-01 ||r(i)||/||b|| 8.722543945194e-01
290 KSP unpreconditioned resid norm 5.211786936314e-01 true resid norm 5.211786936314e-01 ||r(i)||/||b|| 7.234299184295e-01
291 KSP unpreconditioned resid norm 4.209721364154e-01 true resid norm 4.209721364154e-01 ||r(i)||/||b|| 5.843367006931e-01
292 KSP unpreconditioned resid norm 3.518303266606e-01 true resid norm 3.518303266606e-01 ||r(i)||/||b|| 4.883633725386e-01
293 KSP unpreconditioned resid norm 3.152842212632e-01 true resid norm 3.152842212632e-01 ||r(i)||/||b|| 4.376350016945e-01
294 KSP unpreconditioned resid norm 3.175720341432e-01 true resid norm 3.175720341432e-01 ||r(i)||/||b|| 4.408106347459e-01
295 KSP unpreconditioned resid norm 3.467677388136e-01 true resid norm 3.467677388136e-01 ||r(i)||/||b|| 4.813361713926e-01
296 KSP unpreconditioned resid norm 4.548740598941e-01 true resid norm 4.548740598941e-01 ||r(i)||/||b|| 6.313947750858e-01
297 KSP unpreconditioned resid norm 6.260615743570e-01 true resid norm 6.260615743570e-01 ||r(i)||/||b|| 8.690141772934e-01
298 KSP unpreconditioned resid norm 9.505522626695e-01 true resid norm 9.505522626695e-01 ||r(i)||/||b|| 1.319428353939e+00
299 KSP unpreconditioned resid norm 1.331606687003e+00 true resid norm 1.331606687003e+00 ||r(i)||/||b|| 1.848356674457e+00
300 KSP unpreconditioned resid norm 1.887050977584e+00 true resid norm 1.887050977584e+00 ||r(i)||/||b|| 2.619349469706e+00
301 KSP unpreconditioned resid norm 2.572788756295e+00 true resid norm 2.572788756295e+00 ||r(i)||/||b|| 3.571198099320e+00
302 KSP unpreconditioned resid norm 3.209115962860e+00 true resid norm 3.209115962860e+00 ||r(i)||/||b|| 4.454461641681e+00
303 KSP unpreconditioned resid norm 3.562141707697e+00 true resid norm 3.562141707697e+00 ||r(i)||/||b|| 4.944484332386e+00
304 KSP unpreconditioned resid norm 3.719945737292e+00 true resid norm 3.719945737292e+00 ||r(i)||/||b|| 5.163526587283e+00
305 KSP unpreconditioned resid norm 3.750708715377e+00 true resid norm 3.750708715377e+00 ||r(i)||/||b|| 5.206227601347e+00
306 KSP unpreconditioned resid norm 3.567511514652e+00 true resid norm 3.567511514652e+00 ||r(i)||/||b|| 4.951937973632e+00
307 KSP unpreconditioned resid norm 3.459341526389e+00 true resid norm 3.459341526389e+00 ||r(i)||/||b|| 4.801790995748e+00
308 KSP unpreconditioned resid norm 2.768280821327e+00 true resid norm 2.768280821327e+00 ||r(i)||/||b|| 3.842553798215e+00
309 KSP unpreconditioned resid norm 2.121219715050e+00 true resid norm 2.121219715050e+00 ||r(i)||/||b|| 2.944390905041e+00
310 KSP unpreconditioned resid norm 1.580077495304e+00 true resid norm 1.580077495304e+00 ||r(i)||/||b|| 2.193250314159e+00
311 KSP unpreconditioned resid norm 1.114890606990e+00 true resid norm 1.114890606990e+00 ||r(i)||/||b|| 1.547540662594e+00
312 KSP unpreconditioned resid norm 7.884916389275e-01 true resid norm 7.884916389275e-01 ||r(i)||/||b|| 1.094477669563e+00
313 KSP unpreconditioned resid norm 5.425206102964e-01 true resid norm 5.425206102964e-01 ||r(i)||/||b|| 7.530538866015e-01
314 KSP unpreconditioned resid norm 3.972154983513e-01 true resid norm 3.972154983513e-01 ||r(i)||/||b|| 5.513609421924e-01
315 KSP unpreconditioned resid norm 3.001765145888e-01 true resid norm 3.001765145888e-01 ||r(i)||/||b|| 4.166645223932e-01
316 KSP unpreconditioned resid norm 2.281719917988e-01 true resid norm 2.281719917988e-01 ||r(i)||/||b|| 3.167175623868e-01
317 KSP unpreconditioned resid norm 1.787113477768e-01 true resid norm 1.787113477768e-01 ||r(i)||/||b|| 2.480629721138e-01
318 KSP unpreconditioned resid norm 1.273931234013e-01 true resid norm 1.273931234013e-01 ||r(i)||/||b|| 1.768299395137e-01
319 KSP unpreconditioned resid norm 8.752373091030e-02 true resid norm 8.752373091030e-02 ||r(i)||/||b|| 1.214886300741e-01
320 KSP unpreconditioned resid norm 5.812206607924e-02 true resid norm 5.812206607924e-02 ||r(i)||/||b|| 8.067720733111e-02
321 KSP unpreconditioned resid norm 3.878013823422e-02 true resid norm 3.878013823422e-02 ||r(i)||/||b|| 5.382935369823e-02
322 KSP unpreconditioned resid norm 2.529023686856e-02 true resid norm 2.529023686856e-02 ||r(i)||/||b|| 3.510449336946e-02
323 KSP unpreconditioned resid norm 1.768739226862e-02 true resid norm 1.768739226862e-02 ||r(i)||/||b|| 2.455125066024e-02
324 KSP unpreconditioned resid norm 1.330250002362e-02 true resid norm 1.330250002362e-02 ||r(i)||/||b|| 1.846473507952e-02
325 KSP unpreconditioned resid norm 1.033024429671e-02 true resid norm 1.033024429671e-02 ||r(i)||/||b|| 1.433905084810e-02
326 KSP unpreconditioned resid norm 7.883651960682e-03 true resid norm 7.883651960682e-03 ||r(i)||/||b|| 1.094302158652e-02
327 KSP unpreconditioned resid norm 5.738825845176e-03 true resid norm 5.738825845176e-03 ||r(i)||/||b|| 7.965863462548e-03
328 KSP unpreconditioned resid norm 4.052016822308e-03 true resid norm 4.052016822308e-03 ||r(i)||/||b|| 5.624462847497e-03
329 KSP unpreconditioned resid norm 3.202583657289e-03 true resid norm 3.202583657289e-03 ||r(i)||/||b|| 4.445394376760e-03
330 KSP unpreconditioned resid norm 2.376828902984e-03 true resid norm 2.376828902984e-03 ||r(i)||/||b|| 3.299193079874e-03
331 KSP unpreconditioned resid norm 1.631965040229e-03 true resid norm 1.631965040229e-03 ||r(i)||/||b|| 2.265273600704e-03
332 KSP unpreconditioned resid norm 1.084106885292e-03 true resid norm 1.084106885292e-03 ||r(i)||/||b|| 1.504810855047e-03
333 KSP unpreconditioned resid norm 7.506297400737e-04 true resid norm 7.506297400737e-04 ||r(i)||/||b|| 1.041922891837e-03
334 KSP unpreconditioned resid norm 5.015745725152e-04 true resid norm 5.015745725152e-04 ||r(i)||/||b|| 6.962181234862e-04
335 KSP unpreconditioned resid norm 3.464232863907e-04 true resid norm 3.464232863907e-04 ||r(i)||/||b|| 4.808580490302e-04
336 KSP unpreconditioned resid norm 2.378202612597e-04 true resid norm 2.378202612597e-04 ||r(i)||/||b|| 3.301099878147e-04
337 KSP unpreconditioned resid norm 1.688600518559e-04 true resid norm 1.688600518559e-04 ||r(i)||/||b|| 2.343887327568e-04
338 KSP unpreconditioned resid norm 1.187296915168e-04 true resid norm 1.187296915168e-04 ||r(i)||/||b|| 1.648045326847e-04
339 KSP unpreconditioned resid norm 8.857159681658e-05 true resid norm 8.857159681658e-05 ||r(i)||/||b|| 1.229431360936e-04
340 KSP unpreconditioned resid norm 6.079510066326e-05 true resid norm 6.079510066326e-05 ||r(i)||/||b|| 8.438755315819e-05
341 KSP unpreconditioned resid norm 4.226489178597e-05 true resid norm 4.226489178597e-05 ||r(i)||/||b|| 5.866641823770e-05
342 KSP unpreconditioned resid norm 2.991575891131e-05 true resid norm 2.991575891131e-05 ||r(i)||/||b|| 4.152501875733e-05
343 KSP unpreconditioned resid norm 2.155047267389e-05 true resid norm 2.155047267389e-05 ||r(i)||/||b|| 2.991345747456e-05
344 KSP unpreconditioned resid norm 1.495964396153e-05 true resid norm 1.495964396153e-05 ||r(i)||/||b|| 2.076495862757e-05
345 KSP unpreconditioned resid norm 1.087125701206e-05 true resid norm 1.087125701206e-05 ||r(i)||/||b|| 1.509001167846e-05
346 KSP unpreconditioned resid norm 7.732320660573e-06 true resid norm 7.732320660573e-06 ||r(i)||/||b|| 1.073296390106e-05
347 KSP unpreconditioned resid norm 5.500064080227e-06 true resid norm 5.500064080227e-06 ||r(i)||/||b|| 7.634446606388e-06
348 KSP unpreconditioned resid norm 3.779231678322e-06 true resid norm 3.779231678322e-06 ||r(i)||/||b|| 5.245819328732e-06
349 KSP unpreconditioned resid norm 2.640161347855e-06 true resid norm 2.640161347855e-06 ||r(i)||/||b|| 3.664715637570e-06
350 KSP unpreconditioned resid norm 1.800542489957e-06 true resid norm 1.800542489957e-06 ||r(i)||/||b|| 2.499270063330e-06
351 KSP unpreconditioned resid norm 1.173243796396e-06 true resid norm 1.173243796396e-06 ||r(i)||/||b|| 1.628538684133e-06
352 KSP unpreconditioned resid norm 7.756082371872e-07 true resid norm 7.756082371872e-07 ||r(i)||/||b|| 1.076594670154e-06
353 KSP unpreconditioned resid norm 5.166068115464e-07 true resid norm 5.166068115464e-07 ||r(i)||/||b|| 7.170838487912e-07
354 KSP unpreconditioned resid norm 3.631539464801e-07 true resid norm 3.631539464801e-07 ||r(i)||/||b|| 5.040812932104e-07
355 KSP unpreconditioned resid norm 2.849256263621e-07 true resid norm 2.849256263621e-07 ||r(i)||/||b|| 3.954952977863e-07
356 KSP unpreconditioned resid norm 2.350497152888e-07 true resid norm 2.350497152888e-07 ||r(i)||/||b|| 3.262642898417e-07
357 KSP unpreconditioned resid norm 2.149444081726e-07 true resid norm 2.149444081726e-07 ||r(i)||/||b|| 2.983568161387e-07
358 KSP unpreconditioned resid norm 2.134512667223e-07 true resid norm 2.134512667223e-07 ||r(i)||/||b|| 2.962842387083e-07
359 KSP unpreconditioned resid norm 2.026437789268e-07 true resid norm 2.026437789268e-07 ||r(i)||/||b|| 2.812827428494e-07
360 KSP unpreconditioned resid norm 1.971309188704e-07 true resid norm 1.971309188704e-07 ||r(i)||/||b|| 2.736305345959e-07
361 KSP unpreconditioned resid norm 2.015746950746e-07 true resid norm 2.015746950746e-07 ||r(i)||/||b|| 2.797987849411e-07
362 KSP unpreconditioned resid norm 2.073219483073e-07 true resid norm 2.073219483073e-07 ||r(i)||/||b|| 2.877763461656e-07
363 KSP unpreconditioned resid norm 1.994458079593e-07 true resid norm 1.994458079593e-07 ||r(i)||/||b|| 2.768437511860e-07
364 KSP unpreconditioned resid norm 1.811136932370e-07 true resid norm 1.811136932370e-07 ||r(i)||/||b|| 2.513975838344e-07
365 KSP unpreconditioned resid norm 1.554472039693e-07 true resid norm 1.554472039693e-07 ||r(i)||/||b|| 2.157708276677e-07
366 KSP unpreconditioned resid norm 1.247612571580e-07 true resid norm 1.247612571580e-07 ||r(i)||/||b|| 1.731767380207e-07
367 KSP unpreconditioned resid norm 9.751478146143e-08 true resid norm 9.751478146143e-08 ||r(i)||/||b|| 1.353568579459e-07
368 KSP unpreconditioned resid norm 7.673169903683e-08 true resid norm 7.673169903683e-08 ||r(i)||/||b|| 1.065085880399e-07
369 KSP unpreconditioned resid norm 6.141375491687e-08 true resid norm 6.141375491687e-08 ||r(i)||/||b|| 8.524628549259e-08
370 KSP unpreconditioned resid norm 5.206355425383e-08 true resid norm 5.206355425383e-08 ||r(i)||/||b|| 7.226759893917e-08
371 KSP unpreconditioned resid norm 4.346343626530e-08 true resid norm 4.346343626530e-08 ||r(i)||/||b|| 6.033007591502e-08
372 KSP unpreconditioned resid norm 3.504042980524e-08 true resid norm 3.504042980524e-08 ||r(i)||/||b|| 4.863839520974e-08
373 KSP unpreconditioned resid norm 3.162813788364e-08 true resid norm 3.162813788364e-08 ||r(i)||/||b|| 4.390191212502e-08
374 KSP unpreconditioned resid norm 3.123468033633e-08 true resid norm 3.123468033633e-08 ||r(i)||/||b|| 4.335576746325e-08
375 KSP unpreconditioned resid norm 3.408915034962e-08 true resid norm 3.408915034962e-08 ||r(i)||/||b|| 4.731795746470e-08
376 KSP unpreconditioned resid norm 4.002648646842e-08 true resid norm 4.002648646842e-08 ||r(i)||/||b|| 5.555936609594e-08
377 KSP unpreconditioned resid norm 4.403196340336e-08 true resid norm 4.403196340336e-08 ||r(i)||/||b|| 6.111922855333e-08
378 KSP unpreconditioned resid norm 4.172616016828e-08 true resid norm 4.172616016828e-08 ||r(i)||/||b|| 5.791862371922e-08
379 KSP unpreconditioned resid norm 3.672130948522e-08 true resid norm 3.672130948522e-08 ||r(i)||/||b|| 5.097156551129e-08
380 KSP unpreconditioned resid norm 3.111339513884e-08 true resid norm 3.111339513884e-08 ||r(i)||/||b|| 4.318741572209e-08
381 KSP unpreconditioned resid norm 2.562752790445e-08 true resid norm 2.562752790445e-08 ||r(i)||/||b|| 3.557267526094e-08
382 KSP unpreconditioned resid norm 1.883373161363e-08 true resid norm 1.883373161363e-08 ||r(i)||/||b|| 2.614244421628e-08
383 KSP unpreconditioned resid norm 1.329922847279e-08 true resid norm 1.329922847279e-08 ||r(i)||/||b|| 1.846019395423e-08
384 KSP unpreconditioned resid norm 1.068261035900e-08 true resid norm 1.068261035900e-08 ||r(i)||/||b|| 1.482815785653e-08
385 KSP unpreconditioned resid norm 1.053006905599e-08 true resid norm 1.053006905599e-08 ||r(i)||/||b|| 1.461642060836e-08
386 KSP unpreconditioned resid norm 1.228956432958e-08 true resid norm 1.228956432958e-08 ||r(i)||/||b|| 1.705871446611e-08
387 KSP unpreconditioned resid norm 1.391499110049e-08 true resid norm 1.391499110049e-08 ||r(i)||/||b|| 1.931491252383e-08
388 KSP unpreconditioned resid norm 1.549001167468e-08 true resid norm 1.549001167468e-08 ||r(i)||/||b|| 2.150114350263e-08
389 KSP unpreconditioned resid norm 1.590722413012e-08 true resid norm 1.590722413012e-08 ||r(i)||/||b|| 2.208026152164e-08
390 KSP unpreconditioned resid norm 1.492987219912e-08 true resid norm 1.492987219912e-08 ||r(i)||/||b|| 2.072363348531e-08
391 KSP unpreconditioned resid norm 1.304196713315e-08 true resid norm 1.304196713315e-08 ||r(i)||/||b|| 1.810309848538e-08
392 KSP unpreconditioned resid norm 1.072995401832e-08 true resid norm 1.072995401832e-08 ||r(i)||/||b|| 1.489387393437e-08
393 KSP unpreconditioned resid norm 8.358001951400e-09 true resid norm 8.358001951400e-09 ||r(i)||/||b|| 1.160145022009e-08
394 KSP unpreconditioned resid norm 7.008955578588e-09 true resid norm 7.008955578588e-09 ||r(i)||/||b|| 9.728886127644e-09
            || b ||_2 = 7.2042734251691598e-01
|| r ||_2 / || b ||_2 = 1.1640065646159287e-08
WARNING! There are options you set that were not used!
WARNING! could be spelling mistake, etc!
There is one unused database option. It is:
Option left: name:-ksp_gmres_restart value: 50 source: command line
