Config file: ../input/config/comsol-model/spherical-shell/dof-684.json
==== basic information of linear system ====
matrix Row = 684, matrix Column = 684
matrix nz_allocated = 23256, matrix nz_used = 23256, matrix nz_unneeded = 0
vector Row = 684
initial     || b ||_2 = 5.0000000000000000e+03
==== Initial L2 norm of residual
            || b ||_2 = 5.0000000000000000e+03
|| r ||_2 / || b ||_2 = 1.0000000000000000e+00
Partitioning a graph of size 114 serially
      Setup: Max:   0.001, Sum:   0.003, Balance:   1.000
      Total: Max:   0.005, Sum:   0.022, Balance:   1.000
       Aux1: Max:   0.000, Sum:   0.000, Balance:   1.029
Final  28-way Cut:    165 	Balance: 1.228 
in level 0, size of op_f: (684, 684)
>>>> in rank 0, local size of op_f: (174, 174)


>>>> in rank 1, local size of op_f: (174, 174)


>>>> in rank 2, local size of op_f: (168, 168)


>>>> in rank 3, local size of op_f: (168, 168)


in level 0, size of op_ua_p: (684, 168)
>>>> in rank 0, local size of op_ua_p: (174, 60)


>>>> in rank 1, local size of op_ua_p: (174, 42)


>>>> in rank 2, local size of op_ua_p: (168, 36)


>>>> in rank 3, local size of op_ua_p: (168, 30)


Mat Object: 4 MPI processes
  type: mpiaij
  row 0:   (36, -0.447214)    (37, 0.)    (38, 0.)    (39, 0.)    (40, 0.0892861)    (41, 0.228316)   
  row 1:   (36, -0.)    (37, -0.447214)    (38, 0.)    (39, 0.0946342)    (40, -0.0336292)    (41, 0.140525)   
  row 2:   (36, -0.)    (37, -0.)    (38, -0.447214)    (39, 0.265905)    (40, -0.261243)    (41, -0.0315575)   
  row 3:   (36, -0.)    (37, -0.)    (38, -0.)    (39, 0.)    (40, 0.0512011)    (41, -0.195332)   
  row 4:   (36, -0.)    (37, -0.)    (38, -0.)    (39, 0.054268)    (40, -0.0192847)    (41, 0.345776)   
  row 5:   (36, -0.)    (37, -0.)    (38, -0.)    (39, -0.225201)    (40, -0.305238)    (41, 0.0348851)   
  row 6:   (36, -0.447214)    (37, -0.)    (38, -0.)    (39, 0.)    (40, -0.3011)    (41, 0.0556447)   
  row 7:   (36, -0.)    (37, -0.447214)    (38, -0.)    (39, -0.319135)    (40, 0.113408)    (41, 0.113568)   
  row 8:   (36, -0.)    (37, -0.)    (38, -0.447214)    (39, 0.0590142)    (40, -0.100256)    (41, -0.00634868)   
  row 9:   (36, -0.)    (37, -0.)    (38, -0.)    (39, 0.)    (40, 0.0244157)    (41, -0.219149)   
  row 10:   (36, -0.)    (37, -0.)    (38, -0.)    (39, 0.0258782)    (40, -0.00919605)    (41, 0.337428)   
  row 11:   (36, -0.)    (37, -0.)    (38, -0.)    (39, -0.253252)    (40, -0.282171)    (41, 0.0382838)   
  row 12:   (36, -0.5)    (37, 0.)    (38, 0.)    (39, 0.)    (40, 0.248505)    (41, -0.186818)   
  row 13:   (36, -0.)    (37, -0.5)    (38, 0.)    (39, -0.322614)    (40, -0.0439995)    (41, -0.362279)   
  row 14:   (36, -0.)    (37, -0.)    (38, -0.5)    (39, 0.285061)    (40, 0.256583)    (41, 0.156447)   
  row 15:   (36, -0.)    (37, -0.)    (38, -0.)    (39, 0.)    (40, -0.1887)    (41, 0.0704657)   
  row 16:   (36, -0.)    (37, -0.)    (38, -0.)    (39, 0.244974)    (40, 0.0334107)    (41, -0.37294)   
  row 17:   (36, -0.)    (37, -0.)    (38, -0.)    (39, -0.135028)    (40, 0.385628)    (41, 0.0546815)   
  row 18:   (36, -0.5)    (37, 0.)    (38, 0.)    (39, 0.)    (40, 0.287005)    (41, -0.185903)   
  row 19:   (36, -0.)    (37, -0.5)    (38, 0.)    (39, -0.398821)    (40, -0.00065141)    (41, -0.362375)   
  row 20:   (36, -0.)    (37, -0.)    (38, -0.5)    (39, 0.252874)    (40, 0.175011)    (41, 0.116671)   
  row 21:   (36, -0.)    (37, -0.)    (38, -0.)    (39, 0.)    (40, -0.181707)    (41, 0.00258184)   
  row 22:   (36, -0.)    (37, -0.)    (38, -0.)    (39, 0.2525)    (40, 0.000412418)    (41, -0.393278)   
  row 23:   (36, -0.)    (37, -0.)    (38, -0.)    (39, -0.0302466)    (40, 0.394887)    (41, 0.0414987)   
  row 24:   (42, -0.5)    (43, -0.)    (44, -0.)    (45, 0.)    (46, -0.0945498)    (47, -0.236787)   
  row 25:   (42, -0.)    (43, -0.5)    (44, -0.)    (45, 0.131386)    (46, 0.000214598)    (47, 0.0900935)   
  row 26:   (42, -0.)    (43, -0.)    (44, -0.5)    (45, 0.252874)    (46, -0.0333332)    (47, 0.0888861)   
  row 27:   (42, -0.)    (43, -0.)    (44, -0.)    (45, 0.)    (46, -0.236534)    (47, -0.00296757)   
  row 28:   (42, -0.)    (43, -0.)    (44, -0.)    (45, 0.328687)    (46, 0.000536857)    (47, -0.327848)   
  row 29:   (42, -0.)    (43, -0.)    (44, -0.)    (45, -0.0322345)    (46, 0.364611)    (47, 0.0367274)   
  row 30:   (42, -0.5)    (43, -0.)    (44, -0.)    (45, 0.)    (46, 0.0877961)    (47, 0.223898)   
  row 31:   (42, -0.)    (43, -0.5)    (44, -0.)    (45, -0.122001)    (46, -0.00019927)    (47, -0.107981)   
  row 32:   (42, -0.)    (43, -0.)    (44, -0.5)    (45, -0.23935)    (46, 0.0506891)    (47, -0.0815804)   
  row 33:   (42, -0.)    (43, -0.)    (44, -0.)    (45, 0.)    (46, -0.209876)    (47, 0.0351765)   
  row 34:   (42, -0.)    (43, -0.)    (44, -0.)    (45, 0.291644)    (46, 0.000476353)    (47, -0.357802)   
  row 35:   (42, -0.)    (43, -0.)    (44, -0.)    (45, -0.0712511)    (46, 0.377757)    (47, 0.0240803)   
  row 36:   (30, -0.5)    (31, -0.)    (32, -0.)    (33, 0.)    (34, -0.280251)    (35, 0.198792)   
  row 37:   (30, -0.)    (31, -0.5)    (32, -0.)    (33, 0.389436)    (34, 0.000636082)    (35, 0.380262)   
  row 38:   (30, -0.)    (31, -0.)    (32, -0.5)    (33, -0.266397)    (34, -0.192367)    (35, -0.123977)   
  row 39:   (30, -0.)    (31, -0.)    (32, -0.)    (33, -0.)    (34, -0.261067)    (35, 0.0309455)   
  row 40:   (30, -0.)    (31, -0.)    (32, -0.)    (33, 0.362778)    (34, 0.00059254)    (35, -0.290025)   
  row 41:   (30, -0.)    (31, -0.)    (32, -0.)    (33, -0.0741792)    (34, 0.344059)    (35, 0.0185056)   
  row 42:   (30, -0.5)    (31, 0.)    (32, 0.)    (33, 0.)    (34, 0.111657)    (35, -0.331163)   
  row 43:   (30, -0.)    (31, -0.5)    (32, 0.)    (33, -0.112557)    (34, -0.0126399)    (35, -0.210881)   
  row 44:   (30, -0.)    (31, -0.)    (32, -0.5)    (33, 0.307184)    (34, 0.18787)    (35, 0.120631)   
  row 45:   (30, -0.)    (31, -0.)    (32, -0.)    (33, 0.)    (34, -0.307445)    (35, 0.0277162)   
  row 46:   (30, -0.)    (31, -0.)    (32, -0.)    (33, 0.309923)    (34, 0.0348036)    (35, -0.261843)   
  row 47:   (30, -0.)    (31, -0.)    (32, -0.)    (33, -0.0256826)    (34, 0.350073)    (35, -0.0101208)   
  row 48:   (12, -0.5)    (13, -0.)    (14, -0.)    (15, 0.)    (16, -0.219402)    (17, -0.331131)   
  row 49:   (12, -0.)    (13, -0.5)    (14, -0.)    (15, 0.22117)    (16, 0.0248369)    (17, 0.279958)   
  row 50:   (12, -0.)    (13, -0.)    (14, -0.5)    (15, 0.307184)    (16, -0.143189)    (17, 0.120663)   
  row 51:   (12, -0.)    (13, -0.)    (14, -0.)    (15, 0.)    (16, -0.354225)    (17, 0.0276142)   
  row 52:   (12, -0.)    (13, -0.)    (14, -0.)    (15, 0.35708)    (16, 0.0400992)    (17, -0.192284)   
  row 53:   (12, -0.)    (13, -0.)    (14, -0.)    (15, -0.0255838)    (16, 0.303119)    (17, -0.0100775)   
  row 54:   (42, -0.5)    (43, -0.)    (44, -0.)    (45, 0.)    (46, -0.0572629)    (47, 0.107307)   
  row 55:   (42, -0.)    (43, -0.5)    (44, -0.)    (45, 0.0577246)    (46, 0.00648232)    (47, 0.0650808)   
  row 56:   (42, -0.)    (43, -0.)    (44, -0.5)    (45, -0.0995351)    (46, -0.0502029)    (47, -0.0390885)   
  row 57:   (42, -0.)    (43, -0.)    (44, -0.)    (45, 0.)    (46, -0.330214)    (47, 0.0635202)   
  row 58:   (42, -0.)    (43, -0.)    (44, -0.)    (45, 0.332877)    (46, 0.0373812)    (47, -0.225228)   
  row 59:   (42, -0.)    (43, -0.)    (44, -0.)    (45, -0.0588931)    (46, 0.320946)    (47, -0.0231618)   
  row 60:   (42, -0.5)    (43, 0.)    (44, 0.)    (45, 0.)    (46, -0.201609)    (47, 0.168297)   
  row 61:   (42, -0.)    (43, -0.5)    (44, 0.)    (45, -0.270258)    (46, 0.0923771)    (47, 0.24129)   
  row 62:   (42, -0.)    (43, -0.)    (44, -0.5)    (45, 0.298653)    (46, -0.259511)    (47, -0.135225)   
  row 63:   (42, -0.)    (43, -0.)    (44, -0.)    (45, 0.)    (46, 0.112726)    (47, -0.121952)   
  row 64:   (42, -0.)    (43, -0.)    (44, -0.)    (45, 0.15111)    (46, -0.051651)    (47, 0.412582)   
  row 65:   (42, -0.)    (43, -0.)    (44, -0.)    (45, -0.205386)    (46, -0.404877)    (47, -0.0468132)   
  row 66:   (24, -0.5)    (25, -0.)    (26, -0.)    (27, 0.)    (28, 0.165867)    (29, 0.203633)   
  row 67:   (24, -0.)    (25, -0.5)    (26, -0.)    (27, 0.222346)    (28, -0.0760003)    (29, -0.0485814)   
  row 68:   (24, -0.)    (25, -0.)    (26, -0.5)    (27, 0.225945)    (28, -0.101918)    (29, -0.0796759)   
  row 69:   (24, -0.)    (25, -0.)    (26, -0.)    (27, 0.)    (28, 0.171551)    (29, -0.12282)   
  row 70:   (24, -0.)    (25, -0.)    (26, -0.)    (27, 0.229965)    (28, -0.0786044)    (29, 0.364099)   
  row 71:   (24, -0.)    (25, -0.)    (26, -0.)    (27, -0.226021)    (28, -0.374434)    (29, -0.0344713)   
  row 72:   (30, -0.5)    (31, -0.)    (32, -0.)    (33, 0.)    (34, -0.192224)    (35, -0.181144)   
  row 73:   (30, -0.)    (31, -0.5)    (32, -0.)    (33, -0.257678)    (34, 0.0880769)    (35, 0.0926689)   
  row 74:   (30, -0.)    (31, -0.)    (32, -0.5)    (33, -0.186229)    (34, 0.0548606)    (35, 0.0586863)   
  row 75:   (30, -0.)    (31, -0.)    (32, -0.)    (33, 0.)    (34, 0.119806)    (35, -0.17933)   
  row 76:   (30, -0.)    (31, -0.)    (32, -0.)    (33, 0.160601)    (34, -0.0548949)    (35, 0.384282)   
  row 77:   (30, -0.)    (31, -0.)    (32, -0.)    (33, -0.286835)    (34, -0.351117)    (35, -0.0140123)   
  row 78:   (30, -0.5)    (31, 0.)    (32, 0.)    (33, 0.)    (34, 0.229808)    (35, 0.31074)   
  row 79:   (30, -0.)    (31, -0.5)    (32, 0.)    (33, 0.303962)    (34, -0.0799976)    (35, 0.049952)   
  row 80:   (30, -0.)    (31, -0.)    (32, -0.5)    (33, 0.466812)    (34, -0.215697)    (35, -0.0488204)   
  row 81:   (30, -0.)    (31, -0.)    (32, -0.)    (33, 0.)    (34, 0.0653654)    (35, -0.0984408)   
  row 82:   (30, -0.)    (31, -0.)    (32, -0.)    (33, 0.0864572)    (34, -0.0227541)    (35, 0.417338)   
  row 83:   (30, -0.)    (31, -0.)    (32, -0.)    (33, -0.14018)    (34, -0.434811)    (35, 0.0337253)   
  row 84:   (12, -0.5)    (13, -0.)    (14, -0.)    (15, 0.)    (16, -0.2187)    (17, 0.113548)   
  row 85:   (12, -0.)    (13, -0.5)    (14, -0.)    (15, -0.289269)    (16, 0.0761307)    (17, 0.0892237)   
  row 86:   (12, -0.)    (13, -0.)    (14, -0.5)    (15, 0.153703)    (16, -0.103167)    (17, -0.0148479)   
  row 87:   (12, -0.)    (13, -0.)    (14, -0.)    (15, 0.)    (16, 0.0285541)    (17, -0.125176)   
  row 88:   (12, -0.)    (13, -0.)    (14, -0.)    (15, 0.0377679)    (16, -0.00993987)    (17, 0.418849)   
  row 89:   (12, -0.)    (13, -0.)    (14, -0.)    (15, -0.181294)    (16, -0.419627)    (17, 0.0381706)   
  row 90:   (18, -0.5)    (19, -0.)    (20, -0.)    (21, 0.)    (22, 0.207591)    (23, -0.124537)   
  row 91:   (18, -0.)    (19, -0.5)    (20, -0.)    (21, 0.274576)    (22, -0.0722638)    (23, -0.0742445)   
  row 92:   (18, -0.)    (19, -0.)    (20, -0.5)    (21, -0.170378)    (22, 0.0928297)    (23, 0.0172803)   
  row 93:   (18, -0.)    (19, -0.)    (20, -0.)    (21, 0.)    (22, 0.0545856)    (23, -0.157445)   
  row 94:   (18, -0.)    (19, -0.)    (20, -0.)    (21, 0.072199)    (22, -0.0190016)    (23, 0.402374)   
  row 95:   (18, -0.)    (19, -0.)    (20, -0.)    (21, -0.226989)    (22, -0.393669)    (23, 0.0427646)   
  row 96:   (18, -0.5)    (19, -0.)    (20, -0.)    (21, 0.)    (22, -0.2187)    (23, -0.29975)   
  row 97:   (18, -0.)    (19, -0.5)    (20, -0.)    (21, -0.289269)    (22, 0.0761307)    (23, -0.0649312)   
  row 98:   (18, -0.)    (19, -0.)    (20, -0.5)    (21, -0.450137)    (22, 0.226033)    (23, 0.046388)   
  row 99:   (18, -0.)    (19, -0.)    (20, -0.)    (21, -0.)    (22, 0.0270074)    (23, -0.184994)   
  row 100:   (18, -0.)    (19, -0.)    (20, -0.)    (21, 0.0357221)    (22, -0.00940145)    (23, 0.396776)   
  row 101:   (18, -0.)    (19, -0.)    (20, -0.)    (21, -0.268776)    (22, -0.371967)    (23, 0.0470435)   
  row 102:   (12, -0.5)    (13, 0.)    (14, 0.)    (15, 0.)    (16, -0.198047)    (17, 0.195861)   
  row 103:   (12, -0.)    (13, -0.5)    (14, 0.)    (15, -0.341436)    (16, 0.0379717)    (17, 0.0626427)   
  row 104:   (12, -0.)    (13, -0.)    (14, -0.5)    (15, 0.324018)    (16, -0.0600695)    (17, -0.0356775)   
  row 105:   (12, -0.)    (13, -0.)    (14, -0.)    (15, 0.)    (16, 0.0224034)    (17, -0.023306)   
  row 106:   (12, -0.)    (13, -0.)    (14, -0.)    (15, 0.0386239)    (16, -0.00429543)    (17, 0.45946)   
  row 107:   (12, -0.)    (13, -0.)    (14, -0.)    (15, -0.0386239)    (16, -0.45674)    (17, 0.0201489)   
  row 108:   (6, -0.5)    (7, -0.)    (8, -0.)    (9, 0.)    (10, 0.262322)    (11, 0.180086)   
  row 109:   (6, -0.)    (7, -0.5)    (8, -0.)    (9, 0.452247)    (10, -0.0502952)    (11, -0.0598922)   
  row 110:   (6, -0.)    (7, -0.)    (8, -0.5)    (9, 0.324018)    (10, -0.0271422)    (11, -0.0368058)   
  row 111:   (6, -0.)    (7, -0.)    (8, -0.)    (9, 0.)    (10, 0.0697999)    (11, -0.0187249)   
  row 112:   (6, -0.)    (7, -0.)    (8, -0.)    (9, 0.120336)    (10, -0.0133828)    (11, 0.445725)   
  row 113:   (6, -0.)    (7, -0.)    (8, -0.)    (9, -0.0279901)    (10, -0.45342)    (11, 0.0187966)   
  row 114:   (24, -0.5)    (25, -0.)    (26, -0.)    (27, 0.)    (28, 0.133772)    (29, -0.108669)   
  row 115:   (24, -0.)    (25, -0.5)    (26, -0.)    (27, 0.230625)    (28, -0.0256482)    (29, -0.0322678)   
  row 116:   (24, -0.)    (25, -0.)    (26, -0.5)    (27, -0.178371)    (28, 0.026087)    (29, 0.0198796)   
  row 117:   (24, -0.)    (25, -0.)    (26, -0.)    (27, 0.)    (28, 0.0452108)    (29, -0.0458828)   
  row 118:   (24, -0.)    (25, -0.)    (26, -0.)    (27, 0.0779442)    (28, -0.00866832)    (29, 0.451765)   
  row 119:   (24, -0.)    (25, -0.)    (26, -0.)    (27, -0.0759745)    (28, -0.44934)    (29, 0.0242453)   
  row 120:   (24, -0.5)    (25, -0.)    (26, -0.)    (27, 0.)    (28, -0.198047)    (29, -0.267278)   
  row 121:   (24, -0.)    (25, -0.5)    (26, -0.)    (27, -0.341436)    (28, 0.0379717)    (29, 0.0295172)   
  row 122:   (24, -0.)    (25, -0.)    (26, -0.5)    (27, -0.469664)    (28, 0.0611247)    (29, 0.0526037)   
  row 123:   (24, -0.)    (25, -0.)    (26, -0.)    (27, -0.)    (28, 0.0228599)    (29, -0.0724984)   
  row 124:   (24, -0.)    (25, -0.)    (26, -0.)    (27, 0.0394108)    (28, -0.00438294)    (29, 0.454324)   
  row 125:   (24, -0.)    (25, -0.)    (26, -0.)    (27, -0.122898)    (28, -0.442351)    (29, 0.0294706)   
  row 126:   (0, -0.5)    (1, 0.)    (2, 0.)    (3, 0.)    (4, 0.0117521)    (5, -0.352695)   
  row 127:   (0, -0.)    (1, -0.5)    (2, 0.)    (3, -0.0178459)    (4, -0.00192914)    (5, -0.0428712)   
  row 128:   (0, -0.)    (1, -0.)    (2, -0.5)    (3, 0.533273)    (4, 0.0941088)    (5, 0.186808)   
  row 129:   (0, -0.)    (1, -0.)    (2, -0.)    (3, 0.)    (4, -0.138357)    (5, 0.00948758)   
  row 130:   (0, -0.)    (1, -0.)    (2, -0.)    (3, 0.210098)    (4, 0.0227116)    (5, -0.390136)   
  row 131:   (0, -0.)    (1, -0.)    (2, -0.)    (3, -0.0315206)    (4, 0.455889)    (5, 0.0270358)   
  row 132:   (0, -0.5)    (1, -0.)    (2, -0.)    (3, 0.)    (4, 0.210114)    (5, -0.0066897)   
  row 133:   (0, -0.)    (1, -0.5)    (2, -0.)    (3, -0.319064)    (4, -0.0344908)    (5, -0.18228)   
  row 134:   (0, -0.)    (1, -0.)    (2, -0.5)    (3, 0.0362301)    (4, 0.0757185)    (5, 0.0184121)   
  row 135:   (0, -0.)    (1, -0.)    (2, -0.)    (3, 0.)    (4, -0.106377)    (5, 0.0437638)   
  row 136:   (0, -0.)    (1, -0.)    (2, -0.)    (3, 0.161536)    (4, 0.0174621)    (5, -0.412903)   
  row 137:   (0, -0.)    (1, -0.)    (2, -0.)    (3, -0.0792249)    (4, 0.456719)    (5, 0.0110879)   
  row 138:   (12, -0.5)    (13, -0.)    (14, -0.)    (15, 0.)    (16, -0.221298)    (17, 0.00746477)   
  row 139:   (12, -0.)    (13, -0.5)    (14, -0.)    (15, 0.336048)    (16, 0.0363267)    (17, 0.180232)   
  row 140:   (12, -0.)    (13, -0.)    (14, -0.5)    (15, -0.0387903)    (16, -0.0681491)    (17, -0.018647)   
  row 141:   (12, -0.)    (13, -0.)    (14, -0.)    (15, 0.)    (16, -0.171123)    (17, 0.0384754)   
  row 142:   (12, -0.)    (13, -0.)    (14, -0.)    (15, 0.259855)    (16, 0.0280902)    (17, -0.359144)   
  row 143:   (12, -0.)    (13, -0.)    (14, -0.)    (15, -0.0793066)    (16, 0.436978)    (17, 0.00943147)   
  row 144:   (18, -0.5)    (19, -0.)    (20, -0.)    (21, 0.)    (22, -0.000567993)    (23, 0.35192)   
  row 145:   (18, -0.)    (19, -0.5)    (20, -0.)    (21, 0.000862512)    (22, 9.32373e-05)    (23, 0.0449194)   
  row 146:   (18, -0.)    (19, -0.)    (20, -0.5)    (21, -0.530713)    (22, -0.101678)    (23, -0.186573)   
  row 147:   (18, -0.)    (19, -0.)    (20, -0.)    (21, -0.)    (22, -0.133244)    (23, 0.0913999)   
  row 148:   (18, -0.)    (19, -0.)    (20, -0.)    (21, 0.202335)    (22, 0.0218724)    (23, -0.383377)   
  row 149:   (18, -0.)    (19, -0.)    (20, -0.)    (21, -0.154396)    (22, 0.433237)    (23, -0.0160879)   
  row 150:   (48, -0.447214)    (49, 0.)    (50, 0.)    (51, 0.)    (52, 0.0491843)    (53, -0.0906138)   
  row 151:   (48, -0.)    (49, -0.447214)    (50, 0.)    (51, -0.0490949)    (52, -0.00626636)    (53, -0.163923)   
  row 152:   (48, -0.)    (49, -0.)    (50, -0.447214)    (51, 0.0769166)    (52, 0.132903)    (53, 0.0300522)   
  row 153:   (48, -0.)    (49, -0.)    (50, -0.)    (51, 0.)    (52, -0.322082)    (53, 0.0462063)   
  row 154:   (48, -0.)    (49, -0.)    (50, -0.)    (51, 0.321496)    (52, 0.041035)    (53, -0.18543)   
  row 155:   (48, -0.)    (49, -0.)    (50, -0.)    (51, -0.0507816)    (52, 0.23138)    (53, -0.00483454)   
  row 156:   (48, -0.447214)    (49, -0.)    (50, -0.)    (51, 0.)    (52, -0.0815194)    (53, -0.519057)   
  row 157:   (48, -0.)    (49, -0.447214)    (50, -0.)    (51, 0.0813712)    (52, 0.010386)    (53, 0.058443)   
  row 158:   (48, -0.)    (49, -0.)    (50, -0.447214)    (51, 0.426457)    (52, 0.0272555)    (53, 0.133253)   
  row 159:   (48, -0.)    (49, -0.)    (50, -0.)    (51, 0.)    (52, -0.339935)    (53, 0.0129359)   
  row 160:   (48, -0.)    (49, -0.)    (50, -0.)    (51, 0.339317)    (52, 0.0433096)    (53, -0.153768)   
  row 161:   (48, -0.)    (49, -0.)    (50, -0.)    (51, -0.0239382)    (52, 0.213213)    (53, 0.00261814)   
  row 162:   (54, -0.447214)    (55, 0.)    (56, 0.)    (57, 0.)    (58, 0.0961502)    (59, -0.33443)   
  row 163:   (54, -0.)    (55, -0.447214)    (56, 0.)    (57, -0.0952365)    (58, 0.0111014)    (59, -0.470389)   
  row 164:   (54, -0.)    (55, -0.)    (56, -0.447214)    (57, 0.257336)    (58, 0.309702)    (59, 0.089479)   
  row 165:   (54, -0.)    (55, -0.)    (56, -0.)    (57, 0.)    (58, -0.360575)    (59, -0.00922091)   
  row 166:   (54, -0.)    (55, -0.)    (56, -0.)    (57, 0.357149)    (58, -0.0416317)    (59, -0.146056)   
  row 167:   (54, -0.)    (55, -0.)    (56, -0.)    (57, -0.0231943)    (58, 0.166409)    (59, 0.0136717)   
  row 168:   (54, -0.447214)    (55, -0.)    (56, -0.)    (57, 0.)    (58, -0.042307)    (59, -0.349918)   
  row 169:   (54, -0.)    (55, -0.447214)    (56, -0.)    (57, 0.041905)    (58, -0.00488474)    (59, 0.0502519)   
  row 170:   (54, -0.)    (55, -0.)    (56, -0.447214)    (57, 0.257336)    (58, -0.0615093)    (59, 0.0479559)   
  row 171:   (54, -0.)    (55, -0.)    (56, -0.)    (57, 0.)    (58, -0.380164)    (59, -0.0145704)   
  row 172:   (54, -0.)    (55, -0.)    (56, -0.)    (57, 0.376551)    (58, -0.0438934)    (59, -0.0725921)   
  row 173:   (54, -0.)    (55, -0.)    (56, -0.)    (57, -0.0208397)    (58, 0.113763)    (59, 0.00828457)   
  row 174:   (96, -0.5)    (97, 0.)    (98, 0.)    (99, 0.)    (100, 0.000736)    (101, 0.20422)   
  row 175:   (96, -0.)    (97, -0.5)    (98, 0.)    (99, 0.000774425)    (100, -0.000297106)    (101, 0.163582)   
  row 176:   (96, -0.)    (97, -0.)    (98, -0.5)    (99, 0.203165)    (100, -0.23299)    (101, -0.106687)   
  row 177:   (96, -0.)    (97, -0.)    (98, -0.)    (99, 0.)    (100, 0.23682)    (101, -0.18961)   
  row 178:   (96, -0.)    (97, -0.)    (98, -0.)    (99, 0.249184)    (100, -0.0955985)    (101, 0.321575)   
  row 179:   (96, -0.)    (97, -0.)    (98, -0.)    (99, -0.249738)    (100, -0.285845)    (101, -0.0167179)   
  row 180:   (6, -0.447214)    (7, -0.)    (8, -0.)    (9, 0.)    (10, 0.432848)    (11, 0.0884676)   
  row 181:   (6, -0.)    (7, -0.447214)    (8, -0.)    (9, 0.458775)    (10, -0.16303)    (11, -0.0538122)   
  row 182:   (6, -0.)    (7, -0.)    (8, -0.447214)    (9, 0.110176)    (10, -0.0447148)    (11, -0.0140601)   
  row 183:   (6, -0.)    (7, -0.)    (8, -0.)    (9, 0.)    (10, 0.105989)    (11, -0.216144)   
  row 184:   (6, -0.)    (7, -0.)    (8, -0.)    (9, 0.112338)    (10, -0.0399203)    (11, 0.315794)   
  row 185:   (6, -0.)    (7, -0.)    (8, -0.)    (9, -0.24831)    (10, -0.272422)    (11, 0.037471)   
  row 186:   (6, -0.447214)    (7, -0.)    (8, -0.)    (9, 0.)    (10, 0.0800657)    (11, -0.103821)   
  row 187:   (6, -0.)    (7, -0.447214)    (8, -0.)    (9, 0.0848615)    (10, -0.0301564)    (11, -0.0711155)   
  row 188:   (6, -0.)    (7, -0.)    (8, -0.447214)    (9, -0.118748)    (10, 0.10797)    (11, 0.0142278)   
  row 189:   (6, -0.)    (7, -0.)    (8, -0.)    (9, 0.)    (10, 0.053301)    (11, -0.242609)   
  row 190:   (6, -0.)    (7, -0.)    (8, -0.)    (9, 0.0564937)    (10, -0.0200756)    (11, 0.314664)   
  row 191:   (6, -0.)    (7, -0.)    (8, -0.)    (9, -0.279892)    (10, -0.252134)    (11, 0.0413855)   
  row 192:   (24, -0.447214)    (25, -0.)    (26, -0.)    (27, 0.)    (28, -0.3011)    (29, -0.268608)   
  row 193:   (24, -0.)    (25, -0.447214)    (26, -0.)    (27, -0.319135)    (28, 0.113408)    (29, -0.129166)   
  row 194:   (24, -0.)    (25, -0.)    (26, -0.447214)    (27, -0.316346)    (28, 0.298245)    (29, 0.0377384)   
  row 195:   (24, -0.)    (25, -0.)    (26, -0.)    (27, -0.)    (28, 0.0242152)    (29, -0.265557)   
  row 196:   (24, -0.)    (25, -0.)    (26, -0.)    (27, 0.0256657)    (28, -0.00912054)    (29, 0.302741)   
  row 197:   (24, -0.)    (25, -0.)    (26, -0.)    (27, -0.306979)    (28, -0.225163)    (29, 0.0445947)   
  row 198:   (0, -0.5)    (1, -0.)    (2, -0.)    (3, 0.)    (4, -0.141337)    (5, -0.238131)   
  row 199:   (0, -0.)    (1, -0.5)    (2, -0.)    (3, 0.183486)    (4, 0.0250246)    (5, 0.0762754)   
  row 200:   (0, -0.)    (1, -0.)    (2, -0.5)    (3, 0.230676)    (4, 0.0216562)    (5, 0.0793734)   
  row 201:   (0, -0.)    (1, -0.)    (2, -0.)    (3, 0.)    (4, -0.242822)    (5, 0.0637299)   
  row 202:   (0, -0.)    (1, -0.)    (2, -0.)    (3, 0.315236)    (4, 0.0429933)    (5, -0.31183)   
  row 203:   (0, -0.)    (1, -0.)    (2, -0.)    (3, -0.143021)    (4, 0.352754)    (5, 0.0437741)   
  row 204:   (0, -0.5)    (1, -0.)    (2, -0.)    (3, 0.)    (4, 0.127991)    (5, 0.222264)   
  row 205:   (0, -0.)    (1, -0.5)    (2, -0.)    (3, -0.166161)    (4, -0.0226618)    (5, -0.0900254)   
  row 206:   (0, -0.)    (1, -0.)    (2, -0.5)    (3, -0.216443)    (4, -0.00223266)    (5, -0.0698832)   
  row 207:   (0, -0.)    (1, -0.)    (2, -0.)    (3, 0.)    (4, -0.205418)    (5, 0.130313)   
  row 208:   (0, -0.)    (1, -0.)    (2, -0.)    (3, 0.266677)    (4, 0.0363707)    (5, -0.333926)   
  row 209:   (0, -0.)    (1, -0.)    (2, -0.)    (3, -0.208132)    (4, 0.348148)    (5, 0.0217525)   
  row 210:   (0, -0.5)    (1, -0.)    (2, -0.)    (3, 0.)    (4, -0.23516)    (5, 0.202684)   
  row 211:   (0, -0.)    (1, -0.5)    (2, -0.)    (3, 0.305289)    (4, 0.0416366)    (5, 0.376029)   
  row 212:   (0, -0.)    (1, -0.)    (2, -0.5)    (3, -0.299294)    (4, -0.276006)    (5, -0.165937)   
  row 213:   (0, -0.)    (1, -0.)    (2, -0.)    (3, -0.)    (4, -0.255654)    (5, 0.12693)   
  row 214:   (0, -0.)    (1, -0.)    (2, -0.)    (3, 0.331894)    (4, 0.0452652)    (5, -0.269713)   
  row 215:   (0, -0.)    (1, -0.)    (2, -0.)    (3, -0.218824)    (4, 0.310607)    (5, 0.00879549)   
  row 216:   (18, -0.5)    (19, -0.)    (20, -0.)    (21, 0.)    (22, 0.165008)    (23, 0.554987)   
  row 217:   (18, -0.)    (19, -0.5)    (20, -0.)    (21, -0.166338)    (22, -0.0186793)    (23, -0.134157)   
  row 218:   (18, -0.)    (19, -0.)    (20, -0.5)    (21, -0.514832)    (22, 0.00552184)    (23, -0.202206)   
  row 219:   (18, -0.)    (19, -0.)    (20, -0.)    (21, -0.)    (22, -0.299154)    (23, 0.125939)   
  row 220:   (18, -0.)    (19, -0.)    (20, -0.)    (21, 0.301565)    (22, 0.033865)    (23, -0.25301)   
  row 221:   (18, -0.)    (19, -0.)    (20, -0.)    (21, -0.116797)    (22, 0.328693)    (23, -0.0459047)   
  row 222:   (48, -0.5)    (49, -0.)    (50, -0.)    (51, 0.)    (52, 0.227966)    (53, -0.190786)   
  row 223:   (48, -0.)    (49, -0.5)    (50, -0.)    (51, 0.30559)    (52, -0.104454)    (53, -0.285377)   
  row 224:   (48, -0.)    (49, -0.)    (50, -0.5)    (51, -0.338369)    (52, 0.306568)    (53, 0.156214)   
  row 225:   (48, -0.)    (49, -0.)    (50, -0.)    (51, -0.)    (52, 0.179376)    (53, -0.17873)   
  row 226:   (48, -0.)    (49, -0.)    (50, -0.)    (51, 0.240455)    (52, -0.0821899)    (53, 0.331369)   
  row 227:   (48, -0.)    (49, -0.)    (50, -0.)    (51, -0.305692)    (52, -0.317061)    (53, -0.00123928)   
  row 228:   (48, -0.447214)    (49, -0.)    (50, -0.)    (51, 0.)    (52, 0.22467)    (53, 0.346584)   
  row 229:   (48, -0.)    (49, -0.447214)    (50, -0.)    (51, -0.224262)    (52, -0.0286243)    (53, -0.352069)   
  row 230:   (48, -0.)    (49, -0.)    (50, -0.447214)    (51, -0.278127)    (52, 0.197779)    (53, -0.0767689)   
  row 231:   (48, -0.)    (49, -0.)    (50, -0.)    (51, 0.)    (52, -0.296434)    (53, 0.10573)   
  row 232:   (48, -0.)    (49, -0.)    (50, -0.)    (51, 0.295895)    (52, 0.0377674)    (53, -0.214547)   
  row 233:   (48, -0.)    (49, -0.)    (50, -0.)    (51, -0.0990517)    (52, 0.242666)    (53, -0.0192414)   
  row 234:   (48, -0.447214)    (49, -0.)    (50, -0.)    (51, 0.)    (52, -0.0150954)    (53, 0.334099)   
  row 235:   (48, -0.)    (49, -0.447214)    (50, -0.)    (51, 0.0150679)    (52, 0.00192324)    (53, 0.112261)   
  row 236:   (48, -0.)    (49, -0.)    (50, -0.447214)    (51, -0.277125)    (52, -0.124519)    (53, -0.0916144)   
  row 237:   (48, -0.)    (49, -0.)    (50, -0.)    (51, 0.)    (52, -0.330877)    (53, 0.101569)   
  row 238:   (48, -0.)    (49, -0.)    (50, -0.)    (51, 0.330275)    (52, 0.0421555)    (53, -0.148747)   
  row 239:   (48, -0.)    (49, -0.)    (50, -0.)    (51, -0.0969482)    (52, 0.197365)    (53, -0.0207207)   
  row 240:   (54, -0.447214)    (55, -0.)    (56, -0.)    (57, 0.)    (58, -0.17724)    (59, -0.0710125)   
  row 241:   (54, -0.)    (55, -0.447214)    (56, -0.)    (57, 0.176918)    (58, 0.0225814)    (59, 0.345289)   
  row 242:   (54, -0.)    (55, -0.)    (56, -0.447214)    (57, 0.0518794)    (58, -0.233419)    (59, 0.00507835)   
  row 243:   (54, -0.)    (55, -0.)    (56, -0.)    (57, -0.)    (58, -0.353061)    (59, 0.047645)   
  row 244:   (54, -0.)    (55, -0.)    (56, -0.)    (57, 0.35242)    (58, 0.044982)    (59, -0.115764)   
  row 245:   (54, -0.)    (55, -0.)    (56, -0.)    (57, -0.0531783)    (58, 0.181394)    (59, -0.0079267)   
  row 246:   (54, -0.447214)    (55, -0.)    (56, -0.)    (57, 0.)    (58, 0.0275007)    (59, 0.121539)   
  row 247:   (54, -0.)    (55, -0.447214)    (56, -0.)    (57, -0.0272394)    (58, 0.00317521)    (59, -0.154398)   
  row 248:   (54, -0.)    (55, -0.)    (56, -0.447214)    (57, -0.0883141)    (58, 0.122401)    (59, -0.0051275)   
  row 249:   (54, -0.)    (55, -0.)    (56, -0.)    (57, 0.)    (58, -0.369707)    (59, 0.0269257)   
  row 250:   (54, -0.)    (55, -0.)    (56, -0.)    (57, 0.366194)    (58, -0.0426861)    (59, -0.105184)   
  row 251:   (54, -0.)    (55, -0.)    (56, -0.)    (57, -0.0509031)    (58, 0.140239)    (59, 0.00483983)   
  row 252:   (96, -0.5)    (97, -0.)    (98, -0.)    (99, 0.)    (100, -0.387088)    (101, -0.218821)   
  row 253:   (96, -0.)    (97, -0.5)    (98, -0.)    (99, -0.407296)    (100, 0.156258)    (101, 0.300811)   
  row 254:   (96, -0.)    (97, -0.)    (98, -0.5)    (99, -0.118298)    (100, -0.112887)    (101, -0.00210173)   
  row 255:   (96, -0.)    (97, -0.)    (98, -0.)    (99, 0.)    (100, 0.180412)    (101, -0.252531)   
  row 256:   (96, -0.)    (97, -0.)    (98, -0.)    (99, 0.189831)    (100, -0.0728279)    (101, 0.340656)   
  row 257:   (96, -0.)    (97, -0.)    (98, -0.)    (99, -0.297879)    (100, -0.267014)    (101, -0.000837319)   
  row 258:   (96, -0.5)    (97, -0.)    (98, -0.)    (99, 0.)    (100, 0.382611)    (101, 0.214676)   
  row 259:   (96, -0.)    (97, -0.5)    (98, -0.)    (99, 0.402585)    (100, -0.154451)    (101, -0.326266)   
  row 260:   (96, -0.)    (97, -0.)    (98, -0.5)    (99, 0.115322)    (100, 0.13958)    (101, 0.00967975)   
  row 261:   (96, -0.)    (97, -0.)    (98, -0.)    (99, 0.)    (100, 0.291086)    (101, -0.182472)   
  row 262:   (96, -0.)    (97, -0.)    (98, -0.)    (99, 0.306283)    (100, -0.117504)    (101, 0.256149)   
  row 263:   (96, -0.)    (97, -0.)    (98, -0.)    (99, -0.256593)    (100, -0.239019)    (101, -0.00305034)   
  row 264:   (6, -0.447214)    (7, -0.)    (8, -0.)    (9, 0.)    (10, -0.0814075)    (11, 0.0614819)   
  row 265:   (6, -0.)    (7, -0.447214)    (8, -0.)    (9, 0.0806339)    (10, -0.00939925)    (11, 0.364593)   
  row 266:   (6, -0.)    (7, -0.)    (8, -0.447214)    (9, -0.0526233)    (10, -0.256136)    (11, -0.0398646)   
  row 267:   (6, -0.)    (7, -0.)    (8, -0.)    (9, 0.)    (10, -0.384998)    (11, 0.0137018)   
  row 268:   (6, -0.)    (7, -0.)    (8, -0.)    (9, 0.381339)    (10, -0.0444515)    (11, -0.0373362)   
  row 269:   (6, -0.)    (7, -0.)    (8, -0.)    (9, -0.0423198)    (10, 0.0904526)    (11, 0.00109987)   
  row 270:   (60, -0.5)    (61, 0.)    (62, 0.)    (63, 0.)    (64, -0.00163991)    (65, 0.160495)   
  row 271:   (60, -0.)    (61, -0.5)    (62, 0.)    (63, -0.00147346)    (64, 0.000722863)    (65, 0.174343)   
  row 272:   (60, -0.)    (61, -0.)    (62, -0.5)    (63, 0.167964)    (64, -0.28481)    (65, -0.0643005)   
  row 273:   (60, -0.)    (61, -0.)    (62, -0.)    (63, 0.)    (64, 0.138516)    (65, -0.289417)   
  row 274:   (60, -0.)    (61, -0.)    (62, -0.)    (63, 0.124457)    (64, -0.0610571)    (65, 0.337526)   
  row 275:   (60, -0.)    (61, -0.)    (62, -0.)    (63, -0.326211)    (64, -0.259118)    (65, -0.00889723)   
  row 276:   (60, -0.5)    (61, -0.)    (62, -0.)    (63, 0.)    (64, -0.47888)    (65, -0.147146)   
  row 277:   (60, -0.)    (61, -0.5)    (62, -0.)    (63, -0.430274)    (64, 0.211087)    (65, 0.144454)   
  row 278:   (60, -0.)    (61, -0.)    (62, -0.5)    (63, -0.0713319)    (64, -0.0407426)    (65, 0.000676155)   
  row 279:   (60, -0.)    (61, -0.)    (62, -0.)    (63, 0.)    (64, 0.0698764)    (65, -0.333554)   
  row 280:   (60, -0.)    (61, -0.)    (62, -0.)    (63, 0.062784)    (64, -0.030801)    (65, 0.333298)   
  row 281:   (60, -0.)    (61, -0.)    (62, -0.)    (63, -0.360513)    (64, -0.224153)    (65, 0.000413294)   
  row 282:   (66, -0.5)    (67, 0.)    (68, 0.)    (69, 0.)    (70, -0.120482)    (71, -0.193434)   
  row 283:   (66, -0.)    (67, -0.5)    (68, 0.)    (69, -0.108198)    (70, 0.0246624)    (71, -0.30326)   
  row 284:   (66, -0.)    (67, -0.)    (68, -0.5)    (69, 0.244772)    (70, -0.461335)    (71, 0.0349537)   
  row 285:   (66, -0.)    (67, -0.)    (68, -0.)    (69, 0.)    (70, 0.0306167)    (71, 0.304648)   
  row 286:   (66, -0.)    (67, -0.)    (68, -0.)    (69, 0.0274951)    (70, -0.00626715)    (71, -0.262233)   
  row 287:   (66, -0.)    (67, -0.)    (68, -0.)    (69, -0.379525)    (70, -0.279689)    (71, -0.0241047)   
  row 288:   (66, -0.5)    (67, 0.)    (68, 0.)    (69, 0.)    (70, 0.177617)    (71, -0.1068)   
  row 289:   (66, -0.)    (67, -0.5)    (68, 0.)    (69, -0.19998)    (70, -0.0294817)    (71, -0.500024)   
  row 290:   (66, -0.)    (67, -0.)    (68, -0.5)    (69, 0.15193)    (70, 0.33163)    (71, 0.193941)   
  row 291:   (66, -0.)    (67, -0.)    (68, -0.)    (69, 0.)    (70, -0.311488)    (71, 0.105063)   
  row 292:   (66, -0.)    (67, -0.)    (68, -0.)    (69, 0.350707)    (70, 0.0517024)    (71, -0.263854)   
  row 293:   (66, -0.)    (67, -0.)    (68, -0.)    (69, -0.197113)    (70, 0.282815)    (71, 0.0431049)   
  row 294:   (72, -0.5)    (73, -0.)    (74, -0.)    (75, 0.)    (76, -0.120579)    (77, -0.279536)   
  row 295:   (72, -0.)    (73, -0.5)    (74, -0.)    (75, 0.135761)    (76, 0.0200144)    (77, 0.0777015)   
  row 296:   (72, -0.)    (73, -0.)    (74, -0.5)    (75, 0.193651)    (76, 0.0146147)    (77, 0.0785313)   
  row 297:   (72, -0.)    (73, -0.)    (74, -0.)    (75, 0.)    (76, -0.353456)    (77, 0.0787845)   
  row 298:   (72, -0.)    (73, -0.)    (74, -0.)    (75, 0.397959)    (76, 0.0586686)    (77, -0.184274)   
  row 299:   (72, -0.)    (73, -0.)    (74, -0.)    (75, -0.189583)    (76, 0.239737)    (77, 0.0281191)   
  row 300:   (78, -0.5)    (79, 0.)    (80, 0.)    (81, 0.)    (82, 0.148325)    (83, 0.0737239)   
  row 301:   (78, -0.)    (79, -0.5)    (80, 0.)    (81, -0.159022)    (82, -0.0128505)    (83, -0.50581)   
  row 302:   (78, -0.)    (79, -0.)    (80, -0.5)    (81, -0.0189783)    (82, 0.31796)    (83, 0.0984367)   
  row 303:   (78, -0.)    (79, -0.)    (80, -0.)    (81, 0.)    (82, -0.370912)    (83, 0.105118)   
  row 304:   (78, -0.)    (79, -0.)    (80, -0.)    (81, 0.397663)    (82, 0.0321349)    (83, -0.186832)   
  row 305:   (78, -0.)    (79, -0.)    (80, -0.)    (81, -0.167589)    (82, 0.193405)    (83, 0.0200878)   
  row 306:   (78, -0.5)    (79, -0.)    (80, -0.)    (81, -0.)    (82, -0.0890525)    (83, -0.40911)   
  row 307:   (78, -0.)    (79, -0.5)    (80, -0.)    (81, 0.0954752)    (82, 0.00771528)    (83, -0.0489887)   
  row 308:   (78, -0.)    (79, -0.)    (80, -0.5)    (81, 0.282433)    (82, 0.0753727)    (83, 0.0964961)   
  row 309:   (78, -0.)    (79, -0.)    (80, -0.)    (81, -0.)    (82, -0.401784)    (83, 0.0427656)   
  row 310:   (78, -0.)    (79, -0.)    (80, -0.)    (81, 0.430761)    (82, 0.0348095)    (83, -0.124597)   
  row 311:   (78, -0.)    (79, -0.)    (80, -0.)    (81, -0.128718)    (82, 0.159873)    (83, 0.0191077)   
  row 312:   (84, -0.5)    (85, 0.)    (86, 0.)    (87, 0.)    (88, -0.10077)    (89, -0.546729)   
  row 313:   (84, -0.)    (85, -0.5)    (86, 0.)    (87, 0.0914052)    (88, -0.00679948)    (89, -0.225653)   
  row 314:   (84, -0.)    (85, -0.)    (86, -0.5)    (87, 0.342119)    (88, 0.144245)    (89, 0.0760931)   
  row 315:   (84, -0.)    (85, -0.)    (86, -0.)    (87, 0.)    (88, -0.461464)    (89, 0.0336726)   
  row 316:   (84, -0.)    (85, -0.)    (86, -0.)    (87, 0.418581)    (88, -0.0311376)    (89, -0.0277207)   
  row 317:   (84, -0.)    (85, -0.)    (86, -0.)    (87, -0.0920155)    (88, 0.0591964)    (89, 0.00227371)   
  row 318:   (84, -0.5)    (85, 0.)    (86, 0.)    (87, 0.)    (88, 0.00819266)    (89, 0.339169)   
  row 319:   (84, -0.)    (85, -0.5)    (86, 0.)    (87, -0.00818565)    (88, 0.000354889)    (89, 0.457513)   
  row 320:   (84, -0.)    (85, -0.)    (86, -0.5)    (87, 0.195369)    (88, 0.254163)    (89, -0.0467803)   
  row 321:   (84, -0.)    (85, -0.)    (86, -0.)    (87, 0.)    (88, -0.454424)    (89, 0.0137137)   
  row 322:   (84, -0.)    (85, -0.)    (86, -0.)    (87, 0.454035)    (88, -0.0196847)    (89, 0.0721462)   
  row 323:   (84, -0.)    (85, -0.)    (86, -0.)    (87, -0.0186424)    (88, 0.0691695)    (89, -0.00502529)   
  row 324:   (54, -0.447214)    (55, -0.)    (56, -0.)    (57, 0.)    (58, 6.36907e-05)    (59, 0.501327)   
  row 325:   (54, -0.)    (55, -0.447214)    (56, -0.)    (57, -6.30854e-05)    (58, 7.35367e-06)    (59, 0.209941)   
  row 326:   (54, -0.)    (55, -0.)    (56, -0.447214)    (57, -0.373734)    (58, -0.114457)    (59, -0.0924427)   
  row 327:   (54, -0.)    (55, -0.)    (56, -0.)    (57, -0.)    (58, -0.372723)    (59, 0.0836312)   
  row 328:   (54, -0.)    (55, -0.)    (56, -0.)    (57, 0.369181)    (58, -0.0430343)    (59, -0.0559351)   
  row 329:   (54, -0.)    (55, -0.)    (56, -0.)    (57, -0.0934285)    (58, 0.108578)    (59, -0.00776352)   
  row 330:   (90, -0.5)    (91, -0.)    (92, -0.)    (93, 0.)    (94, 0.00819205)    (95, -0.224163)   
  row 331:   (90, -0.)    (91, -0.5)    (92, -0.)    (93, -0.00818504)    (94, 0.000354863)    (95, 0.224174)   
  row 332:   (90, -0.)    (91, -0.)    (92, -0.5)    (93, -0.128329)    (94, 0.134003)    (95, 0.000159457)   
  row 333:   (90, -0.)    (91, -0.)    (92, -0.)    (93, 0.)    (94, -0.456576)    (95, -0.0206165)   
  row 334:   (90, -0.)    (91, -0.)    (92, -0.)    (93, 0.456186)    (94, -0.0197779)    (95, 0.0220966)   
  row 335:   (90, -0.)    (91, -0.)    (92, -0.)    (93, -0.0384945)    (94, 0.0413737)    (95, -7.17445e-05)   
  row 336:   (96, -0.5)    (97, -0.)    (98, -0.)    (99, 0.)    (100, -0.0245774)    (101, 0.342498)   
  row 337:   (96, -0.)    (97, -0.5)    (98, -0.)    (99, 0.0245563)    (100, -0.00106464)    (101, -0.342528)   
  row 338:   (96, -0.)    (97, -0.)    (98, -0.5)    (99, 0.195369)    (100, -0.204006)    (101, -0.000242758)   
  row 339:   (96, -0.)    (97, -0.)    (98, -0.)    (99, 0.)    (100, -0.458744)    (101, 0.0062545)   
  row 340:   (96, -0.)    (97, -0.)    (98, -0.)    (99, 0.458352)    (100, -0.0198718)    (101, -0.00682403)   
  row 341:   (96, -0.)    (97, -0.)    (98, -0.)    (99, -0.0231807)    (100, 0.0242055)    (101, 2.88035e-05)   
  row 342:   (60, -0.5)    (61, -0.)    (62, -0.)    (63, 0.)    (64, 0.00819266)    (65, -0.457503)   
  row 343:   (60, -0.)    (61, -0.5)    (62, -0.)    (63, -0.00818565)    (64, 0.000354889)    (65, -0.339159)   
  row 344:   (60, -0.)    (61, -0.)    (62, -0.5)    (63, -0.262409)    (64, -0.18416)    (65, 0.0468636)   
  row 345:   (60, -0.)    (61, -0.)    (62, -0.)    (63, -0.)    (64, -0.454532)    (65, -0.0716021)   
  row 346:   (60, -0.)    (61, -0.)    (62, -0.)    (63, 0.454143)    (64, -0.0196894)    (65, -0.0148417)   
  row 347:   (60, -0.)    (61, -0.)    (62, -0.)    (63, -0.0676722)    (64, 0.0212744)    (65, 0.00510073)   
  row 348:   (60, -0.5)    (61, -0.)    (62, -0.)    (63, 0.)    (64, 0.00374124)    (65, -0.200074)   
  row 349:   (60, -0.)    (61, -0.5)    (62, -0.)    (63, 0.00393655)    (64, -0.00151025)    (65, -0.138127)   
  row 350:   (60, -0.)    (61, -0.)    (62, -0.5)    (63, -0.200189)    (64, 0.206297)    (65, 0.0991093)   
  row 351:   (60, -0.)    (61, -0.)    (62, -0.)    (63, -0.)    (64, 0.233384)    (65, -0.247909)   
  row 352:   (60, -0.)    (61, -0.)    (62, -0.)    (63, 0.245568)    (64, -0.0942113)    (65, 0.283275)   
  row 353:   (60, -0.)    (61, -0.)    (62, -0.)    (63, -0.306906)    (64, -0.226545)    (65, 0.0116847)   
  row 354:   (66, -0.5)    (67, -0.)    (68, -0.)    (69, 0.)    (70, 0.472881)    (71, 0.159236)   
  row 355:   (66, -0.)    (67, -0.5)    (68, -0.)    (69, 0.424884)    (70, -0.208443)    (71, -0.154455)   
  row 356:   (66, -0.)    (67, -0.)    (68, -0.5)    (69, 0.0849958)    (70, 0.0468235)    (71, -0.00108953)   
  row 357:   (66, -0.)    (67, -0.)    (68, -0.)    (69, 0.)    (70, 0.204006)    (71, -0.290196)   
  row 358:   (66, -0.)    (67, -0.)    (68, -0.)    (69, 0.1833)    (70, -0.0899244)    (71, 0.291774)   
  row 359:   (66, -0.)    (67, -0.)    (68, -0.)    (69, -0.338293)    (70, -0.212604)    (71, 1.45485e-05)   
  row 360:   (72, -0.5)    (73, -0.)    (74, -0.)    (75, 0.)    (76, 0.00763855)    (77, -0.172586)   
  row 361:   (72, -0.)    (73, -0.5)    (74, -0.)    (75, 0.00686324)    (76, -0.00336702)    (77, -0.164342)   
  row 362:   (72, -0.)    (73, -0.)    (74, -0.5)    (75, -0.181627)    (76, 0.278729)    (77, 0.0647138)   
  row 363:   (72, -0.)    (73, -0.)    (74, -0.)    (75, -0.)    (76, 0.139128)    (77, -0.336867)   
  row 364:   (72, -0.)    (73, -0.)    (74, -0.)    (75, 0.125007)    (76, -0.0613267)    (77, 0.289778)   
  row 365:   (72, -0.)    (73, -0.)    (74, -0.)    (75, -0.37589)    (76, -0.179342)    (77, 0.00938605)   
  row 366:   (66, -0.5)    (67, -0.)    (68, -0.)    (69, 0.)    (70, -0.120482)    (71, 0.0489325)   
  row 367:   (66, -0.)    (67, -0.5)    (68, -0.)    (69, -0.108198)    (70, 0.0246624)    (71, 0.0205031)   
  row 368:   (66, -0.)    (67, -0.)    (68, -0.5)    (69, -0.056249)    (70, 0.055048)    (71, -0.00649099)   
  row 369:   (66, -0.)    (67, -0.)    (68, -0.)    (69, 0.)    (70, 0.0306581)    (71, 0.339233)   
  row 370:   (66, -0.)    (67, -0.)    (68, -0.)    (69, 0.0275323)    (70, -0.00627564)    (71, -0.216021)   
  row 371:   (66, -0.)    (67, -0.)    (68, -0.)    (69, -0.422482)    (70, -0.20599)    (71, -0.0300193)   
  row 372:   (72, -0.5)    (73, -0.)    (74, -0.)    (75, 0.)    (76, 0.361447)    (77, -0.0982535)   
  row 373:   (72, -0.)    (73, -0.5)    (74, -0.)    (75, 0.324595)    (76, -0.0739873)    (77, -0.0927066)   
  row 374:   (72, -0.)    (73, -0.)    (74, -0.5)    (75, 0.108455)    (76, -0.194548)    (77, 0.0151892)   
  row 375:   (72, -0.)    (73, -0.)    (74, -0.)    (75, 0.)    (76, 0.0687764)    (77, 0.3196)   
  row 376:   (72, -0.)    (73, -0.)    (74, -0.)    (75, 0.0617641)    (76, -0.0140784)    (77, -0.235155)   
  row 377:   (72, -0.)    (73, -0.)    (74, -0.)    (75, -0.399529)    (76, -0.242073)    (77, -0.0269587)   
  row 378:   (78, -0.5)    (79, -0.)    (80, -0.)    (81, 0.)    (82, -0.120482)    (83, 0.242755)   
  row 379:   (78, -0.)    (79, -0.5)    (80, -0.)    (81, -0.108198)    (82, 0.0246624)    (83, 0.375463)   
  row 380:   (78, -0.)    (79, -0.)    (80, -0.5)    (81, -0.296978)    (82, 0.600835)    (83, -0.0436519)   
  row 381:   (78, -0.)    (79, -0.)    (80, -0.)    (81, -0.)    (82, 0.0295559)    (83, 0.36657)   
  row 382:   (78, -0.)    (79, -0.)    (80, -0.)    (81, 0.0265425)    (82, -0.00605002)    (83, -0.166324)   
  row 383:   (78, -0.)    (79, -0.)    (80, -0.)    (81, -0.456393)    (82, -0.129402)    (83, -0.0352451)   
  row 384:   (78, -0.5)    (79, -0.)    (80, -0.)    (81, 0.)    (82, 0.105551)    (83, 0.282559)   
  row 385:   (78, -0.)    (79, -0.5)    (80, -0.)    (81, -0.118841)    (82, -0.01752)    (83, -0.073528)   
  row 386:   (78, -0.)    (79, -0.)    (80, -0.5)    (81, -0.201436)    (82, -0.0133729)    (83, -0.0809322)   
  row 387:   (78, -0.)    (79, -0.)    (80, -0.)    (81, 0.)    (82, -0.321898)    (83, 0.16026)   
  row 388:   (78, -0.)    (79, -0.)    (80, -0.)    (81, 0.362427)    (82, 0.0534303)    (83, -0.203293)   
  row 389:   (78, -0.)    (79, -0.)    (80, -0.)    (81, -0.247275)    (82, 0.233892)    (83, 0.00410685)   
  row 390:   (84, -0.5)    (85, -0.)    (86, -0.)    (87, 0.)    (88, -0.162589)    (89, 0.103777)   
  row 391:   (84, -0.)    (85, -0.5)    (86, -0.)    (87, 0.18306)    (88, 0.0269873)    (89, 0.495851)   
  row 392:   (84, -0.)    (85, -0.)    (86, -0.5)    (87, -0.144145)    (88, -0.332872)    (89, -0.19154)   
  row 393:   (84, -0.)    (85, -0.)    (86, -0.)    (87, -0.)    (88, -0.358526)    (89, 0.143324)   
  row 394:   (84, -0.)    (85, -0.)    (86, -0.)    (87, 0.403667)    (88, 0.0595101)    (89, -0.119177)   
  row 395:   (84, -0.)    (85, -0.)    (86, -0.)    (87, -0.24576)    (88, 0.184572)    (89, -0.0157109)   
  row 396:   (84, -0.5)    (85, -0.)    (86, -0.)    (87, -0.)    (88, 0.0677912)    (89, 0.308386)   
  row 397:   (84, -0.)    (85, -0.5)    (86, -0.)    (87, -0.0726805)    (88, -0.00587326)    (89, -0.00986644)   
  row 398:   (84, -0.)    (85, -0.)    (86, -0.5)    (87, -0.212738)    (88, -0.0245175)    (89, -0.062207)   
  row 399:   (84, -0.)    (85, -0.)    (86, -0.)    (87, -0.)    (88, -0.379014)    (89, 0.147248)   
  row 400:   (84, -0.)    (85, -0.)    (86, -0.)    (87, 0.40635)    (88, 0.0328369)    (89, -0.118845)   
  row 401:   (84, -0.)    (85, -0.)    (86, -0.)    (87, -0.200843)    (88, 0.145302)    (89, -0.00401534)   
  row 402:   (90, -0.5)    (91, -0.)    (92, -0.)    (93, -0.)    (94, -0.127064)    (95, 0.0269998)   
  row 403:   (90, -0.)    (91, -0.5)    (92, -0.)    (93, 0.136228)    (94, 0.0110085)    (95, 0.564665)   
  row 404:   (90, -0.)    (91, -0.)    (92, -0.5)    (93, -0.0507175)    (94, -0.368815)    (95, -0.132726)   
  row 405:   (90, -0.)    (91, -0.)    (92, -0.)    (93, -0.)    (94, -0.404885)    (95, 0.107638)   
  row 406:   (90, -0.)    (91, -0.)    (92, -0.)    (93, 0.434086)    (94, 0.0350782)    (95, -0.0452765)   
  row 407:   (90, -0.)    (91, -0.)    (92, -0.)    (93, -0.177659)    (94, 0.101604)    (95, -0.0122976)   
  row 408:   (90, -0.5)    (91, -0.)    (92, -0.)    (93, 0.)    (94, 0.0309343)    (95, 0.116507)   
  row 409:   (90, -0.)    (91, -0.5)    (92, -0.)    (93, -0.0280597)    (94, 0.00208731)    (95, -0.327668)   
  row 410:   (90, -0.)    (91, -0.)    (92, -0.5)    (93, -0.0714701)    (94, 0.239293)    (95, 0.0466254)   
  row 411:   (90, -0.)    (91, -0.)    (92, -0.)    (93, 0.)    (94, -0.444733)    (95, 0.114944)   
  row 412:   (90, -0.)    (91, -0.)    (92, -0.)    (93, 0.403405)    (94, -0.0300086)    (95, -0.0385166)   
  row 413:   (90, -0.)    (91, -0.)    (92, -0.)    (93, -0.142606)    (94, 0.0695664)    (95, -0.00162227)   
  row 414:   (114, -0.5)    (115, 0.)    (116, 0.)    (117, 0.)    (118, -0.563588)    (119, 0.105563)   
  row 415:   (114, -0.)    (115, -0.5)    (116, 0.)    (117, -0.353721)    (118, 0.105575)    (119, -0.0210661)   
  row 416:   (114, -0.)    (115, -0.)    (116, -0.5)    (117, -0.0376288)    (118, 0.0193548)    (119, -0.00376262)   
  row 417:   (114, -0.)    (115, -0.)    (116, -0.)    (117, 0.)    (118, 0.0342052)    (119, 0.454358)   
  row 418:   (114, -0.)    (115, -0.)    (116, -0.)    (117, 0.021468)    (118, -0.00640757)    (119, -0.136097)   
  row 419:   (114, -0.)    (115, -0.)    (116, -0.)    (117, -0.42636)    (118, -0.0768598)    (119, -0.00841559)   
  row 420:   (114, -0.5)    (115, -0.)    (116, -0.)    (117, -0.)    (118, 0.0270114)    (119, -0.066822)   
  row 421:   (114, -0.)    (115, -0.5)    (116, -0.)    (117, 0.016953)    (118, -0.00505998)    (119, -0.228829)   
  row 422:   (114, -0.)    (115, -0.)    (116, -0.5)    (117, 0.0592605)    (118, -0.358754)    (119, 0.043853)   
  row 423:   (114, -0.)    (115, -0.)    (116, -0.)    (117, -0.)    (118, 0.0834212)    (119, 0.435395)   
  row 424:   (114, -0.)    (115, -0.)    (116, -0.)    (117, 0.0523571)    (118, -0.0156271)    (119, -0.16436)   
  row 425:   (114, -0.)    (115, -0.)    (116, -0.)    (117, -0.41401)    (118, -0.125876)    (119, -0.00225147)   
  row 426:   (120, -0.5)    (121, 0.)    (122, 0.)    (123, 0.)    (124, 0.111823)    (125, -0.0776305)   
  row 427:   (120, -0.)    (121, -0.5)    (122, 0.)    (123, -0.110493)    (124, -0.0142687)    (125, -0.4761)   
  row 428:   (120, -0.)    (121, -0.)    (122, -0.5)    (123, 0.107779)    (124, 0.389475)    (125, 0.203683)   
  row 429:   (120, -0.)    (121, -0.)    (122, -0.)    (123, 0.)    (124, -0.338703)    (125, 0.172306)   
  row 430:   (120, -0.)    (121, -0.)    (122, -0.)    (123, 0.334675)    (124, 0.0432191)    (125, -0.190793)   
  row 431:   (120, -0.)    (121, -0.)    (122, -0.)    (123, -0.274401)    (124, 0.196077)    (125, 0.0386559)   
  row 432:   (120, -0.5)    (121, -0.)    (122, -0.)    (123, 0.)    (124, -0.1752)    (125, -0.313534)   
  row 433:   (120, -0.)    (121, -0.5)    (122, -0.)    (123, 0.173116)    (124, 0.0223558)    (125, 0.0500178)   
  row 434:   (120, -0.)    (121, -0.)    (122, -0.5)    (123, 0.191651)    (124, 0.019821)    (125, 0.0465533)   
  row 435:   (120, -0.)    (121, -0.)    (122, -0.)    (123, 0.)    (124, -0.376078)    (125, 0.142846)   
  row 436:   (120, -0.)    (121, -0.)    (122, -0.)    (123, 0.371605)    (124, 0.0479881)    (125, -0.119727)   
  row 437:   (120, -0.)    (121, -0.)    (122, -0.)    (123, -0.264522)    (124, 0.145664)    (125, 0.0169233)   
  row 438:   (72, -0.5)    (73, -0.)    (74, -0.)    (75, 0.)    (76, -0.0480428)    (77, -0.112764)   
  row 439:   (72, -0.)    (73, -0.5)    (74, -0.)    (75, 0.0435782)    (76, -0.00324171)    (77, 0.284736)   
  row 440:   (72, -0.)    (73, -0.)    (74, -0.5)    (75, 0.0664278)    (76, -0.206777)    (77, -0.0397081)   
  row 441:   (72, -0.)    (73, -0.)    (74, -0.)    (75, 0.)    (76, -0.455613)    (77, 0.0788919)   
  row 442:   (72, -0.)    (73, -0.)    (74, -0.)    (75, 0.413274)    (76, -0.0307427)    (77, 0.00778761)   
  row 443:   (72, -0.)    (73, -0.)    (74, -0.)    (75, -0.120688)    (76, 0.0353284)    (77, -0.00683697)   
  row 444:   (126, -0.57735)    (127, 0.)    (128, 0.)    (129, 0.)    (130, 0.172494)    (131, 0.0881859)   
  row 445:   (126, -0.)    (127, -0.57735)    (128, 0.)    (129, -0.156853)    (130, -0.0570152)    (131, -0.391393)   
  row 446:   (126, -0.)    (127, -0.)    (128, -0.57735)    (129, 0.0323799)    (130, 0.234418)    (131, 0.194624)   
  row 447:   (126, -0.)    (127, -0.)    (128, -0.)    (129, 0.)    (130, -0.377983)    (131, 0.221916)   
  row 448:   (126, -0.)    (127, -0.)    (128, -0.)    (129, 0.34371)    (130, 0.124937)    (131, -0.24901)   
  row 449:   (126, -0.)    (127, -0.)    (128, -0.)    (129, -0.380741)    (130, 0.281848)    (131, 0.0291104)   
  row 450:   (126, -0.57735)    (127, -0.)    (128, -0.)    (129, 0.)    (130, -0.179886)    (131, -0.399579)   
  row 451:   (126, -0.)    (127, -0.57735)    (128, -0.)    (129, 0.163575)    (130, 0.0594587)    (131, 0.064124)   
  row 452:   (126, -0.)    (127, -0.)    (128, -0.57735)    (129, 0.195772)    (130, 0.121295)    (131, 0.188104)   
  row 453:   (126, -0.)    (127, -0.)    (128, -0.)    (129, 0.)    (130, -0.434507)    (131, 0.142517)   
  row 454:   (126, -0.)    (127, -0.)    (128, -0.)    (129, 0.395108)    (130, 0.14362)    (131, -0.176895)   
  row 455:   (126, -0.)    (127, -0.)    (128, -0.)    (129, -0.353667)    (130, 0.264798)    (131, 0.0293224)   
  row 456:   (108, -0.57735)    (109, -0.)    (110, -0.)    (111, 0.)    (112, 0.00739266)    (113, 0.311393)   
  row 457:   (108, -0.)    (109, -0.57735)    (110, -0.)    (111, -0.00672234)    (112, -0.00244353)    (113, 0.327269)   
  row 458:   (108, -0.)    (109, -0.)    (110, -0.57735)    (111, -0.228152)    (112, -0.355712)    (113, -0.382728)   
  row 459:   (108, -0.)    (109, -0.)    (110, -0.)    (111, -0.)    (112, -0.405038)    (113, 0.255201)   
  row 460:   (108, -0.)    (109, -0.)    (110, -0.)    (111, 0.368312)    (112, 0.133879)    (113, -0.133836)   
  row 461:   (108, -0.)    (109, -0.)    (110, -0.)    (111, -0.420978)    (112, 0.188164)    (113, -0.0619967)   
  row 462:   (108, -0.5)    (109, 0.)    (110, 0.)    (111, 0.)    (112, 0.22507)    (113, -0.350487)   
  row 463:   (108, -0.)    (109, -0.5)    (110, 0.)    (111, 0.181095)    (112, -0.0612453)    (113, -0.157312)   
  row 464:   (108, -0.)    (109, -0.)    (110, -0.5)    (111, 0.260188)    (112, -0.356669)    (113, 0.192373)   
  row 465:   (108, -0.)    (109, -0.)    (110, -0.)    (111, 0.)    (112, 0.28743)    (113, 0.247794)   
  row 466:   (108, -0.)    (109, -0.)    (110, -0.)    (111, 0.231271)    (112, -0.0782145)    (113, -0.215086)   
  row 467:   (108, -0.)    (109, -0.)    (110, -0.)    (111, -0.336913)    (112, -0.246143)    (113, 0.00290512)   
  row 468:   (132, -0.5)    (133, -0.)    (134, -0.)    (135, 0.)    (136, -0.232044)    (137, 0.0923607)   
  row 469:   (132, -0.)    (133, -0.5)    (134, -0.)    (135, -0.186707)    (136, 0.0631431)    (137, -0.223965)   
  row 470:   (132, -0.)    (133, -0.)    (134, -0.5)    (135, -0.0093973)    (136, -0.181659)    (137, 0.0622985)   
  row 471:   (132, -0.)    (133, -0.)    (134, -0.)    (135, 0.)    (136, 0.223206)    (137, 0.308664)   
  row 472:   (132, -0.)    (133, -0.)    (134, -0.)    (135, 0.179596)    (136, -0.0607382)    (137, -0.225651)   
  row 473:   (132, -0.)    (133, -0.)    (134, -0.)    (135, -0.373491)    (136, -0.223429)    (137, -0.0143763)   
  row 474:   (132, -0.5)    (133, -0.)    (134, -0.)    (135, 0.)    (136, 0.234512)    (137, -0.0850158)   
  row 475:   (132, -0.)    (133, -0.5)    (134, -0.)    (135, 0.188693)    (136, -0.0638148)    (137, 0.211593)   
  row 476:   (132, -0.)    (133, -0.)    (134, -0.5)    (135, 0.00148362)    (136, 0.168656)    (137, -0.0596597)   
  row 477:   (132, -0.)    (133, -0.)    (134, -0.)    (135, 0.)    (136, 0.294566)    (137, 0.279453)   
  row 478:   (132, -0.)    (133, -0.)    (134, -0.)    (135, 0.237013)    (136, -0.0801564)    (137, -0.16213)   
  row 479:   (132, -0.)    (133, -0.)    (134, -0.)    (135, -0.369824)    (136, -0.17423)    (137, -0.0309666)   
  row 480:   (90, -0.5)    (91, -0.)    (92, -0.)    (93, 0.)    (94, 0.117878)    (95, 0.542986)   
  row 481:   (90, -0.)    (91, -0.5)    (92, -0.)    (93, -0.106924)    (94, 0.00795388)    (95, 0.268585)   
  row 482:   (90, -0.)    (91, -0.)    (92, -0.5)    (93, -0.337077)    (94, -0.176761)    (95, -0.0830104)   
  row 483:   (90, -0.)    (91, -0.)    (92, -0.)    (93, -0.)    (94, -0.432571)    (95, 0.170138)   
  row 484:   (90, -0.)    (91, -0.)    (92, -0.)    (93, 0.392373)    (94, -0.029188)    (95, 0.0015697)   
  row 485:   (90, -0.)    (91, -0.)    (92, -0.)    (93, -0.176842)    (94, 0.0423703)    (95, -0.0121984)   
  row 486:   (114, -0.5)    (115, -0.)    (116, -0.)    (117, 0.)    (118, -0.227538)    (119, 0.343143)   
  row 487:   (114, -0.)    (115, -0.5)    (116, -0.)    (117, -0.183082)    (118, 0.0619171)    (119, 0.169684)   
  row 488:   (114, -0.)    (115, -0.)    (116, -0.5)    (117, -0.252274)    (118, 0.369672)    (119, -0.195012)   
  row 489:   (114, -0.)    (115, -0.)    (116, -0.)    (117, -0.)    (118, 0.219047)    (119, 0.349266)   
  row 490:   (114, -0.)    (115, -0.)    (116, -0.)    (117, 0.176249)    (118, -0.0596065)    (119, -0.168779)   
  row 491:   (114, -0.)    (115, -0.)    (116, -0.)    (117, -0.411139)    (118, -0.14119)    (119, -0.0531147)   
  row 492:   (120, -0.5)    (121, 0.)    (122, 0.)    (123, 0.)    (124, -0.459413)    (125, 0.117864)   
  row 493:   (120, -0.)    (121, -0.5)    (122, 0.)    (123, -0.383285)    (124, 0.113688)    (125, -0.120668)   
  row 494:   (120, -0.)    (121, -0.)    (122, -0.5)    (123, -0.0338161)    (124, -0.156248)    (125, 0.0320132)   
  row 495:   (120, -0.)    (121, -0.)    (122, -0.)    (123, 0.)    (124, 0.0674465)    (125, 0.382268)   
  row 496:   (120, -0.)    (121, -0.)    (122, -0.)    (123, 0.0562701)    (124, -0.0166906)    (125, -0.21956)   
  row 497:   (120, -0.)    (121, -0.)    (122, -0.)    (123, -0.398973)    (124, -0.144758)    (125, 0.0655778)   
  row 498:   (120, -0.5)    (121, -0.)    (122, -0.)    (123, -0.)    (124, 0.014458)    (125, -0.153611)   
  row 499:   (120, -0.)    (121, -0.5)    (122, -0.)    (123, 0.0120622)    (124, -0.00357784)    (125, -0.30324)   
  row 500:   (120, -0.)    (121, -0.)    (122, -0.5)    (123, 0.152604)    (124, -0.412074)    (125, 0.060806)   
  row 501:   (120, -0.)    (121, -0.)    (122, -0.)    (123, -0.)    (124, 0.133745)    (125, 0.345467)   
  row 502:   (120, -0.)    (121, -0.)    (122, -0.)    (123, 0.111583)    (124, -0.0330971)    (125, -0.243331)   
  row 503:   (120, -0.)    (121, -0.)    (122, -0.)    (123, -0.374084)    (124, -0.178048)    (125, 0.0692629)   
  row 504:   (102, -0.5)    (103, 0.)    (104, 0.)    (105, 0.)    (106, 0.0287115)    (107, -0.0728732)   
  row 505:   (102, -0.)    (103, -0.5)    (104, 0.)    (105, -0.0290464)    (106, -0.000395999)    (107, -0.526478)   
  row 506:   (102, -0.)    (103, -0.)    (104, -0.5)    (105, 0.0652421)    (106, 0.395332)    (107, 0.181402)   
  row 507:   (102, -0.)    (103, -0.)    (104, -0.)    (105, 0.)    (106, -0.386254)    (107, 0.142054)   
  row 508:   (102, -0.)    (103, -0.)    (104, -0.)    (105, 0.390759)    (106, 0.00532734)    (107, -0.107928)   
  row 509:   (102, -0.)    (103, -0.)    (104, -0.)    (105, -0.238042)    (106, 0.113784)    (107, 0.0227071)   
  row 510:   (102, -0.5)    (103, -0.)    (104, -0.)    (105, 0.)    (106, -0.133295)    (107, -0.324717)   
  row 511:   (102, -0.)    (103, -0.5)    (104, -0.)    (105, 0.134849)    (106, 0.00183844)    (107, -0.00801907)   
  row 512:   (102, -0.)    (103, -0.)    (104, -0.5)    (105, 0.203029)    (106, 0.0211106)    (107, 0.0326107)   
  row 513:   (102, -0.)    (103, -0.)    (104, -0.)    (105, 0.)    (106, -0.409903)    (107, 0.106018)   
  row 514:   (102, -0.)    (103, -0.)    (104, -0.)    (105, 0.414684)    (106, 0.00565352)    (107, -0.0293305)   
  row 515:   (102, -0.)    (103, -0.)    (104, -0.)    (105, -0.218483)    (106, 0.0569507)    (107, -4.69136e-05)   
  row 516:   (126, -0.5)    (127, -0.)    (128, -0.)    (129, -0.)    (130, -0.0447812)    (131, 0.0819167)   
  row 517:   (126, -0.)    (127, -0.5)    (128, -0.)    (129, -0.0281057)    (130, 0.00838874)    (131, 0.216548)   
  row 518:   (126, -0.)    (127, -0.)    (128, -0.5)    (129, -0.0713931)    (130, 0.345412)    (131, -0.0428037)   
  row 519:   (126, -0.)    (127, -0.)    (128, -0.)    (129, -0.)    (130, 0.0820188)    (131, 0.454002)   
  row 520:   (126, -0.)    (127, -0.)    (128, -0.)    (129, 0.0514769)    (130, -0.0153644)    (131, -0.104163)   
  row 521:   (126, -0.)    (127, -0.)    (128, -0.)    (129, -0.431169)    (130, -0.0314305)    (131, -0.0138594)   
  row 522:   (144, -0.447214)    (145, 0.)    (146, 0.)    (147, 0.)    (148, -0.0174087)    (149, -0.0367815)   
  row 523:   (144, -0.)    (145, -0.447214)    (146, 0.)    (147, 0.0124018)    (148, 0.000893579)    (149, -0.238501)   
  row 524:   (144, -0.)    (145, -0.)    (146, -0.447214)    (147, 0.0310606)    (148, 0.328563)    (149, 0.0921364)   
  row 525:   (144, -0.)    (145, -0.)    (146, -0.)    (147, 0.)    (148, -0.174793)    (149, 0.344213)   
  row 526:   (144, -0.)    (145, -0.)    (146, -0.)    (147, 0.124521)    (148, 0.00897201)    (149, -0.0715817)   
  row 527:   (144, -0.)    (145, -0.)    (146, -0.)    (147, -0.378484)    (148, 0.0941204)    (149, -0.0214764)   
  row 528:   (108, -0.5)    (109, -0.)    (110, -0.)    (111, -0.)    (112, 0.581358)    (113, -0.120658)   
  row 529:   (108, -0.)    (109, -0.5)    (110, -0.)    (111, 0.364874)    (112, -0.108904)    (113, 0.033347)   
  row 530:   (108, -0.)    (109, -0.)    (110, -0.5)    (111, 0.0497614)    (112, -0.00601343)    (113, 0.00271338)   
  row 531:   (108, -0.)    (109, -0.)    (110, -0.)    (111, -0.)    (112, 0.160233)    (113, 0.428732)   
  row 532:   (108, -0.)    (109, -0.)    (110, -0.)    (111, 0.100566)    (112, -0.030016)    (113, -0.12598)   
  row 533:   (108, -0.)    (109, -0.)    (110, -0.)    (111, -0.416067)    (112, -0.0737362)    (113, -0.00835893)   
  row 534:   (108, -0.5)    (109, -0.)    (110, -0.)    (111, 0.)    (112, 0.162871)    (113, 0.302853)   
  row 535:   (108, -0.)    (109, -0.5)    (110, -0.)    (111, -0.160934)    (112, -0.0207826)    (113, -0.0773224)   
  row 536:   (108, -0.)    (109, -0.)    (110, -0.5)    (111, -0.187595)    (112, 0.00620019)    (113, -0.0335563)   
  row 537:   (108, -0.)    (109, -0.)    (110, -0.)    (111, 0.)    (112, -0.329896)    (113, 0.22768)   
  row 538:   (108, -0.)    (109, -0.)    (110, -0.)    (111, 0.325973)    (112, 0.0420953)    (113, -0.136093)   
  row 539:   (108, -0.)    (109, -0.)    (110, -0.)    (111, -0.316853)    (112, 0.142872)    (113, 0.00544138)   
  row 540:   (132, -0.5)    (133, -0.)    (134, -0.)    (135, 0.)    (136, -0.0994937)    (137, 0.0883111)   
  row 541:   (132, -0.)    (133, -0.5)    (134, -0.)    (135, 0.0983104)    (136, 0.0126956)    (137, 0.503405)   
  row 542:   (132, -0.)    (133, -0.)    (134, -0.5)    (135, -0.111835)    (136, -0.415496)    (137, -0.21668)   
  row 543:   (132, -0.)    (133, -0.)    (134, -0.)    (135, -0.)    (136, -0.36565)    (137, 0.197842)   
  row 544:   (132, -0.)    (133, -0.)    (134, -0.)    (135, 0.361301)    (136, 0.0466575)    (137, -0.0578678)   
  row 545:   (132, -0.)    (133, -0.)    (134, -0.)    (135, -0.30603)    (136, 0.0862359)    (137, -0.0190274)   
  row 546:   (132, -0.5)    (133, -0.)    (134, -0.)    (135, -0.)    (136, -0.00784984)    (137, 0.0700344)   
  row 547:   (132, -0.)    (133, -0.5)    (134, -0.)    (135, -0.00654907)    (136, 0.00194255)    (137, 0.0868848)   
  row 548:   (132, -0.)    (133, -0.)    (134, -0.5)    (135, -0.0693415)    (136, 0.125505)    (137, -0.0162858)   
  row 549:   (132, -0.)    (133, -0.)    (134, -0.)    (135, -0.)    (136, 0.134663)    (137, 0.374806)   
  row 550:   (132, -0.)    (133, -0.)    (134, -0.)    (135, 0.112348)    (136, -0.0333243)    (137, -0.189272)   
  row 551:   (132, -0.)    (133, -0.)    (134, -0.)    (135, -0.403915)    (136, -0.103655)    (137, 0.0585083)   
  row 552:   (156, -0.447214)    (157, -0.)    (158, -0.)    (159, 0.)    (160, -0.340069)    (161, -0.212552)   
  row 553:   (156, -0.)    (157, -0.447214)    (158, -0.)    (159, 0.242262)    (160, 0.0174555)    (161, -0.182192)   
  row 554:   (156, -0.)    (157, -0.)    (158, -0.447214)    (159, 0.117228)    (160, 0.302919)    (161, 0.0958928)   
  row 555:   (156, -0.)    (157, -0.)    (158, -0.)    (159, 0.)    (160, -0.240065)    (161, 0.307541)   
  row 556:   (156, -0.)    (157, -0.)    (158, -0.)    (159, 0.17102)    (160, 0.0123224)    (161, -0.0644912)   
  row 557:   (156, -0.)    (157, -0.)    (158, -0.)    (159, -0.359975)    (160, 0.0948509)    (161, -0.0189929)   
  row 558:   (156, -0.447214)    (157, -0.)    (158, -0.)    (159, 0.)    (160, 0.38815)    (161, 0.200711)   
  row 559:   (156, -0.)    (157, -0.447214)    (158, -0.)    (159, -0.276514)    (160, -0.0199235)    (161, -0.0444092)   
  row 560:   (156, -0.)    (157, -0.)    (158, -0.447214)    (159, -0.0932689)    (160, -8.53593e-05)    (161, -0.0115485)   
  row 561:   (156, -0.)    (157, -0.)    (158, -0.)    (159, 0.)    (160, -0.126571)    (161, 0.373235)   
  row 562:   (156, -0.)    (157, -0.)    (158, -0.)    (159, 0.0901676)    (160, 0.00649678)    (161, -0.0422654)   
  row 563:   (156, -0.)    (157, -0.)    (158, -0.)    (159, -0.394026)    (160, 0.046516)    (161, -0.0361902)   
  row 564:   (126, -0.5)    (127, -0.)    (128, -0.)    (129, -0.)    (130, 0.452805)    (131, -0.0342871)   
  row 565:   (126, -0.)    (127, -0.5)    (128, -0.)    (129, 0.377772)    (130, -0.112053)    (131, 0.337024)   
  row 566:   (126, -0.)    (127, -0.)    (128, -0.5)    (129, -0.0494467)    (130, 0.442818)    (131, -0.0765334)   
  row 567:   (126, -0.)    (127, -0.)    (128, -0.)    (129, -0.)    (130, 0.198697)    (131, 0.359813)   
  row 568:   (126, -0.)    (127, -0.)    (128, -0.)    (129, 0.165772)    (130, -0.0491704)    (131, -0.155621)   
  row 569:   (126, -0.)    (127, -0.)    (128, -0.)    (129, -0.400652)    (130, -0.061052)    (131, 0.0503615)   
  row 570:   (102, -0.5)    (103, -0.)    (104, -0.)    (105, 0.)    (106, 0.12296)    (107, 0.332904)   
  row 571:   (102, -0.)    (103, -0.5)    (104, -0.)    (105, -0.124394)    (106, -0.0016959)    (107, -0.0257829)   
  row 572:   (102, -0.)    (103, -0.)    (104, -0.5)    (105, -0.212744)    (106, 0.0052049)    (107, -0.0221507)   
  row 573:   (102, -0.)    (103, -0.)    (104, -0.)    (105, 0.)    (106, -0.373295)    (107, 0.199748)   
  row 574:   (102, -0.)    (103, -0.)    (104, -0.)    (105, 0.377649)    (106, 0.00514861)    (107, -0.0333042)   
  row 575:   (102, -0.)    (103, -0.)    (104, -0.)    (105, -0.277715)    (106, 0.0557638)    (107, -0.00737359)   
  row 576:   (102, -0.5)    (103, -0.)    (104, -0.)    (105, 0.)    (106, -0.0183768)    (107, 0.0646863)   
  row 577:   (102, -0.)    (103, -0.5)    (104, -0.)    (105, 0.0185911)    (106, 0.000253459)    (107, 0.56028)   
  row 578:   (102, -0.)    (103, -0.)    (104, -0.5)    (105, -0.0555262)    (106, -0.421647)    (107, -0.191862)   
  row 579:   (102, -0.)    (103, -0.)    (104, -0.)    (105, -0.)    (106, -0.393429)    (107, 0.15878)   
  row 580:   (102, -0.)    (103, -0.)    (104, -0.)    (105, 0.398017)    (106, 0.0054263)    (107, 0.0101583)   
  row 581:   (102, -0.)    (103, -0.)    (104, -0.)    (105, -0.253213)    (106, 0.0251738)    (107, -0.0180154)   
  row 582:   (144, -0.447214)    (145, -0.)    (146, -0.)    (147, 0.)    (148, -0.169308)    (149, -0.0644089)   
  row 583:   (144, -0.)    (145, -0.447214)    (146, -0.)    (147, 0.120613)    (148, 0.00869046)    (149, 0.0911173)   
  row 584:   (144, -0.)    (145, -0.)    (146, -0.447214)    (147, 0.018295)    (148, -0.0990177)    (149, -0.0243493)   
  row 585:   (144, -0.)    (145, -0.)    (146, -0.)    (147, 0.)    (148, -0.202328)    (149, 0.337556)   
  row 586:   (144, -0.)    (145, -0.)    (146, -0.)    (147, 0.144137)    (148, 0.0103854)    (149, -0.0215567)   
  row 587:   (144, -0.)    (145, -0.)    (146, -0.)    (147, -0.379203)    (148, 0.0299357)    (149, -0.0388143)   
  row 588:   (144, -0.447214)    (145, -0.)    (146, -0.)    (147, 0.)    (148, 0.138636)    (149, 0.113032)   
  row 589:   (144, -0.)    (145, -0.447214)    (146, -0.)    (147, -0.0987628)    (148, -0.00711608)    (149, 0.373985)   
  row 590:   (144, -0.)    (145, -0.)    (146, -0.447214)    (147, -0.0733142)    (148, -0.53238)    (149, -0.152132)   
  row 591:   (144, -0.)    (145, -0.)    (146, -0.)    (147, -0.)    (148, -0.158793)    (149, 0.361526)   
  row 592:   (144, -0.)    (145, -0.)    (146, -0.)    (147, 0.113122)    (148, 0.00815072)    (149, -0.00688513)   
  row 593:   (144, -0.)    (145, -0.)    (146, -0.)    (147, -0.391075)    (148, 0.00313336)    (149, -0.0474842)   
  row 594:   (156, -0.5)    (157, 0.)    (158, 0.)    (159, 0.)    (160, -0.326587)    (161, 0.0269744)   
  row 595:   (156, -0.)    (157, -0.5)    (158, 0.)    (159, -0.19007)    (160, 0.0219899)    (161, -0.250775)   
  row 596:   (156, -0.)    (157, -0.)    (158, -0.5)    (159, 0.00808166)    (160, -0.441729)    (161, 0.04707)   
  row 597:   (156, -0.)    (157, -0.)    (158, -0.)    (159, 0.)    (160, 0.0294373)    (161, 0.452193)   
  row 598:   (156, -0.)    (157, -0.)    (158, -0.)    (159, 0.0171322)    (160, -0.00198208)    (161, -0.0707259)   
  row 599:   (156, -0.)    (157, -0.)    (158, -0.)    (159, -0.455332)    (160, -0.0679456)    (161, 0.0267813)   
  row 600:   (162, -0.5)    (163, -0.)    (164, -0.)    (165, 0.)    (166, 0.190607)    (167, -0.0290649)   
  row 601:   (162, -0.)    (163, -0.5)    (164, -0.)    (165, 0.110931)    (166, -0.012834)    (167, -0.152325)   
  row 602:   (162, -0.)    (163, -0.)    (164, -0.5)    (165, 0.00860443)    (166, -0.256924)    (167, 0.0272104)   
  row 603:   (162, -0.)    (163, -0.)    (164, -0.)    (165, 0.)    (166, 0.0777513)    (167, 0.44831)   
  row 604:   (162, -0.)    (163, -0.)    (164, -0.)    (165, 0.0452504)    (166, -0.00523518)    (167, -0.0459379)   
  row 605:   (162, -0.)    (163, -0.)    (164, -0.)    (165, -0.456635)    (166, -0.0237372)    (167, 0.0220917)   
  row 606:   (162, -0.5)    (163, -0.)    (164, -0.)    (165, 0.)    (166, -0.326587)    (167, 0.0598253)   
  row 607:   (162, -0.)    (163, -0.5)    (164, -0.)    (165, -0.19007)    (166, 0.0219899)    (167, 0.208527)   
  row 608:   (162, -0.)    (163, -0.)    (164, -0.5)    (165, -0.0247677)    (166, 0.351227)    (167, -0.0366412)   
  row 609:   (162, -0.)    (163, -0.)    (164, -0.)    (165, 0.)    (166, 0.0403979)    (167, 0.455515)   
  row 610:   (162, -0.)    (163, -0.)    (164, -0.)    (165, 0.0235111)    (166, -0.00272008)    (167, -0.0242265)   
  row 611:   (162, -0.)    (163, -0.)    (164, -0.)    (165, -0.459829)    (166, 0.0128014)    (167, 0.0183063)   
  row 612:   (156, -0.5)    (157, -0.)    (158, -0.)    (159, 0.)    (160, 0.462568)    (161, -0.0577348)   
  row 613:   (156, -0.)    (157, -0.5)    (158, -0.)    (159, 0.26921)    (160, -0.0311458)    (161, 0.194573)   
  row 614:   (156, -0.)    (157, -0.)    (158, -0.5)    (159, 0.00808166)    (160, 0.347426)    (161, -0.0376392)   
  row 615:   (156, -0.)    (157, -0.)    (158, -0.)    (159, -0.)    (160, 0.122304)    (161, 0.441759)   
  row 616:   (156, -0.)    (157, -0.)    (158, -0.)    (159, 0.0711796)    (160, -0.00823502)    (161, -0.0262272)   
  row 617:   (156, -0.)    (157, -0.)    (158, -0.)    (159, -0.454866)    (160, 0.011278)    (161, 0.0182574)   
  row 618:   (138, -0.5)    (139, 0.)    (140, 0.)    (141, 0.)    (142, -0.360388)    (143, -0.360238)   
  row 619:   (138, -0.)    (139, -0.5)    (140, 0.)    (141, 0.263307)    (142, -0.000787623)    (143, -0.229929)   
  row 620:   (138, -0.)    (139, -0.)    (140, -0.5)    (141, 0.183866)    (142, 0.300877)    (143, 0.140743)   
  row 621:   (138, -0.)    (139, -0.)    (140, -0.)    (141, 0.)    (142, -0.357235)    (143, 0.287953)   
  row 622:   (138, -0.)    (139, -0.)    (140, -0.)    (141, 0.261004)    (142, -0.000780732)    (143, -0.0345677)   
  row 623:   (138, -0.)    (139, -0.)    (140, -0.)    (141, -0.348668)    (142, 0.0820124)    (143, -0.0190882)   
  row 624:   (138, -0.5)    (139, -0.)    (140, -0.)    (141, 0.)    (142, 0.102624)    (143, 0.0918482)   
  row 625:   (138, -0.)    (139, -0.5)    (140, -0.)    (141, -0.0749797)    (142, 0.000224284)    (143, -0.218292)   
  row 626:   (138, -0.)    (139, -0.)    (140, -0.5)    (141, -0.0435231)    (142, 0.233976)    (143, 0.0825794)   
  row 627:   (138, -0.)    (139, -0.)    (140, -0.)    (141, 0.)    (142, -0.291949)    (143, 0.351605)   
  row 628:   (138, -0.)    (139, -0.)    (140, -0.)    (141, 0.213304)    (142, -0.00063805)    (143, -0.0337601)   
  row 629:   (138, -0.)    (139, -0.)    (140, -0.)    (141, -0.380653)    (142, 0.0735177)    (143, -0.026922)   
  row 630:   (138, -0.5)    (139, -0.)    (140, -0.)    (141, 0.)    (142, -0.13479)    (143, -0.0937326)   
  row 631:   (138, -0.)    (139, -0.5)    (140, -0.)    (141, 0.0984804)    (142, -0.000294581)    (143, 0.251645)   
  row 632:   (138, -0.)    (139, -0.)    (140, -0.5)    (141, 0.0350206)    (142, -0.267741)    (143, -0.0966263)   
  row 633:   (138, -0.)    (139, -0.)    (140, -0.)    (141, 0.)    (142, -0.328014)    (143, 0.322092)   
  row 634:   (138, -0.)    (139, -0.)    (140, -0.)    (141, 0.239654)    (142, -0.000716869)    (143, 0.00440948)   
  row 635:   (138, -0.)    (139, -0.)    (140, -0.)    (141, -0.367634)    (142, 0.0347213)    (143, -0.0397788)   
  row 636:   (144, -0.5)    (145, -0.)    (146, -0.)    (147, 0.)    (148, 0.392553)    (149, 0.362122)   
  row 637:   (144, -0.)    (145, -0.5)    (146, -0.)    (147, -0.286808)    (148, 0.00085792)    (149, 0.196576)   
  row 638:   (144, -0.)    (145, -0.)    (146, -0.5)    (147, -0.175363)    (148, -0.267111)    (149, -0.126697)   
  row 639:   (144, -0.)    (145, -0.)    (146, -0.)    (147, -0.)    (148, -0.253581)    (149, 0.387255)   
  row 640:   (144, -0.)    (145, -0.)    (146, -0.)    (147, 0.185272)    (148, -0.000554197)    (149, 0.000452756)   
  row 641:   (144, -0.)    (145, -0.)    (146, -0.)    (147, -0.398005)    (148, 0.030513)    (149, -0.0457523)   
  row 642:   (150, -0.5)    (151, 0.)    (152, 0.)    (153, 0.)    (154, -0.104239)    (155, -0.188163)   
  row 643:   (150, -0.)    (151, -0.5)    (152, 0.)    (153, 0.0826743)    (154, 0.0211787)    (155, -0.201133)   
  row 644:   (150, -0.)    (151, -0.)    (152, -0.5)    (153, 0.122438)    (154, 0.256926)    (155, 0.109293)   
  row 645:   (150, -0.)    (151, -0.)    (152, -0.)    (153, 0.)    (154, -0.324147)    (155, 0.275209)   
  row 646:   (150, -0.)    (151, -0.)    (152, -0.)    (153, 0.257089)    (154, 0.0658585)    (155, -0.162068)   
  row 647:   (150, -0.)    (151, -0.)    (152, -0.)    (153, -0.335725)    (154, 0.12886)    (155, 0.0292157)   
  row 648:   (162, -0.5)    (163, -0.)    (164, -0.)    (165, 0.)    (166, 0.340572)    (167, 0.251003)   
  row 649:   (162, -0.)    (163, -0.5)    (164, -0.)    (165, -0.270116)    (166, -0.0691956)    (167, -0.295044)   
  row 650:   (162, -0.)    (163, -0.)    (164, -0.5)    (165, -0.0970933)    (166, 0.237965)    (167, 0.0876582)   
  row 651:   (162, -0.)    (163, -0.)    (164, -0.)    (165, 0.)    (166, -0.262734)    (167, 0.337937)   
  row 652:   (162, -0.)    (163, -0.)    (164, -0.)    (165, 0.208381)    (166, 0.0533809)    (167, -0.170561)   
  row 653:   (162, -0.)    (163, -0.)    (164, -0.)    (165, -0.367779)    (166, 0.1211)    (167, 0.0240865)   
  row 654:   (150, -0.5)    (151, -0.)    (152, -0.)    (153, 0.)    (154, -0.384196)    (155, -0.313349)   
  row 655:   (150, -0.)    (151, -0.5)    (152, -0.)    (153, 0.304715)    (154, 0.0780589)    (155, 0.309043)   
  row 656:   (150, -0.)    (151, -0.)    (152, -0.5)    (153, 0.134676)    (154, -0.237021)    (155, -0.0848632)   
  row 657:   (150, -0.)    (151, -0.)    (152, -0.)    (153, 0.)    (154, -0.363157)    (155, 0.257217)   
  row 658:   (150, -0.)    (151, -0.)    (152, -0.)    (153, 0.288029)    (154, 0.0737843)    (155, -0.0924598)   
  row 659:   (150, -0.)    (151, -0.)    (152, -0.)    (153, -0.333563)    (154, 0.0617045)    (155, 0.00285079)   
  row 660:   (138, -0.5)    (139, -0.)    (140, -0.)    (141, 0.)    (142, 0.147863)    (143, 0.25051)   
  row 661:   (138, -0.)    (139, -0.5)    (140, -0.)    (141, -0.117273)    (142, -0.030042)    (143, 0.187134)   
  row 662:   (138, -0.)    (139, -0.)    (140, -0.5)    (141, -0.160021)    (142, -0.25787)    (143, -0.112088)   
  row 663:   (138, -0.)    (139, -0.)    (140, -0.)    (141, -0.)    (142, -0.293188)    (143, 0.333024)   
  row 664:   (138, -0.)    (139, -0.)    (140, -0.)    (141, 0.232535)    (142, 0.0595685)    (143, -0.104214)   
  row 665:   (138, -0.)    (139, -0.)    (140, -0.)    (141, -0.373696)    (142, 0.054118)    (143, -0.0027304)   
  row 666:   (138, -0.57735)    (139, 0.)    (140, 0.)    (141, 0.)    (142, 0.00591624)    (143, -0.0211205)   
  row 667:   (138, -0.)    (139, -0.57735)    (140, 0.)    (141, -0.00484348)    (142, -0.000247028)    (143, -0.478329)   
  row 668:   (138, -0.)    (139, -0.)    (140, -0.57735)    (141, 0.017185)    (142, 0.404804)    (143, 0.255156)   
  row 669:   (138, -0.)    (139, -0.)    (140, -0.)    (141, 0.)    (142, -0.460908)    (143, 0.252543)   
  row 670:   (138, -0.)    (139, -0.)    (140, -0.)    (141, 0.377334)    (142, 0.0192449)    (143, -0.0609195)   
  row 671:   (138, -0.)    (139, -0.)    (140, -0.)    (141, -0.374883)    (142, 0.0647305)    (143, 0.0145802)   
  row 672:   (150, -0.57735)    (151, -0.)    (152, -0.)    (153, 0.)    (154, -0.23428)    (155, -0.408214)   
  row 673:   (150, -0.)    (151, -0.57735)    (152, -0.)    (153, 0.191799)    (154, 0.00978218)    (155, 0.258374)   
  row 674:   (150, -0.)    (151, -0.)    (152, -0.57735)    (153, 0.180785)    (154, -0.192743)    (155, -0.108369)   
  row 675:   (150, -0.)    (151, -0.)    (152, -0.)    (153, 0.)    (154, -0.494871)    (155, 0.195181)   
  row 676:   (150, -0.)    (151, -0.)    (152, -0.)    (153, 0.405139)    (154, 0.020663)    (155, -0.0055304)   
  row 677:   (150, -0.)    (151, -0.)    (152, -0.)    (153, -0.349932)    (154, 0.0215654)    (155, -0.0107679)   
  row 678:   (150, -0.57735)    (151, -0.)    (152, -0.)    (153, 0.)    (154, 0.228364)    (155, 0.429334)   
  row 679:   (150, -0.)    (151, -0.57735)    (152, -0.)    (153, -0.186956)    (154, -0.00953515)    (155, 0.219956)   
  row 680:   (150, -0.)    (151, -0.)    (152, -0.57735)    (153, -0.19797)    (154, -0.212061)    (155, -0.146787)   
  row 681:   (150, -0.)    (151, -0.)    (152, -0.)    (153, -0.)    (154, -0.428106)    (155, 0.3161)   
  row 682:   (150, -0.)    (151, -0.)    (152, -0.)    (153, 0.35048)    (154, 0.0178752)    (155, -0.0117794)   
  row 683:   (150, -0.)    (151, -0.)    (152, -0.)    (153, -0.404626)    (154, 0.0193718)    (155, -0.0159418)   
==== Smoothed Aggregation-based Multigrid
>>>> samg setup time: 0.0274308 (s)
  0 KSP preconditioned resid norm 1.138530817423e-05 true resid norm 5.000000000000e+03 ||r(i)||/||b|| 1.000000000000e+00
  1 KSP preconditioned resid norm 1.739766630074e-06 true resid norm 6.818986219658e+03 ||r(i)||/||b|| 1.363797243932e+00
  2 KSP preconditioned resid norm 3.647524512587e-06 true resid norm 7.988819061322e+03 ||r(i)||/||b|| 1.597763812264e+00
  3 KSP preconditioned resid norm 2.092641684214e-06 true resid norm 7.277071053705e+03 ||r(i)||/||b|| 1.455414210741e+00
  4 KSP preconditioned resid norm 1.353305963461e-06 true resid norm 7.605409188915e+03 ||r(i)||/||b|| 1.521081837783e+00
  5 KSP preconditioned resid norm 1.287484713239e-06 true resid norm 6.036316070368e+03 ||r(i)||/||b|| 1.207263214074e+00
  6 KSP preconditioned resid norm 1.285535774565e-06 true resid norm 5.763881273300e+03 ||r(i)||/||b|| 1.152776254660e+00
  7 KSP preconditioned resid norm 1.435881390158e-06 true resid norm 5.678851091947e+03 ||r(i)||/||b|| 1.135770218389e+00
  8 KSP preconditioned resid norm 1.883313879894e-06 true resid norm 5.802566746380e+03 ||r(i)||/||b|| 1.160513349276e+00
  9 KSP preconditioned resid norm 1.922761166358e-06 true resid norm 5.578023911292e+03 ||r(i)||/||b|| 1.115604782258e+00
 10 KSP preconditioned resid norm 9.508816108449e-07 true resid norm 6.217932094842e+03 ||r(i)||/||b|| 1.243586418968e+00
 11 KSP preconditioned resid norm 1.176244877694e-06 true resid norm 5.414151694550e+03 ||r(i)||/||b|| 1.082830338910e+00
 12 KSP preconditioned resid norm 1.220777222203e-06 true resid norm 5.877888931312e+03 ||r(i)||/||b|| 1.175577786262e+00
 13 KSP preconditioned resid norm 9.457707744835e-07 true resid norm 5.316285837743e+03 ||r(i)||/||b|| 1.063257167549e+00
 14 KSP preconditioned resid norm 8.140946787924e-07 true resid norm 5.752079894509e+03 ||r(i)||/||b|| 1.150415978902e+00
 15 KSP preconditioned resid norm 6.252840811782e-07 true resid norm 5.305807003972e+03 ||r(i)||/||b|| 1.061161400794e+00
 16 KSP preconditioned resid norm 7.037783214339e-07 true resid norm 6.185460455793e+03 ||r(i)||/||b|| 1.237092091159e+00
 17 KSP preconditioned resid norm 6.446107871485e-07 true resid norm 6.624358252405e+03 ||r(i)||/||b|| 1.324871650481e+00
 18 KSP preconditioned resid norm 6.095321436003e-07 true resid norm 5.243501804639e+03 ||r(i)||/||b|| 1.048700360928e+00
 19 KSP preconditioned resid norm 4.630933531858e-07 true resid norm 4.910244497349e+03 ||r(i)||/||b|| 9.820488994699e-01
 20 KSP preconditioned resid norm 4.471322533494e-07 true resid norm 3.953358544534e+03 ||r(i)||/||b|| 7.906717089069e-01
 21 KSP preconditioned resid norm 3.140624668592e-07 true resid norm 3.939745543074e+03 ||r(i)||/||b|| 7.879491086147e-01
 22 KSP preconditioned resid norm 4.541031394334e-07 true resid norm 3.399677713410e+03 ||r(i)||/||b|| 6.799355426821e-01
 23 KSP preconditioned resid norm 7.531461197487e-07 true resid norm 4.576675935596e+03 ||r(i)||/||b|| 9.153351871191e-01
 24 KSP preconditioned resid norm 3.154237163847e-07 true resid norm 4.578535003824e+03 ||r(i)||/||b|| 9.157070007648e-01
 25 KSP preconditioned resid norm 3.549959693444e-07 true resid norm 4.740993078009e+03 ||r(i)||/||b|| 9.481986156019e-01
 26 KSP preconditioned resid norm 4.815582427588e-07 true resid norm 6.696458820120e+03 ||r(i)||/||b|| 1.339291764024e+00
 27 KSP preconditioned resid norm 8.908968700780e-07 true resid norm 7.857744053022e+03 ||r(i)||/||b|| 1.571548810604e+00
 28 KSP preconditioned resid norm 9.374474753695e-07 true resid norm 9.568938185761e+03 ||r(i)||/||b|| 1.913787637152e+00
 29 KSP preconditioned resid norm 7.816416675563e-07 true resid norm 9.987395235341e+03 ||r(i)||/||b|| 1.997479047068e+00
 30 KSP preconditioned resid norm 1.052010808637e-06 true resid norm 9.053324134164e+03 ||r(i)||/||b|| 1.810664826833e+00
 31 KSP preconditioned resid norm 6.339671130440e-07 true resid norm 6.219919744248e+03 ||r(i)||/||b|| 1.243983948850e+00
 32 KSP preconditioned resid norm 6.528731074028e-07 true resid norm 4.244511448618e+03 ||r(i)||/||b|| 8.489022897236e-01
 33 KSP preconditioned resid norm 3.949196209185e-07 true resid norm 2.952430245118e+03 ||r(i)||/||b|| 5.904860490237e-01
 34 KSP preconditioned resid norm 2.167305362768e-07 true resid norm 2.037772557421e+03 ||r(i)||/||b|| 4.075545114842e-01
 35 KSP preconditioned resid norm 1.930610926446e-07 true resid norm 1.727764369341e+03 ||r(i)||/||b|| 3.455528738683e-01
 36 KSP preconditioned resid norm 1.641548270248e-07 true resid norm 1.442776740642e+03 ||r(i)||/||b|| 2.885553481283e-01
 37 KSP preconditioned resid norm 9.545082408394e-08 true resid norm 1.195499266761e+03 ||r(i)||/||b|| 2.390998533522e-01
 38 KSP preconditioned resid norm 6.280467716980e-08 true resid norm 8.292441010070e+02 ||r(i)||/||b|| 1.658488202014e-01
 39 KSP preconditioned resid norm 5.666292136697e-08 true resid norm 6.930246625366e+02 ||r(i)||/||b|| 1.386049325073e-01
 40 KSP preconditioned resid norm 4.194226134071e-08 true resid norm 5.460110468429e+02 ||r(i)||/||b|| 1.092022093686e-01
 41 KSP preconditioned resid norm 5.835320660456e-08 true resid norm 4.764657217695e+02 ||r(i)||/||b|| 9.529314435389e-02
 42 KSP preconditioned resid norm 4.684472860555e-08 true resid norm 4.229041632919e+02 ||r(i)||/||b|| 8.458083265838e-02
 43 KSP preconditioned resid norm 2.972812468787e-08 true resid norm 3.241858455706e+02 ||r(i)||/||b|| 6.483716911412e-02
 44 KSP preconditioned resid norm 2.244804192116e-08 true resid norm 2.681917945813e+02 ||r(i)||/||b|| 5.363835891625e-02
 45 KSP preconditioned resid norm 1.617459847658e-08 true resid norm 2.472407509569e+02 ||r(i)||/||b|| 4.944815019138e-02
 46 KSP preconditioned resid norm 2.807435283272e-08 true resid norm 2.181585310026e+02 ||r(i)||/||b|| 4.363170620053e-02
 47 KSP preconditioned resid norm 3.669628077786e-08 true resid norm 2.616850850835e+02 ||r(i)||/||b|| 5.233701701671e-02
 48 KSP preconditioned resid norm 2.190787547354e-08 true resid norm 2.740763732389e+02 ||r(i)||/||b|| 5.481527464777e-02
 49 KSP preconditioned resid norm 3.622255707989e-08 true resid norm 3.289561336739e+02 ||r(i)||/||b|| 6.579122673477e-02
 50 KSP preconditioned resid norm 2.732336777002e-08 true resid norm 2.978159583679e+02 ||r(i)||/||b|| 5.956319167359e-02
 51 KSP preconditioned resid norm 4.177728510702e-08 true resid norm 2.783950707273e+02 ||r(i)||/||b|| 5.567901414547e-02
 52 KSP preconditioned resid norm 2.866015399337e-08 true resid norm 3.097472012157e+02 ||r(i)||/||b|| 6.194944024315e-02
 53 KSP preconditioned resid norm 3.996831263714e-08 true resid norm 3.340491904807e+02 ||r(i)||/||b|| 6.680983809613e-02
 54 KSP preconditioned resid norm 3.730909807841e-08 true resid norm 3.893256187763e+02 ||r(i)||/||b|| 7.786512375527e-02
 55 KSP preconditioned resid norm 3.309050063397e-08 true resid norm 3.280557161385e+02 ||r(i)||/||b|| 6.561114322769e-02
 56 KSP preconditioned resid norm 2.544296565198e-08 true resid norm 2.897777826911e+02 ||r(i)||/||b|| 5.795555653822e-02
 57 KSP preconditioned resid norm 1.691842837801e-08 true resid norm 2.196557047660e+02 ||r(i)||/||b|| 4.393114095320e-02
 58 KSP preconditioned resid norm 1.692170579644e-08 true resid norm 2.301764426420e+02 ||r(i)||/||b|| 4.603528852840e-02
 59 KSP preconditioned resid norm 2.695966264149e-08 true resid norm 2.932038356877e+02 ||r(i)||/||b|| 5.864076713753e-02
 60 KSP preconditioned resid norm 3.472242437590e-08 true resid norm 3.614758715470e+02 ||r(i)||/||b|| 7.229517430940e-02
 61 KSP preconditioned resid norm 4.925234676369e-08 true resid norm 3.903735655835e+02 ||r(i)||/||b|| 7.807471311669e-02
 62 KSP preconditioned resid norm 2.422572349650e-08 true resid norm 3.204342677715e+02 ||r(i)||/||b|| 6.408685355431e-02
 63 KSP preconditioned resid norm 3.197766407463e-08 true resid norm 2.378754387505e+02 ||r(i)||/||b|| 4.757508775010e-02
 64 KSP preconditioned resid norm 1.833449068390e-08 true resid norm 1.515246701651e+02 ||r(i)||/||b|| 3.030493403303e-02
 65 KSP preconditioned resid norm 1.063125228569e-08 true resid norm 1.128862749773e+02 ||r(i)||/||b|| 2.257725499546e-02
 66 KSP preconditioned resid norm 1.158407940088e-08 true resid norm 1.007954083233e+02 ||r(i)||/||b|| 2.015908166467e-02
 67 KSP preconditioned resid norm 5.580619406536e-09 true resid norm 7.867878860006e+01 ||r(i)||/||b|| 1.573575772001e-02
 68 KSP preconditioned resid norm 5.837962244222e-09 true resid norm 5.188373714692e+01 ||r(i)||/||b|| 1.037674742938e-02
 69 KSP preconditioned resid norm 2.957620624490e-09 true resid norm 4.147403751997e+01 ||r(i)||/||b|| 8.294807503995e-03
 70 KSP preconditioned resid norm 3.776634650816e-09 true resid norm 2.628504462913e+01 ||r(i)||/||b|| 5.257008925825e-03
 71 KSP preconditioned resid norm 2.127813270217e-09 true resid norm 1.672587819137e+01 ||r(i)||/||b|| 3.345175638275e-03
 72 KSP preconditioned resid norm 5.910169871516e-10 true resid norm 9.781216820502e+00 ||r(i)||/||b|| 1.956243364100e-03
 73 KSP preconditioned resid norm 4.503493633294e-10 true resid norm 4.867093654561e+00 ||r(i)||/||b|| 9.734187309123e-04
 74 KSP preconditioned resid norm 2.299827597139e-10 true resid norm 2.831166460558e+00 ||r(i)||/||b|| 5.662332921116e-04
 75 KSP preconditioned resid norm 1.439092929058e-10 true resid norm 1.539273691490e+00 ||r(i)||/||b|| 3.078547382980e-04
 76 KSP preconditioned resid norm 9.496612530878e-11 true resid norm 1.028055879831e+00 ||r(i)||/||b|| 2.056111759662e-04
 77 KSP preconditioned resid norm 5.213966183207e-11 true resid norm 5.730713696304e-01 ||r(i)||/||b|| 1.146142739261e-04
 78 KSP preconditioned resid norm 4.119680120509e-11 true resid norm 3.425769747182e-01 ||r(i)||/||b|| 6.851539494363e-05
 79 KSP preconditioned resid norm 1.677088336479e-11 true resid norm 2.371529437284e-01 ||r(i)||/||b|| 4.743058874568e-05
 80 KSP preconditioned resid norm 1.669974866315e-11 true resid norm 1.572116640742e-01 ||r(i)||/||b|| 3.144233281484e-05
 81 KSP preconditioned resid norm 7.599977601903e-12 true resid norm 9.920835947363e-02 ||r(i)||/||b|| 1.984167189473e-05
 82 KSP preconditioned resid norm 7.193112277726e-12 true resid norm 7.099532561192e-02 ||r(i)||/||b|| 1.419906512238e-05
 83 KSP preconditioned resid norm 4.760783633578e-12 true resid norm 5.540523806138e-02 ||r(i)||/||b|| 1.108104761228e-05
 84 KSP preconditioned resid norm 3.249377036647e-12 true resid norm 3.848403449492e-02 ||r(i)||/||b|| 7.696806898985e-06
 85 KSP preconditioned resid norm 2.627919601529e-12 true resid norm 2.365526820351e-02 ||r(i)||/||b|| 4.731053640701e-06
 86 KSP preconditioned resid norm 1.018799648301e-12 true resid norm 1.126193607590e-02 ||r(i)||/||b|| 2.252387215179e-06
 87 KSP preconditioned resid norm 6.095564273173e-13 true resid norm 6.493304527646e-03 ||r(i)||/||b|| 1.298660905529e-06
 88 KSP preconditioned resid norm 3.650990953000e-13 true resid norm 3.548440502341e-03 ||r(i)||/||b|| 7.096881004682e-07
 89 KSP preconditioned resid norm 1.108459560023e-13 true resid norm 2.004842013663e-03 ||r(i)||/||b|| 4.009684027326e-07
>>>> ksp solve time: 0.00365567 (s)
            || b ||_2 = 5.0000000000000000e+03
|| r ||_2 / || b ||_2 = 4.0096843772579746e-07
