Config file: ../input/config/mla_v_cycle-refine2.json
order_rbm = 1
==== basic information of linear system ====
matrix Row = 19158, matrix Column = 19158
matrix nz_allocated = 387515, matrix nz_used = 387515, matrix nz_unneeded = 0
vector Row = 19158
>>>>>>>> setup phase:
 prolongation_block_row = 3193, col = 979
size of prolongation: m = 19158, n = 5874
  0 KSP unpreconditioned resid norm 7.204273425169e-01 true resid norm 7.204273425169e-01 ||r(i)||/||b|| 1.000000000000e+00
  1 KSP unpreconditioned resid norm 3.433648713941e+01 true resid norm 3.433648713941e+01 ||r(i)||/||b|| 4.766127701296e+01
  2 KSP unpreconditioned resid norm 8.490452027026e+01 true resid norm 8.490452027026e+01 ||r(i)||/||b|| 1.178529953814e+02
  3 KSP unpreconditioned resid norm 2.078844998175e+01 true resid norm 2.078844998176e+01 ||r(i)||/||b|| 2.885572042439e+01
  4 KSP unpreconditioned resid norm 5.634893829015e+00 true resid norm 5.634893829020e+00 ||r(i)||/||b|| 7.821599065541e+00
  5 KSP unpreconditioned resid norm 1.075320772233e+00 true resid norm 1.075320772238e+00 ||r(i)||/||b|| 1.492615158777e+00
  6 KSP unpreconditioned resid norm 2.004365919460e-01 true resid norm 2.004365919401e-01 ||r(i)||/||b|| 2.782190237809e-01
  7 KSP unpreconditioned resid norm 7.510630264204e-02 true resid norm 7.510630264666e-02 ||r(i)||/||b|| 1.042524321526e-01
  8 KSP unpreconditioned resid norm 7.661055761823e-02 true resid norm 7.661055761801e-02 ||r(i)||/||b|| 1.063404358729e-01
  9 KSP unpreconditioned resid norm 2.912554587068e-02 true resid norm 2.912554586918e-02 ||r(i)||/||b|| 4.042815166818e-02
 10 KSP unpreconditioned resid norm 2.453380614054e-02 true resid norm 2.453380613924e-02 ||r(i)||/||b|| 3.405451832732e-02
 11 KSP unpreconditioned resid norm 1.232256269824e-02 true resid norm 1.232256270013e-02 ||r(i)||/||b|| 1.710451835029e-02
 12 KSP unpreconditioned resid norm 7.327667381135e-03 true resid norm 7.327667387135e-03 ||r(i)||/||b|| 1.017127884338e-02
 13 KSP unpreconditioned resid norm 7.135312224754e-03 true resid norm 7.135312219019e-03 ||r(i)||/||b|| 9.904277361394e-03
 14 KSP unpreconditioned resid norm 7.180201832226e-03 true resid norm 7.180201827824e-03 ||r(i)||/||b|| 9.966587057536e-03
 15 KSP unpreconditioned resid norm 6.920315747449e-03 true resid norm 6.920315748784e-03 ||r(i)||/||b|| 9.605848279726e-03
 16 KSP unpreconditioned resid norm 7.598794842768e-03 true resid norm 7.598794844219e-03 ||r(i)||/||b|| 1.054762138493e-02
 17 KSP unpreconditioned resid norm 7.842216312849e-03 true resid norm 7.842216311519e-03 ||r(i)||/||b|| 1.088550621097e-02
 18 KSP unpreconditioned resid norm 4.631049952280e-03 true resid norm 4.631049955015e-03 ||r(i)||/||b|| 6.428198489574e-03
 19 KSP unpreconditioned resid norm 3.148343863985e-03 true resid norm 3.148343854778e-03 ||r(i)||/||b|| 4.370106003721e-03
 20 KSP unpreconditioned resid norm 1.722328637534e-03 true resid norm 1.722328646237e-03 ||r(i)||/||b|| 2.390704162088e-03
 21 KSP unpreconditioned resid norm 1.141589268249e-03 true resid norm 1.141589269843e-03 ||r(i)||/||b|| 1.584600142820e-03
 22 KSP unpreconditioned resid norm 7.973889763034e-04 true resid norm 7.973889800038e-04 ||r(i)||/||b|| 1.106827757561e-03
 23 KSP unpreconditioned resid norm 5.621857055355e-04 true resid norm 5.621856978372e-04 ||r(i)||/||b|| 7.803503069070e-04
 24 KSP unpreconditioned resid norm 4.936105933854e-04 true resid norm 4.936106070431e-04 ||r(i)||/||b|| 6.851636215230e-04
 25 KSP unpreconditioned resid norm 2.826671782646e-04 true resid norm 2.826671691737e-04 ||r(i)||/||b|| 3.923604123438e-04
 26 KSP unpreconditioned resid norm 2.269635316760e-04 true resid norm 2.269635156055e-04 ||r(i)||/||b|| 3.150401188448e-04
 27 KSP unpreconditioned resid norm 2.289420219774e-04 true resid norm 2.289420284726e-04 ||r(i)||/||b|| 3.177864233647e-04
 28 KSP unpreconditioned resid norm 1.617887572780e-04 true resid norm 1.617887533406e-04 ||r(i)||/||b|| 2.245733105789e-04
 29 KSP unpreconditioned resid norm 1.623688306958e-04 true resid norm 1.623688293749e-04 ||r(i)||/||b|| 2.253784938363e-04
 30 KSP unpreconditioned resid norm 1.631327592504e-04 true resid norm 1.631327452878e-04 ||r(i)||/||b|| 2.264388587999e-04
 31 KSP unpreconditioned resid norm 1.562549787464e-04 true resid norm 1.562549584604e-04 ||r(i)||/||b|| 2.168920434287e-04
 32 KSP unpreconditioned resid norm 1.562551312605e-04 true resid norm 1.562551250039e-04 ||r(i)||/||b|| 2.168922746019e-04
 33 KSP unpreconditioned resid norm 1.566010685581e-04 true resid norm 1.566010641666e-04 ||r(i)||/||b|| 2.173724606558e-04
 34 KSP unpreconditioned resid norm 1.560587807696e-04 true resid norm 1.560587781647e-04 ||r(i)||/||b|| 2.166197324208e-04
 35 KSP unpreconditioned resid norm 1.550790860578e-04 true resid norm 1.550790855375e-04 ||r(i)||/||b|| 2.152598553460e-04
 36 KSP unpreconditioned resid norm 1.564506696768e-04 true resid norm 1.564506640596e-04 ||r(i)||/||b|| 2.171636955269e-04
 37 KSP unpreconditioned resid norm 1.533349220094e-04 true resid norm 1.533349177349e-04 ||r(i)||/||b|| 2.128388370147e-04
 38 KSP unpreconditioned resid norm 1.429127442562e-04 true resid norm 1.429127451197e-04 ||r(i)||/||b|| 1.983721836825e-04
 39 KSP unpreconditioned resid norm 1.206222930260e-04 true resid norm 1.206222931479e-04 ||r(i)||/||b|| 1.674315868225e-04
 40 KSP unpreconditioned resid norm 1.066114283967e-04 true resid norm 1.066114259962e-04 ||r(i)||/||b|| 1.479835921048e-04
 41 KSP unpreconditioned resid norm 7.667492320756e-05 true resid norm 7.667492074045e-05 ||r(i)||/||b|| 1.064297760723e-04
 42 KSP unpreconditioned resid norm 7.604963864397e-05 true resid norm 7.604964315724e-05 ||r(i)||/||b|| 1.055618501257e-04
 43 KSP unpreconditioned resid norm 4.378190897738e-05 true resid norm 4.378191864220e-05 ||r(i)||/||b|| 6.077215016471e-05
 44 KSP unpreconditioned resid norm 3.235831748884e-05 true resid norm 3.235832395831e-05 ||r(i)||/||b|| 4.491545787985e-05
 45 KSP unpreconditioned resid norm 2.503986919865e-05 true resid norm 2.503987464259e-05 ||r(i)||/||b|| 3.475697431903e-05
 46 KSP unpreconditioned resid norm 1.321824005121e-05 true resid norm 1.321824693556e-05 ||r(i)||/||b|| 1.834778631441e-05
 47 KSP unpreconditioned resid norm 7.996374012485e-06 true resid norm 7.996378510965e-06 ||r(i)||/||b|| 1.109949336879e-05
 48 KSP unpreconditioned resid norm 8.731499799116e-06 true resid norm 8.731509133775e-06 ||r(i)||/||b|| 1.211990247798e-05
 49 KSP unpreconditioned resid norm 8.220747268462e-06 true resid norm 8.220756541089e-06 ||r(i)||/||b|| 1.141094466566e-05
 50 KSP unpreconditioned resid norm 3.829256851966e-06 true resid norm 3.829267561416e-06 ||r(i)||/||b|| 5.315272388244e-06
 51 KSP unpreconditioned resid norm 3.334739965390e-06 true resid norm 3.334750616706e-06 ||r(i)||/||b|| 4.628850711101e-06
 52 KSP unpreconditioned resid norm 2.739635154878e-06 true resid norm 2.739656923037e-06 ||r(i)||/||b|| 3.802821966009e-06
 53 KSP unpreconditioned resid norm 1.395314547843e-06 true resid norm 1.395331065918e-06 ||r(i)||/||b|| 1.936810256316e-06
 54 KSP unpreconditioned resid norm 1.243025154409e-06 true resid norm 1.243038140982e-06 ||r(i)||/||b|| 1.725417773067e-06
 55 KSP unpreconditioned resid norm 6.534973879799e-07 true resid norm 6.534902797491e-07 ||r(i)||/||b|| 9.070870040357e-07
 56 KSP unpreconditioned resid norm 5.748923550463e-07 true resid norm 5.749096456468e-07 ||r(i)||/||b|| 7.980119738908e-07
 57 KSP unpreconditioned resid norm 4.603900948166e-07 true resid norm 4.604032206377e-07 ||r(i)||/||b|| 6.390696097530e-07
 58 KSP unpreconditioned resid norm 4.313635977117e-07 true resid norm 4.313662223443e-07 ||r(i)||/||b|| 5.987643678782e-07
 59 KSP unpreconditioned resid norm 4.269636667910e-07 true resid norm 4.269747085130e-07 ||r(i)||/||b|| 5.926686611051e-07
 60 KSP unpreconditioned resid norm 3.305342835040e-07 true resid norm 3.305353340672e-07 ||r(i)||/||b|| 4.588045380294e-07
 61 KSP unpreconditioned resid norm 3.377124818022e-07 true resid norm 3.377125359194e-07 ||r(i)||/||b|| 4.687669609256e-07
 62 KSP unpreconditioned resid norm 3.377123028069e-07 true resid norm 3.377172117603e-07 ||r(i)||/||b|| 4.687734512969e-07
 63 KSP unpreconditioned resid norm 3.381237857780e-07 true resid norm 3.381198691363e-07 ||r(i)||/||b|| 4.693323659192e-07
 64 KSP unpreconditioned resid norm 3.375219444412e-07 true resid norm 3.375283661440e-07 ||r(i)||/||b|| 4.685113213010e-07
 65 KSP unpreconditioned resid norm 3.380496291434e-07 true resid norm 3.380461249580e-07 ||r(i)||/||b|| 4.692300042042e-07
 66 KSP unpreconditioned resid norm 3.315815288054e-07 true resid norm 3.315672775986e-07 ||r(i)||/||b|| 4.602369427572e-07
 67 KSP unpreconditioned resid norm 3.003607875350e-07 true resid norm 3.003508045851e-07 ||r(i)||/||b|| 4.169064482419e-07
 68 KSP unpreconditioned resid norm 2.709461022360e-07 true resid norm 2.709280719856e-07 ||r(i)||/||b|| 3.760657820664e-07
 69 KSP unpreconditioned resid norm 2.556731553350e-07 true resid norm 2.556726442760e-07 ||r(i)||/||b|| 3.548902563620e-07
 70 KSP unpreconditioned resid norm 2.559164672896e-07 true resid norm 2.559164320432e-07 ||r(i)||/||b|| 3.552286496361e-07
 71 KSP unpreconditioned resid norm 1.843520291326e-07 true resid norm 1.843561277562e-07 ||r(i)||/||b|| 2.558982937990e-07
 72 KSP unpreconditioned resid norm 1.834877611720e-07 true resid norm 1.834860192122e-07 ||r(i)||/||b|| 2.546905265577e-07
 73 KSP unpreconditioned resid norm 1.432689498718e-07 true resid norm 1.432872433718e-07 ||r(i)||/||b|| 1.988920116097e-07
 74 KSP unpreconditioned resid norm 1.300176740874e-07 true resid norm 1.300350781578e-07 ||r(i)||/||b|| 1.804971445192e-07
 75 KSP unpreconditioned resid norm 8.055396790672e-08 true resid norm 8.058943882942e-08 ||r(i)||/||b|| 1.118633817366e-07
 76 KSP unpreconditioned resid norm 5.601431470232e-08 true resid norm 5.608892058970e-08 ||r(i)||/||b|| 7.785506917845e-08
 77 KSP unpreconditioned resid norm 3.497761013299e-08 true resid norm 3.510004388169e-08 ||r(i)||/||b|| 4.872114342448e-08
 78 KSP unpreconditioned resid norm 2.450207648596e-08 true resid norm 2.469968944624e-08 ||r(i)||/||b|| 3.428477514464e-08
 79 KSP unpreconditioned resid norm 1.976620589163e-08 true resid norm 2.003771522301e-08 ||r(i)||/||b|| 2.781365175981e-08
 80 KSP unpreconditioned resid norm 1.764558860571e-08 true resid norm 1.796951118728e-08 ||r(i)||/||b|| 2.494285006521e-08
 81 KSP unpreconditioned resid norm 1.464238525877e-08 true resid norm 1.504901521765e-08 ||r(i)||/||b|| 2.088901174277e-08
 82 KSP unpreconditioned resid norm 1.527830143786e-08 true resid norm 1.566733804539e-08 ||r(i)||/||b|| 2.174728403652e-08
 83 KSP unpreconditioned resid norm 1.552877579135e-08 true resid norm 1.592025940250e-08 ||r(i)||/||b|| 2.209835532739e-08
 84 KSP unpreconditioned resid norm 1.015392597521e-08 true resid norm 1.074823137821e-08 ||r(i)||/||b|| 1.491924409846e-08
 85 KSP unpreconditioned resid norm 7.496260226638e-09 true resid norm 8.287956211991e-09 ||r(i)||/||b|| 1.150422217879e-08
 86 KSP unpreconditioned resid norm 6.161484994973e-09 true resid norm 7.088980182828e-09 ||r(i)||/||b|| 9.839965482239e-09
            || b ||_2 = 7.2042734251691598e-01
|| r ||_2 / || b ||_2 = 9.8399654822392094e-09
