Config file: ../input/config/mla_v_cycle-refine0.json
order_rbm = 2
==== basic information of linear system ====
matrix Row = 1506, matrix Column = 1506
matrix nz_allocated = 27747, matrix nz_used = 27747, matrix nz_unneeded = 0
vector Row = 1506
>>>>>>>> setup phase:
 prolongation_block_row = 251, col = 65
size of prolongation: m = 1506, n = 585
  0 KSP unpreconditioned resid norm 2.650113947035e+00 true resid norm 2.650113947035e+00 ||r(i)||/||b|| 1.000000000000e+00
  1 KSP unpreconditioned resid norm 2.736682344768e+02 true resid norm 2.736682344768e+02 ||r(i)||/||b|| 1.032665915301e+02
  2 KSP unpreconditioned resid norm 5.623914351749e+01 true resid norm 5.623914351748e+01 ||r(i)||/||b|| 2.122140581178e+01
  3 KSP unpreconditioned resid norm 3.701910366687e+00 true resid norm 3.701910366692e+00 ||r(i)||/||b|| 1.396887243597e+00
  4 KSP unpreconditioned resid norm 1.068321906914e+00 true resid norm 1.068321906914e+00 ||r(i)||/||b|| 4.031230083934e-01
  5 KSP unpreconditioned resid norm 3.933655029572e-01 true resid norm 3.933655029558e-01 ||r(i)||/||b|| 1.484334299647e-01
  6 KSP unpreconditioned resid norm 7.705731334607e-02 true resid norm 7.705731334994e-02 ||r(i)||/||b|| 2.907698117515e-02
  7 KSP unpreconditioned resid norm 1.436784114911e-02 true resid norm 1.436784114260e-02 ||r(i)||/||b|| 5.421593723799e-03
  8 KSP unpreconditioned resid norm 2.526747159224e-03 true resid norm 2.526747147641e-03 ||r(i)||/||b|| 9.534484924574e-04
  9 KSP unpreconditioned resid norm 8.436539036369e-04 true resid norm 8.436539058202e-04 ||r(i)||/||b|| 3.183462759268e-04
 10 KSP unpreconditioned resid norm 1.489282934376e-04 true resid norm 1.489282827782e-04 ||r(i)||/||b|| 5.619693558641e-05
 11 KSP unpreconditioned resid norm 3.414471076867e-05 true resid norm 3.414470104486e-05 ||r(i)||/||b|| 1.288423883926e-05
 12 KSP unpreconditioned resid norm 7.548994361564e-06 true resid norm 7.549002246407e-06 ||r(i)||/||b|| 2.848557608194e-06
 13 KSP unpreconditioned resid norm 1.307452620581e-06 true resid norm 1.307452739300e-06 ||r(i)||/||b|| 4.933571783819e-07
 14 KSP unpreconditioned resid norm 3.835928507000e-07 true resid norm 3.835927247830e-07 ||r(i)||/||b|| 1.447457477110e-07
 15 KSP unpreconditioned resid norm 7.759342940979e-08 true resid norm 7.760238307848e-08 ||r(i)||/||b|| 2.928265902125e-08
 16 KSP unpreconditioned resid norm 2.241924774765e-08 true resid norm 2.242536017852e-08 ||r(i)||/||b|| 8.462036209276e-09
            || b ||_2 = 2.6501139470351753e+00
|| r ||_2 / || b ||_2 = 8.4620362092759338e-09
WARNING! There are options you set that were not used!
WARNING! could be spelling mistake, etc!
There is one unused database option. It is:
Option left: name:-ksp_gmres_restart value: 50 source: command line
