Config file: ../input/config/mla_v_cycle-refine1.json
order_rbm = 1
==== basic information of linear system ====
matrix Row = 5340, matrix Column = 5340
matrix nz_allocated = 104619, matrix nz_used = 104619, matrix nz_unneeded = 0
vector Row = 5340
>>>>>>>> setup phase:
 prolongation_block_row = 890, col = 263
size of prolongation: m = 5340, n = 1578
  0 KSP unpreconditioned resid norm 1.385199406759e+00 true resid norm 1.385199406759e+00 ||r(i)||/||b|| 1.000000000000e+00
  1 KSP unpreconditioned resid norm 5.164642085105e+01 true resid norm 5.164642085105e+01 ||r(i)||/||b|| 3.728446648118e+01
  2 KSP unpreconditioned resid norm 4.946681487572e+01 true resid norm 4.946681487572e+01 ||r(i)||/||b|| 3.571097030099e+01
  3 KSP unpreconditioned resid norm 1.357249567534e+01 true resid norm 1.357249567534e+01 ||r(i)||/||b|| 9.798225157416e+00
  4 KSP unpreconditioned resid norm 3.151336497674e+00 true resid norm 3.151336497674e+00 ||r(i)||/||b|| 2.275005665103e+00
  5 KSP unpreconditioned resid norm 7.931752165632e-01 true resid norm 7.931752165602e-01 ||r(i)||/||b|| 5.726072453468e-01
  6 KSP unpreconditioned resid norm 4.962234638960e-01 true resid norm 4.962234638927e-01 ||r(i)||/||b|| 3.582325125693e-01
  7 KSP unpreconditioned resid norm 5.483084651805e-01 true resid norm 5.483084651789e-01 ||r(i)||/||b|| 3.958335980391e-01
  8 KSP unpreconditioned resid norm 2.215377423722e-01 true resid norm 2.215377423719e-01 ||r(i)||/||b|| 1.599320222713e-01
  9 KSP unpreconditioned resid norm 1.368728870770e-01 true resid norm 1.368728870758e-01 ||r(i)||/||b|| 9.881096281732e-02
 10 KSP unpreconditioned resid norm 9.197409877376e-02 true resid norm 9.197409877498e-02 ||r(i)||/||b|| 6.639773185450e-02
 11 KSP unpreconditioned resid norm 3.198359856765e-02 true resid norm 3.198359856420e-02 ||r(i)||/||b|| 2.308952661122e-02
 12 KSP unpreconditioned resid norm 1.456377282161e-02 true resid norm 1.456377282098e-02 ||r(i)||/||b|| 1.051384569609e-02
 13 KSP unpreconditioned resid norm 4.972127715673e-03 true resid norm 4.972127706721e-03 ||r(i)||/||b|| 3.589467106657e-03
 14 KSP unpreconditioned resid norm 1.978552564017e-03 true resid norm 1.978552569305e-03 ||r(i)||/||b|| 1.428352163343e-03
 15 KSP unpreconditioned resid norm 7.230260953798e-04 true resid norm 7.230260961985e-04 ||r(i)||/||b|| 5.219653521873e-04
 16 KSP unpreconditioned resid norm 4.551277871144e-04 true resid norm 4.551277851014e-04 ||r(i)||/||b|| 3.285648137595e-04
 17 KSP unpreconditioned resid norm 1.679478882872e-04 true resid norm 1.679478853506e-04 ||r(i)||/||b|| 1.212445547776e-04
 18 KSP unpreconditioned resid norm 1.187293538502e-04 true resid norm 1.187293580235e-04 ||r(i)||/||b|| 8.571282765802e-05
 19 KSP unpreconditioned resid norm 5.966609825164e-05 true resid norm 5.966610674529e-05 ||r(i)||/||b|| 4.307401985170e-05
 20 KSP unpreconditioned resid norm 3.234054397282e-05 true resid norm 3.234054518889e-05 ||r(i)||/||b|| 2.334721270533e-05
 21 KSP unpreconditioned resid norm 1.473291648449e-05 true resid norm 1.473291228198e-05 ||r(i)||/||b|| 1.063595047045e-05
 22 KSP unpreconditioned resid norm 9.934751738325e-06 true resid norm 9.934741579742e-06 ||r(i)||/||b|| 7.172066008163e-06
 23 KSP unpreconditioned resid norm 5.878774196710e-06 true resid norm 5.878775159560e-06 ||r(i)||/||b|| 4.243991970308e-06
 24 KSP unpreconditioned resid norm 2.491949307162e-06 true resid norm 2.491937883872e-06 ||r(i)||/||b|| 1.798974120053e-06
 25 KSP unpreconditioned resid norm 1.140694752666e-06 true resid norm 1.140697910504e-06 ||r(i)||/||b|| 8.234900368412e-07
 26 KSP unpreconditioned resid norm 6.095127315808e-07 true resid norm 6.095158651394e-07 ||r(i)||/||b|| 4.400203047774e-07
 27 KSP unpreconditioned resid norm 2.854749445841e-07 true resid norm 2.854853146034e-07 ||r(i)||/||b|| 2.060969079329e-07
 28 KSP unpreconditioned resid norm 1.999633062744e-07 true resid norm 1.999789954599e-07 ||r(i)||/||b|| 1.443683808152e-07
 29 KSP unpreconditioned resid norm 1.927808724991e-07 true resid norm 1.928052285502e-07 ||r(i)||/||b|| 1.391895113508e-07
 30 KSP unpreconditioned resid norm 1.032484497868e-07 true resid norm 1.032562076506e-07 ||r(i)||/||b|| 7.454248619135e-08
 31 KSP unpreconditioned resid norm 5.485147503159e-08 true resid norm 5.487328118182e-08 ||r(i)||/||b|| 3.961399413982e-08
 32 KSP unpreconditioned resid norm 5.485559037284e-08 true resid norm 5.487625607159e-08 ||r(i)||/||b|| 3.961614176546e-08
 33 KSP unpreconditioned resid norm 5.479118696045e-08 true resid norm 5.481660185234e-08 ||r(i)||/||b|| 3.957307632741e-08
 34 KSP unpreconditioned resid norm 5.474234054596e-08 true resid norm 5.477385563904e-08 ||r(i)||/||b|| 3.954221707848e-08
 35 KSP unpreconditioned resid norm 4.193894737046e-08 true resid norm 4.197196075623e-08 ||r(i)||/||b|| 3.030030228965e-08
 36 KSP unpreconditioned resid norm 2.796807852545e-08 true resid norm 2.800671819808e-08 ||r(i)||/||b|| 2.021854619734e-08
 37 KSP unpreconditioned resid norm 2.013353739769e-08 true resid norm 2.017346347993e-08 ||r(i)||/||b|| 1.456358079674e-08
 38 KSP unpreconditioned resid norm 1.641973571447e-08 true resid norm 1.647153176637e-08 ||r(i)||/||b|| 1.189109068774e-08
 39 KSP unpreconditioned resid norm 7.730060736334e-09 true resid norm 7.836327960224e-09 ||r(i)||/||b|| 5.657184028515e-09
            || b ||_2 = 1.3851994067587832e+00
|| r ||_2 / || b ||_2 = 5.6571840285149429e-09
