Config file: ../input/config/mla_v_cycle-refine3.json
order_rbm = 2
==== basic information of linear system ====
matrix Row = 73482, matrix Column = 73482
matrix nz_allocated = 1513726, matrix nz_used = 1513726, matrix nz_unneeded = 0
vector Row = 73482
>>>>>>>> setup phase:
 prolongation_block_row = 12247, col = 3944
size of prolongation: m = 73482, n = 35496
  0 KSP unpreconditioned resid norm 3.645678991486e-01 true resid norm 3.645678991486e-01 ||r(i)||/||b|| 1.000000000000e+00
  1 KSP unpreconditioned resid norm 3.645678988243e-01 true resid norm 3.645678988243e-01 ||r(i)||/||b|| 9.999999991105e-01
  2 KSP unpreconditioned resid norm 3.645678862627e-01 true resid norm 3.645678862627e-01 ||r(i)||/||b|| 9.999999646541e-01
  3 KSP unpreconditioned resid norm 3.645675972903e-01 true resid norm 3.645675972903e-01 ||r(i)||/||b|| 9.999991720106e-01
  4 KSP unpreconditioned resid norm 3.645619741059e-01 true resid norm 3.645619741059e-01 ||r(i)||/||b|| 9.999837477661e-01
  5 KSP unpreconditioned resid norm 3.645483205725e-01 true resid norm 3.645483205725e-01 ||r(i)||/||b|| 9.999462964891e-01
  6 KSP unpreconditioned resid norm 3.642717323043e-01 true resid norm 3.642717323048e-01 ||r(i)||/||b|| 9.991876222658e-01
  7 KSP unpreconditioned resid norm 3.590723278874e-01 true resid norm 3.590723278914e-01 ||r(i)||/||b|| 9.849257949752e-01
  8 KSP unpreconditioned resid norm 2.848780411963e-01 true resid norm 2.848780412142e-01 ||r(i)||/||b|| 7.814128503346e-01
  9 KSP unpreconditioned resid norm 1.191293136716e-01 true resid norm 1.191293136888e-01 ||r(i)||/||b|| 3.267685223163e-01
 10 KSP unpreconditioned resid norm 3.236456887407e-02 true resid norm 3.236456891845e-02 ||r(i)||/||b|| 8.877514721958e-02
 11 KSP unpreconditioned resid norm 7.600117228681e-03 true resid norm 7.600117116824e-03 ||r(i)||/||b|| 2.084691804894e-02
 12 KSP unpreconditioned resid norm 1.584342066349e-03 true resid norm 1.584341983508e-03 ||r(i)||/||b|| 4.345807700591e-03
 13 KSP unpreconditioned resid norm 4.443870093230e-04 true resid norm 4.443868614663e-04 ||r(i)||/||b|| 1.218941279537e-03
 14 KSP unpreconditioned resid norm 1.292461166168e-04 true resid norm 1.292460460705e-04 ||r(i)||/||b|| 3.545184487508e-04
 15 KSP unpreconditioned resid norm 5.487291718742e-05 true resid norm 5.487295280400e-05 ||r(i)||/||b|| 1.505150424163e-04
 16 KSP unpreconditioned resid norm 1.806024435433e-05 true resid norm 1.806040910291e-05 ||r(i)||/||b|| 4.953921929245e-05
 17 KSP unpreconditioned resid norm 9.993783540351e-06 true resid norm 9.993805305253e-06 ||r(i)||/||b|| 2.741274075033e-05
 18 KSP unpreconditioned resid norm 6.333593948577e-06 true resid norm 6.333591834844e-06 ||r(i)||/||b|| 1.737287306325e-05
 19 KSP unpreconditioned resid norm 2.055333529525e-06 true resid norm 2.055420649040e-06 ||r(i)||/||b|| 5.637963885027e-06
 20 KSP unpreconditioned resid norm 5.596994985767e-07 true resid norm 5.599125320606e-07 ||r(i)||/||b|| 1.535825105195e-06
 21 KSP unpreconditioned resid norm 2.002371512869e-07 true resid norm 2.008961713551e-07 ||r(i)||/||b|| 5.510528267141e-07
 22 KSP unpreconditioned resid norm 6.484666639201e-08 true resid norm 6.726888821260e-08 ||r(i)||/||b|| 1.845167618150e-07
 23 KSP unpreconditioned resid norm 2.410334566323e-08 true resid norm 2.949596880931e-08 ||r(i)||/||b|| 8.090665381727e-08
 24 KSP unpreconditioned resid norm 6.115612338885e-09 true resid norm 1.984208909570e-08 ||r(i)||/||b|| 5.442631987632e-08
 25 KSP unpreconditioned resid norm 1.593828126708e-09 true resid norm 1.700318679240e-08 ||r(i)||/||b|| 4.663928676142e-08
            || b ||_2 = 3.6456789914864118e-01
|| r ||_2 / || b ||_2 = 4.6639286761419837e-08
