Config file: ../input/config/mla_v_cycle-refine3.json
order_rbm = 2
==== basic information of linear system ====
matrix Row = 73482, matrix Column = 73482
matrix nz_allocated = 1513726, matrix nz_used = 1513726, matrix nz_unneeded = 0
vector Row = 73482
>>>>>>>> setup phase:
 prolongation_block_row = 12247, col = 3944
size of prolongation: m = 73482, n = 35496
  0 KSP unpreconditioned resid norm 3.645678991486e-01 true resid norm 3.645678991486e-01 ||r(i)||/||b|| 1.000000000000e+00
  1 KSP unpreconditioned resid norm 3.638240781404e-01 true resid norm 3.638240781404e-01 ||r(i)||/||b|| 9.979597188618e-01
  2 KSP unpreconditioned resid norm 3.581079721052e-01 true resid norm 3.581079721051e-01 ||r(i)||/||b|| 9.822805928371e-01
  3 KSP unpreconditioned resid norm 3.215180014102e-01 true resid norm 3.215180014094e-01 ||r(i)||/||b|| 8.819152815161e-01
  4 KSP unpreconditioned resid norm 3.160351816073e-01 true resid norm 3.160351816063e-01 ||r(i)||/||b|| 8.668760533891e-01
  5 KSP unpreconditioned resid norm 3.129592481087e-01 true resid norm 3.129592481069e-01 ||r(i)||/||b|| 8.584388500407e-01
  6 KSP unpreconditioned resid norm 3.109564630648e-01 true resid norm 3.109564630627e-01 ||r(i)||/||b|| 8.529452642124e-01
  7 KSP unpreconditioned resid norm 2.681540334548e-01 true resid norm 2.681540334786e-01 ||r(i)||/||b|| 7.355393442617e-01
  8 KSP unpreconditioned resid norm 1.955459705514e-01 true resid norm 1.955459706172e-01 ||r(i)||/||b|| 5.363773691372e-01
  9 KSP unpreconditioned resid norm 6.010411883935e-02 true resid norm 6.010411886519e-02 ||r(i)||/||b|| 1.648639910578e-01
 10 KSP unpreconditioned resid norm 1.751995473424e-02 true resid norm 1.751995466250e-02 ||r(i)||/||b|| 4.805676721241e-02
 11 KSP unpreconditioned resid norm 4.655849048373e-03 true resid norm 4.655849021123e-03 ||r(i)||/||b|| 1.277086938262e-02
 12 KSP unpreconditioned resid norm 1.147641294762e-03 true resid norm 1.147641283933e-03 ||r(i)||/||b|| 3.147949357617e-03
 13 KSP unpreconditioned resid norm 2.723497839916e-04 true resid norm 2.723497977717e-04 ||r(i)||/||b|| 7.470482135362e-04
 14 KSP unpreconditioned resid norm 7.148315906493e-05 true resid norm 7.148317835848e-05 ||r(i)||/||b|| 1.960764470087e-04
 15 KSP unpreconditioned resid norm 2.277935054647e-05 true resid norm 2.277933715571e-05 ||r(i)||/||b|| 6.248311277243e-05
 16 KSP unpreconditioned resid norm 6.669398487157e-06 true resid norm 6.669389615922e-06 ||r(i)||/||b|| 1.829395739860e-05
 17 KSP unpreconditioned resid norm 2.056437408520e-06 true resid norm 2.056497565477e-06 ||r(i)||/||b|| 5.640917838020e-06
 18 KSP unpreconditioned resid norm 6.268320746429e-07 true resid norm 6.269838709320e-07 ||r(i)||/||b|| 1.719799994449e-06
 19 KSP unpreconditioned resid norm 1.795114861575e-07 true resid norm 1.798275455455e-07 ||r(i)||/||b|| 4.932621494253e-07
 20 KSP unpreconditioned resid norm 4.892975847621e-08 true resid norm 5.010344488921e-08 ||r(i)||/||b|| 1.374324097273e-07
 21 KSP unpreconditioned resid norm 1.256716332357e-08 true resid norm 1.605033590469e-08 ||r(i)||/||b|| 4.402564225258e-08
 22 KSP unpreconditioned resid norm 2.941702487932e-09 true resid norm 1.312025835730e-08 ||r(i)||/||b|| 3.598851788086e-08
            || b ||_2 = 3.6456789914864118e-01
|| r ||_2 / || b ||_2 = 3.5988517880864443e-08
