Config file: ../input/config/mla_v_cycle-refine0.json
order_rbm = 2
==== basic information of linear system ====
matrix Row = 1506, matrix Column = 1506
matrix nz_allocated = 27747, matrix nz_used = 27747, matrix nz_unneeded = 0
vector Row = 1506
>>>>>>>> setup phase:
 prolongation_block_row = 251, col = 65
size of prolongation: m = 1506, n = 585
  0 KSP unpreconditioned resid norm 2.650113947035e+00 true resid norm 2.650113947035e+00 ||r(i)||/||b|| 1.000000000000e+00
  1 KSP unpreconditioned resid norm 2.592524008337e+00 true resid norm 2.592524008337e+00 ||r(i)||/||b|| 9.782688820747e-01
  2 KSP unpreconditioned resid norm 2.565542351226e+00 true resid norm 2.565542351227e+00 ||r(i)||/||b|| 9.680875624601e-01
  3 KSP unpreconditioned resid norm 2.244922514652e+00 true resid norm 2.244922514649e+00 ||r(i)||/||b|| 8.471041470350e-01
  4 KSP unpreconditioned resid norm 9.472003871006e-01 true resid norm 9.472003870972e-01 ||r(i)||/||b|| 3.574187397326e-01
  5 KSP unpreconditioned resid norm 2.615417411784e-01 true resid norm 2.615417411728e-01 ||r(i)||/||b|| 9.869075307702e-02
  6 KSP unpreconditioned resid norm 5.622776828954e-02 true resid norm 5.622776828237e-02 ||r(i)||/||b|| 2.121711345479e-02
  7 KSP unpreconditioned resid norm 1.340218917425e-02 true resid norm 1.340218916959e-02 ||r(i)||/||b|| 5.057212420843e-03
  8 KSP unpreconditioned resid norm 3.131351169862e-03 true resid norm 3.131351157352e-03 ||r(i)||/||b|| 1.181591139074e-03
  9 KSP unpreconditioned resid norm 8.156252442995e-04 true resid norm 8.156252604048e-04 ||r(i)||/||b|| 3.077698833732e-04
 10 KSP unpreconditioned resid norm 2.061510538736e-04 true resid norm 2.061510373975e-04 ||r(i)||/||b|| 7.778949943949e-05
 11 KSP unpreconditioned resid norm 3.818297403086e-05 true resid norm 3.818295894672e-05 ||r(i)||/||b|| 1.440804422370e-05
 12 KSP unpreconditioned resid norm 8.543257952697e-06 true resid norm 8.543235999751e-06 ||r(i)||/||b|| 3.223724024889e-06
 13 KSP unpreconditioned resid norm 2.017588396275e-06 true resid norm 2.017551327817e-06 ||r(i)||/||b|| 7.613073883387e-07
 14 KSP unpreconditioned resid norm 4.888248140491e-07 true resid norm 4.888373318346e-07 ||r(i)||/||b|| 1.844589861434e-07
 15 KSP unpreconditioned resid norm 1.047693003233e-07 true resid norm 1.047808728153e-07 ||r(i)||/||b|| 3.953825190517e-08
 16 KSP unpreconditioned resid norm 2.024420391803e-08 true resid norm 2.024936843163e-08 ||r(i)||/||b|| 7.640942554295e-09
            || b ||_2 = 2.6501139470351753e+00
|| r ||_2 / || b ||_2 = 7.6409425542947460e-09
