Config file: ../input/config/mla_v_cycle-refine0.json
order_rbm = 1
==== basic information of linear system ====
matrix Row = 1506, matrix Column = 1506
matrix nz_allocated = 27747, matrix nz_used = 27747, matrix nz_unneeded = 0
vector Row = 1506
>>>>>>>> setup phase:
 prolongation_block_row = 251, col = 65
size of prolongation: m = 1506, n = 390
>>>>>>>> setup phase:
 prolongation_block_row = 65, col = 25
size of prolongation: m = 390, n = 150
  0 KSP unpreconditioned resid norm 2.650113947035e+00 true resid norm 2.650113947035e+00 ||r(i)||/||b|| 1.000000000000e+00
  1 KSP unpreconditioned resid norm 2.535203741531e+00 true resid norm 2.535203741531e+00 ||r(i)||/||b|| 9.566395227524e-01
  2 KSP unpreconditioned resid norm 2.270460495015e+00 true resid norm 2.270460495014e+00 ||r(i)||/||b|| 8.567407063966e-01
  3 KSP unpreconditioned resid norm 2.174275857627e+00 true resid norm 2.174275857624e+00 ||r(i)||/||b|| 8.204461774395e-01
  4 KSP unpreconditioned resid norm 1.752038089114e+00 true resid norm 1.752038089105e+00 ||r(i)||/||b|| 6.611180213835e-01
  5 KSP unpreconditioned resid norm 4.017847248562e-02 true resid norm 4.017847248141e-02 ||r(i)||/||b|| 1.516103582126e-02
  6 KSP unpreconditioned resid norm 1.045411685529e-02 true resid norm 1.045411683613e-02 ||r(i)||/||b|| 3.944780128350e-03
  7 KSP unpreconditioned resid norm 8.551026715113e-05 true resid norm 8.551027060268e-05 ||r(i)||/||b|| 3.226663921314e-05
  8 KSP unpreconditioned resid norm 8.213581181398e-10 true resid norm 9.425151168970e-10 ||r(i)||/||b|| 3.556507892619e-10
            || b ||_2 = 2.6501139470351753e+00
|| r ||_2 / || b ||_2 = 3.5565078926189476e-10
