Config file: ../input/config/mla_v_cycle-refine1.json
order_rbm = 2
==== basic information of linear system ====
matrix Row = 5340, matrix Column = 5340
matrix nz_allocated = 104619, matrix nz_used = 104619, matrix nz_unneeded = 0
vector Row = 5340
>>>>>>>> setup phase:
 prolongation_block_row = 890, col = 263
size of prolongation: m = 5340, n = 2367
  0 KSP unpreconditioned resid norm 1.385199406759e+00 true resid norm 1.385199406759e+00 ||r(i)||/||b|| 1.000000000000e+00
  1 KSP unpreconditioned resid norm 1.365826487595e+00 true resid norm 1.365826487595e+00 ||r(i)||/||b|| 9.860143463320e-01
  2 KSP unpreconditioned resid norm 1.363282035799e+00 true resid norm 1.363282035799e+00 ||r(i)||/||b|| 9.841774614885e-01
  3 KSP unpreconditioned resid norm 1.361839073763e+00 true resid norm 1.361839073763e+00 ||r(i)||/||b|| 9.831357616223e-01
  4 KSP unpreconditioned resid norm 1.360965461911e+00 true resid norm 1.360965461911e+00 ||r(i)||/||b|| 9.825050857445e-01
  5 KSP unpreconditioned resid norm 1.345857655720e+00 true resid norm 1.345857655723e+00 ||r(i)||/||b|| 9.715984927197e-01
  6 KSP unpreconditioned resid norm 1.209820887943e+00 true resid norm 1.209820887955e+00 ||r(i)||/||b|| 8.733911392482e-01
  7 KSP unpreconditioned resid norm 5.436315105120e-01 true resid norm 5.436315105270e-01 ||r(i)||/||b|| 3.924572215917e-01
  8 KSP unpreconditioned resid norm 1.760815353476e-01 true resid norm 1.760815353661e-01 ||r(i)||/||b|| 1.271163808669e-01
  9 KSP unpreconditioned resid norm 5.065979752607e-02 true resid norm 5.065979753870e-02 ||r(i)||/||b|| 3.657220562723e-02
 10 KSP unpreconditioned resid norm 1.278047845130e-02 true resid norm 1.278047846364e-02 ||r(i)||/||b|| 9.226453896298e-03
 11 KSP unpreconditioned resid norm 3.465563432589e-03 true resid norm 3.465563448149e-03 ||r(i)||/||b|| 2.501851669326e-03
 12 KSP unpreconditioned resid norm 1.165283221887e-03 true resid norm 1.165283210856e-03 ||r(i)||/||b|| 8.412386008614e-04
 13 KSP unpreconditioned resid norm 3.261974587095e-04 true resid norm 3.261974508182e-04 ||r(i)||/||b|| 2.354877205596e-04
 14 KSP unpreconditioned resid norm 1.028575466635e-04 true resid norm 1.028575666861e-04 ||r(i)||/||b|| 7.425470021447e-05
 15 KSP unpreconditioned resid norm 2.480917573139e-05 true resid norm 2.480918501509e-05 ||r(i)||/||b|| 1.791019032641e-05
 16 KSP unpreconditioned resid norm 6.597092983006e-06 true resid norm 6.597101069007e-06 ||r(i)||/||b|| 4.762564174384e-06
 17 KSP unpreconditioned resid norm 1.322211031076e-06 true resid norm 1.322237426318e-06 ||r(i)||/||b|| 9.545466305186e-07
 18 KSP unpreconditioned resid norm 3.429772085189e-07 true resid norm 3.429843276574e-07 ||r(i)||/||b|| 2.476064644440e-07
 19 KSP unpreconditioned resid norm 6.642480366854e-08 true resid norm 6.646792490647e-08 ||r(i)||/||b|| 4.798437292288e-08
 20 KSP unpreconditioned resid norm 1.449202875147e-08 true resid norm 1.459527867589e-08 ||r(i)||/||b|| 1.053659033109e-08
 21 KSP unpreconditioned resid norm 3.298758069733e-09 true resid norm 3.775843750364e-09 ||r(i)||/||b|| 2.725848518228e-09
            || b ||_2 = 1.3851994067587832e+00
|| r ||_2 / || b ||_2 = 2.7258485182280919e-09
