Config file: ../input/config/mla_v_cycle-refine0.json
order_rbm = 2
==== basic information of linear system ====
matrix Row = 1506, matrix Column = 1506
matrix nz_allocated = 27747, matrix nz_used = 27747, matrix nz_unneeded = 0
vector Row = 1506
>>>>>>>> setup phase:
 prolongation_block_row = 251, col = 65
size of prolongation: m = 1506, n = 585
>>>>>>>> setup phase:
 prolongation_block_row = 65, col = 25
size of prolongation: m = 585, n = 225
  0 KSP unpreconditioned resid norm 2.650113947035e+00 true resid norm 2.650113947035e+00 ||r(i)||/||b|| 1.000000000000e+00
  1 KSP unpreconditioned resid norm 2.239251329681e+00 true resid norm 2.239251329682e+00 ||r(i)||/||b|| 8.449641692528e-01
  2 KSP unpreconditioned resid norm 2.109731664152e+00 true resid norm 2.109731664153e+00 ||r(i)||/||b|| 7.960909252650e-01
  3 KSP unpreconditioned resid norm 1.029752508186e+00 true resid norm 1.029752508198e+00 ||r(i)||/||b|| 3.885691441116e-01
  4 KSP unpreconditioned resid norm 4.809604956095e-02 true resid norm 4.809604957506e-02 ||r(i)||/||b|| 1.814867229723e-02
  5 KSP unpreconditioned resid norm 2.712767248618e-05 true resid norm 2.712767749404e-05 ||r(i)||/||b|| 1.023641927714e-05
  6 KSP unpreconditioned resid norm 4.440790210456e-09 true resid norm 4.474405317179e-09 ||r(i)||/||b|| 1.688382238124e-09
            || b ||_2 = 2.6501139470351753e+00
|| r ||_2 / || b ||_2 = 1.6883822381239014e-09
