Config file: ../input/config/mla_v_cycle-refine1.json
order_rbm = 2
==== basic information of linear system ====
matrix Row = 5340, matrix Column = 5340
matrix nz_allocated = 104619, matrix nz_used = 104619, matrix nz_unneeded = 0
vector Row = 5340
>>>>>>>> setup phase:
 prolongation_block_row = 890, col = 263
size of prolongation: m = 5340, n = 2367
  0 KSP unpreconditioned resid norm 1.385199406759e+00 true resid norm 1.385199406759e+00 ||r(i)||/||b|| 1.000000000000e+00
  1 KSP unpreconditioned resid norm 1.368694502285e+00 true resid norm 1.368694502285e+00 ||r(i)||/||b|| 9.880848169633e-01
  2 KSP unpreconditioned resid norm 1.363507628367e+00 true resid norm 1.363507628367e+00 ||r(i)||/||b|| 9.843403207613e-01
  3 KSP unpreconditioned resid norm 1.359152283997e+00 true resid norm 1.359152283997e+00 ||r(i)||/||b|| 9.811961204755e-01
  4 KSP unpreconditioned resid norm 1.354950698657e+00 true resid norm 1.354950698657e+00 ||r(i)||/||b|| 9.781629215592e-01
  5 KSP unpreconditioned resid norm 1.353694254081e+00 true resid norm 1.353694254082e+00 ||r(i)||/||b|| 9.772558719537e-01
  6 KSP unpreconditioned resid norm 1.344682170698e+00 true resid norm 1.344682170700e+00 ||r(i)||/||b|| 9.707498892497e-01
  7 KSP unpreconditioned resid norm 1.343433786400e+00 true resid norm 1.343433786402e+00 ||r(i)||/||b|| 9.698486585015e-01
  8 KSP unpreconditioned resid norm 1.339929858641e+00 true resid norm 1.339929858645e+00 ||r(i)||/||b|| 9.673191109574e-01
  9 KSP unpreconditioned resid norm 1.332650596628e+00 true resid norm 1.332650596633e+00 ||r(i)||/||b|| 9.620640827092e-01
 10 KSP unpreconditioned resid norm 1.331776142032e+00 true resid norm 1.331776142037e+00 ||r(i)||/||b|| 9.614327984398e-01
 11 KSP unpreconditioned resid norm 1.328399662542e+00 true resid norm 1.328399662551e+00 ||r(i)||/||b|| 9.589952580609e-01
 12 KSP unpreconditioned resid norm 1.325657157458e+00 true resid norm 1.325657157466e+00 ||r(i)||/||b|| 9.570153950380e-01
 13 KSP unpreconditioned resid norm 1.324612551579e+00 true resid norm 1.324612551589e+00 ||r(i)||/||b|| 9.562612755434e-01
 14 KSP unpreconditioned resid norm 1.321691390315e+00 true resid norm 1.321691390327e+00 ||r(i)||/||b|| 9.541524374599e-01
 15 KSP unpreconditioned resid norm 1.321582119678e+00 true resid norm 1.321582119691e+00 ||r(i)||/||b|| 9.540735530510e-01
 16 KSP unpreconditioned resid norm 1.320751310711e+00 true resid norm 1.320751310723e+00 ||r(i)||/||b|| 9.534737773337e-01
 17 KSP unpreconditioned resid norm 1.318685478385e+00 true resid norm 1.318685478404e+00 ||r(i)||/||b|| 9.519824163723e-01
 18 KSP unpreconditioned resid norm 1.316470757273e+00 true resid norm 1.316470757296e+00 ||r(i)||/||b|| 9.503835699554e-01
 19 KSP unpreconditioned resid norm 1.314264064752e+00 true resid norm 1.314264064767e+00 ||r(i)||/||b|| 9.487905195127e-01
 20 KSP unpreconditioned resid norm 1.306972160821e+00 true resid norm 1.306972160856e+00 ||r(i)||/||b|| 9.435263648531e-01
 21 KSP unpreconditioned resid norm 1.299600246060e+00 true resid norm 1.299600246106e+00 ||r(i)||/||b|| 9.382044489514e-01
 22 KSP unpreconditioned resid norm 1.289230063222e+00 true resid norm 1.289230063276e+00 ||r(i)||/||b|| 9.307180301880e-01
 23 KSP unpreconditioned resid norm 1.267784022655e+00 true resid norm 1.267784022721e+00 ||r(i)||/||b|| 9.152357534481e-01
 24 KSP unpreconditioned resid norm 1.234639887137e+00 true resid norm 1.234639887250e+00 ||r(i)||/||b|| 8.913084146772e-01
 25 KSP unpreconditioned resid norm 1.177949569364e+00 true resid norm 1.177949569514e+00 ||r(i)||/||b|| 8.503826696474e-01
 26 KSP unpreconditioned resid norm 1.138530393798e+00 true resid norm 1.138530394055e+00 ||r(i)||/||b|| 8.219252683044e-01
 27 KSP unpreconditioned resid norm 1.110267101727e+00 true resid norm 1.110267102130e+00 ||r(i)||/||b|| 8.015214969866e-01
 28 KSP unpreconditioned resid norm 1.045142340995e+00 true resid norm 1.045142341697e+00 ||r(i)||/||b|| 7.545067783004e-01
 29 KSP unpreconditioned resid norm 9.914180946428e-01 true resid norm 9.914180954172e-01 ||r(i)||/||b|| 7.157222928192e-01
 30 KSP unpreconditioned resid norm 9.496193871050e-01 true resid norm 9.496193884713e-01 ||r(i)||/||b|| 6.855470655256e-01
 31 KSP unpreconditioned resid norm 8.951989788636e-01 true resid norm 8.951989799776e-01 ||r(i)||/||b|| 6.462600082051e-01
 32 KSP unpreconditioned resid norm 8.253575509818e-01 true resid norm 8.253575527490e-01 ||r(i)||/||b|| 5.958402441712e-01
 33 KSP unpreconditioned resid norm 7.873427492498e-01 true resid norm 7.873427502439e-01 ||r(i)||/||b|| 5.683966845511e-01
 34 KSP unpreconditioned resid norm 7.516247309140e-01 true resid norm 7.516247300170e-01 ||r(i)||/||b|| 5.426112127609e-01
 35 KSP unpreconditioned resid norm 7.222491885333e-01 true resid norm 7.222491821833e-01 ||r(i)||/||b|| 5.214044841914e-01
 36 KSP unpreconditioned resid norm 7.103814103658e-01 true resid norm 7.103813988501e-01 ||r(i)||/||b|| 5.128369210844e-01
 37 KSP unpreconditioned resid norm 6.997358919810e-01 true resid norm 6.997358698855e-01 ||r(i)||/||b|| 5.051517250667e-01
 38 KSP unpreconditioned resid norm 6.912260301121e-01 true resid norm 6.912259893486e-01 ||r(i)||/||b|| 4.990082914964e-01
 39 KSP unpreconditioned resid norm 6.811453924779e-01 true resid norm 6.811453170859e-01 ||r(i)||/||b|| 4.917308755421e-01
 40 KSP unpreconditioned resid norm 6.721317323503e-01 true resid norm 6.721315937884e-01 ||r(i)||/||b|| 4.852237089540e-01
 41 KSP unpreconditioned resid norm 6.501116197687e-01 true resid norm 6.501112564260e-01 ||r(i)||/||b|| 4.693268371715e-01
 42 KSP unpreconditioned resid norm 5.543820652127e-01 true resid norm 5.543808462106e-01 ||r(i)||/||b|| 4.002173575195e-01
 43 KSP unpreconditioned resid norm 3.753898468784e-01 true resid norm 3.753881056522e-01 ||r(i)||/||b|| 2.709993260325e-01
 44 KSP unpreconditioned resid norm 1.515081928433e-01 true resid norm 1.515067649958e-01 ||r(i)||/||b|| 1.093754186268e-01
 45 KSP unpreconditioned resid norm 6.653075637955e-02 true resid norm 6.652985175004e-02 ||r(i)||/||b|| 4.802907900871e-02
 46 KSP unpreconditioned resid norm 2.174030534395e-02 true resid norm 2.173999604901e-02 ||r(i)||/||b|| 1.569448842018e-02
 47 KSP unpreconditioned resid norm 1.135208314397e-02 true resid norm 1.135184432861e-02 ||r(i)||/||b|| 8.195097596214e-03
 48 KSP unpreconditioned resid norm 5.078656593307e-03 true resid norm 5.078656308287e-03 ||r(i)||/||b|| 3.666371992008e-03
 49 KSP unpreconditioned resid norm 1.840971114056e-03 true resid norm 1.840667285859e-03 ||r(i)||/||b|| 1.328810333644e-03
 50 KSP unpreconditioned resid norm 5.627049585133e-04 true resid norm 5.627049585133e-04 ||r(i)||/||b|| 4.062266817093e-04
 51 KSP unpreconditioned resid norm 1.976352714136e-04 true resid norm 1.976353020127e-04 ||r(i)||/||b|| 1.426764269811e-04
 52 KSP unpreconditioned resid norm 1.111929955637e-04 true resid norm 1.111929705464e-04 ||r(i)||/||b|| 8.027217597978e-05
 53 KSP unpreconditioned resid norm 9.151959555931e-05 true resid norm 9.151959496368e-05 ||r(i)||/||b|| 6.606961749848e-05
 54 KSP unpreconditioned resid norm 8.425655418241e-05 true resid norm 8.425654584551e-05 ||r(i)||/||b|| 6.082629362560e-05
 55 KSP unpreconditioned resid norm 7.856385490839e-05 true resid norm 7.856384811955e-05 ||r(i)||/||b|| 5.671663425223e-05
 56 KSP unpreconditioned resid norm 7.474250236660e-05 true resid norm 7.474249859485e-05 ||r(i)||/||b|| 5.395793430907e-05
 57 KSP unpreconditioned resid norm 6.677045115517e-05 true resid norm 6.677044480015e-05 ||r(i)||/||b|| 4.820276739533e-05
 58 KSP unpreconditioned resid norm 5.924848656160e-05 true resid norm 5.924848539450e-05 ||r(i)||/||b|| 4.277253159755e-05
 59 KSP unpreconditioned resid norm 5.509979809792e-05 true resid norm 5.509980540940e-05 ||r(i)||/||b|| 3.977752599413e-05
 60 KSP unpreconditioned resid norm 5.432870530964e-05 true resid norm 5.432870712067e-05 ||r(i)||/||b|| 3.922085647423e-05
 61 KSP unpreconditioned resid norm 5.327092120341e-05 true resid norm 5.327092388493e-05 ||r(i)||/||b|| 3.845722401049e-05
 62 KSP unpreconditioned resid norm 5.255086268369e-05 true resid norm 5.255085167697e-05 ||r(i)||/||b|| 3.793739112257e-05
 63 KSP unpreconditioned resid norm 5.204320947041e-05 true resid norm 5.204319905150e-05 ||r(i)||/||b|| 3.757090769572e-05
 64 KSP unpreconditioned resid norm 5.111925928942e-05 true resid norm 5.111925141518e-05 ||r(i)||/||b|| 3.690389352302e-05
 65 KSP unpreconditioned resid norm 4.984433329002e-05 true resid norm 4.984431876484e-05 ||r(i)||/||b|| 3.598349704861e-05
 66 KSP unpreconditioned resid norm 4.921917919491e-05 true resid norm 4.921915681066e-05 ||r(i)||/||b|| 3.553218155487e-05
 67 KSP unpreconditioned resid norm 4.854414993202e-05 true resid norm 4.854414002998e-05 ||r(i)||/||b|| 3.504487497838e-05
 68 KSP unpreconditioned resid norm 4.712554400964e-05 true resid norm 4.712554493382e-05 ||r(i)||/||b|| 3.402076603837e-05
 69 KSP unpreconditioned resid norm 4.392536543652e-05 true resid norm 4.392536472187e-05 ||r(i)||/||b|| 3.171049923032e-05
 70 KSP unpreconditioned resid norm 4.163759831435e-05 true resid norm 4.163759602301e-05 ||r(i)||/||b|| 3.005891846318e-05
 71 KSP unpreconditioned resid norm 3.716800564504e-05 true resid norm 3.716798657189e-05 ||r(i)||/||b|| 2.683222819078e-05
 72 KSP unpreconditioned resid norm 3.148663102715e-05 true resid norm 3.148662097961e-05 ||r(i)||/||b|| 2.273074968556e-05
 73 KSP unpreconditioned resid norm 2.685785314398e-05 true resid norm 2.685783395387e-05 ||r(i)||/||b|| 1.938914630112e-05
 74 KSP unpreconditioned resid norm 2.359707729530e-05 true resid norm 2.359707388065e-05 ||r(i)||/||b|| 1.703514581765e-05
 75 KSP unpreconditioned resid norm 2.077869781955e-05 true resid norm 2.077872545539e-05 ||r(i)||/||b|| 1.500053014317e-05
 76 KSP unpreconditioned resid norm 1.554224309551e-05 true resid norm 1.554226023736e-05 ||r(i)||/||b|| 1.122023310256e-05
 77 KSP unpreconditioned resid norm 1.331336314966e-05 true resid norm 1.331336615013e-05 ||r(i)||/||b|| 9.611154960918e-06
 78 KSP unpreconditioned resid norm 1.187384981324e-05 true resid norm 1.187384305758e-05 ||r(i)||/||b|| 8.571937729427e-06
 79 KSP unpreconditioned resid norm 1.050253783926e-05 true resid norm 1.050254666434e-05 ||r(i)||/||b|| 7.581974561279e-06
 80 KSP unpreconditioned resid norm 8.254676084014e-06 true resid norm 8.254692994237e-06 ||r(i)||/||b|| 5.959209160761e-06
 81 KSP unpreconditioned resid norm 6.670123970235e-06 true resid norm 6.670114572375e-06 ||r(i)||/||b|| 4.815273916398e-06
 82 KSP unpreconditioned resid norm 5.203445138397e-06 true resid norm 5.203453628265e-06 ||r(i)||/||b|| 3.756465388937e-06
 83 KSP unpreconditioned resid norm 4.039231336842e-06 true resid norm 4.039229419447e-06 ||r(i)||/||b|| 2.915991300414e-06
 84 KSP unpreconditioned resid norm 2.851389558557e-06 true resid norm 2.851381588771e-06 ||r(i)||/||b|| 2.058462900618e-06
 85 KSP unpreconditioned resid norm 1.979944858492e-06 true resid norm 1.979930157065e-06 ||r(i)||/||b|| 1.429346668360e-06
 86 KSP unpreconditioned resid norm 1.462821788195e-06 true resid norm 1.462829359054e-06 ||r(i)||/||b|| 1.056042438306e-06
 87 KSP unpreconditioned resid norm 1.169881036090e-06 true resid norm 1.169881828813e-06 ||r(i)||/||b|| 8.445584246605e-07
 88 KSP unpreconditioned resid norm 1.023781712413e-06 true resid norm 1.023792544244e-06 ||r(i)||/||b|| 7.390939811617e-07
 89 KSP unpreconditioned resid norm 9.081877676395e-07 true resid norm 9.081781458741e-07 ||r(i)||/||b|| 6.556298980803e-07
 90 KSP unpreconditioned resid norm 8.423353704073e-07 true resid norm 8.423160867600e-07 ||r(i)||/||b|| 6.080829104099e-07
 91 KSP unpreconditioned resid norm 8.074727042093e-07 true resid norm 8.074799573631e-07 ||r(i)||/||b|| 5.829340912386e-07
 92 KSP unpreconditioned resid norm 7.947023260091e-07 true resid norm 7.947159355769e-07 ||r(i)||/||b|| 5.737195177093e-07
 93 KSP unpreconditioned resid norm 7.792238814258e-07 true resid norm 7.792193466883e-07 ||r(i)||/||b|| 5.625322555628e-07
 94 KSP unpreconditioned resid norm 7.577151534223e-07 true resid norm 7.577314664423e-07 ||r(i)||/||b|| 5.470197740088e-07
 95 KSP unpreconditioned resid norm 6.795230360509e-07 true resid norm 6.795294073608e-07 ||r(i)||/||b|| 4.905643216747e-07
 96 KSP unpreconditioned resid norm 5.144889601940e-07 true resid norm 5.144851606635e-07 ||r(i)||/||b|| 3.714159550987e-07
 97 KSP unpreconditioned resid norm 3.899611804654e-07 true resid norm 3.899388384084e-07 ||r(i)||/||b|| 2.815037578747e-07
 98 KSP unpreconditioned resid norm 1.388317098615e-07 true resid norm 1.388102513784e-07 ||r(i)||/||b|| 1.002095804410e-07
 99 KSP unpreconditioned resid norm 4.151296039408e-08 true resid norm 4.150782469844e-08 ||r(i)||/||b|| 2.996523424419e-08
100 KSP unpreconditioned resid norm 1.542120566211e-08 true resid norm 1.542120566211e-08 ||r(i)||/||b|| 1.113284165938e-08
101 KSP unpreconditioned resid norm 1.057588993443e-08 true resid norm 1.060237117480e-08 ||r(i)||/||b|| 7.654039644452e-09
            || b ||_2 = 1.3851994067587832e+00
|| r ||_2 / || b ||_2 = 7.6540396444517328e-09
