Config file: ../input/config/mla_v_cycle-refine3.json
order_rbm = 1
angle_type = 1
==== basic information of linear system ====
matrix Row = 73482, matrix Column = 73482
matrix nz_allocated = 1513726, matrix nz_used = 1513726, matrix nz_unneeded = 0
vector Row = 73482
initial     || b ||_2 = 3.6456789914864118e-01
>>>>local_vec_size = 73482
>>>>~~~~ local_mat_m = 73482, local_mat_n = 73482
            || b ||_2 = 3.6456789914864118e-01
|| r ||_2 / || b ||_2 = 1.0000000000000000e+00


>>>>nodes in level 3 is 47, less than 100, setup DONE!>>>>


>>>> mla setup time: 0.785117 (s)
0 MLA ||r(i)||/||b|| 1.0000000000000000e+00
1 MLA ||r(i)||/||b|| 8.9097195374452518e+00
2 MLA ||r(i)||/||b|| 6.3628816015231591e+00
3 MLA ||r(i)||/||b|| 5.9522153722791051e+00
4 MLA ||r(i)||/||b|| 5.8016492150101566e+00
5 MLA ||r(i)||/||b|| 5.5479548830428032e+00
6 MLA ||r(i)||/||b|| 5.1517577981946054e+00
7 MLA ||r(i)||/||b|| 4.6574624320961915e+00
8 MLA ||r(i)||/||b|| 4.1642148522534264e+00
9 MLA ||r(i)||/||b|| 3.7677111162357577e+00
10 MLA ||r(i)||/||b|| 3.5004461569347929e+00
11 MLA ||r(i)||/||b|| 3.3270618668496064e+00
12 MLA ||r(i)||/||b|| 3.1881222558932309e+00
13 MLA ||r(i)||/||b|| 3.0404819924272610e+00
14 MLA ||r(i)||/||b|| 2.8679528000074268e+00
15 MLA ||r(i)||/||b|| 2.6736393899663371e+00
16 MLA ||r(i)||/||b|| 2.4694115545082003e+00
17 MLA ||r(i)||/||b|| 2.2687007106589903e+00
18 MLA ||r(i)||/||b|| 2.0829859726088653e+00
19 MLA ||r(i)||/||b|| 1.9206346633044147e+00
20 MLA ||r(i)||/||b|| 1.7868162153766534e+00
21 MLA ||r(i)||/||b|| 1.6837237011267219e+00
22 MLA ||r(i)||/||b|| 1.6108395701986600e+00
23 MLA ||r(i)||/||b|| 1.5653014918267500e+00
24 MLA ||r(i)||/||b|| 1.5424899839893409e+00
25 MLA ||r(i)||/||b|| 1.5368216897795162e+00
26 MLA ||r(i)||/||b|| 1.5425729682000349e+00
27 MLA ||r(i)||/||b|| 1.5545351285463915e+00
28 MLA ||r(i)||/||b|| 1.5684032834608688e+00
29 MLA ||r(i)||/||b|| 1.5809145232113970e+00
30 MLA ||r(i)||/||b|| 1.5898089242491362e+00
31 MLA ||r(i)||/||b|| 1.5936920234324663e+00
32 MLA ||r(i)||/||b|| 1.5918588285211319e+00
33 MLA ||r(i)||/||b|| 1.5841176991450396e+00
34 MLA ||r(i)||/||b|| 1.5706350771317512e+00
35 MLA ||r(i)||/||b|| 1.5518098913486671e+00
36 MLA ||r(i)||/||b|| 1.5281785957371159e+00
37 MLA ||r(i)||/||b|| 1.5003472025452060e+00
38 MLA ||r(i)||/||b|| 1.4689446673364841e+00
39 MLA ||r(i)||/||b|| 1.4345917844707150e+00
40 MLA ||r(i)||/||b|| 1.3978807098929835e+00
41 MLA ||r(i)||/||b|| 1.3593616382256226e+00
42 MLA ||r(i)||/||b|| 1.3195345139442949e+00
43 MLA ||r(i)||/||b|| 1.2788446657419568e+00
44 MLA ||r(i)||/||b|| 1.2376818075590639e+00
45 MLA ||r(i)||/||b|| 1.1963820243171039e+00
46 MLA ||r(i)||/||b|| 1.1552322954684535e+00
47 MLA ||r(i)||/||b|| 1.1144769348019810e+00
48 MLA ||r(i)||/||b|| 1.0743251777010379e+00
49 MLA ||r(i)||/||b|| 1.0349590696291950e+00
50 MLA ||r(i)||/||b|| 9.9654082989103521e-01
51 MLA ||r(i)||/||b|| 9.5921897109930820e-01
52 MLA ||r(i)||/||b|| 9.2313261541368352e-01
53 MLA ||r(i)||/||b|| 8.8841364394754552e-01
54 MLA ||r(i)||/||b|| 8.5518652573414355e-01
55 MLA ||r(i)||/||b|| 8.2356588998577684e-01
56 MLA ||r(i)||/||b|| 7.9365212545873320e-01
57 MLA ||r(i)||/||b|| 7.6552550832660338e-01
58 MLA ||r(i)||/||b|| 7.3923956264902613e-01
59 MLA ||r(i)||/||b|| 7.1481451750741776e-01
60 MLA ||r(i)||/||b|| 6.9223180613896940e-01
61 MLA ||r(i)||/||b|| 6.7143052497857991e-01
62 MLA ||r(i)||/||b|| 6.5230658862476576e-01
63 MLA ||r(i)||/||b|| 6.3471501537904984e-01
64 MLA ||r(i)||/||b|| 6.1847536902788802e-01
65 MLA ||r(i)||/||b|| 6.0337996722758891e-01
66 MLA ||r(i)||/||b|| 5.8920411046405685e-01
67 MLA ||r(i)||/||b|| 5.7571737287600022e-01
68 MLA ||r(i)||/||b|| 5.6269495383733104e-01
69 MLA ||r(i)||/||b|| 5.4992819198229415e-01
70 MLA ||r(i)||/||b|| 5.3723356328021854e-01
71 MLA ||r(i)||/||b|| 5.2445973303079174e-01
72 MLA ||r(i)||/||b|| 5.1149248358907251e-01
73 MLA ||r(i)||/||b|| 4.9825752672500845e-01
74 MLA ||r(i)||/||b|| 4.8472134819361201e-01
75 MLA ||r(i)||/||b|| 4.7089029654595643e-01
76 MLA ||r(i)||/||b|| 4.5680815047662915e-01
77 MLA ||r(i)||/||b|| 4.4255238129423330e-01
78 MLA ||r(i)||/||b|| 4.2822929083638356e-01
79 MLA ||r(i)||/||b|| 4.1396816819728327e-01
80 MLA ||r(i)||/||b|| 3.9991457545680265e-01
81 MLA ||r(i)||/||b|| 3.8622286944112044e-01
82 MLA ||r(i)||/||b|| 3.7304809746593770e-01
83 MLA ||r(i)||/||b|| 3.6053747887322668e-01
84 MLA ||r(i)||/||b|| 3.4882181280598024e-01
85 MLA ||r(i)||/||b|| 3.3800730339444574e-01
86 MLA ||r(i)||/||b|| 3.2816844203696960e-01
87 MLA ||r(i)||/||b|| 3.1934266832451669e-01
88 MLA ||r(i)||/||b|| 3.1152748893385490e-01
89 MLA ||r(i)||/||b|| 3.0468052363437248e-01
90 MLA ||r(i)||/||b|| 2.9872259196838319e-01
91 MLA ||r(i)||/||b|| 2.9354352134634742e-01
92 MLA ||r(i)||/||b|| 2.8900996426730513e-01
93 MLA ||r(i)||/||b|| 2.8497427534626824e-01
94 MLA ||r(i)||/||b|| 2.8128345406485572e-01
95 MLA ||r(i)||/||b|| 2.7778731204359275e-01
96 MLA ||r(i)||/||b|| 2.7434528404607661e-01
97 MLA ||r(i)||/||b|| 2.7083159986110905e-01
98 MLA ||r(i)||/||b|| 2.6713878177838202e-01
99 MLA ||r(i)||/||b|| 2.6317962234855713e-01
100 MLA ||r(i)||/||b|| 2.5888788496805454e-01
101 MLA ||r(i)||/||b|| 2.5421801376281511e-01
102 MLA ||r(i)||/||b|| 2.4914411982006848e-01
103 MLA ||r(i)||/||b|| 2.4365848305414695e-01
104 MLA ||r(i)||/||b|| 2.3776975769525452e-01
105 MLA ||r(i)||/||b|| 2.3150103274718634e-01
106 MLA ||r(i)||/||b|| 2.2488785108015744e-01
107 MLA ||r(i)||/||b|| 2.1797626532496220e-01
108 MLA ||r(i)||/||b|| 2.1082097564944807e-01
109 MLA ||r(i)||/||b|| 2.0348357861894661e-01
110 MLA ||r(i)||/||b|| 1.9603093130395752e-01
111 MLA ||r(i)||/||b|| 1.8853362820521249e-01
112 MLA ||r(i)||/||b|| 1.8106456889553285e-01
113 MLA ||r(i)||/||b|| 1.7369758415170980e-01
114 MLA ||r(i)||/||b|| 1.6650608155060079e-01
115 MLA ||r(i)||/||b|| 1.5956166286849263e-01
116 MLA ||r(i)||/||b|| 1.5293266657829671e-01
117 MLA ||r(i)||/||b|| 1.4668259871892481e-01
118 MLA ||r(i)||/||b|| 1.4086843842472338e-01
119 MLA ||r(i)||/||b|| 1.3553884649609860e-01
120 MLA ||r(i)||/||b|| 1.3073235748157677e-01
121 MLA ||r(i)||/||b|| 1.2647570263780769e-01
122 MLA ||r(i)||/||b|| 1.2278246410590893e-01
123 MLA ||r(i)||/||b|| 1.1965228646178433e-01
124 MLA ||r(i)||/||b|| 1.1707084215205621e-01
125 MLA ||r(i)||/||b|| 1.1501066585397593e-01
126 MLA ||r(i)||/||b|| 1.1343283811038379e-01
127 MLA ||r(i)||/||b|| 1.1228935924493486e-01
128 MLA ||r(i)||/||b|| 1.1152594345354007e-01
129 MLA ||r(i)||/||b|| 1.1108492000006220e-01
130 MLA ||r(i)||/||b|| 1.1090794494944331e-01
131 MLA ||r(i)||/||b|| 1.1093831139705125e-01
132 MLA ||r(i)||/||b|| 1.1112273619120883e-01
133 MLA ||r(i)||/||b|| 1.1141259816901740e-01
134 MLA ||r(i)||/||b|| 1.1176467188667523e-01
135 MLA ||r(i)||/||b|| 1.1214143849672455e-01
136 MLA ||r(i)||/||b|| 1.1251107232006480e-01
137 MLA ||r(i)||/||b|| 1.1284719652410134e-01
138 MLA ||r(i)||/||b|| 1.1312849115111663e-01
139 MLA ||r(i)||/||b|| 1.1333821697070659e-01
140 MLA ||r(i)||/||b|| 1.1346370194728760e-01
141 MLA ||r(i)||/||b|| 1.1349582717421168e-01
142 MLA ||r(i)||/||b|| 1.1342853037017081e-01
143 MLA ||r(i)||/||b|| 1.1325834301293213e-01
144 MLA ||r(i)||/||b|| 1.1298396870346179e-01
145 MLA ||r(i)||/||b|| 1.1260590281773332e-01
146 MLA ||r(i)||/||b|| 1.1212609642740050e-01
147 MLA ||r(i)||/||b|| 1.1154766266192993e-01
148 MLA ||r(i)||/||b|| 1.1087462233812577e-01
149 MLA ||r(i)||/||b|| 1.1011168549841195e-01
150 MLA ||r(i)||/||b|| 1.0926406716888265e-01
151 MLA ||r(i)||/||b|| 1.0833733207506027e-01
152 MLA ||r(i)||/||b|| 1.0733726621114431e-01
153 MLA ||r(i)||/||b|| 1.0626977222256895e-01
154 MLA ||r(i)||/||b|| 1.0514078404357219e-01
155 MLA ||r(i)||/||b|| 1.0395619987085325e-01
156 MLA ||r(i)||/||b|| 1.0272182874879285e-01
157 MLA ||r(i)||/||b|| 1.0144335030395565e-01
158 MLA ||r(i)||/||b|| 1.0012628372412466e-01
159 MLA ||r(i)||/||b|| 9.8775964389833951e-02
160 MLA ||r(i)||/||b|| 9.7397526238196891e-02
161 MLA ||r(i)||/||b|| 9.5995889768447265e-02
162 MLA ||r(i)||/||b|| 9.4575751043053463e-02
163 MLA ||r(i)||/||b|| 9.3141574211356465e-02
164 MLA ||r(i)||/||b|| 9.1697584343189156e-02
165 MLA ||r(i)||/||b|| 9.0247761396517204e-02
166 MLA ||r(i)||/||b|| 8.8795833505539046e-02
167 MLA ||r(i)||/||b|| 8.7345271976563013e-02
168 MLA ||r(i)||/||b|| 8.5899284806495613e-02
169 MLA ||r(i)||/||b|| 8.4460811875967892e-02
170 MLA ||r(i)||/||b|| 8.3032519974155297e-02
171 MLA ||r(i)||/||b|| 8.1616800087106464e-02
172 MLA ||r(i)||/||b|| 8.0215765411856474e-02
173 MLA ||r(i)||/||b|| 7.8831251514486250e-02
174 MLA ||r(i)||/||b|| 7.7464820184504277e-02
175 MLA ||r(i)||/||b|| 7.6117763334084598e-02
176 MLA ||r(i)||/||b|| 7.4791113880076823e-02
177 MLA ||r(i)||/||b|| 7.3485655581839962e-02
178 MLA ||r(i)||/||b|| 7.2201939780125110e-02
179 MLA ||r(i)||/||b|| 7.0940301316721022e-02
180 MLA ||r(i)||/||b|| 6.9700881018039312e-02
181 MLA ||r(i)||/||b|| 6.8483646557078240e-02
182 MLA ||r(i)||/||b|| 6.7288418374995482e-02
183 MLA ||r(i)||/||b|| 6.6114893748655049e-02
184 MLA ||r(i)||/||b|| 6.4962673730731113e-02
185 MLA ||r(i)||/||b|| 6.3831288375485212e-02
186 MLA ||r(i)||/||b|| 6.2720221045296967e-02
187 MLA ||r(i)||/||b|| 6.1628932556629420e-02
188 MLA ||r(i)||/||b|| 6.0556881878536632e-02
189 MLA ||r(i)||/||b|| 5.9503545321339411e-02
190 MLA ||r(i)||/||b|| 5.8468431878824868e-02
191 MLA ||r(i)||/||b|| 5.7451095842492028e-02
192 MLA ||r(i)||/||b|| 5.6451147292653429e-02
193 MLA ||r(i)||/||b|| 5.5468257451599591e-02
194 MLA ||r(i)||/||b|| 5.4502161784716709e-02
195 MLA ||r(i)||/||b|| 5.3552659873000570e-02
196 MLA ||r(i)||/||b|| 5.2619612582376914e-02
197 MLA ||r(i)||/||b|| 5.1702936383553028e-02
198 MLA ||r(i)||/||b|| 5.0802595777294561e-02
199 MLA ||r(i)||/||b|| 4.9918594367529087e-02
200 MLA ||r(i)||/||b|| 4.9050963409890687e-02
201 MLA ||r(i)||/||b|| 4.8199751130180088e-02
202 MLA ||r(i)||/||b|| 4.7365010514742588e-02
203 MLA ||r(i)||/||b|| 4.6546787623892194e-02
204 MLA ||r(i)||/||b|| 4.5745110108311261e-02
205 MLA ||r(i)||/||b|| 4.4959976978071470e-02
206 MLA ||r(i)||/||b|| 4.4191348630736406e-02
207 MLA ||r(i)||/||b|| 4.3439139357257774e-02
208 MLA ||r(i)||/||b|| 4.2703210513120454e-02
209 MLA ||r(i)||/||b|| 4.1983366302228931e-02
210 MLA ||r(i)||/||b|| 4.1279350064120264e-02
211 MLA ||r(i)||/||b|| 4.0590844166615951e-02
212 MLA ||r(i)||/||b|| 3.9917469901559026e-02
213 MLA ||r(i)||/||b|| 3.9258790357238831e-02
214 MLA ||r(i)||/||b|| 3.8614314273548347e-02
215 MLA ||r(i)||/||b|| 3.7983501533253333e-02
216 MLA ||r(i)||/||b|| 3.7365769443556567e-02
217 MLA ||r(i)||/||b|| 3.6760500414491089e-02
218 MLA ||r(i)||/||b|| 3.6167049803774748e-02
219 MLA ||r(i)||/||b|| 3.5584755012126316e-02
220 MLA ||r(i)||/||b|| 3.5012943953330038e-02
221 MLA ||r(i)||/||b|| 3.4450943510385072e-02
222 MLA ||r(i)||/||b|| 3.3898089047377213e-02
223 MLA ||r(i)||/||b|| 3.3353731106257299e-02
224 MLA ||r(i)||/||b|| 3.2817244367308110e-02
225 MLA ||r(i)||/||b|| 3.2288033269343736e-02
226 MLA ||r(i)||/||b|| 3.1765539025010191e-02
227 MLA ||r(i)||/||b|| 3.1249243965746715e-02
228 MLA ||r(i)||/||b|| 3.0738676085858577e-02
229 MLA ||r(i)||/||b|| 3.0233412605293289e-02
230 MLA ||r(i)||/||b|| 2.9733081857160285e-02
231 MLA ||r(i)||/||b|| 2.9237365195971768e-02
232 MLA ||r(i)||/||b|| 2.8745997405050180e-02
233 MLA ||r(i)||/||b|| 2.8258766741935382e-02
234 MLA ||r(i)||/||b|| 2.7775514155269417e-02
235 MLA ||r(i)||/||b|| 2.7296131525358255e-02
236 MLA ||r(i)||/||b|| 2.6820559987285046e-02
237 MLA ||r(i)||/||b|| 2.6348787140903798e-02
238 MLA ||r(i)||/||b|| 2.5880844390246908e-02
239 MLA ||r(i)||/||b|| 2.5416803443217513e-02
240 MLA ||r(i)||/||b|| 2.4956773107889556e-02
241 MLA ||r(i)||/||b|| 2.4500895047561352e-02
242 MLA ||r(i)||/||b|| 2.4049340531313808e-02
243 MLA ||r(i)||/||b|| 2.3602306477276853e-02
244 MLA ||r(i)||/||b|| 2.3160010831198233e-02
245 MLA ||r(i)||/||b|| 2.2722689352706271e-02
246 MLA ||r(i)||/||b|| 2.2290591681671960e-02
247 MLA ||r(i)||/||b|| 2.1863977094763062e-02
248 MLA ||r(i)||/||b|| 2.1443111325877475e-02
249 MLA ||r(i)||/||b|| 2.1028262766215670e-02
250 MLA ||r(i)||/||b|| 2.0619698930409384e-02
251 MLA ||r(i)||/||b|| 2.0217683946443736e-02
252 MLA ||r(i)||/||b|| 1.9822474513784570e-02
253 MLA ||r(i)||/||b|| 1.9434318255616909e-02
254 MLA ||r(i)||/||b|| 1.9053450201897346e-02
255 MLA ||r(i)||/||b|| 1.8680091074825815e-02
256 MLA ||r(i)||/||b|| 1.8314444688435585e-02
257 MLA ||r(i)||/||b|| 1.7956696422260908e-02
258 MLA ||r(i)||/||b|| 1.7607011374162210e-02
259 MLA ||r(i)||/||b|| 1.7265533010104330e-02
260 MLA ||r(i)||/||b|| 1.6932382063758227e-02
261 MLA ||r(i)||/||b|| 1.6607655750179345e-02
262 MLA ||r(i)||/||b|| 1.6291426936220325e-02
263 MLA ||r(i)||/||b|| 1.5983743672192349e-02
264 MLA ||r(i)||/||b|| 1.5684629439902082e-02
265 MLA ||r(i)||/||b|| 1.5394082815076791e-02
266 MLA ||r(i)||/||b|| 1.5112078034675970e-02
267 MLA ||r(i)||/||b|| 1.4838565765365779e-02
268 MLA ||r(i)||/||b|| 1.4573473214938595e-02
269 MLA ||r(i)||/||b|| 1.4316705742342731e-02
270 MLA ||r(i)||/||b|| 1.4068147943702930e-02
271 MLA ||r(i)||/||b|| 1.3827664648698817e-02
272 MLA ||r(i)||/||b|| 1.3595102628750470e-02
273 MLA ||r(i)||/||b|| 1.3370292033453759e-02
274 MLA ||r(i)||/||b|| 1.3153048288893307e-02
275 MLA ||r(i)||/||b|| 1.2943173591192014e-02
276 MLA ||r(i)||/||b|| 1.2740459013922305e-02
277 MLA ||r(i)||/||b|| 1.2544686105871408e-02
278 MLA ||r(i)||/||b|| 1.2355628656099198e-02
279 MLA ||r(i)||/||b|| 1.2173054634200481e-02
280 MLA ||r(i)||/||b|| 1.1996727827800046e-02
281 MLA ||r(i)||/||b|| 1.1826409784936978e-02
282 MLA ||r(i)||/||b|| 1.1661860998756046e-02
283 MLA ||r(i)||/||b|| 1.1502842672810626e-02
284 MLA ||r(i)||/||b|| 1.1349117942956115e-02
285 MLA ||r(i)||/||b|| 1.1200453250616258e-02
286 MLA ||r(i)||/||b|| 1.1056619471054909e-02
287 MLA ||r(i)||/||b|| 1.0917392741623445e-02
288 MLA ||r(i)||/||b|| 1.0782555302405647e-02
289 MLA ||r(i)||/||b|| 1.0651896594709826e-02
290 MLA ||r(i)||/||b|| 1.0525213360117764e-02
291 MLA ||r(i)||/||b|| 1.0402310396619032e-02
292 MLA ||r(i)||/||b|| 1.0283000705031603e-02
293 MLA ||r(i)||/||b|| 1.0167106041301721e-02
294 MLA ||r(i)||/||b|| 1.0054456664857870e-02
295 MLA ||r(i)||/||b|| 9.9448917598798040e-03
296 MLA ||r(i)||/||b|| 9.8382589637943940e-03
297 MLA ||r(i)||/||b|| 9.7344147253543688e-03
298 MLA ||r(i)||/||b|| 9.6332237468270011e-03
299 MLA ||r(i)||/||b|| 9.5345588981750710e-03
300 MLA ||r(i)||/||b|| 9.4383010573683476e-03
301 MLA ||r(i)||/||b|| 9.3443387002555608e-03
302 MLA ||r(i)||/||b|| 9.2525673157047936e-03
303 MLA ||r(i)||/||b|| 9.1628898111592080e-03
304 MLA ||r(i)||/||b|| 9.0752150814630977e-03
305 MLA ||r(i)||/||b|| 8.9894588027503476e-03
306 MLA ||r(i)||/||b|| 8.9055418246405411e-03
307 MLA ||r(i)||/||b|| 8.8233910507555940e-03
308 MLA ||r(i)||/||b|| 8.7429380588895326e-03
309 MLA ||r(i)||/||b|| 8.6641192944620585e-03
310 MLA ||r(i)||/||b|| 8.5868756216016858e-03
311 MLA ||r(i)||/||b|| 8.5111517368511008e-03
312 MLA ||r(i)||/||b|| 8.4368964421464143e-03
313 MLA ||r(i)||/||b|| 8.3640617744851695e-03
314 MLA ||r(i)||/||b|| 8.2926028985905575e-03
315 MLA ||r(i)||/||b|| 8.2224778037739109e-03
316 MLA ||r(i)||/||b|| 8.1536474341983561e-03
317 MLA ||r(i)||/||b|| 8.0860747421888177e-03
318 MLA ||r(i)||/||b|| 8.0197251902795075e-03
319 MLA ||r(i)||/||b|| 7.9545661514787459e-03
320 MLA ||r(i)||/||b|| 7.8905667371317566e-03
321 MLA ||r(i)||/||b|| 7.8276977922233110e-03
322 MLA ||r(i)||/||b|| 7.7659317152616262e-03
323 MLA ||r(i)||/||b|| 7.7052420922976072e-03
324 MLA ||r(i)||/||b|| 7.6456039064458862e-03
325 MLA ||r(i)||/||b|| 7.5869931513154690e-03
326 MLA ||r(i)||/||b|| 7.5293869931445795e-03
327 MLA ||r(i)||/||b|| 7.4727635271973009e-03
328 MLA ||r(i)||/||b|| 7.4171015355270443e-03
329 MLA ||r(i)||/||b|| 7.3623807978151073e-03
330 MLA ||r(i)||/||b|| 7.3085816988107928e-03
331 MLA ||r(i)||/||b|| 7.2556853228380241e-03
332 MLA ||r(i)||/||b|| 7.2036735860193813e-03
333 MLA ||r(i)||/||b|| 7.1525287521232083e-03
334 MLA ||r(i)||/||b|| 7.1022337094885568e-03
335 MLA ||r(i)||/||b|| 7.0527721663082472e-03
336 MLA ||r(i)||/||b|| 7.0041279026714061e-03
337 MLA ||r(i)||/||b|| 6.9562856415095317e-03
338 MLA ||r(i)||/||b|| 6.9092304261209152e-03
339 MLA ||r(i)||/||b|| 6.8629476564333672e-03
340 MLA ||r(i)||/||b|| 6.8174235477538401e-03
341 MLA ||r(i)||/||b|| 6.7726444307987087e-03
342 MLA ||r(i)||/||b|| 6.7285973096074527e-03
343 MLA ||r(i)||/||b|| 6.6852697433194622e-03
344 MLA ||r(i)||/||b|| 6.6426494793915582e-03
345 MLA ||r(i)||/||b|| 6.6007249985451655e-03
346 MLA ||r(i)||/||b|| 6.5594850694879010e-03
347 MLA ||r(i)||/||b|| 6.5189188863240058e-03
348 MLA ||r(i)||/||b|| 6.4790162724633511e-03
349 MLA ||r(i)||/||b|| 6.4397673515381145e-03
350 MLA ||r(i)||/||b|| 6.4011627136829983e-03
351 MLA ||r(i)||/||b|| 6.3631933230155445e-03
352 MLA ||r(i)||/||b|| 6.3258505424054444e-03
353 MLA ||r(i)||/||b|| 6.2891263035974691e-03
354 MLA ||r(i)||/||b|| 6.2530127300720398e-03
355 MLA ||r(i)||/||b|| 6.2175023239334831e-03
356 MLA ||r(i)||/||b|| 6.1825880931284660e-03
357 MLA ||r(i)||/||b|| 6.1482631695204126e-03
358 MLA ||r(i)||/||b|| 6.1145210903354123e-03
359 MLA ||r(i)||/||b|| 6.0813557654772242e-03
360 MLA ||r(i)||/||b|| 6.0487612035000542e-03
361 MLA ||r(i)||/||b|| 6.0167316708956559e-03
362 MLA ||r(i)||/||b|| 5.9852618079596466e-03
363 MLA ||r(i)||/||b|| 5.9543462444782902e-03
364 MLA ||r(i)||/||b|| 5.9239799900688327e-03
365 MLA ||r(i)||/||b|| 5.8941579072589690e-03
366 MLA ||r(i)||/||b|| 5.8648752668990275e-03
367 MLA ||r(i)||/||b|| 5.8361272451307429e-03
368 MLA ||r(i)||/||b|| 5.8079091419026606e-03
369 MLA ||r(i)||/||b|| 5.7802161657696987e-03
370 MLA ||r(i)||/||b|| 5.7530437408264334e-03
371 MLA ||r(i)||/||b|| 5.7263871351387347e-03
372 MLA ||r(i)||/||b|| 5.7002417249619143e-03
373 MLA ||r(i)||/||b|| 5.6746024963508050e-03
374 MLA ||r(i)||/||b|| 5.6494647340837841e-03
375 MLA ||r(i)||/||b|| 5.6248234629439568e-03
376 MLA ||r(i)||/||b|| 5.6006735483429045e-03
377 MLA ||r(i)||/||b|| 5.5770098688172082e-03
378 MLA ||r(i)||/||b|| 5.5538270140619026e-03
379 MLA ||r(i)||/||b|| 5.5311194966896036e-03
380 MLA ||r(i)||/||b|| 5.5088816269488810e-03
381 MLA ||r(i)||/||b|| 5.4871074503300369e-03
382 MLA ||r(i)||/||b|| 5.4657909724307764e-03
383 MLA ||r(i)||/||b|| 5.4449260238841795e-03
384 MLA ||r(i)||/||b|| 5.4245059920044990e-03
385 MLA ||r(i)||/||b|| 5.4045244001853995e-03
386 MLA ||r(i)||/||b|| 5.3849742611717403e-03
387 MLA ||r(i)||/||b|| 5.3658485496283440e-03
388 MLA ||r(i)||/||b|| 5.3471399396851291e-03
389 MLA ||r(i)||/||b|| 5.3288411460678175e-03
390 MLA ||r(i)||/||b|| 5.3109443723818282e-03
391 MLA ||r(i)||/||b|| 5.2934418254014541e-03
392 MLA ||r(i)||/||b|| 5.2763254251921186e-03
393 MLA ||r(i)||/||b|| 5.2595869856750070e-03
394 MLA ||r(i)||/||b|| 5.2432182355957859e-03
395 MLA ||r(i)||/||b|| 5.2272105142996735e-03
396 MLA ||r(i)||/||b|| 5.2115551372472193e-03
397 MLA ||r(i)||/||b|| 5.1962435134959208e-03
398 MLA ||r(i)||/||b|| 5.1812664927907781e-03
399 MLA ||r(i)||/||b|| 5.1666150865159180e-03
400 MLA ||r(i)||/||b|| 5.1522801834412973e-03
401 MLA ||r(i)||/||b|| 5.1382525828673259e-03
402 MLA ||r(i)||/||b|| 5.1245229583149693e-03
403 MLA ||r(i)||/||b|| 5.1110819906650951e-03
404 MLA ||r(i)||/||b|| 5.0979202434827692e-03
405 MLA ||r(i)||/||b|| 5.0850284746580031e-03
406 MLA ||r(i)||/||b|| 5.0723971046137606e-03
407 MLA ||r(i)||/||b|| 5.0600167738948845e-03
408 MLA ||r(i)||/||b|| 5.0478780863419098e-03
409 MLA ||r(i)||/||b|| 5.0359716957224677e-03
410 MLA ||r(i)||/||b|| 5.0242882757891580e-03
411 MLA ||r(i)||/||b|| 5.0128184768961038e-03
412 MLA ||r(i)||/||b|| 5.0015533649150996e-03
413 MLA ||r(i)||/||b|| 4.9904835124887003e-03
414 MLA ||r(i)||/||b|| 4.9796001740449822e-03
415 MLA ||r(i)||/||b|| 4.9688943779570994e-03
416 MLA ||r(i)||/||b|| 4.9583572921831154e-03
417 MLA ||r(i)||/||b|| 4.9479803266251699e-03
418 MLA ||r(i)||/||b|| 4.9377550944209349e-03
419 MLA ||r(i)||/||b|| 4.9276732160576566e-03
420 MLA ||r(i)||/||b|| 4.9177264078406595e-03
421 MLA ||r(i)||/||b|| 4.9079068214089999e-03
422 MLA ||r(i)||/||b|| 4.8982066623238325e-03
423 MLA ||r(i)||/||b|| 4.8886182720428674e-03
424 MLA ||r(i)||/||b|| 4.8791342363595459e-03
425 MLA ||r(i)||/||b|| 4.8697473119828040e-03
426 MLA ||r(i)||/||b|| 4.8604505102385325e-03
427 MLA ||r(i)||/||b|| 4.8512371972085572e-03
428 MLA ||r(i)||/||b|| 4.8421007334233006e-03
429 MLA ||r(i)||/||b|| 4.8330347814357147e-03
430 MLA ||r(i)||/||b|| 4.8240332604823867e-03
431 MLA ||r(i)||/||b|| 4.8150903244759914e-03
432 MLA ||r(i)||/||b|| 4.8062004645868300e-03
433 MLA ||r(i)||/||b|| 4.7973580180376146e-03
434 MLA ||r(i)||/||b|| 4.7885581539473436e-03
435 MLA ||r(i)||/||b|| 4.7797957455195279e-03
436 MLA ||r(i)||/||b|| 4.7710662536294222e-03
437 MLA ||r(i)||/||b|| 4.7623652661747612e-03
438 MLA ||r(i)||/||b|| 4.7536885689077272e-03
439 MLA ||r(i)||/||b|| 4.7450321769693035e-03
440 MLA ||r(i)||/||b|| 4.7363924518074221e-03
441 MLA ||r(i)||/||b|| 4.7277658693514095e-03
442 MLA ||r(i)||/||b|| 4.7191492775586642e-03
443 MLA ||r(i)||/||b|| 4.7105395337579698e-03
444 MLA ||r(i)||/||b|| 4.7019338601809058e-03
445 MLA ||r(i)||/||b|| 4.6933297856228597e-03
446 MLA ||r(i)||/||b|| 4.6847248187833115e-03
447 MLA ||r(i)||/||b|| 4.6761168948925985e-03
448 MLA ||r(i)||/||b|| 4.6675039370905587e-03
449 MLA ||r(i)||/||b|| 4.6588844031222425e-03
450 MLA ||r(i)||/||b|| 4.6502563425412221e-03
451 MLA ||r(i)||/||b|| 4.6416187590786525e-03
452 MLA ||r(i)||/||b|| 4.6329702126592810e-03
453 MLA ||r(i)||/||b|| 4.6243097756538849e-03
454 MLA ||r(i)||/||b|| 4.6156364099831561e-03
455 MLA ||r(i)||/||b|| 4.6069496256453662e-03
456 MLA ||r(i)||/||b|| 4.5982487186260025e-03
457 MLA ||r(i)||/||b|| 4.5895332292172466e-03
458 MLA ||r(i)||/||b|| 4.5808029150725526e-03
459 MLA ||r(i)||/||b|| 4.5720577349761399e-03
460 MLA ||r(i)||/||b|| 4.5632973988927210e-03
461 MLA ||r(i)||/||b|| 4.5545221646926563e-03
462 MLA ||r(i)||/||b|| 4.5457321833218944e-03
463 MLA ||r(i)||/||b|| 4.5369275899669144e-03
464 MLA ||r(i)||/||b|| 4.5281089279648676e-03
465 MLA ||r(i)||/||b|| 4.5192766061013514e-03
466 MLA ||r(i)||/||b|| 4.5104311408613856e-03
467 MLA ||r(i)||/||b|| 4.5015731192070974e-03
468 MLA ||r(i)||/||b|| 4.4927033742046341e-03
469 MLA ||r(i)||/||b|| 4.4838224356897362e-03
470 MLA ||r(i)||/||b|| 4.4749310694793629e-03
471 MLA ||r(i)||/||b|| 4.4660302093501051e-03
472 MLA ||r(i)||/||b|| 4.4571207056063860e-03
473 MLA ||r(i)||/||b|| 4.4482035173762889e-03
474 MLA ||r(i)||/||b|| 4.4392794717031210e-03
475 MLA ||r(i)||/||b|| 4.4303496178088736e-03
476 MLA ||r(i)||/||b|| 4.4214149061516167e-03
477 MLA ||r(i)||/||b|| 4.4124764543308180e-03
478 MLA ||r(i)||/||b|| 4.4035349997959515e-03
479 MLA ||r(i)||/||b|| 4.3945918514455102e-03
480 MLA ||r(i)||/||b|| 4.3856477744594231e-03
481 MLA ||r(i)||/||b|| 4.3767039512280365e-03
482 MLA ||r(i)||/||b|| 4.3677613167362756e-03
483 MLA ||r(i)||/||b|| 4.3588208842589181e-03
484 MLA ||r(i)||/||b|| 4.3498836749432737e-03
485 MLA ||r(i)||/||b|| 4.3409505837088457e-03
486 MLA ||r(i)||/||b|| 4.3320227275802864e-03
487 MLA ||r(i)||/||b|| 4.3231009207369570e-03
488 MLA ||r(i)||/||b|| 4.3141860813222035e-03
489 MLA ||r(i)||/||b|| 4.3052791137350990e-03
490 MLA ||r(i)||/||b|| 4.2963808541780744e-03
491 MLA ||r(i)||/||b|| 4.2874923235024526e-03
492 MLA ||r(i)||/||b|| 4.2786140838287209e-03
493 MLA ||r(i)||/||b|| 4.2697471454250426e-03
494 MLA ||r(i)||/||b|| 4.2608921484223730e-03
495 MLA ||r(i)||/||b|| 4.2520498107979305e-03
496 MLA ||r(i)||/||b|| 4.2432207981071175e-03
497 MLA ||r(i)||/||b|| 4.2344058666023421e-03
498 MLA ||r(i)||/||b|| 4.2256054744194450e-03
499 MLA ||r(i)||/||b|| 4.2168203691551678e-03
500 MLA ||r(i)||/||b|| 4.2080510776559676e-03
501 MLA ||r(i)||/||b|| 4.1992979966200801e-03
502 MLA ||r(i)||/||b|| 4.1905618024184084e-03
503 MLA ||r(i)||/||b|| 4.1818427758783848e-03
504 MLA ||r(i)||/||b|| 4.1731414789039009e-03
505 MLA ||r(i)||/||b|| 4.1644581732178040e-03
506 MLA ||r(i)||/||b|| 4.1557934133825969e-03
507 MLA ||r(i)||/||b|| 4.1471472852112447e-03
508 MLA ||r(i)||/||b|| 4.1385201879303489e-03
509 MLA ||r(i)||/||b|| 4.1299125271026327e-03
510 MLA ||r(i)||/||b|| 4.1213240903703405e-03
511 MLA ||r(i)||/||b|| 4.1127555028921143e-03
512 MLA ||r(i)||/||b|| 4.1042068992226313e-03
513 MLA ||r(i)||/||b|| 4.0956781603813767e-03
514 MLA ||r(i)||/||b|| 4.0871697789210378e-03
515 MLA ||r(i)||/||b|| 4.0786813741676142e-03
516 MLA ||r(i)||/||b|| 4.0702134546186609e-03
517 MLA ||r(i)||/||b|| 4.0617657443870955e-03
518 MLA ||r(i)||/||b|| 4.0533383651308865e-03
519 MLA ||r(i)||/||b|| 4.0449313738810675e-03
520 MLA ||r(i)||/||b|| 4.0365446781406968e-03
521 MLA ||r(i)||/||b|| 4.0281782725953034e-03
522 MLA ||r(i)||/||b|| 4.0198320687948293e-03
523 MLA ||r(i)||/||b|| 4.0115059235729346e-03
524 MLA ||r(i)||/||b|| 4.0031998806205355e-03
525 MLA ||r(i)||/||b|| 3.9949135137809172e-03
526 MLA ||r(i)||/||b|| 3.9866470845118960e-03
527 MLA ||r(i)||/||b|| 3.9784001736469319e-03
528 MLA ||r(i)||/||b|| 3.9701727501899346e-03
529 MLA ||r(i)||/||b|| 3.9619645996596536e-03
530 MLA ||r(i)||/||b|| 3.9537754354419859e-03
531 MLA ||r(i)||/||b|| 3.9456051845680115e-03
532 MLA ||r(i)||/||b|| 3.9374536811780268e-03
533 MLA ||r(i)||/||b|| 3.9293205432323975e-03
534 MLA ||r(i)||/||b|| 3.9212057047760757e-03
535 MLA ||r(i)||/||b|| 3.9131088605979993e-03
536 MLA ||r(i)||/||b|| 3.9050297044503275e-03
537 MLA ||r(i)||/||b|| 3.8969681973450845e-03
538 MLA ||r(i)||/||b|| 3.8889238119168799e-03
539 MLA ||r(i)||/||b|| 3.8808965145270755e-03
540 MLA ||r(i)||/||b|| 3.8728860072224317e-03
541 MLA ||r(i)||/||b|| 3.8648919788206093e-03
542 MLA ||r(i)||/||b|| 3.8569142248243752e-03
543 MLA ||r(i)||/||b|| 3.8489524232034424e-03
544 MLA ||r(i)||/||b|| 3.8410064373759645e-03
545 MLA ||r(i)||/||b|| 3.8330758333316780e-03
546 MLA ||r(i)||/||b|| 3.8251604796138892e-03
547 MLA ||r(i)||/||b|| 3.8172600750713162e-03
548 MLA ||r(i)||/||b|| 3.8093744152802749e-03
549 MLA ||r(i)||/||b|| 3.8015031409487209e-03
550 MLA ||r(i)||/||b|| 3.7936461057521422e-03
551 MLA ||r(i)||/||b|| 3.7858030006278384e-03
552 MLA ||r(i)||/||b|| 3.7779735852573114e-03
553 MLA ||r(i)||/||b|| 3.7701575656099509e-03
554 MLA ||r(i)||/||b|| 3.7623547725922223e-03
555 MLA ||r(i)||/||b|| 3.7545649782073317e-03
556 MLA ||r(i)||/||b|| 3.7467878569850590e-03
557 MLA ||r(i)||/||b|| 3.7390233472044364e-03
558 MLA ||r(i)||/||b|| 3.7312710801515551e-03
559 MLA ||r(i)||/||b|| 3.7235309153399857e-03
560 MLA ||r(i)||/||b|| 3.7158025634036087e-03
561 MLA ||r(i)||/||b|| 3.7080859946237595e-03
562 MLA ||r(i)||/||b|| 3.7003808313918413e-03
563 MLA ||r(i)||/||b|| 3.6926869261289979e-03
564 MLA ||r(i)||/||b|| 3.6850041805689699e-03
565 MLA ||r(i)||/||b|| 3.6773322082680904e-03
566 MLA ||r(i)||/||b|| 3.6696711336562122e-03
567 MLA ||r(i)||/||b|| 3.6620205479658053e-03
568 MLA ||r(i)||/||b|| 3.6543803432165845e-03
569 MLA ||r(i)||/||b|| 3.6467504646079353e-03
570 MLA ||r(i)||/||b|| 3.6391305002147984e-03
571 MLA ||r(i)||/||b|| 3.6315207433629182e-03
572 MLA ||r(i)||/||b|| 3.6239206228071146e-03
573 MLA ||r(i)||/||b|| 3.6163303207080266e-03
574 MLA ||r(i)||/||b|| 3.6087495301408705e-03
575 MLA ||r(i)||/||b|| 3.6011781551872602e-03
576 MLA ||r(i)||/||b|| 3.5936161874262564e-03
577 MLA ||r(i)||/||b|| 3.5860633672769125e-03
578 MLA ||r(i)||/||b|| 3.5785198259413232e-03
579 MLA ||r(i)||/||b|| 3.5709851249949992e-03
580 MLA ||r(i)||/||b|| 3.5634594748013993e-03
581 MLA ||r(i)||/||b|| 3.5559426450309886e-03
582 MLA ||r(i)||/||b|| 3.5484346812224440e-03
583 MLA ||r(i)||/||b|| 3.5409354658830551e-03
584 MLA ||r(i)||/||b|| 3.5334448839202453e-03
585 MLA ||r(i)||/||b|| 3.5259628179388465e-03
586 MLA ||r(i)||/||b|| 3.5184893407836913e-03
587 MLA ||r(i)||/||b|| 3.5110242653974351e-03
588 MLA ||r(i)||/||b|| 3.5035677132862772e-03
589 MLA ||r(i)||/||b|| 3.4961196290434200e-03
590 MLA ||r(i)||/||b|| 3.4886798492634241e-03
591 MLA ||r(i)||/||b|| 3.4812483536260323e-03
592 MLA ||r(i)||/||b|| 3.4738252529463221e-03
593 MLA ||r(i)||/||b|| 3.4664103912118655e-03
594 MLA ||r(i)||/||b|| 3.4590038193073424e-03
595 MLA ||r(i)||/||b|| 3.4516054392706181e-03
596 MLA ||r(i)||/||b|| 3.4442154216018602e-03
597 MLA ||r(i)||/||b|| 3.4368335036793667e-03
598 MLA ||r(i)||/||b|| 3.4294599054574522e-03
599 MLA ||r(i)||/||b|| 3.4220945138114973e-03
600 MLA ||r(i)||/||b|| 3.4147373780314106e-03
601 MLA ||r(i)||/||b|| 3.4073883196307584e-03
602 MLA ||r(i)||/||b|| 3.4000476780104336e-03
603 MLA ||r(i)||/||b|| 3.3927153242871277e-03
604 MLA ||r(i)||/||b|| 3.3853909820114711e-03
605 MLA ||r(i)||/||b|| 3.3780751462711058e-03
606 MLA ||r(i)||/||b|| 3.3707675343605113e-03
607 MLA ||r(i)||/||b|| 3.3634683721991024e-03
608 MLA ||r(i)||/||b|| 3.3561775144855207e-03
609 MLA ||r(i)||/||b|| 3.3488949266894104e-03
610 MLA ||r(i)||/||b|| 3.3416208589384395e-03
611 MLA ||r(i)||/||b|| 3.3343552323038474e-03
612 MLA ||r(i)||/||b|| 3.3270979853479831e-03
613 MLA ||r(i)||/||b|| 3.3198493460263995e-03
614 MLA ||r(i)||/||b|| 3.3126091280564767e-03
615 MLA ||r(i)||/||b|| 3.3053775949683931e-03
616 MLA ||r(i)||/||b|| 3.2981545559901157e-03
617 MLA ||r(i)||/||b|| 3.2909402062143642e-03
618 MLA ||r(i)||/||b|| 3.2837346506019998e-03
619 MLA ||r(i)||/||b|| 3.2765376781477809e-03
620 MLA ||r(i)||/||b|| 3.2693496130875989e-03
621 MLA ||r(i)||/||b|| 3.2621703209357602e-03
622 MLA ||r(i)||/||b|| 3.2549999016456502e-03
623 MLA ||r(i)||/||b|| 3.2478382710505998e-03
624 MLA ||r(i)||/||b|| 3.2406857074050504e-03
625 MLA ||r(i)||/||b|| 3.2335421595404003e-03
626 MLA ||r(i)||/||b|| 3.2264075377644490e-03
627 MLA ||r(i)||/||b|| 3.2192821538608533e-03
628 MLA ||r(i)||/||b|| 3.2121658282997486e-03
629 MLA ||r(i)||/||b|| 3.2050587218310045e-03
630 MLA ||r(i)||/||b|| 3.1979608068157771e-03
631 MLA ||r(i)||/||b|| 3.1908722581962942e-03
632 MLA ||r(i)||/||b|| 3.1837929560221989e-03
633 MLA ||r(i)||/||b|| 3.1767230830697353e-03
634 MLA ||r(i)||/||b|| 3.1696627032289561e-03
635 MLA ||r(i)||/||b|| 3.1626117036248624e-03
636 MLA ||r(i)||/||b|| 3.1555702490015289e-03
637 MLA ||r(i)||/||b|| 3.1485384148511354e-03
638 MLA ||r(i)||/||b|| 3.1415161566117405e-03
639 MLA ||r(i)||/||b|| 3.1345035909014292e-03
640 MLA ||r(i)||/||b|| 3.1275007646245781e-03
641 MLA ||r(i)||/||b|| 3.1205077253090418e-03
642 MLA ||r(i)||/||b|| 3.1135244450564421e-03
643 MLA ||r(i)||/||b|| 3.1065511148436818e-03
644 MLA ||r(i)||/||b|| 3.0995876064813170e-03
645 MLA ||r(i)||/||b|| 3.0926341519433606e-03
646 MLA ||r(i)||/||b|| 3.0856908159017093e-03
647 MLA ||r(i)||/||b|| 3.0787573165438776e-03
648 MLA ||r(i)||/||b|| 3.0718340383145324e-03
649 MLA ||r(i)||/||b|| 3.0649208678752322e-03
650 MLA ||r(i)||/||b|| 3.0580180394663386e-03
651 MLA ||r(i)||/||b|| 3.0511253381606362e-03
652 MLA ||r(i)||/||b|| 3.0442429538388160e-03
653 MLA ||r(i)||/||b|| 3.0373708666383351e-03
654 MLA ||r(i)||/||b|| 3.0305091414208687e-03
655 MLA ||r(i)||/||b|| 3.0236579414021358e-03
656 MLA ||r(i)||/||b|| 3.0168171644012775e-03
657 MLA ||r(i)||/||b|| 3.0099868609781218e-03
658 MLA ||r(i)||/||b|| 3.0031671595956112e-03
659 MLA ||r(i)||/||b|| 2.9963580955268141e-03
660 MLA ||r(i)||/||b|| 2.9895595362618940e-03
661 MLA ||r(i)||/||b|| 2.9827716844565469e-03
662 MLA ||r(i)||/||b|| 2.9759946059195212e-03
663 MLA ||r(i)||/||b|| 2.9692282869497014e-03
664 MLA ||r(i)||/||b|| 2.9624728341916414e-03
665 MLA ||r(i)||/||b|| 2.9557280284311597e-03
666 MLA ||r(i)||/||b|| 2.9489943773322049e-03
667 MLA ||r(i)||/||b|| 2.9422714342733120e-03
668 MLA ||r(i)||/||b|| 2.9355594915332914e-03
669 MLA ||r(i)||/||b|| 2.9288585701580951e-03
670 MLA ||r(i)||/||b|| 2.9221687106518019e-03
671 MLA ||r(i)||/||b|| 2.9154898119765561e-03
672 MLA ||r(i)||/||b|| 2.9088220353789178e-03
673 MLA ||r(i)||/||b|| 2.9021654439998611e-03
674 MLA ||r(i)||/||b|| 2.8955200323510753e-03
675 MLA ||r(i)||/||b|| 2.8888858457813611e-03
676 MLA ||r(i)||/||b|| 2.8822629319556594e-03
677 MLA ||r(i)||/||b|| 2.8756512480250488e-03
678 MLA ||r(i)||/||b|| 2.8690508633880088e-03
679 MLA ||r(i)||/||b|| 2.8624618314251893e-03
680 MLA ||r(i)||/||b|| 2.8558842070649207e-03
681 MLA ||r(i)||/||b|| 2.8493179912743058e-03
682 MLA ||r(i)||/||b|| 2.8427631862948757e-03
683 MLA ||r(i)||/||b|| 2.8362198705173813e-03
684 MLA ||r(i)||/||b|| 2.8296880636226756e-03
685 MLA ||r(i)||/||b|| 2.8231676525467811e-03
686 MLA ||r(i)||/||b|| 2.8166590906360755e-03
687 MLA ||r(i)||/||b|| 2.8101619747605243e-03
688 MLA ||r(i)||/||b|| 2.8036765061477970e-03
689 MLA ||r(i)||/||b|| 2.7972026539515309e-03
690 MLA ||r(i)||/||b|| 2.7907405159021959e-03
691 MLA ||r(i)||/||b|| 2.7842901790489849e-03
692 MLA ||r(i)||/||b|| 2.7778513455928525e-03
693 MLA ||r(i)||/||b|| 2.7714244647802826e-03
694 MLA ||r(i)||/||b|| 2.7650093154530618e-03
695 MLA ||r(i)||/||b|| 2.7586061067063168e-03
696 MLA ||r(i)||/||b|| 2.7522146855512341e-03
697 MLA ||r(i)||/||b|| 2.7458350813534837e-03
698 MLA ||r(i)||/||b|| 2.7394673803199350e-03
699 MLA ||r(i)||/||b|| 2.7331116762650677e-03
700 MLA ||r(i)||/||b|| 2.7267678282126423e-03
701 MLA ||r(i)||/||b|| 2.7204360683428870e-03
702 MLA ||r(i)||/||b|| 2.7141162935078724e-03
703 MLA ||r(i)||/||b|| 2.7078084056645219e-03
704 MLA ||r(i)||/||b|| 2.7015126850516388e-03
705 MLA ||r(i)||/||b|| 2.6952290595140941e-03
706 MLA ||r(i)||/||b|| 2.6889575379654123e-03
707 MLA ||r(i)||/||b|| 2.6826981336311980e-03
708 MLA ||r(i)||/||b|| 2.6764508772138262e-03
709 MLA ||r(i)||/||b|| 2.6702157535663531e-03
710 MLA ||r(i)||/||b|| 2.6639928470943886e-03
711 MLA ||r(i)||/||b|| 2.6577821479943980e-03
712 MLA ||r(i)||/||b|| 2.6515837214222231e-03
713 MLA ||r(i)||/||b|| 2.6453974687934523e-03
714 MLA ||r(i)||/||b|| 2.6392236105201405e-03
715 MLA ||r(i)||/||b|| 2.6330620683598757e-03
716 MLA ||r(i)||/||b|| 2.6269127089879633e-03
717 MLA ||r(i)||/||b|| 2.6207757973343449e-03
718 MLA ||r(i)||/||b|| 2.6146512002075944e-03
719 MLA ||r(i)||/||b|| 2.6085390544641944e-03
720 MLA ||r(i)||/||b|| 2.6024392090960198e-03
721 MLA ||r(i)||/||b|| 2.5963519176115065e-03
722 MLA ||r(i)||/||b|| 2.5902770011086546e-03
723 MLA ||r(i)||/||b|| 2.5842145302057153e-03
724 MLA ||r(i)||/||b|| 2.5781645389436315e-03
725 MLA ||r(i)||/||b|| 2.5721270107812461e-03
726 MLA ||r(i)||/||b|| 2.5661021680549092e-03
727 MLA ||r(i)||/||b|| 2.5600897060653240e-03
728 MLA ||r(i)||/||b|| 2.5540898398038522e-03
729 MLA ||r(i)||/||b|| 2.5481026321401974e-03
730 MLA ||r(i)||/||b|| 2.5421279804967371e-03
731 MLA ||r(i)||/||b|| 2.5361658830160292e-03
732 MLA ||r(i)||/||b|| 2.5302163383710127e-03
733 MLA ||r(i)||/||b|| 2.5242795909167790e-03
734 MLA ||r(i)||/||b|| 2.5183554064332255e-03
735 MLA ||r(i)||/||b|| 2.5124439900088454e-03
736 MLA ||r(i)||/||b|| 2.5065452542839288e-03
737 MLA ||r(i)||/||b|| 2.5006591462080120e-03
738 MLA ||r(i)||/||b|| 2.4947858482735545e-03
739 MLA ||r(i)||/||b|| 2.4889252054595928e-03
740 MLA ||r(i)||/||b|| 2.4830774169395282e-03
741 MLA ||r(i)||/||b|| 2.4772423537225002e-03
742 MLA ||r(i)||/||b|| 2.4714199816282447e-03
743 MLA ||r(i)||/||b|| 2.4656105252571338e-03
744 MLA ||r(i)||/||b|| 2.4598139590727599e-03
745 MLA ||r(i)||/||b|| 2.4540301400009122e-03
746 MLA ||r(i)||/||b|| 2.4482591183365428e-03
747 MLA ||r(i)||/||b|| 2.4425009839195429e-03
748 MLA ||r(i)||/||b|| 2.4367557837848531e-03
749 MLA ||r(i)||/||b|| 2.4310234035895572e-03
750 MLA ||r(i)||/||b|| 2.4253039257759262e-03
751 MLA ||r(i)||/||b|| 2.4195974275983915e-03
752 MLA ||r(i)||/||b|| 2.4139038217816343e-03
753 MLA ||r(i)||/||b|| 2.4082231189900679e-03
754 MLA ||r(i)||/||b|| 2.4025553873195178e-03
755 MLA ||r(i)||/||b|| 2.3969005995812722e-03
756 MLA ||r(i)||/||b|| 2.3912587976779036e-03
757 MLA ||r(i)||/||b|| 2.3856299382668681e-03
758 MLA ||r(i)||/||b|| 2.3800142128246335e-03
759 MLA ||r(i)||/||b|| 2.3744113729067050e-03
760 MLA ||r(i)||/||b|| 2.3688216575393742e-03
761 MLA ||r(i)||/||b|| 2.3632448617520686e-03
762 MLA ||r(i)||/||b|| 2.3576811822708203e-03
763 MLA ||r(i)||/||b|| 2.3521305887962093e-03
764 MLA ||r(i)||/||b|| 2.3465929241341579e-03
765 MLA ||r(i)||/||b|| 2.3410684227464936e-03
766 MLA ||r(i)||/||b|| 2.3355570256788786e-03
767 MLA ||r(i)||/||b|| 2.3300587431535624e-03
768 MLA ||r(i)||/||b|| 2.3245734917975128e-03
769 MLA ||r(i)||/||b|| 2.3191013105924524e-03
770 MLA ||r(i)||/||b|| 2.3136423597673620e-03
771 MLA ||r(i)||/||b|| 2.3081965210967792e-03
772 MLA ||r(i)||/||b|| 2.3027637104800791e-03
773 MLA ||r(i)||/||b|| 2.2973442317367641e-03
774 MLA ||r(i)||/||b|| 2.2919376223287584e-03
775 MLA ||r(i)||/||b|| 2.2865442878052173e-03
776 MLA ||r(i)||/||b|| 2.2811642906302204e-03
777 MLA ||r(i)||/||b|| 2.2757973350819773e-03
778 MLA ||r(i)||/||b|| 2.2704435502635570e-03
779 MLA ||r(i)||/||b|| 2.2651030045074405e-03
780 MLA ||r(i)||/||b|| 2.2597756011825737e-03
781 MLA ||r(i)||/||b|| 2.2544614223590337e-03
782 MLA ||r(i)||/||b|| 2.2491604222783703e-03
783 MLA ||r(i)||/||b|| 2.2438725790965173e-03
784 MLA ||r(i)||/||b|| 2.2385981765325413e-03
785 MLA ||r(i)||/||b|| 2.2333367058920261e-03
786 MLA ||r(i)||/||b|| 2.2280886477222765e-03
787 MLA ||r(i)||/||b|| 2.2228537272928638e-03
788 MLA ||r(i)||/||b|| 2.2176321257796152e-03
789 MLA ||r(i)||/||b|| 2.2124237455162614e-03
790 MLA ||r(i)||/||b|| 2.2072285729675253e-03
791 MLA ||r(i)||/||b|| 2.2020466707478037e-03
792 MLA ||r(i)||/||b|| 2.1968780825078007e-03
793 MLA ||r(i)||/||b|| 2.1917225827079623e-03
794 MLA ||r(i)||/||b|| 2.1865804779716983e-03
795 MLA ||r(i)||/||b|| 2.1814514926448720e-03
796 MLA ||r(i)||/||b|| 2.1763359363811377e-03
797 MLA ||r(i)||/||b|| 2.1712334941106077e-03
798 MLA ||r(i)||/||b|| 2.1661444325989129e-03
799 MLA ||r(i)||/||b|| 2.1610686585780007e-03
800 MLA ||r(i)||/||b|| 2.1560061232077108e-03
801 MLA ||r(i)||/||b|| 2.1509568520465564e-03
802 MLA ||r(i)||/||b|| 2.1459208057146000e-03
803 MLA ||r(i)||/||b|| 2.1408980546268139e-03
804 MLA ||r(i)||/||b|| 2.1358885532734165e-03
805 MLA ||r(i)||/||b|| 2.1308924248911805e-03
806 MLA ||r(i)||/||b|| 2.1259096056993518e-03
807 MLA ||r(i)||/||b|| 2.1209398577624545e-03
808 MLA ||r(i)||/||b|| 2.1159834896578682e-03
809 MLA ||r(i)||/||b|| 2.1110404262544998e-03
810 MLA ||r(i)||/||b|| 2.1061105370809132e-03
811 MLA ||r(i)||/||b|| 2.1011940244252411e-03
812 MLA ||r(i)||/||b|| 2.0962906841846944e-03
813 MLA ||r(i)||/||b|| 2.0914006756181953e-03
814 MLA ||r(i)||/||b|| 2.0865238664336994e-03
815 MLA ||r(i)||/||b|| 2.0816603149913251e-03
816 MLA ||r(i)||/||b|| 2.0768101107479764e-03
817 MLA ||r(i)||/||b|| 2.0719731358983585e-03
818 MLA ||r(i)||/||b|| 2.0671494540234030e-03
819 MLA ||r(i)||/||b|| 2.0623388207686479e-03
820 MLA ||r(i)||/||b|| 2.0575416465333286e-03
821 MLA ||r(i)||/||b|| 2.0527576314887507e-03
822 MLA ||r(i)||/||b|| 2.0479868131010668e-03
823 MLA ||r(i)||/||b|| 2.0432293489810929e-03
824 MLA ||r(i)||/||b|| 2.0384849347758922e-03
825 MLA ||r(i)||/||b|| 2.0337539554168668e-03
826 MLA ||r(i)||/||b|| 2.0290361196466239e-03
827 MLA ||r(i)||/||b|| 2.0243315173056340e-03
828 MLA ||r(i)||/||b|| 2.0196400856091362e-03
829 MLA ||r(i)||/||b|| 2.0149617489213256e-03
830 MLA ||r(i)||/||b|| 2.0102967887987645e-03
831 MLA ||r(i)||/||b|| 2.0056449665677347e-03
832 MLA ||r(i)||/||b|| 2.0010062999032351e-03
833 MLA ||r(i)||/||b|| 1.9963808829029516e-03
834 MLA ||r(i)||/||b|| 1.9917685679314515e-03
835 MLA ||r(i)||/||b|| 1.9871694049207042e-03
836 MLA ||r(i)||/||b|| 1.9825834681897925e-03
837 MLA ||r(i)||/||b|| 1.9780107094627317e-03
838 MLA ||r(i)||/||b|| 1.9734509657984949e-03
839 MLA ||r(i)||/||b|| 1.9689045052890910e-03
840 MLA ||r(i)||/||b|| 1.9643711083184995e-03
841 MLA ||r(i)||/||b|| 1.9598507411308069e-03
842 MLA ||r(i)||/||b|| 1.9553436062996164e-03
843 MLA ||r(i)||/||b|| 1.9508496197042694e-03
844 MLA ||r(i)||/||b|| 1.9463685870373070e-03
845 MLA ||r(i)||/||b|| 1.9419006311905739e-03
846 MLA ||r(i)||/||b|| 1.9374458520191589e-03
847 MLA ||r(i)||/||b|| 1.9330041505231698e-03
848 MLA ||r(i)||/||b|| 1.9285754349902516e-03
849 MLA ||r(i)||/||b|| 1.9241596225794539e-03
850 MLA ||r(i)||/||b|| 1.9197570827918673e-03
851 MLA ||r(i)||/||b|| 1.9153675572139883e-03
852 MLA ||r(i)||/||b|| 1.9109909719737602e-03
853 MLA ||r(i)||/||b|| 1.9066273510622207e-03
854 MLA ||r(i)||/||b|| 1.9022768357209378e-03
855 MLA ||r(i)||/||b|| 1.8979392263677652e-03
856 MLA ||r(i)||/||b|| 1.8936145651364793e-03
857 MLA ||r(i)||/||b|| 1.8893029294711446e-03
858 MLA ||r(i)||/||b|| 1.8850041598371533e-03
859 MLA ||r(i)||/||b|| 1.8807183999035020e-03
860 MLA ||r(i)||/||b|| 1.8764455445849110e-03
861 MLA ||r(i)||/||b|| 1.8721856616619765e-03
862 MLA ||r(i)||/||b|| 1.8679386393538775e-03
863 MLA ||r(i)||/||b|| 1.8637043645347462e-03
864 MLA ||r(i)||/||b|| 1.8594830904163069e-03
865 MLA ||r(i)||/||b|| 1.8552747037323114e-03
866 MLA ||r(i)||/||b|| 1.8510790577411420e-03
867 MLA ||r(i)||/||b|| 1.8468963643059519e-03
868 MLA ||r(i)||/||b|| 1.8427264861317471e-03
869 MLA ||r(i)||/||b|| 1.8385693490796046e-03
870 MLA ||r(i)||/||b|| 1.8344249009780201e-03
871 MLA ||r(i)||/||b|| 1.8302934485501766e-03
872 MLA ||r(i)||/||b|| 1.8261745925466620e-03
873 MLA ||r(i)||/||b|| 1.8220685578505967e-03
874 MLA ||r(i)||/||b|| 1.8179753735300811e-03
875 MLA ||r(i)||/||b|| 1.8138946361445213e-03
876 MLA ||r(i)||/||b|| 1.8098268585475385e-03
877 MLA ||r(i)||/||b|| 1.8057716302474940e-03
878 MLA ||r(i)||/||b|| 1.8017290559777033e-03
879 MLA ||r(i)||/||b|| 1.7976992458505403e-03
880 MLA ||r(i)||/||b|| 1.7936820460282713e-03
881 MLA ||r(i)||/||b|| 1.7896775023264386e-03
882 MLA ||r(i)||/||b|| 1.7856855819116707e-03
883 MLA ||r(i)||/||b|| 1.7817060662302724e-03
884 MLA ||r(i)||/||b|| 1.7777392636519919e-03
885 MLA ||r(i)||/||b|| 1.7737849370224135e-03
886 MLA ||r(i)||/||b|| 1.7698434521938597e-03
887 MLA ||r(i)||/||b|| 1.7659142286634915e-03
888 MLA ||r(i)||/||b|| 1.7619975186921101e-03
889 MLA ||r(i)||/||b|| 1.7580933658918065e-03
890 MLA ||r(i)||/||b|| 1.7542017677170760e-03
891 MLA ||r(i)||/||b|| 1.7503224619621676e-03
892 MLA ||r(i)||/||b|| 1.7464556853115205e-03
893 MLA ||r(i)||/||b|| 1.7426013496556695e-03
894 MLA ||r(i)||/||b|| 1.7387594586787867e-03
895 MLA ||r(i)||/||b|| 1.7349300291067983e-03
896 MLA ||r(i)||/||b|| 1.7311127753032866e-03
897 MLA ||r(i)||/||b|| 1.7273080517672958e-03
898 MLA ||r(i)||/||b|| 1.7235156455067122e-03
899 MLA ||r(i)||/||b|| 1.7197353929205067e-03
900 MLA ||r(i)||/||b|| 1.7159674976404537e-03
901 MLA ||r(i)||/||b|| 1.7122120172755834e-03
902 MLA ||r(i)||/||b|| 1.7084686699506025e-03
903 MLA ||r(i)||/||b|| 1.7047376641682905e-03
904 MLA ||r(i)||/||b|| 1.7010186881079796e-03
905 MLA ||r(i)||/||b|| 1.6973122288469304e-03
906 MLA ||r(i)||/||b|| 1.6936176698639260e-03
907 MLA ||r(i)||/||b|| 1.6899354465644328e-03
908 MLA ||r(i)||/||b|| 1.6862652305850909e-03
909 MLA ||r(i)||/||b|| 1.6826073986278391e-03
910 MLA ||r(i)||/||b|| 1.6789613868843113e-03
911 MLA ||r(i)||/||b|| 1.6753276379728836e-03
912 MLA ||r(i)||/||b|| 1.6717058840671763e-03
913 MLA ||r(i)||/||b|| 1.6680962836703671e-03
914 MLA ||r(i)||/||b|| 1.6644986271230891e-03
915 MLA ||r(i)||/||b|| 1.6609129714258764e-03
916 MLA ||r(i)||/||b|| 1.6573392852422223e-03
917 MLA ||r(i)||/||b|| 1.6537776292080721e-03
918 MLA ||r(i)||/||b|| 1.6502278017837034e-03
919 MLA ||r(i)||/||b|| 1.6466901279375192e-03
920 MLA ||r(i)||/||b|| 1.6431641441955510e-03
921 MLA ||r(i)||/||b|| 1.6396501080083606e-03
922 MLA ||r(i)||/||b|| 1.6361479627664546e-03
923 MLA ||r(i)||/||b|| 1.6326576310672354e-03
924 MLA ||r(i)||/||b|| 1.6291791390299929e-03
925 MLA ||r(i)||/||b|| 1.6257124555888829e-03
926 MLA ||r(i)||/||b|| 1.6222575377144467e-03
927 MLA ||r(i)||/||b|| 1.6188143712416402e-03
928 MLA ||r(i)||/||b|| 1.6153828654425822e-03
929 MLA ||r(i)||/||b|| 1.6119632091442610e-03
930 MLA ||r(i)||/||b|| 1.6085551284944063e-03
931 MLA ||r(i)||/||b|| 1.6051588253805237e-03
932 MLA ||r(i)||/||b|| 1.6017740780211122e-03
933 MLA ||r(i)||/||b|| 1.5984009577528079e-03
934 MLA ||r(i)||/||b|| 1.5950395173579053e-03
935 MLA ||r(i)||/||b|| 1.5916896440100069e-03
936 MLA ||r(i)||/||b|| 1.5883512747937862e-03
937 MLA ||r(i)||/||b|| 1.5850244758201799e-03
938 MLA ||r(i)||/||b|| 1.5817092263905592e-03
939 MLA ||r(i)||/||b|| 1.5784053053395956e-03
940 MLA ||r(i)||/||b|| 1.5751129222644209e-03
941 MLA ||r(i)||/||b|| 1.5718320279763693e-03
942 MLA ||r(i)||/||b|| 1.5685626047084991e-03
943 MLA ||r(i)||/||b|| 1.5653044280494607e-03
944 MLA ||r(i)||/||b|| 1.5620577142805984e-03
945 MLA ||r(i)||/||b|| 1.5588222447525703e-03
946 MLA ||r(i)||/||b|| 1.5555981184130483e-03
947 MLA ||r(i)||/||b|| 1.5523855811050576e-03
948 MLA ||r(i)||/||b|| 1.5491840794892983e-03
949 MLA ||r(i)||/||b|| 1.5459937689587617e-03
950 MLA ||r(i)||/||b|| 1.5428147344111068e-03
951 MLA ||r(i)||/||b|| 1.5396470673142168e-03
952 MLA ||r(i)||/||b|| 1.5364905298287310e-03
953 MLA ||r(i)||/||b|| 1.5333450860431504e-03
954 MLA ||r(i)||/||b|| 1.5302107326696302e-03
955 MLA ||r(i)||/||b|| 1.5270874744778796e-03
956 MLA ||r(i)||/||b|| 1.5239755288309822e-03
957 MLA ||r(i)||/||b|| 1.5208744852980263e-03
958 MLA ||r(i)||/||b|| 1.5177844941189655e-03
959 MLA ||r(i)||/||b|| 1.5147055217282109e-03
960 MLA ||r(i)||/||b|| 1.5116375266131985e-03
961 MLA ||r(i)||/||b|| 1.5085805053969665e-03
962 MLA ||r(i)||/||b|| 1.5055344368338506e-03
963 MLA ||r(i)||/||b|| 1.5024992807752702e-03
964 MLA ||r(i)||/||b|| 1.4994750456161447e-03
965 MLA ||r(i)||/||b|| 1.4964616823278595e-03
966 MLA ||r(i)||/||b|| 1.4934591035322040e-03
967 MLA ||r(i)||/||b|| 1.4904673279805651e-03
968 MLA ||r(i)||/||b|| 1.4874864228877275e-03
969 MLA ||r(i)||/||b|| 1.4845162274914826e-03
970 MLA ||r(i)||/||b|| 1.4815567942310492e-03
971 MLA ||r(i)||/||b|| 1.4786081333676665e-03
972 MLA ||r(i)||/||b|| 1.4756701161628603e-03
973 MLA ||r(i)||/||b|| 1.4727427531129591e-03
974 MLA ||r(i)||/||b|| 1.4698259964057135e-03
975 MLA ||r(i)||/||b|| 1.4669199610423550e-03
976 MLA ||r(i)||/||b|| 1.4640244644360781e-03
977 MLA ||r(i)||/||b|| 1.4611394847718197e-03
978 MLA ||r(i)||/||b|| 1.4582651992157407e-03
979 MLA ||r(i)||/||b|| 1.4554012448498741e-03
980 MLA ||r(i)||/||b|| 1.4525478631854734e-03
981 MLA ||r(i)||/||b|| 1.4497048118125105e-03
982 MLA ||r(i)||/||b|| 1.4468723870499885e-03
983 MLA ||r(i)||/||b|| 1.4440503245571163e-03
984 MLA ||r(i)||/||b|| 1.4412387297695803e-03
985 MLA ||r(i)||/||b|| 1.4384373526891150e-03
986 MLA ||r(i)||/||b|| 1.4356463897289399e-03
987 MLA ||r(i)||/||b|| 1.4328657573204982e-03
988 MLA ||r(i)||/||b|| 1.4300952902915598e-03
989 MLA ||r(i)||/||b|| 1.4273351906518535e-03
990 MLA ||r(i)||/||b|| 1.4245852767955647e-03
991 MLA ||r(i)||/||b|| 1.4218455870784214e-03
992 MLA ||r(i)||/||b|| 1.4191159975494227e-03
993 MLA ||r(i)||/||b|| 1.4163966439340635e-03
994 MLA ||r(i)||/||b|| 1.4136874389032580e-03
995 MLA ||r(i)||/||b|| 1.4109883198007908e-03
996 MLA ||r(i)||/||b|| 1.4082991231349332e-03
997 MLA ||r(i)||/||b|| 1.4056200747753383e-03
998 MLA ||r(i)||/||b|| 1.4029511456187893e-03
999 MLA ||r(i)||/||b|| 1.4002921949365179e-03
1000 MLA ||r(i)||/||b|| 1.3976430890331232e-03
>>>> mla solve time: 64.4883 (s)
>>>> ksp solve time: 0.150695 (s)
            || b ||_2 = 3.6456789914864118e-01
|| r ||_2 / || b ||_2 = 2.8848039306212900e+01
