Config file: ../input/config/mla_v_cycle-refine2.json
order_rbm = 1
angle_type = 1
==== basic information of linear system ====
matrix Row = 19158, matrix Column = 19158
matrix nz_allocated = 387515, matrix nz_used = 387515, matrix nz_unneeded = 0
vector Row = 19158
initial     || b ||_2 = 7.2042734251691598e-01
>>>>local_vec_size = 19158
>>>>~~~~ local_mat_m = 19158, local_mat_n = 19158
            || b ||_2 = 7.2042734251691598e-01
|| r ||_2 / || b ||_2 = 1.0000000000000000e+00


>>>>nodes in level 2 is 49, less than 100, setup DONE!>>>>


>>>> mla setup time: 0.190178 (s)
0 MLA ||r(i)||/||b|| 1.0000000000000000e+00
1 MLA ||r(i)||/||b|| 1.0443195009004235e+01
2 MLA ||r(i)||/||b|| 8.1797980869489333e+00
3 MLA ||r(i)||/||b|| 7.6660243876149003e+00
4 MLA ||r(i)||/||b|| 6.8548248654562025e+00
5 MLA ||r(i)||/||b|| 5.8804519568080247e+00
6 MLA ||r(i)||/||b|| 4.9634698659000795e+00
7 MLA ||r(i)||/||b|| 4.1964171527205698e+00
8 MLA ||r(i)||/||b|| 3.6505356658142665e+00
9 MLA ||r(i)||/||b|| 3.3297666736565179e+00
10 MLA ||r(i)||/||b|| 3.1689984830036018e+00
11 MLA ||r(i)||/||b|| 3.0845352280476486e+00
12 MLA ||r(i)||/||b|| 3.0128002637533071e+00
13 MLA ||r(i)||/||b|| 2.9206424161780178e+00
14 MLA ||r(i)||/||b|| 2.7998837239574912e+00
15 MLA ||r(i)||/||b|| 2.6576014972028150e+00
16 MLA ||r(i)||/||b|| 2.5072699237340830e+00
17 MLA ||r(i)||/||b|| 2.3623080421927636e+00
18 MLA ||r(i)||/||b|| 2.2322463916635775e+00
19 MLA ||r(i)||/||b|| 2.1212977613483672e+00
20 MLA ||r(i)||/||b|| 2.0288376752848425e+00
21 MLA ||r(i)||/||b|| 1.9510224022912463e+00
22 MLA ||r(i)||/||b|| 1.8826815309019775e+00
23 MLA ||r(i)||/||b|| 1.8188388036431065e+00
24 MLA ||r(i)||/||b|| 1.7555983093416163e+00
25 MLA ||r(i)||/||b|| 1.6904472351346995e+00
26 MLA ||r(i)||/||b|| 1.6221666542761664e+00
27 MLA ||r(i)||/||b|| 1.5505479446454009e+00
28 MLA ||r(i)||/||b|| 1.4760609644545155e+00
29 MLA ||r(i)||/||b|| 1.3995602147050634e+00
30 MLA ||r(i)||/||b|| 1.3220660495874645e+00
31 MLA ||r(i)||/||b|| 1.2446241464143128e+00
32 MLA ||r(i)||/||b|| 1.1682274137556188e+00
33 MLA ||r(i)||/||b|| 1.0937778337611781e+00
34 MLA ||r(i)||/||b|| 1.0220677218770104e+00
35 MLA ||r(i)||/||b|| 9.5376645534073157e-01
36 MLA ||r(i)||/||b|| 8.8940632611430459e-01
37 MLA ||r(i)||/||b|| 8.2936737572788977e-01
38 MLA ||r(i)||/||b|| 7.7386477636937889e-01
39 MLA ||r(i)||/||b|| 7.2294339798167739e-01
40 MLA ||r(i)||/||b|| 6.7648318847121791e-01
41 MLA ||r(i)||/||b|| 6.3421674452555354e-01
42 MLA ||r(i)||/||b|| 5.9575791154847579e-01
43 MLA ||r(i)||/||b|| 5.6063825766083186e-01
44 MLA ||r(i)||/||b|| 5.2834731481133290e-01
45 MLA ||r(i)||/||b|| 4.9837260659619492e-01
46 MLA ||r(i)||/||b|| 4.7023633672386439e-01
47 MLA ||r(i)||/||b|| 4.4352667137161578e-01
48 MLA ||r(i)||/||b|| 4.1792240128070351e-01
49 MLA ||r(i)||/||b|| 3.9321027339314424e-01
50 MLA ||r(i)||/||b|| 3.6929445698504670e-01
51 MLA ||r(i)||/||b|| 3.4619760541563077e-01
52 MLA ||r(i)||/||b|| 3.2405287435522218e-01
53 MLA ||r(i)||/||b|| 3.0308613203524909e-01
54 MLA ||r(i)||/||b|| 2.8358757756929132e-01
55 MLA ||r(i)||/||b|| 2.6587243382957648e-01
56 MLA ||r(i)||/||b|| 2.5023194785952102e-01
57 MLA ||r(i)||/||b|| 2.3687925686415959e-01
58 MLA ||r(i)||/||b|| 2.2589943191553954e-01
59 MLA ||r(i)||/||b|| 2.1721679369570582e-01
60 MLA ||r(i)||/||b|| 2.1059139276501809e-01
61 MLA ||r(i)||/||b|| 2.0564823123423567e-01
62 MLA ||r(i)||/||b|| 2.0193086580001063e-01
63 MLA ||r(i)||/||b|| 1.9896295224753788e-01
64 MLA ||r(i)||/||b|| 1.9630172973661864e-01
65 MLA ||r(i)||/||b|| 1.9357433415002764e-01
66 MLA ||r(i)||/||b|| 1.9049563397973504e-01
67 MLA ||r(i)||/||b|| 1.8687119842871094e-01
68 MLA ||r(i)||/||b|| 1.8259052692555691e-01
69 MLA ||r(i)||/||b|| 1.7761509701982944e-01
70 MLA ||r(i)||/||b|| 1.7196448967001043e-01
71 MLA ||r(i)||/||b|| 1.6570260756791638e-01
72 MLA ||r(i)||/||b|| 1.5892508010176115e-01
73 MLA ||r(i)||/||b|| 1.5174834669694942e-01
74 MLA ||r(i)||/||b|| 1.4430054564893546e-01
75 MLA ||r(i)||/||b|| 1.3671412709867284e-01
76 MLA ||r(i)||/||b|| 1.2911999542438701e-01
77 MLA ||r(i)||/||b|| 1.2164292508110697e-01
78 MLA ||r(i)||/||b|| 1.1439797619427396e-01
79 MLA ||r(i)||/||b|| 1.0748763931470330e-01
80 MLA ||r(i)||/||b|| 1.0099947929264919e-01
81 MLA ||r(i)||/||b|| 9.5004118054169598e-02
82 MLA ||r(i)||/||b|| 8.9553506547050660e-02
83 MLA ||r(i)||/||b|| 8.4679577184840329e-02
84 MLA ||r(i)||/||b|| 8.0393508755930113e-02
85 MLA ||r(i)||/||b|| 7.6685924565419547e-02
86 MLA ||r(i)||/||b|| 7.3528317802968909e-02
87 MLA ||r(i)||/||b|| 7.0875826357244501e-02
88 MLA ||r(i)||/||b|| 6.8671194388626164e-02
89 MLA ||r(i)||/||b|| 6.6849471105742242e-02
90 MLA ||r(i)||/||b|| 6.5342822877695647e-02
91 MLA ||r(i)||/||b|| 6.4084850906494045e-02
92 MLA ||r(i)||/||b|| 6.3013979610669735e-02
93 MLA ||r(i)||/||b|| 6.2075729827830287e-02
94 MLA ||r(i)||/||b|| 6.1223915064596242e-02
95 MLA ||r(i)||/||b|| 6.0420945193949346e-02
96 MLA ||r(i)||/||b|| 5.9637482334508163e-02
97 MLA ||r(i)||/||b|| 5.8851686412335687e-02
98 MLA ||r(i)||/||b|| 5.8048246858010334e-02
99 MLA ||r(i)||/||b|| 5.7217344904413631e-02
100 MLA ||r(i)||/||b|| 5.6353641289929077e-02
101 MLA ||r(i)||/||b|| 5.5455345607957451e-02
102 MLA ||r(i)||/||b|| 5.4523395143052281e-02
103 MLA ||r(i)||/||b|| 5.3560752938057087e-02
104 MLA ||r(i)||/||b|| 5.2571821351778826e-02
105 MLA ||r(i)||/||b|| 5.1561962961518576e-02
106 MLA ||r(i)||/||b|| 5.0537115667968958e-02
107 MLA ||r(i)||/||b|| 4.9503488815559347e-02
108 MLA ||r(i)||/||b|| 4.8467324650188638e-02
109 MLA ||r(i)||/||b|| 4.7434715049073588e-02
110 MLA ||r(i)||/||b|| 4.6411459789153814e-02
111 MLA ||r(i)||/||b|| 4.5402958577562158e-02
112 MLA ||r(i)||/||b|| 4.4414127659757489e-02
113 MLA ||r(i)||/||b|| 4.3449337100180577e-02
114 MLA ||r(i)||/||b|| 4.2512363563064176e-02
115 MLA ||r(i)||/||b|| 4.1606357023538557e-02
116 MLA ||r(i)||/||b|| 4.0733821134422532e-02
117 MLA ||r(i)||/||b|| 3.9896605952350700e-02
118 MLA ||r(i)||/||b|| 3.9095914419307376e-02
119 MLA ||r(i)||/||b|| 3.8332323306521955e-02
120 MLA ||r(i)||/||b|| 3.7605817931431661e-02
121 MLA ||r(i)||/||b|| 3.6915840127272934e-02
122 MLA ||r(i)||/||b|| 3.6261348984372402e-02
123 MLA ||r(i)||/||b|| 3.5640890909438491e-02
124 MLA ||r(i)||/||b|| 3.5052677272519255e-02
125 MLA ||r(i)||/||b|| 3.4494665123118592e-02
126 MLA ||r(i)||/||b|| 3.3964638366614779e-02
127 MLA ||r(i)||/||b|| 3.3460285621975144e-02
128 MLA ||r(i)||/||b|| 3.2979271655339454e-02
129 MLA ||r(i)||/||b|| 3.2519300158046646e-02
130 MLA ||r(i)||/||b|| 3.2078166143837197e-02
131 MLA ||r(i)||/||b|| 3.1653797074421196e-02
132 MLA ||r(i)||/||b|| 3.1244282780828414e-02
133 MLA ||r(i)||/||b|| 3.0847894387836014e-02
134 MLA ||r(i)||/||b|| 3.0463093254809750e-02
135 MLA ||r(i)||/||b|| 3.0088531754498462e-02
136 MLA ||r(i)||/||b|| 2.9723046671723395e-02
137 MLA ||r(i)||/||b|| 2.9365647994702190e-02
138 MLA ||r(i)||/||b|| 2.9015503309506616e-02
139 MLA ||r(i)||/||b|| 2.8671920350947473e-02
140 MLA ||r(i)||/||b|| 2.8334328327916089e-02
141 MLA ||r(i)||/||b|| 2.8002259777707275e-02
142 MLA ||r(i)||/||b|| 2.7675332463992924e-02
143 MLA ||r(i)||/||b|| 2.7353233710511623e-02
144 MLA ||r(i)||/||b|| 2.7035705747530992e-02
145 MLA ||r(i)||/||b|| 2.6722533407378242e-02
146 MLA ||r(i)||/||b|| 2.6413533987578758e-02
147 MLA ||r(i)||/||b|| 2.6108548904372891e-02
148 MLA ||r(i)||/||b|| 2.5807437182271433e-02
149 MLA ||r(i)||/||b|| 2.5510070918822132e-02
150 MLA ||r(i)||/||b|| 2.5216331344459299e-02
151 MLA ||r(i)||/||b|| 2.4926107027747165e-02
152 MLA ||r(i)||/||b|| 2.4639292531758717e-02
153 MLA ||r(i)||/||b|| 2.4355787179535241e-02
154 MLA ||r(i)||/||b|| 2.4075495450804937e-02
155 MLA ||r(i)||/||b|| 2.3798326900484876e-02
156 MLA ||r(i)||/||b|| 2.3524196215346217e-02
157 MLA ||r(i)||/||b|| 2.3253023904150530e-02
158 MLA ||r(i)||/||b|| 2.2984736321357419e-02
159 MLA ||r(i)||/||b|| 2.2719266303113765e-02
160 MLA ||r(i)||/||b|| 2.2456553167155547e-02
161 MLA ||r(i)||/||b|| 2.2196542932977608e-02
162 MLA ||r(i)||/||b|| 2.1939188022438709e-02
163 MLA ||r(i)||/||b|| 2.1684447727296545e-02
164 MLA ||r(i)||/||b|| 2.1432287220596806e-02
165 MLA ||r(i)||/||b|| 2.1182677802497787e-02
166 MLA ||r(i)||/||b|| 2.0935596207871946e-02
167 MLA ||r(i)||/||b|| 2.0691024352302700e-02
168 MLA ||r(i)||/||b|| 2.0448948784023160e-02
169 MLA ||r(i)||/||b|| 2.0209360133775979e-02
170 MLA ||r(i)||/||b|| 1.9972252441335117e-02
171 MLA ||r(i)||/||b|| 1.9737623105328322e-02
172 MLA ||r(i)||/||b|| 1.9505471665118991e-02
173 MLA ||r(i)||/||b|| 1.9275800046341194e-02
174 MLA ||r(i)||/||b|| 1.9048611279998334e-02
175 MLA ||r(i)||/||b|| 1.8823909768630045e-02
176 MLA ||r(i)||/||b|| 1.8601700246896953e-02
177 MLA ||r(i)||/||b|| 1.8381987757364063e-02
178 MLA ||r(i)||/||b|| 1.8164777013222212e-02
179 MLA ||r(i)||/||b|| 1.7950072150412562e-02
180 MLA ||r(i)||/||b|| 1.7737876508653452e-02
181 MLA ||r(i)||/||b|| 1.7528192135945225e-02
182 MLA ||r(i)||/||b|| 1.7321019816232946e-02
183 MLA ||r(i)||/||b|| 1.7116358689310142e-02
184 MLA ||r(i)||/||b|| 1.6914206089782512e-02
185 MLA ||r(i)||/||b|| 1.6714557672142055e-02
186 MLA ||r(i)||/||b|| 1.6517407038176557e-02
187 MLA ||r(i)||/||b|| 1.6322745954601130e-02
188 MLA ||r(i)||/||b|| 1.6130563801411962e-02
189 MLA ||r(i)||/||b|| 1.5940848524677004e-02
190 MLA ||r(i)||/||b|| 1.5753585896314752e-02
191 MLA ||r(i)||/||b|| 1.5568759884627786e-02
192 MLA ||r(i)||/||b|| 1.5386352826643893e-02
193 MLA ||r(i)||/||b|| 1.5206345420539991e-02
194 MLA ||r(i)||/||b|| 1.5028716886889384e-02
195 MLA ||r(i)||/||b|| 1.4853445004657170e-02
196 MLA ||r(i)||/||b|| 1.4680506472943200e-02
197 MLA ||r(i)||/||b|| 1.4509876960419148e-02
198 MLA ||r(i)||/||b|| 1.4341531355279319e-02
199 MLA ||r(i)||/||b|| 1.4175443587561896e-02
200 MLA ||r(i)||/||b|| 1.4011587313579574e-02
201 MLA ||r(i)||/||b|| 1.3849935580120720e-02
202 MLA ||r(i)||/||b|| 1.3690461207793190e-02
203 MLA ||r(i)||/||b|| 1.3533136911967201e-02
204 MLA ||r(i)||/||b|| 1.3377935232480773e-02
205 MLA ||r(i)||/||b|| 1.3224828988871586e-02
206 MLA ||r(i)||/||b|| 1.3073791052467020e-02
207 MLA ||r(i)||/||b|| 1.2924794600703534e-02
208 MLA ||r(i)||/||b|| 1.2777813069861595e-02
209 MLA ||r(i)||/||b|| 1.2632820366394180e-02
210 MLA ||r(i)||/||b|| 1.2489790872583187e-02
211 MLA ||r(i)||/||b|| 1.2348699221484622e-02
212 MLA ||r(i)||/||b|| 1.2209520989470379e-02
213 MLA ||r(i)||/||b|| 1.2072231887056794e-02
214 MLA ||r(i)||/||b|| 1.1936808242776214e-02
215 MLA ||r(i)||/||b|| 1.1803226995416825e-02
216 MLA ||r(i)||/||b|| 1.1671465556120425e-02
217 MLA ||r(i)||/||b|| 1.1541501802497120e-02
218 MLA ||r(i)||/||b|| 1.1413314200234516e-02
219 MLA ||r(i)||/||b|| 1.1286881691458457e-02
220 MLA ||r(i)||/||b|| 1.1162183509137781e-02
221 MLA ||r(i)||/||b|| 1.1039199358252915e-02
222 MLA ||r(i)||/||b|| 1.0917909475651843e-02
223 MLA ||r(i)||/||b|| 1.0798294327622013e-02
224 MLA ||r(i)||/||b|| 1.0680334545092570e-02
225 MLA ||r(i)||/||b|| 1.0564011328089967e-02
226 MLA ||r(i)||/||b|| 1.0449305955625536e-02
227 MLA ||r(i)||/||b|| 1.0336200006144380e-02
228 MLA ||r(i)||/||b|| 1.0224675190945670e-02
229 MLA ||r(i)||/||b|| 1.0114713396921984e-02
230 MLA ||r(i)||/||b|| 1.0006296637563781e-02
231 MLA ||r(i)||/||b|| 9.8994071366885171e-03
232 MLA ||r(i)||/||b|| 9.7940271933433173e-03
233 MLA ||r(i)||/||b|| 9.6901391528609188e-03
234 MLA ||r(i)||/||b|| 9.5877254342913668e-03
235 MLA ||r(i)||/||b|| 9.4867685096349918e-03
236 MLA ||r(i)||/||b|| 9.3872510239131433e-03
237 MLA ||r(i)||/||b|| 9.2891554937477340e-03
238 MLA ||r(i)||/||b|| 9.1924645743679777e-03
239 MLA ||r(i)||/||b|| 9.0971610348501448e-03
240 MLA ||r(i)||/||b|| 9.0032274739953056e-03
241 MLA ||r(i)||/||b|| 8.9106467204368000e-03
242 MLA ||r(i)||/||b|| 8.8194015936791693e-03
243 MLA ||r(i)||/||b|| 8.7294747977121560e-03
244 MLA ||r(i)||/||b|| 8.6408494361752616e-03
245 MLA ||r(i)||/||b|| 8.5535082285763692e-03
246 MLA ||r(i)||/||b|| 8.4674343055126441e-03
247 MLA ||r(i)||/||b|| 8.3826106328289615e-03
248 MLA ||r(i)||/||b|| 8.2990204812671137e-03
249 MLA ||r(i)||/||b|| 8.2166469156231478e-03
250 MLA ||r(i)||/||b|| 8.1354732872550312e-03
251 MLA ||r(i)||/||b|| 8.0554830409937921e-03
252 MLA ||r(i)||/||b|| 7.9766595472383732e-03
253 MLA ||r(i)||/||b|| 7.8989865164373306e-03
254 MLA ||r(i)||/||b|| 7.8224474998909183e-03
255 MLA ||r(i)||/||b|| 7.7470264195739456e-03
256 MLA ||r(i)||/||b|| 7.6727071062921781e-03
257 MLA ||r(i)||/||b|| 7.5994737208571507e-03
258 MLA ||r(i)||/||b|| 7.5273104013552465e-03
259 MLA ||r(i)||/||b|| 7.4562015504038241e-03
260 MLA ||r(i)||/||b|| 7.3861316444443180e-03
261 MLA ||r(i)||/||b|| 7.3170851474828203e-03
262 MLA ||r(i)||/||b|| 7.2490470571819976e-03
263 MLA ||r(i)||/||b|| 7.1820021375485826e-03
264 MLA ||r(i)||/||b|| 7.1159355345549362e-03
265 MLA ||r(i)||/||b|| 7.0508326095689083e-03
266 MLA ||r(i)||/||b|| 6.9866786122261991e-03
267 MLA ||r(i)||/||b|| 6.9234591641184973e-03
268 MLA ||r(i)||/||b|| 6.8611599732965444e-03
269 MLA ||r(i)||/||b|| 6.7997669434280029e-03
270 MLA ||r(i)||/||b|| 6.7392661993557566e-03
271 MLA ||r(i)||/||b|| 6.6796438463521055e-03
272 MLA ||r(i)||/||b|| 6.6208863926928256e-03
273 MLA ||r(i)||/||b|| 6.5629803821991043e-03
274 MLA ||r(i)||/||b|| 6.5059124721268159e-03
275 MLA ||r(i)||/||b|| 6.4496696974212916e-03
276 MLA ||r(i)||/||b|| 6.3942390772654600e-03
277 MLA ||r(i)||/||b|| 6.3396078330093175e-03
278 MLA ||r(i)||/||b|| 6.2857633129522880e-03
279 MLA ||r(i)||/||b|| 6.2326931369769490e-03
280 MLA ||r(i)||/||b|| 6.1803850724816691e-03
281 MLA ||r(i)||/||b|| 6.1288269326026570e-03
282 MLA ||r(i)||/||b|| 6.0780067833762670e-03
283 MLA ||r(i)||/||b|| 6.0279128710997217e-03
284 MLA ||r(i)||/||b|| 5.9785335009732337e-03
285 MLA ||r(i)||/||b|| 5.9298572940395672e-03
286 MLA ||r(i)||/||b|| 5.8818728988409485e-03
287 MLA ||r(i)||/||b|| 5.8345691712469779e-03
288 MLA ||r(i)||/||b|| 5.7879351702434887e-03
289 MLA ||r(i)||/||b|| 5.7419599448430420e-03
290 MLA ||r(i)||/||b|| 5.6966328402198408e-03
291 MLA ||r(i)||/||b|| 5.6519433858559058e-03
292 MLA ||r(i)||/||b|| 5.6078811085938009e-03
293 MLA ||r(i)||/||b|| 5.5644358230862454e-03
294 MLA ||r(i)||/||b|| 5.5215974009794576e-03
295 MLA ||r(i)||/||b|| 5.4793559585410009e-03
296 MLA ||r(i)||/||b|| 5.4377016264407418e-03
297 MLA ||r(i)||/||b|| 5.3966248043376269e-03
298 MLA ||r(i)||/||b|| 5.3561159283010175e-03
299 MLA ||r(i)||/||b|| 5.3161656520100287e-03
300 MLA ||r(i)||/||b|| 5.2767648321244646e-03
301 MLA ||r(i)||/||b|| 5.2379043379028401e-03
302 MLA ||r(i)||/||b|| 5.1995751412642144e-03
303 MLA ||r(i)||/||b|| 5.1617685140384062e-03
304 MLA ||r(i)||/||b|| 5.1244757916830991e-03
305 MLA ||r(i)||/||b|| 5.0876883561940421e-03
306 MLA ||r(i)||/||b|| 5.0513979267511871e-03
307 MLA ||r(i)||/||b|| 5.0155961668749433e-03
308 MLA ||r(i)||/||b|| 4.9802749200948395e-03
309 MLA ||r(i)||/||b|| 4.9454262730842845e-03
310 MLA ||r(i)||/||b|| 4.9110423380072654e-03
311 MLA ||r(i)||/||b|| 4.8771152621276551e-03
312 MLA ||r(i)||/||b|| 4.8436376884183358e-03
313 MLA ||r(i)||/||b|| 4.8106019249354384e-03
314 MLA ||r(i)||/||b|| 4.7780006014656057e-03
315 MLA ||r(i)||/||b|| 4.7458265851717269e-03
316 MLA ||r(i)||/||b|| 4.7140726973075057e-03
317 MLA ||r(i)||/||b|| 4.6827320660662065e-03
318 MLA ||r(i)||/||b|| 4.6517977346548509e-03
319 MLA ||r(i)||/||b|| 4.6212630147551351e-03
320 MLA ||r(i)||/||b|| 4.5911213026293444e-03
321 MLA ||r(i)||/||b|| 4.5613660317753027e-03
322 MLA ||r(i)||/||b|| 4.5319907411119241e-03
323 MLA ||r(i)||/||b|| 4.5029893257293487e-03
324 MLA ||r(i)||/||b|| 4.4743555163582914e-03
325 MLA ||r(i)||/||b|| 4.4460833230690671e-03
326 MLA ||r(i)||/||b|| 4.4181667414524483e-03
327 MLA ||r(i)||/||b|| 4.3906000080361834e-03
328 MLA ||r(i)||/||b|| 4.3633772283604780e-03
329 MLA ||r(i)||/||b|| 4.3364929919824024e-03
330 MLA ||r(i)||/||b|| 4.3099418071435042e-03
331 MLA ||r(i)||/||b|| 4.2837181461569370e-03
332 MLA ||r(i)||/||b|| 4.2578167720678474e-03
333 MLA ||r(i)||/||b|| 4.2322323857660517e-03
334 MLA ||r(i)||/||b|| 4.2069599940163316e-03
335 MLA ||r(i)||/||b|| 4.1819945061787487e-03
336 MLA ||r(i)||/||b|| 4.1573310636644776e-03
337 MLA ||r(i)||/||b|| 4.1329647557933691e-03
338 MLA ||r(i)||/||b|| 4.1088908598046151e-03
339 MLA ||r(i)||/||b|| 4.0851048791160100e-03
340 MLA ||r(i)||/||b|| 4.0616021798882077e-03
341 MLA ||r(i)||/||b|| 4.0383782586222291e-03
342 MLA ||r(i)||/||b|| 4.0154287939496748e-03
343 MLA ||r(i)||/||b|| 3.9927494836594392e-03
344 MLA ||r(i)||/||b|| 3.9703360746121468e-03
345 MLA ||r(i)||/||b|| 3.9481845397184526e-03
346 MLA ||r(i)||/||b|| 3.9262907460867460e-03
347 MLA ||r(i)||/||b|| 3.9046506944684974e-03
348 MLA ||r(i)||/||b|| 3.8832605614792007e-03
349 MLA ||r(i)||/||b|| 3.8621165547455950e-03
350 MLA ||r(i)||/||b|| 3.8412148534381079e-03
351 MLA ||r(i)||/||b|| 3.8205518390224667e-03
352 MLA ||r(i)||/||b|| 3.8001239625739085e-03
353 MLA ||r(i)||/||b|| 3.7799275109279742e-03
354 MLA ||r(i)||/||b|| 3.7599591779822628e-03
355 MLA ||r(i)||/||b|| 3.7402155406425662e-03
356 MLA ||r(i)||/||b|| 3.7206932834116043e-03
357 MLA ||r(i)||/||b|| 3.7013890866987005e-03
358 MLA ||r(i)||/||b|| 3.6822997615013208e-03
359 MLA ||r(i)||/||b|| 3.6634222442850522e-03
360 MLA ||r(i)||/||b|| 3.6447533599430733e-03
361 MLA ||r(i)||/||b|| 3.6262901427055335e-03
362 MLA ||r(i)||/||b|| 3.6080296648110925e-03
363 MLA ||r(i)||/||b|| 3.5899688841308044e-03
364 MLA ||r(i)||/||b|| 3.5721050291743599e-03
365 MLA ||r(i)||/||b|| 3.5544353827438261e-03
366 MLA ||r(i)||/||b|| 3.5369570135207655e-03
367 MLA ||r(i)||/||b|| 3.5196673532358401e-03
368 MLA ||r(i)||/||b|| 3.5025637117785226e-03
369 MLA ||r(i)||/||b|| 3.4856436518508685e-03
370 MLA ||r(i)||/||b|| 3.4689044031966051e-03
371 MLA ||r(i)||/||b|| 3.4523436689473989e-03
372 MLA ||r(i)||/||b|| 3.4359588279734322e-03
373 MLA ||r(i)||/||b|| 3.4197475900723836e-03
374 MLA ||r(i)||/||b|| 3.4037075602899539e-03
375 MLA ||r(i)||/||b|| 3.3878363529415748e-03
376 MLA ||r(i)||/||b|| 3.3721318501778426e-03
377 MLA ||r(i)||/||b|| 3.3565915741756262e-03
378 MLA ||r(i)||/||b|| 3.3412135881693296e-03
379 MLA ||r(i)||/||b|| 3.3259956755209348e-03
380 MLA ||r(i)||/||b|| 3.3109356464166473e-03
381 MLA ||r(i)||/||b|| 3.2960314424770802e-03
382 MLA ||r(i)||/||b|| 3.2812810080987587e-03
383 MLA ||r(i)||/||b|| 3.2666823574531391e-03
384 MLA ||r(i)||/||b|| 3.2522335251371605e-03
385 MLA ||r(i)||/||b|| 3.2379325915271708e-03
386 MLA ||r(i)||/||b|| 3.2237776112009255e-03
387 MLA ||r(i)||/||b|| 3.2097667768934664e-03
388 MLA ||r(i)||/||b|| 3.1958982208347879e-03
389 MLA ||r(i)||/||b|| 3.1821701088374827e-03
390 MLA ||r(i)||/||b|| 3.1685807106111557e-03
391 MLA ||r(i)||/||b|| 3.1551282406347626e-03
392 MLA ||r(i)||/||b|| 3.1418110739955254e-03
393 MLA ||r(i)||/||b|| 3.1286275079490224e-03
394 MLA ||r(i)||/||b|| 3.1155757309395734e-03
395 MLA ||r(i)||/||b|| 3.1026542821467233e-03
396 MLA ||r(i)||/||b|| 3.0898614232760910e-03
397 MLA ||r(i)||/||b|| 3.0771957030184976e-03
398 MLA ||r(i)||/||b|| 3.0646554232504550e-03
399 MLA ||r(i)||/||b|| 3.0522391219177810e-03
400 MLA ||r(i)||/||b|| 3.0399453167557849e-03
401 MLA ||r(i)||/||b|| 3.0277724636779322e-03
402 MLA ||r(i)||/||b|| 3.0157192257229959e-03
403 MLA ||r(i)||/||b|| 3.0037840516349218e-03
404 MLA ||r(i)||/||b|| 2.9919655281301226e-03
405 MLA ||r(i)||/||b|| 2.9802623095486545e-03
406 MLA ||r(i)||/||b|| 2.9686729665927372e-03
407 MLA ||r(i)||/||b|| 2.9571961930826458e-03
408 MLA ||r(i)||/||b|| 2.9458307099900572e-03
409 MLA ||r(i)||/||b|| 2.9345750446817002e-03
410 MLA ||r(i)||/||b|| 2.9234280023694909e-03
411 MLA ||r(i)||/||b|| 2.9123883706810129e-03
412 MLA ||r(i)||/||b|| 2.9014548517853869e-03
413 MLA ||r(i)||/||b|| 2.8906260779475545e-03
414 MLA ||r(i)||/||b|| 2.8799009322982446e-03
415 MLA ||r(i)||/||b|| 2.8692781871737581e-03
416 MLA ||r(i)||/||b|| 2.8587567249146631e-03
417 MLA ||r(i)||/||b|| 2.8483352247362166e-03
418 MLA ||r(i)||/||b|| 2.8380125985719403e-03
419 MLA ||r(i)||/||b|| 2.8277877731675244e-03
420 MLA ||r(i)||/||b|| 2.8176594943879990e-03
421 MLA ||r(i)||/||b|| 2.8076267820601195e-03
422 MLA ||r(i)||/||b|| 2.7976884465960557e-03
423 MLA ||r(i)||/||b|| 2.7878433896455297e-03
424 MLA ||r(i)||/||b|| 2.7780906042812253e-03
425 MLA ||r(i)||/||b|| 2.7684289924945521e-03
426 MLA ||r(i)||/||b|| 2.7588575268976821e-03
427 MLA ||r(i)||/||b|| 2.7493751921559462e-03
428 MLA ||r(i)||/||b|| 2.7399810016683315e-03
429 MLA ||r(i)||/||b|| 2.7306737860744311e-03
430 MLA ||r(i)||/||b|| 2.7214527467140275e-03
431 MLA ||r(i)||/||b|| 2.7123166868129522e-03
432 MLA ||r(i)||/||b|| 2.7032648605778702e-03
433 MLA ||r(i)||/||b|| 2.6942962142701651e-03
434 MLA ||r(i)||/||b|| 2.6854097731406033e-03
435 MLA ||r(i)||/||b|| 2.6766047229409180e-03
436 MLA ||r(i)||/||b|| 2.6678799885330438e-03
437 MLA ||r(i)||/||b|| 2.6592346742790665e-03
438 MLA ||r(i)||/||b|| 2.6506679168226224e-03
439 MLA ||r(i)||/||b|| 2.6421788392596403e-03
440 MLA ||r(i)||/||b|| 2.6337665414273817e-03
441 MLA ||r(i)||/||b|| 2.6254301349920750e-03
442 MLA ||r(i)||/||b|| 2.6171686907823038e-03
443 MLA ||r(i)||/||b|| 2.6089814381280770e-03
444 MLA ||r(i)||/||b|| 2.6008675574617163e-03
445 MLA ||r(i)||/||b|| 2.5928261772377738e-03
446 MLA ||r(i)||/||b|| 2.5848563840554523e-03
447 MLA ||r(i)||/||b|| 2.5769575365707630e-03
448 MLA ||r(i)||/||b|| 2.5691286457052271e-03
449 MLA ||r(i)||/||b|| 2.5613689917170362e-03
450 MLA ||r(i)||/||b|| 2.5536777518949502e-03
451 MLA ||r(i)||/||b|| 2.5460541668026171e-03
452 MLA ||r(i)||/||b|| 2.5384975077805952e-03
453 MLA ||r(i)||/||b|| 2.5310068431646112e-03
454 MLA ||r(i)||/||b|| 2.5235816007649851e-03
455 MLA ||r(i)||/||b|| 2.5162209483193744e-03
456 MLA ||r(i)||/||b|| 2.5089240683062023e-03
457 MLA ||r(i)||/||b|| 2.5016903370474069e-03
458 MLA ||r(i)||/||b|| 2.4945188904921768e-03
459 MLA ||r(i)||/||b|| 2.4874091128362394e-03
460 MLA ||r(i)||/||b|| 2.4803603203951406e-03
461 MLA ||r(i)||/||b|| 2.4733716983672172e-03
462 MLA ||r(i)||/||b|| 2.4664426583362845e-03
463 MLA ||r(i)||/||b|| 2.4595724355371967e-03
464 MLA ||r(i)||/||b|| 2.4527603309462578e-03
465 MLA ||r(i)||/||b|| 2.4460057049634156e-03
466 MLA ||r(i)||/||b|| 2.4393077873875514e-03
467 MLA ||r(i)||/||b|| 2.4326659529770459e-03
468 MLA ||r(i)||/||b|| 2.4260795896846070e-03
469 MLA ||r(i)||/||b|| 2.4195480127228615e-03
470 MLA ||r(i)||/||b|| 2.4130706117359894e-03
471 MLA ||r(i)||/||b|| 2.4066467182411412e-03
472 MLA ||r(i)||/||b|| 2.4002756851242983e-03
473 MLA ||r(i)||/||b|| 2.3939568594410171e-03
474 MLA ||r(i)||/||b|| 2.3876896371558751e-03
475 MLA ||r(i)||/||b|| 2.3814734371089205e-03
476 MLA ||r(i)||/||b|| 2.3753076844920439e-03
477 MLA ||r(i)||/||b|| 2.3691916114265011e-03
478 MLA ||r(i)||/||b|| 2.3631247722185542e-03
479 MLA ||r(i)||/||b|| 2.3571065697577383e-03
480 MLA ||r(i)||/||b|| 2.3511362873273613e-03
481 MLA ||r(i)||/||b|| 2.3452134180039232e-03
482 MLA ||r(i)||/||b|| 2.3393374040559761e-03
483 MLA ||r(i)||/||b|| 2.3335076713444929e-03
484 MLA ||r(i)||/||b|| 2.3277236288429190e-03
485 MLA ||r(i)||/||b|| 2.3219847619144634e-03
486 MLA ||r(i)||/||b|| 2.3162904840007843e-03
487 MLA ||r(i)||/||b|| 2.3106402945969233e-03
488 MLA ||r(i)||/||b|| 2.3050336705537143e-03
489 MLA ||r(i)||/||b|| 2.2994698679717745e-03
490 MLA ||r(i)||/||b|| 2.2939485844895450e-03
491 MLA ||r(i)||/||b|| 2.2884691601891506e-03
492 MLA ||r(i)||/||b|| 2.2830311808594485e-03
493 MLA ||r(i)||/||b|| 2.2776340826407655e-03
494 MLA ||r(i)||/||b|| 2.2722773081168138e-03
495 MLA ||r(i)||/||b|| 2.2669604256046610e-03
496 MLA ||r(i)||/||b|| 2.2616828121999485e-03
497 MLA ||r(i)||/||b|| 2.2564441493940915e-03
498 MLA ||r(i)||/||b|| 2.2512438550006558e-03
499 MLA ||r(i)||/||b|| 2.2460813673380359e-03
500 MLA ||r(i)||/||b|| 2.2409563910752287e-03
501 MLA ||r(i)||/||b|| 2.2358683244218082e-03
502 MLA ||r(i)||/||b|| 2.2308168021948965e-03
503 MLA ||r(i)||/||b|| 2.2258011256737161e-03
504 MLA ||r(i)||/||b|| 2.2208210917447897e-03
505 MLA ||r(i)||/||b|| 2.2158761306061447e-03
506 MLA ||r(i)||/||b|| 2.2109658093142298e-03
507 MLA ||r(i)||/||b|| 2.2060896305576417e-03
508 MLA ||r(i)||/||b|| 2.2012471885199652e-03
509 MLA ||r(i)||/||b|| 2.1964380544057778e-03
510 MLA ||r(i)||/||b|| 2.1916618648440103e-03
511 MLA ||r(i)||/||b|| 2.1869181281643289e-03
512 MLA ||r(i)||/||b|| 2.1822063121340355e-03
513 MLA ||r(i)||/||b|| 2.1775261921387185e-03
514 MLA ||r(i)||/||b|| 2.1728772487494157e-03
515 MLA ||r(i)||/||b|| 2.1682591134714758e-03
516 MLA ||r(i)||/||b|| 2.1636713972329833e-03
517 MLA ||r(i)||/||b|| 2.1591136655630880e-03
518 MLA ||r(i)||/||b|| 2.1545854591492968e-03
519 MLA ||r(i)||/||b|| 2.1500864489908023e-03
520 MLA ||r(i)||/||b|| 2.1456162361141316e-03
521 MLA ||r(i)||/||b|| 2.1411744606035852e-03
522 MLA ||r(i)||/||b|| 2.1367607761018656e-03
523 MLA ||r(i)||/||b|| 2.1323747482233616e-03
524 MLA ||r(i)||/||b|| 2.1280160929684627e-03
525 MLA ||r(i)||/||b|| 2.1236842951846552e-03
526 MLA ||r(i)||/||b|| 2.1193791081838354e-03
527 MLA ||r(i)||/||b|| 2.1151001624989652e-03
528 MLA ||r(i)||/||b|| 2.1108470573070657e-03
529 MLA ||r(i)||/||b|| 2.1066194992651588e-03
530 MLA ||r(i)||/||b|| 2.1024171016411283e-03
531 MLA ||r(i)||/||b|| 2.0982395322730902e-03
532 MLA ||r(i)||/||b|| 2.0940864672363483e-03
533 MLA ||r(i)||/||b|| 2.0899576131082650e-03
534 MLA ||r(i)||/||b|| 2.0858525845951627e-03
535 MLA ||r(i)||/||b|| 2.0817710670674614e-03
536 MLA ||r(i)||/||b|| 2.0777127040556365e-03
537 MLA ||r(i)||/||b|| 2.0736772963630586e-03
538 MLA ||r(i)||/||b|| 2.0696643739138709e-03
539 MLA ||r(i)||/||b|| 2.0656737756695135e-03
540 MLA ||r(i)||/||b|| 2.0617051645914243e-03
541 MLA ||r(i)||/||b|| 2.0577580804405768e-03
542 MLA ||r(i)||/||b|| 2.0538323682344289e-03
543 MLA ||r(i)||/||b|| 2.0499278130841556e-03
544 MLA ||r(i)||/||b|| 2.0460439730587239e-03
545 MLA ||r(i)||/||b|| 2.0421806296487483e-03
546 MLA ||r(i)||/||b|| 2.0383374673240496e-03
547 MLA ||r(i)||/||b|| 2.0345141759694793e-03
548 MLA ||r(i)||/||b|| 2.0307105902955145e-03
549 MLA ||r(i)||/||b|| 2.0269263514565519e-03
550 MLA ||r(i)||/||b|| 2.0231611763751062e-03
551 MLA ||r(i)||/||b|| 2.0194148405368005e-03
552 MLA ||r(i)||/||b|| 2.0156870707192243e-03
553 MLA ||r(i)||/||b|| 2.0119775821208085e-03
554 MLA ||r(i)||/||b|| 2.0082862752621197e-03
555 MLA ||r(i)||/||b|| 2.0046126985412390e-03
556 MLA ||r(i)||/||b|| 2.0009566917157345e-03
557 MLA ||r(i)||/||b|| 1.9973180386517069e-03
558 MLA ||r(i)||/||b|| 1.9936964257947780e-03
559 MLA ||r(i)||/||b|| 1.9900916197559820e-03
560 MLA ||r(i)||/||b|| 1.9865034475269137e-03
561 MLA ||r(i)||/||b|| 1.9829316223996560e-03
562 MLA ||r(i)||/||b|| 1.9793759155853278e-03
563 MLA ||r(i)||/||b|| 1.9758360660464226e-03
564 MLA ||r(i)||/||b|| 1.9723119120179226e-03
565 MLA ||r(i)||/||b|| 1.9688032327518298e-03
566 MLA ||r(i)||/||b|| 1.9653098149223190e-03
567 MLA ||r(i)||/||b|| 1.9618314516139986e-03
568 MLA ||r(i)||/||b|| 1.9583679034125986e-03
569 MLA ||r(i)||/||b|| 1.9549190086330919e-03
570 MLA ||r(i)||/||b|| 1.9514844778336894e-03
571 MLA ||r(i)||/||b|| 1.9480641869915850e-03
572 MLA ||r(i)||/||b|| 1.9446578461464611e-03
573 MLA ||r(i)||/||b|| 1.9412653781342843e-03
574 MLA ||r(i)||/||b|| 1.9378864944701235e-03
575 MLA ||r(i)||/||b|| 1.9345210632651319e-03
576 MLA ||r(i)||/||b|| 1.9311688928958957e-03
577 MLA ||r(i)||/||b|| 1.9278297340278886e-03
578 MLA ||r(i)||/||b|| 1.9245034095569154e-03
579 MLA ||r(i)||/||b|| 1.9211898282624291e-03
580 MLA ||r(i)||/||b|| 1.9178887507074634e-03
581 MLA ||r(i)||/||b|| 1.9146000141963752e-03
582 MLA ||r(i)||/||b|| 1.9113235292288057e-03
583 MLA ||r(i)||/||b|| 1.9080589502061939e-03
584 MLA ||r(i)||/||b|| 1.9048062969269815e-03
585 MLA ||r(i)||/||b|| 1.9015653127249419e-03
586 MLA ||r(i)||/||b|| 1.8983357786999061e-03
587 MLA ||r(i)||/||b|| 1.8951175282555534e-03
588 MLA ||r(i)||/||b|| 1.8919105522351243e-03
589 MLA ||r(i)||/||b|| 1.8887145589250001e-03
590 MLA ||r(i)||/||b|| 1.8855294411471821e-03
591 MLA ||r(i)||/||b|| 1.8823550786135909e-03
592 MLA ||r(i)||/||b|| 1.8791913233662586e-03
593 MLA ||r(i)||/||b|| 1.8760380640740020e-03
594 MLA ||r(i)||/||b|| 1.8728950242786848e-03
595 MLA ||r(i)||/||b|| 1.8697621986141183e-03
596 MLA ||r(i)||/||b|| 1.8666393674125691e-03
597 MLA ||r(i)||/||b|| 1.8635264266169331e-03
598 MLA ||r(i)||/||b|| 1.8604231605997910e-03
599 MLA ||r(i)||/||b|| 1.8573295907623833e-03
600 MLA ||r(i)||/||b|| 1.8542454992866917e-03
601 MLA ||r(i)||/||b|| 1.8511708199026203e-03
602 MLA ||r(i)||/||b|| 1.8481053775252078e-03
603 MLA ||r(i)||/||b|| 1.8450490281656548e-03
604 MLA ||r(i)||/||b|| 1.8420016597205532e-03
605 MLA ||r(i)||/||b|| 1.8389632010408338e-03
606 MLA ||r(i)||/||b|| 1.8359334098626053e-03
607 MLA ||r(i)||/||b|| 1.8329123674570528e-03
608 MLA ||r(i)||/||b|| 1.8298997559101314e-03
609 MLA ||r(i)||/||b|| 1.8268956151323529e-03
610 MLA ||r(i)||/||b|| 1.8238997543106915e-03
611 MLA ||r(i)||/||b|| 1.8209120959751704e-03
612 MLA ||r(i)||/||b|| 1.8179325858751546e-03
613 MLA ||r(i)||/||b|| 1.8149609901443706e-03
614 MLA ||r(i)||/||b|| 1.8119972705244454e-03
615 MLA ||r(i)||/||b|| 1.8090414036817572e-03
616 MLA ||r(i)||/||b|| 1.8060932318841819e-03
617 MLA ||r(i)||/||b|| 1.8031525916205773e-03
618 MLA ||r(i)||/||b|| 1.8002194930407450e-03
619 MLA ||r(i)||/||b|| 1.7972937630933556e-03
620 MLA ||r(i)||/||b|| 1.7943753537187049e-03
621 MLA ||r(i)||/||b|| 1.7914641674587868e-03
622 MLA ||r(i)||/||b|| 1.7885601677440012e-03
623 MLA ||r(i)||/||b|| 1.7856631463761172e-03
624 MLA ||r(i)||/||b|| 1.7827731226876962e-03
625 MLA ||r(i)||/||b|| 1.7798899584920446e-03
626 MLA ||r(i)||/||b|| 1.7770135732727158e-03
627 MLA ||r(i)||/||b|| 1.7741438549542079e-03
628 MLA ||r(i)||/||b|| 1.7712807932301041e-03
629 MLA ||r(i)||/||b|| 1.7684243676407709e-03
630 MLA ||r(i)||/||b|| 1.7655743248444998e-03
631 MLA ||r(i)||/||b|| 1.7627307340079604e-03
632 MLA ||r(i)||/||b|| 1.7598935172780938e-03
633 MLA ||r(i)||/||b|| 1.7570624745919861e-03
634 MLA ||r(i)||/||b|| 1.7542376152937813e-03
635 MLA ||r(i)||/||b|| 1.7514189192633226e-03
636 MLA ||r(i)||/||b|| 1.7486062102817944e-03
637 MLA ||r(i)||/||b|| 1.7457995145061852e-03
638 MLA ||r(i)||/||b|| 1.7429987813128468e-03
639 MLA ||r(i)||/||b|| 1.7402037470122486e-03
640 MLA ||r(i)||/||b|| 1.7374145957271931e-03
641 MLA ||r(i)||/||b|| 1.7346311506090794e-03
642 MLA ||r(i)||/||b|| 1.7318534076323734e-03
643 MLA ||r(i)||/||b|| 1.7290813369567842e-03
644 MLA ||r(i)||/||b|| 1.7263146892810654e-03
645 MLA ||r(i)||/||b|| 1.7235535795210347e-03
646 MLA ||r(i)||/||b|| 1.7207979269342360e-03
647 MLA ||r(i)||/||b|| 1.7180475868019095e-03
648 MLA ||r(i)||/||b|| 1.7153025630245731e-03
649 MLA ||r(i)||/||b|| 1.7125628387856130e-03
650 MLA ||r(i)||/||b|| 1.7098282857222480e-03
651 MLA ||r(i)||/||b|| 1.7070989420424306e-03
652 MLA ||r(i)||/||b|| 1.7043747551682240e-03
653 MLA ||r(i)||/||b|| 1.7016556772973849e-03
654 MLA ||r(i)||/||b|| 1.6989415989259930e-03
655 MLA ||r(i)||/||b|| 1.6962324578794418e-03
656 MLA ||r(i)||/||b|| 1.6935282494018801e-03
657 MLA ||r(i)||/||b|| 1.6908289151883105e-03
658 MLA ||r(i)||/||b|| 1.6881344753759740e-03
659 MLA ||r(i)||/||b|| 1.6854448325078393e-03
660 MLA ||r(i)||/||b|| 1.6827599337432232e-03
661 MLA ||r(i)||/||b|| 1.6800797069681946e-03
662 MLA ||r(i)||/||b|| 1.6774042205872117e-03
663 MLA ||r(i)||/||b|| 1.6747332774455781e-03
664 MLA ||r(i)||/||b|| 1.6720670553492358e-03
665 MLA ||r(i)||/||b|| 1.6694053676014650e-03
666 MLA ||r(i)||/||b|| 1.6667482210625656e-03
667 MLA ||r(i)||/||b|| 1.6640955810455246e-03
668 MLA ||r(i)||/||b|| 1.6614473229878714e-03
669 MLA ||r(i)||/||b|| 1.6588035035919435e-03
670 MLA ||r(i)||/||b|| 1.6561641197731043e-03
671 MLA ||r(i)||/||b|| 1.6535290467188223e-03
672 MLA ||r(i)||/||b|| 1.6508983706958694e-03
673 MLA ||r(i)||/||b|| 1.6482719166345939e-03
674 MLA ||r(i)||/||b|| 1.6456497955800566e-03
675 MLA ||r(i)||/||b|| 1.6430318876090040e-03
676 MLA ||r(i)||/||b|| 1.6404181336456809e-03
677 MLA ||r(i)||/||b|| 1.6378086378145207e-03
678 MLA ||r(i)||/||b|| 1.6352032851288485e-03
679 MLA ||r(i)||/||b|| 1.6326020213682112e-03
680 MLA ||r(i)||/||b|| 1.6300047979039599e-03
681 MLA ||r(i)||/||b|| 1.6274117848756571e-03
682 MLA ||r(i)||/||b|| 1.6248226731089351e-03
683 MLA ||r(i)||/||b|| 1.6222376273895736e-03
684 MLA ||r(i)||/||b|| 1.6196566408123376e-03
685 MLA ||r(i)||/||b|| 1.6170796052107810e-03
686 MLA ||r(i)||/||b|| 1.6145065571135022e-03
687 MLA ||r(i)||/||b|| 1.6119374344911296e-03
688 MLA ||r(i)||/||b|| 1.6093721698403598e-03
689 MLA ||r(i)||/||b|| 1.6068108271335736e-03
690 MLA ||r(i)||/||b|| 1.6042533859238499e-03
691 MLA ||r(i)||/||b|| 1.6016997132386598e-03
692 MLA ||r(i)||/||b|| 1.5991498965961821e-03
693 MLA ||r(i)||/||b|| 1.5966038555726004e-03
694 MLA ||r(i)||/||b|| 1.5940616548855181e-03
695 MLA ||r(i)||/||b|| 1.5915232500138719e-03
696 MLA ||r(i)||/||b|| 1.5889886258156651e-03
697 MLA ||r(i)||/||b|| 1.5864577079745057e-03
698 MLA ||r(i)||/||b|| 1.5839305437083272e-03
699 MLA ||r(i)||/||b|| 1.5814071037734666e-03
700 MLA ||r(i)||/||b|| 1.5788872759448971e-03
701 MLA ||r(i)||/||b|| 1.5763711810622210e-03
702 MLA ||r(i)||/||b|| 1.5738588263604113e-03
703 MLA ||r(i)||/||b|| 1.5713500320265888e-03
704 MLA ||r(i)||/||b|| 1.5688448373404403e-03
705 MLA ||r(i)||/||b|| 1.5663433094280864e-03
706 MLA ||r(i)||/||b|| 1.5638453399645202e-03
707 MLA ||r(i)||/||b|| 1.5613510805289651e-03
708 MLA ||r(i)||/||b|| 1.5588603287810035e-03
709 MLA ||r(i)||/||b|| 1.5563732228536600e-03
710 MLA ||r(i)||/||b|| 1.5538896767024260e-03
711 MLA ||r(i)||/||b|| 1.5514096474521218e-03
712 MLA ||r(i)||/||b|| 1.5489331794980709e-03
713 MLA ||r(i)||/||b|| 1.5464602145018572e-03
714 MLA ||r(i)||/||b|| 1.5439908226479518e-03
715 MLA ||r(i)||/||b|| 1.5415249114866430e-03
716 MLA ||r(i)||/||b|| 1.5390625423835056e-03
717 MLA ||r(i)||/||b|| 1.5366036560042512e-03
718 MLA ||r(i)||/||b|| 1.5341481797960963e-03
719 MLA ||r(i)||/||b|| 1.5316962300578442e-03
720 MLA ||r(i)||/||b|| 1.5292477677094679e-03
721 MLA ||r(i)||/||b|| 1.5268027687400495e-03
722 MLA ||r(i)||/||b|| 1.5243611381902530e-03
723 MLA ||r(i)||/||b|| 1.5219229969354706e-03
724 MLA ||r(i)||/||b|| 1.5194883314413393e-03
725 MLA ||r(i)||/||b|| 1.5170570661934629e-03
726 MLA ||r(i)||/||b|| 1.5146293084436755e-03
727 MLA ||r(i)||/||b|| 1.5122049241396332e-03
728 MLA ||r(i)||/||b|| 1.5097838929706881e-03
729 MLA ||r(i)||/||b|| 1.5073662806709123e-03
730 MLA ||r(i)||/||b|| 1.5049521541749212e-03
731 MLA ||r(i)||/||b|| 1.5025413762180095e-03
732 MLA ||r(i)||/||b|| 1.5001339493529971e-03
733 MLA ||r(i)||/||b|| 1.4977299190504156e-03
734 MLA ||r(i)||/||b|| 1.4953293368543587e-03
735 MLA ||r(i)||/||b|| 1.4929320181661352e-03
736 MLA ||r(i)||/||b|| 1.4905381271627164e-03
737 MLA ||r(i)||/||b|| 1.4881476473545400e-03
738 MLA ||r(i)||/||b|| 1.4857605035796565e-03
739 MLA ||r(i)||/||b|| 1.4833767414623479e-03
740 MLA ||r(i)||/||b|| 1.4809963753442067e-03
741 MLA ||r(i)||/||b|| 1.4786192922045631e-03
742 MLA ||r(i)||/||b|| 1.4762455955322704e-03
743 MLA ||r(i)||/||b|| 1.4738752348500252e-03
744 MLA ||r(i)||/||b|| 1.4715082126672949e-03
745 MLA ||r(i)||/||b|| 1.4691446269025916e-03
746 MLA ||r(i)||/||b|| 1.4667841959696731e-03
747 MLA ||r(i)||/||b|| 1.4644272047834145e-03
748 MLA ||r(i)||/||b|| 1.4620735730865287e-03
749 MLA ||r(i)||/||b|| 1.4597231766521911e-03
750 MLA ||r(i)||/||b|| 1.4573762178301513e-03
751 MLA ||r(i)||/||b|| 1.4550325158097378e-03
752 MLA ||r(i)||/||b|| 1.4526921501514609e-03
753 MLA ||r(i)||/||b|| 1.4503550635900397e-03
754 MLA ||r(i)||/||b|| 1.4480213710866740e-03
755 MLA ||r(i)||/||b|| 1.4456910242940278e-03
756 MLA ||r(i)||/||b|| 1.4433639530487946e-03
757 MLA ||r(i)||/||b|| 1.4410402341805647e-03
758 MLA ||r(i)||/||b|| 1.4387198053010348e-03
759 MLA ||r(i)||/||b|| 1.4364027015409027e-03
760 MLA ||r(i)||/||b|| 1.4340888919684251e-03
761 MLA ||r(i)||/||b|| 1.4317783698747626e-03
762 MLA ||r(i)||/||b|| 1.4294712224506908e-03
763 MLA ||r(i)||/||b|| 1.4271673475856053e-03
764 MLA ||r(i)||/||b|| 1.4248668486488891e-03
765 MLA ||r(i)||/||b|| 1.4225696155792617e-03
766 MLA ||r(i)||/||b|| 1.4202757335940229e-03
767 MLA ||r(i)||/||b|| 1.4179851234088349e-03
768 MLA ||r(i)||/||b|| 1.4156978215870508e-03
769 MLA ||r(i)||/||b|| 1.4134137993198712e-03
770 MLA ||r(i)||/||b|| 1.4111331173549163e-03
771 MLA ||r(i)||/||b|| 1.4088557957385153e-03
772 MLA ||r(i)||/||b|| 1.4065816873300564e-03
773 MLA ||r(i)||/||b|| 1.4043109748245299e-03
774 MLA ||r(i)||/||b|| 1.4020435596142501e-03
775 MLA ||r(i)||/||b|| 1.3997794754459275e-03
776 MLA ||r(i)||/||b|| 1.3975186903007271e-03
777 MLA ||r(i)||/||b|| 1.3952611951079804e-03
778 MLA ||r(i)||/||b|| 1.3930070223024901e-03
779 MLA ||r(i)||/||b|| 1.3907561451089988e-03
780 MLA ||r(i)||/||b|| 1.3885085696375499e-03
781 MLA ||r(i)||/||b|| 1.3862643137510415e-03
782 MLA ||r(i)||/||b|| 1.3840233202693174e-03
783 MLA ||r(i)||/||b|| 1.3817857052486344e-03
784 MLA ||r(i)||/||b|| 1.3795513610852124e-03
785 MLA ||r(i)||/||b|| 1.3773203728719775e-03
786 MLA ||r(i)||/||b|| 1.3750926783035015e-03
787 MLA ||r(i)||/||b|| 1.3728683384025748e-03
788 MLA ||r(i)||/||b|| 1.3706472493667089e-03
789 MLA ||r(i)||/||b|| 1.3684295478325421e-03
790 MLA ||r(i)||/||b|| 1.3662151291842064e-03
791 MLA ||r(i)||/||b|| 1.3640039953306735e-03
792 MLA ||r(i)||/||b|| 1.3617962272435152e-03
793 MLA ||r(i)||/||b|| 1.3595917378645206e-03
794 MLA ||r(i)||/||b|| 1.3573906093536530e-03
795 MLA ||r(i)||/||b|| 1.3551927391471591e-03
796 MLA ||r(i)||/||b|| 1.3529982677945110e-03
797 MLA ||r(i)||/||b|| 1.3508070761464740e-03
798 MLA ||r(i)||/||b|| 1.3486192100710462e-03
799 MLA ||r(i)||/||b|| 1.3464346396868370e-03
800 MLA ||r(i)||/||b|| 1.3442534639297541e-03
801 MLA ||r(i)||/||b|| 1.3420755352358319e-03
802 MLA ||r(i)||/||b|| 1.3399009115234427e-03
803 MLA ||r(i)||/||b|| 1.3377296376873224e-03
804 MLA ||r(i)||/||b|| 1.3355616825989230e-03
805 MLA ||r(i)||/||b|| 1.3333971337741047e-03
806 MLA ||r(i)||/||b|| 1.3312358699298209e-03
807 MLA ||r(i)||/||b|| 1.3290779527645837e-03
808 MLA ||r(i)||/||b|| 1.3269233042915766e-03
809 MLA ||r(i)||/||b|| 1.3247720687525459e-03
810 MLA ||r(i)||/||b|| 1.3226241447441001e-03
811 MLA ||r(i)||/||b|| 1.3204794657568557e-03
812 MLA ||r(i)||/||b|| 1.3183381560409586e-03
813 MLA ||r(i)||/||b|| 1.3162002514902414e-03
814 MLA ||r(i)||/||b|| 1.3140656098715631e-03
815 MLA ||r(i)||/||b|| 1.3119343256226058e-03
816 MLA ||r(i)||/||b|| 1.3098063461170007e-03
817 MLA ||r(i)||/||b|| 1.3076817172308591e-03
818 MLA ||r(i)||/||b|| 1.3055604602672558e-03
819 MLA ||r(i)||/||b|| 1.3034424314096028e-03
820 MLA ||r(i)||/||b|| 1.3013278301857393e-03
821 MLA ||r(i)||/||b|| 1.2992165581496738e-03
822 MLA ||r(i)||/||b|| 1.2971086364960806e-03
823 MLA ||r(i)||/||b|| 1.2950040121567431e-03
824 MLA ||r(i)||/||b|| 1.2929027358374531e-03
825 MLA ||r(i)||/||b|| 1.2908048327208643e-03
826 MLA ||r(i)||/||b|| 1.2887102661032950e-03
827 MLA ||r(i)||/||b|| 1.2866189716202201e-03
828 MLA ||r(i)||/||b|| 1.2845310373505159e-03
829 MLA ||r(i)||/||b|| 1.2824464987753019e-03
830 MLA ||r(i)||/||b|| 1.2803652803060235e-03
831 MLA ||r(i)||/||b|| 1.2782873724101517e-03
832 MLA ||r(i)||/||b|| 1.2762128599075699e-03
833 MLA ||r(i)||/||b|| 1.2741416975795095e-03
834 MLA ||r(i)||/||b|| 1.2720738374346837e-03
835 MLA ||r(i)||/||b|| 1.2700092923455513e-03
836 MLA ||r(i)||/||b|| 1.2679480655229647e-03
837 MLA ||r(i)||/||b|| 1.2658903117087653e-03
838 MLA ||r(i)||/||b|| 1.2638357869762282e-03
839 MLA ||r(i)||/||b|| 1.2617846162311323e-03
840 MLA ||r(i)||/||b|| 1.2597368611338086e-03
841 MLA ||r(i)||/||b|| 1.2576923692442759e-03
842 MLA ||r(i)||/||b|| 1.2556512202192033e-03
843 MLA ||r(i)||/||b|| 1.2536134807208869e-03
844 MLA ||r(i)||/||b|| 1.2515790242223043e-03
845 MLA ||r(i)||/||b|| 1.2495479119407277e-03
846 MLA ||r(i)||/||b|| 1.2475201537104311e-03
847 MLA ||r(i)||/||b|| 1.2454957059724709e-03
848 MLA ||r(i)||/||b|| 1.2434746822073647e-03
849 MLA ||r(i)||/||b|| 1.2414568855223529e-03
850 MLA ||r(i)||/||b|| 1.2394425388640702e-03
851 MLA ||r(i)||/||b|| 1.2374315153277815e-03
852 MLA ||r(i)||/||b|| 1.2354238019998110e-03
853 MLA ||r(i)||/||b|| 1.2334194243482559e-03
854 MLA ||r(i)||/||b|| 1.2314184107193363e-03
855 MLA ||r(i)||/||b|| 1.2294207111824993e-03
856 MLA ||r(i)||/||b|| 1.2274264152536589e-03
857 MLA ||r(i)||/||b|| 1.2254354233204076e-03
858 MLA ||r(i)||/||b|| 1.2234477375764282e-03
859 MLA ||r(i)||/||b|| 1.2214634213481694e-03
860 MLA ||r(i)||/||b|| 1.2194823972228816e-03
861 MLA ||r(i)||/||b|| 1.2175047860019323e-03
862 MLA ||r(i)||/||b|| 1.2155304427914283e-03
863 MLA ||r(i)||/||b|| 1.2135594510289938e-03
864 MLA ||r(i)||/||b|| 1.2115917948235650e-03
865 MLA ||r(i)||/||b|| 1.2096274455647891e-03
866 MLA ||r(i)||/||b|| 1.2076665175148570e-03
867 MLA ||r(i)||/||b|| 1.2057088341842122e-03
868 MLA ||r(i)||/||b|| 1.2037544671331768e-03
869 MLA ||r(i)||/||b|| 1.2018034435526325e-03
870 MLA ||r(i)||/||b|| 1.1998558208717240e-03
871 MLA ||r(i)||/||b|| 1.1979114910373599e-03
872 MLA ||r(i)||/||b|| 1.1959704956124131e-03
873 MLA ||r(i)||/||b|| 1.1940328109604160e-03
874 MLA ||r(i)||/||b|| 1.1920984245748845e-03
875 MLA ||r(i)||/||b|| 1.1901674316835234e-03
876 MLA ||r(i)||/||b|| 1.1882397217414138e-03
877 MLA ||r(i)||/||b|| 1.1863153710844902e-03
878 MLA ||r(i)||/||b|| 1.1843942773408984e-03
879 MLA ||r(i)||/||b|| 1.1824765522977013e-03
880 MLA ||r(i)||/||b|| 1.1805620694272745e-03
881 MLA ||r(i)||/||b|| 1.1786509342122176e-03
882 MLA ||r(i)||/||b|| 1.1767431351980137e-03
883 MLA ||r(i)||/||b|| 1.1748386441861952e-03
884 MLA ||r(i)||/||b|| 1.1729374678186295e-03
885 MLA ||r(i)||/||b|| 1.1710396681072158e-03
886 MLA ||r(i)||/||b|| 1.1691450950493251e-03
887 MLA ||r(i)||/||b|| 1.1672538335409305e-03
888 MLA ||r(i)||/||b|| 1.1653658915580778e-03
889 MLA ||r(i)||/||b|| 1.1634812396850718e-03
890 MLA ||r(i)||/||b|| 1.1615999800501649e-03
891 MLA ||r(i)||/||b|| 1.1597219187962228e-03
892 MLA ||r(i)||/||b|| 1.1578471950638145e-03
893 MLA ||r(i)||/||b|| 1.1559757033014861e-03
894 MLA ||r(i)||/||b|| 1.1541075718281525e-03
895 MLA ||r(i)||/||b|| 1.1522427265842398e-03
896 MLA ||r(i)||/||b|| 1.1503812318145149e-03
897 MLA ||r(i)||/||b|| 1.1485229275859457e-03
898 MLA ||r(i)||/||b|| 1.1466679702903048e-03
899 MLA ||r(i)||/||b|| 1.1448162707388746e-03
900 MLA ||r(i)||/||b|| 1.1429678787396255e-03
901 MLA ||r(i)||/||b|| 1.1411227365544785e-03
902 MLA ||r(i)||/||b|| 1.1392809192220057e-03
903 MLA ||r(i)||/||b|| 1.1374423215546787e-03
904 MLA ||r(i)||/||b|| 1.1356070444703025e-03
905 MLA ||r(i)||/||b|| 1.1337750803064501e-03
906 MLA ||r(i)||/||b|| 1.1319462988349069e-03
907 MLA ||r(i)||/||b|| 1.1301208799455002e-03
908 MLA ||r(i)||/||b|| 1.1282985925278233e-03
909 MLA ||r(i)||/||b|| 1.1264797075863362e-03
910 MLA ||r(i)||/||b|| 1.1246640092325592e-03
911 MLA ||r(i)||/||b|| 1.1228516355316785e-03
912 MLA ||r(i)||/||b|| 1.1210424915571930e-03
913 MLA ||r(i)||/||b|| 1.1192366059972511e-03
914 MLA ||r(i)||/||b|| 1.1174339387002401e-03
915 MLA ||r(i)||/||b|| 1.1156345130261278e-03
916 MLA ||r(i)||/||b|| 1.1138383158717370e-03
917 MLA ||r(i)||/||b|| 1.1120454906938565e-03
918 MLA ||r(i)||/||b|| 1.1102558477488456e-03
919 MLA ||r(i)||/||b|| 1.1084694000581283e-03
920 MLA ||r(i)||/||b|| 1.1066862274585179e-03
921 MLA ||r(i)||/||b|| 1.1049062956654497e-03
922 MLA ||r(i)||/||b|| 1.1031295773045347e-03
923 MLA ||r(i)||/||b|| 1.1013560840960111e-03
924 MLA ||r(i)||/||b|| 1.0995858453518566e-03
925 MLA ||r(i)||/||b|| 1.0978187995502968e-03
926 MLA ||r(i)||/||b|| 1.0960549749766814e-03
927 MLA ||r(i)||/||b|| 1.0942944938448229e-03
928 MLA ||r(i)||/||b|| 1.0925371293226459e-03
929 MLA ||r(i)||/||b|| 1.0907829564094781e-03
930 MLA ||r(i)||/||b|| 1.0890320331270785e-03
931 MLA ||r(i)||/||b|| 1.0872842895271906e-03
932 MLA ||r(i)||/||b|| 1.0855397483075834e-03
933 MLA ||r(i)||/||b|| 1.0837983871474855e-03
934 MLA ||r(i)||/||b|| 1.0820602749750006e-03
935 MLA ||r(i)||/||b|| 1.0803253714578211e-03
936 MLA ||r(i)||/||b|| 1.0785936370911176e-03
937 MLA ||r(i)||/||b|| 1.0768650703645737e-03
938 MLA ||r(i)||/||b|| 1.0751397042242450e-03
939 MLA ||r(i)||/||b|| 1.0734175248802850e-03
940 MLA ||r(i)||/||b|| 1.0716986164813458e-03
941 MLA ||r(i)||/||b|| 1.0699827367319492e-03
942 MLA ||r(i)||/||b|| 1.0682700910501267e-03
943 MLA ||r(i)||/||b|| 1.0665606320186033e-03
944 MLA ||r(i)||/||b|| 1.0648543124902210e-03
945 MLA ||r(i)||/||b|| 1.0631511897357811e-03
946 MLA ||r(i)||/||b|| 1.0614511697290801e-03
947 MLA ||r(i)||/||b|| 1.0597543765162357e-03
948 MLA ||r(i)||/||b|| 1.0580606844504449e-03
949 MLA ||r(i)||/||b|| 1.0563701960628446e-03
950 MLA ||r(i)||/||b|| 1.0546828168192276e-03
951 MLA ||r(i)||/||b|| 1.0529985482315297e-03
952 MLA ||r(i)||/||b|| 1.0513174633804750e-03
953 MLA ||r(i)||/||b|| 1.0496395281860294e-03
954 MLA ||r(i)||/||b|| 1.0479647377665559e-03
955 MLA ||r(i)||/||b|| 1.0462930503427788e-03
956 MLA ||r(i)||/||b|| 1.0446244940740764e-03
957 MLA ||r(i)||/||b|| 1.0429590321829872e-03
958 MLA ||r(i)||/||b|| 1.0412967271248915e-03
959 MLA ||r(i)||/||b|| 1.0396374947254376e-03
960 MLA ||r(i)||/||b|| 1.0379814434492126e-03
961 MLA ||r(i)||/||b|| 1.0363285098230748e-03
962 MLA ||r(i)||/||b|| 1.0346786589275237e-03
963 MLA ||r(i)||/||b|| 1.0330318564233055e-03
964 MLA ||r(i)||/||b|| 1.0313881826240858e-03
965 MLA ||r(i)||/||b|| 1.0297476399090376e-03
966 MLA ||r(i)||/||b|| 1.0281101473156326e-03
967 MLA ||r(i)||/||b|| 1.0264757782961114e-03
968 MLA ||r(i)||/||b|| 1.0248444733345192e-03
969 MLA ||r(i)||/||b|| 1.0232162246022216e-03
970 MLA ||r(i)||/||b|| 1.0215910450206756e-03
971 MLA ||r(i)||/||b|| 1.0199689762268233e-03
972 MLA ||r(i)||/||b|| 1.0183499592287659e-03
973 MLA ||r(i)||/||b|| 1.0167340061984931e-03
974 MLA ||r(i)||/||b|| 1.0151211889825235e-03
975 MLA ||r(i)||/||b|| 1.0135112941727555e-03
976 MLA ||r(i)||/||b|| 1.0119045229723990e-03
977 MLA ||r(i)||/||b|| 1.0103007667575368e-03
978 MLA ||r(i)||/||b|| 1.0087000738526948e-03
979 MLA ||r(i)||/||b|| 1.0071024336280147e-03
980 MLA ||r(i)||/||b|| 1.0055078487507705e-03
981 MLA ||r(i)||/||b|| 1.0039162695458269e-03
982 MLA ||r(i)||/||b|| 1.0023277420911710e-03
983 MLA ||r(i)||/||b|| 1.0007421807908133e-03
984 MLA ||r(i)||/||b|| 9.9915973490396137e-04
985 MLA ||r(i)||/||b|| 9.9758024051755626e-04
986 MLA ||r(i)||/||b|| 9.9600374405253169e-04
987 MLA ||r(i)||/||b|| 9.9443033022302051e-04
988 MLA ||r(i)||/||b|| 9.9285988675435529e-04
989 MLA ||r(i)||/||b|| 9.9129245907960566e-04
990 MLA ||r(i)||/||b|| 9.8972796985539015e-04
991 MLA ||r(i)||/||b|| 9.8816651915546358e-04
992 MLA ||r(i)||/||b|| 9.8660809925698841e-04
993 MLA ||r(i)||/||b|| 9.8505262456844594e-04
994 MLA ||r(i)||/||b|| 9.8350019160749528e-04
995 MLA ||r(i)||/||b|| 9.8195059457115283e-04
996 MLA ||r(i)||/||b|| 9.8040407813291142e-04
997 MLA ||r(i)||/||b|| 9.7886047556080148e-04
998 MLA ||r(i)||/||b|| 9.7731989633983930e-04
999 MLA ||r(i)||/||b|| 9.7578214410178824e-04
1000 MLA ||r(i)||/||b|| 9.7424749371988390e-04
>>>> mla solve time: 13.669 (s)
>>>> ksp solve time: 0.0312948 (s)
            || b ||_2 = 7.2042734251691598e-01
|| r ||_2 / || b ||_2 = 2.1516647020548739e+01
