Config file: ../input/config/mla_v_cycle-refine1.json
order_rbm = 2
angle_type = 1
==== basic information of linear system ====
matrix Row = 5340, matrix Column = 5340
matrix nz_allocated = 104619, matrix nz_used = 104619, matrix nz_unneeded = 0
vector Row = 5340
initial     || b ||_2 = 1.3851994067587832e+00
>>>>local_vec_size = 5340
>>>>~~~~ local_mat_m = 5340, local_mat_n = 5340
            || b ||_2 = 1.3851994067587832e+00
|| r ||_2 / || b ||_2 = 1.0000000000000000e+00


>>>>nodes in level 1 is 55, less than 100, setup DONE!>>>>


>>>> mla setup time: 0.0516977 (s)
0 MLA ||r(i)||/||b|| 1.0000000000000000e+00
1 MLA ||r(i)||/||b|| 9.4532385012202909e+00
2 MLA ||r(i)||/||b|| 4.8263488152884371e+00
3 MLA ||r(i)||/||b|| 4.3837035715299510e+00
4 MLA ||r(i)||/||b|| 4.4202419545444691e+00
5 MLA ||r(i)||/||b|| 3.1918086451943193e+00
6 MLA ||r(i)||/||b|| 1.9268033148991177e+00
7 MLA ||r(i)||/||b|| 1.2923980151830934e+00
8 MLA ||r(i)||/||b|| 1.0276064658812687e+00
9 MLA ||r(i)||/||b|| 8.4153888327031845e-01
10 MLA ||r(i)||/||b|| 6.9109890185516265e-01
11 MLA ||r(i)||/||b|| 5.6807464571733957e-01
12 MLA ||r(i)||/||b|| 4.6414390643329118e-01
13 MLA ||r(i)||/||b|| 3.8026110125104656e-01
14 MLA ||r(i)||/||b|| 3.1692654834161160e-01
15 MLA ||r(i)||/||b|| 2.6956307971456439e-01
16 MLA ||r(i)||/||b|| 2.3246405777094908e-01
17 MLA ||r(i)||/||b|| 2.0202999221082588e-01
18 MLA ||r(i)||/||b|| 1.7658857093589050e-01
19 MLA ||r(i)||/||b|| 1.5523114514562500e-01
20 MLA ||r(i)||/||b|| 1.3720983285262919e-01
21 MLA ||r(i)||/||b|| 1.2185842615975753e-01
22 MLA ||r(i)||/||b|| 1.0865246529010693e-01
23 MLA ||r(i)||/||b|| 9.7224623447601938e-02
24 MLA ||r(i)||/||b|| 8.7325446106718649e-02
25 MLA ||r(i)||/||b|| 7.8769620553887254e-02
26 MLA ||r(i)||/||b|| 7.1397088411205692e-02
27 MLA ||r(i)||/||b|| 6.5056271691072962e-02
28 MLA ||r(i)||/||b|| 5.9602710331002194e-02
29 MLA ||r(i)||/||b|| 5.4903281222939075e-02
30 MLA ||r(i)||/||b|| 5.0839681834046621e-02
31 MLA ||r(i)||/||b|| 4.7309410047322302e-02
32 MLA ||r(i)||/||b|| 4.4224983496901613e-02
33 MLA ||r(i)||/||b|| 4.1512485650784026e-02
34 MLA ||r(i)||/||b|| 3.9110010678290202e-02
35 MLA ||r(i)||/||b|| 3.6966162720924560e-02
36 MLA ||r(i)||/||b|| 3.5038625582975852e-02
37 MLA ||r(i)||/||b|| 3.3292821896469850e-02
38 MLA ||r(i)||/||b|| 3.1700684576483174e-02
39 MLA ||r(i)||/||b|| 3.0239553624231023e-02
40 MLA ||r(i)||/||b|| 2.8891206091379025e-02
41 MLA ||r(i)||/||b|| 2.7641016245782298e-02
42 MLA ||r(i)||/||b|| 2.6477244266624941e-02
43 MLA ||r(i)||/||b|| 2.5390441615751137e-02
44 MLA ||r(i)||/||b|| 2.4372959951514492e-02
45 MLA ||r(i)||/||b|| 2.3418549946646060e-02
46 MLA ||r(i)||/||b|| 2.2522037948758435e-02
47 MLA ||r(i)||/||b|| 2.1679069431664134e-02
48 MLA ||r(i)||/||b|| 2.0885910900441090e-02
49 MLA ||r(i)||/||b|| 2.0139299245240234e-02
50 MLA ||r(i)||/||b|| 1.9436330327053913e-02
51 MLA ||r(i)||/||b|| 1.8774376746493581e-02
52 MLA ||r(i)||/||b|| 1.8151028411197093e-02
53 MLA ||r(i)||/||b|| 1.7564048837331207e-02
54 MLA ||r(i)||/||b|| 1.7011342550507447e-02
55 MLA ||r(i)||/||b|| 1.6490931206821362e-02
56 MLA ||r(i)||/||b|| 1.6000936405490707e-02
57 MLA ||r(i)||/||b|| 1.5539567018650459e-02
58 MLA ||r(i)||/||b|| 1.5105110732861136e-02
59 MLA ||r(i)||/||b|| 1.4695928741695296e-02
60 MLA ||r(i)||/||b|| 1.4310452436804349e-02
61 MLA ||r(i)||/||b|| 1.3947181747782084e-02
62 MLA ||r(i)||/||b|| 1.3604684306352742e-02
63 MLA ||r(i)||/||b|| 1.3281594770264879e-02
64 MLA ||r(i)||/||b|| 1.2976614951848937e-02
65 MLA ||r(i)||/||b|| 1.2688513062750246e-02
66 MLA ||r(i)||/||b|| 1.2416123005724148e-02
67 MLA ||r(i)||/||b|| 1.2158343577846654e-02
68 MLA ||r(i)||/||b|| 1.1914137291415642e-02
69 MLA ||r(i)||/||b|| 1.1682528792028095e-02
70 MLA ||r(i)||/||b|| 1.1462603325413396e-02
71 MLA ||r(i)||/||b|| 1.1253504633470935e-02
72 MLA ||r(i)||/||b|| 1.1054433259595561e-02
73 MLA ||r(i)||/||b|| 1.0864643917292704e-02
74 MLA ||r(i)||/||b|| 1.0683443373159164e-02
75 MLA ||r(i)||/||b|| 1.0510187978098284e-02
76 MLA ||r(i)||/||b|| 1.0344281099698208e-02
77 MLA ||r(i)||/||b|| 1.0185170772311824e-02
78 MLA ||r(i)||/||b|| 1.0032346859183036e-02
79 MLA ||r(i)||/||b|| 9.8853388788204474e-03
80 MLA ||r(i)||/||b|| 9.7437131161478129e-03
81 MLA ||r(i)||/||b|| 9.6070705822668412e-03
82 MLA ||r(i)||/||b|| 9.4750444587789733e-03
83 MLA ||r(i)||/||b|| 9.3472979091155598e-03
84 MLA ||r(i)||/||b|| 9.2235218325044215e-03
85 MLA ||r(i)||/||b|| 9.1034328725045945e-03
86 MLA ||r(i)||/||b|| 8.9867715327420963e-03
87 MLA ||r(i)||/||b|| 8.8733002411762029e-03
88 MLA ||r(i)||/||b|| 8.7628016486356146e-03
89 MLA ||r(i)||/||b|| 8.6550769707753276e-03
90 MLA ||r(i)||/||b|| 8.5499447148836005e-03
91 MLA ||r(i)||/||b|| 8.4472389643262397e-03
92 MLA ||r(i)||/||b|| 8.3468082437016637e-03
93 MLA ||r(i)||/||b|| 8.2485144230706499e-03
94 MLA ||r(i)||/||b|| 8.1522314291570426e-03
95 MLA ||r(i)||/||b|| 8.0578443143784657e-03
96 MLA ||r(i)||/||b|| 7.9652482080756083e-03
97 MLA ||r(i)||/||b|| 7.8743476310855140e-03
98 MLA ||r(i)||/||b|| 7.7850556205104953e-03
99 MLA ||r(i)||/||b|| 7.6972929150153982e-03
100 MLA ||r(i)||/||b|| 7.6109873963858968e-03
101 MLA ||r(i)||/||b|| 7.5260733443667941e-03
102 MLA ||r(i)||/||b|| 7.4424910411613875e-03
103 MLA ||r(i)||/||b|| 7.3601861924677565e-03
104 MLA ||r(i)||/||b|| 7.2791093566253601e-03
105 MLA ||r(i)||/||b|| 7.1992155974611562e-03
106 MLA ||r(i)||/||b|| 7.1204641019741270e-03
107 MLA ||r(i)||/||b|| 7.0428176746384370e-03
108 MLA ||r(i)||/||b|| 6.9662426643643232e-03
109 MLA ||r(i)||/||b|| 6.8907084368334337e-03
110 MLA ||r(i)||/||b|| 6.8161870307166606e-03
111 MLA ||r(i)||/||b|| 6.7426532081172009e-03
112 MLA ||r(i)||/||b|| 6.6700839298313008e-03
113 MLA ||r(i)||/||b|| 6.5984582293892036e-03
114 MLA ||r(i)||/||b|| 6.5277571556869793e-03
115 MLA ||r(i)||/||b|| 6.4579632548101432e-03
116 MLA ||r(i)||/||b|| 6.3890606882129565e-03
117 MLA ||r(i)||/||b|| 6.3210350122307061e-03
118 MLA ||r(i)||/||b|| 6.2538729960629350e-03
119 MLA ||r(i)||/||b|| 6.1875624651551052e-03
120 MLA ||r(i)||/||b|| 6.1220923260509319e-03
121 MLA ||r(i)||/||b|| 6.0574522993161505e-03
122 MLA ||r(i)||/||b|| 5.9936328493733699e-03
123 MLA ||r(i)||/||b|| 5.9306250796324093e-03
124 MLA ||r(i)||/||b|| 5.8684208112894177e-03
125 MLA ||r(i)||/||b|| 5.8070123085185148e-03
126 MLA ||r(i)||/||b|| 5.7463922263584323e-03
127 MLA ||r(i)||/||b|| 5.6865537556513267e-03
128 MLA ||r(i)||/||b|| 5.6274903093877894e-03
129 MLA ||r(i)||/||b|| 5.5691955163919993e-03
130 MLA ||r(i)||/||b|| 5.5116632932356050e-03
131 MLA ||r(i)||/||b|| 5.4548877311715177e-03
132 MLA ||r(i)||/||b|| 5.3988629533643154e-03
133 MLA ||r(i)||/||b|| 5.3435833533573111e-03
134 MLA ||r(i)||/||b|| 5.2890433497045581e-03
135 MLA ||r(i)||/||b|| 5.2352373370719027e-03
136 MLA ||r(i)||/||b|| 5.1821597533369722e-03
137 MLA ||r(i)||/||b|| 5.1298049393225494e-03
138 MLA ||r(i)||/||b|| 5.0781672943369079e-03
139 MLA ||r(i)||/||b|| 5.0272412319836727e-03
140 MLA ||r(i)||/||b|| 4.9770209874837731e-03
141 MLA ||r(i)||/||b|| 4.9275007284143085e-03
142 MLA ||r(i)||/||b|| 4.8786745440152803e-03
143 MLA ||r(i)||/||b|| 4.8305364244907688e-03
144 MLA ||r(i)||/||b|| 4.7830803298654174e-03
145 MLA ||r(i)||/||b|| 4.7362999854261142e-03
146 MLA ||r(i)||/||b|| 4.6901890331160472e-03
147 MLA ||r(i)||/||b|| 4.6447410178117052e-03
148 MLA ||r(i)||/||b|| 4.5999493147491416e-03
149 MLA ||r(i)||/||b|| 4.5558072295390772e-03
150 MLA ||r(i)||/||b|| 4.5123079483445306e-03
151 MLA ||r(i)||/||b|| 4.4694444106548881e-03
152 MLA ||r(i)||/||b|| 4.4272095519565565e-03
153 MLA ||r(i)||/||b|| 4.3855961374752945e-03
154 MLA ||r(i)||/||b|| 4.3445967981500262e-03
155 MLA ||r(i)||/||b|| 4.3042041329388516e-03
156 MLA ||r(i)||/||b|| 4.2644105747640269e-03
157 MLA ||r(i)||/||b|| 4.2252084455303091e-03
158 MLA ||r(i)||/||b|| 4.1865899671665657e-03
159 MLA ||r(i)||/||b|| 4.1485472930352877e-03
160 MLA ||r(i)||/||b|| 4.1110724302012760e-03
161 MLA ||r(i)||/||b|| 4.0741574383692195e-03
162 MLA ||r(i)||/||b|| 4.0377941728298502e-03
163 MLA ||r(i)||/||b|| 4.0019745537190187e-03
164 MLA ||r(i)||/||b|| 3.9666902971181982e-03
165 MLA ||r(i)||/||b|| 3.9319331848276604e-03
166 MLA ||r(i)||/||b|| 3.8976957582260905e-03
167 MLA ||r(i)||/||b|| 3.8639672339202224e-03
168 MLA ||r(i)||/||b|| 3.8307414260192749e-03
169 MLA ||r(i)||/||b|| 3.7980096705600200e-03
170 MLA ||r(i)||/||b|| 3.7657635589718628e-03
171 MLA ||r(i)||/||b|| 3.7339948106195706e-03
172 MLA ||r(i)||/||b|| 3.7026944990882047e-03
173 MLA ||r(i)||/||b|| 3.6718547078020266e-03
174 MLA ||r(i)||/||b|| 3.6414671603459802e-03
175 MLA ||r(i)||/||b|| 3.6115235830383578e-03
176 MLA ||r(i)||/||b|| 3.5820157159114777e-03
177 MLA ||r(i)||/||b|| 3.5529355494256835e-03
178 MLA ||r(i)||/||b|| 3.5242745525449911e-03
179 MLA ||r(i)||/||b|| 3.4960249299035091e-03
180 MLA ||r(i)||/||b|| 3.4681788129881240e-03
181 MLA ||r(i)||/||b|| 3.4407282338445562e-03
182 MLA ||r(i)||/||b|| 3.4136653993375025e-03
183 MLA ||r(i)||/||b|| 3.3869825521153463e-03
184 MLA ||r(i)||/||b|| 3.3606720556202895e-03
185 MLA ||r(i)||/||b|| 3.3347263895928910e-03
186 MLA ||r(i)||/||b|| 3.3091380800431428e-03
187 MLA ||r(i)||/||b|| 3.2838998302408607e-03
188 MLA ||r(i)||/||b|| 3.2590044358856659e-03
189 MLA ||r(i)||/||b|| 3.2344448276312426e-03
190 MLA ||r(i)||/||b|| 3.2102139550575460e-03
191 MLA ||r(i)||/||b|| 3.1863049838115488e-03
192 MLA ||r(i)||/||b|| 3.1627112050205677e-03
193 MLA ||r(i)||/||b|| 3.1394260125766388e-03
194 MLA ||r(i)||/||b|| 3.1164428602450875e-03
195 MLA ||r(i)||/||b|| 3.0937554421000633e-03
196 MLA ||r(i)||/||b|| 3.0713575365368538e-03
197 MLA ||r(i)||/||b|| 3.0492430693662624e-03
198 MLA ||r(i)||/||b|| 3.0274060811698428e-03
199 MLA ||r(i)||/||b|| 3.0058407153303267e-03
200 MLA ||r(i)||/||b|| 2.9845413235088910e-03
201 MLA ||r(i)||/||b|| 2.9635023878677533e-03
202 MLA ||r(i)||/||b|| 2.9427184131216011e-03
203 MLA ||r(i)||/||b|| 2.9221841816587813e-03
204 MLA ||r(i)||/||b|| 2.9018944870472544e-03
205 MLA ||r(i)||/||b|| 2.8818443734619659e-03
206 MLA ||r(i)||/||b|| 2.8620288956963621e-03
207 MLA ||r(i)||/||b|| 2.8424433742064892e-03
208 MLA ||r(i)||/||b|| 2.8230831189935803e-03
209 MLA ||r(i)||/||b|| 2.8039436595307201e-03
210 MLA ||r(i)||/||b|| 2.7850206275242644e-03
211 MLA ||r(i)||/||b|| 2.7663097282980319e-03
212 MLA ||r(i)||/||b|| 2.7478068980571991e-03
213 MLA ||r(i)||/||b|| 2.7295081012149299e-03
214 MLA ||r(i)||/||b|| 2.7114094447455253e-03
215 MLA ||r(i)||/||b|| 2.6935071753070904e-03
216 MLA ||r(i)||/||b|| 2.6757976096698135e-03
217 MLA ||r(i)||/||b|| 2.6582772471120471e-03
218 MLA ||r(i)||/||b|| 2.6409425558394559e-03
219 MLA ||r(i)||/||b|| 2.6237902426516553e-03
220 MLA ||r(i)||/||b|| 2.6068171077956730e-03
221 MLA ||r(i)||/||b|| 2.5900199914515010e-03
222 MLA ||r(i)||/||b|| 2.5733958292612183e-03
223 MLA ||r(i)||/||b|| 2.5569416894379009e-03
224 MLA ||r(i)||/||b|| 2.5406547570923630e-03
225 MLA ||r(i)||/||b|| 2.5245322234950444e-03
226 MLA ||r(i)||/||b|| 2.5085714886524633e-03
227 MLA ||r(i)||/||b|| 2.4927698673347927e-03
228 MLA ||r(i)||/||b|| 2.4771249090894207e-03
229 MLA ||r(i)||/||b|| 2.4616341798601206e-03
230 MLA ||r(i)||/||b|| 2.4462953123361554e-03
231 MLA ||r(i)||/||b|| 2.4311059585414296e-03
232 MLA ||r(i)||/||b|| 2.4160640418752172e-03
233 MLA ||r(i)||/||b|| 2.4011672946301450e-03
234 MLA ||r(i)||/||b|| 2.3864137244034222e-03
235 MLA ||r(i)||/||b|| 2.3718012219843165e-03
236 MLA ||r(i)||/||b|| 2.3573279305275038e-03
237 MLA ||r(i)||/||b|| 2.3429918650815832e-03
238 MLA ||r(i)||/||b|| 2.3287912269482737e-03
239 MLA ||r(i)||/||b|| 2.3147241934965718e-03
240 MLA ||r(i)||/||b|| 2.3007890339780085e-03
241 MLA ||r(i)||/||b|| 2.2869840245457415e-03
242 MLA ||r(i)||/||b|| 2.2733075706980735e-03
243 MLA ||r(i)||/||b|| 2.2597580223648055e-03
244 MLA ||r(i)||/||b|| 2.2463338605190970e-03
245 MLA ||r(i)||/||b|| 2.2330335191673924e-03
246 MLA ||r(i)||/||b|| 2.2198555472912060e-03
247 MLA ||r(i)||/||b|| 2.2067984516576477e-03
248 MLA ||r(i)||/||b|| 2.1938608844562424e-03
249 MLA ||r(i)||/||b|| 2.1810414029968580e-03
250 MLA ||r(i)||/||b|| 2.1683386640673438e-03
251 MLA ||r(i)||/||b|| 2.1557513620543874e-03
252 MLA ||r(i)||/||b|| 2.1432782015470288e-03
253 MLA ||r(i)||/||b|| 2.1309179152642125e-03
254 MLA ||r(i)||/||b|| 2.1186692398539341e-03
255 MLA ||r(i)||/||b|| 2.1065309814718340e-03
256 MLA ||r(i)||/||b|| 2.0945019012299682e-03
257 MLA ||r(i)||/||b|| 2.0825808860477834e-03
258 MLA ||r(i)||/||b|| 2.0707667198658635e-03
259 MLA ||r(i)||/||b|| 2.0590583171334435e-03
260 MLA ||r(i)||/||b|| 2.0474545228872940e-03
261 MLA ||r(i)||/||b|| 2.0359542047406138e-03
262 MLA ||r(i)||/||b|| 2.0245563123797473e-03
263 MLA ||r(i)||/||b|| 2.0132597434720325e-03
264 MLA ||r(i)||/||b|| 2.0020634855870299e-03
265 MLA ||r(i)||/||b|| 1.9909664580284362e-03
266 MLA ||r(i)||/||b|| 1.9799676154031894e-03
267 MLA ||r(i)||/||b|| 1.9690659541211986e-03
268 MLA ||r(i)||/||b|| 1.9582592602745107e-03
269 MLA ||r(i)||/||b|| 1.9475505905512799e-03
270 MLA ||r(i)||/||b|| 1.9369340157431706e-03
271 MLA ||r(i)||/||b|| 1.9264110044293283e-03
272 MLA ||r(i)||/||b|| 1.9159803642639856e-03
273 MLA ||r(i)||/||b|| 1.9056408102603531e-03
274 MLA ||r(i)||/||b|| 1.8953914009993144e-03
275 MLA ||r(i)||/||b|| 1.8852312778612030e-03
276 MLA ||r(i)||/||b|| 1.8751595754721111e-03
277 MLA ||r(i)||/||b|| 1.8651740392881854e-03
278 MLA ||r(i)||/||b|| 1.8552783806886210e-03
279 MLA ||r(i)||/||b|| 1.8454656563257987e-03
280 MLA ||r(i)||/||b|| 1.8357361662690707e-03
281 MLA ||r(i)||/||b|| 1.8260961371497867e-03
282 MLA ||r(i)||/||b|| 1.8165342399986666e-03
283 MLA ||r(i)||/||b|| 1.8070551309009081e-03
284 MLA ||r(i)||/||b|| 1.7976574437496362e-03
285 MLA ||r(i)||/||b|| 1.7883396787866403e-03
286 MLA ||r(i)||/||b|| 1.7791009303843280e-03
287 MLA ||r(i)||/||b|| 1.7699405112045871e-03
288 MLA ||r(i)||/||b|| 1.7608576456299731e-03
289 MLA ||r(i)||/||b|| 1.7518515134631637e-03
290 MLA ||r(i)||/||b|| 1.7429212012387342e-03
291 MLA ||r(i)||/||b|| 1.7340658349861086e-03
292 MLA ||r(i)||/||b|| 1.7252844940823225e-03
293 MLA ||r(i)||/||b|| 1.7165763282942332e-03
294 MLA ||r(i)||/||b|| 1.7079404760472288e-03
295 MLA ||r(i)||/||b|| 1.6993761090693456e-03
296 MLA ||r(i)||/||b|| 1.6908824137916167e-03
297 MLA ||r(i)||/||b|| 1.6824585393924343e-03
298 MLA ||r(i)||/||b|| 1.6741036451014808e-03
299 MLA ||r(i)||/||b|| 1.6658169098376792e-03
300 MLA ||r(i)||/||b|| 1.6575975439566981e-03
301 MLA ||r(i)||/||b|| 1.6494447107004316e-03
302 MLA ||r(i)||/||b|| 1.6413576032607742e-03
303 MLA ||r(i)||/||b|| 1.6333354695610522e-03
304 MLA ||r(i)||/||b|| 1.6253774647925615e-03
305 MLA ||r(i)||/||b|| 1.6174828232840984e-03
306 MLA ||r(i)||/||b|| 1.6096507500979751e-03
307 MLA ||r(i)||/||b|| 1.6018805057698864e-03
308 MLA ||r(i)||/||b|| 1.5941711155348004e-03
309 MLA ||r(i)||/||b|| 1.5865224311649604e-03
310 MLA ||r(i)||/||b|| 1.5789328599170364e-03
311 MLA ||r(i)||/||b|| 1.5714022030987741e-03
312 MLA ||r(i)||/||b|| 1.5639284856807903e-03
313 MLA ||r(i)||/||b|| 1.5565152615765780e-03
314 MLA ||r(i)||/||b|| 1.5491553512899893e-03
315 MLA ||r(i)||/||b|| 1.5418523355543792e-03
316 MLA ||r(i)||/||b|| 1.5346048724448548e-03
317 MLA ||r(i)||/||b|| 1.5274116867779310e-03
318 MLA ||r(i)||/||b|| 1.5202719309912922e-03
319 MLA ||r(i)||/||b|| 1.5131851520863839e-03
320 MLA ||r(i)||/||b|| 1.5061507417813522e-03
321 MLA ||r(i)||/||b|| 1.4991680406925010e-03
322 MLA ||r(i)||/||b|| 1.4922363944007094e-03
323 MLA ||r(i)||/||b|| 1.4853550899162600e-03
324 MLA ||r(i)||/||b|| 1.4785234935110381e-03
325 MLA ||r(i)||/||b|| 1.4717409192459864e-03
326 MLA ||r(i)||/||b|| 1.4650067105401814e-03
327 MLA ||r(i)||/||b|| 1.4583203092066229e-03
328 MLA ||r(i)||/||b|| 1.4516810472909832e-03
329 MLA ||r(i)||/||b|| 1.4450882909497111e-03
330 MLA ||r(i)||/||b|| 1.4385414524620524e-03
331 MLA ||r(i)||/||b|| 1.4320399450101571e-03
332 MLA ||r(i)||/||b|| 1.4255831695815439e-03
333 MLA ||r(i)||/||b|| 1.4191705273006471e-03
334 MLA ||r(i)||/||b|| 1.4128014742736381e-03
335 MLA ||r(i)||/||b|| 1.4064753949423307e-03
336 MLA ||r(i)||/||b|| 1.4001918135555676e-03
337 MLA ||r(i)||/||b|| 1.3939500903599885e-03
338 MLA ||r(i)||/||b|| 1.3877497420928476e-03
339 MLA ||r(i)||/||b|| 1.3815902154053373e-03
340 MLA ||r(i)||/||b|| 1.3754709668311691e-03
341 MLA ||r(i)||/||b|| 1.3693915233436108e-03
342 MLA ||r(i)||/||b|| 1.3633513529605560e-03
343 MLA ||r(i)||/||b|| 1.3573499389508514e-03
344 MLA ||r(i)||/||b|| 1.3513868041086954e-03
345 MLA ||r(i)||/||b|| 1.3454614682104739e-03
346 MLA ||r(i)||/||b|| 1.3395734672425647e-03
347 MLA ||r(i)||/||b|| 1.3337223001122112e-03
348 MLA ||r(i)||/||b|| 1.3279075193480248e-03
349 MLA ||r(i)||/||b|| 1.3221286724258282e-03
350 MLA ||r(i)||/||b|| 1.3163853232467636e-03
351 MLA ||r(i)||/||b|| 1.3106769994064591e-03
352 MLA ||r(i)||/||b|| 1.3050033281779775e-03
353 MLA ||r(i)||/||b|| 1.2993638307797343e-03
354 MLA ||r(i)||/||b|| 1.2937581451216344e-03
355 MLA ||r(i)||/||b|| 1.2881858380419220e-03
356 MLA ||r(i)||/||b|| 1.2826464903917868e-03
357 MLA ||r(i)||/||b|| 1.2771397519358858e-03
358 MLA ||r(i)||/||b|| 1.2716652028459331e-03
359 MLA ||r(i)||/||b|| 1.2662224819278160e-03
360 MLA ||r(i)||/||b|| 1.2608112097818134e-03
361 MLA ||r(i)||/||b|| 1.2554310473918142e-03
362 MLA ||r(i)||/||b|| 1.2500816157012347e-03
363 MLA ||r(i)||/||b|| 1.2447625716990396e-03
364 MLA ||r(i)||/||b|| 1.2394735901925899e-03
365 MLA ||r(i)||/||b|| 1.2342143116779115e-03
366 MLA ||r(i)||/||b|| 1.2289844110515778e-03
367 MLA ||r(i)||/||b|| 1.2237835777290703e-03
368 MLA ||r(i)||/||b|| 1.2186114120867472e-03
369 MLA ||r(i)||/||b|| 1.2134678481585104e-03
370 MLA ||r(i)||/||b|| 1.2083523419303720e-03
371 MLA ||r(i)||/||b|| 1.2032646305674460e-03
372 MLA ||r(i)||/||b|| 1.1982045081246930e-03
373 MLA ||r(i)||/||b|| 1.1931716257913092e-03
374 MLA ||r(i)||/||b|| 1.1881657416643835e-03
375 MLA ||r(i)||/||b|| 1.1831865703349983e-03
376 MLA ||r(i)||/||b|| 1.1782338345962152e-03
377 MLA ||r(i)||/||b|| 1.1733073073328757e-03
378 MLA ||r(i)||/||b|| 1.1684066787765251e-03
379 MLA ||r(i)||/||b|| 1.1635317419208073e-03
380 MLA ||r(i)||/||b|| 1.1586822562700044e-03
381 MLA ||r(i)||/||b|| 1.1538579543053007e-03
382 MLA ||r(i)||/||b|| 1.1490586239141652e-03
383 MLA ||r(i)||/||b|| 1.1442840203092111e-03
384 MLA ||r(i)||/||b|| 1.1395339060765541e-03
385 MLA ||r(i)||/||b|| 1.1348081116251314e-03
386 MLA ||r(i)||/||b|| 1.1301063706851519e-03
387 MLA ||r(i)||/||b|| 1.1254285009932154e-03
388 MLA ||r(i)||/||b|| 1.1207742168487477e-03
389 MLA ||r(i)||/||b|| 1.1161435936244695e-03
390 MLA ||r(i)||/||b|| 1.1115361242963514e-03
391 MLA ||r(i)||/||b|| 1.1069516681104666e-03
392 MLA ||r(i)||/||b|| 1.1023901166903717e-03
393 MLA ||r(i)||/||b|| 1.0978512851482973e-03
394 MLA ||r(i)||/||b|| 1.0933350069321705e-03
395 MLA ||r(i)||/||b|| 1.0888410427359373e-03
396 MLA ||r(i)||/||b|| 1.0843692539190648e-03
397 MLA ||r(i)||/||b|| 1.0799194777403518e-03
398 MLA ||r(i)||/||b|| 1.0754915632727585e-03
399 MLA ||r(i)||/||b|| 1.0710853079612273e-03
400 MLA ||r(i)||/||b|| 1.0667005923458285e-03
401 MLA ||r(i)||/||b|| 1.0623372318289302e-03
402 MLA ||r(i)||/||b|| 1.0579950756390134e-03
403 MLA ||r(i)||/||b|| 1.0536740318341561e-03
404 MLA ||r(i)||/||b|| 1.0493739025846255e-03
405 MLA ||r(i)||/||b|| 1.0450945694464020e-03
406 MLA ||r(i)||/||b|| 1.0408358788658401e-03
407 MLA ||r(i)||/||b|| 1.0365977074500011e-03
408 MLA ||r(i)||/||b|| 1.0323799008482293e-03
409 MLA ||r(i)||/||b|| 1.0281823697840193e-03
410 MLA ||r(i)||/||b|| 1.0240049613439960e-03
411 MLA ||r(i)||/||b|| 1.0198475572983157e-03
412 MLA ||r(i)||/||b|| 1.0157100331560469e-03
413 MLA ||r(i)||/||b|| 1.0115922673379536e-03
414 MLA ||r(i)||/||b|| 1.0074941694415379e-03
415 MLA ||r(i)||/||b|| 1.0034156014314571e-03
416 MLA ||r(i)||/||b|| 9.9935645677487754e-04
417 MLA ||r(i)||/||b|| 9.9531659096833134e-04
418 MLA ||r(i)||/||b|| 9.9129594677096447e-04
419 MLA ||r(i)||/||b|| 9.8729441015725028e-04
420 MLA ||r(i)||/||b|| 9.8331186177783286e-04
421 MLA ||r(i)||/||b|| 9.7934820121566338e-04
422 MLA ||r(i)||/||b|| 9.7540333831943877e-04
423 MLA ||r(i)||/||b|| 9.7147715893463075e-04
424 MLA ||r(i)||/||b|| 9.6756959656540346e-04
425 MLA ||r(i)||/||b|| 9.6368051056872073e-04
426 MLA ||r(i)||/||b|| 9.5980987373763026e-04
427 MLA ||r(i)||/||b|| 9.5595751936376251e-04
428 MLA ||r(i)||/||b|| 9.5212341900306567e-04
429 MLA ||r(i)||/||b|| 9.4830730321012878e-04
430 MLA ||r(i)||/||b|| 9.4450856401244346e-04
431 MLA ||r(i)||/||b|| 9.4073020974220611e-04
432 MLA ||r(i)||/||b|| 9.3696823426755993e-04
433 MLA ||r(i)||/||b|| 9.3322351004947526e-04
434 MLA ||r(i)||/||b|| 9.2949667758989015e-04
435 MLA ||r(i)||/||b|| 9.2578753649761778e-04
436 MLA ||r(i)||/||b|| 9.2209564983707797e-04
437 MLA ||r(i)||/||b|| 9.1842311628433885e-04
438 MLA ||r(i)||/||b|| 9.1476675834876976e-04
439 MLA ||r(i)||/||b|| 9.1112725022943187e-04
440 MLA ||r(i)||/||b|| 9.0750513637937022e-04
441 MLA ||r(i)||/||b|| 9.0390040354363722e-04
442 MLA ||r(i)||/||b|| 9.0031287220527611e-04
443 MLA ||r(i)||/||b|| 8.9674235118811425e-04
444 MLA ||r(i)||/||b|| 8.9318904957990113e-04
445 MLA ||r(i)||/||b|| 8.8965307277115836e-04
446 MLA ||r(i)||/||b|| 8.8613157312289427e-04
447 MLA ||r(i)||/||b|| 8.8262828823857916e-04
448 MLA ||r(i)||/||b|| 8.7914229692125870e-04
449 MLA ||r(i)||/||b|| 8.7567276139268076e-04
450 MLA ||r(i)||/||b|| 8.7221952552890721e-04
451 MLA ||r(i)||/||b|| 8.6878262355589997e-04
452 MLA ||r(i)||/||b|| 8.6536052163376268e-04
453 MLA ||r(i)||/||b|| 8.6195341122815704e-04
454 MLA ||r(i)||/||b|| 8.5857339599289359e-04
455 MLA ||r(i)||/||b|| 8.5520237719028433e-04
456 MLA ||r(i)||/||b|| 8.5184466431576346e-04
457 MLA ||r(i)||/||b|| 8.4850377444183739e-04
458 MLA ||r(i)||/||b|| 8.4518015651571636e-04
459 MLA ||r(i)||/||b|| 8.4187306065143606e-04
460 MLA ||r(i)||/||b|| 8.3858187748494812e-04
461 MLA ||r(i)||/||b|| 8.3530638017337516e-04
462 MLA ||r(i)||/||b|| 8.3204652145275318e-04
463 MLA ||r(i)||/||b|| 8.2880235045559912e-04
464 MLA ||r(i)||/||b|| 8.2557383864160605e-04
465 MLA ||r(i)||/||b|| 8.2236093528077422e-04
466 MLA ||r(i)||/||b|| 8.1916356985952570e-04
467 MLA ||r(i)||/||b|| 8.1598165978436410e-04
468 MLA ||r(i)||/||b|| 8.1281516177485430e-04
469 MLA ||r(i)||/||b|| 8.0966402476323300e-04
470 MLA ||r(i)||/||b|| 8.0652813593835577e-04
471 MLA ||r(i)||/||b|| 8.0340749525611912e-04
472 MLA ||r(i)||/||b|| 8.0030199841726424e-04
473 MLA ||r(i)||/||b|| 7.9721163535246143e-04
474 MLA ||r(i)||/||b|| 7.9413626109835136e-04
475 MLA ||r(i)||/||b|| 7.9107593040467683e-04
476 MLA ||r(i)||/||b|| 7.8803048046653668e-04
477 MLA ||r(i)||/||b|| 7.8499991468056500e-04
478 MLA ||r(i)||/||b|| 7.8198416889916158e-04
479 MLA ||r(i)||/||b|| 7.7898316734432093e-04
480 MLA ||r(i)||/||b|| 7.7599684591265355e-04
481 MLA ||r(i)||/||b|| 7.7302512796377314e-04
482 MLA ||r(i)||/||b|| 7.7006803804507170e-04
483 MLA ||r(i)||/||b|| 7.6712543471262864e-04
484 MLA ||r(i)||/||b|| 7.6419728346653084e-04
485 MLA ||r(i)||/||b|| 7.6128353361234460e-04
486 MLA ||r(i)||/||b|| 7.5838408898195567e-04
487 MLA ||r(i)||/||b|| 7.5549895662420884e-04
488 MLA ||r(i)||/||b|| 7.5262800592275825e-04
489 MLA ||r(i)||/||b|| 7.4977121332372857e-04
490 MLA ||r(i)||/||b|| 7.4692854870313696e-04
491 MLA ||r(i)||/||b|| 7.4409990183816460e-04
492 MLA ||r(i)||/||b|| 7.4128526271570547e-04
493 MLA ||r(i)||/||b|| 7.3848452657615136e-04
494 MLA ||r(i)||/||b|| 7.3569766372720980e-04
495 MLA ||r(i)||/||b|| 7.3292456795130082e-04
496 MLA ||r(i)||/||b|| 7.3016526893754851e-04
497 MLA ||r(i)||/||b|| 7.2741964222080484e-04
498 MLA ||r(i)||/||b|| 7.2468762772378952e-04
499 MLA ||r(i)||/||b|| 7.2196918365883330e-04
500 MLA ||r(i)||/||b|| 7.1926427098726892e-04
501 MLA ||r(i)||/||b|| 7.1657280457238643e-04
502 MLA ||r(i)||/||b|| 7.1389472787583206e-04
503 MLA ||r(i)||/||b|| 7.1122998817667738e-04
504 MLA ||r(i)||/||b|| 7.0857844278332874e-04
505 MLA ||r(i)||/||b|| 7.0593900259818452e-04
506 MLA ||r(i)||/||b|| 7.0331311443573032e-04
507 MLA ||r(i)||/||b|| 7.0070464103411437e-04
508 MLA ||r(i)||/||b|| 6.9810586335496009e-04
509 MLA ||r(i)||/||b|| 6.9551880772982975e-04
510 MLA ||r(i)||/||b|| 6.9294502467605280e-04
511 MLA ||r(i)||/||b|| 6.9038464502072156e-04
512 MLA ||r(i)||/||b|| 6.8783731261663425e-04
513 MLA ||r(i)||/||b|| 6.8530272859876242e-04
514 MLA ||r(i)||/||b|| 6.8278076359361663e-04
515 MLA ||r(i)||/||b|| 6.8027137622175403e-04
516 MLA ||r(i)||/||b|| 6.7777450639258663e-04
517 MLA ||r(i)||/||b|| 6.7529017677822188e-04
518 MLA ||r(i)||/||b|| 6.7281829300985081e-04
519 MLA ||r(i)||/||b|| 6.7035878894571152e-04
520 MLA ||r(i)||/||b|| 6.6791162823773775e-04
521 MLA ||r(i)||/||b|| 6.6547672361445234e-04
522 MLA ||r(i)||/||b|| 6.6305401598173834e-04
523 MLA ||r(i)||/||b|| 6.6064342102169140e-04
524 MLA ||r(i)||/||b|| 6.5824496188709211e-04
525 MLA ||r(i)||/||b|| 6.5585849503979523e-04
526 MLA ||r(i)||/||b|| 6.5348399728752660e-04
527 MLA ||r(i)||/||b|| 6.5112141204348392e-04
528 MLA ||r(i)||/||b|| 6.4877065804273728e-04
529 MLA ||r(i)||/||b|| 6.4643170248648439e-04
530 MLA ||r(i)||/||b|| 6.4410444464839595e-04
531 MLA ||r(i)||/||b|| 6.4178891170043554e-04
532 MLA ||r(i)||/||b|| 6.3948495100443357e-04
533 MLA ||r(i)||/||b|| 6.3719251460650538e-04
534 MLA ||r(i)||/||b|| 6.3491161387125889e-04
535 MLA ||r(i)||/||b|| 6.3264210280898256e-04
536 MLA ||r(i)||/||b|| 6.3038400722905817e-04
537 MLA ||r(i)||/||b|| 6.2813717936788965e-04
538 MLA ||r(i)||/||b|| 6.2590160878691161e-04
539 MLA ||r(i)||/||b|| 6.2367726420378754e-04
540 MLA ||r(i)||/||b|| 6.2146401552197581e-04
541 MLA ||r(i)||/||b|| 6.1926184664835924e-04
542 MLA ||r(i)||/||b|| 6.1707072624131844e-04
543 MLA ||r(i)||/||b|| 6.1489054060839918e-04
544 MLA ||r(i)||/||b|| 6.1272121414873986e-04
545 MLA ||r(i)||/||b|| 6.1056274609098125e-04
546 MLA ||r(i)||/||b|| 6.0841507320243745e-04
547 MLA ||r(i)||/||b|| 6.0627812060562848e-04
548 MLA ||r(i)||/||b|| 6.0415182092374536e-04
549 MLA ||r(i)||/||b|| 6.0203610573456088e-04
550 MLA ||r(i)||/||b|| 5.9993095886929618e-04
551 MLA ||r(i)||/||b|| 5.9783628175169806e-04
552 MLA ||r(i)||/||b|| 5.9575205034216128e-04
553 MLA ||r(i)||/||b|| 5.9367818420964725e-04
554 MLA ||r(i)||/||b|| 5.9161461701169420e-04
555 MLA ||r(i)||/||b|| 5.8956128113476049e-04
556 MLA ||r(i)||/||b|| 5.8751818458745002e-04
557 MLA ||r(i)||/||b|| 5.8548519271575531e-04
558 MLA ||r(i)||/||b|| 5.8346231933845160e-04
559 MLA ||r(i)||/||b|| 5.8144942327863561e-04
560 MLA ||r(i)||/||b|| 5.7944652831626905e-04
561 MLA ||r(i)||/||b|| 5.7745351975346912e-04
562 MLA ||r(i)||/||b|| 5.7547036706521158e-04
563 MLA ||r(i)||/||b|| 5.7349697759842902e-04
564 MLA ||r(i)||/||b|| 5.7153337646250130e-04
565 MLA ||r(i)||/||b|| 5.6957944952772870e-04
566 MLA ||r(i)||/||b|| 5.6763510419074743e-04
567 MLA ||r(i)||/||b|| 5.6570035937005925e-04
568 MLA ||r(i)||/||b|| 5.6377510492517313e-04
569 MLA ||r(i)||/||b|| 5.6185931489309256e-04
570 MLA ||r(i)||/||b|| 5.5995290905229542e-04
571 MLA ||r(i)||/||b|| 5.5805586507546797e-04
572 MLA ||r(i)||/||b|| 5.5616810915135582e-04
573 MLA ||r(i)||/||b|| 5.5428958576765760e-04
574 MLA ||r(i)||/||b|| 5.5242022448896005e-04
575 MLA ||r(i)||/||b|| 5.7744243321981002e-04
576 MLA ||r(i)||/||b|| 5.7325156007297508e-04
577 MLA ||r(i)||/||b|| 5.6097520629974499e-04
578 MLA ||r(i)||/||b|| 5.5073692812665736e-04
579 MLA ||r(i)||/||b|| 5.4577145540101845e-04
580 MLA ||r(i)||/||b|| 5.4253042177015824e-04
581 MLA ||r(i)||/||b|| 5.3979320404722367e-04
582 MLA ||r(i)||/||b|| 5.3778566762319917e-04
583 MLA ||r(i)||/||b|| 5.3607057965502790e-04
584 MLA ||r(i)||/||b|| 5.3432753744303172e-04
585 MLA ||r(i)||/||b|| 5.3253107544586097e-04
586 MLA ||r(i)||/||b|| 5.3064466471208522e-04
587 MLA ||r(i)||/||b|| 5.7226546623121528e-04
588 MLA ||r(i)||/||b|| 5.6894634621874375e-04
589 MLA ||r(i)||/||b|| 5.4790362010120701e-04
590 MLA ||r(i)||/||b|| 5.3207314657173379e-04
591 MLA ||r(i)||/||b|| 5.2583028780206237e-04
592 MLA ||r(i)||/||b|| 5.2222727613706374e-04
593 MLA ||r(i)||/||b|| 5.1907891657654510e-04
594 MLA ||r(i)||/||b|| 5.1697505429718093e-04
595 MLA ||r(i)||/||b|| 5.1534188213697143e-04
596 MLA ||r(i)||/||b|| 5.1369324112389631e-04
597 MLA ||r(i)||/||b|| 5.1197923671631395e-04
598 MLA ||r(i)||/||b|| 5.1026009482046703e-04
599 MLA ||r(i)||/||b|| 5.0856680567346122e-04
600 MLA ||r(i)||/||b|| 5.0690185925829519e-04
601 MLA ||r(i)||/||b|| 5.0525731538363929e-04
602 MLA ||r(i)||/||b|| 5.0362506903198093e-04
603 MLA ||r(i)||/||b|| 5.0200057096205005e-04
604 MLA ||r(i)||/||b|| 5.0038231049830465e-04
605 MLA ||r(i)||/||b|| 4.9877035206440199e-04
606 MLA ||r(i)||/||b|| 4.9716478447455392e-04
607 MLA ||r(i)||/||b|| 4.9556623034543459e-04
608 MLA ||r(i)||/||b|| 4.9397440768350468e-04
609 MLA ||r(i)||/||b|| 4.9238999018400649e-04
610 MLA ||r(i)||/||b|| 4.9081967947498851e-04
611 MLA ||r(i)||/||b|| 4.8925151310753238e-04
612 MLA ||r(i)||/||b|| 4.8767796537409219e-04
613 MLA ||r(i)||/||b|| 4.8612196026519820e-04
614 MLA ||r(i)||/||b|| 4.8457741187137081e-04
615 MLA ||r(i)||/||b|| 4.8303928201078852e-04
616 MLA ||r(i)||/||b|| 4.8150676059861874e-04
617 MLA ||r(i)||/||b|| 4.7998470833804260e-04
618 MLA ||r(i)||/||b|| 4.7846669580705134e-04
619 MLA ||r(i)||/||b|| 4.7694569636965378e-04
620 MLA ||r(i)||/||b|| 4.7544026228948238e-04
621 MLA ||r(i)||/||b|| 4.7394094572443367e-04
622 MLA ||r(i)||/||b|| 4.7245157366566481e-04
623 MLA ||r(i)||/||b|| 4.7097463989785224e-04
624 MLA ||r(i)||/||b|| 4.6949785920318520e-04
625 MLA ||r(i)||/||b|| 4.6802539850896384e-04
626 MLA ||r(i)||/||b|| 4.6656023806033764e-04
627 MLA ||r(i)||/||b|| 4.6510269861429690e-04
628 MLA ||r(i)||/||b|| 4.6365219289961945e-04
629 MLA ||r(i)||/||b|| 4.6220822791478858e-04
630 MLA ||r(i)||/||b|| 4.6077066477161579e-04
631 MLA ||r(i)||/||b|| 4.5933948581209299e-04
632 MLA ||r(i)||/||b|| 4.5791465489580633e-04
633 MLA ||r(i)||/||b|| 4.5649618299351067e-04
634 MLA ||r(i)||/||b|| 4.5508404657945407e-04
635 MLA ||r(i)||/||b|| 4.5367819453045951e-04
636 MLA ||r(i)||/||b|| 4.5227856017251446e-04
637 MLA ||r(i)||/||b|| 4.5088513711102982e-04
638 MLA ||r(i)||/||b|| 4.4949783145082918e-04
639 MLA ||r(i)||/||b|| 4.4811658793817929e-04
640 MLA ||r(i)||/||b|| 4.4674143452434723e-04
641 MLA ||r(i)||/||b|| 4.4537265653343697e-04
642 MLA ||r(i)||/||b|| 4.4400960196736944e-04
643 MLA ||r(i)||/||b|| 4.4265134290786629e-04
644 MLA ||r(i)||/||b|| 4.4129995167564685e-04
645 MLA ||r(i)||/||b|| 4.3995476824606306e-04
646 MLA ||r(i)||/||b|| 4.3861527727175363e-04
647 MLA ||r(i)||/||b|| 4.3728143858819709e-04
648 MLA ||r(i)||/||b|| 4.3595325616488801e-04
649 MLA ||r(i)||/||b|| 4.3463076957622309e-04
650 MLA ||r(i)||/||b|| 4.3331395813870336e-04
651 MLA ||r(i)||/||b|| 4.3200278261781172e-04
652 MLA ||r(i)||/||b|| 4.3069719441185604e-04
653 MLA ||r(i)||/||b|| 4.2939717583149512e-04
654 MLA ||r(i)||/||b|| 4.2810266738669889e-04
655 MLA ||r(i)||/||b|| 4.2681364618587977e-04
656 MLA ||r(i)||/||b|| 4.2553007187216591e-04
657 MLA ||r(i)||/||b|| 4.2425190929171115e-04
658 MLA ||r(i)||/||b|| 4.2297910439498943e-04
659 MLA ||r(i)||/||b|| 4.2171167383032722e-04
660 MLA ||r(i)||/||b|| 4.2044951780360781e-04
661 MLA ||r(i)||/||b|| 4.1919266257480479e-04
662 MLA ||r(i)||/||b|| 4.1794106400667752e-04
663 MLA ||r(i)||/||b|| 4.1669464363340623e-04
664 MLA ||r(i)||/||b|| 4.1545342448202731e-04
665 MLA ||r(i)||/||b|| 4.1421731905623096e-04
666 MLA ||r(i)||/||b|| 4.1298634994283492e-04
667 MLA ||r(i)||/||b|| 4.1176044110704705e-04
668 MLA ||r(i)||/||b|| 4.1053958500861416e-04
669 MLA ||r(i)||/||b|| 4.0932375408024758e-04
670 MLA ||r(i)||/||b|| 4.0811288572025406e-04
671 MLA ||r(i)||/||b|| 4.0690698291643147e-04
672 MLA ||r(i)||/||b|| 4.0570598464805311e-04
673 MLA ||r(i)||/||b|| 4.0450991043744055e-04
674 MLA ||r(i)||/||b|| 4.0331867432274245e-04
675 MLA ||r(i)||/||b|| 4.0213224462373943e-04
676 MLA ||r(i)||/||b|| 4.0095065165853509e-04
677 MLA ||r(i)||/||b|| 3.9977381160648527e-04
678 MLA ||r(i)||/||b|| 3.9860171201631348e-04
679 MLA ||r(i)||/||b|| 3.9743432052291529e-04
680 MLA ||r(i)||/||b|| 3.9627164411305468e-04
681 MLA ||r(i)||/||b|| 3.9511359217644199e-04
682 MLA ||r(i)||/||b|| 3.9396014817558628e-04
683 MLA ||r(i)||/||b|| 3.9281133098518898e-04
684 MLA ||r(i)||/||b|| 3.9166707216568424e-04
685 MLA ||r(i)||/||b|| 3.9052736101020393e-04
686 MLA ||r(i)||/||b|| 3.8939214697717047e-04
687 MLA ||r(i)||/||b|| 3.8826143412539789e-04
688 MLA ||r(i)||/||b|| 3.8713516903840533e-04
689 MLA ||r(i)||/||b|| 3.8601334946772087e-04
690 MLA ||r(i)||/||b|| 3.8489593319213566e-04
691 MLA ||r(i)||/||b|| 3.8378289527983030e-04
692 MLA ||r(i)||/||b|| 3.8267421043592184e-04
693 MLA ||r(i)||/||b|| 3.8156985303557751e-04
694 MLA ||r(i)||/||b|| 3.8046978861530899e-04
695 MLA ||r(i)||/||b|| 3.7937401195394009e-04
696 MLA ||r(i)||/||b|| 3.7828251195124021e-04
697 MLA ||r(i)||/||b|| 3.7719520662344788e-04
698 MLA ||r(i)||/||b|| 3.7611210756719946e-04
699 MLA ||r(i)||/||b|| 3.7503321347792396e-04
700 MLA ||r(i)||/||b|| 3.7395842844572418e-04
701 MLA ||r(i)||/||b|| 3.7288779315621456e-04
702 MLA ||r(i)||/||b|| 3.7182127350708508e-04
703 MLA ||r(i)||/||b|| 3.7075882436412693e-04
704 MLA ||r(i)||/||b|| 3.6970043827144782e-04
705 MLA ||r(i)||/||b|| 3.6864607610306583e-04
706 MLA ||r(i)||/||b|| 3.6759574124842453e-04
707 MLA ||r(i)||/||b|| 3.6654939091688353e-04
708 MLA ||r(i)||/||b|| 3.6550699739373410e-04
709 MLA ||r(i)||/||b|| 3.6446856597025439e-04
710 MLA ||r(i)||/||b|| 3.6343403987433223e-04
711 MLA ||r(i)||/||b|| 3.6240341928187963e-04
712 MLA ||r(i)||/||b|| 3.6137670007240706e-04
713 MLA ||r(i)||/||b|| 3.6035383153953460e-04
714 MLA ||r(i)||/||b|| 3.5933478674056343e-04
715 MLA ||r(i)||/||b|| 3.5831955057240105e-04
716 MLA ||r(i)||/||b|| 3.5730811120274973e-04
717 MLA ||r(i)||/||b|| 3.5630044179197343e-04
718 MLA ||r(i)||/||b|| 3.5529653964273491e-04
719 MLA ||r(i)||/||b|| 3.5429635923037677e-04
720 MLA ||r(i)||/||b|| 3.5329989154498812e-04
721 MLA ||r(i)||/||b|| 3.5230712207942486e-04
722 MLA ||r(i)||/||b|| 3.5131801838059667e-04
723 MLA ||r(i)||/||b|| 3.5033256308884868e-04
724 MLA ||r(i)||/||b|| 3.4935073823553732e-04
725 MLA ||r(i)||/||b|| 3.4837253182793239e-04
726 MLA ||r(i)||/||b|| 3.4739793043937181e-04
727 MLA ||r(i)||/||b|| 3.4642688536595453e-04
728 MLA ||r(i)||/||b|| 3.4545939644551097e-04
729 MLA ||r(i)||/||b|| 3.4449545262696591e-04
730 MLA ||r(i)||/||b|| 3.4353503972297075e-04
731 MLA ||r(i)||/||b|| 3.4257811893074770e-04
732 MLA ||r(i)||/||b|| 3.4162467257268478e-04
733 MLA ||r(i)||/||b|| 3.4067469881039254e-04
734 MLA ||r(i)||/||b|| 3.3972817138290182e-04
735 MLA ||r(i)||/||b|| 3.3878508155363898e-04
736 MLA ||r(i)||/||b|| 3.3784540445758480e-04
737 MLA ||r(i)||/||b|| 3.3690908717205059e-04
738 MLA ||r(i)||/||b|| 3.3597619141823547e-04
739 MLA ||r(i)||/||b|| 3.3504665243639737e-04
740 MLA ||r(i)||/||b|| 3.3412043220967835e-04
741 MLA ||r(i)||/||b|| 3.3319756545297148e-04
742 MLA ||r(i)||/||b|| 3.3227800685076099e-04
743 MLA ||r(i)||/||b|| 3.3136173812383990e-04
744 MLA ||r(i)||/||b|| 3.3044875296077658e-04
745 MLA ||r(i)||/||b|| 3.2953900926237993e-04
746 MLA ||r(i)||/||b|| 3.2863252340786672e-04
747 MLA ||r(i)||/||b|| 3.2772928280850022e-04
748 MLA ||r(i)||/||b|| 3.2682923683541694e-04
749 MLA ||r(i)||/||b|| 3.2593241104497163e-04
750 MLA ||r(i)||/||b|| 3.2503875787021861e-04
751 MLA ||r(i)||/||b|| 3.2414828898122053e-04
752 MLA ||r(i)||/||b|| 3.2326093638009273e-04
753 MLA ||r(i)||/||b|| 3.2237679279063900e-04
754 MLA ||r(i)||/||b|| 3.2149571383461201e-04
755 MLA ||r(i)||/||b|| 3.2061779149269526e-04
756 MLA ||r(i)||/||b|| 3.1974290825500455e-04
757 MLA ||r(i)||/||b|| 3.1887117415071385e-04
758 MLA ||r(i)||/||b|| 3.1800247761601440e-04
759 MLA ||r(i)||/||b|| 3.1713684727895043e-04
760 MLA ||r(i)||/||b|| 3.1627425163725310e-04
761 MLA ||r(i)||/||b|| 3.1541467550614784e-04
762 MLA ||r(i)||/||b|| 3.1455810753757844e-04
763 MLA ||r(i)||/||b|| 3.1370456008857214e-04
764 MLA ||r(i)||/||b|| 3.1285399295654732e-04
765 MLA ||r(i)||/||b|| 3.1200638303603982e-04
766 MLA ||r(i)||/||b|| 3.1116176104066024e-04
767 MLA ||r(i)||/||b|| 3.1032006866070044e-04
768 MLA ||r(i)||/||b|| 3.0948132173319793e-04
769 MLA ||r(i)||/||b|| 3.0864548004264466e-04
770 MLA ||r(i)||/||b|| 3.0781257687943227e-04
771 MLA ||r(i)||/||b|| 3.0698255264441327e-04
772 MLA ||r(i)||/||b|| 3.0615538911109492e-04
773 MLA ||r(i)||/||b|| 3.0533112095403378e-04
774 MLA ||r(i)||/||b|| 3.0450973262537910e-04
775 MLA ||r(i)||/||b|| 3.0369116939741307e-04
776 MLA ||r(i)||/||b|| 3.0287544981628744e-04
777 MLA ||r(i)||/||b|| 3.0206256116142930e-04
778 MLA ||r(i)||/||b|| 3.0125248147344646e-04
779 MLA ||r(i)||/||b|| 3.0044518437578085e-04
780 MLA ||r(i)||/||b|| 2.9964069627321383e-04
781 MLA ||r(i)||/||b|| 2.9883898356018290e-04
782 MLA ||r(i)||/||b|| 2.9804004646984610e-04
783 MLA ||r(i)||/||b|| 2.9724385817576487e-04
784 MLA ||r(i)||/||b|| 2.9645041463089209e-04
785 MLA ||r(i)||/||b|| 2.9565968745255569e-04
786 MLA ||r(i)||/||b|| 2.9487171331243401e-04
787 MLA ||r(i)||/||b|| 2.9408644750884421e-04
788 MLA ||r(i)||/||b|| 2.9330388996986280e-04
789 MLA ||r(i)||/||b|| 2.9252399665901280e-04
790 MLA ||r(i)||/||b|| 2.9174678455390238e-04
791 MLA ||r(i)||/||b|| 2.9097227160508230e-04
792 MLA ||r(i)||/||b|| 2.9020041461535134e-04
793 MLA ||r(i)||/||b|| 2.8943119991260751e-04
794 MLA ||r(i)||/||b|| 2.8866462171174236e-04
795 MLA ||r(i)||/||b|| 2.8790068910008109e-04
796 MLA ||r(i)||/||b|| 2.8713936465972966e-04
797 MLA ||r(i)||/||b|| 2.8638064657791169e-04
798 MLA ||r(i)||/||b|| 2.8562455267153576e-04
799 MLA ||r(i)||/||b|| 2.8487102478295836e-04
800 MLA ||r(i)||/||b|| 2.8412007576821284e-04
801 MLA ||r(i)||/||b|| 2.8337171404562220e-04
802 MLA ||r(i)||/||b|| 2.8262592065696890e-04
803 MLA ||r(i)||/||b|| 2.8188268544536974e-04
804 MLA ||r(i)||/||b|| 2.8114198219919269e-04
805 MLA ||r(i)||/||b|| 2.8040382233558920e-04
806 MLA ||r(i)||/||b|| 2.7966817142904685e-04
807 MLA ||r(i)||/||b|| 2.7893504500052979e-04
808 MLA ||r(i)||/||b|| 2.7820446308224838e-04
809 MLA ||r(i)||/||b|| 2.7747632220858433e-04
810 MLA ||r(i)||/||b|| 2.7675071501516072e-04
811 MLA ||r(i)||/||b|| 2.7602758345198820e-04
812 MLA ||r(i)||/||b|| 2.7530691517831324e-04
813 MLA ||r(i)||/||b|| 2.7458873338864547e-04
814 MLA ||r(i)||/||b|| 2.7387298142360415e-04
815 MLA ||r(i)||/||b|| 2.7315971114036971e-04
816 MLA ||r(i)||/||b|| 2.7244884092469111e-04
817 MLA ||r(i)||/||b|| 2.7174046081219474e-04
818 MLA ||r(i)||/||b|| 2.7103444340955063e-04
819 MLA ||r(i)||/||b|| 2.7033089314914611e-04
820 MLA ||r(i)||/||b|| 2.6962972743133919e-04
821 MLA ||r(i)||/||b|| 2.6893098883776771e-04
822 MLA ||r(i)||/||b|| 2.6823458552284246e-04
823 MLA ||r(i)||/||b|| 2.6754061353821739e-04
824 MLA ||r(i)||/||b|| 2.6684901318337040e-04
825 MLA ||r(i)||/||b|| 2.6615977869660137e-04
826 MLA ||r(i)||/||b|| 2.6547289444746764e-04
827 MLA ||r(i)||/||b|| 2.6478838951825821e-04
828 MLA ||r(i)||/||b|| 2.6410618982604492e-04
829 MLA ||r(i)||/||b|| 2.6342637276686299e-04
830 MLA ||r(i)||/||b|| 2.6274888127710000e-04
831 MLA ||r(i)||/||b|| 2.6207371457371366e-04
832 MLA ||r(i)||/||b|| 2.6140084843553625e-04
833 MLA ||r(i)||/||b|| 2.6073030157472269e-04
834 MLA ||r(i)||/||b|| 2.6006208983249770e-04
835 MLA ||r(i)||/||b|| 2.5939611377434878e-04
836 MLA ||r(i)||/||b|| 2.5873248669226707e-04
837 MLA ||r(i)||/||b|| 2.5807111680203415e-04
838 MLA ||r(i)||/||b|| 2.5741200182954427e-04
839 MLA ||r(i)||/||b|| 2.5675518064914165e-04
840 MLA ||r(i)||/||b|| 2.5610059685871907e-04
841 MLA ||r(i)||/||b|| 2.5544826822646759e-04
842 MLA ||r(i)||/||b|| 2.5479821762662298e-04
843 MLA ||r(i)||/||b|| 2.5415041551565912e-04
844 MLA ||r(i)||/||b|| 2.5350482652957530e-04
845 MLA ||r(i)||/||b|| 2.5286147966625724e-04
846 MLA ||r(i)||/||b|| 2.5222034023784771e-04
847 MLA ||r(i)||/||b|| 2.5158142384196425e-04
848 MLA ||r(i)||/||b|| 2.5094470358964592e-04
849 MLA ||r(i)||/||b|| 2.5031022573129223e-04
850 MLA ||r(i)||/||b|| 2.4967792561939961e-04
851 MLA ||r(i)||/||b|| 2.4904782370500987e-04
852 MLA ||r(i)||/||b|| 2.4841989149748060e-04
853 MLA ||r(i)||/||b|| 2.4779412893781102e-04
854 MLA ||r(i)||/||b|| 2.4717055830121793e-04
855 MLA ||r(i)||/||b|| 2.4654915855930299e-04
856 MLA ||r(i)||/||b|| 2.4592989671248891e-04
857 MLA ||r(i)||/||b|| 2.4531279074690868e-04
858 MLA ||r(i)||/||b|| 2.4469786665226188e-04
859 MLA ||r(i)||/||b|| 2.4408504752717510e-04
860 MLA ||r(i)||/||b|| 2.4347437730045795e-04
861 MLA ||r(i)||/||b|| 2.4286584482810592e-04
862 MLA ||r(i)||/||b|| 2.4225944634667469e-04
863 MLA ||r(i)||/||b|| 2.4165515309182721e-04
864 MLA ||r(i)||/||b|| 2.4105296377364258e-04
865 MLA ||r(i)||/||b|| 2.4045290022222621e-04
866 MLA ||r(i)||/||b|| 2.3985491701472870e-04
867 MLA ||r(i)||/||b|| 2.3925903787387051e-04
868 MLA ||r(i)||/||b|| 2.3866526103603420e-04
869 MLA ||r(i)||/||b|| 2.3807357170368870e-04
870 MLA ||r(i)||/||b|| 2.3748395901292409e-04
871 MLA ||r(i)||/||b|| 2.3689641748681417e-04
872 MLA ||r(i)||/||b|| 2.3631092971038894e-04
873 MLA ||r(i)||/||b|| 2.3572752449616612e-04
874 MLA ||r(i)||/||b|| 2.3514618672245102e-04
875 MLA ||r(i)||/||b|| 2.3456690119203155e-04
876 MLA ||r(i)||/||b|| 2.3398964039437665e-04
877 MLA ||r(i)||/||b|| 2.3341445488256487e-04
878 MLA ||r(i)||/||b|| 2.3284125589845625e-04
879 MLA ||r(i)||/||b|| 2.3227011310011418e-04
880 MLA ||r(i)||/||b|| 2.3170099289622316e-04
881 MLA ||r(i)||/||b|| 2.3113392348057457e-04
882 MLA ||r(i)||/||b|| 2.3056885732143073e-04
883 MLA ||r(i)||/||b|| 2.3000580549646031e-04
884 MLA ||r(i)||/||b|| 2.2944474085398551e-04
885 MLA ||r(i)||/||b|| 2.2888568179609415e-04
886 MLA ||r(i)||/||b|| 2.2832861744900599e-04
887 MLA ||r(i)||/||b|| 2.2777355235174024e-04
888 MLA ||r(i)||/||b|| 2.2722047792804247e-04
889 MLA ||r(i)||/||b|| 2.2666941035807164e-04
890 MLA ||r(i)||/||b|| 2.2612026743362178e-04
891 MLA ||r(i)||/||b|| 2.2557310214969711e-04
892 MLA ||r(i)||/||b|| 2.2502792858463647e-04
893 MLA ||r(i)||/||b|| 2.2448470544779128e-04
894 MLA ||r(i)||/||b|| 2.2394344754365843e-04
895 MLA ||r(i)||/||b|| 2.2340413622424908e-04
896 MLA ||r(i)||/||b|| 2.2286675583182422e-04
897 MLA ||r(i)||/||b|| 2.2233131925375875e-04
898 MLA ||r(i)||/||b|| 2.2179783843403138e-04
899 MLA ||r(i)||/||b|| 2.2126629771715984e-04
900 MLA ||r(i)||/||b|| 2.2073669053011301e-04
901 MLA ||r(i)||/||b|| 2.2020897549338469e-04
902 MLA ||r(i)||/||b|| 2.1968319802504041e-04
903 MLA ||r(i)||/||b|| 2.1915934231181582e-04
904 MLA ||r(i)||/||b|| 2.1863739126296052e-04
905 MLA ||r(i)||/||b|| 2.1811732006294065e-04
906 MLA ||r(i)||/||b|| 2.1759916016400995e-04
907 MLA ||r(i)||/||b|| 2.1708292174892773e-04
908 MLA ||r(i)||/||b|| 2.1656855007529715e-04
909 MLA ||r(i)||/||b|| 2.1605609183060812e-04
910 MLA ||r(i)||/||b|| 2.1554551011569630e-04
911 MLA ||r(i)||/||b|| 2.1503678946105623e-04
912 MLA ||r(i)||/||b|| 2.1452994705055539e-04
913 MLA ||r(i)||/||b|| 2.1402496157837036e-04
914 MLA ||r(i)||/||b|| 2.1352183526757859e-04
915 MLA ||r(i)||/||b|| 2.1302062136621067e-04
916 MLA ||r(i)||/||b|| 2.1252123541240083e-04
917 MLA ||r(i)||/||b|| 2.1202369463375922e-04
918 MLA ||r(i)||/||b|| 2.1152799915695445e-04
919 MLA ||r(i)||/||b|| 2.1103413340987811e-04
920 MLA ||r(i)||/||b|| 2.1054212708703949e-04
921 MLA ||r(i)||/||b|| 2.1005194530614209e-04
922 MLA ||r(i)||/||b|| 2.0956358541289637e-04
923 MLA ||r(i)||/||b|| 2.0907706768057084e-04
924 MLA ||r(i)||/||b|| 2.0859236847025543e-04
925 MLA ||r(i)||/||b|| 2.0810946811584640e-04
926 MLA ||r(i)||/||b|| 2.0762841555573995e-04
927 MLA ||r(i)||/||b|| 2.0714915676188110e-04
928 MLA ||r(i)||/||b|| 2.0667168768234693e-04
929 MLA ||r(i)||/||b|| 2.0619601615219044e-04
930 MLA ||r(i)||/||b|| 2.0572215573191419e-04
931 MLA ||r(i)||/||b|| 2.0525007502611724e-04
932 MLA ||r(i)||/||b|| 2.0477978035117312e-04
933 MLA ||r(i)||/||b|| 2.0431127990923226e-04
934 MLA ||r(i)||/||b|| 2.0384456554650742e-04
935 MLA ||r(i)||/||b|| 2.0337959816951460e-04
936 MLA ||r(i)||/||b|| 2.0291643083121874e-04
937 MLA ||r(i)||/||b|| 2.0245501020843524e-04
938 MLA ||r(i)||/||b|| 2.0199535282920916e-04
939 MLA ||r(i)||/||b|| 2.0153743256127272e-04
940 MLA ||r(i)||/||b|| 2.0108128188916314e-04
941 MLA ||r(i)||/||b|| 2.0062692066389703e-04
942 MLA ||r(i)||/||b|| 2.0017425649565792e-04
943 MLA ||r(i)||/||b|| 1.9972335929952368e-04
944 MLA ||r(i)||/||b|| 1.9927418979048974e-04
945 MLA ||r(i)||/||b|| 1.9882675129208416e-04
946 MLA ||r(i)||/||b|| 1.9838102459963759e-04
947 MLA ||r(i)||/||b|| 1.9793703560754705e-04
948 MLA ||r(i)||/||b|| 1.9749478518972662e-04
949 MLA ||r(i)||/||b|| 1.9705423338854585e-04
950 MLA ||r(i)||/||b|| 1.9661539682558799e-04
951 MLA ||r(i)||/||b|| 1.9617826968879485e-04
952 MLA ||r(i)||/||b|| 1.9574283776880227e-04
953 MLA ||r(i)||/||b|| 1.9530908503288715e-04
954 MLA ||r(i)||/||b|| 1.9487707488774849e-04
955 MLA ||r(i)||/||b|| 1.9444674522033060e-04
956 MLA ||r(i)||/||b|| 1.9401808801271011e-04
957 MLA ||r(i)||/||b|| 1.9359113253885829e-04
958 MLA ||r(i)||/||b|| 1.9316583633617216e-04
959 MLA ||r(i)||/||b|| 1.9274223372575241e-04
960 MLA ||r(i)||/||b|| 1.9232029931565717e-04
961 MLA ||r(i)||/||b|| 1.9190002535786232e-04
962 MLA ||r(i)||/||b|| 1.9148141874503416e-04
963 MLA ||r(i)||/||b|| 1.9106445730043050e-04
964 MLA ||r(i)||/||b|| 1.9064918042924954e-04
965 MLA ||r(i)||/||b|| 1.9023557073415763e-04
966 MLA ||r(i)||/||b|| 1.8982356042009994e-04
967 MLA ||r(i)||/||b|| 1.8941319923287698e-04
968 MLA ||r(i)||/||b|| 1.8900451223248198e-04
969 MLA ||r(i)||/||b|| 1.8859744410060951e-04
970 MLA ||r(i)||/||b|| 1.8819198809659105e-04
971 MLA ||r(i)||/||b|| 1.8778817135192488e-04
972 MLA ||r(i)||/||b|| 1.8738596735124271e-04
973 MLA ||r(i)||/||b|| 1.8698540296354488e-04
974 MLA ||r(i)||/||b|| 1.8658646182925074e-04
975 MLA ||r(i)||/||b|| 1.8618912168321306e-04
976 MLA ||r(i)||/||b|| 1.8579338574363507e-04
977 MLA ||r(i)||/||b|| 1.8539926844692495e-04
978 MLA ||r(i)||/||b|| 1.8500672104424730e-04
979 MLA ||r(i)||/||b|| 1.8461579837540860e-04
980 MLA ||r(i)||/||b|| 1.8422645279275119e-04
981 MLA ||r(i)||/||b|| 1.8383868649933031e-04
982 MLA ||r(i)||/||b|| 1.8345252975664043e-04
983 MLA ||r(i)||/||b|| 1.8306795262432469e-04
984 MLA ||r(i)||/||b|| 1.8268493328084970e-04
985 MLA ||r(i)||/||b|| 1.8230348103827926e-04
986 MLA ||r(i)||/||b|| 1.8192359789065966e-04
987 MLA ||r(i)||/||b|| 1.8154528830703948e-04
988 MLA ||r(i)||/||b|| 1.8116852730339420e-04
989 MLA ||r(i)||/||b|| 1.8079334868836662e-04
990 MLA ||r(i)||/||b|| 1.8041970019308214e-04
991 MLA ||r(i)||/||b|| 1.8004759751581048e-04
992 MLA ||r(i)||/||b|| 1.7967704535813963e-04
993 MLA ||r(i)||/||b|| 1.7930801741331502e-04
994 MLA ||r(i)||/||b|| 1.7894054599475507e-04
995 MLA ||r(i)||/||b|| 1.7857460745980636e-04
996 MLA ||r(i)||/||b|| 1.7821018876671877e-04
997 MLA ||r(i)||/||b|| 1.7784731610676096e-04
998 MLA ||r(i)||/||b|| 1.7748595425108856e-04
999 MLA ||r(i)||/||b|| 1.7712607817398188e-04
1000 MLA ||r(i)||/||b|| 1.7676771869544022e-04
>>>> mla solve time: 10.5087 (s)
>>>> ksp solve time: 0.00591159 (s)
            || b ||_2 = 1.3851994067587832e+00
|| r ||_2 / || b ||_2 = 2.0562367588677056e+01
