Config file: ../input/config/mla_v_cycle-refine1.json
order_rbm = 2
==== basic information of linear system ====
matrix Row = 5340, matrix Column = 5340
matrix nz_allocated = 104619, matrix nz_used = 104619, matrix nz_unneeded = 0
vector Row = 5340
>>>>>>>> setup phase:
 prolongation_block_row = 890, col = 263
size of prolongation: m = 5340, n = 2367
  0 KSP unpreconditioned resid norm 1.385199406759e+00 true resid norm 1.385199406759e+00 ||r(i)||/||b|| 1.000000000000e+00
  1 KSP unpreconditioned resid norm 1.381976073196e+00 true resid norm 1.381976073196e+00 ||r(i)||/||b|| 9.976730183775e-01
  2 KSP unpreconditioned resid norm 1.381974032969e+00 true resid norm 1.381974032969e+00 ||r(i)||/||b|| 9.976715455017e-01
  3 KSP unpreconditioned resid norm 1.377517387030e+00 true resid norm 1.377517387030e+00 ||r(i)||/||b|| 9.944542138182e-01
  4 KSP unpreconditioned resid norm 1.377010998313e+00 true resid norm 1.377010998313e+00 ||r(i)||/||b|| 9.940886428298e-01
  5 KSP unpreconditioned resid norm 1.374798196836e+00 true resid norm 1.374798196836e+00 ||r(i)||/||b|| 9.924911822285e-01
  6 KSP unpreconditioned resid norm 1.373053143205e+00 true resid norm 1.373053143206e+00 ||r(i)||/||b|| 9.912313970871e-01
  7 KSP unpreconditioned resid norm 1.371359178518e+00 true resid norm 1.371359178519e+00 ||r(i)||/||b|| 9.900084939596e-01
  8 KSP unpreconditioned resid norm 1.369787304758e+00 true resid norm 1.369787304759e+00 ||r(i)||/||b|| 9.888737304357e-01
  9 KSP unpreconditioned resid norm 1.368807120654e+00 true resid norm 1.368807120655e+00 ||r(i)||/||b|| 9.881661181605e-01
 10 KSP unpreconditioned resid norm 1.367841925972e+00 true resid norm 1.367841925974e+00 ||r(i)||/||b|| 9.874693270154e-01
 11 KSP unpreconditioned resid norm 1.366361964120e+00 true resid norm 1.366361964124e+00 ||r(i)||/||b|| 9.864009163279e-01
 12 KSP unpreconditioned resid norm 1.365970094833e+00 true resid norm 1.365970094835e+00 ||r(i)||/||b|| 9.861180189439e-01
 13 KSP unpreconditioned resid norm 1.365386551238e+00 true resid norm 1.365386551241e+00 ||r(i)||/||b|| 9.856967484814e-01
 14 KSP unpreconditioned resid norm 1.362698004020e+00 true resid norm 1.362698004026e+00 ||r(i)||/||b|| 9.837558386012e-01
 15 KSP unpreconditioned resid norm 1.361845077839e+00 true resid norm 1.361845077844e+00 ||r(i)||/||b|| 9.831400960748e-01
 16 KSP unpreconditioned resid norm 1.355516560482e+00 true resid norm 1.355516560490e+00 ||r(i)||/||b|| 9.785714272446e-01
 17 KSP unpreconditioned resid norm 1.339819016984e+00 true resid norm 1.339819017008e+00 ||r(i)||/||b|| 9.672390924154e-01
 18 KSP unpreconditioned resid norm 1.284760524201e+00 true resid norm 1.284760524267e+00 ||r(i)||/||b|| 9.274913907692e-01
 19 KSP unpreconditioned resid norm 1.162190462165e+00 true resid norm 1.162190462431e+00 ||r(i)||/||b|| 8.390058909646e-01
 20 KSP unpreconditioned resid norm 9.758213145846e-01 true resid norm 9.758213148971e-01 ||r(i)||/||b|| 7.044627005584e-01
 21 KSP unpreconditioned resid norm 8.009316105427e-01 true resid norm 8.009316110175e-01 ||r(i)||/||b|| 5.782067239630e-01
 22 KSP unpreconditioned resid norm 7.042242701573e-01 true resid norm 7.042242710790e-01 ||r(i)||/||b|| 5.083919814309e-01
 23 KSP unpreconditioned resid norm 6.720314851842e-01 true resid norm 6.720314861873e-01 ||r(i)||/||b|| 4.851514395027e-01
 24 KSP unpreconditioned resid norm 6.352049471920e-01 true resid norm 6.352049479758e-01 ||r(i)||/||b|| 4.585657089344e-01
 25 KSP unpreconditioned resid norm 5.732175766217e-01 true resid norm 5.732175773251e-01 ||r(i)||/||b|| 4.138159275323e-01
 26 KSP unpreconditioned resid norm 5.293249881646e-01 true resid norm 5.293249895168e-01 ||r(i)||/||b|| 3.821290905367e-01
 27 KSP unpreconditioned resid norm 5.105640617332e-01 true resid norm 5.105640624702e-01 ||r(i)||/||b|| 3.685852448240e-01
 28 KSP unpreconditioned resid norm 4.796602446070e-01 true resid norm 4.796602466224e-01 ||r(i)||/||b|| 3.462752324915e-01
 29 KSP unpreconditioned resid norm 4.523121348570e-01 true resid norm 4.523121373103e-01 ||r(i)||/||b|| 3.265321477206e-01
 30 KSP unpreconditioned resid norm 4.309592049233e-01 true resid norm 4.309592078960e-01 ||r(i)||/||b|| 3.111170895636e-01
 31 KSP unpreconditioned resid norm 3.704101701689e-01 true resid norm 3.704101746426e-01 ||r(i)||/||b|| 2.674056694186e-01
 32 KSP unpreconditioned resid norm 3.297369654897e-01 true resid norm 3.297369710517e-01 ||r(i)||/||b|| 2.380429629430e-01
 33 KSP unpreconditioned resid norm 2.229107367091e-01 true resid norm 2.229107436546e-01 ||r(i)||/||b|| 1.609232162293e-01
 34 KSP unpreconditioned resid norm 1.149251104098e-01 true resid norm 1.149251167000e-01 ||r(i)||/||b|| 8.296647842852e-02
 35 KSP unpreconditioned resid norm 6.017548219560e-02 true resid norm 6.017548464974e-02 ||r(i)||/||b|| 4.344174878803e-02
 36 KSP unpreconditioned resid norm 2.228403830754e-02 true resid norm 2.228403920896e-02 ||r(i)||/||b|| 1.608724281878e-02
 37 KSP unpreconditioned resid norm 9.493442737612e-03 true resid norm 9.493443223419e-03 ||r(i)||/||b|| 6.853484904121e-03
 38 KSP unpreconditioned resid norm 3.818462273764e-03 true resid norm 3.818462611180e-03 ||r(i)||/||b|| 2.756615829135e-03
 39 KSP unpreconditioned resid norm 1.336155775764e-03 true resid norm 1.336156112469e-03 ||r(i)||/||b|| 9.645947767158e-04
 40 KSP unpreconditioned resid norm 4.191850699195e-04 true resid norm 4.191852672841e-04 ||r(i)||/||b|| 3.026172731802e-04
 41 KSP unpreconditioned resid norm 1.155913658588e-04 true resid norm 1.155904874727e-04 ||r(i)||/||b|| 8.344682138086e-05
 42 KSP unpreconditioned resid norm 3.639528955340e-05 true resid norm 3.639561217358e-05 ||r(i)||/||b|| 2.627463742476e-05
 43 KSP unpreconditioned resid norm 1.103322892851e-05 true resid norm 1.103305037776e-05 ||r(i)||/||b|| 7.964954593486e-06
 44 KSP unpreconditioned resid norm 2.631886012628e-06 true resid norm 2.631976667337e-06 ||r(i)||/||b|| 1.900070599579e-06
 45 KSP unpreconditioned resid norm 6.308263963336e-07 true resid norm 6.311336919942e-07 ||r(i)||/||b|| 4.556265970912e-07
 46 KSP unpreconditioned resid norm 1.863629411826e-07 true resid norm 1.885651780413e-07 ||r(i)||/||b|| 1.361285437470e-07
 47 KSP unpreconditioned resid norm 5.007504687140e-08 true resid norm 5.648554459334e-08 ||r(i)||/||b|| 4.077791566884e-08
 48 KSP unpreconditioned resid norm 2.674555573663e-08 true resid norm 3.977106513557e-08 ||r(i)||/||b|| 2.871143673720e-08
 49 KSP unpreconditioned resid norm 2.093163954097e-08 true resid norm 3.961377410543e-08 ||r(i)||/||b|| 2.859788555506e-08
 50 KSP unpreconditioned resid norm 4.219668739890e-08 true resid norm 4.219668739890e-08 ||r(i)||/||b|| 3.046253643555e-08
 51 KSP unpreconditioned resid norm 2.432239878511e-08 true resid norm 2.433684072851e-08 ||r(i)||/||b|| 1.756919661513e-08
 52 KSP unpreconditioned resid norm 2.163436407039e-08 true resid norm 2.163783583837e-08 ||r(i)||/||b|| 1.562073715365e-08
 53 KSP unpreconditioned resid norm 1.990760109501e-08 true resid norm 1.992685508992e-08 ||r(i)||/||b|| 1.438554982964e-08
 54 KSP unpreconditioned resid norm 1.811365292063e-08 true resid norm 1.811617513709e-08 ||r(i)||/||b|| 1.307838788315e-08
 55 KSP unpreconditioned resid norm 1.742382890225e-08 true resid norm 1.740702285683e-08 ||r(i)||/||b|| 1.256643828455e-08
 56 KSP unpreconditioned resid norm 1.709643480040e-08 true resid norm 1.707967449021e-08 ||r(i)||/||b|| 1.233011969748e-08
 57 KSP unpreconditioned resid norm 1.579267987609e-08 true resid norm 1.581299288632e-08 ||r(i)||/||b|| 1.141567979972e-08
 58 KSP unpreconditioned resid norm 1.481622786802e-08 true resid norm 1.481107914213e-08 ||r(i)||/||b|| 1.069238051205e-08
 59 KSP unpreconditioned resid norm 1.353625494531e-08 true resid norm 1.353087679192e-08 ||r(i)||/||b|| 9.768179747909e-09
            || b ||_2 = 1.3851994067587832e+00
|| r ||_2 / || b ||_2 = 9.7681797479090284e-09
