Config file: ../input/config/mla_v_cycle-refine0.json
order_rbm = 2
angle_type = 1
==== basic information of linear system ====
matrix Row = 1506, matrix Column = 1506
matrix nz_allocated = 27747, matrix nz_used = 27747, matrix nz_unneeded = 0
vector Row = 1506
initial     || b ||_2 = 2.6501139470351753e+00
>>>>local_vec_size = 1506
>>>>~~~~ local_mat_m = 1506, local_mat_n = 1506
            || b ||_2 = 2.6501139470351753e+00
|| r ||_2 / || b ||_2 = 1.0000000000000000e+00


>>>>nodes in level 0 is 62, less than 100, setup DONE!>>>>


>>>> mla setup time: 0.012079 (s)
0 MLA ||r(i)||/||b|| 1.0000000000000000e+00
1 MLA ||r(i)||/||b|| 1.9651295995335649e+00
2 MLA ||r(i)||/||b|| 1.2728645742141179e-01
3 MLA ||r(i)||/||b|| 1.3668932763120189e-02
4 MLA ||r(i)||/||b|| 1.9201396281719003e-03
5 MLA ||r(i)||/||b|| 2.9718590654723208e-04
6 MLA ||r(i)||/||b|| 4.8276474472052342e-05
7 MLA ||r(i)||/||b|| 8.1135735403362347e-06
8 MLA ||r(i)||/||b|| 1.4054113673755452e-06
9 MLA ||r(i)||/||b|| 2.5074711207181648e-07
10 MLA ||r(i)||/||b|| 4.6034464567266200e-08
11 MLA ||r(i)||/||b|| 8.6754412012475852e-09
>>>> mla solve time: 0.187082 (s)
>>>> ksp solve time: 0.00174904 (s)
            || b ||_2 = 2.6501139470351753e+00
|| r ||_2 / || b ||_2 = 1.4365554870196187e+01
