Config file: ../input/config/mla_v_cycle-refine3.json
order_rbm = 1
angle_type = 1
==== basic information of linear system ====
matrix Row = 73482, matrix Column = 73482
matrix nz_allocated = 1513726, matrix nz_used = 1513726, matrix nz_unneeded = 0
vector Row = 73482
initial     || b ||_2 = 3.6456789914864118e-01
>>>>local_vec_size = 73482
>>>>~~~~ local_mat_m = 73482, local_mat_n = 73482
            || b ||_2 = 3.6456789914864118e-01
|| r ||_2 / || b ||_2 = 1.0000000000000000e+00


>>>>nodes in level 3 is 47, less than 100, setup DONE!>>>>


>>>> mla setup time: 0.799056 (s)
0 MLA ||r(i)||/||b|| 1.0000000000000000e+00
1 MLA ||r(i)||/||b|| 8.9097195374453015e+00
2 MLA ||r(i)||/||b|| 1.0286969571470813e+01
3 MLA ||r(i)||/||b|| 1.0857241926971636e+01
4 MLA ||r(i)||/||b|| 1.1138850892091121e+01
5 MLA ||r(i)||/||b|| 1.1260328548531689e+01
6 MLA ||r(i)||/||b|| 1.1270872190210738e+01
7 MLA ||r(i)||/||b|| 1.1196527953166429e+01
8 MLA ||r(i)||/||b|| 1.1055049188934554e+01
9 MLA ||r(i)||/||b|| 1.0860449385790858e+01
10 MLA ||r(i)||/||b|| 1.0624466258413552e+01
11 MLA ||r(i)||/||b|| 1.0357064202553929e+01
12 MLA ||r(i)||/||b|| 1.0066659003463220e+01
13 MLA ||r(i)||/||b|| 9.7602792167316572e+00
14 MLA ||r(i)||/||b|| 9.4437212729487090e+00
15 MLA ||r(i)||/||b|| 9.1217056925128741e+00
16 MLA ||r(i)||/||b|| 8.7980292000244642e+00
17 MLA ||r(i)||/||b|| 8.4757067355727287e+00
18 MLA ||r(i)||/||b|| 8.1570995100069226e+00
19 MLA ||r(i)||/||b|| 7.8440274164435131e+00
20 MLA ||r(i)||/||b|| 7.5378658853037468e+00
21 MLA ||r(i)||/||b|| 7.2396280582454162e+00
22 MLA ||r(i)||/||b|| 6.9500337681234097e+00
23 MLA ||r(i)||/||b|| 6.6695669554369896e+00
24 MLA ||r(i)||/||b|| 6.3985231442108361e+00
25 MLA ||r(i)||/||b|| 6.1370484753692907e+00
26 MLA ||r(i)||/||b|| 5.8851716652383086e+00
27 MLA ||r(i)||/||b|| 5.6428300525562873e+00
28 MLA ||r(i)||/||b|| 5.4098907561525484e+00
29 MLA ||r(i)||/||b|| 5.1861677869145577e+00
30 MLA ||r(i)||/||b|| 4.9714358527053424e+00
31 MLA ||r(i)||/||b|| 4.7654414115834633e+00
32 MLA ||r(i)||/||b|| 4.5679115273537674e+00
33 MLA ||r(i)||/||b|| 4.3785608941228471e+00
34 MLA ||r(i)||/||b|| 4.1970973803363050e+00
35 MLA ||r(i)||/||b|| 4.0232263775377026e+00
36 MLA ||r(i)||/||b|| 3.8566541718863472e+00
37 MLA ||r(i)||/||b|| 3.6970905328113690e+00
38 MLA ||r(i)||/||b|| 3.5442506658005719e+00
39 MLA ||r(i)||/||b|| 3.3978566591869432e+00
40 MLA ||r(i)||/||b|| 3.2576385211836802e+00
41 MLA ||r(i)||/||b|| 3.1233348980106301e+00
42 MLA ||r(i)||/||b|| 2.9946935298924706e+00
43 MLA ||r(i)||/||b|| 2.8714715102692940e+00
44 MLA ||r(i)||/||b|| 2.7534353848292992e+00
45 MLA ||r(i)||/||b|| 2.6403611299604495e+00
46 MLA ||r(i)||/||b|| 2.5320340398554602e+00
47 MLA ||r(i)||/||b|| 2.4282485400074458e+00
48 MLA ||r(i)||/||b|| 2.3288079536339024e+00
49 MLA ||r(i)||/||b|| 2.2335242315595751e+00
50 MLA ||r(i)||/||b|| 2.1422176547603926e+00
51 MLA ||r(i)||/||b|| 2.0547165221206312e+00
52 MLA ||r(i)||/||b|| 1.9708568357191727e+00
53 MLA ||r(i)||/||b|| 1.8904819736134326e+00
54 MLA ||r(i)||/||b|| 1.8134423745029100e+00
55 MLA ||r(i)||/||b|| 1.7395952189683914e+00
56 MLA ||r(i)||/||b|| 1.6688041257991981e+00
57 MLA ||r(i)||/||b|| 1.6009388493437093e+00
58 MLA ||r(i)||/||b|| 1.5358749959910776e+00
59 MLA ||r(i)||/||b|| 1.4734937440179681e+00
60 MLA ||r(i)||/||b|| 1.4136815791747612e+00
61 MLA ||r(i)||/||b|| 1.3563300409732144e+00
62 MLA ||r(i)||/||b|| 1.3013354816378144e+00
63 MLA ||r(i)||/||b|| 1.2485988344751719e+00
64 MLA ||r(i)||/||b|| 1.1980253952130446e+00
65 MLA ||r(i)||/||b|| 1.1495246151652525e+00
66 MLA ||r(i)||/||b|| 1.1030099015827419e+00
67 MLA ||r(i)||/||b|| 1.0583984317055086e+00
68 MLA ||r(i)||/||b|| 1.0156109749225422e+00
69 MLA ||r(i)||/||b|| 9.7457172453511542e-01
70 MLA ||r(i)||/||b|| 9.3520813723635787e-01
71 MLA ||r(i)||/||b|| 8.9745078280275725e-01
72 MLA ||r(i)||/||b|| 8.6123319924479769e-01
73 MLA ||r(i)||/||b|| 8.2649175853322743e-01
74 MLA ||r(i)||/||b|| 7.9316553471184881e-01
75 MLA ||r(i)||/||b|| 7.6119618519812204e-01
76 MLA ||r(i)||/||b|| 7.3052783012100408e-01
77 MLA ||r(i)||/||b|| 7.0110694667675211e-01
78 MLA ||r(i)||/||b|| 6.7288226005028651e-01
79 MLA ||r(i)||/||b|| 6.4580464584204622e-01
80 MLA ||r(i)||/||b|| 6.1982703576675957e-01
81 MLA ||r(i)||/||b|| 5.9490432590378783e-01
82 MLA ||r(i)||/||b|| 5.7099329291277290e-01
83 MLA ||r(i)||/||b|| 5.4805251100759877e-01
84 MLA ||r(i)||/||b|| 5.2604227435709883e-01
85 MLA ||r(i)||/||b|| 5.0492452344259353e-01
86 MLA ||r(i)||/||b|| 4.8466277466546503e-01
87 MLA ||r(i)||/||b|| 4.6522205363537156e-01
88 MLA ||r(i)||/||b|| 4.4656882922300634e-01
89 MLA ||r(i)||/||b|| 4.2867095293055935e-01
90 MLA ||r(i)||/||b|| 4.1149760255014839e-01
91 MLA ||r(i)||/||b|| 3.9501922335633177e-01
92 MLA ||r(i)||/||b|| 3.7920747613699490e-01
93 MLA ||r(i)||/||b|| 3.6403518689783326e-01
94 MLA ||r(i)||/||b|| 3.4947629670328867e-01
95 MLA ||r(i)||/||b|| 3.3550581686569786e-01
96 MLA ||r(i)||/||b|| 3.2209978260124345e-01
97 MLA ||r(i)||/||b|| 3.0923521180225688e-01
98 MLA ||r(i)||/||b|| 2.9689006416154318e-01
99 MLA ||r(i)||/||b|| 2.8504320091182017e-01
100 MLA ||r(i)||/||b|| 2.7367434980309197e-01
101 MLA ||r(i)||/||b|| 2.6276406666324409e-01
102 MLA ||r(i)||/||b|| 2.5229370333464207e-01
103 MLA ||r(i)||/||b|| 2.4224537394678283e-01
104 MLA ||r(i)||/||b|| 2.3260192398720386e-01
105 MLA ||r(i)||/||b|| 2.2334689963289495e-01
106 MLA ||r(i)||/||b|| 2.1446451954357368e-01
107 MLA ||r(i)||/||b|| 2.0593964672614423e-01
108 MLA ||r(i)||/||b|| 1.9775776277749860e-01
109 MLA ||r(i)||/||b|| 1.8990494180916767e-01
110 MLA ||r(i)||/||b|| 1.8236782634369178e-01
111 MLA ||r(i)||/||b|| 1.7513360504685133e-01
112 MLA ||r(i)||/||b|| 1.6818998804346724e-01
113 MLA ||r(i)||/||b|| 1.6152518876668498e-01
114 MLA ||r(i)||/||b|| 1.5512789986724815e-01
115 MLA ||r(i)||/||b|| 1.4898727639754916e-01
116 MLA ||r(i)||/||b|| 1.4309291556586923e-01
117 MLA ||r(i)||/||b|| 1.3743483875115689e-01
118 MLA ||r(i)||/||b|| 1.3200347439667276e-01
119 MLA ||r(i)||/||b|| 1.2678964149483424e-01
120 MLA ||r(i)||/||b|| 1.2178453306966795e-01
121 MLA ||r(i)||/||b|| 1.1697970167034885e-01
122 MLA ||r(i)||/||b|| 1.1236704394467874e-01
123 MLA ||r(i)||/||b|| 1.0793878668940017e-01
124 MLA ||r(i)||/||b|| 1.0368747378995032e-01
125 MLA ||r(i)||/||b|| 9.9605952979459331e-02
126 MLA ||r(i)||/||b|| 9.5687363126786454e-02
127 MLA ||r(i)||/||b|| 9.1925123043873402e-02
128 MLA ||r(i)||/||b|| 8.8312918950823702e-02
129 MLA ||r(i)||/||b|| 8.4844695043792703e-02
130 MLA ||r(i)||/||b|| 8.1514642001932397e-02
131 MLA ||r(i)||/||b|| 7.8317186259299412e-02
132 MLA ||r(i)||/||b|| 7.5246981521387493e-02
133 MLA ||r(i)||/||b|| 7.2298899874965239e-02
134 MLA ||r(i)||/||b|| 6.9468020617363069e-02
135 MLA ||r(i)||/||b|| 6.6749624470863536e-02
136 MLA ||r(i)||/||b|| 6.4139183266698319e-02
137 MLA ||r(i)||/||b|| 6.1632353445474561e-02
138 MLA ||r(i)||/||b|| 5.9224967920685281e-02
139 MLA ||r(i)||/||b|| 5.6913028846073702e-02
140 MLA ||r(i)||/||b|| 5.4692700920673888e-02
141 MLA ||r(i)||/||b|| 5.2560304511329634e-02
142 MLA ||r(i)||/||b|| 5.0512309527046440e-02
143 MLA ||r(i)||/||b|| 4.8545329202219697e-02
144 MLA ||r(i)||/||b|| 4.6656114010305068e-02
145 MLA ||r(i)||/||b|| 4.4841546873614239e-02
146 MLA ||r(i)||/||b|| 4.3098636333246974e-02
147 MLA ||r(i)||/||b|| 4.1424512702921946e-02
148 MLA ||r(i)||/||b|| 3.9816422385624668e-02
149 MLA ||r(i)||/||b|| 3.8271723720343265e-02
150 MLA ||r(i)||/||b|| 3.6787881400884466e-02
151 MLA ||r(i)||/||b|| 3.5362463593088089e-02
152 MLA ||r(i)||/||b|| 3.3993136112028484e-02
153 MLA ||r(i)||/||b|| 3.2677659745267700e-02
154 MLA ||r(i)||/||b|| 3.1413885741012539e-02
155 MLA ||r(i)||/||b|| 3.0199751707432509e-02
156 MLA ||r(i)||/||b|| 2.9033279270145939e-02
157 MLA ||r(i)||/||b|| 2.7912569553138089e-02
158 MLA ||r(i)||/||b|| 2.6835800466786137e-02
159 MLA ||r(i)||/||b|| 2.5801223535764740e-02
160 MLA ||r(i)||/||b|| 2.4807160534843574e-02
161 MLA ||r(i)||/||b|| 2.3852001394745651e-02
162 MLA ||r(i)||/||b|| 2.2934200357302533e-02
163 MLA ||r(i)||/||b|| 2.2052274040405828e-02
164 MLA ||r(i)||/||b|| 2.1204799369291635e-02
165 MLA ||r(i)||/||b|| 2.0390409831067418e-02
166 MLA ||r(i)||/||b|| 1.9607794059605565e-02
167 MLA ||r(i)||/||b|| 1.8855693664541373e-02
168 MLA ||r(i)||/||b|| 1.8132900352138787e-02
169 MLA ||r(i)||/||b|| 1.7438255065514434e-02
170 MLA ||r(i)||/||b|| 1.6770644438971524e-02
171 MLA ||r(i)||/||b|| 1.6129000388914554e-02
172 MLA ||r(i)||/||b|| 1.5512297260834909e-02
173 MLA ||r(i)||/||b|| 1.4919550774751300e-02
174 MLA ||r(i)||/||b|| 1.4349815984449175e-02
175 MLA ||r(i)||/||b|| 1.3802185634875626e-02
176 MLA ||r(i)||/||b|| 1.3275789114559677e-02
177 MLA ||r(i)||/||b|| 1.2769790129143595e-02
178 MLA ||r(i)||/||b|| 1.2283386358460017e-02
179 MLA ||r(i)||/||b|| 1.1815807129729817e-02
180 MLA ||r(i)||/||b|| 1.1366312497905111e-02
181 MLA ||r(i)||/||b|| 1.0934192467324808e-02
182 MLA ||r(i)||/||b|| 1.0518764657024620e-02
183 MLA ||r(i)||/||b|| 1.0119374531508166e-02
184 MLA ||r(i)||/||b|| 9.7353932027115699e-03
185 MLA ||r(i)||/||b|| 9.3662171448059706e-03
186 MLA ||r(i)||/||b|| 9.0112664579775417e-03
187 MLA ||r(i)||/||b|| 8.6699849399992004e-03
188 MLA ||r(i)||/||b|| 8.3418375888537170e-03
189 MLA ||r(i)||/||b|| 8.0263112238050105e-03
190 MLA ||r(i)||/||b|| 7.7229130676656895e-03
191 MLA ||r(i)||/||b|| 7.4311694960383732e-03
192 MLA ||r(i)||/||b|| 7.1506261568809390e-03
193 MLA ||r(i)||/||b|| 6.8808461761477851e-03
194 MLA ||r(i)||/||b|| 6.6214103430529301e-03
195 MLA ||r(i)||/||b|| 6.3719157367509924e-03
196 MLA ||r(i)||/||b|| 6.1319755973619485e-03
197 MLA ||r(i)||/||b|| 5.9012184130662068e-03
198 MLA ||r(i)||/||b|| 5.6792872440103778e-03
199 MLA ||r(i)||/||b|| 5.4658394346927880e-03
200 MLA ||r(i)||/||b|| 5.2605455346509955e-03
201 MLA ||r(i)||/||b|| 5.0630891858909448e-03
202 MLA ||r(i)||/||b|| 4.8731666698996470e-03
203 MLA ||r(i)||/||b|| 4.6904861017159731e-03
204 MLA ||r(i)||/||b|| 4.5147669205023071e-03
205 MLA ||r(i)||/||b|| 4.3457400932964459e-03
206 MLA ||r(i)||/||b|| 4.1831463534983092e-03
207 MLA ||r(i)||/||b|| 4.0267374539285500e-03
208 MLA ||r(i)||/||b|| 3.8762743370610955e-03
209 MLA ||r(i)||/||b|| 3.7315274506712929e-03
210 MLA ||r(i)||/||b|| 3.5922763352903434e-03
211 MLA ||r(i)||/||b|| 3.4583091262453689e-03
212 MLA ||r(i)||/||b|| 3.3294220247664669e-03
213 MLA ||r(i)||/||b|| 3.2054196134387097e-03
214 MLA ||r(i)||/||b|| 3.0861138548465444e-03
215 MLA ||r(i)||/||b|| 2.9713239959692737e-03
216 MLA ||r(i)||/||b|| 2.8608765433270852e-03
217 MLA ||r(i)||/||b|| 2.7546048057675411e-03
218 MLA ||r(i)||/||b|| 2.6523482887148451e-03
219 MLA ||r(i)||/||b|| 2.5539530203029107e-03
220 MLA ||r(i)||/||b|| 2.4592708368772402e-03
221 MLA ||r(i)||/||b|| 2.3681595268821363e-03
222 MLA ||r(i)||/||b|| 2.2804823907299192e-03
223 MLA ||r(i)||/||b|| 2.1961077328547171e-03
224 MLA ||r(i)||/||b|| 2.1149094948392133e-03
225 MLA ||r(i)||/||b|| 2.0367660480471966e-03
226 MLA ||r(i)||/||b|| 1.9615609354208204e-03
227 MLA ||r(i)||/||b|| 1.8891815812080008e-03
228 MLA ||r(i)||/||b|| 1.8195203974054617e-03
229 MLA ||r(i)||/||b|| 1.7524735178854475e-03
230 MLA ||r(i)||/||b|| 1.6879414711817877e-03
231 MLA ||r(i)||/||b|| 1.6258283797347555e-03
232 MLA ||r(i)||/||b|| 1.5660420430079708e-03
233 MLA ||r(i)||/||b|| 1.5084939421131918e-03
234 MLA ||r(i)||/||b|| 1.4530988941100322e-03
235 MLA ||r(i)||/||b|| 1.3997753692093628e-03
236 MLA ||r(i)||/||b|| 1.3484444929690658e-03
237 MLA ||r(i)||/||b|| 1.2990305962492976e-03
238 MLA ||r(i)||/||b|| 1.2514608557973558e-03
239 MLA ||r(i)||/||b|| 1.2056655289919547e-03
240 MLA ||r(i)||/||b|| 1.1615772612547494e-03
241 MLA ||r(i)||/||b|| 1.1191312974093226e-03
242 MLA ||r(i)||/||b|| 1.0782657950292342e-03
243 MLA ||r(i)||/||b|| 1.0389208172425428e-03
244 MLA ||r(i)||/||b|| 1.0010384842981377e-03
245 MLA ||r(i)||/||b|| 9.6456412634227692e-04
246 MLA ||r(i)||/||b|| 9.2944404158927735e-04
247 MLA ||r(i)||/||b|| 8.9562752311410170e-04
248 MLA ||r(i)||/||b|| 8.6306521009049664e-04
249 MLA ||r(i)||/||b|| 8.3170983061050120e-04
250 MLA ||r(i)||/||b|| 8.0151585831002639e-04
251 MLA ||r(i)||/||b|| 7.7243969490278536e-04
252 MLA ||r(i)||/||b|| 7.4443917333735495e-04
253 MLA ||r(i)||/||b|| 7.1747381951041021e-04
254 MLA ||r(i)||/||b|| 6.9150487126618356e-04
255 MLA ||r(i)||/||b|| 6.6649454802524726e-04
256 MLA ||r(i)||/||b|| 6.4240712997426291e-04
257 MLA ||r(i)||/||b|| 6.1920801967702325e-04
258 MLA ||r(i)||/||b|| 5.9686370016308115e-04
259 MLA ||r(i)||/||b|| 5.7534216793297868e-04
260 MLA ||r(i)||/||b|| 5.5461286369009840e-04
261 MLA ||r(i)||/||b|| 5.3464575643720881e-04
262 MLA ||r(i)||/||b|| 5.1541259554693656e-04
263 MLA ||r(i)||/||b|| 4.9688575254694454e-04
264 MLA ||r(i)||/||b|| 4.7903890082669453e-04
265 MLA ||r(i)||/||b|| 4.6184663866799639e-04
266 MLA ||r(i)||/||b|| 4.4528454933570594e-04
267 MLA ||r(i)||/||b|| 4.2932907017946038e-04
268 MLA ||r(i)||/||b|| 4.1395761828324704e-04
269 MLA ||r(i)||/||b|| 3.9914858522137466e-04
270 MLA ||r(i)||/||b|| 3.8488069128103246e-04
271 MLA ||r(i)||/||b|| 3.7113407673020022e-04
272 MLA ||r(i)||/||b|| 3.5788920628647175e-04
273 MLA ||r(i)||/||b|| 3.4512756222490062e-04
274 MLA ||r(i)||/||b|| 3.3283094744131924e-04
275 MLA ||r(i)||/||b|| 3.2098227058585492e-04
276 MLA ||r(i)||/||b|| 3.0956499833055518e-04
277 MLA ||r(i)||/||b|| 2.9856285526585433e-04
278 MLA ||r(i)||/||b|| 2.8796052961841317e-04
279 MLA ||r(i)||/||b|| 2.7774353582623717e-04
280 MLA ||r(i)||/||b|| 2.6789729637197342e-04
281 MLA ||r(i)||/||b|| 2.5840805801568081e-04
282 MLA ||r(i)||/||b|| 2.4926279809940702e-04
283 MLA ||r(i)||/||b|| 2.4044876308918994e-04
284 MLA ||r(i)||/||b|| 2.3195357572686036e-04
285 MLA ||r(i)||/||b|| 2.2376572950197240e-04
286 MLA ||r(i)||/||b|| 2.1587359784141198e-04
287 MLA ||r(i)||/||b|| 2.0826646616931260e-04
288 MLA ||r(i)||/||b|| 2.0093379312211961e-04
289 MLA ||r(i)||/||b|| 1.9386547245744222e-04
290 MLA ||r(i)||/||b|| 1.8705180051422154e-04
291 MLA ||r(i)||/||b|| 1.8048332167540441e-04
292 MLA ||r(i)||/||b|| 1.7415126385457325e-04
293 MLA ||r(i)||/||b|| 1.6804665261379093e-04
294 MLA ||r(i)||/||b|| 1.6216143006864714e-04
295 MLA ||r(i)||/||b|| 1.5648727843896128e-04
296 MLA ||r(i)||/||b|| 1.5101674186350180e-04
297 MLA ||r(i)||/||b|| 1.4574211813736651e-04
298 MLA ||r(i)||/||b|| 1.4065622866193351e-04
299 MLA ||r(i)||/||b|| 1.3575233752764854e-04
300 MLA ||r(i)||/||b|| 1.3102363798090047e-04
301 MLA ||r(i)||/||b|| 1.2646377898277767e-04
302 MLA ||r(i)||/||b|| 1.2206680034397022e-04
303 MLA ||r(i)||/||b|| 1.1782654573078973e-04
304 MLA ||r(i)||/||b|| 1.1373734361544358e-04
305 MLA ||r(i)||/||b|| 1.0979363052192845e-04
306 MLA ||r(i)||/||b|| 1.0599024127945607e-04
307 MLA ||r(i)||/||b|| 1.0232198828497770e-04
308 MLA ||r(i)||/||b|| 9.8783951935085655e-05
309 MLA ||r(i)||/||b|| 9.5371459034134629e-05
310 MLA ||r(i)||/||b|| 9.2079840816447240e-05
311 MLA ||r(i)||/||b|| 8.8904955251977428e-05
312 MLA ||r(i)||/||b|| 8.5842309164055694e-05
313 MLA ||r(i)||/||b|| 8.2887962522704776e-05
314 MLA ||r(i)||/||b|| 8.0037932901449226e-05
315 MLA ||r(i)||/||b|| 7.7288601018239038e-05
316 MLA ||r(i)||/||b|| 7.4636164808811043e-05
317 MLA ||r(i)||/||b|| 7.2077133694473659e-05
318 MLA ||r(i)||/||b|| 6.9608261714025927e-05
319 MLA ||r(i)||/||b|| 6.7226225354003941e-05
320 MLA ||r(i)||/||b|| 6.4927880002332801e-05
321 MLA ||r(i)||/||b|| 6.2710249754315632e-05
322 MLA ||r(i)||/||b|| 6.0570395927876331e-05
323 MLA ||r(i)||/||b|| 5.8505458703565017e-05
324 MLA ||r(i)||/||b|| 5.6512794252135365e-05
325 MLA ||r(i)||/||b|| 5.4589880426701855e-05
326 MLA ||r(i)||/||b|| 5.2734252596148229e-05
327 MLA ||r(i)||/||b|| 5.0943336418762561e-05
328 MLA ||r(i)||/||b|| 4.9214897648647376e-05
329 MLA ||r(i)||/||b|| 4.7546729725709954e-05
330 MLA ||r(i)||/||b|| 4.5936595148096368e-05
331 MLA ||r(i)||/||b|| 4.4382590934689063e-05
332 MLA ||r(i)||/||b|| 4.2882544001777802e-05
333 MLA ||r(i)||/||b|| 4.1434409166049719e-05
334 MLA ||r(i)||/||b|| 4.0036707752869319e-05
335 MLA ||r(i)||/||b|| 3.8687345314614729e-05
336 MLA ||r(i)||/||b|| 3.7384791966784924e-05
337 MLA ||r(i)||/||b|| 3.6127238190436397e-05
338 MLA ||r(i)||/||b|| 3.4913277033535790e-05
339 MLA ||r(i)||/||b|| 3.3741164572779701e-05
340 MLA ||r(i)||/||b|| 3.2609507649016972e-05
341 MLA ||r(i)||/||b|| 3.1516841697468960e-05
342 MLA ||r(i)||/||b|| 3.0461696604565120e-05
343 MLA ||r(i)||/||b|| 2.9442898369255120e-05
344 MLA ||r(i)||/||b|| 2.8459193131432145e-05
345 MLA ||r(i)||/||b|| 2.7509149033877792e-05
346 MLA ||r(i)||/||b|| 2.6591748661938792e-05
347 MLA ||r(i)||/||b|| 2.5705743713059716e-05
348 MLA ||r(i)||/||b|| 2.4849963760727191e-05
349 MLA ||r(i)||/||b|| 2.4023653225483606e-05
350 MLA ||r(i)||/||b|| 2.3225560319093361e-05
351 MLA ||r(i)||/||b|| 2.2454615912045800e-05
352 MLA ||r(i)||/||b|| 2.1709964402097787e-05
353 MLA ||r(i)||/||b|| 2.0990661091993855e-05
354 MLA ||r(i)||/||b|| 2.0295904650186008e-05
355 MLA ||r(i)||/||b|| 1.9624777830648863e-05
356 MLA ||r(i)||/||b|| 1.8976401476741689e-05
357 MLA ||r(i)||/||b|| 1.8350061319008609e-05
358 MLA ||r(i)||/||b|| 1.7744874965007790e-05
359 MLA ||r(i)||/||b|| 1.7160258499061866e-05
360 MLA ||r(i)||/||b|| 1.6595351513195768e-05
361 MLA ||r(i)||/||b|| 1.6049575859557361e-05
362 MLA ||r(i)||/||b|| 1.5522280307893445e-05
363 MLA ||r(i)||/||b|| 1.5012675359235229e-05
364 MLA ||r(i)||/||b|| 1.4520362807433264e-05
365 MLA ||r(i)||/||b|| 1.4044594462743047e-05
366 MLA ||r(i)||/||b|| 1.3584704945499856e-05
367 MLA ||r(i)||/||b|| 1.3140411019630619e-05
368 MLA ||r(i)||/||b|| 1.2710980867858319e-05
369 MLA ||r(i)||/||b|| 1.2296013306158937e-05
370 MLA ||r(i)||/||b|| 1.1894853122165587e-05
371 MLA ||r(i)||/||b|| 1.1507179767423383e-05
372 MLA ||r(i)||/||b|| 1.1132415141821811e-05
373 MLA ||r(i)||/||b|| 1.0770286437643392e-05
374 MLA ||r(i)||/||b|| 1.0420120323707527e-05
375 MLA ||r(i)||/||b|| 1.0081739117009472e-05
376 MLA ||r(i)||/||b|| 9.7544770759754282e-06
377 MLA ||r(i)||/||b|| 9.4381640276545877e-06
378 MLA ||r(i)||/||b|| 9.1324803193828391e-06
379 MLA ||r(i)||/||b|| 8.8369093323974190e-06
380 MLA ||r(i)||/||b|| 8.5510662755563337e-06
381 MLA ||r(i)||/||b|| 8.2747401645884475e-06
382 MLA ||r(i)||/||b|| 8.0075546274403860e-06
383 MLA ||r(i)||/||b|| 7.7492808909935735e-06
384 MLA ||r(i)||/||b|| 7.4994301708201266e-06
385 MLA ||r(i)||/||b|| 7.2579528864109382e-06
386 MLA ||r(i)||/||b|| 7.0243841854369518e-06
387 MLA ||r(i)||/||b|| 6.7984349772239463e-06
388 MLA ||r(i)||/||b|| 6.5799371332862076e-06
389 MLA ||r(i)||/||b|| 6.3687919603608381e-06
390 MLA ||r(i)||/||b|| 6.1644173143642069e-06
391 MLA ||r(i)||/||b|| 5.9669459194943714e-06
392 MLA ||r(i)||/||b|| 5.7758639792665578e-06
393 MLA ||r(i)||/||b|| 5.5909200169549973e-06
394 MLA ||r(i)||/||b|| 5.4121520343212185e-06
395 MLA ||r(i)||/||b|| 5.2392370670811725e-06
396 MLA ||r(i)||/||b|| 5.0718920985887425e-06
397 MLA ||r(i)||/||b|| 4.9100475457132725e-06
398 MLA ||r(i)||/||b|| 4.7535068089883092e-06
399 MLA ||r(i)||/||b|| 4.6020847264434618e-06
400 MLA ||r(i)||/||b|| 4.4556849216147539e-06
401 MLA ||r(i)||/||b|| 4.3138321171777393e-06
402 MLA ||r(i)||/||b|| 4.1767542317392837e-06
403 MLA ||r(i)||/||b|| 4.0440698559214011e-06
404 MLA ||r(i)||/||b|| 3.9155983649013174e-06
405 MLA ||r(i)||/||b|| 3.7913940095250317e-06
406 MLA ||r(i)||/||b|| 3.6712755116518775e-06
407 MLA ||r(i)||/||b|| 3.5549672267480480e-06
408 MLA ||r(i)||/||b|| 3.4424330518783545e-06
409 MLA ||r(i)||/||b|| 3.3336182142845310e-06
410 MLA ||r(i)||/||b|| 3.2282947138169741e-06
411 MLA ||r(i)||/||b|| 3.1262990003972358e-06
412 MLA ||r(i)||/||b|| 3.0276036590842534e-06
413 MLA ||r(i)||/||b|| 2.9319977765241927e-06
414 MLA ||r(i)||/||b|| 2.8395804860412535e-06
415 MLA ||r(i)||/||b|| 2.7501199894060127e-06
416 MLA ||r(i)||/||b|| 2.6635480601916783e-06
417 MLA ||r(i)||/||b|| 2.5797432926553151e-06
418 MLA ||r(i)||/||b|| 2.4986016211225347e-06
419 MLA ||r(i)||/||b|| 2.4200899381162104e-06
420 MLA ||r(i)||/||b|| 2.3440128966824838e-06
421 MLA ||r(i)||/||b|| 2.2705092564583984e-06
422 MLA ||r(i)||/||b|| 2.1992502937616299e-06
423 MLA ||r(i)||/||b|| 2.1302819645845920e-06
424 MLA ||r(i)||/||b|| 2.0635815174427066e-06
425 MLA ||r(i)||/||b|| 1.9990275554458353e-06
426 MLA ||r(i)||/||b|| 1.9364628515968872e-06
427 MLA ||r(i)||/||b|| 1.8758736379404644e-06
428 MLA ||r(i)||/||b|| 1.8173699742324033e-06
429 MLA ||r(i)||/||b|| 1.7605322623503248e-06
430 MLA ||r(i)||/||b|| 1.7056028854677062e-06
431 MLA ||r(i)||/||b|| 1.6523524105853157e-06
432 MLA ||r(i)||/||b|| 1.6007610691374511e-06
433 MLA ||r(i)||/||b|| 1.5509105006381832e-06
434 MLA ||r(i)||/||b|| 1.5025359188163107e-06
435 MLA ||r(i)||/||b|| 1.4557567692870737e-06
436 MLA ||r(i)||/||b|| 1.4104292267950580e-06
437 MLA ||r(i)||/||b|| 1.3666634517145772e-06
438 MLA ||r(i)||/||b|| 1.3241585081960782e-06
439 MLA ||r(i)||/||b|| 1.2830239206673544e-06
440 MLA ||r(i)||/||b|| 1.2430801917451893e-06
441 MLA ||r(i)||/||b|| 1.2045991889903917e-06
442 MLA ||r(i)||/||b|| 1.1672255482537844e-06
443 MLA ||r(i)||/||b|| 1.1310511436283440e-06
444 MLA ||r(i)||/||b|| 1.0960173388274809e-06
445 MLA ||r(i)||/||b|| 1.0620180335658411e-06
446 MLA ||r(i)||/||b|| 1.0291295680406077e-06
447 MLA ||r(i)||/||b|| 9.9728221756278387e-07
448 MLA ||r(i)||/||b|| 9.6647051518528810e-07
449 MLA ||r(i)||/||b|| 9.3654929107965786e-07
450 MLA ||r(i)||/||b|| 9.0761590687454415e-07
451 MLA ||r(i)||/||b|| 8.7953353054616566e-07
452 MLA ||r(i)||/||b|| 8.5242167893920544e-07
453 MLA ||r(i)||/||b|| 8.2609779139200002e-07
454 MLA ||r(i)||/||b|| 8.0068925955482184e-07
455 MLA ||r(i)||/||b|| 7.7597870405992144e-07
456 MLA ||r(i)||/||b|| 7.5202476207003522e-07
457 MLA ||r(i)||/||b|| 7.2893763637302681e-07
458 MLA ||r(i)||/||b|| 7.0641704795920269e-07
459 MLA ||r(i)||/||b|| 6.8468381746040882e-07
460 MLA ||r(i)||/||b|| 6.6363267562100330e-07
461 MLA ||r(i)||/||b|| 6.4320319841066116e-07
462 MLA ||r(i)||/||b|| 6.2347858644628342e-07
463 MLA ||r(i)||/||b|| 6.0423521808414037e-07
464 MLA ||r(i)||/||b|| 5.8565602162953456e-07
465 MLA ||r(i)||/||b|| 5.6772493320302290e-07
466 MLA ||r(i)||/||b|| 5.5023105989734104e-07
467 MLA ||r(i)||/||b|| 5.3346316467777782e-07
468 MLA ||r(i)||/||b|| 5.1696408657113996e-07
469 MLA ||r(i)||/||b|| 5.0117642032024503e-07
470 MLA ||r(i)||/||b|| 4.8586127025303244e-07
471 MLA ||r(i)||/||b|| 4.7097131754642466e-07
472 MLA ||r(i)||/||b|| 4.5654262058817477e-07
473 MLA ||r(i)||/||b|| 4.4257595719388196e-07
474 MLA ||r(i)||/||b|| 4.2898411121152266e-07
475 MLA ||r(i)||/||b|| 4.1588221965098393e-07
476 MLA ||r(i)||/||b|| 4.0314191596113734e-07
477 MLA ||r(i)||/||b|| 3.9085427082452423e-07
478 MLA ||r(i)||/||b|| 3.7889469166638676e-07
479 MLA ||r(i)||/||b|| 3.6731705801182612e-07
480 MLA ||r(i)||/||b|| 3.5605702366075407e-07
481 MLA ||r(i)||/||b|| 3.4519262404784479e-07
482 MLA ||r(i)||/||b|| 3.3458988699598013e-07
483 MLA ||r(i)||/||b|| 3.2446484561934444e-07
484 MLA ||r(i)||/||b|| 3.1456409673166554e-07
485 MLA ||r(i)||/||b|| 3.0495064020599580e-07
486 MLA ||r(i)||/||b|| 2.9571246399640756e-07
487 MLA ||r(i)||/||b|| 2.8665837113089483e-07
488 MLA ||r(i)||/||b|| 2.7789078047587511e-07
489 MLA ||r(i)||/||b|| 2.6936756161882097e-07
490 MLA ||r(i)||/||b|| 2.6133290754953828e-07
491 MLA ||r(i)||/||b|| 2.5327959740992665e-07
492 MLA ||r(i)||/||b|| 2.4559386331960136e-07
493 MLA ||r(i)||/||b|| 2.3812403610901970e-07
494 MLA ||r(i)||/||b|| 2.3090793890302429e-07
495 MLA ||r(i)||/||b|| 2.2381520947356788e-07
496 MLA ||r(i)||/||b|| 2.1707028581518125e-07
497 MLA ||r(i)||/||b|| 2.1036499118281206e-07
498 MLA ||r(i)||/||b|| 2.0411429542862078e-07
499 MLA ||r(i)||/||b|| 1.9787151097145852e-07
500 MLA ||r(i)||/||b|| 1.9186857278053572e-07
501 MLA ||r(i)||/||b|| 1.8604340914630217e-07
502 MLA ||r(i)||/||b|| 1.8034673439776507e-07
503 MLA ||r(i)||/||b|| 1.7497157985652810e-07
504 MLA ||r(i)||/||b|| 1.6962230895635056e-07
505 MLA ||r(i)||/||b|| 1.6451858330652358e-07
506 MLA ||r(i)||/||b|| 1.5945351601235295e-07
507 MLA ||r(i)||/||b|| 1.5461307947600153e-07
508 MLA ||r(i)||/||b|| 1.4999925969308895e-07
509 MLA ||r(i)||/||b|| 1.4537823743232890e-07
510 MLA ||r(i)||/||b|| 1.4098513037962051e-07
511 MLA ||r(i)||/||b|| 1.3674320577501778e-07
512 MLA ||r(i)||/||b|| 1.3258602419837888e-07
513 MLA ||r(i)||/||b|| 1.2865832414092921e-07
514 MLA ||r(i)||/||b|| 1.2474939621408684e-07
515 MLA ||r(i)||/||b|| 1.2095806476288728e-07
516 MLA ||r(i)||/||b|| 1.1729013299342155e-07
517 MLA ||r(i)||/||b|| 1.1371711501877742e-07
518 MLA ||r(i)||/||b|| 1.1024493833243587e-07
519 MLA ||r(i)||/||b|| 1.0701063078791752e-07
520 MLA ||r(i)||/||b|| 1.0376272033317729e-07
521 MLA ||r(i)||/||b|| 1.0068271787605954e-07
522 MLA ||r(i)||/||b|| 9.7701094745156423e-08
523 MLA ||r(i)||/||b|| 9.4711607733380699e-08
524 MLA ||r(i)||/||b|| 9.1859839561882245e-08
525 MLA ||r(i)||/||b|| 8.9062141476023717e-08
526 MLA ||r(i)||/||b|| 8.6402444390943601e-08
527 MLA ||r(i)||/||b|| 8.3805616451372727e-08
528 MLA ||r(i)||/||b|| 8.1243671701505468e-08
529 MLA ||r(i)||/||b|| 7.8864891035634809e-08
530 MLA ||r(i)||/||b|| 7.6531114784972539e-08
531 MLA ||r(i)||/||b|| 7.4138901652054497e-08
532 MLA ||r(i)||/||b|| 7.1896854457441584e-08
533 MLA ||r(i)||/||b|| 6.9785058890338127e-08
534 MLA ||r(i)||/||b|| 6.7606737474218082e-08
535 MLA ||r(i)||/||b|| 6.5723113668060403e-08
536 MLA ||r(i)||/||b|| 6.3668199313925583e-08
537 MLA ||r(i)||/||b|| 6.1870851200594396e-08
538 MLA ||r(i)||/||b|| 5.9885681967328717e-08
539 MLA ||r(i)||/||b|| 5.8086781627915055e-08
540 MLA ||r(i)||/||b|| 5.6463376672026532e-08
541 MLA ||r(i)||/||b|| 5.4716848235066291e-08
542 MLA ||r(i)||/||b|| 5.3075783708279738e-08
543 MLA ||r(i)||/||b|| 5.1473357584192157e-08
544 MLA ||r(i)||/||b|| 4.9908480995271872e-08
545 MLA ||r(i)||/||b|| 4.8376102094114289e-08
546 MLA ||r(i)||/||b|| 4.6987803892323624e-08
547 MLA ||r(i)||/||b|| 4.5698901605679792e-08
548 MLA ||r(i)||/||b|| 4.4200903411734767e-08
549 MLA ||r(i)||/||b|| 4.2981731816239578e-08
550 MLA ||r(i)||/||b|| 4.1711584218083690e-08
551 MLA ||r(i)||/||b|| 4.0409351959974836e-08
552 MLA ||r(i)||/||b|| 3.9300421927310078e-08
553 MLA ||r(i)||/||b|| 3.8072015387231263e-08
554 MLA ||r(i)||/||b|| 3.7018081222742107e-08
555 MLA ||r(i)||/||b|| 3.5886719802828298e-08
556 MLA ||r(i)||/||b|| 3.4882332822451986e-08
557 MLA ||r(i)||/||b|| 3.3895078853635137e-08
558 MLA ||r(i)||/||b|| 3.2772044876591662e-08
559 MLA ||r(i)||/||b|| 3.1871887326520159e-08
560 MLA ||r(i)||/||b|| 3.0959830258514998e-08
561 MLA ||r(i)||/||b|| 3.0011869826121119e-08
562 MLA ||r(i)||/||b|| 2.9138250458195091e-08
563 MLA ||r(i)||/||b|| 2.8359734383269301e-08
564 MLA ||r(i)||/||b|| 2.7481008658486238e-08
565 MLA ||r(i)||/||b|| 2.6642186389515295e-08
566 MLA ||r(i)||/||b|| 2.5883597062329455e-08
567 MLA ||r(i)||/||b|| 2.5119574631485647e-08
568 MLA ||r(i)||/||b|| 2.4492129168987080e-08
569 MLA ||r(i)||/||b|| 2.3671997292937505e-08
570 MLA ||r(i)||/||b|| 2.3056594299229674e-08
571 MLA ||r(i)||/||b|| 2.2460271311417726e-08
572 MLA ||r(i)||/||b|| 2.1791537691653738e-08
573 MLA ||r(i)||/||b|| 2.1182294680770195e-08
574 MLA ||r(i)||/||b|| 2.0623260863995942e-08
575 MLA ||r(i)||/||b|| 2.0056909962842246e-08
576 MLA ||r(i)||/||b|| 1.9510570835707220e-08
577 MLA ||r(i)||/||b|| 1.8971039017383059e-08
578 MLA ||r(i)||/||b|| 1.8441261430021994e-08
579 MLA ||r(i)||/||b|| 1.7841806082450435e-08
580 MLA ||r(i)||/||b|| 1.7491072260842351e-08
581 MLA ||r(i)||/||b|| 1.6952735726763071e-08
582 MLA ||r(i)||/||b|| 1.6425857153079376e-08
583 MLA ||r(i)||/||b|| 1.6123040464705887e-08
584 MLA ||r(i)||/||b|| 1.5559012594632701e-08
585 MLA ||r(i)||/||b|| 1.5104179049394940e-08
586 MLA ||r(i)||/||b|| 1.4909405876165482e-08
587 MLA ||r(i)||/||b|| 1.4386676446529635e-08
588 MLA ||r(i)||/||b|| 1.4099991509265475e-08
589 MLA ||r(i)||/||b|| 1.3723569650897346e-08
590 MLA ||r(i)||/||b|| 1.3310391639561576e-08
591 MLA ||r(i)||/||b|| 1.3165382965174168e-08
592 MLA ||r(i)||/||b|| 1.2694097706999666e-08
593 MLA ||r(i)||/||b|| 1.2388434331625819e-08
594 MLA ||r(i)||/||b|| 1.2083749309202461e-08
595 MLA ||r(i)||/||b|| 1.1745843114044318e-08
596 MLA ||r(i)||/||b|| 1.1508691765534304e-08
597 MLA ||r(i)||/||b|| 1.1193454690999134e-08
598 MLA ||r(i)||/||b|| 1.0994465055801255e-08
599 MLA ||r(i)||/||b|| 1.0698559779501459e-08
600 MLA ||r(i)||/||b|| 1.0569546653688600e-08
601 MLA ||r(i)||/||b|| 1.0231861479046561e-08
602 MLA ||r(i)||/||b|| 9.9659196900753519e-09
>>>> mla solve time: 18.7455 (s)
>>>> ksp solve time: 0.149585 (s)
            || b ||_2 = 3.6456789914864118e-01
|| r ||_2 / || b ||_2 = 2.8848039306212900e+01
