Config file: ../input/config/mla_v_cycle-refine1.json
order_rbm = 2
==== basic information of linear system ====
matrix Row = 5340, matrix Column = 5340
matrix nz_allocated = 104619, matrix nz_used = 104619, matrix nz_unneeded = 0
vector Row = 5340
>>>>>>>> setup phase:
 prolongation_block_row = 890, col = 263
size of prolongation: m = 5340, n = 2367
  0 KSP unpreconditioned resid norm 1.385199406759e+00 true resid norm 1.385199406759e+00 ||r(i)||/||b|| 1.000000000000e+00
  1 KSP unpreconditioned resid norm 5.564894020024e+01 true resid norm 5.564894020024e+01 ||r(i)||/||b|| 4.017395613131e+01
  2 KSP unpreconditioned resid norm 6.455937215473e+01 true resid norm 6.455937215473e+01 ||r(i)||/||b|| 4.660655486836e+01
  3 KSP unpreconditioned resid norm 1.163426517736e+01 true resid norm 1.163426517737e+01 ||r(i)||/||b|| 8.398982211947e+00
  4 KSP unpreconditioned resid norm 4.239677993884e+00 true resid norm 4.239677993883e+00 ||r(i)||/||b|| 3.060698678613e+00
  5 KSP unpreconditioned resid norm 2.226351814164e+00 true resid norm 2.226351814164e+00 ||r(i)||/||b|| 1.607242829661e+00
  6 KSP unpreconditioned resid norm 1.781184198133e+00 true resid norm 1.781184198132e+00 ||r(i)||/||b|| 1.285868438465e+00
  7 KSP unpreconditioned resid norm 1.124433410942e+00 true resid norm 1.124433410938e+00 ||r(i)||/||b|| 8.117484063681e-01
  8 KSP unpreconditioned resid norm 4.352940413415e-01 true resid norm 4.352940413369e-01 ||r(i)||/||b|| 3.142464826457e-01
  9 KSP unpreconditioned resid norm 2.715731976653e-01 true resid norm 2.715731976638e-01 ||r(i)||/||b|| 1.960535041661e-01
 10 KSP unpreconditioned resid norm 1.118202482039e-01 true resid norm 1.118202482030e-01 ||r(i)||/||b|| 8.072501883659e-02
 11 KSP unpreconditioned resid norm 1.045540713470e-01 true resid norm 1.045540713419e-01 ||r(i)||/||b|| 7.547943699065e-02
 12 KSP unpreconditioned resid norm 3.176030952633e-02 true resid norm 3.176030952387e-02 ||r(i)||/||b|| 2.292833029592e-02
 13 KSP unpreconditioned resid norm 2.079059034335e-02 true resid norm 2.079059034183e-02 ||r(i)||/||b|| 1.500909561496e-02
 14 KSP unpreconditioned resid norm 6.932915566218e-03 true resid norm 6.932915562107e-03 ||r(i)||/||b|| 5.004994608198e-03
 15 KSP unpreconditioned resid norm 3.701521986667e-03 true resid norm 3.701521985939e-03 ||r(i)||/||b|| 2.672194319373e-03
 16 KSP unpreconditioned resid norm 2.303455860247e-03 true resid norm 2.303455862347e-03 ||r(i)||/||b|| 1.662905608469e-03
 17 KSP unpreconditioned resid norm 1.891525839086e-03 true resid norm 1.891525841593e-03 ||r(i)||/||b|| 1.365526026335e-03
 18 KSP unpreconditioned resid norm 7.103069227681e-04 true resid norm 7.103069293806e-04 ||r(i)||/||b|| 5.127831602547e-04
 19 KSP unpreconditioned resid norm 2.929688935618e-04 true resid norm 2.929688977318e-04 ||r(i)||/||b|| 2.114994392160e-04
 20 KSP unpreconditioned resid norm 1.954256394020e-04 true resid norm 1.954256368285e-04 ||r(i)||/||b|| 1.410812305253e-04
 21 KSP unpreconditioned resid norm 8.794168848281e-05 true resid norm 8.794169879655e-05 ||r(i)||/||b|| 6.348667084858e-05
 22 KSP unpreconditioned resid norm 5.476730278040e-05 true resid norm 5.476729951267e-05 ||r(i)||/||b|| 3.953748409467e-05
 23 KSP unpreconditioned resid norm 2.620441826012e-05 true resid norm 2.620442088270e-05 ||r(i)||/||b|| 1.891743582537e-05
 24 KSP unpreconditioned resid norm 1.542802832104e-05 true resid norm 1.542803763524e-05 ||r(i)||/||b|| 1.113777378185e-05
 25 KSP unpreconditioned resid norm 1.119638607706e-05 true resid norm 1.119639105746e-05 ||r(i)||/||b|| 8.082873124856e-06
 26 KSP unpreconditioned resid norm 7.687876930133e-06 true resid norm 7.687877598467e-06 ||r(i)||/||b|| 5.550015081551e-06
 27 KSP unpreconditioned resid norm 4.888309033718e-06 true resid norm 4.888316033824e-06 ||r(i)||/||b|| 3.528961974696e-06
 28 KSP unpreconditioned resid norm 3.649494306405e-06 true resid norm 3.649494121149e-06 ||r(i)||/||b|| 2.634634481752e-06
 29 KSP unpreconditioned resid norm 1.734439076458e-06 true resid norm 1.734451211113e-06 ||r(i)||/||b|| 1.252131066943e-06
 30 KSP unpreconditioned resid norm 9.071562734190e-07 true resid norm 9.071580394463e-07 ||r(i)||/||b|| 6.548934651719e-07
 31 KSP unpreconditioned resid norm 4.986029339346e-07 true resid norm 4.986100505099e-07 ||r(i)||/||b|| 3.599554317429e-07
 32 KSP unpreconditioned resid norm 4.986009467826e-07 true resid norm 4.986088426923e-07 ||r(i)||/||b|| 3.599545597980e-07
 33 KSP unpreconditioned resid norm 4.973529365876e-07 true resid norm 4.973553143440e-07 ||r(i)||/||b|| 3.590496154685e-07
 34 KSP unpreconditioned resid norm 4.846813906785e-07 true resid norm 4.846827285436e-07 ||r(i)||/||b|| 3.499010511979e-07
 35 KSP unpreconditioned resid norm 1.793546582232e-07 true resid norm 1.793632691372e-07 ||r(i)||/||b|| 1.294855226345e-07
 36 KSP unpreconditioned resid norm 1.570848633564e-07 true resid norm 1.570909855027e-07 ||r(i)||/||b|| 1.134067663733e-07
 37 KSP unpreconditioned resid norm 7.238496954677e-08 true resid norm 7.238998697978e-08 ||r(i)||/||b|| 5.225961448335e-08
 38 KSP unpreconditioned resid norm 5.590036588769e-08 true resid norm 5.590787965603e-08 ||r(i)||/||b|| 4.036088911332e-08
 39 KSP unpreconditioned resid norm 1.865461986471e-08 true resid norm 1.869475528563e-08 ||r(i)||/||b|| 1.349607514587e-08
 40 KSP unpreconditioned resid norm 1.231727240713e-08 true resid norm 1.238336293421e-08 ||r(i)||/||b|| 8.939769157993e-09
            || b ||_2 = 1.3851994067587832e+00
|| r ||_2 / || b ||_2 = 8.9397691579931283e-09
WARNING! There are options you set that were not used!
WARNING! could be spelling mistake, etc!
There is one unused database option. It is:
Option left: name:-ksp_gmres_restart value: 50 source: command line
