Config file: ../input/config/mla_v_cycle-refine2.json
order_rbm = 2
==== basic information of linear system ====
matrix Row = 19158, matrix Column = 19158
matrix nz_allocated = 387515, matrix nz_used = 387515, matrix nz_unneeded = 0
vector Row = 19158
>>>>>>>> setup phase:
 prolongation_block_row = 3193, col = 979
size of prolongation: m = 19158, n = 8811
  0 KSP unpreconditioned resid norm 7.204273425169e-01 true resid norm 7.204273425169e-01 ||r(i)||/||b|| 1.000000000000e+00
  1 KSP unpreconditioned resid norm 7.195898862237e-01 true resid norm 7.195898862237e-01 ||r(i)||/||b|| 9.988375562062e-01
  2 KSP unpreconditioned resid norm 7.195324464741e-01 true resid norm 7.195324464741e-01 ||r(i)||/||b|| 9.987578260985e-01
  3 KSP unpreconditioned resid norm 7.170547861742e-01 true resid norm 7.170547861744e-01 ||r(i)||/||b|| 9.953186724829e-01
  4 KSP unpreconditioned resid norm 7.169870058076e-01 true resid norm 7.169870058077e-01 ||r(i)||/||b|| 9.952245889264e-01
  5 KSP unpreconditioned resid norm 7.169317783721e-01 true resid norm 7.169317783722e-01 ||r(i)||/||b|| 9.951479296545e-01
  6 KSP unpreconditioned resid norm 7.095127011906e-01 true resid norm 7.095127011903e-01 ||r(i)||/||b|| 9.848497680717e-01
  7 KSP unpreconditioned resid norm 6.783110884414e-01 true resid norm 6.783110884396e-01 ||r(i)||/||b|| 9.415399005677e-01
  8 KSP unpreconditioned resid norm 4.541681375189e-01 true resid norm 4.541681375092e-01 ||r(i)||/||b|| 6.304149089101e-01
  9 KSP unpreconditioned resid norm 1.787292866452e-01 true resid norm 1.787292866591e-01 ||r(i)||/||b|| 2.480878724489e-01
 10 KSP unpreconditioned resid norm 5.547862489934e-02 true resid norm 5.547862485093e-02 ||r(i)||/||b|| 7.700793900618e-02
 11 KSP unpreconditioned resid norm 1.256517741314e-02 true resid norm 1.256517740701e-02 ||r(i)||/||b|| 1.744128334041e-02
 12 KSP unpreconditioned resid norm 3.545813838711e-03 true resid norm 3.545813826344e-03 ||r(i)||/||b|| 4.921820171284e-03
 13 KSP unpreconditioned resid norm 7.994323078538e-04 true resid norm 7.994323206894e-04 ||r(i)||/||b|| 1.109664047309e-03
 14 KSP unpreconditioned resid norm 1.827666911678e-04 true resid norm 1.827666673115e-04 ||r(i)||/||b|| 2.536920193409e-04
 15 KSP unpreconditioned resid norm 1.031456135818e-04 true resid norm 1.031455260354e-04 ||r(i)||/||b|| 1.431726975757e-04
 16 KSP unpreconditioned resid norm 2.049633601420e-05 true resid norm 2.049634134281e-05 ||r(i)||/||b|| 2.845025463803e-05
 17 KSP unpreconditioned resid norm 4.946968430736e-06 true resid norm 4.946960707681e-06 ||r(i)||/||b|| 6.866703157598e-06
 18 KSP unpreconditioned resid norm 9.578107713156e-07 true resid norm 9.578331517194e-07 ||r(i)||/||b|| 1.329534701408e-06
 19 KSP unpreconditioned resid norm 2.156958655060e-07 true resid norm 2.157003844633e-07 ||r(i)||/||b|| 2.994061603904e-07
 20 KSP unpreconditioned resid norm 5.663068915275e-08 true resid norm 5.667148537411e-08 ||r(i)||/||b|| 7.866370698275e-08
 21 KSP unpreconditioned resid norm 1.851425014002e-08 true resid norm 1.862215151013e-08 ||r(i)||/||b|| 2.584875727380e-08
 22 KSP unpreconditioned resid norm 3.835595670553e-09 true resid norm 4.580674917943e-09 ||r(i)||/||b|| 6.358274662286e-09
            || b ||_2 = 7.2042734251691598e-01
|| r ||_2 / || b ||_2 = 6.3582746622856567e-09
