Config file: ../input/config/mla_v_cycle-refine0.json
order_rbm = 2
==== basic information of linear system ====
matrix Row = 1506, matrix Column = 1506
matrix nz_allocated = 27747, matrix nz_used = 27747, matrix nz_unneeded = 0
vector Row = 1506
>>>>>>>> setup phase:
 prolongation_block_row = 251, col = 65
size of prolongation: m = 1506, n = 585
  0 KSP unpreconditioned resid norm 2.650113947035e+00 true resid norm 2.650113947035e+00 ||r(i)||/||b|| 1.000000000000e+00
  1 KSP unpreconditioned resid norm 2.644296465837e+00 true resid norm 2.644296465837e+00 ||r(i)||/||b|| 9.978048184665e-01
  2 KSP unpreconditioned resid norm 2.631314401298e+00 true resid norm 2.631314401298e+00 ||r(i)||/||b|| 9.929061368255e-01
  3 KSP unpreconditioned resid norm 2.611509403543e+00 true resid norm 2.611509403543e+00 ||r(i)||/||b|| 9.854328741090e-01
  4 KSP unpreconditioned resid norm 2.605588408359e+00 true resid norm 2.605588408359e+00 ||r(i)||/||b|| 9.831986323736e-01
  5 KSP unpreconditioned resid norm 2.585683051055e+00 true resid norm 2.585683051055e+00 ||r(i)||/||b|| 9.756874997575e-01
  6 KSP unpreconditioned resid norm 9.682873556538e-01 true resid norm 9.682873556577e-01 ||r(i)||/||b|| 3.653757442169e-01
  7 KSP unpreconditioned resid norm 1.007096526719e-01 true resid norm 1.007096526610e-01 ||r(i)||/||b|| 3.800200846973e-02
  8 KSP unpreconditioned resid norm 5.340656476548e-03 true resid norm 5.340656477523e-03 ||r(i)||/||b|| 2.015255413262e-03
  9 KSP unpreconditioned resid norm 4.205822890278e-04 true resid norm 4.205822856095e-04 ||r(i)||/||b|| 1.587034723847e-04
 10 KSP unpreconditioned resid norm 2.118407352107e-05 true resid norm 2.118409081603e-05 ||r(i)||/||b|| 7.993652816224e-06
 11 KSP unpreconditioned resid norm 1.192843128885e-06 true resid norm 1.192858899598e-06 ||r(i)||/||b|| 4.501160793227e-07
 12 KSP unpreconditioned resid norm 6.310327194955e-08 true resid norm 6.310242722014e-08 ||r(i)||/||b|| 2.381121283133e-08
 13 KSP unpreconditioned resid norm 3.762443319351e-09 true resid norm 3.756394126969e-09 ||r(i)||/||b|| 1.417446269120e-09
            || b ||_2 = 2.6501139470351753e+00
|| r ||_2 / || b ||_2 = 1.4174462691203760e-09
