Config file: ../input/config/mla_v_cycle-refine2.json
order_rbm = 2
==== basic information of linear system ====
matrix Row = 19158, matrix Column = 19158
matrix nz_allocated = 387515, matrix nz_used = 387515, matrix nz_unneeded = 0
vector Row = 19158
>>>>>>>> setup phase:
 prolongation_block_row = 3193, col = 979
size of prolongation: m = 19158, n = 8811
  0 KSP unpreconditioned resid norm 7.204273425169e-01 true resid norm 7.204273425169e-01 ||r(i)||/||b|| 1.000000000000e+00
  1 KSP unpreconditioned resid norm 7.177628014313e-01 true resid norm 7.177628014313e-01 ||r(i)||/||b|| 9.963014437010e-01
  2 KSP unpreconditioned resid norm 6.952802189300e-01 true resid norm 6.952802189301e-01 ||r(i)||/||b|| 9.650941571721e-01
  3 KSP unpreconditioned resid norm 6.949437748527e-01 true resid norm 6.949437748529e-01 ||r(i)||/||b|| 9.646271509144e-01
  4 KSP unpreconditioned resid norm 6.279644577623e-01 true resid norm 6.279644577634e-01 ||r(i)||/||b|| 8.716555032038e-01
  5 KSP unpreconditioned resid norm 5.913326396129e-01 true resid norm 5.913326396150e-01 ||r(i)||/||b|| 8.208081574876e-01
  6 KSP unpreconditioned resid norm 5.911600673052e-01 true resid norm 5.911600673059e-01 ||r(i)||/||b|| 8.205686159004e-01
  7 KSP unpreconditioned resid norm 5.704686154902e-01 true resid norm 5.704686154877e-01 ||r(i)||/||b|| 7.918475352347e-01
  8 KSP unpreconditioned resid norm 5.067404164909e-01 true resid norm 5.067404164822e-01 ||r(i)||/||b|| 7.033886508413e-01
  9 KSP unpreconditioned resid norm 3.376424231201e-01 true resid norm 3.376424230782e-01 ||r(i)||/||b|| 4.686696397427e-01
 10 KSP unpreconditioned resid norm 1.353856918192e-01 true resid norm 1.353856917438e-01 ||r(i)||/||b|| 1.879241441210e-01
 11 KSP unpreconditioned resid norm 2.988816345809e-02 true resid norm 2.988816328341e-02 ||r(i)||/||b|| 4.148671423129e-02
 12 KSP unpreconditioned resid norm 8.147861637539e-03 true resid norm 8.147861485012e-03 ||r(i)||/||b|| 1.130976158754e-02
 13 KSP unpreconditioned resid norm 1.613829458569e-03 true resid norm 1.613829434650e-03 ||r(i)||/||b|| 2.240100200823e-03
 14 KSP unpreconditioned resid norm 3.818285959197e-04 true resid norm 3.818285971228e-04 ||r(i)||/||b|| 5.300029226942e-04
 15 KSP unpreconditioned resid norm 6.934310443391e-05 true resid norm 6.934307982741e-05 ||r(i)||/||b|| 9.625270410358e-05
 16 KSP unpreconditioned resid norm 1.505352397549e-05 true resid norm 1.505350645942e-05 ||r(i)||/||b|| 2.089524587841e-05
 17 KSP unpreconditioned resid norm 3.265956701335e-06 true resid norm 3.265955307314e-06 ||r(i)||/||b|| 4.533358347983e-06
 18 KSP unpreconditioned resid norm 6.826899253847e-07 true resid norm 6.827048522555e-07 ||r(i)||/||b|| 9.476387304657e-07
 19 KSP unpreconditioned resid norm 1.276884503086e-07 true resid norm 1.277761247135e-07 ||r(i)||/||b|| 1.773615702412e-07
 20 KSP unpreconditioned resid norm 2.647813901623e-08 true resid norm 2.711962238207e-08 ||r(i)||/||b|| 3.764379942511e-08
 21 KSP unpreconditioned resid norm 5.908982133650e-09 true resid norm 8.190981939946e-09 ||r(i)||/||b|| 1.136961558306e-08
            || b ||_2 = 7.2042734251691598e-01
|| r ||_2 / || b ||_2 = 1.1369615583064895e-08
