Config file: ../input/config/mla_v_cycle-refine0.json
order_rbm = 1
==== basic information of linear system ====
matrix Row = 1506, matrix Column = 1506
matrix nz_allocated = 27747, matrix nz_used = 27747, matrix nz_unneeded = 0
vector Row = 1506
>>>>>>>> setup phase:
 prolongation_block_row = 251, col = 65
size of prolongation: m = 1506, n = 390
  0 KSP unpreconditioned resid norm 2.650113947035e+00 true resid norm 2.650113947035e+00 ||r(i)||/||b|| 1.000000000000e+00
  1 KSP unpreconditioned resid norm 2.592524008349e+00 true resid norm 2.592524008350e+00 ||r(i)||/||b|| 9.782688820795e-01
  2 KSP unpreconditioned resid norm 2.565542351279e+00 true resid norm 2.565542351279e+00 ||r(i)||/||b|| 9.680875624800e-01
  3 KSP unpreconditioned resid norm 2.244922515296e+00 true resid norm 2.244922515297e+00 ||r(i)||/||b|| 8.471041472796e-01
  4 KSP unpreconditioned resid norm 9.472003839307e-01 true resid norm 9.472003839301e-01 ||r(i)||/||b|| 3.574187385375e-01
  5 KSP unpreconditioned resid norm 2.615417412355e-01 true resid norm 2.615417412290e-01 ||r(i)||/||b|| 9.869075309820e-02
  6 KSP unpreconditioned resid norm 5.622776818126e-02 true resid norm 5.622776818427e-02 ||r(i)||/||b|| 2.121711341777e-02
  7 KSP unpreconditioned resid norm 1.340218914850e-02 true resid norm 1.340218915105e-02 ||r(i)||/||b|| 5.057212413846e-03
  8 KSP unpreconditioned resid norm 3.131351088683e-03 true resid norm 3.131351081065e-03 ||r(i)||/||b|| 1.181591110287e-03
  9 KSP unpreconditioned resid norm 8.156252484860e-04 true resid norm 8.156252488415e-04 ||r(i)||/||b|| 3.077698790099e-04
 10 KSP unpreconditioned resid norm 2.061510477593e-04 true resid norm 2.061510310180e-04 ||r(i)||/||b|| 7.778949703225e-05
 11 KSP unpreconditioned resid norm 3.818297551721e-05 true resid norm 3.818297648932e-05 ||r(i)||/||b|| 1.440805084326e-05
 12 KSP unpreconditioned resid norm 8.543257794311e-06 true resid norm 8.543271776145e-06 ||r(i)||/||b|| 3.223737524835e-06
 13 KSP unpreconditioned resid norm 2.017588300807e-06 true resid norm 2.017582493005e-06 ||r(i)||/||b|| 7.613191482812e-07
 14 KSP unpreconditioned resid norm 4.888248428529e-07 true resid norm 4.888328188366e-07 ||r(i)||/||b|| 1.844572831985e-07
 15 KSP unpreconditioned resid norm 1.047692864598e-07 true resid norm 1.047528920259e-07 ||r(i)||/||b|| 3.952769357073e-08
 16 KSP unpreconditioned resid norm 2.024420319513e-08 true resid norm 2.021964492413e-08 ||r(i)||/||b|| 7.629726618642e-09
            || b ||_2 = 2.6501139470351753e+00
|| r ||_2 / || b ||_2 = 7.6297266186422704e-09
WARNING! There are options you set that were not used!
WARNING! could be spelling mistake, etc!
There is one unused database option. It is:
Option left: name:-ksp_gmres_resart value: 50 source: command line
