Config file: ../input/config/mla_v_cycle-refine2.json
order_rbm = 1
==== basic information of linear system ====
matrix Row = 19158, matrix Column = 19158
matrix nz_allocated = 387515, matrix nz_used = 387515, matrix nz_unneeded = 0
vector Row = 19158
>>>>>>>> setup phase:
 prolongation_block_row = 3193, col = 979
size of prolongation: m = 19158, n = 5874
  0 KSP unpreconditioned resid norm 7.204273425169e-01 true resid norm 7.204273425169e-01 ||r(i)||/||b|| 1.000000000000e+00
  1 KSP unpreconditioned resid norm 7.190130126361e-01 true resid norm 7.190130126361e-01 ||r(i)||/||b|| 9.980368181531e-01
  2 KSP unpreconditioned resid norm 7.174666053300e-01 true resid norm 7.174666053300e-01 ||r(i)||/||b|| 9.958903042511e-01
  3 KSP unpreconditioned resid norm 7.084241107756e-01 true resid norm 7.084241107767e-01 ||r(i)||/||b|| 9.833387337878e-01
  4 KSP unpreconditioned resid norm 6.167189577824e-01 true resid norm 6.167189577972e-01 ||r(i)||/||b|| 8.560460179685e-01
  5 KSP unpreconditioned resid norm 3.791909506631e-01 true resid norm 3.791909506690e-01 ||r(i)||/||b|| 5.263416978931e-01
  6 KSP unpreconditioned resid norm 1.245624473298e-01 true resid norm 1.245624473505e-01 ||r(i)||/||b|| 1.729007770796e-01
  7 KSP unpreconditioned resid norm 4.603679968449e-02 true resid norm 4.603679967106e-02 ||r(i)||/||b|| 6.390207166517e-02
  8 KSP unpreconditioned resid norm 1.387672118095e-02 true resid norm 1.387672118518e-02 ||r(i)||/||b|| 1.926179139273e-02
  9 KSP unpreconditioned resid norm 3.510358031223e-03 true resid norm 3.510357918128e-03 ||r(i)||/||b|| 4.872605065021e-03
 10 KSP unpreconditioned resid norm 2.274151485527e-03 true resid norm 2.274151388525e-03 ||r(i)||/||b|| 3.156670012801e-03
 11 KSP unpreconditioned resid norm 6.862325618996e-04 true resid norm 6.862324606560e-04 ||r(i)||/||b|| 9.525352803221e-04
 12 KSP unpreconditioned resid norm 2.314177849095e-04 true resid norm 2.314177047059e-04 ||r(i)||/||b|| 3.212228229670e-04
 13 KSP unpreconditioned resid norm 6.648621933383e-05 true resid norm 6.648616038713e-05 ||r(i)||/||b|| 9.228711413818e-05
 14 KSP unpreconditioned resid norm 1.474638310813e-05 true resid norm 1.474633487334e-05 ||r(i)||/||b|| 2.046887174191e-05
 15 KSP unpreconditioned resid norm 3.264386722221e-06 true resid norm 3.264344753613e-06 ||r(i)||/||b|| 4.531122794713e-06
 16 KSP unpreconditioned resid norm 8.836720217459e-07 true resid norm 8.836836168458e-07 ||r(i)||/||b|| 1.226610325142e-06
 17 KSP unpreconditioned resid norm 2.244583660049e-07 true resid norm 2.244221711914e-07 ||r(i)||/||b|| 3.115125675371e-07
 18 KSP unpreconditioned resid norm 4.916912730037e-08 true resid norm 4.936219850497e-08 ||r(i)||/||b|| 6.851794149361e-08
 19 KSP unpreconditioned resid norm 1.110540667048e-08 true resid norm 1.171419836267e-08 ||r(i)||/||b|| 1.626006908864e-08
 20 KSP unpreconditioned resid norm 2.539314154163e-09 true resid norm 4.559294581372e-09 ||r(i)||/||b|| 6.328597364786e-09
            || b ||_2 = 7.2042734251691598e-01
|| r ||_2 / || b ||_2 = 6.3285973647855323e-09
WARNING! There are options you set that were not used!
WARNING! could be spelling mistake, etc!
There is one unused database option. It is:
Option left: name:-ksp_gmres_resart value: 50 source: command line
