Config file: ../input/config/mla_v_cycle-refine1.json
order_rbm = 2
==== basic information of linear system ====
matrix Row = 5340, matrix Column = 5340
matrix nz_allocated = 104619, matrix nz_used = 104619, matrix nz_unneeded = 0
vector Row = 5340
>>>>>>>> setup phase:
 prolongation_block_row = 890, col = 263
size of prolongation: m = 5340, n = 2367
  0 KSP unpreconditioned resid norm 1.385199406759e+00 true resid norm 1.385199406759e+00 ||r(i)||/||b|| 1.000000000000e+00
  1 KSP unpreconditioned resid norm 1.373361711188e+00 true resid norm 1.373361711188e+00 ||r(i)||/||b|| 9.914541577820e-01
  2 KSP unpreconditioned resid norm 1.368171630503e+00 true resid norm 1.368171630503e+00 ||r(i)||/||b|| 9.877073465576e-01
  3 KSP unpreconditioned resid norm 1.368052651989e+00 true resid norm 1.368052651989e+00 ||r(i)||/||b|| 9.876214538601e-01
  4 KSP unpreconditioned resid norm 1.367169084240e+00 true resid norm 1.367169084241e+00 ||r(i)||/||b|| 9.869835906441e-01
  5 KSP unpreconditioned resid norm 1.354145443986e+00 true resid norm 1.354145443985e+00 ||r(i)||/||b|| 9.775815939410e-01
  6 KSP unpreconditioned resid norm 1.237648371072e+00 true resid norm 1.237648371074e+00 ||r(i)||/||b|| 8.934802924655e-01
  7 KSP unpreconditioned resid norm 6.007701259413e-01 true resid norm 6.007701259751e-01 ||r(i)||/||b|| 4.337066006842e-01
  8 KSP unpreconditioned resid norm 1.341608945270e-01 true resid norm 1.341608944878e-01 ||r(i)||/||b|| 9.685312730655e-02
  9 KSP unpreconditioned resid norm 2.467057554229e-02 true resid norm 2.467057549416e-02 ||r(i)||/||b|| 1.781012565685e-02
 10 KSP unpreconditioned resid norm 6.669622730590e-03 true resid norm 6.669622753761e-03 ||r(i)||/||b|| 4.814918863824e-03
 11 KSP unpreconditioned resid norm 1.773238602903e-03 true resid norm 1.773238617938e-03 ||r(i)||/||b|| 1.280132383313e-03
 12 KSP unpreconditioned resid norm 3.925852170304e-04 true resid norm 3.925851912231e-04 ||r(i)||/||b|| 2.834142068698e-04
 13 KSP unpreconditioned resid norm 8.690592491815e-05 true resid norm 8.690592266464e-05 ||r(i)||/||b|| 6.273892570312e-05
 14 KSP unpreconditioned resid norm 1.688586846977e-05 true resid norm 1.688582670232e-05 ||r(i)||/||b|| 1.219017754406e-05
 15 KSP unpreconditioned resid norm 3.604492236158e-06 true resid norm 3.604436905141e-06 ||r(i)||/||b|| 2.602106879020e-06
 16 KSP unpreconditioned resid norm 7.634867774485e-07 true resid norm 7.634582926556e-07 ||r(i)||/||b|| 5.511540713420e-07
 17 KSP unpreconditioned resid norm 1.904774646876e-07 true resid norm 1.905262866153e-07 ||r(i)||/||b|| 1.375443027810e-07
 18 KSP unpreconditioned resid norm 4.035411993928e-08 true resid norm 4.057302036010e-08 ||r(i)||/||b|| 2.929038242590e-08
 19 KSP unpreconditioned resid norm 8.562999572934e-09 true resid norm 9.189485287046e-09 ||r(i)||/||b|| 6.634052283164e-09
            || b ||_2 = 1.3851994067587832e+00
|| r ||_2 / || b ||_2 = 6.6340522831641359e-09
