Config file: ../input/config/mla_v_cycle-refine1.json
order_rbm = 2
==== basic information of linear system ====
matrix Row = 5340, matrix Column = 5340
matrix nz_allocated = 104619, matrix nz_used = 104619, matrix nz_unneeded = 0
vector Row = 5340
>>>>>>>> setup phase:
 prolongation_block_row = 890, col = 263
size of prolongation: m = 5340, n = 2367
  0 KSP unpreconditioned resid norm 1.385199406759e+00 true resid norm 1.385199406759e+00 ||r(i)||/||b|| 1.000000000000e+00
  1 KSP unpreconditioned resid norm 1.385198762198e+00 true resid norm 1.385198762198e+00 ||r(i)||/||b|| 9.999995346798e-01
  2 KSP unpreconditioned resid norm 1.385163798327e+00 true resid norm 1.385163798327e+00 ||r(i)||/||b|| 9.999742936421e-01
  3 KSP unpreconditioned resid norm 1.385153181206e+00 true resid norm 1.385153181206e+00 ||r(i)||/||b|| 9.999666289541e-01
  4 KSP unpreconditioned resid norm 1.382990785827e+00 true resid norm 1.382990785826e+00 ||r(i)||/||b|| 9.984055574081e-01
  5 KSP unpreconditioned resid norm 1.359471886090e+00 true resid norm 1.359471886085e+00 ||r(i)||/||b|| 9.814268468872e-01
  6 KSP unpreconditioned resid norm 1.070896254754e+00 true resid norm 1.070896254682e+00 ||r(i)||/||b|| 7.730989844908e-01
  7 KSP unpreconditioned resid norm 4.753803144843e-01 true resid norm 4.753803144336e-01 ||r(i)||/||b|| 3.431854735961e-01
  8 KSP unpreconditioned resid norm 1.192169106107e-01 true resid norm 1.192169105562e-01 ||r(i)||/||b|| 8.606480047171e-02
  9 KSP unpreconditioned resid norm 3.105780429455e-02 true resid norm 3.105780417348e-02 ||r(i)||/||b|| 2.242117923379e-02
 10 KSP unpreconditioned resid norm 1.058616452197e-02 true resid norm 1.058616438168e-02 ||r(i)||/||b|| 7.642339673284e-03
 11 KSP unpreconditioned resid norm 4.117471415411e-03 true resid norm 4.117471343184e-03 ||r(i)||/||b|| 2.972475531749e-03
 12 KSP unpreconditioned resid norm 8.417926776152e-04 true resid norm 8.417925712097e-04 ||r(i)||/||b|| 6.077049752565e-04
 13 KSP unpreconditioned resid norm 1.683009751480e-04 true resid norm 1.683009327688e-04 ||r(i)||/||b|| 1.214994259654e-04
 14 KSP unpreconditioned resid norm 3.355970529528e-05 true resid norm 3.355967639490e-05 ||r(i)||/||b|| 2.422732512817e-05
 15 KSP unpreconditioned resid norm 6.785125344460e-06 true resid norm 6.785095127300e-06 ||r(i)||/||b|| 4.898280416663e-06
 16 KSP unpreconditioned resid norm 1.792863994402e-06 true resid norm 1.792843420644e-06 ||r(i)||/||b|| 1.294285437819e-06
 17 KSP unpreconditioned resid norm 6.384949418830e-07 true resid norm 6.384854851607e-07 ||r(i)||/||b|| 4.609339868653e-07
 18 KSP unpreconditioned resid norm 1.799990399509e-07 true resid norm 1.799587903168e-07 ||r(i)||/||b|| 1.299154399278e-07
 19 KSP unpreconditioned resid norm 4.686481826472e-08 true resid norm 4.684938072636e-08 ||r(i)||/||b|| 3.382139820287e-08
 20 KSP unpreconditioned resid norm 8.752457196497e-09 true resid norm 8.865104134192e-09 ||r(i)||/||b|| 6.399875780293e-09
            || b ||_2 = 1.3851994067587832e+00
|| r ||_2 / || b ||_2 = 6.3998757802933355e-09
