Config file: ../input/config/mla_v_cycle-refine2.json
order_rbm = 2
angle_type = 1
==== basic information of linear system ====
matrix Row = 19158, matrix Column = 19158
matrix nz_allocated = 387515, matrix nz_used = 387515, matrix nz_unneeded = 0
vector Row = 19158
initial     || b ||_2 = 7.2042734251691598e-01
>>>>local_vec_size = 19158
>>>>~~~~ local_mat_m = 19158, local_mat_n = 19158
            || b ||_2 = 7.2042734251691598e-01
|| r ||_2 / || b ||_2 = 1.0000000000000000e+00


>>>>nodes in level 2 is 49, less than 100, setup DONE!>>>>


>>>> mla setup time: 0.220137 (s)
0 MLA ||r(i)||/||b|| 1.0000000000000000e+00
1 MLA ||r(i)||/||b|| 1.2402924631917369e+00
2 MLA ||r(i)||/||b|| 1.1810139359792506e+00
3 MLA ||r(i)||/||b|| 1.1123692872703506e+00
4 MLA ||r(i)||/||b|| 1.0339698362755465e+00
5 MLA ||r(i)||/||b|| 9.9107993941368211e-01
6 MLA ||r(i)||/||b|| 9.7259610886600700e-01
7 MLA ||r(i)||/||b|| 9.3820048403461653e-01
8 MLA ||r(i)||/||b|| 8.9951322733962835e-01
9 MLA ||r(i)||/||b|| 8.9799001828342384e-01
10 MLA ||r(i)||/||b|| 8.7600371705568847e-01
11 MLA ||r(i)||/||b|| 8.6650121204468167e-01
12 MLA ||r(i)||/||b|| 8.8499592386863302e-01
13 MLA ||r(i)||/||b|| 8.8311155340844538e-01
14 MLA ||r(i)||/||b|| 8.8199227459825980e-01
15 MLA ||r(i)||/||b|| 8.2950173976246990e+00
16 MLA ||r(i)||/||b|| 7.5576283332785907e+00
17 MLA ||r(i)||/||b|| 6.3879701498943398e+00
18 MLA ||r(i)||/||b|| 5.0132329149036634e+00
19 MLA ||r(i)||/||b|| 4.4077689105393061e+00
20 MLA ||r(i)||/||b|| 4.3890380168942844e+00
21 MLA ||r(i)||/||b|| 4.1870662527995819e+00
22 MLA ||r(i)||/||b|| 3.6984779834592771e+00
23 MLA ||r(i)||/||b|| 3.1717718354421796e+00
24 MLA ||r(i)||/||b|| 2.7428857772025377e+00
25 MLA ||r(i)||/||b|| 2.3665501003724421e+00
26 MLA ||r(i)||/||b|| 1.9908283959529076e+00
27 MLA ||r(i)||/||b|| 1.6387114929442723e+00
28 MLA ||r(i)||/||b|| 1.3600875146381428e+00
29 MLA ||r(i)||/||b|| 1.1734809488937210e+00
30 MLA ||r(i)||/||b|| 1.0575158959941409e+00
31 MLA ||r(i)||/||b|| 9.8028158960667566e-01
32 MLA ||r(i)||/||b|| 9.2028417347463543e-01
33 MLA ||r(i)||/||b|| 8.6615686290722271e-01
34 MLA ||r(i)||/||b|| 8.1178681686517506e-01
35 MLA ||r(i)||/||b|| 7.5469015474754531e-01
36 MLA ||r(i)||/||b|| 6.9544244327727023e-01
37 MLA ||r(i)||/||b|| 6.3633195862466085e-01
38 MLA ||r(i)||/||b|| 5.7977784407791966e-01
39 MLA ||r(i)||/||b|| 5.2739370802956820e-01
40 MLA ||r(i)||/||b|| 4.7983583606548769e-01
41 MLA ||r(i)||/||b|| 4.3707377393240299e-01
42 MLA ||r(i)||/||b|| 3.9872826596739830e-01
43 MLA ||r(i)||/||b|| 3.6432339970238770e-01
44 MLA ||r(i)||/||b|| 3.3343019406650687e-01
45 MLA ||r(i)||/||b|| 3.0571478564002535e-01
46 MLA ||r(i)||/||b|| 2.8091646064787995e-01
47 MLA ||r(i)||/||b|| 2.5879495881751280e-01
48 MLA ||r(i)||/||b|| 2.3908824055787567e-01
49 MLA ||r(i)||/||b|| 2.2150422120542643e-01
50 MLA ||r(i)||/||b|| 2.0574471680160317e-01
51 MLA ||r(i)||/||b|| 1.9154250908697193e-01
52 MLA ||r(i)||/||b|| 1.7868964438247545e-01
53 MLA ||r(i)||/||b|| 1.6704375821995168e-01
54 MLA ||r(i)||/||b|| 1.5651202577142900e-01
55 MLA ||r(i)||/||b|| 1.4702266026903577e-01
56 MLA ||r(i)||/||b|| 1.3849794123347539e-01
57 MLA ||r(i)||/||b|| 1.3083987034709765e-01
58 MLA ||r(i)||/||b|| 1.2393195374148075e-01
59 MLA ||r(i)||/||b|| 1.1765259416185768e-01
60 MLA ||r(i)||/||b|| 1.1189130383252592e-01
61 MLA ||r(i)||/||b|| 1.0655990090349315e-01
62 MLA ||r(i)||/||b|| 1.0159525118420590e-01
63 MLA ||r(i)||/||b|| 9.6954789693721621e-02
64 MLA ||r(i)||/||b|| 9.2608695178220138e-02
65 MLA ||r(i)||/||b|| 8.8532683287397967e-02
66 MLA ||r(i)||/||b|| 8.4703771596871813e-02
67 MLA ||r(i)||/||b|| 8.1099322054168657e-02
68 MLA ||r(i)||/||b|| 7.7698215590793415e-02
69 MLA ||r(i)||/||b|| 7.4482558747109309e-02
70 MLA ||r(i)||/||b|| 7.1438710050861262e-02
71 MLA ||r(i)||/||b|| 6.8557163909028468e-02
72 MLA ||r(i)||/||b|| 6.5831487826818844e-02
73 MLA ||r(i)||/||b|| 6.3256843587029585e-02
74 MLA ||r(i)||/||b|| 6.0828623891057358e-02
75 MLA ||r(i)||/||b|| 5.8541534704953276e-02
76 MLA ||r(i)||/||b|| 5.6389206237138945e-02
77 MLA ||r(i)||/||b|| 5.4364233696033631e-02
78 MLA ||r(i)||/||b|| 5.2458470667912038e-02
79 MLA ||r(i)||/||b|| 5.0663406594146518e-02
80 MLA ||r(i)||/||b|| 4.8970516581272758e-02
81 MLA ||r(i)||/||b|| 4.7371533778323829e-02
82 MLA ||r(i)||/||b|| 4.5858636495497110e-02
83 MLA ||r(i)||/||b|| 4.4424566663337717e-02
84 MLA ||r(i)||/||b|| 4.3062695815223692e-02
85 MLA ||r(i)||/||b|| 4.1767051951736155e-02
86 MLA ||r(i)||/||b|| 4.0532314797267571e-02
87 MLA ||r(i)||/||b|| 3.9353785632073847e-02
88 MLA ||r(i)||/||b|| 3.8227335649628810e-02
89 MLA ||r(i)||/||b|| 3.7149340115910701e-02
90 MLA ||r(i)||/||b|| 3.6116605728664139e-02
91 MLA ||r(i)||/||b|| 3.5126299372107705e-02
92 MLA ||r(i)||/||b|| 3.4175882981913187e-02
93 MLA ||r(i)||/||b|| 3.3263058835367898e-02
94 MLA ||r(i)||/||b|| 3.2385725963680133e-02
95 MLA ||r(i)||/||b|| 3.1541949085726585e-02
96 MLA ||r(i)||/||b|| 3.0729935602357678e-02
97 MLA ||r(i)||/||b|| 2.9948021057097558e-02
98 MLA ||r(i)||/||b|| 2.9194658829396918e-02
99 MLA ||r(i)||/||b|| 2.8468413535581646e-02
100 MLA ||r(i)||/||b|| 2.7767955625749012e-02
101 MLA ||r(i)||/||b|| 2.7092054886754820e-02
102 MLA ||r(i)||/||b|| 2.6439575028765885e-02
103 MLA ||r(i)||/||b|| 2.5809465710620198e-02
104 MLA ||r(i)||/||b|| 2.5200754407822445e-02
105 MLA ||r(i)||/||b|| 2.4612537892222060e-02
106 MLA ||r(i)||/||b|| 2.4043970686770527e-02
107 MLA ||r(i)||/||b|| 2.3494257923926766e-02
108 MLA ||r(i)||/||b|| 2.2962645941859035e-02
109 MLA ||r(i)||/||b|| 2.2448414568882118e-02
110 MLA ||r(i)||/||b|| 2.1950871488423163e-02
111 MLA ||r(i)||/||b|| 2.1469347225445089e-02
112 MLA ||r(i)||/||b|| 2.1003191987372109e-02
113 MLA ||r(i)||/||b|| 2.0551774859222570e-02
114 MLA ||r(i)||/||b|| 2.0114482855527027e-02
115 MLA ||r(i)||/||b|| 1.9690721729786947e-02
116 MLA ||r(i)||/||b|| 1.9279917195772166e-02
117 MLA ||r(i)||/||b|| 1.8881516724861550e-02
118 MLA ||r(i)||/||b|| 1.8494990734527095e-02
119 MLA ||r(i)||/||b|| 1.8119833647746695e-02
120 MLA ||r(i)||/||b|| 1.7755564998983911e-02
121 MLA ||r(i)||/||b|| 1.7401729979187416e-02
122 MLA ||r(i)||/||b|| 1.7057898828123006e-02
123 MLA ||r(i)||/||b|| 1.6723666906443040e-02
124 MLA ||r(i)||/||b|| 1.6398653220062943e-02
125 MLA ||r(i)||/||b|| 1.6082499151104521e-02
126 MLA ||r(i)||/||b|| 1.5774867063329472e-02
127 MLA ||r(i)||/||b|| 1.5475438601358967e-02
128 MLA ||r(i)||/||b|| 1.5183913411307599e-02
129 MLA ||r(i)||/||b|| 1.4900007138816030e-02
130 MLA ||r(i)||/||b|| 1.4623450405246204e-02
131 MLA ||r(i)||/||b|| 1.4353987138442745e-02
132 MLA ||r(i)||/||b|| 1.4091373846992522e-02
133 MLA ||r(i)||/||b|| 1.3835378331082313e-02
134 MLA ||r(i)||/||b|| 1.3585779214400961e-02
135 MLA ||r(i)||/||b|| 1.3342364776418709e-02
136 MLA ||r(i)||/||b|| 1.3104932749416445e-02
137 MLA ||r(i)||/||b|| 1.2873289849163676e-02
138 MLA ||r(i)||/||b|| 1.2647250991840548e-02
139 MLA ||r(i)||/||b|| 1.2426638757081191e-02
140 MLA ||r(i)||/||b|| 1.2211283618510347e-02
141 MLA ||r(i)||/||b|| 1.2001023581765672e-02
142 MLA ||r(i)||/||b|| 1.1795702747751676e-02
143 MLA ||r(i)||/||b|| 1.1595172196350579e-02
144 MLA ||r(i)||/||b|| 1.1399288919074066e-02
145 MLA ||r(i)||/||b|| 1.1207916129693671e-02
146 MLA ||r(i)||/||b|| 1.1020922283690865e-02
147 MLA ||r(i)||/||b|| 1.0838181430962501e-02
148 MLA ||r(i)||/||b|| 1.0659572429767145e-02
149 MLA ||r(i)||/||b|| 1.0484979054832057e-02
150 MLA ||r(i)||/||b|| 1.0314289725714389e-02
151 MLA ||r(i)||/||b|| 1.0147396852799849e-02
152 MLA ||r(i)||/||b|| 9.9841974161169120e-03
153 MLA ||r(i)||/||b|| 9.8245919445489570e-03
154 MLA ||r(i)||/||b|| 9.6684849336934643e-03
155 MLA ||r(i)||/||b|| 9.5157844023866824e-03
156 MLA ||r(i)||/||b|| 9.3664017536573344e-03
157 MLA ||r(i)||/||b|| 9.2202514598788282e-03
158 MLA ||r(i)||/||b|| 9.0772512578394457e-03
159 MLA ||r(i)||/||b|| 8.9373217048121893e-03
160 MLA ||r(i)||/||b|| 8.8003863557926647e-03
161 MLA ||r(i)||/||b|| 8.6663710201067817e-03
162 MLA ||r(i)||/||b|| 8.5352042096095999e-03
163 MLA ||r(i)||/||b|| 8.4068168754891405e-03
164 MLA ||r(i)||/||b|| 8.2811421673627383e-03
165 MLA ||r(i)||/||b|| 8.1581154171869001e-03
166 MLA ||r(i)||/||b|| 8.0376739507860891e-03
167 MLA ||r(i)||/||b|| 7.9197572052396043e-03
168 MLA ||r(i)||/||b|| 7.8043062881513062e-03
169 MLA ||r(i)||/||b|| 7.6912640340108841e-03
170 MLA ||r(i)||/||b|| 7.5805751526683788e-03
171 MLA ||r(i)||/||b|| 7.4721858181321116e-03
172 MLA ||r(i)||/||b|| 7.3660437358947705e-03
173 MLA ||r(i)||/||b|| 7.2620981231712699e-03
174 MLA ||r(i)||/||b|| 7.1602996652456487e-03
175 MLA ||r(i)||/||b|| 7.0606002212374340e-03
176 MLA ||r(i)||/||b|| 6.9629530872597750e-03
177 MLA ||r(i)||/||b|| 6.8673126535997433e-03
178 MLA ||r(i)||/||b|| 6.7736346407210879e-03
179 MLA ||r(i)||/||b|| 6.6818757545510964e-03
180 MLA ||r(i)||/||b|| 6.5919939369491580e-03
181 MLA ||r(i)||/||b|| 6.5039480578627492e-03
182 MLA ||r(i)||/||b|| 6.4176981711538753e-03
183 MLA ||r(i)||/||b|| 6.3332051262968937e-03
184 MLA ||r(i)||/||b|| 6.2504308679803148e-03
185 MLA ||r(i)||/||b|| 6.1693382072563682e-03
186 MLA ||r(i)||/||b|| 6.0898907134296397e-03
187 MLA ||r(i)||/||b|| 6.0120530892800918e-03
188 MLA ||r(i)||/||b|| 5.9357905486351909e-03
189 MLA ||r(i)||/||b|| 5.8610693463241074e-03
190 MLA ||r(i)||/||b|| 5.7878564635773944e-03
191 MLA ||r(i)||/||b|| 5.7161194892839566e-03
192 MLA ||r(i)||/||b|| 5.6458269136093918e-03
193 MLA ||r(i)||/||b|| 5.5769478223006560e-03
194 MLA ||r(i)||/||b|| 5.5094521804998466e-03
195 MLA ||r(i)||/||b|| 5.4433104249087816e-03
196 MLA ||r(i)||/||b|| 5.3784936683138303e-03
197 MLA ||r(i)||/||b|| 5.3149738089791803e-03
198 MLA ||r(i)||/||b|| 5.2527231300227833e-03
199 MLA ||r(i)||/||b|| 5.1917147105670306e-03
200 MLA ||r(i)||/||b|| 5.1319222166273009e-03
201 MLA ||r(i)||/||b|| 5.0733196697175451e-03
202 MLA ||r(i)||/||b|| 5.0158817435638423e-03
203 MLA ||r(i)||/||b|| 4.9595838046117878e-03
204 MLA ||r(i)||/||b|| 4.9044015524276246e-03
205 MLA ||r(i)||/||b|| 4.8503113148159766e-03
206 MLA ||r(i)||/||b|| 4.7972899398313314e-03
207 MLA ||r(i)||/||b|| 4.7453145677211431e-03
208 MLA ||r(i)||/||b|| 4.6943630395894316e-03
209 MLA ||r(i)||/||b|| 4.6444136122013226e-03
210 MLA ||r(i)||/||b|| 4.5954448997813065e-03
211 MLA ||r(i)||/||b|| 4.5474360297995736e-03
212 MLA ||r(i)||/||b|| 4.5003665277596264e-03
213 MLA ||r(i)||/||b|| 4.4542163661097332e-03
214 MLA ||r(i)||/||b|| 4.4089659431043376e-03
215 MLA ||r(i)||/||b|| 4.3645961102138121e-03
216 MLA ||r(i)||/||b|| 4.3210879474693724e-03
217 MLA ||r(i)||/||b|| 4.2784230655070572e-03
218 MLA ||r(i)||/||b|| 4.2365834386059089e-03
219 MLA ||r(i)||/||b|| 4.1955512983917285e-03
220 MLA ||r(i)||/||b|| 4.1553094056475375e-03
221 MLA ||r(i)||/||b|| 4.1158408366113956e-03
222 MLA ||r(i)||/||b|| 4.0771288290229139e-03
223 MLA ||r(i)||/||b|| 4.0391572880992543e-03
224 MLA ||r(i)||/||b|| 4.0019100977255100e-03
225 MLA ||r(i)||/||b|| 3.9653717581907043e-03
226 MLA ||r(i)||/||b|| 3.9295268727130416e-03
227 MLA ||r(i)||/||b|| 3.8943605879591869e-03
228 MLA ||r(i)||/||b|| 3.8598580797817319e-03
229 MLA ||r(i)||/||b|| 3.8260049954494460e-03
230 MLA ||r(i)||/||b|| 3.7927872491634773e-03
231 MLA ||r(i)||/||b|| 3.7601910317392327e-03
232 MLA ||r(i)||/||b|| 3.7282028230448201e-03
233 MLA ||r(i)||/||b|| 3.6968093869526658e-03
234 MLA ||r(i)||/||b|| 3.6659977440454670e-03
235 MLA ||r(i)||/||b|| 3.6357551390256738e-03
236 MLA ||r(i)||/||b|| 3.6060692045740863e-03
237 MLA ||r(i)||/||b|| 3.5769276623958844e-03
238 MLA ||r(i)||/||b|| 3.5483186019331986e-03
239 MLA ||r(i)||/||b|| 3.5202302885684856e-03
240 MLA ||r(i)||/||b|| 3.4926513427195297e-03
241 MLA ||r(i)||/||b|| 3.4655704803866283e-03
242 MLA ||r(i)||/||b|| 3.4389767420135316e-03
243 MLA ||r(i)||/||b|| 3.4128592694023479e-03
244 MLA ||r(i)||/||b|| 3.3872075717636388e-03
245 MLA ||r(i)||/||b|| 3.3620113176234165e-03
246 MLA ||r(i)||/||b|| 3.3372604341375925e-03
247 MLA ||r(i)||/||b|| 3.3129449260966091e-03
248 MLA ||r(i)||/||b|| 3.2890551806784010e-03
249 MLA ||r(i)||/||b|| 3.2655816238320251e-03
250 MLA ||r(i)||/||b|| 3.2425150855587338e-03
251 MLA ||r(i)||/||b|| 3.2198463629480602e-03
252 MLA ||r(i)||/||b|| 3.1975665578445208e-03
253 MLA ||r(i)||/||b|| 3.1756669526927035e-03
254 MLA ||r(i)||/||b|| 3.1541390493286868e-03
255 MLA ||r(i)||/||b|| 3.1329745034896776e-03
256 MLA ||r(i)||/||b|| 3.1121651410699609e-03
257 MLA ||r(i)||/||b|| 3.0917028751554377e-03
258 MLA ||r(i)||/||b|| 3.0715799702383168e-03
259 MLA ||r(i)||/||b|| 3.0517886607733490e-03
260 MLA ||r(i)||/||b|| 3.0323215134017822e-03
261 MLA ||r(i)||/||b|| 3.0131712318474143e-03
262 MLA ||r(i)||/||b|| 2.9943305392421747e-03
263 MLA ||r(i)||/||b|| 2.9757924791530750e-03
264 MLA ||r(i)||/||b|| 2.9575501799228008e-03
265 MLA ||r(i)||/||b|| 2.9395969434967083e-03
266 MLA ||r(i)||/||b|| 2.9219261061815991e-03
267 MLA ||r(i)||/||b|| 2.9045313719071627e-03
268 MLA ||r(i)||/||b|| 2.8874063783113657e-03
269 MLA ||r(i)||/||b|| 2.8705450017244127e-03
270 MLA ||r(i)||/||b|| 2.8539412397432084e-03
271 MLA ||r(i)||/||b|| 2.8375892438300054e-03
272 MLA ||r(i)||/||b|| 2.8214832652019308e-03
273 MLA ||r(i)||/||b|| 2.8056177801556413e-03
274 MLA ||r(i)||/||b|| 2.7899871717839116e-03
275 MLA ||r(i)||/||b|| 2.7745860948208923e-03
276 MLA ||r(i)||/||b|| 2.7594093534358795e-03
277 MLA ||r(i)||/||b|| 2.7444518006244176e-03
278 MLA ||r(i)||/||b|| 2.7297085204749279e-03
279 MLA ||r(i)||/||b|| 2.7151745185683860e-03
280 MLA ||r(i)||/||b|| 2.7008451287384477e-03
281 MLA ||r(i)||/||b|| 2.6867157140951134e-03
282 MLA ||r(i)||/||b|| 2.6727817341401575e-03
283 MLA ||r(i)||/||b|| 2.6590385944204068e-03
284 MLA ||r(i)||/||b|| 2.6454821901283950e-03
285 MLA ||r(i)||/||b|| 2.6321080959833738e-03
286 MLA ||r(i)||/||b|| 2.6189121756724030e-03
287 MLA ||r(i)||/||b|| 2.6058905146344987e-03
288 MLA ||r(i)||/||b|| 2.5930391829724498e-03
289 MLA ||r(i)||/||b|| 2.5803542105397670e-03
290 MLA ||r(i)||/||b|| 2.5678319732549818e-03
291 MLA ||r(i)||/||b|| 2.5554688387456562e-03
292 MLA ||r(i)||/||b|| 2.5432610992508664e-03
293 MLA ||r(i)||/||b|| 2.5312054166804383e-03
294 MLA ||r(i)||/||b|| 2.5192982929152386e-03
295 MLA ||r(i)||/||b|| 2.5075365168642739e-03
296 MLA ||r(i)||/||b|| 2.4959167849977473e-03
297 MLA ||r(i)||/||b|| 2.4844359942136434e-03
298 MLA ||r(i)||/||b|| 2.4730910080278602e-03
299 MLA ||r(i)||/||b|| 2.4618789184384618e-03
300 MLA ||r(i)||/||b|| 2.4507967307151614e-03
301 MLA ||r(i)||/||b|| 2.4398417435619120e-03
302 MLA ||r(i)||/||b|| 2.4290110269061028e-03
303 MLA ||r(i)||/||b|| 2.4183019177711237e-03
304 MLA ||r(i)||/||b|| 2.4077118916969085e-03
305 MLA ||r(i)||/||b|| 2.3972383074460282e-03
306 MLA ||r(i)||/||b|| 2.3868786563623181e-03
307 MLA ||r(i)||/||b|| 2.3766306033620086e-03
308 MLA ||r(i)||/||b|| 2.3664916800356832e-03
309 MLA ||r(i)||/||b|| 2.3564596032669936e-03
310 MLA ||r(i)||/||b|| 2.3465321254730769e-03
311 MLA ||r(i)||/||b|| 2.3367069539168401e-03
312 MLA ||r(i)||/||b|| 2.3269822061553133e-03
313 MLA ||r(i)||/||b|| 2.3173556089470656e-03
314 MLA ||r(i)||/||b|| 2.3078252158508306e-03
315 MLA ||r(i)||/||b|| 2.2983891521521833e-03
316 MLA ||r(i)||/||b|| 2.2890453475727999e-03
317 MLA ||r(i)||/||b|| 2.2797919307911084e-03
318 MLA ||r(i)||/||b|| 2.2706272011028452e-03
319 MLA ||r(i)||/||b|| 2.2615494580757499e-03
320 MLA ||r(i)||/||b|| 2.2525568429950685e-03
321 MLA ||r(i)||/||b|| 2.2436476903458374e-03
322 MLA ||r(i)||/||b|| 2.2348205295396389e-03
323 MLA ||r(i)||/||b|| 2.2260736465878378e-03
324 MLA ||r(i)||/||b|| 2.2174055382886311e-03
325 MLA ||r(i)||/||b|| 2.2088147243028463e-03
326 MLA ||r(i)||/||b|| 2.2002997954395191e-03
327 MLA ||r(i)||/||b|| 2.1918592903666843e-03
328 MLA ||r(i)||/||b|| 2.1834918650925727e-03
329 MLA ||r(i)||/||b|| 2.1751960569797702e-03
330 MLA ||r(i)||/||b|| 2.1669707012057231e-03
331 MLA ||r(i)||/||b|| 2.1588146201026899e-03
332 MLA ||r(i)||/||b|| 2.1507264204887197e-03
333 MLA ||r(i)||/||b|| 2.1427050280514006e-03
334 MLA ||r(i)||/||b|| 2.1347491728674565e-03
335 MLA ||r(i)||/||b|| 2.1268578216217674e-03
336 MLA ||r(i)||/||b|| 2.1190299082208771e-03
337 MLA ||r(i)||/||b|| 2.1112642530386216e-03
338 MLA ||r(i)||/||b|| 2.1035599341251909e-03
339 MLA ||r(i)||/||b|| 2.0959158423990258e-03
340 MLA ||r(i)||/||b|| 2.0883310927987879e-03
341 MLA ||r(i)||/||b|| 2.0808046695659022e-03
342 MLA ||r(i)||/||b|| 2.0733357646701305e-03
343 MLA ||r(i)||/||b|| 2.0659234184271995e-03
344 MLA ||r(i)||/||b|| 2.0585342294412879e-03
345 MLA ||r(i)||/||b|| 2.0512476262667411e-03
346 MLA ||r(i)||/||b|| 2.0440166541027239e-03
347 MLA ||r(i)||/||b|| 2.0368333168435831e-03
348 MLA ||r(i)||/||b|| 2.0296961508170733e-03
349 MLA ||r(i)||/||b|| 2.0226057643960150e-03
350 MLA ||r(i)||/||b|| 2.0155635848428440e-03
351 MLA ||r(i)||/||b|| 2.0085708387285626e-03
352 MLA ||r(i)||/||b|| 2.0016278799291562e-03
353 MLA ||r(i)||/||b|| 1.9947344643303348e-03
354 MLA ||r(i)||/||b|| 1.9878898580792891e-03
355 MLA ||r(i)||/||b|| 1.9810933318604425e-03
356 MLA ||r(i)||/||b|| 1.9743441311071220e-03
357 MLA ||r(i)||/||b|| 1.9676417259218357e-03
358 MLA ||r(i)||/||b|| 1.9609448113121174e-03
359 MLA ||r(i)||/||b|| 1.9543526473580213e-03
360 MLA ||r(i)||/||b|| 1.9478071980625023e-03
361 MLA ||r(i)||/||b|| 1.9412997365072673e-03
362 MLA ||r(i)||/||b|| 1.9348286617366889e-03
363 MLA ||r(i)||/||b|| 1.9283950602471825e-03
364 MLA ||r(i)||/||b|| 1.9220006902333333e-03
365 MLA ||r(i)||/||b|| 1.9156475104757386e-03
366 MLA ||r(i)||/||b|| 1.9093362931419840e-03
367 MLA ||r(i)||/||b|| 1.9030669981175469e-03
368 MLA ||r(i)||/||b|| 1.8968390379807678e-03
369 MLA ||r(i)||/||b|| 1.8906520210453328e-03
370 MLA ||r(i)||/||b|| 1.8845052248821150e-03
371 MLA ||r(i)||/||b|| 1.8783983790348915e-03
372 MLA ||r(i)||/||b|| 1.8723311529219378e-03
373 MLA ||r(i)||/||b|| 1.8663031109389862e-03
374 MLA ||r(i)||/||b|| 1.8603138899531873e-03
375 MLA ||r(i)||/||b|| 1.8543629297349399e-03
376 MLA ||r(i)||/||b|| 1.8484499761511866e-03
377 MLA ||r(i)||/||b|| 1.8425745782709503e-03
378 MLA ||r(i)||/||b|| 1.8367363390782341e-03
379 MLA ||r(i)||/||b|| 1.8309348821739775e-03
380 MLA ||r(i)||/||b|| 3.4716119092946017e-03
381 MLA ||r(i)||/||b|| 2.8756445677440164e-03
382 MLA ||r(i)||/||b|| 2.4059533515155343e-03
383 MLA ||r(i)||/||b|| 2.2099651614526277e-03
384 MLA ||r(i)||/||b|| 2.0578947364046168e-03
385 MLA ||r(i)||/||b|| 1.8968714505475060e-03
386 MLA ||r(i)||/||b|| 1.8110211012897694e-03
387 MLA ||r(i)||/||b|| 1.7952010268968161e-03
388 MLA ||r(i)||/||b|| 1.7917199756263933e-03
389 MLA ||r(i)||/||b|| 1.7807420841077764e-03
390 MLA ||r(i)||/||b|| 1.7716311579527371e-03
391 MLA ||r(i)||/||b|| 1.7692370072809401e-03
392 MLA ||r(i)||/||b|| 1.7694581686055078e-03
393 MLA ||r(i)||/||b|| 1.7683530341767709e-03
394 MLA ||r(i)||/||b|| 1.7653683089362561e-03
395 MLA ||r(i)||/||b|| 1.7612732842755929e-03
396 MLA ||r(i)||/||b|| 1.7564639358847334e-03
397 MLA ||r(i)||/||b|| 1.7509378459961483e-03
398 MLA ||r(i)||/||b|| 1.7447292730338245e-03
399 MLA ||r(i)||/||b|| 1.7380309259659560e-03
400 MLA ||r(i)||/||b|| 1.7310846697933470e-03
401 MLA ||r(i)||/||b|| 1.7240864069100960e-03
402 MLA ||r(i)||/||b|| 1.7171707358153748e-03
403 MLA ||r(i)||/||b|| 1.7104278739789240e-03
404 MLA ||r(i)||/||b|| 1.7039140024090989e-03
405 MLA ||r(i)||/||b|| 1.6976558985956618e-03
406 MLA ||r(i)||/||b|| 1.6916557133089397e-03
407 MLA ||r(i)||/||b|| 1.6858984108719811e-03
408 MLA ||r(i)||/||b|| 1.6803592501692666e-03
409 MLA ||r(i)||/||b|| 1.6750093424087024e-03
410 MLA ||r(i)||/||b|| 1.6698187428936407e-03
411 MLA ||r(i)||/||b|| 1.6647587166468167e-03
412 MLA ||r(i)||/||b|| 1.6598034017884277e-03
413 MLA ||r(i)||/||b|| 1.6549301766930855e-03
414 MLA ||r(i)||/||b|| 1.6501207254752666e-03
415 MLA ||r(i)||/||b|| 1.6453604686602586e-03
416 MLA ||r(i)||/||b|| 1.6406388069374130e-03
417 MLA ||r(i)||/||b|| 1.6359485938062953e-03
418 MLA ||r(i)||/||b|| 1.6312856255118109e-03
419 MLA ||r(i)||/||b|| 1.6266481954526682e-03
420 MLA ||r(i)||/||b|| 1.6220363004484780e-03
421 MLA ||r(i)||/||b|| 1.6174513028013281e-03
422 MLA ||r(i)||/||b|| 1.6128954093764945e-03
423 MLA ||r(i)||/||b|| 1.6083710735747170e-03
424 MLA ||r(i)||/||b|| 1.6038806856221942e-03
425 MLA ||r(i)||/||b|| 1.5994264102118280e-03
426 MLA ||r(i)||/||b|| 1.5950099069322145e-03
427 MLA ||r(i)||/||b|| 1.5906322464179627e-03
428 MLA ||r(i)||/||b|| 1.5862936327548025e-03
429 MLA ||r(i)||/||b|| 1.5819939503208260e-03
430 MLA ||r(i)||/||b|| 1.5777324243870649e-03
431 MLA ||r(i)||/||b|| 1.5735076716028218e-03
432 MLA ||r(i)||/||b|| 1.5693183710588732e-03
433 MLA ||r(i)||/||b|| 1.5651628307606254e-03
434 MLA ||r(i)||/||b|| 1.5610392949141898e-03
435 MLA ||r(i)||/||b|| 1.5569462588161836e-03
436 MLA ||r(i)||/||b|| 1.5528821692856758e-03
437 MLA ||r(i)||/||b|| 1.5488457991158571e-03
438 MLA ||r(i)||/||b|| 1.5448361447222205e-03
439 MLA ||r(i)||/||b|| 1.5408523019765068e-03
440 MLA ||r(i)||/||b|| 1.5368937299649009e-03
441 MLA ||r(i)||/||b|| 1.5329598771360883e-03
442 MLA ||r(i)||/||b|| 1.5290504387319866e-03
443 MLA ||r(i)||/||b|| 1.5251650822957479e-03
444 MLA ||r(i)||/||b|| 1.5213035649221953e-03
445 MLA ||r(i)||/||b|| 1.5174658706662006e-03
446 MLA ||r(i)||/||b|| 1.5136517059177283e-03
447 MLA ||r(i)||/||b|| 1.5098609672812111e-03
448 MLA ||r(i)||/||b|| 1.5060935702113985e-03
449 MLA ||r(i)||/||b|| 1.5023493113576925e-03
450 MLA ||r(i)||/||b|| 1.4986280414515237e-03
451 MLA ||r(i)||/||b|| 1.4949297053008502e-03
452 MLA ||r(i)||/||b|| 1.4912541769976373e-03
453 MLA ||r(i)||/||b|| 1.4876013058399580e-03
454 MLA ||r(i)||/||b|| 1.4839709226846620e-03
455 MLA ||r(i)||/||b|| 1.4803629454038900e-03
456 MLA ||r(i)||/||b|| 1.4767773108401187e-03
457 MLA ||r(i)||/||b|| 1.4732139828234384e-03
458 MLA ||r(i)||/||b|| 1.4696727140897535e-03
459 MLA ||r(i)||/||b|| 1.4661535929559764e-03
460 MLA ||r(i)||/||b|| 1.4626564349878002e-03
461 MLA ||r(i)||/||b|| 1.4591811333990443e-03
462 MLA ||r(i)||/||b|| 1.4557276806721699e-03
463 MLA ||r(i)||/||b|| 1.4522959689705628e-03
464 MLA ||r(i)||/||b|| 1.4488858295330085e-03
465 MLA ||r(i)||/||b|| 1.4454973111355778e-03
466 MLA ||r(i)||/||b|| 1.4421302025574370e-03
467 MLA ||r(i)||/||b|| 1.4387843584847035e-03
468 MLA ||r(i)||/||b|| 1.4354596910391793e-03
469 MLA ||r(i)||/||b|| 1.4321561910725636e-03
470 MLA ||r(i)||/||b|| 1.4288736562895700e-03
471 MLA ||r(i)||/||b|| 1.4256120396230209e-03
472 MLA ||r(i)||/||b|| 1.4223711087482281e-03
473 MLA ||r(i)||/||b|| 1.4191509315388496e-03
474 MLA ||r(i)||/||b|| 1.4159512310498706e-03
475 MLA ||r(i)||/||b|| 1.4127719332681936e-03
476 MLA ||r(i)||/||b|| 1.4096129373059878e-03
477 MLA ||r(i)||/||b|| 1.4064741309495372e-03
478 MLA ||r(i)||/||b|| 1.4033554139950689e-03
479 MLA ||r(i)||/||b|| 1.4002567049382975e-03
480 MLA ||r(i)||/||b|| 1.3971777439070981e-03
481 MLA ||r(i)||/||b|| 1.3941185651589250e-03
482 MLA ||r(i)||/||b|| 1.3910789359065528e-03
483 MLA ||r(i)||/||b|| 1.3880588615873934e-03
484 MLA ||r(i)||/||b|| 1.3850581299065380e-03
485 MLA ||r(i)||/||b|| 1.3820766032037982e-03
486 MLA ||r(i)||/||b|| 1.3791143045555065e-03
487 MLA ||r(i)||/||b|| 1.3761709517323359e-03
488 MLA ||r(i)||/||b|| 1.3732465266932566e-03
489 MLA ||r(i)||/||b|| 1.3703460510362524e-03
490 MLA ||r(i)||/||b|| 1.3674570852481177e-03
491 MLA ||r(i)||/||b|| 1.3645862831196450e-03
492 MLA ||r(i)||/||b|| 1.3617344799473807e-03
493 MLA ||r(i)||/||b|| 1.3589018567622283e-03
494 MLA ||r(i)||/||b|| 1.3560881207254920e-03
495 MLA ||r(i)||/||b|| 1.3532929205478993e-03
496 MLA ||r(i)||/||b|| 1.3505154979363142e-03
497 MLA ||r(i)||/||b|| 1.3477560381154495e-03
498 MLA ||r(i)||/||b|| 1.3450142513538000e-03
499 MLA ||r(i)||/||b|| 1.3422899074614491e-03
500 MLA ||r(i)||/||b|| 1.3395830675192730e-03
501 MLA ||r(i)||/||b|| 1.3368935412360681e-03
502 MLA ||r(i)||/||b|| 1.3342212320329335e-03
503 MLA ||r(i)||/||b|| 1.3315659875328166e-03
504 MLA ||r(i)||/||b|| 1.3289277402543712e-03
505 MLA ||r(i)||/||b|| 1.3263063646551995e-03
506 MLA ||r(i)||/||b|| 1.3237016966154644e-03
507 MLA ||r(i)||/||b|| 1.3211136564932958e-03
508 MLA ||r(i)||/||b|| 1.3185420690463583e-03
509 MLA ||r(i)||/||b|| 1.3159868697808891e-03
510 MLA ||r(i)||/||b|| 1.3134479803536036e-03
511 MLA ||r(i)||/||b|| 1.3109252717494236e-03
512 MLA ||r(i)||/||b|| 1.3084186449225060e-03
513 MLA ||r(i)||/||b|| 1.3059278905450937e-03
514 MLA ||r(i)||/||b|| 1.3034529810408656e-03
515 MLA ||r(i)||/||b|| 1.3009938533047152e-03
516 MLA ||r(i)||/||b|| 1.2985502998244238e-03
517 MLA ||r(i)||/||b|| 1.2961221744171921e-03
518 MLA ||r(i)||/||b|| 1.2937085935825971e-03
519 MLA ||r(i)||/||b|| 1.2913115548586077e-03
520 MLA ||r(i)||/||b|| 1.2889298587520121e-03
521 MLA ||r(i)||/||b|| 1.2865630326150315e-03
522 MLA ||r(i)||/||b|| 1.2842109208977275e-03
523 MLA ||r(i)||/||b|| 1.2818735391624807e-03
524 MLA ||r(i)||/||b|| 1.2795508432308679e-03
525 MLA ||r(i)||/||b|| 1.2772426946982619e-03
526 MLA ||r(i)||/||b|| 1.2749491155365086e-03
527 MLA ||r(i)||/||b|| 1.2726699366515243e-03
528 MLA ||r(i)||/||b|| 1.2704050666992796e-03
529 MLA ||r(i)||/||b|| 1.2681544170214684e-03
530 MLA ||r(i)||/||b|| 1.2659177955109938e-03
531 MLA ||r(i)||/||b|| 1.2636951412807746e-03
532 MLA ||r(i)||/||b|| 1.2614863324844658e-03
533 MLA ||r(i)||/||b|| 1.2592912850355668e-03
534 MLA ||r(i)||/||b|| 1.2571099208365899e-03
535 MLA ||r(i)||/||b|| 1.2549421072816712e-03
536 MLA ||r(i)||/||b|| 1.2527877251572209e-03
537 MLA ||r(i)||/||b|| 1.6177833691488515e-03
538 MLA ||r(i)||/||b|| 1.4732053116818099e-03
539 MLA ||r(i)||/||b|| 1.3631986082247775e-03
540 MLA ||r(i)||/||b|| 1.3163983878493788e-03
541 MLA ||r(i)||/||b|| 1.2823795785024594e-03
542 MLA ||r(i)||/||b|| 1.2509092849625927e-03
543 MLA ||r(i)||/||b|| 1.2357481613563775e-03
544 MLA ||r(i)||/||b|| 1.2331033041032757e-03
545 MLA ||r(i)||/||b|| 1.2317346054582378e-03
546 MLA ||r(i)||/||b|| 1.2317344461029536e-03
547 MLA ||r(i)||/||b|| 1.2267237704127786e-03
548 MLA ||r(i)||/||b|| 1.2233498225308961e-03
549 MLA ||r(i)||/||b|| 1.2215711502648408e-03
550 MLA ||r(i)||/||b|| 1.2208413785277530e-03
551 MLA ||r(i)||/||b|| 1.2200300306670765e-03
552 MLA ||r(i)||/||b|| 1.2385214855698073e-03
553 MLA ||r(i)||/||b|| 1.2291938190048582e-03
554 MLA ||r(i)||/||b|| 1.2195574977342007e-03
555 MLA ||r(i)||/||b|| 1.2142430251269210e-03
556 MLA ||r(i)||/||b|| 1.2112722087648004e-03
557 MLA ||r(i)||/||b|| 1.2094452062607378e-03
558 MLA ||r(i)||/||b|| 1.2084844181626119e-03
559 MLA ||r(i)||/||b|| 1.2076629807357367e-03
560 MLA ||r(i)||/||b|| 1.2063504121804427e-03
561 MLA ||r(i)||/||b|| 1.2045239622248780e-03
562 MLA ||r(i)||/||b|| 1.2024859732226272e-03
563 MLA ||r(i)||/||b|| 1.2004744826043243e-03
564 MLA ||r(i)||/||b|| 1.1985713582740960e-03
565 MLA ||r(i)||/||b|| 1.1967698747110283e-03
566 MLA ||r(i)||/||b|| 1.1950350169613463e-03
567 MLA ||r(i)||/||b|| 1.1933276717726198e-03
568 MLA ||r(i)||/||b|| 1.1924082207655118e-03
569 MLA ||r(i)||/||b|| 1.1904059890121468e-03
570 MLA ||r(i)||/||b|| 1.1882843134947002e-03
571 MLA ||r(i)||/||b|| 1.1883600311666034e-03
572 MLA ||r(i)||/||b|| 1.1857019102952987e-03
573 MLA ||r(i)||/||b|| 1.1829552846794559e-03
574 MLA ||r(i)||/||b|| 1.1805203194067155e-03
575 MLA ||r(i)||/||b|| 1.1784225487421031e-03
576 MLA ||r(i)||/||b|| 1.1765932000342674e-03
577 MLA ||r(i)||/||b|| 1.1749215748513937e-03
578 MLA ||r(i)||/||b|| 1.1732896302590941e-03
579 MLA ||r(i)||/||b|| 1.1969389285656730e-03
580 MLA ||r(i)||/||b|| 1.1855489830966024e-03
581 MLA ||r(i)||/||b|| 1.1750272898017314e-03
582 MLA ||r(i)||/||b|| 1.1683790222732284e-03
583 MLA ||r(i)||/||b|| 1.1638398928339921e-03
584 MLA ||r(i)||/||b|| 1.3699117587763065e-03
585 MLA ||r(i)||/||b|| 1.2809962752193913e-03
586 MLA ||r(i)||/||b|| 1.2173228470236418e-03
587 MLA ||r(i)||/||b|| 1.1889466523464702e-03
588 MLA ||r(i)||/||b|| 1.1700894760294333e-03
589 MLA ||r(i)||/||b|| 1.1545498776734137e-03
590 MLA ||r(i)||/||b|| 1.1477437440601398e-03
591 MLA ||r(i)||/||b|| 1.1470553615514011e-03
592 MLA ||r(i)||/||b|| 1.1467403154266193e-03
593 MLA ||r(i)||/||b|| 1.1450879502010148e-03
594 MLA ||r(i)||/||b|| 1.1428979623382817e-03
595 MLA ||r(i)||/||b|| 1.1417865783471457e-03
596 MLA ||r(i)||/||b|| 1.1412269848912115e-03
597 MLA ||r(i)||/||b|| 3.1315984393221643e-03
598 MLA ||r(i)||/||b|| 2.4928956421277925e-03
599 MLA ||r(i)||/||b|| 1.9679598710224916e-03
600 MLA ||r(i)||/||b|| 1.7455100678145433e-03
601 MLA ||r(i)||/||b|| 1.5633733270905431e-03
602 MLA ||r(i)||/||b|| 1.3529713456125574e-03
603 MLA ||r(i)||/||b|| 1.2272969331071019e-03
604 MLA ||r(i)||/||b|| 1.1937072376164513e-03
605 MLA ||r(i)||/||b|| 1.1775487478463771e-03
606 MLA ||r(i)||/||b|| 1.1521781208963702e-03
607 MLA ||r(i)||/||b|| 1.1320628549476130e-03
608 MLA ||r(i)||/||b|| 1.1248400058738043e-03
609 MLA ||r(i)||/||b|| 1.1243962986704666e-03
610 MLA ||r(i)||/||b|| 1.1268438169991647e-03
611 MLA ||r(i)||/||b|| 1.1262254533911302e-03
612 MLA ||r(i)||/||b|| 3.1538106147273618e-03
613 MLA ||r(i)||/||b|| 2.5131333731675111e-03
614 MLA ||r(i)||/||b|| 1.9724777404349363e-03
615 MLA ||r(i)||/||b|| 1.7453966517300280e-03
616 MLA ||r(i)||/||b|| 1.5640618672678943e-03
617 MLA ||r(i)||/||b|| 1.3521051001753491e-03
618 MLA ||r(i)||/||b|| 1.2175292210064908e-03
619 MLA ||r(i)||/||b|| 1.1810865102867428e-03
620 MLA ||r(i)||/||b|| 1.1625222666686843e-03
621 MLA ||r(i)||/||b|| 1.1359961279284174e-03
622 MLA ||r(i)||/||b|| 1.1157430084000716e-03
623 MLA ||r(i)||/||b|| 1.1084333389272264e-03
624 MLA ||r(i)||/||b|| 1.7070934257690338e-03
625 MLA ||r(i)||/||b|| 1.4957279513149496e-03
626 MLA ||r(i)||/||b|| 1.3159243630798823e-03
627 MLA ||r(i)||/||b|| 3.2278686987424667e-03
628 MLA ||r(i)||/||b|| 2.5791110401203691e-03
629 MLA ||r(i)||/||b|| 1.6445912387695100e-03
630 MLA ||r(i)||/||b|| 1.8154569509045190e-03
631 MLA ||r(i)||/||b|| 1.7004343037499989e-03
632 MLA ||r(i)||/||b|| 3.0924785254124857e-03
633 MLA ||r(i)||/||b|| 2.1678820176128074e-03
634 MLA ||r(i)||/||b|| 1.6633172638880961e-03
635 MLA ||r(i)||/||b|| 3.3332921586018238e-03
636 MLA ||r(i)||/||b|| 3.5461523149283602e-03
637 MLA ||r(i)||/||b|| 4.3583391756429968e-03
638 MLA ||r(i)||/||b|| 3.5942896187381793e-03
639 MLA ||r(i)||/||b|| 3.1723730859112387e-03
640 MLA ||r(i)||/||b|| 2.5475019388990269e-03
641 MLA ||r(i)||/||b|| 1.9030264780978249e-03
642 MLA ||r(i)||/||b|| 1.6076992174308957e-03
643 MLA ||r(i)||/||b|| 1.5408516803080451e-03
644 MLA ||r(i)||/||b|| 1.4415395421547782e-03
645 MLA ||r(i)||/||b|| 1.3061438519524876e-03
646 MLA ||r(i)||/||b|| 1.2179146210134395e-03
647 MLA ||r(i)||/||b|| 1.1855450892315942e-03
648 MLA ||r(i)||/||b|| 1.2439214443422137e-03
649 MLA ||r(i)||/||b|| 1.2028863138111685e-03
650 MLA ||r(i)||/||b|| 2.8203573778825225e-03
651 MLA ||r(i)||/||b|| 2.3293049558795482e-03
652 MLA ||r(i)||/||b|| 1.8508268060869549e-03
653 MLA ||r(i)||/||b|| 1.6595528817911331e-03
654 MLA ||r(i)||/||b|| 1.6624925730448035e-03
655 MLA ||r(i)||/||b|| 1.2557496867486736e-03
656 MLA ||r(i)||/||b|| 3.3005004788239081e-03
657 MLA ||r(i)||/||b|| 2.9092549889730189e-03
658 MLA ||r(i)||/||b|| 2.3060037715455558e-03
659 MLA ||r(i)||/||b|| 2.0452564575507465e-03
660 MLA ||r(i)||/||b|| 1.7545046915078354e-03
661 MLA ||r(i)||/||b|| 3.8066174053854561e-03
662 MLA ||r(i)||/||b|| 2.6278324371423467e-03
663 MLA ||r(i)||/||b|| 1.8708127793772215e-03
664 MLA ||r(i)||/||b|| 2.9021833749342456e-03
665 MLA ||r(i)||/||b|| 2.2777903621979578e-03
666 MLA ||r(i)||/||b|| 1.8923172973364822e-03
667 MLA ||r(i)||/||b|| 3.2328508702506899e-03
668 MLA ||r(i)||/||b|| 2.3838358704326846e-03
669 MLA ||r(i)||/||b|| 1.6860160048906554e-03
670 MLA ||r(i)||/||b|| 1.4739906902213303e-03
671 MLA ||r(i)||/||b|| 1.3480632558477406e-03
672 MLA ||r(i)||/||b|| 3.9144515294608877e-03
673 MLA ||r(i)||/||b|| 2.7556044347471207e-03
674 MLA ||r(i)||/||b|| 3.1345187192996882e-03
675 MLA ||r(i)||/||b|| 3.1986548374747827e-03
676 MLA ||r(i)||/||b|| 2.8187477910402059e-03
677 MLA ||r(i)||/||b|| 2.9860812377523220e-03
678 MLA ||r(i)||/||b|| 4.9380947743428664e-03
679 MLA ||r(i)||/||b|| 4.2967614898409851e-03
680 MLA ||r(i)||/||b|| 3.7706636309411210e-03
681 MLA ||r(i)||/||b|| 2.9740382194661007e-03
682 MLA ||r(i)||/||b|| 2.2745319582873152e-03
683 MLA ||r(i)||/||b|| 1.9406306624592568e-03
684 MLA ||r(i)||/||b|| 1.8040821764932083e-03
685 MLA ||r(i)||/||b|| 1.6166298476269962e-03
686 MLA ||r(i)||/||b|| 1.4297818172037591e-03
687 MLA ||r(i)||/||b|| 1.3251576978739173e-03
688 MLA ||r(i)||/||b|| 1.2786699484597180e-03
689 MLA ||r(i)||/||b|| 1.2375178533975382e-03
690 MLA ||r(i)||/||b|| 1.1909981573515489e-03
691 MLA ||r(i)||/||b|| 3.4726402737379918e-03
692 MLA ||r(i)||/||b|| 2.7459357215192546e-03
693 MLA ||r(i)||/||b|| 2.0842401555741636e-03
694 MLA ||r(i)||/||b|| 3.1212641830609157e-03
695 MLA ||r(i)||/||b|| 2.5745563031285808e-03
696 MLA ||r(i)||/||b|| 2.2166149969475419e-03
697 MLA ||r(i)||/||b|| 2.0137358933484226e-03
698 MLA ||r(i)||/||b|| 1.7271475125541745e-03
699 MLA ||r(i)||/||b|| 1.4367415596404276e-03
700 MLA ||r(i)||/||b|| 1.2829953241483983e-03
701 MLA ||r(i)||/||b|| 1.2203242495864353e-03
702 MLA ||r(i)||/||b|| 3.7854378947650238e-03
703 MLA ||r(i)||/||b|| 2.8654283854802876e-03
704 MLA ||r(i)||/||b|| 1.6511267130583332e-03
705 MLA ||r(i)||/||b|| 2.7037236749007528e-03
706 MLA ||r(i)||/||b|| 2.8975064701446903e-03
707 MLA ||r(i)||/||b|| 4.4380305444783026e-03
708 MLA ||r(i)||/||b|| 3.8501329847017616e-03
709 MLA ||r(i)||/||b|| 3.3933780215672327e-03
710 MLA ||r(i)||/||b|| 4.4848970384725228e-03
711 MLA ||r(i)||/||b|| 2.6754208284616673e-03
712 MLA ||r(i)||/||b|| 1.8600399863071958e-03
713 MLA ||r(i)||/||b|| 1.5320313085335549e-03
714 MLA ||r(i)||/||b|| 2.5729000992988373e-03
715 MLA ||r(i)||/||b|| 1.6607800214308434e-03
716 MLA ||r(i)||/||b|| 3.5289470455387752e-03
717 MLA ||r(i)||/||b|| 3.0001335920477124e-03
718 MLA ||r(i)||/||b|| 2.2965042501586134e-03
719 MLA ||r(i)||/||b|| 1.9511384750672460e-03
720 MLA ||r(i)||/||b|| 3.7843392003022564e-03
721 MLA ||r(i)||/||b|| 2.4989926217305731e-03
722 MLA ||r(i)||/||b|| 3.2171290553359762e-03
723 MLA ||r(i)||/||b|| 3.1405543333390376e-03
724 MLA ||r(i)||/||b|| 2.8773960936925155e-03
725 MLA ||r(i)||/||b|| 2.4701822952683935e-03
726 MLA ||r(i)||/||b|| 3.0030624721288156e-03
727 MLA ||r(i)||/||b|| 2.7709380772606633e-03
728 MLA ||r(i)||/||b|| 4.3450955700123665e-03
729 MLA ||r(i)||/||b|| 2.6591611670953850e-03
730 MLA ||r(i)||/||b|| 3.3200956239018966e-03
731 MLA ||r(i)||/||b|| 3.1294744310039375e-03
732 MLA ||r(i)||/||b|| 2.4881265238003531e-03
733 MLA ||r(i)||/||b|| 3.2010260643904756e-03
734 MLA ||r(i)||/||b|| 4.7333581508189936e-03
735 MLA ||r(i)||/||b|| 4.0233857296521573e-03
736 MLA ||r(i)||/||b|| 3.4913272554010070e-03
737 MLA ||r(i)||/||b|| 2.7225490191598698e-03
738 MLA ||r(i)||/||b|| 2.0620840038147415e-03
739 MLA ||r(i)||/||b|| 1.8322404544013123e-03
740 MLA ||r(i)||/||b|| 1.7587135409173091e-03
741 MLA ||r(i)||/||b|| 1.6003016314920645e-03
742 MLA ||r(i)||/||b|| 1.4125612687816925e-03
743 MLA ||r(i)||/||b|| 1.2938507582433703e-03
744 MLA ||r(i)||/||b|| 1.9101684794882712e-03
745 MLA ||r(i)||/||b|| 1.6521594415355840e-03
746 MLA ||r(i)||/||b|| 3.2252298105365043e-03
747 MLA ||r(i)||/||b|| 2.8374725584156399e-03
748 MLA ||r(i)||/||b|| 1.6131907528833505e-03
749 MLA ||r(i)||/||b|| 2.0199039876066327e-03
750 MLA ||r(i)||/||b|| 3.2153484790108104e-03
751 MLA ||r(i)||/||b|| 3.4013123978587105e-03
752 MLA ||r(i)||/||b|| 3.2812177886475443e-03
753 MLA ||r(i)||/||b|| 5.6360691357348666e-03
754 MLA ||r(i)||/||b|| 5.0469468303127466e-03
755 MLA ||r(i)||/||b|| 4.4739705479521783e-03
756 MLA ||r(i)||/||b|| 3.4751692190011013e-03
757 MLA ||r(i)||/||b|| 2.5263737183721414e-03
758 MLA ||r(i)||/||b|| 2.0985331632513895e-03
759 MLA ||r(i)||/||b|| 1.9396689292883467e-03
760 MLA ||r(i)||/||b|| 1.7212030263318620e-03
761 MLA ||r(i)||/||b|| 1.4819014400675188e-03
762 MLA ||r(i)||/||b|| 1.3372343965591419e-03
763 MLA ||r(i)||/||b|| 1.2719136225271003e-03
764 MLA ||r(i)||/||b|| 1.2165694227939123e-03
765 MLA ||r(i)||/||b|| 3.5911147321033548e-03
766 MLA ||r(i)||/||b|| 2.8459537811157060e-03
767 MLA ||r(i)||/||b|| 2.1230978224768718e-03
768 MLA ||r(i)||/||b|| 3.1177799082282034e-03
769 MLA ||r(i)||/||b|| 2.5601859262134709e-03
770 MLA ||r(i)||/||b|| 2.7664669231640860e-03
771 MLA ||r(i)||/||b|| 2.0055437124550973e-03
772 MLA ||r(i)||/||b|| 3.0587611110701337e-03
773 MLA ||r(i)||/||b|| 2.8659018435453184e-03
774 MLA ||r(i)||/||b|| 2.4875628662434255e-03
775 MLA ||r(i)||/||b|| 1.9443525471608864e-03
776 MLA ||r(i)||/||b|| 1.5565210788907084e-03
777 MLA ||r(i)||/||b|| 1.4158133416138968e-03
778 MLA ||r(i)||/||b|| 1.3351750925564725e-03
779 MLA ||r(i)||/||b|| 1.6102373753715874e-03
780 MLA ||r(i)||/||b|| 1.3588453112538205e-03
781 MLA ||r(i)||/||b|| 1.1654628195482233e-03
782 MLA ||r(i)||/||b|| 3.4543544737185411e-03
783 MLA ||r(i)||/||b|| 2.7454915195385277e-03
784 MLA ||r(i)||/||b|| 2.0943004094373155e-03
785 MLA ||r(i)||/||b|| 1.7731594694418494e-03
786 MLA ||r(i)||/||b|| 1.5156363138305211e-03
787 MLA ||r(i)||/||b|| 3.7316309991066235e-03
788 MLA ||r(i)||/||b|| 2.5395734644687779e-03
789 MLA ||r(i)||/||b|| 2.8153978175242990e-03
790 MLA ||r(i)||/||b|| 3.0925232464514606e-03
791 MLA ||r(i)||/||b|| 2.7197986603165075e-03
792 MLA ||r(i)||/||b|| 2.8453091741220738e-03
793 MLA ||r(i)||/||b|| 2.5218262482156690e-03
794 MLA ||r(i)||/||b|| 2.4424053288331230e-03
795 MLA ||r(i)||/||b|| 6.6709243489558468e-03
796 MLA ||r(i)||/||b|| 6.2154977327965244e-03
797 MLA ||r(i)||/||b|| 5.4052465881136011e-03
798 MLA ||r(i)||/||b|| 4.1314894264111168e-03
799 MLA ||r(i)||/||b|| 3.1035722469589357e-03
800 MLA ||r(i)||/||b|| 2.6826381242561828e-03
801 MLA ||r(i)||/||b|| 2.4391574153493144e-03
802 MLA ||r(i)||/||b|| 2.1021743358905880e-03
803 MLA ||r(i)||/||b|| 1.7860498291138790e-03
804 MLA ||r(i)||/||b|| 1.6038644782482051e-03
805 MLA ||r(i)||/||b|| 1.4979426510432082e-03
806 MLA ||r(i)||/||b|| 1.3860604664948375e-03
807 MLA ||r(i)||/||b|| 1.3110603057678624e-03
808 MLA ||r(i)||/||b|| 1.1996939903111850e-03
809 MLA ||r(i)||/||b|| 1.1305185148352778e-03
810 MLA ||r(i)||/||b|| 3.4318116592622844e-03
811 MLA ||r(i)||/||b|| 2.7453647798447575e-03
812 MLA ||r(i)||/||b|| 2.1182040874880236e-03
813 MLA ||r(i)||/||b|| 1.8774101608537168e-03
814 MLA ||r(i)||/||b|| 1.6626850437945219e-03
815 MLA ||r(i)||/||b|| 1.3807793364144238e-03
816 MLA ||r(i)||/||b|| 1.1885527058587554e-03
817 MLA ||r(i)||/||b|| 1.1185438672690496e-03
818 MLA ||r(i)||/||b|| 1.0822488613421648e-03
819 MLA ||r(i)||/||b|| 3.5194511762260592e-03
820 MLA ||r(i)||/||b|| 2.7117735308940837e-03
821 MLA ||r(i)||/||b|| 2.0335981937978594e-03
822 MLA ||r(i)||/||b|| 1.7384373711386788e-03
823 MLA ||r(i)||/||b|| 1.4958242011251701e-03
824 MLA ||r(i)||/||b|| 1.2042160529448808e-03
825 MLA ||r(i)||/||b|| 2.7378704260378208e-03
826 MLA ||r(i)||/||b|| 2.0082041186150409e-03
827 MLA ||r(i)||/||b|| 3.1149221862233232e-03
828 MLA ||r(i)||/||b|| 2.9046034743835263e-03
829 MLA ||r(i)||/||b|| 2.4110789117764270e-03
830 MLA ||r(i)||/||b|| 2.1574699540187429e-03
831 MLA ||r(i)||/||b|| 3.5298040391651638e-03
832 MLA ||r(i)||/||b|| 2.3111061040032477e-03
833 MLA ||r(i)||/||b|| 1.6879753102283519e-03
834 MLA ||r(i)||/||b|| 3.0984792222599556e-03
835 MLA ||r(i)||/||b|| 2.2858316697576125e-03
836 MLA ||r(i)||/||b|| 1.8188230551331207e-03
837 MLA ||r(i)||/||b|| 1.7884926756497864e-03
838 MLA ||r(i)||/||b|| 3.4266368989816533e-03
839 MLA ||r(i)||/||b|| 3.2752798769465383e-03
840 MLA ||r(i)||/||b|| 2.5210219882472449e-03
841 MLA ||r(i)||/||b|| 2.1761245421363195e-03
842 MLA ||r(i)||/||b|| 1.7896914831061854e-03
843 MLA ||r(i)||/||b|| 1.3881237905686199e-03
844 MLA ||r(i)||/||b|| 1.2130210290797804e-03
845 MLA ||r(i)||/||b|| 1.1937903965002477e-03
846 MLA ||r(i)||/||b|| 1.1510465462724203e-03
847 MLA ||r(i)||/||b|| 1.0720241977345147e-03
848 MLA ||r(i)||/||b|| 1.0112092728183982e-03
849 MLA ||r(i)||/||b|| 9.8271095195298381e-04
850 MLA ||r(i)||/||b|| 9.6733653150884286e-04
851 MLA ||r(i)||/||b|| 9.5972466618822472e-04
852 MLA ||r(i)||/||b|| 9.4793687389158206e-04
853 MLA ||r(i)||/||b|| 1.5575799076661249e-03
854 MLA ||r(i)||/||b|| 1.3454249709696135e-03
855 MLA ||r(i)||/||b|| 2.9232260172877152e-03
856 MLA ||r(i)||/||b|| 2.5778204773877619e-03
857 MLA ||r(i)||/||b|| 2.1277753814536162e-03
858 MLA ||r(i)||/||b|| 1.9170333947359686e-03
859 MLA ||r(i)||/||b|| 1.6357616382685826e-03
860 MLA ||r(i)||/||b|| 1.3104977687043080e-03
861 MLA ||r(i)||/||b|| 1.1260973313822779e-03
862 MLA ||r(i)||/||b|| 1.0690539562627317e-03
863 MLA ||r(i)||/||b|| 1.0633579791134147e-03
864 MLA ||r(i)||/||b|| 9.8429377002486312e-04
865 MLA ||r(i)||/||b|| 9.3086699483441149e-04
866 MLA ||r(i)||/||b|| 9.1157696892955225e-04
867 MLA ||r(i)||/||b|| 9.0622561472284552e-04
868 MLA ||r(i)||/||b|| 2.8660126877767611e-03
869 MLA ||r(i)||/||b|| 2.2689291601854316e-03
870 MLA ||r(i)||/||b|| 1.7407298972542406e-03
871 MLA ||r(i)||/||b|| 1.5045939509936732e-03
872 MLA ||r(i)||/||b|| 1.3246984831311707e-03
873 MLA ||r(i)||/||b|| 1.1212968585566753e-03
874 MLA ||r(i)||/||b|| 9.9984643969921474e-04
875 MLA ||r(i)||/||b|| 9.6713483564862801e-04
876 MLA ||r(i)||/||b|| 9.4803328485502263e-04
877 MLA ||r(i)||/||b|| 9.3765573647238516e-04
878 MLA ||r(i)||/||b|| 9.0386940704735596e-04
879 MLA ||r(i)||/||b|| 3.2251116991420569e-03
880 MLA ||r(i)||/||b|| 2.5426822025626278e-03
881 MLA ||r(i)||/||b|| 1.9468594868710129e-03
882 MLA ||r(i)||/||b|| 1.6797624726594637e-03
883 MLA ||r(i)||/||b|| 1.4456490505624954e-03
884 MLA ||r(i)||/||b|| 1.1737973038792263e-03
885 MLA ||r(i)||/||b|| 2.7514902237714446e-03
886 MLA ||r(i)||/||b|| 1.9988899722543766e-03
887 MLA ||r(i)||/||b|| 1.4584936658234423e-03
888 MLA ||r(i)||/||b|| 1.1815651508318985e-03
889 MLA ||r(i)||/||b|| 1.0761107739961731e-03
890 MLA ||r(i)||/||b|| 3.3117065483827773e-03
891 MLA ||r(i)||/||b|| 2.4447991199835011e-03
892 MLA ||r(i)||/||b|| 1.8050079064180213e-03
893 MLA ||r(i)||/||b|| 1.5261131912375583e-03
894 MLA ||r(i)||/||b|| 3.2307567064058761e-03
895 MLA ||r(i)||/||b|| 2.2456005551249026e-03
896 MLA ||r(i)||/||b|| 1.1288038593630831e-03
897 MLA ||r(i)||/||b|| 2.9781969835907451e-03
898 MLA ||r(i)||/||b|| 3.0395900801941985e-03
899 MLA ||r(i)||/||b|| 2.5402001379286904e-03
900 MLA ||r(i)||/||b|| 2.2524231406289351e-03
901 MLA ||r(i)||/||b|| 3.9312736704510054e-03
902 MLA ||r(i)||/||b|| 2.4822770195284042e-03
903 MLA ||r(i)||/||b|| 1.7268153077057253e-03
904 MLA ||r(i)||/||b|| 1.4176521650564331e-03
905 MLA ||r(i)||/||b|| 1.2232873753379976e-03
906 MLA ||r(i)||/||b|| 1.0268020288071217e-03
907 MLA ||r(i)||/||b|| 9.6121145686207487e-04
908 MLA ||r(i)||/||b|| 9.6941891071819443e-04
909 MLA ||r(i)||/||b|| 9.7469036158748918e-04
910 MLA ||r(i)||/||b|| 9.5759316383167454e-04
911 MLA ||r(i)||/||b|| 3.5278885658048221e-03
912 MLA ||r(i)||/||b|| 2.7295947346466201e-03
913 MLA ||r(i)||/||b|| 2.0131402033578215e-03
914 MLA ||r(i)||/||b|| 1.6864506688135101e-03
915 MLA ||r(i)||/||b|| 1.4449713954428442e-03
916 MLA ||r(i)||/||b|| 1.1733902636816504e-03
917 MLA ||r(i)||/||b|| 1.0177663943622102e-03
918 MLA ||r(i)||/||b|| 9.8776535885045026e-04
919 MLA ||r(i)||/||b|| 9.6900914000104814e-04
920 MLA ||r(i)||/||b|| 9.2719402218130692e-04
921 MLA ||r(i)||/||b|| 3.3719384417571076e-03
922 MLA ||r(i)||/||b|| 2.6074302526470803e-03
923 MLA ||r(i)||/||b|| 1.9692759661954747e-03
924 MLA ||r(i)||/||b|| 1.6892840499977231e-03
925 MLA ||r(i)||/||b|| 1.4468559329036497e-03
926 MLA ||r(i)||/||b|| 1.1576648576957138e-03
927 MLA ||r(i)||/||b|| 3.3764661694362153e-03
928 MLA ||r(i)||/||b|| 2.4476778669211561e-03
929 MLA ||r(i)||/||b|| 2.0093410841193295e-03
930 MLA ||r(i)||/||b|| 2.2870568543730901e-03
931 MLA ||r(i)||/||b|| 2.0585722825292013e-03
932 MLA ||r(i)||/||b|| 1.8509612792425819e-03
933 MLA ||r(i)||/||b|| 1.4954169208428942e-03
934 MLA ||r(i)||/||b|| 3.7858758397894291e-03
935 MLA ||r(i)||/||b|| 2.6119097743458361e-03
936 MLA ||r(i)||/||b|| 3.0394187905736711e-03
937 MLA ||r(i)||/||b|| 3.0556943642074132e-03
938 MLA ||r(i)||/||b|| 2.4052881834095000e-03
939 MLA ||r(i)||/||b|| 2.9815938162845953e-03
940 MLA ||r(i)||/||b|| 2.7254813056829881e-03
941 MLA ||r(i)||/||b|| 2.3798443417127296e-03
942 MLA ||r(i)||/||b|| 1.8727331144502435e-03
943 MLA ||r(i)||/||b|| 1.4796973849156656e-03
944 MLA ||r(i)||/||b|| 1.3419004232981045e-03
945 MLA ||r(i)||/||b|| 1.2709341034566404e-03
946 MLA ||r(i)||/||b|| 1.1566798177949904e-03
947 MLA ||r(i)||/||b|| 1.0463649346721567e-03
948 MLA ||r(i)||/||b|| 9.8560793786871075e-04
949 MLA ||r(i)||/||b|| 1.1126284379241265e-03
950 MLA ||r(i)||/||b|| 1.0383834237817397e-03
951 MLA ||r(i)||/||b|| 9.5358986068571055e-04
952 MLA ||r(i)||/||b|| 8.9302063774309543e-04
953 MLA ||r(i)||/||b|| 3.3356895757442754e-03
954 MLA ||r(i)||/||b|| 3.3996468812791548e-03
955 MLA ||r(i)||/||b|| 3.9857272653574770e-03
956 MLA ||r(i)||/||b|| 3.2677888073239405e-03
957 MLA ||r(i)||/||b|| 2.9150040434065059e-03
958 MLA ||r(i)||/||b|| 2.3784406878729191e-03
959 MLA ||r(i)||/||b|| 1.7599175941179800e-03
960 MLA ||r(i)||/||b|| 1.4039105586511197e-03
961 MLA ||r(i)||/||b|| 1.2893676139104034e-03
962 MLA ||r(i)||/||b|| 1.1720480411440614e-03
963 MLA ||r(i)||/||b|| 1.0311364508701858e-03
964 MLA ||r(i)||/||b|| 9.3991058358950177e-04
965 MLA ||r(i)||/||b|| 9.0967366308901236e-04
966 MLA ||r(i)||/||b|| 8.9759826117341644e-04
967 MLA ||r(i)||/||b|| 2.9886028478470126e-03
968 MLA ||r(i)||/||b|| 2.3678872098467012e-03
969 MLA ||r(i)||/||b|| 1.7861400075100985e-03
970 MLA ||r(i)||/||b|| 2.7815451648706413e-03
971 MLA ||r(i)||/||b|| 1.7861084991287266e-03
972 MLA ||r(i)||/||b|| 2.7710266977915067e-03
973 MLA ||r(i)||/||b|| 2.4651575461337731e-03
974 MLA ||r(i)||/||b|| 2.2000824141739025e-03
975 MLA ||r(i)||/||b|| 1.7723299522419639e-03
976 MLA ||r(i)||/||b|| 1.3855819808623383e-03
977 MLA ||r(i)||/||b|| 1.2062291930237303e-03
978 MLA ||r(i)||/||b|| 3.0449459719952090e-03
979 MLA ||r(i)||/||b|| 2.2278823839966579e-03
980 MLA ||r(i)||/||b|| 2.9647717351407479e-03
981 MLA ||r(i)||/||b|| 2.8610617134811668e-03
982 MLA ||r(i)||/||b|| 2.3951997633206087e-03
983 MLA ||r(i)||/||b|| 2.0972306345170906e-03
984 MLA ||r(i)||/||b|| 1.6601353649313149e-03
985 MLA ||r(i)||/||b|| 1.2424515529784997e-03
986 MLA ||r(i)||/||b|| 3.8543124819344042e-03
987 MLA ||r(i)||/||b|| 2.7314171739303973e-03
988 MLA ||r(i)||/||b|| 3.0623996358885878e-03
989 MLA ||r(i)||/||b|| 3.0798308685288933e-03
990 MLA ||r(i)||/||b|| 2.6326861261232260e-03
991 MLA ||r(i)||/||b|| 2.3481607555461892e-03
992 MLA ||r(i)||/||b|| 1.8683906887963138e-03
993 MLA ||r(i)||/||b|| 1.3787283115580368e-03
994 MLA ||r(i)||/||b|| 1.1786617441671950e-03
995 MLA ||r(i)||/||b|| 1.1480662589042085e-03
996 MLA ||r(i)||/||b|| 3.7905545175936526e-03
997 MLA ||r(i)||/||b|| 2.8022641137033098e-03
998 MLA ||r(i)||/||b|| 1.9701821867021672e-03
999 MLA ||r(i)||/||b|| 1.6240802722209452e-03
1000 MLA ||r(i)||/||b|| 1.3893272372953918e-03
>>>> mla solve time: 31.1598 (s)
>>>> ksp solve time: 0.0313356 (s)
            || b ||_2 = 7.2042734251691598e-01
|| r ||_2 / || b ||_2 = 2.1516647020548739e+01
