Config file: ../input/config/mla_v_cycle-refine3.json
order_rbm = 2
angle_type = 1
==== basic information of linear system ====
matrix Row = 73482, matrix Column = 73482
matrix nz_allocated = 1513726, matrix nz_used = 1513726, matrix nz_unneeded = 0
vector Row = 73482
initial     || b ||_2 = 3.6456789914864118e-01
>>>>local_vec_size = 73482
>>>>~~~~ local_mat_m = 73482, local_mat_n = 73482
            || b ||_2 = 3.6456789914864118e-01
|| r ||_2 / || b ||_2 = 1.0000000000000000e+00


>>>>nodes in level 3 is 47, less than 100, setup DONE!>>>>


>>>> mla setup time: 0.922832 (s)
0 MLA ||r(i)||/||b|| 1.0000000000000000e+00
1 MLA ||r(i)||/||b|| 1.2939612696250606e+00
2 MLA ||r(i)||/||b|| 1.2074383739018941e+00
3 MLA ||r(i)||/||b|| 1.1791626884961084e+00
4 MLA ||r(i)||/||b|| 1.1416072615107027e+00
5 MLA ||r(i)||/||b|| 1.0990787741711234e+00
6 MLA ||r(i)||/||b|| 1.0615973605233824e+00
7 MLA ||r(i)||/||b|| 1.0274782764043155e+00
8 MLA ||r(i)||/||b|| 9.8025208930341801e-01
9 MLA ||r(i)||/||b|| 9.6721885754595538e-01
10 MLA ||r(i)||/||b|| 9.3913061158074806e-01
11 MLA ||r(i)||/||b|| 9.4173071636899497e-01
12 MLA ||r(i)||/||b|| 9.3892794352667452e-01
13 MLA ||r(i)||/||b|| 1.0210721709884951e+00
14 MLA ||r(i)||/||b|| 3.5361880811611548e+00
15 MLA ||r(i)||/||b|| 6.6846801338905175e+00
16 MLA ||r(i)||/||b|| 6.6441331565020025e+00
17 MLA ||r(i)||/||b|| 6.6434451189196002e+00
18 MLA ||r(i)||/||b|| 6.3322369959707556e+00
19 MLA ||r(i)||/||b|| 5.6236431044857458e+00
20 MLA ||r(i)||/||b|| 4.7069158402945011e+00
21 MLA ||r(i)||/||b|| 3.9770051418987054e+00
22 MLA ||r(i)||/||b|| 3.7218647282671937e+00
23 MLA ||r(i)||/||b|| 3.8093406320990710e+00
24 MLA ||r(i)||/||b|| 3.9166146959454871e+00
25 MLA ||r(i)||/||b|| 3.8702071937961859e+00
26 MLA ||r(i)||/||b|| 3.6603723599084517e+00
27 MLA ||r(i)||/||b|| 3.3515421243403440e+00
28 MLA ||r(i)||/||b|| 3.0171023787942319e+00
29 MLA ||r(i)||/||b|| 2.7073410232868844e+00
30 MLA ||r(i)||/||b|| 2.4428776724110577e+00
31 MLA ||r(i)||/||b|| 2.2241352348435948e+00
32 MLA ||r(i)||/||b|| 2.0448598026161084e+00
33 MLA ||r(i)||/||b|| 1.9002759438051069e+00
34 MLA ||r(i)||/||b|| 1.7879981687326065e+00
35 MLA ||r(i)||/||b|| 1.7053814506920539e+00
36 MLA ||r(i)||/||b|| 1.6474327668284916e+00
37 MLA ||r(i)||/||b|| 1.6069793639811805e+00
38 MLA ||r(i)||/||b|| 1.5763414307637997e+00
39 MLA ||r(i)||/||b|| 1.5489792696928013e+00
40 MLA ||r(i)||/||b|| 1.5202671512685189e+00
41 MLA ||r(i)||/||b|| 1.4874526493735361e+00
42 MLA ||r(i)||/||b|| 1.4492271769407301e+00
43 MLA ||r(i)||/||b|| 1.4052539319996185e+00
44 MLA ||r(i)||/||b|| 1.3558128947053307e+00
45 MLA ||r(i)||/||b|| 1.3015765476038677e+00
46 MLA ||r(i)||/||b|| 1.2434716193986211e+00
47 MLA ||r(i)||/||b|| 1.1825805825133611e+00
48 MLA ||r(i)||/||b|| 1.1200544244795005e+00
49 MLA ||r(i)||/||b|| 1.0570296744879830e+00
50 MLA ||r(i)||/||b|| 9.9455409520315929e-01
51 MLA ||r(i)||/||b|| 9.3352918596513690e-01
52 MLA ||r(i)||/||b|| 8.7467500885856508e-01
53 MLA ||r(i)||/||b|| 8.1851800636005745e-01
54 MLA ||r(i)||/||b|| 7.6539875718600392e-01
55 MLA ||r(i)||/||b|| 7.1549361396304889e-01
56 MLA ||r(i)||/||b|| 6.6884398460123040e-01
57 MLA ||r(i)||/||b|| 6.2538743231373239e-01
58 MLA ||r(i)||/||b|| 5.8498645921870762e-01
59 MLA ||r(i)||/||b|| 5.4745280459378709e-01
60 MLA ||r(i)||/||b|| 5.1256693896763583e-01
61 MLA ||r(i)||/||b|| 4.8009335954314147e-01
62 MLA ||r(i)||/||b|| 4.4979324318669517e-01
63 MLA ||r(i)||/||b|| 4.2143563452750188e-01
64 MLA ||r(i)||/||b|| 3.9480812599422394e-01
65 MLA ||r(i)||/||b|| 3.6972691151480558e-01
66 MLA ||r(i)||/||b|| 3.4604568410182968e-01
67 MLA ||r(i)||/||b|| 3.2366235526435910e-01
68 MLA ||r(i)||/||b|| 3.0252246751052780e-01
69 MLA ||r(i)||/||b|| 2.8261868095643278e-01
70 MLA ||r(i)||/||b|| 2.6398547690535235e-01
71 MLA ||r(i)||/||b|| 2.4668935318451096e-01
72 MLA ||r(i)||/||b|| 2.3081469392608794e-01
73 MLA ||r(i)||/||b|| 2.1644610999279218e-01
74 MLA ||r(i)||/||b|| 2.0364889481475240e-01
75 MLA ||r(i)||/||b|| 1.9244988173791999e-01
76 MLA ||r(i)||/||b|| 1.8282182860114510e-01
77 MLA ||r(i)||/||b|| 1.7467466411512805e-01
78 MLA ||r(i)||/||b|| 1.6785615170687446e-01
79 MLA ||r(i)||/||b|| 1.6216209720522251e-01
80 MLA ||r(i)||/||b|| 1.5735399043320084e-01
81 MLA ||r(i)||/||b|| 1.5317999793599163e-01
82 MLA ||r(i)||/||b|| 1.4939489266019079e-01
83 MLA ||r(i)||/||b|| 1.4577578615826869e-01
84 MLA ||r(i)||/||b|| 1.4213235456912229e-01
85 MLA ||r(i)||/||b|| 1.3831185585005884e-01
86 MLA ||r(i)||/||b|| 1.3420004527643056e-01
87 MLA ||r(i)||/||b|| 1.2971938224628413e-01
88 MLA ||r(i)||/||b|| 1.2482582740142559e-01
89 MLA ||r(i)||/||b|| 1.1950498548747687e-01
90 MLA ||r(i)||/||b|| 1.1376818571774520e-01
91 MLA ||r(i)||/||b|| 1.0764875042514653e-01
92 MLA ||r(i)||/||b|| 1.0119852485693029e-01
93 MLA ||r(i)||/||b|| 9.4484725027778091e-02
94 MLA ||r(i)||/||b|| 8.7587044795031252e-02
95 MLA ||r(i)||/||b|| 8.0595050652623818e-02
96 MLA ||r(i)||/||b|| 7.3605913806104914e-02
97 MLA ||r(i)||/||b|| 6.6722489135468299e-02
98 MLA ||r(i)||/||b|| 6.0051831668165932e-02
99 MLA ||r(i)||/||b|| 5.3704109532964964e-02
100 MLA ||r(i)||/||b|| 4.7791762187302446e-02
101 MLA ||r(i)||/||b|| 4.2428072300570323e-02
102 MLA ||r(i)||/||b|| 3.7723794377277062e-02
103 MLA ||r(i)||/||b|| 3.3779140701793504e-02
104 MLA ||r(i)||/||b|| 3.0668433772552010e-02
105 MLA ||r(i)||/||b|| 2.8417765726172575e-02
106 MLA ||r(i)||/||b|| 2.6984296421517406e-02
107 MLA ||r(i)||/||b|| 2.6252467682954438e-02
108 MLA ||r(i)||/||b|| 2.6055449711121472e-02
109 MLA ||r(i)||/||b|| 2.6211793406794064e-02
110 MLA ||r(i)||/||b|| 2.6557631161993649e-02
111 MLA ||r(i)||/||b|| 2.6963514597815458e-02
112 MLA ||r(i)||/||b|| 2.7337263135718486e-02
113 MLA ||r(i)||/||b|| 2.7619193757174969e-02
114 MLA ||r(i)||/||b|| 2.7775027253898885e-02
115 MLA ||r(i)||/||b|| 2.7789098547431220e-02
116 MLA ||r(i)||/||b|| 2.7658776187022834e-02
117 MLA ||r(i)||/||b|| 2.7390205460139257e-02
118 MLA ||r(i)||/||b|| 2.6995134862742902e-02
119 MLA ||r(i)||/||b|| 2.6488636098364424e-02
120 MLA ||r(i)||/||b|| 2.5887438567376412e-02
121 MLA ||r(i)||/||b|| 2.5208760702997685e-02
122 MLA ||r(i)||/||b|| 2.4469488035687100e-02
123 MLA ||r(i)||/||b|| 2.3685619148639252e-02
124 MLA ||r(i)||/||b|| 2.2871926535584175e-02
125 MLA ||r(i)||/||b|| 2.2041740121537635e-02
126 MLA ||r(i)||/||b|| 2.1206868429051350e-02
127 MLA ||r(i)||/||b|| 2.0377597914068027e-02
128 MLA ||r(i)||/||b|| 1.9562749581501518e-02
129 MLA ||r(i)||/||b|| 1.8769797568845770e-02
130 MLA ||r(i)||/||b|| 1.8004992850102867e-02
131 MLA ||r(i)||/||b|| 1.7273508590059383e-02
132 MLA ||r(i)||/||b|| 1.6579581589204417e-02
133 MLA ||r(i)||/||b|| 1.5926644533104769e-02
134 MLA ||r(i)||/||b|| 1.5317425030809340e-02
135 MLA ||r(i)||/||b|| 1.4754030798902477e-02
136 MLA ||r(i)||/||b|| 1.4237986772510423e-02
137 MLA ||r(i)||/||b|| 1.3770255289174204e-02
138 MLA ||r(i)||/||b|| 1.3351210697635483e-02
139 MLA ||r(i)||/||b|| 1.2980627903034609e-02
140 MLA ||r(i)||/||b|| 1.2657639231035942e-02
141 MLA ||r(i)||/||b|| 1.2380722781735137e-02
142 MLA ||r(i)||/||b|| 1.2147689452884525e-02
143 MLA ||r(i)||/||b|| 1.1955722938217509e-02
144 MLA ||r(i)||/||b|| 1.1801447266882292e-02
145 MLA ||r(i)||/||b|| 1.1681021123725103e-02
146 MLA ||r(i)||/||b|| 1.1590261553582198e-02
147 MLA ||r(i)||/||b|| 1.1524793634817657e-02
148 MLA ||r(i)||/||b|| 1.1480180451805677e-02
149 MLA ||r(i)||/||b|| 1.1452062641741711e-02
150 MLA ||r(i)||/||b|| 1.1436278092019199e-02
151 MLA ||r(i)||/||b|| 1.1428954079059715e-02
152 MLA ||r(i)||/||b|| 1.1426578531465359e-02
153 MLA ||r(i)||/||b|| 1.1426046258792490e-02
154 MLA ||r(i)||/||b|| 1.1424686854192411e-02
155 MLA ||r(i)||/||b|| 1.1420274919195086e-02
156 MLA ||r(i)||/||b|| 1.1411013775060586e-02
157 MLA ||r(i)||/||b|| 1.1395525344089665e-02
158 MLA ||r(i)||/||b|| 1.1372813432050401e-02
159 MLA ||r(i)||/||b|| 1.1342238127486672e-02
160 MLA ||r(i)||/||b|| 1.1303474313293208e-02
161 MLA ||r(i)||/||b|| 1.1256475701686660e-02
162 MLA ||r(i)||/||b|| 1.1201431155437104e-02
163 MLA ||r(i)||/||b|| 1.1138728656337948e-02
164 MLA ||r(i)||/||b|| 1.1068916735100543e-02
165 MLA ||r(i)||/||b|| 1.0992672838353632e-02
166 MLA ||r(i)||/||b|| 1.0910762385165645e-02
167 MLA ||r(i)||/||b|| 1.0824018180892136e-02
168 MLA ||r(i)||/||b|| 1.0733304446796373e-02
169 MLA ||r(i)||/||b|| 1.0639497791951405e-02
170 MLA ||r(i)||/||b|| 1.0543466275274421e-02
171 MLA ||r(i)||/||b|| 1.0446050856751349e-02
172 MLA ||r(i)||/||b|| 1.0348053034052557e-02
173 MLA ||r(i)||/||b|| 1.0250218137631096e-02
174 MLA ||r(i)||/||b|| 1.0153233146080309e-02
175 MLA ||r(i)||/||b|| 1.0057716351671938e-02
176 MLA ||r(i)||/||b|| 9.9642164976355887e-03
177 MLA ||r(i)||/||b|| 9.8732081154593691e-03
178 MLA ||r(i)||/||b|| 9.7850916073156952e-03
179 MLA ||r(i)||/||b|| 9.7001990268417299e-03
180 MLA ||r(i)||/||b|| 9.6187919073249199e-03
181 MLA ||r(i)||/||b|| 9.5410647261181831e-03
182 MLA ||r(i)||/||b|| 9.4671504593570304e-03
183 MLA ||r(i)||/||b|| 9.3971244671460126e-03
184 MLA ||r(i)||/||b|| 9.3310095083202101e-03
185 MLA ||r(i)||/||b|| 9.2687801086421637e-03
186 MLA ||r(i)||/||b|| 9.2103665983699883e-03
187 MLA ||r(i)||/||b|| 9.1556634809919300e-03
188 MLA ||r(i)||/||b|| 9.1045303296661724e-03
189 MLA ||r(i)||/||b|| 9.0567990000335035e-03
190 MLA ||r(i)||/||b|| 9.0122787576110870e-03
191 MLA ||r(i)||/||b|| 8.9707603597281322e-03
192 MLA ||r(i)||/||b|| 8.9320202718250596e-03
193 MLA ||r(i)||/||b|| 8.8958254020739883e-03
194 MLA ||r(i)||/||b|| 8.8619370901183679e-03
195 MLA ||r(i)||/||b|| 8.8301151236302045e-03
196 MLA ||r(i)||/||b|| 8.8001209135867304e-03
197 MLA ||r(i)||/||b|| 8.7717210983368852e-03
198 MLA ||r(i)||/||b|| 8.7446894113484414e-03
199 MLA ||r(i)||/||b|| 8.7188088651316432e-03
200 MLA ||r(i)||/||b|| 8.6938757098561775e-03
201 MLA ||r(i)||/||b|| 8.6696991244248189e-03
202 MLA ||r(i)||/||b|| 8.6461010903991376e-03
203 MLA ||r(i)||/||b|| 8.6229210647841316e-03
204 MLA ||r(i)||/||b|| 8.6000113877733233e-03
205 MLA ||r(i)||/||b|| 8.5772417427619659e-03
206 MLA ||r(i)||/||b|| 8.5544964585531642e-03
207 MLA ||r(i)||/||b|| 8.5316738898973139e-03
208 MLA ||r(i)||/||b|| 8.5086872921148263e-03
209 MLA ||r(i)||/||b|| 8.4854631115060305e-03
210 MLA ||r(i)||/||b|| 8.4619399795533064e-03
211 MLA ||r(i)||/||b|| 8.4380684980857185e-03
212 MLA ||r(i)||/||b|| 8.4138086031765157e-03
213 MLA ||r(i)||/||b|| 8.3891304997183239e-03
214 MLA ||r(i)||/||b|| 8.3640116375077005e-03
215 MLA ||r(i)||/||b|| 8.3384372388470018e-03
216 MLA ||r(i)||/||b|| 8.3123992675067909e-03
217 MLA ||r(i)||/||b|| 8.2858939140611730e-03
218 MLA ||r(i)||/||b|| 8.2589226908056160e-03
219 MLA ||r(i)||/||b|| 8.2314908874408666e-03
220 MLA ||r(i)||/||b|| 8.2036068889653722e-03
221 MLA ||r(i)||/||b|| 8.1752814202762578e-03
222 MLA ||r(i)||/||b|| 8.1465272418227864e-03
223 MLA ||r(i)||/||b|| 8.1173578920607295e-03
224 MLA ||r(i)||/||b|| 8.0877893666308244e-03
225 MLA ||r(i)||/||b|| 8.0578376814751350e-03
226 MLA ||r(i)||/||b|| 8.0275192335857205e-03
227 MLA ||r(i)||/||b|| 7.9968509358091158e-03
228 MLA ||r(i)||/||b|| 7.9658492087850280e-03
229 MLA ||r(i)||/||b|| 7.9345313233176347e-03
230 MLA ||r(i)||/||b|| 7.9029137272902967e-03
231 MLA ||r(i)||/||b|| 7.8710125041322153e-03
232 MLA ||r(i)||/||b|| 7.8388440641489338e-03
233 MLA ||r(i)||/||b|| 7.8064226238758324e-03
234 MLA ||r(i)||/||b|| 7.7737641284378383e-03
235 MLA ||r(i)||/||b|| 7.7408826950444848e-03
236 MLA ||r(i)||/||b|| 7.7077926503984753e-03
237 MLA ||r(i)||/||b|| 7.6745075924068368e-03
238 MLA ||r(i)||/||b|| 7.6410403413880194e-03
239 MLA ||r(i)||/||b|| 7.6074031166488984e-03
240 MLA ||r(i)||/||b|| 7.5736087038069987e-03
241 MLA ||r(i)||/||b|| 7.5396682922144248e-03
242 MLA ||r(i)||/||b|| 7.5055933754326586e-03
243 MLA ||r(i)||/||b|| 7.4713942055836145e-03
244 MLA ||r(i)||/||b|| 7.4370811916314554e-03
245 MLA ||r(i)||/||b|| 7.4026644962142171e-03
246 MLA ||r(i)||/||b|| 7.3681529539886392e-03
247 MLA ||r(i)||/||b|| 7.3335564771192683e-03
248 MLA ||r(i)||/||b|| 7.2988834835806780e-03
249 MLA ||r(i)||/||b|| 7.2641413726696798e-03
250 MLA ||r(i)||/||b|| 7.2293381331244673e-03
251 MLA ||r(i)||/||b|| 7.1944817657478817e-03
252 MLA ||r(i)||/||b|| 7.1595790237725231e-03
253 MLA ||r(i)||/||b|| 7.1246361694746662e-03
254 MLA ||r(i)||/||b|| 7.0896601588373619e-03
255 MLA ||r(i)||/||b|| 7.0546566669911067e-03
256 MLA ||r(i)||/||b|| 7.0196312255782125e-03
257 MLA ||r(i)||/||b|| 6.9845894903271975e-03
258 MLA ||r(i)||/||b|| 6.9495366158882103e-03
259 MLA ||r(i)||/||b|| 6.9144772976098600e-03
260 MLA ||r(i)||/||b|| 6.8794157120666234e-03
261 MLA ||r(i)||/||b|| 6.8443557173955951e-03
262 MLA ||r(i)||/||b|| 6.8093016087095656e-03
263 MLA ||r(i)||/||b|| 6.7742563909191922e-03
264 MLA ||r(i)||/||b|| 6.7392218138648975e-03
265 MLA ||r(i)||/||b|| 6.7042057895352674e-03
266 MLA ||r(i)||/||b|| 6.6692086057416637e-03
267 MLA ||r(i)||/||b|| 6.6342331170753987e-03
268 MLA ||r(i)||/||b|| 6.5992817190583452e-03
269 MLA ||r(i)||/||b|| 6.5643568106202718e-03
270 MLA ||r(i)||/||b|| 6.5294609144331377e-03
271 MLA ||r(i)||/||b|| 6.4945956656027419e-03
272 MLA ||r(i)||/||b|| 6.4597643114591699e-03
273 MLA ||r(i)||/||b|| 6.4250507466672869e-03
274 MLA ||r(i)||/||b|| 6.3902715609257888e-03
275 MLA ||r(i)||/||b|| 6.3555272852431014e-03
276 MLA ||r(i)||/||b|| 6.3208229316145037e-03
277 MLA ||r(i)||/||b|| 6.2861661807248831e-03
278 MLA ||r(i)||/||b|| 6.2515642543862346e-03
279 MLA ||r(i)||/||b|| 6.2170205189131427e-03
280 MLA ||r(i)||/||b|| 6.1825365895606527e-03
281 MLA ||r(i)||/||b|| 6.1481112268123002e-03
282 MLA ||r(i)||/||b|| 6.1137435251542201e-03
283 MLA ||r(i)||/||b|| 6.0794325180804857e-03
284 MLA ||r(i)||/||b|| 6.0451787766831397e-03
285 MLA ||r(i)||/||b|| 6.0109837184545043e-03
286 MLA ||r(i)||/||b|| 5.9768501280897200e-03
287 MLA ||r(i)||/||b|| 5.9427812534918936e-03
288 MLA ||r(i)||/||b|| 5.9087798968757684e-03
289 MLA ||r(i)||/||b|| 5.8748501532091806e-03
290 MLA ||r(i)||/||b|| 5.8409941234619919e-03
291 MLA ||r(i)||/||b|| 5.8072156848964426e-03
292 MLA ||r(i)||/||b|| 5.7735178534296105e-03
293 MLA ||r(i)||/||b|| 5.7399028092182305e-03
294 MLA ||r(i)||/||b|| 5.7063741956437609e-03
295 MLA ||r(i)||/||b|| 5.6729344098828734e-03
296 MLA ||r(i)||/||b|| 5.6395863522931506e-03
297 MLA ||r(i)||/||b|| 5.6063331034579243e-03
298 MLA ||r(i)||/||b|| 5.5731778794435990e-03
299 MLA ||r(i)||/||b|| 5.5401235530926898e-03
300 MLA ||r(i)||/||b|| 5.5071730831207982e-03
301 MLA ||r(i)||/||b|| 5.4743292401763771e-03
302 MLA ||r(i)||/||b|| 5.4415945636986998e-03
303 MLA ||r(i)||/||b|| 5.4089727139436427e-03
304 MLA ||r(i)||/||b|| 5.3764664264588785e-03
305 MLA ||r(i)||/||b|| 5.3440788558092433e-03
306 MLA ||r(i)||/||b|| 5.3118126641953567e-03
307 MLA ||r(i)||/||b|| 5.2796707822662442e-03
308 MLA ||r(i)||/||b|| 5.2476560359446421e-03
309 MLA ||r(i)||/||b|| 5.2157711627903872e-03
310 MLA ||r(i)||/||b|| 5.1840188266268124e-03
311 MLA ||r(i)||/||b|| 5.1524014974273034e-03
312 MLA ||r(i)||/||b|| 5.1209222230117341e-03
313 MLA ||r(i)||/||b|| 5.0895834045372986e-03
314 MLA ||r(i)||/||b|| 5.0583874679729929e-03
315 MLA ||r(i)||/||b|| 5.0273369467258343e-03
316 MLA ||r(i)||/||b|| 4.9964340901483490e-03
317 MLA ||r(i)||/||b|| 4.9656814289143186e-03
318 MLA ||r(i)||/||b|| 4.9350804978387586e-03
319 MLA ||r(i)||/||b|| 4.9046338190881344e-03
320 MLA ||r(i)||/||b|| 4.8743433604291212e-03
321 MLA ||r(i)||/||b|| 4.8442116428728090e-03
322 MLA ||r(i)||/||b|| 4.8142392115646544e-03
323 MLA ||r(i)||/||b|| 4.7844292667083219e-03
324 MLA ||r(i)||/||b|| 4.7547830127844960e-03
325 MLA ||r(i)||/||b|| 4.7253025954299456e-03
326 MLA ||r(i)||/||b|| 4.6959246759342111e-03
327 MLA ||r(i)||/||b|| 4.6667957910217330e-03
328 MLA ||r(i)||/||b|| 4.6378423143918620e-03
329 MLA ||r(i)||/||b|| 4.6090640798140533e-03
330 MLA ||r(i)||/||b|| 4.5804560882086905e-03
331 MLA ||r(i)||/||b|| 4.5520155355554485e-03
332 MLA ||r(i)||/||b|| 4.5237427008445611e-03
333 MLA ||r(i)||/||b|| 4.4956387137304694e-03
334 MLA ||r(i)||/||b|| 4.4677073315618236e-03
335 MLA ||r(i)||/||b|| 4.4399525283409982e-03
336 MLA ||r(i)||/||b|| 4.4123777576674508e-03
337 MLA ||r(i)||/||b|| 4.3849857570021078e-03
338 MLA ||r(i)||/||b|| 4.3577775620864236e-03
339 MLA ||r(i)||/||b|| 4.3307543060991686e-03
340 MLA ||r(i)||/||b|| 4.3039164226891845e-03
341 MLA ||r(i)||/||b|| 4.2772642718640844e-03
342 MLA ||r(i)||/||b|| 4.2507979394428019e-03
343 MLA ||r(i)||/||b|| 4.2245175984031167e-03
344 MLA ||r(i)||/||b|| 4.1984235361932432e-03
345 MLA ||r(i)||/||b|| 4.1725160670582212e-03
346 MLA ||r(i)||/||b|| 4.1467960946534477e-03
347 MLA ||r(i)||/||b|| 4.1212634984851273e-03
348 MLA ||r(i)||/||b|| 4.0959191296422613e-03
349 MLA ||r(i)||/||b|| 4.0707631350371375e-03
350 MLA ||r(i)||/||b|| 4.0457961917310737e-03
351 MLA ||r(i)||/||b|| 4.0210187838249090e-03
352 MLA ||r(i)||/||b|| 3.9964312245539440e-03
353 MLA ||r(i)||/||b|| 3.9720338899598417e-03
354 MLA ||r(i)||/||b|| 3.9478268226427211e-03
355 MLA ||r(i)||/||b|| 3.9238103820727170e-03
356 MLA ||r(i)||/||b|| 3.8999849346503818e-03
357 MLA ||r(i)||/||b|| 3.8763503119229564e-03
358 MLA ||r(i)||/||b|| 3.8529068297976483e-03
359 MLA ||r(i)||/||b|| 3.8296540043966441e-03
360 MLA ||r(i)||/||b|| 3.8065924588716314e-03
361 MLA ||r(i)||/||b|| 3.7837218175131404e-03
362 MLA ||r(i)||/||b|| 3.7610422181861510e-03
363 MLA ||r(i)||/||b|| 3.7385536262004430e-03
364 MLA ||r(i)||/||b|| 3.7162559376477866e-03
365 MLA ||r(i)||/||b|| 3.6941487956201565e-03
366 MLA ||r(i)||/||b|| 3.6722321764042823e-03
367 MLA ||r(i)||/||b|| 3.6505059579096575e-03
368 MLA ||r(i)||/||b|| 3.6289698896622251e-03
369 MLA ||r(i)||/||b|| 3.6076239463784516e-03
370 MLA ||r(i)||/||b|| 3.5864677068256851e-03
371 MLA ||r(i)||/||b|| 3.5655010524325115e-03
372 MLA ||r(i)||/||b|| 3.5447230631607276e-03
373 MLA ||r(i)||/||b|| 3.5241343112239029e-03
374 MLA ||r(i)||/||b|| 3.5037334595366398e-03
375 MLA ||r(i)||/||b|| 3.4835208876021350e-03
376 MLA ||r(i)||/||b|| 3.4634960220435167e-03
377 MLA ||r(i)||/||b|| 3.4436580437667199e-03
378 MLA ||r(i)||/||b|| 3.4240068416440898e-03
379 MLA ||r(i)||/||b|| 3.4045415679537761e-03
380 MLA ||r(i)||/||b|| 3.3852618764350154e-03
381 MLA ||r(i)||/||b|| 3.3661674761919797e-03
382 MLA ||r(i)||/||b|| 3.3472571669227592e-03
383 MLA ||r(i)||/||b|| 3.3285309202906333e-03
384 MLA ||r(i)||/||b|| 3.3099878188608029e-03
385 MLA ||r(i)||/||b|| 3.2916270432120534e-03
386 MLA ||r(i)||/||b|| 3.2734482931057710e-03
387 MLA ||r(i)||/||b|| 3.2554507016954522e-03
388 MLA ||r(i)||/||b|| 3.2376335949558899e-03
389 MLA ||r(i)||/||b|| 3.2199962539678898e-03
390 MLA ||r(i)||/||b|| 3.2025382501006602e-03
391 MLA ||r(i)||/||b|| 3.1852579288040076e-03
392 MLA ||r(i)||/||b|| 3.1681552286445891e-03
393 MLA ||r(i)||/||b|| 3.1512289251357001e-03
394 MLA ||r(i)||/||b|| 3.1344782339000868e-03
395 MLA ||r(i)||/||b|| 3.1179027042596949e-03
396 MLA ||r(i)||/||b|| 3.1015015109674537e-03
397 MLA ||r(i)||/||b|| 3.0852733708610605e-03
398 MLA ||r(i)||/||b|| 3.0692173006674748e-03
399 MLA ||r(i)||/||b|| 3.0533323820099898e-03
400 MLA ||r(i)||/||b|| 3.0376178478148841e-03
401 MLA ||r(i)||/||b|| 3.0220728272233027e-03
402 MLA ||r(i)||/||b|| 3.0066960799907155e-03
403 MLA ||r(i)||/||b|| 2.9914867619512918e-03
404 MLA ||r(i)||/||b|| 2.9764437388934543e-03
405 MLA ||r(i)||/||b|| 2.9615660345860212e-03
406 MLA ||r(i)||/||b|| 2.9468522601141822e-03
407 MLA ||r(i)||/||b|| 2.9323017947750457e-03
408 MLA ||r(i)||/||b|| 2.9179134713824789e-03
409 MLA ||r(i)||/||b|| 2.9036865535199629e-03
410 MLA ||r(i)||/||b|| 2.8896194569237015e-03
411 MLA ||r(i)||/||b|| 2.8757111456422560e-03
412 MLA ||r(i)||/||b|| 2.8619604889696827e-03
413 MLA ||r(i)||/||b|| 2.8483664441709146e-03
414 MLA ||r(i)||/||b|| 2.8349281035800564e-03
415 MLA ||r(i)||/||b|| 2.8216439065038889e-03
416 MLA ||r(i)||/||b|| 2.8085128594100375e-03
417 MLA ||r(i)||/||b|| 2.7955337480369208e-03
418 MLA ||r(i)||/||b|| 2.7827052963949441e-03
419 MLA ||r(i)||/||b|| 2.7700260911238919e-03
420 MLA ||r(i)||/||b|| 2.7574956386152965e-03
421 MLA ||r(i)||/||b|| 2.7451122150858494e-03
422 MLA ||r(i)||/||b|| 2.7328749805793839e-03
423 MLA ||r(i)||/||b|| 2.7207823167579213e-03
424 MLA ||r(i)||/||b|| 2.7088331931363926e-03
425 MLA ||r(i)||/||b|| 2.6970262261804619e-03
426 MLA ||r(i)||/||b|| 2.6853602020514072e-03
427 MLA ||r(i)||/||b|| 2.6738339631308615e-03
428 MLA ||r(i)||/||b|| 2.6624462769719542e-03
429 MLA ||r(i)||/||b|| 2.6511958483969884e-03
430 MLA ||r(i)||/||b|| 2.6400810557494605e-03
431 MLA ||r(i)||/||b|| 2.6291010276799018e-03
432 MLA ||r(i)||/||b|| 2.6182543985336106e-03
433 MLA ||r(i)||/||b|| 2.6075397547537797e-03
434 MLA ||r(i)||/||b|| 2.5969562962210014e-03
435 MLA ||r(i)||/||b|| 2.5865022773187249e-03
436 MLA ||r(i)||/||b|| 2.5761766029728027e-03
437 MLA ||r(i)||/||b|| 2.5659780252617810e-03
438 MLA ||r(i)||/||b|| 2.5559047804713910e-03
439 MLA ||r(i)||/||b|| 2.5459560680190819e-03
440 MLA ||r(i)||/||b|| 2.5361306119636687e-03
441 MLA ||r(i)||/||b|| 2.5264269964049564e-03
442 MLA ||r(i)||/||b|| 2.5168439910901834e-03
443 MLA ||r(i)||/||b|| 2.5073802477158674e-03
444 MLA ||r(i)||/||b|| 2.4980342860951741e-03
445 MLA ||r(i)||/||b|| 2.4888051716671208e-03
446 MLA ||r(i)||/||b|| 2.4796915033072678e-03
447 MLA ||r(i)||/||b|| 2.4706919010724967e-03
448 MLA ||r(i)||/||b|| 2.4618049588041608e-03
449 MLA ||r(i)||/||b|| 2.4530296713254473e-03
450 MLA ||r(i)||/||b|| 2.4443648578313685e-03
451 MLA ||r(i)||/||b|| 2.4358090359751627e-03
452 MLA ||r(i)||/||b|| 2.4273610757360431e-03
453 MLA ||r(i)||/||b|| 2.4190195963260390e-03
454 MLA ||r(i)||/||b|| 2.4107834347675207e-03
455 MLA ||r(i)||/||b|| 2.4026512161096254e-03
456 MLA ||r(i)||/||b|| 2.3946217000581430e-03
457 MLA ||r(i)||/||b|| 2.3866936700889982e-03
458 MLA ||r(i)||/||b|| 2.3788658193550478e-03
459 MLA ||r(i)||/||b|| 2.3711370612448522e-03
460 MLA ||r(i)||/||b|| 2.3635058842264808e-03
461 MLA ||r(i)||/||b|| 2.3559712471353119e-03
462 MLA ||r(i)||/||b|| 2.3485320430147727e-03
463 MLA ||r(i)||/||b|| 2.3411869189788790e-03
464 MLA ||r(i)||/||b|| 2.3339348186027305e-03
465 MLA ||r(i)||/||b|| 2.3267744650205509e-03
466 MLA ||r(i)||/||b|| 2.3197047471820954e-03
467 MLA ||r(i)||/||b|| 2.3127242695904029e-03
468 MLA ||r(i)||/||b|| 2.3058318182033956e-03
469 MLA ||r(i)||/||b|| 2.2990265622768401e-03
470 MLA ||r(i)||/||b|| 2.2923069949865871e-03
471 MLA ||r(i)||/||b|| 2.2856724086206840e-03
472 MLA ||r(i)||/||b|| 2.2791211410579234e-03
473 MLA ||r(i)||/||b|| 2.2726522494920715e-03
474 MLA ||r(i)||/||b|| 2.2662644427757545e-03
475 MLA ||r(i)||/||b|| 2.2599570117347936e-03
476 MLA ||r(i)||/||b|| 2.2537285463319866e-03
477 MLA ||r(i)||/||b|| 2.2475779585946392e-03
478 MLA ||r(i)||/||b|| 2.2415042571633436e-03
479 MLA ||r(i)||/||b|| 2.2355062836877742e-03
480 MLA ||r(i)||/||b|| 2.2295829872607557e-03
481 MLA ||r(i)||/||b|| 2.2237332826043274e-03
482 MLA ||r(i)||/||b|| 2.2179561273018198e-03
483 MLA ||r(i)||/||b|| 2.2122505818808575e-03
484 MLA ||r(i)||/||b|| 2.2066154618807536e-03
485 MLA ||r(i)||/||b|| 2.2010496584679495e-03
486 MLA ||r(i)||/||b|| 2.1955524421205662e-03
487 MLA ||r(i)||/||b|| 2.1901224143705219e-03
488 MLA ||r(i)||/||b|| 2.1847589551449837e-03
489 MLA ||r(i)||/||b|| 2.1794608236077699e-03
490 MLA ||r(i)||/||b|| 2.1742270748145841e-03
491 MLA ||r(i)||/||b|| 2.1690569215030496e-03
492 MLA ||r(i)||/||b|| 2.1639491962003954e-03
493 MLA ||r(i)||/||b|| 2.1589030531235687e-03
494 MLA ||r(i)||/||b|| 2.1539173597602971e-03
495 MLA ||r(i)||/||b|| 2.1489913217774808e-03
496 MLA ||r(i)||/||b|| 2.1441241273340030e-03
497 MLA ||r(i)||/||b|| 2.1393148126100082e-03
498 MLA ||r(i)||/||b|| 2.1345624500052566e-03
499 MLA ||r(i)||/||b|| 2.1298662858817994e-03
500 MLA ||r(i)||/||b|| 2.1252252506750338e-03
501 MLA ||r(i)||/||b|| 2.1206387475904529e-03
502 MLA ||r(i)||/||b|| 2.1161055281841423e-03
503 MLA ||r(i)||/||b|| 2.1116249807196885e-03
504 MLA ||r(i)||/||b|| 2.1071962216003721e-03
505 MLA ||r(i)||/||b|| 2.1028182074811423e-03
506 MLA ||r(i)||/||b|| 2.0984903802700396e-03
507 MLA ||r(i)||/||b|| 2.0942118263467644e-03
508 MLA ||r(i)||/||b|| 2.0899819966631729e-03
509 MLA ||r(i)||/||b|| 2.0857999111098522e-03
510 MLA ||r(i)||/||b|| 2.0816646434464129e-03
511 MLA ||r(i)||/||b|| 2.0775758308494976e-03
512 MLA ||r(i)||/||b|| 2.0735324710355256e-03
513 MLA ||r(i)||/||b|| 2.0695337078782492e-03
514 MLA ||r(i)||/||b|| 2.0655789156894355e-03
515 MLA ||r(i)||/||b|| 2.0616674358607686e-03
516 MLA ||r(i)||/||b|| 2.0577984362134490e-03
517 MLA ||r(i)||/||b|| 2.0539712561822177e-03
518 MLA ||r(i)||/||b|| 2.0501852443943667e-03
519 MLA ||r(i)||/||b|| 2.0464397669852940e-03
520 MLA ||r(i)||/||b|| 2.0427341258783950e-03
521 MLA ||r(i)||/||b|| 2.0390676563403127e-03
522 MLA ||r(i)||/||b|| 2.0354397056785954e-03
523 MLA ||r(i)||/||b|| 2.0318493701875400e-03
524 MLA ||r(i)||/||b|| 2.0282960886325928e-03
525 MLA ||r(i)||/||b|| 2.0247794218565571e-03
526 MLA ||r(i)||/||b|| 2.0212985750418123e-03
527 MLA ||r(i)||/||b|| 2.0178530818961531e-03
528 MLA ||r(i)||/||b|| 2.0144423815881968e-03
529 MLA ||r(i)||/||b|| 2.0110658253691890e-03
530 MLA ||r(i)||/||b|| 2.0077226511825649e-03
531 MLA ||r(i)||/||b|| 2.0044125481082082e-03
532 MLA ||r(i)||/||b|| 2.0011349010470693e-03
533 MLA ||r(i)||/||b|| 1.9978891944151403e-03
534 MLA ||r(i)||/||b|| 1.9946746673918862e-03
535 MLA ||r(i)||/||b|| 1.9914908165024887e-03
536 MLA ||r(i)||/||b|| 1.9883372603263791e-03
537 MLA ||r(i)||/||b|| 1.9852133267191561e-03
538 MLA ||r(i)||/||b|| 1.9821187347839296e-03
539 MLA ||r(i)||/||b|| 1.9790526009448449e-03
540 MLA ||r(i)||/||b|| 1.9760148178913075e-03
541 MLA ||r(i)||/||b|| 1.9730047362012358e-03
542 MLA ||r(i)||/||b|| 1.9700218278987961e-03
543 MLA ||r(i)||/||b|| 1.9670657157877772e-03
544 MLA ||r(i)||/||b|| 1.9641357873258023e-03
545 MLA ||r(i)||/||b|| 1.9612315417972888e-03
546 MLA ||r(i)||/||b|| 1.9583525886175475e-03
547 MLA ||r(i)||/||b|| 1.9554986393627229e-03
548 MLA ||r(i)||/||b|| 1.9526692592382194e-03
549 MLA ||r(i)||/||b|| 1.9498638583681286e-03
550 MLA ||r(i)||/||b|| 1.9470820677525359e-03
551 MLA ||r(i)||/||b|| 1.9443235239716651e-03
552 MLA ||r(i)||/||b|| 1.9415877930426830e-03
553 MLA ||r(i)||/||b|| 1.9388744657008617e-03
554 MLA ||r(i)||/||b|| 1.9361831443096529e-03
555 MLA ||r(i)||/||b|| 1.9335134906655626e-03
556 MLA ||r(i)||/||b|| 1.9308650466102245e-03
557 MLA ||r(i)||/||b|| 1.9282374570346078e-03
558 MLA ||r(i)||/||b|| 1.9256303175139320e-03
559 MLA ||r(i)||/||b|| 1.9230433200608525e-03
560 MLA ||r(i)||/||b|| 1.9204761464208988e-03
561 MLA ||r(i)||/||b|| 1.9179282026959333e-03
562 MLA ||r(i)||/||b|| 1.9153994304689740e-03
563 MLA ||r(i)||/||b|| 1.9128894153133907e-03
564 MLA ||r(i)||/||b|| 1.9103978389511721e-03
565 MLA ||r(i)||/||b|| 1.9079243000999183e-03
566 MLA ||r(i)||/||b|| 1.9054685254197739e-03
567 MLA ||r(i)||/||b|| 1.9030302550598912e-03
568 MLA ||r(i)||/||b|| 1.9006089191969417e-03
569 MLA ||r(i)||/||b|| 1.8982046059706382e-03
570 MLA ||r(i)||/||b|| 1.8958168604464377e-03
571 MLA ||r(i)||/||b|| 1.8934454492956544e-03
572 MLA ||r(i)||/||b|| 1.8910900912408135e-03
573 MLA ||r(i)||/||b|| 1.8887501781504124e-03
574 MLA ||r(i)||/||b|| 1.8864257811099683e-03
575 MLA ||r(i)||/||b|| 1.8841165070890384e-03
576 MLA ||r(i)||/||b|| 1.8818221762674438e-03
577 MLA ||r(i)||/||b|| 1.8795424939862624e-03
578 MLA ||r(i)||/||b|| 1.8772771029867982e-03
579 MLA ||r(i)||/||b|| 1.8750257973881425e-03
580 MLA ||r(i)||/||b|| 1.8727883820495804e-03
581 MLA ||r(i)||/||b|| 1.8705645869078933e-03
582 MLA ||r(i)||/||b|| 1.8683541674071125e-03
583 MLA ||r(i)||/||b|| 1.8661569627604487e-03
584 MLA ||r(i)||/||b|| 1.8639725490491054e-03
585 MLA ||r(i)||/||b|| 1.8618010105205559e-03
586 MLA ||r(i)||/||b|| 1.8596418152064687e-03
587 MLA ||r(i)||/||b|| 1.8574949046233182e-03
588 MLA ||r(i)||/||b|| 1.8553599633472060e-03
589 MLA ||r(i)||/||b|| 1.8532369672738999e-03
590 MLA ||r(i)||/||b|| 1.8511256456311450e-03
591 MLA ||r(i)||/||b|| 1.8490256756039151e-03
592 MLA ||r(i)||/||b|| 1.8469370032944789e-03
593 MLA ||r(i)||/||b|| 1.8448593878196574e-03
594 MLA ||r(i)||/||b|| 1.8427925197618603e-03
595 MLA ||r(i)||/||b|| 1.8407364116473810e-03
596 MLA ||r(i)||/||b|| 1.8386906924958198e-03
597 MLA ||r(i)||/||b|| 1.8366554096890233e-03
598 MLA ||r(i)||/||b|| 1.8346302940116382e-03
599 MLA ||r(i)||/||b|| 1.8326150960755068e-03
600 MLA ||r(i)||/||b|| 1.8306096940558930e-03
601 MLA ||r(i)||/||b|| 1.8286140130024688e-03
602 MLA ||r(i)||/||b|| 1.8266276851485420e-03
603 MLA ||r(i)||/||b|| 1.8246506390905447e-03
604 MLA ||r(i)||/||b|| 1.8226828386100702e-03
605 MLA ||r(i)||/||b|| 1.8207239535733308e-03
606 MLA ||r(i)||/||b|| 1.8187740959039662e-03
607 MLA ||r(i)||/||b|| 1.8168328233198084e-03
608 MLA ||r(i)||/||b|| 1.8149002009862313e-03
609 MLA ||r(i)||/||b|| 1.8129759908411894e-03
610 MLA ||r(i)||/||b|| 1.8110599817594674e-03
611 MLA ||r(i)||/||b|| 1.8091523287260651e-03
612 MLA ||r(i)||/||b|| 1.8072525382242326e-03
613 MLA ||r(i)||/||b|| 1.8053606790671801e-03
614 MLA ||r(i)||/||b|| 1.8034766338939040e-03
615 MLA ||r(i)||/||b|| 1.8016001235761417e-03
616 MLA ||r(i)||/||b|| 1.7997312350937847e-03
617 MLA ||r(i)||/||b|| 1.7978697252112367e-03
618 MLA ||r(i)||/||b|| 1.7960155513310969e-03
619 MLA ||r(i)||/||b|| 1.7941684312276936e-03
620 MLA ||r(i)||/||b|| 1.7923284885908014e-03
621 MLA ||r(i)||/||b|| 1.7904954437549308e-03
622 MLA ||r(i)||/||b|| 1.7886692210084892e-03
623 MLA ||r(i)||/||b|| 1.7868497705391614e-03
624 MLA ||r(i)||/||b|| 1.7850368562470317e-03
625 MLA ||r(i)||/||b|| 1.7832305701864176e-03
626 MLA ||r(i)||/||b|| 1.7814307217121127e-03
627 MLA ||r(i)||/||b|| 1.7796371342533274e-03
628 MLA ||r(i)||/||b|| 1.7778498554612129e-03
629 MLA ||r(i)||/||b|| 1.7760687384735649e-03
630 MLA ||r(i)||/||b|| 1.7742935060993104e-03
631 MLA ||r(i)||/||b|| 1.7725243988857325e-03
632 MLA ||r(i)||/||b|| 1.7707610752711149e-03
633 MLA ||r(i)||/||b|| 1.7690036014195768e-03
634 MLA ||r(i)||/||b|| 1.7672518291056965e-03
635 MLA ||r(i)||/||b|| 1.7655057043690855e-03
636 MLA ||r(i)||/||b|| 1.7637650308240983e-03
637 MLA ||r(i)||/||b|| 1.7620299508790780e-03
638 MLA ||r(i)||/||b|| 1.7603001303853111e-03
639 MLA ||r(i)||/||b|| 1.7585757347919233e-03
640 MLA ||r(i)||/||b|| 1.7568564727523013e-03
641 MLA ||r(i)||/||b|| 1.7551424301036379e-03
642 MLA ||r(i)||/||b|| 1.7534334667024768e-03
643 MLA ||r(i)||/||b|| 1.7517295116086403e-03
644 MLA ||r(i)||/||b|| 1.7500305562435882e-03
645 MLA ||r(i)||/||b|| 1.7483363831287486e-03
646 MLA ||r(i)||/||b|| 1.7466470159090445e-03
647 MLA ||r(i)||/||b|| 1.7449624542847882e-03
648 MLA ||r(i)||/||b|| 1.7432826209733841e-03
649 MLA ||r(i)||/||b|| 1.7416073481527452e-03
650 MLA ||r(i)||/||b|| 1.7399367637971563e-03
651 MLA ||r(i)||/||b|| 1.7382706973331360e-03
652 MLA ||r(i)||/||b|| 1.7366090296282823e-03
653 MLA ||r(i)||/||b|| 1.7349518650931700e-03
654 MLA ||r(i)||/||b|| 1.7332989533486681e-03
655 MLA ||r(i)||/||b|| 1.7316503542732379e-03
656 MLA ||r(i)||/||b|| 1.7300059776611336e-03
657 MLA ||r(i)||/||b|| 1.7283657389288065e-03
658 MLA ||r(i)||/||b|| 1.7267296342642409e-03
659 MLA ||r(i)||/||b|| 1.7250978042479793e-03
660 MLA ||r(i)||/||b|| 1.7234698141229720e-03
661 MLA ||r(i)||/||b|| 1.7218458617039630e-03
662 MLA ||r(i)||/||b|| 1.7202258480967581e-03
663 MLA ||r(i)||/||b|| 1.7186097342910458e-03
664 MLA ||r(i)||/||b|| 1.7169975094196417e-03
665 MLA ||r(i)||/||b|| 1.7153890299913528e-03
666 MLA ||r(i)||/||b|| 1.7137843348224522e-03
667 MLA ||r(i)||/||b|| 1.7121833102555948e-03
668 MLA ||r(i)||/||b|| 1.7105860085205530e-03
669 MLA ||r(i)||/||b|| 1.7089923655096758e-03
670 MLA ||r(i)||/||b|| 1.7074024018266791e-03
671 MLA ||r(i)||/||b|| 1.7058159246997875e-03
672 MLA ||r(i)||/||b|| 1.7042330106219281e-03
673 MLA ||r(i)||/||b|| 1.7026535454196792e-03
674 MLA ||r(i)||/||b|| 1.7010775199046023e-03
675 MLA ||r(i)||/||b|| 1.6995050361513599e-03
676 MLA ||r(i)||/||b|| 1.6979358496007513e-03
677 MLA ||r(i)||/||b|| 1.6963700609360782e-03
678 MLA ||r(i)||/||b|| 1.6948076226886372e-03
679 MLA ||r(i)||/||b|| 1.6932483985704733e-03
680 MLA ||r(i)||/||b|| 1.6916924416300165e-03
681 MLA ||r(i)||/||b|| 1.6901397984637643e-03
682 MLA ||r(i)||/||b|| 1.6885902784132020e-03
683 MLA ||r(i)||/||b|| 1.6870439655858689e-03
684 MLA ||r(i)||/||b|| 1.6855007469634398e-03
685 MLA ||r(i)||/||b|| 1.6839607288978583e-03
686 MLA ||r(i)||/||b|| 1.6824237209623985e-03
687 MLA ||r(i)||/||b|| 1.6808897473479768e-03
688 MLA ||r(i)||/||b|| 1.6793588256210558e-03
689 MLA ||r(i)||/||b|| 1.6778308927145444e-03
690 MLA ||r(i)||/||b|| 1.6763060144461899e-03
691 MLA ||r(i)||/||b|| 1.6747840584496884e-03
692 MLA ||r(i)||/||b|| 1.6732650079435566e-03
693 MLA ||r(i)||/||b|| 1.6717488809638011e-03
694 MLA ||r(i)||/||b|| 1.6702355883767980e-03
695 MLA ||r(i)||/||b|| 1.6687252001846167e-03
696 MLA ||r(i)||/||b|| 1.6672176306296318e-03
697 MLA ||r(i)||/||b|| 1.6657127860028656e-03
698 MLA ||r(i)||/||b|| 1.6642108496265401e-03
699 MLA ||r(i)||/||b|| 1.6627117418236358e-03
700 MLA ||r(i)||/||b|| 1.6612153321527723e-03
701 MLA ||r(i)||/||b|| 1.6597216742022379e-03
702 MLA ||r(i)||/||b|| 1.6582308006916503e-03
703 MLA ||r(i)||/||b|| 1.6567425449521601e-03
704 MLA ||r(i)||/||b|| 1.6552570843731012e-03
705 MLA ||r(i)||/||b|| 1.6537741583571314e-03
706 MLA ||r(i)||/||b|| 1.6522938961436749e-03
707 MLA ||r(i)||/||b|| 1.6508162499390250e-03
708 MLA ||r(i)||/||b|| 1.6493411704579621e-03
709 MLA ||r(i)||/||b|| 1.6478687267276453e-03
710 MLA ||r(i)||/||b|| 1.6463989052971054e-03
711 MLA ||r(i)||/||b|| 1.6449315562418751e-03
712 MLA ||r(i)||/||b|| 1.6434667347786380e-03
713 MLA ||r(i)||/||b|| 1.6420045789044245e-03
714 MLA ||r(i)||/||b|| 1.6405448748462363e-03
715 MLA ||r(i)||/||b|| 1.6390876200387259e-03
716 MLA ||r(i)||/||b|| 1.6376329298940970e-03
717 MLA ||r(i)||/||b|| 1.6361806732864686e-03
718 MLA ||r(i)||/||b|| 1.6347308657033372e-03
719 MLA ||r(i)||/||b|| 1.6332834403841893e-03
720 MLA ||r(i)||/||b|| 1.6318385543208050e-03
721 MLA ||r(i)||/||b|| 1.6303960535703551e-03
722 MLA ||r(i)||/||b|| 1.6289558784217679e-03
723 MLA ||r(i)||/||b|| 1.6275182036954170e-03
724 MLA ||r(i)||/||b|| 1.6260828839306030e-03
725 MLA ||r(i)||/||b|| 1.6246499639661681e-03
726 MLA ||r(i)||/||b|| 1.6232193854757557e-03
727 MLA ||r(i)||/||b|| 1.6217911432452482e-03
728 MLA ||r(i)||/||b|| 1.6203652314932117e-03
729 MLA ||r(i)||/||b|| 1.6189417288054394e-03
730 MLA ||r(i)||/||b|| 1.6175204308608779e-03
731 MLA ||r(i)||/||b|| 1.6161014609057474e-03
732 MLA ||r(i)||/||b|| 1.6146846877003688e-03
733 MLA ||r(i)||/||b|| 1.6132702408911323e-03
734 MLA ||r(i)||/||b|| 1.6118581196438002e-03
735 MLA ||r(i)||/||b|| 1.6104482114894089e-03
736 MLA ||r(i)||/||b|| 1.6090405912589901e-03
737 MLA ||r(i)||/||b|| 1.6076352705685435e-03
738 MLA ||r(i)||/||b|| 1.6062321632202591e-03
739 MLA ||r(i)||/||b|| 1.6048313187299295e-03
740 MLA ||r(i)||/||b|| 1.6034326352736025e-03
741 MLA ||r(i)||/||b|| 1.6020360936226902e-03
742 MLA ||r(i)||/||b|| 1.6006419117816639e-03
743 MLA ||r(i)||/||b|| 1.5992497946760074e-03
744 MLA ||r(i)||/||b|| 1.5978599296671378e-03
745 MLA ||r(i)||/||b|| 1.5964722242452871e-03
746 MLA ||r(i)||/||b|| 1.5950866519375494e-03
747 MLA ||r(i)||/||b|| 1.5937032563891423e-03
748 MLA ||r(i)||/||b|| 1.5923219449651008e-03
749 MLA ||r(i)||/||b|| 1.5909429344846983e-03
750 MLA ||r(i)||/||b|| 1.5895659428051094e-03
751 MLA ||r(i)||/||b|| 1.5881911394794125e-03
752 MLA ||r(i)||/||b|| 1.5868184927076913e-03
753 MLA ||r(i)||/||b|| 1.5854478842217807e-03
754 MLA ||r(i)||/||b|| 1.5840795055397866e-03
755 MLA ||r(i)||/||b|| 1.5827131765730762e-03
756 MLA ||r(i)||/||b|| 1.5813488645829760e-03
757 MLA ||r(i)||/||b|| 1.5799866728788991e-03
758 MLA ||r(i)||/||b|| 1.5786266493683344e-03
759 MLA ||r(i)||/||b|| 1.5772685960144285e-03
760 MLA ||r(i)||/||b|| 1.5759126941639189e-03
761 MLA ||r(i)||/||b|| 1.5745588711921052e-03
762 MLA ||r(i)||/||b|| 1.5732070462724759e-03
763 MLA ||r(i)||/||b|| 1.5718573282478044e-03
764 MLA ||r(i)||/||b|| 1.5705096629670325e-03
765 MLA ||r(i)||/||b|| 1.5691639984132142e-03
766 MLA ||r(i)||/||b|| 1.5678202745017544e-03
767 MLA ||r(i)||/||b|| 1.5664787772193011e-03
768 MLA ||r(i)||/||b|| 1.5651391919819916e-03
769 MLA ||r(i)||/||b|| 1.5638016602359643e-03
770 MLA ||r(i)||/||b|| 1.5624662184791616e-03
771 MLA ||r(i)||/||b|| 1.5611326550716621e-03
772 MLA ||r(i)||/||b|| 1.5598012232818212e-03
773 MLA ||r(i)||/||b|| 1.5584717680974477e-03
774 MLA ||r(i)||/||b|| 1.5571442380766184e-03
775 MLA ||r(i)||/||b|| 1.5558188319934974e-03
776 MLA ||r(i)||/||b|| 1.5544953282298321e-03
777 MLA ||r(i)||/||b|| 1.5531737862674699e-03
778 MLA ||r(i)||/||b|| 1.5518542001294899e-03
779 MLA ||r(i)||/||b|| 1.5505366165723289e-03
780 MLA ||r(i)||/||b|| 1.5492211131752610e-03
781 MLA ||r(i)||/||b|| 1.5479074217528586e-03
782 MLA ||r(i)||/||b|| 1.5465958193631847e-03
783 MLA ||r(i)||/||b|| 1.5452860519356657e-03
784 MLA ||r(i)||/||b|| 1.5439782850133206e-03
785 MLA ||r(i)||/||b|| 1.5426723874173906e-03
786 MLA ||r(i)||/||b|| 1.5413684794502163e-03
787 MLA ||r(i)||/||b|| 1.5400664917544105e-03
788 MLA ||r(i)||/||b|| 1.5387665150155621e-03
789 MLA ||r(i)||/||b|| 1.5374682991036745e-03
790 MLA ||r(i)||/||b|| 1.5361722222175015e-03
791 MLA ||r(i)||/||b|| 1.5348779768596362e-03
792 MLA ||r(i)||/||b|| 1.5335856654931817e-03
793 MLA ||r(i)||/||b|| 1.5322952742295713e-03
794 MLA ||r(i)||/||b|| 1.5310066706598728e-03
795 MLA ||r(i)||/||b|| 1.5297200914023740e-03
796 MLA ||r(i)||/||b|| 1.5284353204906391e-03
797 MLA ||r(i)||/||b|| 1.5271524579202500e-03
798 MLA ||r(i)||/||b|| 1.5258715708549636e-03
799 MLA ||r(i)||/||b|| 1.5245925504502337e-03
800 MLA ||r(i)||/||b|| 1.5233154060995513e-03
801 MLA ||r(i)||/||b|| 1.5220401644122077e-03
802 MLA ||r(i)||/||b|| 1.5207666701564195e-03
803 MLA ||r(i)||/||b|| 1.5194951944978688e-03
804 MLA ||r(i)||/||b|| 1.5182255815235669e-03
805 MLA ||r(i)||/||b|| 1.5169577901192131e-03
806 MLA ||r(i)||/||b|| 1.5156917648699929e-03
807 MLA ||r(i)||/||b|| 1.5144277153958355e-03
808 MLA ||r(i)||/||b|| 1.5131655499855928e-03
809 MLA ||r(i)||/||b|| 1.5119051421816237e-03
810 MLA ||r(i)||/||b|| 1.5106465871925247e-03
811 MLA ||r(i)||/||b|| 1.5093899567983000e-03
812 MLA ||r(i)||/||b|| 1.5081350759171537e-03
813 MLA ||r(i)||/||b|| 1.5068820822487115e-03
814 MLA ||r(i)||/||b|| 1.5056309616189624e-03
815 MLA ||r(i)||/||b|| 1.5043815790200742e-03
816 MLA ||r(i)||/||b|| 1.5031341023673927e-03
817 MLA ||r(i)||/||b|| 1.5018883526493210e-03
818 MLA ||r(i)||/||b|| 1.5006444425337887e-03
819 MLA ||r(i)||/||b|| 1.4994023158622701e-03
820 MLA ||r(i)||/||b|| 1.4981620813535284e-03
821 MLA ||r(i)||/||b|| 1.4969235613376223e-03
822 MLA ||r(i)||/||b|| 1.4956869210265900e-03
823 MLA ||r(i)||/||b|| 1.4944520187398468e-03
824 MLA ||r(i)||/||b|| 1.4932190254205186e-03
825 MLA ||r(i)||/||b|| 1.4919877589727655e-03
826 MLA ||r(i)||/||b|| 1.4907583505812975e-03
827 MLA ||r(i)||/||b|| 1.4895306080393621e-03
828 MLA ||r(i)||/||b|| 1.4883046916727084e-03
829 MLA ||r(i)||/||b|| 1.4870804456215425e-03
830 MLA ||r(i)||/||b|| 1.4858581128080056e-03
831 MLA ||r(i)||/||b|| 1.4846375896163638e-03
832 MLA ||r(i)||/||b|| 1.4834186132256909e-03
833 MLA ||r(i)||/||b|| 1.4822016047007192e-03
834 MLA ||r(i)||/||b|| 1.4809863823985409e-03
835 MLA ||r(i)||/||b|| 1.4797727519551289e-03
836 MLA ||r(i)||/||b|| 1.4785610730522934e-03
837 MLA ||r(i)||/||b|| 1.4773510036488037e-03
838 MLA ||r(i)||/||b|| 1.4761427099819191e-03
839 MLA ||r(i)||/||b|| 1.4749361227013734e-03
840 MLA ||r(i)||/||b|| 1.4737313317710382e-03
841 MLA ||r(i)||/||b|| 1.4725282142711820e-03
842 MLA ||r(i)||/||b|| 1.4713268021717013e-03
843 MLA ||r(i)||/||b|| 1.4701272757387902e-03
844 MLA ||r(i)||/||b|| 1.4689294070389996e-03
845 MLA ||r(i)||/||b|| 1.4677332402340743e-03
846 MLA ||r(i)||/||b|| 1.4665387897727748e-03
847 MLA ||r(i)||/||b|| 1.4653459607921638e-03
848 MLA ||r(i)||/||b|| 1.4641550245666072e-03
849 MLA ||r(i)||/||b|| 1.4629656661397374e-03
850 MLA ||r(i)||/||b|| 1.4617781234651734e-03
851 MLA ||r(i)||/||b|| 1.4605921491843755e-03
852 MLA ||r(i)||/||b|| 1.4594079553930739e-03
853 MLA ||r(i)||/||b|| 1.4582253311856753e-03
854 MLA ||r(i)||/||b|| 1.4570444990681403e-03
855 MLA ||r(i)||/||b|| 1.4558654480515592e-03
856 MLA ||r(i)||/||b|| 1.4546879493476203e-03
857 MLA ||r(i)||/||b|| 1.4535122186386470e-03
858 MLA ||r(i)||/||b|| 1.4523380751526097e-03
859 MLA ||r(i)||/||b|| 1.4511656644473757e-03
860 MLA ||r(i)||/||b|| 1.4499949235908867e-03
861 MLA ||r(i)||/||b|| 1.4488258854671225e-03
862 MLA ||r(i)||/||b|| 1.4476584356232216e-03
863 MLA ||r(i)||/||b|| 1.4464926505583856e-03
864 MLA ||r(i)||/||b|| 1.4453285599474778e-03
865 MLA ||r(i)||/||b|| 1.4441661067904814e-03
866 MLA ||r(i)||/||b|| 1.4430052031764713e-03
867 MLA ||r(i)||/||b|| 1.4418460739276456e-03
868 MLA ||r(i)||/||b|| 1.4406885524336159e-03
869 MLA ||r(i)||/||b|| 1.4395326968694765e-03
870 MLA ||r(i)||/||b|| 1.4383783781638079e-03
871 MLA ||r(i)||/||b|| 1.4372258512679380e-03
872 MLA ||r(i)||/||b|| 1.4360747527282927e-03
873 MLA ||r(i)||/||b|| 1.4349253851475526e-03
874 MLA ||r(i)||/||b|| 1.4337775846324364e-03
875 MLA ||r(i)||/||b|| 1.4326315274071505e-03
876 MLA ||r(i)||/||b|| 1.4314870178114445e-03
877 MLA ||r(i)||/||b|| 1.4303440067180704e-03
878 MLA ||r(i)||/||b|| 1.4292027096193293e-03
879 MLA ||r(i)||/||b|| 1.4280629405898648e-03
880 MLA ||r(i)||/||b|| 1.4269248983274382e-03
881 MLA ||r(i)||/||b|| 1.4257883970520307e-03
882 MLA ||r(i)||/||b|| 1.4246534624542903e-03
883 MLA ||r(i)||/||b|| 1.4235201793344585e-03
884 MLA ||r(i)||/||b|| 1.4223884233871590e-03
885 MLA ||r(i)||/||b|| 1.4212581919563186e-03
886 MLA ||r(i)||/||b|| 1.4201296616842970e-03
887 MLA ||r(i)||/||b|| 1.4190025953441032e-03
888 MLA ||r(i)||/||b|| 1.4178772178718164e-03
889 MLA ||r(i)||/||b|| 1.4167532435149270e-03
890 MLA ||r(i)||/||b|| 1.4156309316177586e-03
891 MLA ||r(i)||/||b|| 1.4145101707989153e-03
892 MLA ||r(i)||/||b|| 1.4133909867972661e-03
893 MLA ||r(i)||/||b|| 1.4122734203321423e-03
894 MLA ||r(i)||/||b|| 1.4111572397275298e-03
895 MLA ||r(i)||/||b|| 1.4100427360614985e-03
896 MLA ||r(i)||/||b|| 1.4089296608840551e-03
897 MLA ||r(i)||/||b|| 1.4078181700277748e-03
898 MLA ||r(i)||/||b|| 1.4067082906968991e-03
899 MLA ||r(i)||/||b|| 1.4055997445224502e-03
900 MLA ||r(i)||/||b|| 1.4044929268944484e-03
901 MLA ||r(i)||/||b|| 1.4033876442851268e-03
902 MLA ||r(i)||/||b|| 1.4022837249319769e-03
903 MLA ||r(i)||/||b|| 1.4011814345547150e-03
904 MLA ||r(i)||/||b|| 1.4000806177292926e-03
905 MLA ||r(i)||/||b|| 1.3989813170902329e-03
906 MLA ||r(i)||/||b|| 1.3978835023331956e-03
907 MLA ||r(i)||/||b|| 1.3967872176542620e-03
908 MLA ||r(i)||/||b|| 1.3956924799505275e-03
909 MLA ||r(i)||/||b|| 1.3945990643455637e-03
910 MLA ||r(i)||/||b|| 1.3935071713612585e-03
911 MLA ||r(i)||/||b|| 1.3924169001103852e-03
912 MLA ||r(i)||/||b|| 1.3913280872498188e-03
913 MLA ||r(i)||/||b|| 1.3902407374788294e-03
914 MLA ||r(i)||/||b|| 1.3891547857497778e-03
915 MLA ||r(i)||/||b|| 1.3880703889699291e-03
916 MLA ||r(i)||/||b|| 1.3869875222166390e-03
917 MLA ||r(i)||/||b|| 1.3859060113106108e-03
918 MLA ||r(i)||/||b|| 1.3848260474819784e-03
919 MLA ||r(i)||/||b|| 1.3837475161989673e-03
920 MLA ||r(i)||/||b|| 1.3826703535079741e-03
921 MLA ||r(i)||/||b|| 1.3815946337670945e-03
922 MLA ||r(i)||/||b|| 1.3805204477260458e-03
923 MLA ||r(i)||/||b|| 1.3794476858560469e-03
924 MLA ||r(i)||/||b|| 1.3783763438754433e-03
925 MLA ||r(i)||/||b|| 1.3773064697000933e-03
926 MLA ||r(i)||/||b|| 1.3762379724974968e-03
927 MLA ||r(i)||/||b|| 1.3751709249167725e-03
928 MLA ||r(i)||/||b|| 1.3741053178659732e-03
929 MLA ||r(i)||/||b|| 1.3730411709824723e-03
930 MLA ||r(i)||/||b|| 1.3719783583909621e-03
931 MLA ||r(i)||/||b|| 1.3709169991940147e-03
932 MLA ||r(i)||/||b|| 1.3698571983333755e-03
933 MLA ||r(i)||/||b|| 1.3687986859782482e-03
934 MLA ||r(i)||/||b|| 1.3677415916254307e-03
935 MLA ||r(i)||/||b|| 1.3666858869036324e-03
936 MLA ||r(i)||/||b|| 1.3656315706012387e-03
937 MLA ||r(i)||/||b|| 1.3645785612444595e-03
938 MLA ||r(i)||/||b|| 1.3635270334717130e-03
939 MLA ||r(i)||/||b|| 1.3624768637812484e-03
940 MLA ||r(i)||/||b|| 1.3614280603239490e-03
941 MLA ||r(i)||/||b|| 1.3603806601514307e-03
942 MLA ||r(i)||/||b|| 1.3593347098279258e-03
943 MLA ||r(i)||/||b|| 1.3582900973145861e-03
944 MLA ||r(i)||/||b|| 1.3572468517210035e-03
945 MLA ||r(i)||/||b|| 1.3562049745078179e-03
946 MLA ||r(i)||/||b|| 1.3551644404701743e-03
947 MLA ||r(i)||/||b|| 1.3541252751473637e-03
948 MLA ||r(i)||/||b|| 1.3530873715152352e-03
949 MLA ||r(i)||/||b|| 1.3520508824741320e-03
950 MLA ||r(i)||/||b|| 1.3510157712781886e-03
951 MLA ||r(i)||/||b|| 1.3499819274465450e-03
952 MLA ||r(i)||/||b|| 1.3489495066743853e-03
953 MLA ||r(i)||/||b|| 1.3479184109345631e-03
954 MLA ||r(i)||/||b|| 1.3468886536834898e-03
955 MLA ||r(i)||/||b|| 1.3458602126773691e-03
956 MLA ||r(i)||/||b|| 1.3448330797579053e-03
957 MLA ||r(i)||/||b|| 1.3438072721848253e-03
958 MLA ||r(i)||/||b|| 1.3427827551085859e-03
959 MLA ||r(i)||/||b|| 1.3417596484196161e-03
960 MLA ||r(i)||/||b|| 1.3407378479809340e-03
961 MLA ||r(i)||/||b|| 1.3397172643607564e-03
962 MLA ||r(i)||/||b|| 1.3386980705149950e-03
963 MLA ||r(i)||/||b|| 1.3376801069955348e-03
964 MLA ||r(i)||/||b|| 1.3366634661165760e-03
965 MLA ||r(i)||/||b|| 1.3356481397995531e-03
966 MLA ||r(i)||/||b|| 1.3346340459869793e-03
967 MLA ||r(i)||/||b|| 1.3336213061143523e-03
968 MLA ||r(i)||/||b|| 1.3326098527024963e-03
969 MLA ||r(i)||/||b|| 1.3315995640577778e-03
970 MLA ||r(i)||/||b|| 1.3305906748782605e-03
971 MLA ||r(i)||/||b|| 1.3295829949930759e-03
972 MLA ||r(i)||/||b|| 1.3285766358492874e-03
973 MLA ||r(i)||/||b|| 1.3275716139308845e-03
974 MLA ||r(i)||/||b|| 1.3265677755861626e-03
975 MLA ||r(i)||/||b|| 1.3255651518606633e-03
976 MLA ||r(i)||/||b|| 1.3245637896166641e-03
977 MLA ||r(i)||/||b|| 1.3235636932827821e-03
978 MLA ||r(i)||/||b|| 1.3225649177877187e-03
979 MLA ||r(i)||/||b|| 1.3215673518438072e-03
980 MLA ||r(i)||/||b|| 1.3205710376810943e-03
981 MLA ||r(i)||/||b|| 1.3195760260012244e-03
982 MLA ||r(i)||/||b|| 1.3185820953502251e-03
983 MLA ||r(i)||/||b|| 1.3175895015559882e-03
984 MLA ||r(i)||/||b|| 1.3165980568048176e-03
985 MLA ||r(i)||/||b|| 1.3156078919740689e-03
986 MLA ||r(i)||/||b|| 1.3146190096385503e-03
987 MLA ||r(i)||/||b|| 1.3136312536137903e-03
988 MLA ||r(i)||/||b|| 1.3126447437250472e-03
989 MLA ||r(i)||/||b|| 1.3116594762383970e-03
990 MLA ||r(i)||/||b|| 1.3106754292079223e-03
991 MLA ||r(i)||/||b|| 1.3096925373467887e-03
992 MLA ||r(i)||/||b|| 1.3087109473733456e-03
993 MLA ||r(i)||/||b|| 1.3077305171541207e-03
994 MLA ||r(i)||/||b|| 1.3067511364142129e-03
995 MLA ||r(i)||/||b|| 1.3057731744147861e-03
996 MLA ||r(i)||/||b|| 1.3047963594448996e-03
997 MLA ||r(i)||/||b|| 1.3038206719854829e-03
998 MLA ||r(i)||/||b|| 1.3028461353734020e-03
999 MLA ||r(i)||/||b|| 1.3018728033738175e-03
1000 MLA ||r(i)||/||b|| 1.3009006620348666e-03
>>>> mla solve time: 109.694 (s)
>>>> ksp solve time: 0.155491 (s)
            || b ||_2 = 3.6456789914864118e-01
|| r ||_2 / || b ||_2 = 2.8848039306212900e+01
