Config file: ../input/config/mla_v_cycle-refine0.json
order_rbm = 2
angle_type = 1
==== basic information of linear system ====
matrix Row = 1506, matrix Column = 1506
matrix nz_allocated = 27747, matrix nz_used = 27747, matrix nz_unneeded = 0
vector Row = 1506
initial     || b ||_2 = 2.6501139470351753e+00
>>>>local_vec_size = 1506
>>>>~~~~ local_mat_m = 1506, local_mat_n = 1506
            || b ||_2 = 2.6501139470351753e+00
|| r ||_2 / || b ||_2 = 1.0000000000000000e+00


>>>>nodes in level 0 is 62, less than 100, setup DONE!>>>>


>>>> mla setup time: 0.0120175 (s)
0 MLA ||r(i)||/||b|| 1.0000000000000000e+00
1 MLA ||r(i)||/||b|| 1.9651295995379885e+00
2 MLA ||r(i)||/||b|| 1.3606639707525787e+00
3 MLA ||r(i)||/||b|| 5.2210430032657751e-01
4 MLA ||r(i)||/||b|| 1.0829675010503086e-01
5 MLA ||r(i)||/||b|| 5.6265227317697848e-02
6 MLA ||r(i)||/||b|| 4.0222856038703098e-02
7 MLA ||r(i)||/||b|| 3.1170262950484685e-02
8 MLA ||r(i)||/||b|| 2.4429400120235475e-02
9 MLA ||r(i)||/||b|| 1.9858311212020339e-02
10 MLA ||r(i)||/||b|| 1.6451250814591378e-02
11 MLA ||r(i)||/||b|| 1.3812245633631341e-02
12 MLA ||r(i)||/||b|| 1.1734793642970601e-02
13 MLA ||r(i)||/||b|| 1.0076041956489949e-02
14 MLA ||r(i)||/||b|| 8.7337114741447563e-03
15 MLA ||r(i)||/||b|| 7.6346590827866528e-03
16 MLA ||r(i)||/||b|| 6.7256106140881743e-03
17 MLA ||r(i)||/||b|| 5.9668889940965031e-03
18 MLA ||r(i)||/||b|| 5.3284163034317744e-03
19 MLA ||r(i)||/||b|| 4.7870673124269609e-03
20 MLA ||r(i)||/||b|| 4.3248448903283922e-03
21 MLA ||r(i)||/||b|| 3.9275920096418695e-03
22 MLA ||r(i)||/||b|| 3.5840667158016887e-03
23 MLA ||r(i)||/||b|| 3.2852670025134635e-03
24 MLA ||r(i)||/||b|| 3.0239303853536238e-03
25 MLA ||r(i)||/||b|| 2.7941579958172614e-03
26 MLA ||r(i)||/||b|| 2.5911287841573140e-03
27 MLA ||r(i)||/||b|| 2.4108798391532659e-03
28 MLA ||r(i)||/||b|| 2.2501361514374913e-03
29 MLA ||r(i)||/||b|| 2.1061772635600183e-03
30 MLA ||r(i)||/||b|| 1.9767322692247095e-03
31 MLA ||r(i)||/||b|| 1.8598965925204849e-03
32 MLA ||r(i)||/||b|| 1.7540653678265637e-03
33 MLA ||r(i)||/||b|| 1.6578802613553688e-03
34 MLA ||r(i)||/||b|| 1.5701864588681311e-03
35 MLA ||r(i)||/||b|| 1.4899978483124984e-03
36 MLA ||r(i)||/||b|| 1.4164687839918783e-03
37 MLA ||r(i)||/||b|| 1.3488710360463664e-03
38 MLA ||r(i)||/||b|| 1.2865748036848255e-03
39 MLA ||r(i)||/||b|| 1.2290333080479227e-03
40 MLA ||r(i)||/||b|| 1.1757698910052701e-03
41 MLA ||r(i)||/||b|| 1.1263673895388101e-03
42 MLA ||r(i)||/||b|| 1.0804594039269329e-03
43 MLA ||r(i)||/||b|| 1.0377228747761723e-03
44 MLA ||r(i)||/||b|| 9.9787198063935249e-04
45 MLA ||r(i)||/||b|| 9.6065294011025070e-04
46 MLA ||r(i)||/||b|| 9.2583970533456172e-04
47 MLA ||r(i)||/||b|| 8.9323025457891845e-04
48 MLA ||r(i)||/||b|| 8.6264352046673358e-04
49 MLA ||r(i)||/||b|| 8.3391671943160606e-04
50 MLA ||r(i)||/||b|| 8.0690312231544508e-04
51 MLA ||r(i)||/||b|| 7.8147004569975229e-04
52 MLA ||r(i)||/||b|| 7.5749733498335040e-04
53 MLA ||r(i)||/||b|| 7.3487579622343838e-04
54 MLA ||r(i)||/||b|| 7.1350605676528890e-04
55 MLA ||r(i)||/||b|| 6.9329747533768496e-04
56 MLA ||r(i)||/||b|| 6.7416716901545098e-04
57 MLA ||r(i)||/||b|| 6.5603928100684613e-04
58 MLA ||r(i)||/||b|| 6.3884422800948137e-04
59 MLA ||r(i)||/||b|| 6.2251807292207167e-04
60 MLA ||r(i)||/||b|| 6.0700202172707927e-04
61 MLA ||r(i)||/||b|| 5.9224186175327071e-04
62 MLA ||r(i)||/||b|| 5.7818768520087821e-04
63 MLA ||r(i)||/||b|| 5.6479329132129940e-04
64 MLA ||r(i)||/||b|| 5.5201606957810804e-04
65 MLA ||r(i)||/||b|| 5.3981653320945135e-04
66 MLA ||r(i)||/||b|| 5.2815815589100370e-04
67 MLA ||r(i)||/||b|| 5.1700706432112914e-04
68 MLA ||r(i)||/||b|| 5.0633182721132792e-04
69 MLA ||r(i)||/||b|| 4.9610330469949395e-04
70 MLA ||r(i)||/||b|| 4.8629441100345411e-04
71 MLA ||r(i)||/||b|| 4.7687996394862821e-04
72 MLA ||r(i)||/||b|| 4.6783657721393438e-04
73 MLA ||r(i)||/||b|| 4.5914246497339920e-04
74 MLA ||r(i)||/||b|| 4.5077733604383097e-04
75 MLA ||r(i)||/||b|| 4.4272234660308564e-04
76 MLA ||r(i)||/||b|| 4.3495989914526341e-04
77 MLA ||r(i)||/||b|| 4.2747357945600975e-04
78 MLA ||r(i)||/||b|| 4.2024809508586596e-04
79 MLA ||r(i)||/||b|| 4.1326916577800327e-04
80 MLA ||r(i)||/||b|| 4.0652350134180758e-04
81 MLA ||r(i)||/||b|| 3.9999862435610012e-04
82 MLA ||r(i)||/||b|| 3.9368292446469248e-04
83 MLA ||r(i)||/||b|| 3.8756555165677135e-04
84 MLA ||r(i)||/||b|| 3.8163632640295401e-04
85 MLA ||r(i)||/||b|| 3.7588574435191491e-04
86 MLA ||r(i)||/||b|| 3.7030489915488435e-04
87 MLA ||r(i)||/||b|| 3.6488547509611914e-04
88 MLA ||r(i)||/||b|| 3.5961964712965952e-04
89 MLA ||r(i)||/||b|| 3.5450009293472719e-04
90 MLA ||r(i)||/||b|| 3.4951994772338069e-04
91 MLA ||r(i)||/||b|| 3.4467278540539152e-04
92 MLA ||r(i)||/||b|| 3.3995254452541404e-04
93 MLA ||r(i)||/||b|| 3.3535355225645567e-04
94 MLA ||r(i)||/||b|| 3.3087044386109223e-04
95 MLA ||r(i)||/||b|| 3.2649823027842864e-04
96 MLA ||r(i)||/||b|| 3.2223215088206258e-04
97 MLA ||r(i)||/||b|| 3.1806778713219092e-04
98 MLA ||r(i)||/||b|| 3.1400089866732371e-04
99 MLA ||r(i)||/||b|| 3.1002760481255989e-04
100 MLA ||r(i)||/||b|| 3.0614412275994831e-04
101 MLA ||r(i)||/||b|| 3.0234695713398009e-04
102 MLA ||r(i)||/||b|| 2.9863274942807175e-04
103 MLA ||r(i)||/||b|| 2.9499839928621134e-04
104 MLA ||r(i)||/||b|| 2.9144092295984697e-04
105 MLA ||r(i)||/||b|| 2.8795749068882153e-04
106 MLA ||r(i)||/||b|| 2.8454549547561397e-04
107 MLA ||r(i)||/||b|| 2.8120235581178036e-04
108 MLA ||r(i)||/||b|| 2.7792569778923367e-04
109 MLA ||r(i)||/||b|| 2.7471326468287203e-04
110 MLA ||r(i)||/||b|| 2.7156289620525518e-04
111 MLA ||r(i)||/||b|| 2.6847254273017229e-04
112 MLA ||r(i)||/||b|| 2.6544025386613502e-04
113 MLA ||r(i)||/||b|| 2.6246419604616201e-04
114 MLA ||r(i)||/||b|| 2.5954257619369608e-04
115 MLA ||r(i)||/||b|| 2.5667375694355494e-04
116 MLA ||r(i)||/||b|| 2.5385609289319460e-04
117 MLA ||r(i)||/||b|| 2.5108809091700174e-04
118 MLA ||r(i)||/||b|| 2.4836827692090602e-04
119 MLA ||r(i)||/||b|| 2.4569525979059565e-04
120 MLA ||r(i)||/||b|| 2.4306770718604778e-04
121 MLA ||r(i)||/||b|| 2.4048435795980295e-04
122 MLA ||r(i)||/||b|| 2.3794409332479212e-04
123 MLA ||r(i)||/||b|| 2.3544545745458165e-04
124 MLA ||r(i)||/||b|| 2.3298754856561910e-04
125 MLA ||r(i)||/||b|| 2.3056929567842301e-04
126 MLA ||r(i)||/||b|| 2.2818964244020510e-04
127 MLA ||r(i)||/||b|| 2.2584759161262320e-04
128 MLA ||r(i)||/||b|| 2.2354220509759090e-04
129 MLA ||r(i)||/||b|| 2.2127255632977224e-04
130 MLA ||r(i)||/||b|| 2.1903777800876776e-04
131 MLA ||r(i)||/||b|| 2.1683703651524926e-04
132 MLA ||r(i)||/||b|| 2.1466950307334030e-04
133 MLA ||r(i)||/||b|| 2.1253441485295999e-04
134 MLA ||r(i)||/||b|| 2.1043100222682923e-04
135 MLA ||r(i)||/||b|| 2.0835854371220017e-04
136 MLA ||r(i)||/||b|| 2.0631635291695473e-04
137 MLA ||r(i)||/||b|| 2.0430372103579671e-04
138 MLA ||r(i)||/||b|| 2.0232002642348683e-04
139 MLA ||r(i)||/||b|| 2.0036461624163785e-04
140 MLA ||r(i)||/||b|| 1.9843690402667101e-04
141 MLA ||r(i)||/||b|| 1.9653628284393824e-04
142 MLA ||r(i)||/||b|| 1.9466218315424883e-04
143 MLA ||r(i)||/||b|| 1.9281404832582121e-04
144 MLA ||r(i)||/||b|| 1.9099136765742634e-04
145 MLA ||r(i)||/||b|| 1.8919359097405007e-04
146 MLA ||r(i)||/||b|| 1.8742025025107644e-04
147 MLA ||r(i)||/||b|| 1.8567084533855130e-04
148 MLA ||r(i)||/||b|| 1.8394488936329645e-04
149 MLA ||r(i)||/||b|| 1.8224193419616203e-04
150 MLA ||r(i)||/||b|| 1.8056154293246364e-04
151 MLA ||r(i)||/||b|| 1.7890327431079313e-04
152 MLA ||r(i)||/||b|| 1.7726671833786039e-04
153 MLA ||r(i)||/||b|| 1.7565148773829488e-04
154 MLA ||r(i)||/||b|| 1.7405714114001889e-04
155 MLA ||r(i)||/||b|| 1.7248333632192026e-04
156 MLA ||r(i)||/||b|| 1.7092966620385397e-04
157 MLA ||r(i)||/||b|| 1.6939578902347630e-04
158 MLA ||r(i)||/||b|| 1.6788134341436161e-04
159 MLA ||r(i)||/||b|| 1.6638599148035367e-04
160 MLA ||r(i)||/||b|| 1.6490938604334812e-04
161 MLA ||r(i)||/||b|| 1.6345121566608444e-04
162 MLA ||r(i)||/||b|| 1.6201115776914214e-04
163 MLA ||r(i)||/||b|| 1.6058889592651166e-04
164 MLA ||r(i)||/||b|| 1.5918414553451417e-04
165 MLA ||r(i)||/||b|| 1.5779658360998313e-04
166 MLA ||r(i)||/||b|| 1.5642594234887861e-04
167 MLA ||r(i)||/||b|| 1.5507193646845669e-04
168 MLA ||r(i)||/||b|| 1.5373430788157396e-04
169 MLA ||r(i)||/||b|| 1.5241276698099471e-04
170 MLA ||r(i)||/||b|| 1.5110706858264533e-04
171 MLA ||r(i)||/||b|| 1.4981695532453532e-04
172 MLA ||r(i)||/||b|| 1.4854215669031520e-04
173 MLA ||r(i)||/||b|| 1.4728247256356035e-04
174 MLA ||r(i)||/||b|| 1.4603765610437212e-04
175 MLA ||r(i)||/||b|| 1.4480744380637942e-04
176 MLA ||r(i)||/||b|| 1.4359163665487356e-04
177 MLA ||r(i)||/||b|| 1.4239001345788755e-04
178 MLA ||r(i)||/||b|| 1.4120234818359916e-04
179 MLA ||r(i)||/||b|| 1.4002843628860821e-04
180 MLA ||r(i)||/||b|| 1.3886806146840355e-04
181 MLA ||r(i)||/||b|| 1.3772103983614986e-04
182 MLA ||r(i)||/||b|| 1.3658717147282595e-04
183 MLA ||r(i)||/||b|| 1.3546623448749802e-04
184 MLA ||r(i)||/||b|| 1.3435806798606039e-04
185 MLA ||r(i)||/||b|| 1.3326247271842784e-04
186 MLA ||r(i)||/||b|| 1.3217927866772660e-04
187 MLA ||r(i)||/||b|| 1.3110828663198072e-04
188 MLA ||r(i)||/||b|| 1.3004935804593483e-04
189 MLA ||r(i)||/||b|| 1.2900228433744749e-04
190 MLA ||r(i)||/||b|| 1.2796690890095193e-04
191 MLA ||r(i)||/||b|| 1.2694308291552988e-04
192 MLA ||r(i)||/||b|| 1.2593062445427988e-04
193 MLA ||r(i)||/||b|| 1.2492940471495252e-04
194 MLA ||r(i)||/||b|| 1.2393923123030836e-04
195 MLA ||r(i)||/||b|| 1.2295998818799870e-04
196 MLA ||r(i)||/||b|| 1.2199151376964273e-04
197 MLA ||r(i)||/||b|| 1.2103366215103785e-04
198 MLA ||r(i)||/||b|| 1.2008627360062825e-04
199 MLA ||r(i)||/||b|| 1.1914923154556859e-04
200 MLA ||r(i)||/||b|| 1.1822238439496105e-04
201 MLA ||r(i)||/||b|| 1.1730559481921716e-04
202 MLA ||r(i)||/||b|| 1.1639874690572530e-04
203 MLA ||r(i)||/||b|| 1.1550169218659646e-04
204 MLA ||r(i)||/||b|| 1.1461432592503513e-04
205 MLA ||r(i)||/||b|| 1.1373649804213714e-04
206 MLA ||r(i)||/||b|| 1.1286809651358498e-04
207 MLA ||r(i)||/||b|| 1.1200899652750989e-04
208 MLA ||r(i)||/||b|| 1.1115906594984545e-04
209 MLA ||r(i)||/||b|| 1.1031821724140970e-04
210 MLA ||r(i)||/||b|| 1.0948631949089055e-04
211 MLA ||r(i)||/||b|| 1.0866323932286152e-04
212 MLA ||r(i)||/||b|| 1.0784889892388843e-04
213 MLA ||r(i)||/||b|| 1.0704318008452846e-04
214 MLA ||r(i)||/||b|| 1.0624597968785722e-04
215 MLA ||r(i)||/||b|| 1.0545716408856892e-04
216 MLA ||r(i)||/||b|| 1.0467666013585322e-04
217 MLA ||r(i)||/||b|| 1.0390434254045961e-04
218 MLA ||r(i)||/||b|| 1.0314012239429162e-04
219 MLA ||r(i)||/||b|| 1.0238391347863674e-04
220 MLA ||r(i)||/||b|| 1.0163560745807700e-04
221 MLA ||r(i)||/||b|| 1.0089509522999990e-04
222 MLA ||r(i)||/||b|| 1.0016229567499429e-04
223 MLA ||r(i)||/||b|| 9.9437113462104746e-05
224 MLA ||r(i)||/||b|| 9.8719457867606718e-05
225 MLA ||r(i)||/||b|| 9.8009242439457781e-05
226 MLA ||r(i)||/||b|| 9.7306373839101839e-05
227 MLA ||r(i)||/||b|| 9.6610771351112552e-05
228 MLA ||r(i)||/||b|| 9.5922338611367387e-05
229 MLA ||r(i)||/||b|| 9.5240989219824886e-05
230 MLA ||r(i)||/||b|| 9.4566659431119941e-05
231 MLA ||r(i)||/||b|| 9.3899253198064230e-05
232 MLA ||r(i)||/||b|| 9.3238679756947918e-05
233 MLA ||r(i)||/||b|| 9.2584880296559815e-05
234 MLA ||r(i)||/||b|| 9.1937778334713179e-05
235 MLA ||r(i)||/||b|| 9.1297260173531431e-05
236 MLA ||r(i)||/||b|| 9.0663281927735520e-05
237 MLA ||r(i)||/||b|| 9.0035765815018375e-05
238 MLA ||r(i)||/||b|| 8.9414625601521265e-05
239 MLA ||r(i)||/||b|| 8.8799793732282918e-05
240 MLA ||r(i)||/||b|| 8.8191210281718196e-05
241 MLA ||r(i)||/||b|| 8.7588783257520870e-05
242 MLA ||r(i)||/||b|| 8.6992462228960236e-05
243 MLA ||r(i)||/||b|| 8.6402171883522217e-05
244 MLA ||r(i)||/||b|| 8.5817840581102860e-05
245 MLA ||r(i)||/||b|| 8.5239398889089187e-05
246 MLA ||r(i)||/||b|| 8.4666784950030612e-05
247 MLA ||r(i)||/||b|| 8.4099917307189798e-05
248 MLA ||r(i)||/||b|| 8.3538761157096687e-05
249 MLA ||r(i)||/||b|| 8.2983232028948736e-05
250 MLA ||r(i)||/||b|| 8.2433270712946026e-05
251 MLA ||r(i)||/||b|| 8.1888822832511002e-05
252 MLA ||r(i)||/||b|| 8.1349818276707538e-05
253 MLA ||r(i)||/||b|| 8.0816192031534778e-05
254 MLA ||r(i)||/||b|| 8.0287907437927669e-05
255 MLA ||r(i)||/||b|| 7.9764876785213041e-05
256 MLA ||r(i)||/||b|| 7.9247075496449135e-05
257 MLA ||r(i)||/||b|| 7.8734397565442476e-05
258 MLA ||r(i)||/||b|| 7.8226842161274005e-05
259 MLA ||r(i)||/||b|| 7.7724316146564524e-05
260 MLA ||r(i)||/||b|| 7.7226774654310176e-05
261 MLA ||r(i)||/||b|| 7.6734161977580844e-05
262 MLA ||r(i)||/||b|| 7.6246439602586620e-05
263 MLA ||r(i)||/||b|| 7.5763509693644251e-05
264 MLA ||r(i)||/||b|| 7.5285376897326793e-05
265 MLA ||r(i)||/||b|| 7.4811963269203347e-05
266 MLA ||r(i)||/||b|| 7.4343204440276329e-05
267 MLA ||r(i)||/||b|| 7.3879056435037580e-05
268 MLA ||r(i)||/||b|| 7.3419478598191700e-05
269 MLA ||r(i)||/||b|| 7.2964432976173972e-05
270 MLA ||r(i)||/||b|| 7.2513856599000691e-05
271 MLA ||r(i)||/||b|| 7.2067692001630490e-05
272 MLA ||r(i)||/||b|| 7.1625897740553953e-05
273 MLA ||r(i)||/||b|| 7.1188433037708675e-05
274 MLA ||r(i)||/||b|| 7.0755240853319977e-05
275 MLA ||r(i)||/||b|| 7.0326277227160259e-05
276 MLA ||r(i)||/||b|| 6.9901518550939459e-05
277 MLA ||r(i)||/||b|| 6.9480891375008180e-05
278 MLA ||r(i)||/||b|| 6.9064363056148080e-05
279 MLA ||r(i)||/||b|| 6.8651889442592458e-05
280 MLA ||r(i)||/||b|| 6.8243422374526092e-05
281 MLA ||r(i)||/||b|| 6.7838926654649305e-05
282 MLA ||r(i)||/||b|| 6.7438349510097270e-05
283 MLA ||r(i)||/||b|| 6.7041670254746518e-05
284 MLA ||r(i)||/||b|| 6.6648818057133782e-05
285 MLA ||r(i)||/||b|| 6.6259773504407840e-05
286 MLA ||r(i)||/||b|| 6.5874489936203830e-05
287 MLA ||r(i)||/||b|| 6.5492923298496824e-05
288 MLA ||r(i)||/||b|| 6.5115032752086161e-05
289 MLA ||r(i)||/||b|| 6.4740801179825750e-05
290 MLA ||r(i)||/||b|| 6.4370149720244634e-05
291 MLA ||r(i)||/||b|| 6.4003069130750661e-05
292 MLA ||r(i)||/||b|| 6.3639518562942253e-05
293 MLA ||r(i)||/||b|| 6.3279461735417318e-05
294 MLA ||r(i)||/||b|| 6.2922848186973583e-05
295 MLA ||r(i)||/||b|| 6.2569643385825482e-05
296 MLA ||r(i)||/||b|| 6.2219823341094421e-05
297 MLA ||r(i)||/||b|| 6.1873358558494983e-05
298 MLA ||r(i)||/||b|| 6.1530181290192861e-05
299 MLA ||r(i)||/||b|| 6.1190267874753617e-05
300 MLA ||r(i)||/||b|| 6.0853605547235071e-05
301 MLA ||r(i)||/||b|| 6.0520150121111556e-05
302 MLA ||r(i)||/||b|| 6.0189851923936292e-05
303 MLA ||r(i)||/||b|| 5.9862688361480220e-05
304 MLA ||r(i)||/||b|| 5.9538620776599489e-05
305 MLA ||r(i)||/||b|| 5.9217646223299135e-05
306 MLA ||r(i)||/||b|| 5.8899681414121024e-05
307 MLA ||r(i)||/||b|| 5.8584731566063052e-05
308 MLA ||r(i)||/||b|| 5.8272751812324405e-05
309 MLA ||r(i)||/||b|| 5.7963713478456092e-05
310 MLA ||r(i)||/||b|| 5.7657573028262163e-05
311 MLA ||r(i)||/||b|| 5.7354313285671541e-05
312 MLA ||r(i)||/||b|| 5.7053910603989799e-05
313 MLA ||r(i)||/||b|| 5.6756333175287039e-05
314 MLA ||r(i)||/||b|| 5.6461515166046209e-05
315 MLA ||r(i)||/||b|| 5.6169461477675589e-05
316 MLA ||r(i)||/||b|| 5.5880140911875030e-05
317 MLA ||r(i)||/||b|| 5.5593522564802947e-05
318 MLA ||r(i)||/||b|| 5.5309568352549623e-05
319 MLA ||r(i)||/||b|| 5.5028250317135728e-05
320 MLA ||r(i)||/||b|| 5.4749556224317480e-05
321 MLA ||r(i)||/||b|| 5.4473444379233970e-05
322 MLA ||r(i)||/||b|| 5.4199881848839801e-05
323 MLA ||r(i)||/||b|| 5.3928864701864042e-05
324 MLA ||r(i)||/||b|| 5.3660327612456536e-05
325 MLA ||r(i)||/||b|| 5.3394294468799026e-05
326 MLA ||r(i)||/||b|| 5.3130701435478929e-05
327 MLA ||r(i)||/||b|| 5.2869533841615849e-05
328 MLA ||r(i)||/||b|| 5.2610744046687631e-05
329 MLA ||r(i)||/||b|| 5.2354358356061663e-05
330 MLA ||r(i)||/||b|| 5.2100303854918703e-05
331 MLA ||r(i)||/||b|| 5.1848552368199068e-05
332 MLA ||r(i)||/||b|| 5.1599130752117865e-05
333 MLA ||r(i)||/||b|| 5.1351969305206599e-05
334 MLA ||r(i)||/||b|| 5.1107050486839770e-05
335 MLA ||r(i)||/||b|| 5.0864360394866883e-05
336 MLA ||r(i)||/||b|| 5.0623873063941217e-05
337 MLA ||r(i)||/||b|| 5.0385550516218237e-05
338 MLA ||r(i)||/||b|| 5.0149399685999233e-05
339 MLA ||r(i)||/||b|| 4.9915363092237258e-05
340 MLA ||r(i)||/||b|| 4.9683443073192941e-05
341 MLA ||r(i)||/||b|| 4.9453603738478389e-05
342 MLA ||r(i)||/||b|| 4.9225816727943641e-05
343 MLA ||r(i)||/||b|| 4.9000085118388132e-05
344 MLA ||r(i)||/||b|| 4.8776365133681051e-05
345 MLA ||r(i)||/||b|| 4.8554627433315355e-05
346 MLA ||r(i)||/||b|| 4.8334884286596383e-05
347 MLA ||r(i)||/||b|| 4.8117094354698080e-05
348 MLA ||r(i)||/||b|| 4.7901230166800781e-05
349 MLA ||r(i)||/||b|| 4.7687286958635862e-05
350 MLA ||r(i)||/||b|| 4.7475212400630113e-05
351 MLA ||r(i)||/||b|| 4.7265032043575532e-05
352 MLA ||r(i)||/||b|| 4.7056688787595067e-05
353 MLA ||r(i)||/||b|| 4.6850165718670490e-05
354 MLA ||r(i)||/||b|| 4.6645473526691299e-05
355 MLA ||r(i)||/||b|| 4.6442563809762583e-05
356 MLA ||r(i)||/||b|| 4.6241425536541503e-05
357 MLA ||r(i)||/||b|| 4.6042044578047068e-05
358 MLA ||r(i)||/||b|| 4.5844390182532344e-05
359 MLA ||r(i)||/||b|| 4.5648458580543196e-05
360 MLA ||r(i)||/||b|| 4.5454210363711512e-05
361 MLA ||r(i)||/||b|| 4.5261650413422528e-05
362 MLA ||r(i)||/||b|| 4.5070738703714951e-05
363 MLA ||r(i)||/||b|| 4.4881478238591075e-05
364 MLA ||r(i)||/||b|| 4.4693844767900496e-05
365 MLA ||r(i)||/||b|| 4.4507806890768542e-05
366 MLA ||r(i)||/||b|| 4.4323359404395265e-05
367 MLA ||r(i)||/||b|| 4.4140481409822102e-05
368 MLA ||r(i)||/||b|| 4.3959165675309826e-05
369 MLA ||r(i)||/||b|| 4.3779380965515572e-05
370 MLA ||r(i)||/||b|| 4.3601128444537956e-05
371 MLA ||r(i)||/||b|| 4.3424369442284188e-05
372 MLA ||r(i)||/||b|| 4.3249107223106620e-05
373 MLA ||r(i)||/||b|| 4.3075301510182838e-05
374 MLA ||r(i)||/||b|| 4.2902946739280895e-05
375 MLA ||r(i)||/||b|| 4.2732048454522821e-05
376 MLA ||r(i)||/||b|| 4.2562573315457232e-05
377 MLA ||r(i)||/||b|| 4.2394497874165493e-05
378 MLA ||r(i)||/||b|| 4.2227814464291719e-05
379 MLA ||r(i)||/||b|| 4.2062511028018470e-05
380 MLA ||r(i)||/||b|| 4.1898575596843766e-05
381 MLA ||r(i)||/||b|| 4.1735984718756873e-05
382 MLA ||r(i)||/||b|| 4.1574732121572167e-05
383 MLA ||r(i)||/||b|| 4.1414786634539462e-05
384 MLA ||r(i)||/||b|| 4.1256143548944642e-05
385 MLA ||r(i)||/||b|| 4.1098800283997523e-05
386 MLA ||r(i)||/||b|| 4.0942730217383795e-05
387 MLA ||r(i)||/||b|| 4.0787907043790521e-05
388 MLA ||r(i)||/||b|| 4.0634355409138288e-05
389 MLA ||r(i)||/||b|| 4.0482039085907901e-05
390 MLA ||r(i)||/||b|| 4.0330930975834321e-05
391 MLA ||r(i)||/||b|| 4.0181032555881948e-05
392 MLA ||r(i)||/||b|| 4.0032319855500741e-05
393 MLA ||r(i)||/||b|| 3.9884809028268843e-05
394 MLA ||r(i)||/||b|| 3.9738453393737008e-05
395 MLA ||r(i)||/||b|| 3.9593259918603240e-05
396 MLA ||r(i)||/||b|| 3.9449201292615702e-05
397 MLA ||r(i)||/||b|| 3.9306272619026481e-05
398 MLA ||r(i)||/||b|| 3.9164474222719605e-05
399 MLA ||r(i)||/||b|| 3.9023773746551973e-05
400 MLA ||r(i)||/||b|| 3.8884166763633538e-05
401 MLA ||r(i)||/||b|| 3.8745648881037039e-05
402 MLA ||r(i)||/||b|| 3.8608190704380802e-05
403 MLA ||r(i)||/||b|| 3.8471785851631454e-05
404 MLA ||r(i)||/||b|| 3.8336444271061868e-05
405 MLA ||r(i)||/||b|| 3.8202129443390229e-05
406 MLA ||r(i)||/||b|| 3.8068834124517160e-05
407 MLA ||r(i)||/||b|| 3.7936566806932367e-05
408 MLA ||r(i)||/||b|| 3.7805288005982535e-05
409 MLA ||r(i)||/||b|| 3.7675007765026301e-05
410 MLA ||r(i)||/||b|| 3.7545692532085369e-05
411 MLA ||r(i)||/||b|| 3.7417374685296947e-05
412 MLA ||r(i)||/||b|| 3.7289997243788512e-05
413 MLA ||r(i)||/||b|| 3.7163570316724676e-05
414 MLA ||r(i)||/||b|| 3.7038083060851783e-05
415 MLA ||r(i)||/||b|| 3.6913522083404412e-05
416 MLA ||r(i)||/||b|| 3.6789883188146961e-05
417 MLA ||r(i)||/||b|| 3.6667140843767069e-05
418 MLA ||r(i)||/||b|| 3.6545291478388826e-05
419 MLA ||r(i)||/||b|| 3.6424336343488206e-05
420 MLA ||r(i)||/||b|| 3.6304278000571954e-05
421 MLA ||r(i)||/||b|| 3.6185081042759865e-05
422 MLA ||r(i)||/||b|| 3.6066730395638187e-05
423 MLA ||r(i)||/||b|| 3.5949242595214626e-05
424 MLA ||r(i)||/||b|| 3.5832592207100258e-05
425 MLA ||r(i)||/||b|| 3.5716765211588384e-05
426 MLA ||r(i)||/||b|| 3.5601770939075098e-05
427 MLA ||r(i)||/||b|| 3.5487582572346179e-05
428 MLA ||r(i)||/||b|| 3.5374218659244584e-05
429 MLA ||r(i)||/||b|| 3.5261635198571123e-05
430 MLA ||r(i)||/||b|| 3.5149838196422018e-05
431 MLA ||r(i)||/||b|| 3.5038819991804599e-05
432 MLA ||r(i)||/||b|| 3.4928584733636885e-05
433 MLA ||r(i)||/||b|| 3.4819083394222131e-05
434 MLA ||r(i)||/||b|| 3.4710362682104392e-05
435 MLA ||r(i)||/||b|| 3.4602387434933221e-05
436 MLA ||r(i)||/||b|| 3.4495144133112734e-05
437 MLA ||r(i)||/||b|| 3.4388639292286403e-05
438 MLA ||r(i)||/||b|| 3.4282849623994580e-05
439 MLA ||r(i)||/||b|| 3.4177761833988284e-05
440 MLA ||r(i)||/||b|| 3.4073403636911896e-05
441 MLA ||r(i)||/||b|| 3.3969726293829216e-05
442 MLA ||r(i)||/||b|| 3.3866750059474278e-05
443 MLA ||r(i)||/||b|| 3.3764460991762230e-05
444 MLA ||r(i)||/||b|| 3.3662847286700447e-05
445 MLA ||r(i)||/||b|| 3.3561915979900300e-05
446 MLA ||r(i)||/||b|| 3.3461625089327295e-05
447 MLA ||r(i)||/||b|| 3.3361984636034505e-05
448 MLA ||r(i)||/||b|| 3.3263024663063858e-05
449 MLA ||r(i)||/||b|| 3.3164684301829207e-05
450 MLA ||r(i)||/||b|| 3.3066971488725293e-05
451 MLA ||r(i)||/||b|| 3.2969906024845063e-05
452 MLA ||r(i)||/||b|| 3.2873466387348848e-05
453 MLA ||r(i)||/||b|| 3.2777629033626167e-05
454 MLA ||r(i)||/||b|| 3.2682412232658501e-05
455 MLA ||r(i)||/||b|| 3.2587787630241604e-05
456 MLA ||r(i)||/||b|| 3.2493751589890878e-05
457 MLA ||r(i)||/||b|| 3.2400318972574775e-05
458 MLA ||r(i)||/||b|| 3.2307469576541490e-05
459 MLA ||r(i)||/||b|| 3.2215200839433899e-05
460 MLA ||r(i)||/||b|| 3.2123483823671005e-05
461 MLA ||r(i)||/||b|| 3.2032338207752129e-05
462 MLA ||r(i)||/||b|| 3.1941767224478994e-05
463 MLA ||r(i)||/||b|| 3.1851725125278531e-05
464 MLA ||r(i)||/||b|| 3.1762257246943526e-05
465 MLA ||r(i)||/||b|| 3.1673327333861161e-05
466 MLA ||r(i)||/||b|| 3.1584924936753437e-05
467 MLA ||r(i)||/||b|| 3.1497056624583251e-05
468 MLA ||r(i)||/||b|| 3.1409722236295777e-05
469 MLA ||r(i)||/||b|| 3.1322900546727856e-05
470 MLA ||r(i)||/||b|| 3.1236581638774088e-05
471 MLA ||r(i)||/||b|| 3.1150796417865960e-05
472 MLA ||r(i)||/||b|| 3.1065488419592681e-05
473 MLA ||r(i)||/||b|| 3.0980709353222081e-05
474 MLA ||r(i)||/||b|| 3.0896404258743699e-05
475 MLA ||r(i)||/||b|| 3.0812591648614462e-05
476 MLA ||r(i)||/||b|| 3.0729257823159079e-05
477 MLA ||r(i)||/||b|| 3.0646413611869158e-05
478 MLA ||r(i)||/||b|| 3.0564031389151675e-05
479 MLA ||r(i)||/||b|| 3.0482131612808109e-05
480 MLA ||r(i)||/||b|| 3.0400701755194723e-05
481 MLA ||r(i)||/||b|| 3.0319708721130477e-05
482 MLA ||r(i)||/||b|| 3.0239178017773174e-05
483 MLA ||r(i)||/||b|| 3.0159116401800508e-05
484 MLA ||r(i)||/||b|| 3.0079484940717605e-05
485 MLA ||r(i)||/||b|| 3.0000298690440868e-05
486 MLA ||r(i)||/||b|| 2.9921293522209339e-05
487 MLA ||r(i)||/||b|| 2.9843141915646429e-05
488 MLA ||r(i)||/||b|| 2.9765398069048712e-05
489 MLA ||r(i)||/||b|| 2.9687923126670366e-05
490 MLA ||r(i)||/||b|| 2.9610853912716689e-05
491 MLA ||r(i)||/||b|| 2.9534222210450827e-05
492 MLA ||r(i)||/||b|| 2.9458008051325043e-05
493 MLA ||r(i)||/||b|| 2.9382194848622430e-05
494 MLA ||r(i)||/||b|| 2.9306786994023312e-05
495 MLA ||r(i)||/||b|| 2.9231804290439769e-05
496 MLA ||r(i)||/||b|| 2.9157193954430108e-05
497 MLA ||r(i)||/||b|| 2.9082973264056167e-05
498 MLA ||r(i)||/||b|| 2.9009152224338823e-05
499 MLA ||r(i)||/||b|| 2.8935717923880839e-05
500 MLA ||r(i)||/||b|| 2.8862657210491587e-05
501 MLA ||r(i)||/||b|| 2.8789979100020449e-05
502 MLA ||r(i)||/||b|| 2.8717678768912573e-05
503 MLA ||r(i)||/||b|| 2.8645732331715107e-05
504 MLA ||r(i)||/||b|| 2.8574153001582423e-05
505 MLA ||r(i)||/||b|| 2.8502961885544406e-05
506 MLA ||r(i)||/||b|| 2.8432112182524529e-05
507 MLA ||r(i)||/||b|| 2.8361607929062537e-05
508 MLA ||r(i)||/||b|| 2.8291478066227922e-05
509 MLA ||r(i)||/||b|| 2.8221686550270597e-05
510 MLA ||r(i)||/||b|| 2.8152240780748483e-05
511 MLA ||r(i)||/||b|| 2.8083145562622223e-05
512 MLA ||r(i)||/||b|| 2.8014387254386744e-05
513 MLA ||r(i)||/||b|| 2.7945953499563222e-05
514 MLA ||r(i)||/||b|| 2.7877873053238601e-05
515 MLA ||r(i)||/||b|| 2.7810114032159911e-05
516 MLA ||r(i)||/||b|| 2.7742675942319474e-05
517 MLA ||r(i)||/||b|| 2.7675569251295483e-05
518 MLA ||r(i)||/||b|| 2.7608784684475136e-05
519 MLA ||r(i)||/||b|| 2.7542303089624387e-05
520 MLA ||r(i)||/||b|| 2.7476161276413650e-05
521 MLA ||r(i)||/||b|| 2.7410333143448907e-05
522 MLA ||r(i)||/||b|| 2.7344796443775996e-05
523 MLA ||r(i)||/||b|| 2.7279564531850548e-05
524 MLA ||r(i)||/||b|| 2.7214643104245168e-05
525 MLA ||r(i)||/||b|| 2.7150035094608679e-05
526 MLA ||r(i)||/||b|| 2.7085710237728404e-05
527 MLA ||r(i)||/||b|| 2.7021692417433531e-05
528 MLA ||r(i)||/||b|| 2.6957955268011950e-05
529 MLA ||r(i)||/||b|| 2.6894522677855529e-05
530 MLA ||r(i)||/||b|| 2.6831366212976750e-05
531 MLA ||r(i)||/||b|| 2.6768508096217113e-05
532 MLA ||r(i)||/||b|| 2.6705935493745890e-05
533 MLA ||r(i)||/||b|| 2.6643619648674096e-05
534 MLA ||r(i)||/||b|| 2.6581610685864892e-05
535 MLA ||r(i)||/||b|| 2.6519867406185214e-05
536 MLA ||r(i)||/||b|| 2.6458393096011383e-05
537 MLA ||r(i)||/||b|| 2.6397192771192399e-05
538 MLA ||r(i)||/||b|| 2.6336255316124145e-05
539 MLA ||r(i)||/||b|| 2.6275587348249367e-05
540 MLA ||r(i)||/||b|| 2.6215201709234357e-05
541 MLA ||r(i)||/||b|| 2.6155059830530090e-05
542 MLA ||r(i)||/||b|| 2.6095176132524550e-05
543 MLA ||r(i)||/||b|| 2.6035562831274416e-05
544 MLA ||r(i)||/||b|| 2.5976187516427546e-05
545 MLA ||r(i)||/||b|| 2.5917075627604279e-05
546 MLA ||r(i)||/||b|| 2.5858208963095649e-05
547 MLA ||r(i)||/||b|| 2.5799614781582048e-05
548 MLA ||r(i)||/||b|| 2.5741237748981055e-05
549 MLA ||r(i)||/||b|| 2.5683112067991854e-05
550 MLA ||r(i)||/||b|| 2.5625233851518512e-05
551 MLA ||r(i)||/||b|| 2.5567600784423618e-05
552 MLA ||r(i)||/||b|| 2.5510185729615303e-05
553 MLA ||r(i)||/||b|| 2.5453040105785533e-05
554 MLA ||r(i)||/||b|| 2.5396112012601087e-05
555 MLA ||r(i)||/||b|| 2.5339414712550856e-05
556 MLA ||r(i)||/||b|| 2.5282971731915660e-05
557 MLA ||r(i)||/||b|| 2.5226744041155709e-05
558 MLA ||r(i)||/||b|| 2.5170737134453488e-05
559 MLA ||r(i)||/||b|| 2.5114963978027929e-05
560 MLA ||r(i)||/||b|| 2.5059393332059945e-05
561 MLA ||r(i)||/||b|| 2.5004068255811058e-05
562 MLA ||r(i)||/||b|| 2.4948954995809194e-05
563 MLA ||r(i)||/||b|| 2.4894070848688118e-05
564 MLA ||r(i)||/||b|| 2.4839396541168432e-05
565 MLA ||r(i)||/||b|| 2.4784920165741368e-05
566 MLA ||r(i)||/||b|| 2.4730702776246349e-05
567 MLA ||r(i)||/||b|| 2.4676653240428437e-05
568 MLA ||r(i)||/||b|| 2.4622813272982723e-05
569 MLA ||r(i)||/||b|| 2.4569222783243017e-05
570 MLA ||r(i)||/||b|| 2.4515813307365514e-05
571 MLA ||r(i)||/||b|| 2.4462622442658089e-05
572 MLA ||r(i)||/||b|| 2.4409630519101441e-05
573 MLA ||r(i)||/||b|| 2.4356837546258024e-05
574 MLA ||r(i)||/||b|| 2.4304237934005953e-05
575 MLA ||r(i)||/||b|| 2.4251852788517712e-05
576 MLA ||r(i)||/||b|| 2.4199656728984281e-05
577 MLA ||r(i)||/||b|| 2.4147658901760672e-05
578 MLA ||r(i)||/||b|| 2.4095856158464208e-05
579 MLA ||r(i)||/||b|| 2.4044258982692373e-05
580 MLA ||r(i)||/||b|| 2.3992841362980070e-05
581 MLA ||r(i)||/||b|| 2.3941620585461166e-05
582 MLA ||r(i)||/||b|| 2.3890591413613313e-05
583 MLA ||r(i)||/||b|| 2.3839738014722790e-05
584 MLA ||r(i)||/||b|| 2.3789083593988511e-05
585 MLA ||r(i)||/||b|| 2.3738615341929607e-05
586 MLA ||r(i)||/||b|| 2.3688313374628622e-05
587 MLA ||r(i)||/||b|| 2.3638220810235134e-05
588 MLA ||r(i)||/||b|| 2.3588283502611136e-05
589 MLA ||r(i)||/||b|| 2.3538548032383624e-05
590 MLA ||r(i)||/||b|| 2.3488983775322753e-05
591 MLA ||r(i)||/||b|| 2.3439591375034432e-05
592 MLA ||r(i)||/||b|| 2.3390405840560568e-05
593 MLA ||r(i)||/||b|| 2.3341354028059512e-05
594 MLA ||r(i)||/||b|| 2.3292504945477883e-05
595 MLA ||r(i)||/||b|| 2.3243822408102039e-05
596 MLA ||r(i)||/||b|| 2.3195311358508560e-05
597 MLA ||r(i)||/||b|| 2.3146970760134189e-05
598 MLA ||r(i)||/||b|| 2.3098798770671647e-05
599 MLA ||r(i)||/||b|| 2.3050799323024048e-05
600 MLA ||r(i)||/||b|| 2.3002953536609776e-05
601 MLA ||r(i)||/||b|| 2.2955288893603717e-05
602 MLA ||r(i)||/||b|| 2.2907784799997280e-05
603 MLA ||r(i)||/||b|| 2.2860448529963697e-05
604 MLA ||r(i)||/||b|| 2.2813267653074288e-05
605 MLA ||r(i)||/||b|| 2.2766257315343815e-05
606 MLA ||r(i)||/||b|| 2.2719406584198489e-05
607 MLA ||r(i)||/||b|| 2.2672722532210439e-05
608 MLA ||r(i)||/||b|| 2.2626177621701730e-05
609 MLA ||r(i)||/||b|| 2.2579821280895588e-05
610 MLA ||r(i)||/||b|| 2.2533587248891953e-05
611 MLA ||r(i)||/||b|| 2.2487531893436044e-05
612 MLA ||r(i)||/||b|| 2.2441621076138622e-05
613 MLA ||r(i)||/||b|| 2.2395872362006395e-05
614 MLA ||r(i)||/||b|| 2.2350280658092938e-05
615 MLA ||r(i)||/||b|| 2.2304829450943315e-05
616 MLA ||r(i)||/||b|| 2.2259543803139903e-05
617 MLA ||r(i)||/||b|| 2.2214390920806272e-05
618 MLA ||r(i)||/||b|| 2.2169377687632960e-05
619 MLA ||r(i)||/||b|| 2.2124544795471797e-05
620 MLA ||r(i)||/||b|| 2.2079841430566265e-05
621 MLA ||r(i)||/||b|| 2.2035285422242795e-05
622 MLA ||r(i)||/||b|| 2.1990892654648629e-05
623 MLA ||r(i)||/||b|| 2.1946627245732039e-05
624 MLA ||r(i)||/||b|| 2.1902504664340904e-05
625 MLA ||r(i)||/||b|| 2.1858523023765688e-05
626 MLA ||r(i)||/||b|| 2.1814702598027794e-05
627 MLA ||r(i)||/||b|| 2.1771009691337521e-05
628 MLA ||r(i)||/||b|| 2.1727459201319999e-05
629 MLA ||r(i)||/||b|| 2.1684045139834532e-05
630 MLA ||r(i)||/||b|| 2.1640774980563626e-05
631 MLA ||r(i)||/||b|| 2.1597656352620386e-05
632 MLA ||r(i)||/||b|| 2.1554658412854701e-05
633 MLA ||r(i)||/||b|| 2.1511817442279005e-05
634 MLA ||r(i)||/||b|| 2.1469086498548156e-05
635 MLA ||r(i)||/||b|| 2.1426504111848373e-05
636 MLA ||r(i)||/||b|| 2.1384037907166135e-05
637 MLA ||r(i)||/||b|| 2.1341740020812235e-05
638 MLA ||r(i)||/||b|| 2.1299561129345189e-05
639 MLA ||r(i)||/||b|| 2.1257500374607905e-05
640 MLA ||r(i)||/||b|| 2.1215578628236511e-05
641 MLA ||r(i)||/||b|| 2.1173800339286210e-05
642 MLA ||r(i)||/||b|| 2.1132139802130671e-05
643 MLA ||r(i)||/||b|| 2.1090600743568988e-05
644 MLA ||r(i)||/||b|| 2.1049214809859046e-05
645 MLA ||r(i)||/||b|| 2.1007944478152046e-05
646 MLA ||r(i)||/||b|| 2.0966803099808978e-05
647 MLA ||r(i)||/||b|| 2.0925781194762006e-05
648 MLA ||r(i)||/||b|| 2.0884895034054062e-05
649 MLA ||r(i)||/||b|| 2.0844139516585272e-05
650 MLA ||r(i)||/||b|| 2.0803495441059086e-05
651 MLA ||r(i)||/||b|| 2.0762976305137861e-05
652 MLA ||r(i)||/||b|| 2.0722586775969724e-05
653 MLA ||r(i)||/||b|| 2.0682316782836341e-05
654 MLA ||r(i)||/||b|| 2.0642163867493325e-05
655 MLA ||r(i)||/||b|| 2.0602135802123080e-05
656 MLA ||r(i)||/||b|| 2.0562233054850799e-05
657 MLA ||r(i)||/||b|| 2.0522455588412280e-05
658 MLA ||r(i)||/||b|| 2.0482800178904993e-05
659 MLA ||r(i)||/||b|| 2.0443240133338396e-05
660 MLA ||r(i)||/||b|| 2.0403819210513777e-05
661 MLA ||r(i)||/||b|| 2.0364527097052701e-05
662 MLA ||r(i)||/||b|| 2.0325330711867985e-05
663 MLA ||r(i)||/||b|| 2.0286248588444336e-05
664 MLA ||r(i)||/||b|| 2.0247322659661353e-05
665 MLA ||r(i)||/||b|| 2.0208461402888722e-05
666 MLA ||r(i)||/||b|| 2.0169742655983039e-05
667 MLA ||r(i)||/||b|| 2.0131138811040374e-05
668 MLA ||r(i)||/||b|| 2.0092639772550997e-05
669 MLA ||r(i)||/||b|| 2.0054251689877183e-05
670 MLA ||r(i)||/||b|| 2.0015992141633200e-05
671 MLA ||r(i)||/||b|| 1.9977835067644142e-05
672 MLA ||r(i)||/||b|| 1.9939775429249047e-05
673 MLA ||r(i)||/||b|| 1.9901845633984201e-05
674 MLA ||r(i)||/||b|| 1.9864033932749526e-05
675 MLA ||r(i)||/||b|| 1.9826319670153920e-05
676 MLA ||r(i)||/||b|| 1.9788715741766918e-05
677 MLA ||r(i)||/||b|| 1.9751214879698508e-05
678 MLA ||r(i)||/||b|| 1.9713852564004755e-05
679 MLA ||r(i)||/||b|| 1.9676580925635795e-05
680 MLA ||r(i)||/||b|| 1.9639402276445011e-05
681 MLA ||r(i)||/||b|| 1.9602351473581023e-05
682 MLA ||r(i)||/||b|| 1.9565406342610476e-05
683 MLA ||r(i)||/||b|| 1.9528552393752702e-05
684 MLA ||r(i)||/||b|| 1.9491806343024164e-05
685 MLA ||r(i)||/||b|| 1.9455191708528222e-05
686 MLA ||r(i)||/||b|| 1.9418664412562822e-05
687 MLA ||r(i)||/||b|| 1.9382230251558822e-05
688 MLA ||r(i)||/||b|| 1.9345929054543148e-05
689 MLA ||r(i)||/||b|| 1.9309708746449798e-05
690 MLA ||r(i)||/||b|| 1.9273594660372559e-05
691 MLA ||r(i)||/||b|| 1.9237598660885424e-05
692 MLA ||r(i)||/||b|| 1.9201684788683652e-05
693 MLA ||r(i)||/||b|| 1.9165878562000684e-05
694 MLA ||r(i)||/||b|| 1.9130166768213329e-05
695 MLA ||r(i)||/||b|| 1.9094581861301620e-05
696 MLA ||r(i)||/||b|| 1.9059085414875712e-05
697 MLA ||r(i)||/||b|| 1.9023685340784212e-05
698 MLA ||r(i)||/||b|| 1.8988381008371675e-05
699 MLA ||r(i)||/||b|| 1.8953178226772709e-05
700 MLA ||r(i)||/||b|| 1.8918078471797847e-05
701 MLA ||r(i)||/||b|| 1.8883072100199683e-05
702 MLA ||r(i)||/||b|| 1.8848176345568603e-05
703 MLA ||r(i)||/||b|| 1.8813367632004196e-05
704 MLA ||r(i)||/||b|| 1.8778673518904967e-05
705 MLA ||r(i)||/||b|| 1.8744051345368084e-05
706 MLA ||r(i)||/||b|| 1.8709544872832115e-05
707 MLA ||r(i)||/||b|| 1.8675120719575185e-05
708 MLA ||r(i)||/||b|| 1.8640805266489633e-05
709 MLA ||r(i)||/||b|| 1.8606567005495721e-05
710 MLA ||r(i)||/||b|| 1.8572440101375039e-05
711 MLA ||r(i)||/||b|| 1.8538410819942454e-05
712 MLA ||r(i)||/||b|| 1.8504470235630021e-05
713 MLA ||r(i)||/||b|| 1.8470630882898129e-05
714 MLA ||r(i)||/||b|| 1.8436886053465761e-05
715 MLA ||r(i)||/||b|| 1.8403207035415094e-05
716 MLA ||r(i)||/||b|| 1.8369652834408372e-05
717 MLA ||r(i)||/||b|| 1.8336166437553154e-05
718 MLA ||r(i)||/||b|| 1.8302791540695515e-05
719 MLA ||r(i)||/||b|| 1.8269506113459021e-05
720 MLA ||r(i)||/||b|| 1.8236302351433708e-05
721 MLA ||r(i)||/||b|| 1.8203183591795499e-05
722 MLA ||r(i)||/||b|| 1.8170173869348796e-05
723 MLA ||r(i)||/||b|| 1.8137250745797392e-05
724 MLA ||r(i)||/||b|| 1.8104410733182500e-05
725 MLA ||r(i)||/||b|| 1.8071670245741473e-05
726 MLA ||r(i)||/||b|| 1.8039011429844424e-05
727 MLA ||r(i)||/||b|| 1.8006440488009786e-05
728 MLA ||r(i)||/||b|| 1.7973973280497821e-05
729 MLA ||r(i)||/||b|| 1.7941577811367170e-05
730 MLA ||r(i)||/||b|| 1.7909282751155606e-05
731 MLA ||r(i)||/||b|| 1.7877068410358750e-05
732 MLA ||r(i)||/||b|| 1.7844942859931518e-05
733 MLA ||r(i)||/||b|| 1.7812920897893391e-05
734 MLA ||r(i)||/||b|| 1.7780959180330725e-05
735 MLA ||r(i)||/||b|| 1.7749078626363164e-05
736 MLA ||r(i)||/||b|| 1.7717317314961155e-05
737 MLA ||r(i)||/||b|| 1.7685625397970689e-05
738 MLA ||r(i)||/||b|| 1.7654036860334064e-05
739 MLA ||r(i)||/||b|| 1.7622488285425346e-05
740 MLA ||r(i)||/||b|| 1.7591062555126957e-05
741 MLA ||r(i)||/||b|| 1.7559729162652952e-05
742 MLA ||r(i)||/||b|| 1.7528435914566863e-05
743 MLA ||r(i)||/||b|| 1.7497263773264961e-05
744 MLA ||r(i)||/||b|| 1.7466176632244172e-05
745 MLA ||r(i)||/||b|| 1.7435159893381926e-05
746 MLA ||r(i)||/||b|| 1.7404227112399790e-05
747 MLA ||r(i)||/||b|| 1.7373374226973616e-05
748 MLA ||r(i)||/||b|| 1.7342615239571634e-05
749 MLA ||r(i)||/||b|| 1.7311945760262529e-05
750 MLA ||r(i)||/||b|| 1.7281331173965715e-05
751 MLA ||r(i)||/||b|| 1.7250819614913888e-05
752 MLA ||r(i)||/||b|| 1.7220393376385795e-05
753 MLA ||r(i)||/||b|| 1.7190029890116854e-05
754 MLA ||r(i)||/||b|| 1.7159748213828872e-05
755 MLA ||r(i)||/||b|| 1.7129564806359856e-05
756 MLA ||r(i)||/||b|| 1.7099464401537398e-05
757 MLA ||r(i)||/||b|| 1.7069441395007867e-05
758 MLA ||r(i)||/||b|| 1.7039489153612063e-05
759 MLA ||r(i)||/||b|| 1.7009594793111339e-05
760 MLA ||r(i)||/||b|| 1.6979806365435044e-05
761 MLA ||r(i)||/||b|| 1.6950100735481231e-05
762 MLA ||r(i)||/||b|| 1.6920477291508254e-05
763 MLA ||r(i)||/||b|| 1.6890920684618519e-05
764 MLA ||r(i)||/||b|| 1.6861440246799167e-05
765 MLA ||r(i)||/||b|| 1.6832039297116787e-05
766 MLA ||r(i)||/||b|| 1.6802729240612106e-05
767 MLA ||r(i)||/||b|| 1.6773483266246058e-05
768 MLA ||r(i)||/||b|| 1.6744310127688237e-05
769 MLA ||r(i)||/||b|| 1.6715220752481892e-05
770 MLA ||r(i)||/||b|| 1.6686215370286874e-05
771 MLA ||r(i)||/||b|| 1.6657285761582935e-05
772 MLA ||r(i)||/||b|| 1.6628420137403801e-05
773 MLA ||r(i)||/||b|| 1.6599632178510263e-05
774 MLA ||r(i)||/||b|| 1.6570976204990761e-05
775 MLA ||r(i)||/||b|| 1.6542320476129909e-05
776 MLA ||r(i)||/||b|| 1.6513764560670806e-05
777 MLA ||r(i)||/||b|| 1.6485270203658837e-05
778 MLA ||r(i)||/||b|| 1.6456879255412022e-05
779 MLA ||r(i)||/||b|| 1.6428544284530555e-05
780 MLA ||r(i)||/||b|| 1.6400305558270284e-05
781 MLA ||r(i)||/||b|| 1.6372119213774843e-05
782 MLA ||r(i)||/||b|| 1.6344021962000830e-05
783 MLA ||r(i)||/||b|| 1.6316000662843537e-05
784 MLA ||r(i)||/||b|| 1.6288027670952996e-05
785 MLA ||r(i)||/||b|| 1.6260147887555619e-05
786 MLA ||r(i)||/||b|| 1.6232331117108077e-05
787 MLA ||r(i)||/||b|| 1.6204589816453574e-05
788 MLA ||r(i)||/||b|| 1.6176934325688797e-05
789 MLA ||r(i)||/||b|| 1.6149333086492576e-05
790 MLA ||r(i)||/||b|| 1.6121825099718709e-05
791 MLA ||r(i)||/||b|| 1.6094375453037186e-05
792 MLA ||r(i)||/||b|| 1.6066994065196601e-05
793 MLA ||r(i)||/||b|| 1.6039707962540741e-05
794 MLA ||r(i)||/||b|| 1.6012465801332217e-05
795 MLA ||r(i)||/||b|| 1.5985306319018301e-05
796 MLA ||r(i)||/||b|| 1.5958201090095383e-05
797 MLA ||r(i)||/||b|| 1.5931177698816230e-05
798 MLA ||r(i)||/||b|| 1.5904228554992564e-05
799 MLA ||r(i)||/||b|| 1.5877363091654749e-05
800 MLA ||r(i)||/||b|| 1.5850557692392201e-05
801 MLA ||r(i)||/||b|| 1.5823813916460678e-05
802 MLA ||r(i)||/||b|| 1.5797154995470754e-05
803 MLA ||r(i)||/||b|| 1.5770554932828283e-05
804 MLA ||r(i)||/||b|| 1.5744022733041605e-05
805 MLA ||r(i)||/||b|| 1.5717559957893925e-05
806 MLA ||r(i)||/||b|| 1.5691166649219272e-05
807 MLA ||r(i)||/||b|| 1.5664842628924617e-05
808 MLA ||r(i)||/||b|| 1.5638583725679502e-05
809 MLA ||r(i)||/||b|| 1.5612384234302167e-05
810 MLA ||r(i)||/||b|| 1.5586285911075163e-05
811 MLA ||r(i)||/||b|| 1.5560243625094962e-05
812 MLA ||r(i)||/||b|| 1.5534260027611877e-05
813 MLA ||r(i)||/||b|| 1.5508337274755374e-05
814 MLA ||r(i)||/||b|| 1.5482487829019573e-05
815 MLA ||r(i)||/||b|| 1.5456724392277959e-05
816 MLA ||r(i)||/||b|| 1.5430986998803064e-05
817 MLA ||r(i)||/||b|| 1.5405366892955970e-05
818 MLA ||r(i)||/||b|| 1.5379773730828254e-05
819 MLA ||r(i)||/||b|| 1.5354255313690222e-05
820 MLA ||r(i)||/||b|| 1.5328813128265373e-05
821 MLA ||r(i)||/||b|| 1.5303432541213847e-05
822 MLA ||r(i)||/||b|| 1.5278109185389139e-05
823 MLA ||r(i)||/||b|| 1.5252869490274270e-05
824 MLA ||r(i)||/||b|| 1.5227678649846682e-05
825 MLA ||r(i)||/||b|| 1.5202563639976188e-05
826 MLA ||r(i)||/||b|| 1.5177516220268516e-05
827 MLA ||r(i)||/||b|| 1.5152518294894279e-05
828 MLA ||r(i)||/||b|| 1.5127587464882741e-05
829 MLA ||r(i)||/||b|| 1.5102725631748204e-05
830 MLA ||r(i)||/||b|| 1.5077937394648637e-05
831 MLA ||r(i)||/||b|| 1.5053220063090346e-05
832 MLA ||r(i)||/||b|| 1.5028538583295803e-05
833 MLA ||r(i)||/||b|| 1.5003941809802821e-05
834 MLA ||r(i)||/||b|| 1.4979391376045464e-05
835 MLA ||r(i)||/||b|| 1.4954917065364341e-05
836 MLA ||r(i)||/||b|| 1.4930502379736127e-05
837 MLA ||r(i)||/||b|| 1.4906168747664999e-05
838 MLA ||r(i)||/||b|| 1.4881863382604678e-05
839 MLA ||r(i)||/||b|| 1.4857645002441138e-05
840 MLA ||r(i)||/||b|| 1.4833481582530203e-05
841 MLA ||r(i)||/||b|| 1.4809374760243063e-05
842 MLA ||r(i)||/||b|| 1.4785334852432227e-05
843 MLA ||r(i)||/||b|| 1.4761366641918853e-05
844 MLA ||r(i)||/||b|| 1.4737450964399044e-05
845 MLA ||r(i)||/||b|| 1.4713597993169601e-05
846 MLA ||r(i)||/||b|| 1.4689813664354895e-05
847 MLA ||r(i)||/||b|| 1.4666077013961773e-05
848 MLA ||r(i)||/||b|| 1.4642405607371229e-05
849 MLA ||r(i)||/||b|| 1.4618806107496498e-05
850 MLA ||r(i)||/||b|| 1.4595250488764522e-05
851 MLA ||r(i)||/||b|| 1.4571774125541739e-05
852 MLA ||r(i)||/||b|| 1.4548337011674625e-05
853 MLA ||r(i)||/||b|| 1.4524979829136596e-05
854 MLA ||r(i)||/||b|| 1.4501681000569550e-05
855 MLA ||r(i)||/||b|| 1.4478424152907247e-05
856 MLA ||r(i)||/||b|| 1.4455247364977522e-05
857 MLA ||r(i)||/||b|| 1.4432111043263555e-05
858 MLA ||r(i)||/||b|| 1.4409058591241493e-05
859 MLA ||r(i)||/||b|| 1.4386066739726561e-05
860 MLA ||r(i)||/||b|| 1.4363097795296227e-05
861 MLA ||r(i)||/||b|| 1.4340218450878406e-05
862 MLA ||r(i)||/||b|| 1.4317387664843125e-05
863 MLA ||r(i)||/||b|| 1.4294612524837774e-05
864 MLA ||r(i)||/||b|| 1.4271884041910242e-05
865 MLA ||r(i)||/||b|| 1.4249232831094638e-05
866 MLA ||r(i)||/||b|| 1.4226641567347290e-05
867 MLA ||r(i)||/||b|| 1.4204106568088740e-05
868 MLA ||r(i)||/||b|| 1.4181617402551679e-05
869 MLA ||r(i)||/||b|| 1.4159185834475618e-05
870 MLA ||r(i)||/||b|| 1.4136852193204543e-05
871 MLA ||r(i)||/||b|| 1.4114523103197800e-05
872 MLA ||r(i)||/||b|| 1.4092277661321935e-05
873 MLA ||r(i)||/||b|| 1.4070087028465217e-05
874 MLA ||r(i)||/||b|| 1.4047970053993676e-05
875 MLA ||r(i)||/||b|| 1.4025869812591928e-05
876 MLA ||r(i)||/||b|| 1.4003846845617959e-05
877 MLA ||r(i)||/||b|| 1.3981890264391961e-05
878 MLA ||r(i)||/||b|| 1.3959985545298531e-05
879 MLA ||r(i)||/||b|| 1.3938119886309779e-05
880 MLA ||r(i)||/||b|| 1.3916325689193270e-05
881 MLA ||r(i)||/||b|| 1.3894603900755503e-05
882 MLA ||r(i)||/||b|| 1.3872903286203684e-05
883 MLA ||r(i)||/||b|| 1.3851284095697839e-05
884 MLA ||r(i)||/||b|| 1.3829698918038561e-05
885 MLA ||r(i)||/||b|| 1.3808171796075467e-05
886 MLA ||r(i)||/||b|| 1.3786707972261284e-05
887 MLA ||r(i)||/||b|| 1.3765292620093537e-05
888 MLA ||r(i)||/||b|| 1.3743949727513952e-05
889 MLA ||r(i)||/||b|| 1.3722636662154159e-05
890 MLA ||r(i)||/||b|| 1.3701401090682077e-05
891 MLA ||r(i)||/||b|| 1.3680217765796223e-05
892 MLA ||r(i)||/||b|| 1.3659073357185544e-05
893 MLA ||r(i)||/||b|| 1.3638001526434272e-05
894 MLA ||r(i)||/||b|| 1.3616963083883674e-05
895 MLA ||r(i)||/||b|| 1.3595989482894901e-05
896 MLA ||r(i)||/||b|| 1.3575070186661334e-05
897 MLA ||r(i)||/||b|| 1.3554209829917114e-05
898 MLA ||r(i)||/||b|| 1.3533393523123316e-05
899 MLA ||r(i)||/||b|| 1.3512620260562544e-05
900 MLA ||r(i)||/||b|| 1.3491925123724155e-05
901 MLA ||r(i)||/||b|| 1.3471270747783929e-05
902 MLA ||r(i)||/||b|| 1.3450668547575156e-05
903 MLA ||r(i)||/||b|| 1.3430112099878564e-05
904 MLA ||r(i)||/||b|| 1.3409617418823402e-05
905 MLA ||r(i)||/||b|| 1.3389182988639373e-05
906 MLA ||r(i)||/||b|| 1.3368779436718699e-05
907 MLA ||r(i)||/||b|| 1.3348453134215563e-05
908 MLA ||r(i)||/||b|| 1.3328158949157761e-05
909 MLA ||r(i)||/||b|| 1.3307905784133740e-05
910 MLA ||r(i)||/||b|| 1.3287732561197101e-05
911 MLA ||r(i)||/||b|| 1.3267599332912187e-05
912 MLA ||r(i)||/||b|| 1.3247521391414381e-05
913 MLA ||r(i)||/||b|| 1.3227490141899983e-05
914 MLA ||r(i)||/||b|| 1.3207515083238779e-05
915 MLA ||r(i)||/||b|| 1.3187585428542909e-05
916 MLA ||r(i)||/||b|| 1.3167708828897627e-05
917 MLA ||r(i)||/||b|| 1.3147885807843407e-05
918 MLA ||r(i)||/||b|| 1.3128096393979540e-05
919 MLA ||r(i)||/||b|| 1.3108384144863675e-05
920 MLA ||r(i)||/||b|| 1.3088709411429099e-05
921 MLA ||r(i)||/||b|| 1.3069083672863195e-05
922 MLA ||r(i)||/||b|| 1.3049499450955632e-05
923 MLA ||r(i)||/||b|| 1.3029985639050436e-05
924 MLA ||r(i)||/||b|| 1.3010511036567383e-05
925 MLA ||r(i)||/||b|| 1.2991088172692680e-05
926 MLA ||r(i)||/||b|| 1.2971707621356084e-05
927 MLA ||r(i)||/||b|| 1.2952395969250612e-05
928 MLA ||r(i)||/||b|| 1.2933115231604486e-05
929 MLA ||r(i)||/||b|| 1.2913890454906904e-05
930 MLA ||r(i)||/||b|| 1.2894709262115994e-05
931 MLA ||r(i)||/||b|| 1.2875584673700972e-05
932 MLA ||r(i)||/||b|| 1.2856496041302996e-05
933 MLA ||r(i)||/||b|| 1.2837470660408553e-05
934 MLA ||r(i)||/||b|| 1.2818496172910938e-05
935 MLA ||r(i)||/||b|| 1.2799515047438364e-05
936 MLA ||r(i)||/||b|| 1.2780654103878823e-05
937 MLA ||r(i)||/||b|| 1.2761836730944006e-05
938 MLA ||r(i)||/||b|| 1.2743774689269270e-05
939 MLA ||r(i)||/||b|| 1.2724392740551280e-05
940 MLA ||r(i)||/||b|| 1.2705614993978631e-05
941 MLA ||r(i)||/||b|| 1.2686968860394129e-05
942 MLA ||r(i)||/||b|| 1.2668373413303179e-05
943 MLA ||r(i)||/||b|| 1.2649798563334557e-05
944 MLA ||r(i)||/||b|| 1.2631295540588919e-05
945 MLA ||r(i)||/||b|| 1.2612849396220078e-05
946 MLA ||r(i)||/||b|| 1.2594438096926387e-05
947 MLA ||r(i)||/||b|| 1.2576074960946118e-05
948 MLA ||r(i)||/||b|| 1.2557770023806750e-05
949 MLA ||r(i)||/||b|| 1.2539481311731502e-05
950 MLA ||r(i)||/||b|| 1.2521267215493310e-05
951 MLA ||r(i)||/||b|| 1.2503086898568392e-05
952 MLA ||r(i)||/||b|| 1.2484960668513627e-05
953 MLA ||r(i)||/||b|| 1.2466883816635011e-05
954 MLA ||r(i)||/||b|| 1.2448830198715954e-05
955 MLA ||r(i)||/||b|| 1.2430836782639498e-05
956 MLA ||r(i)||/||b|| 1.2412917326963263e-05
957 MLA ||r(i)||/||b|| 1.2395002344923345e-05
958 MLA ||r(i)||/||b|| 1.2377140679726888e-05
959 MLA ||r(i)||/||b|| 1.2359349026553574e-05
960 MLA ||r(i)||/||b|| 1.2341574541039404e-05
961 MLA ||r(i)||/||b|| 1.2323865467460699e-05
962 MLA ||r(i)||/||b|| 1.2306182275129711e-05
963 MLA ||r(i)||/||b|| 1.2288562187378869e-05
964 MLA ||r(i)||/||b|| 1.2270974482028612e-05
965 MLA ||r(i)||/||b|| 1.2253442995799939e-05
966 MLA ||r(i)||/||b|| 1.2235937449480428e-05
967 MLA ||r(i)||/||b|| 1.2218487346103308e-05
968 MLA ||r(i)||/||b|| 1.2201082665749716e-05
969 MLA ||r(i)||/||b|| 1.2183731621778384e-05
970 MLA ||r(i)||/||b|| 1.2166410026346482e-05
971 MLA ||r(i)||/||b|| 1.2149124074993776e-05
972 MLA ||r(i)||/||b|| 1.2131896809453650e-05
973 MLA ||r(i)||/||b|| 1.2114739895003113e-05
974 MLA ||r(i)||/||b|| 1.2097588286519128e-05
975 MLA ||r(i)||/||b|| 1.2080496784896223e-05
976 MLA ||r(i)||/||b|| 1.2063417962739639e-05
977 MLA ||r(i)||/||b|| 1.2046414386494310e-05
978 MLA ||r(i)||/||b|| 1.2029422994639679e-05
979 MLA ||r(i)||/||b|| 1.2012511876387444e-05
980 MLA ||r(i)||/||b|| 1.2012614493995692e-05
981 MLA ||r(i)||/||b|| 1.2216493412165148e-05
982 MLA ||r(i)||/||b|| 1.2407097300248665e-05
983 MLA ||r(i)||/||b|| 1.2009926644360685e-05
984 MLA ||r(i)||/||b|| 1.1928338910749577e-05
985 MLA ||r(i)||/||b|| 1.1908420331974868e-05
986 MLA ||r(i)||/||b|| 1.1892602503341178e-05
987 MLA ||r(i)||/||b|| 1.1877864247137446e-05
988 MLA ||r(i)||/||b|| 1.1862074740302764e-05
989 MLA ||r(i)||/||b|| 1.1845191823866539e-05
990 MLA ||r(i)||/||b|| 1.1828545118713948e-05
991 MLA ||r(i)||/||b|| 1.1812298925376234e-05
992 MLA ||r(i)||/||b|| 1.1795977394366193e-05
993 MLA ||r(i)||/||b|| 1.1779688336259541e-05
994 MLA ||r(i)||/||b|| 1.1763452534350876e-05
995 MLA ||r(i)||/||b|| 1.1747233645431637e-05
996 MLA ||r(i)||/||b|| 1.1730661077697952e-05
997 MLA ||r(i)||/||b|| 1.1714820667787096e-05
998 MLA ||r(i)||/||b|| 1.1698858612568233e-05
999 MLA ||r(i)||/||b|| 1.1682785356510772e-05
1000 MLA ||r(i)||/||b|| 1.1666733234474691e-05
>>>> mla solve time: 17.0486 (s)
>>>> ksp solve time: 0.00175023 (s)
            || b ||_2 = 2.6501139470351753e+00
|| r ||_2 / || b ||_2 = 1.4365554870196187e+01
