Config file: ../input/config/mla_v_cycle-refine1.json
order_rbm = 1
angle_type = 1
==== basic information of linear system ====
matrix Row = 5340, matrix Column = 5340
matrix nz_allocated = 104619, matrix nz_used = 104619, matrix nz_unneeded = 0
vector Row = 5340
initial     || b ||_2 = 1.3851994067587832e+00
>>>>local_vec_size = 5340
>>>>~~~~ local_mat_m = 5340, local_mat_n = 5340
            || b ||_2 = 1.3851994067587832e+00
|| r ||_2 / || b ||_2 = 1.0000000000000000e+00


>>>>nodes in level 1 is 55, less than 100, setup DONE!>>>>


>>>> mla setup time: 0.0448487 (s)
0 MLA ||r(i)||/||b|| 1.0000000000000000e+00
1 MLA ||r(i)||/||b|| 1.1465285896253718e+01
2 MLA ||r(i)||/||b|| 7.6138822949563849e+00
3 MLA ||r(i)||/||b|| 5.0236525010959152e+00
4 MLA ||r(i)||/||b|| 4.3075354764395888e+00
5 MLA ||r(i)||/||b|| 4.1313691729518185e+00
6 MLA ||r(i)||/||b|| 3.4600267551834940e+00
7 MLA ||r(i)||/||b|| 2.5705554900627723e+00
8 MLA ||r(i)||/||b|| 1.8401023095909894e+00
9 MLA ||r(i)||/||b|| 1.4399282002604290e+00
10 MLA ||r(i)||/||b|| 1.3141313128672154e+00
11 MLA ||r(i)||/||b|| 1.2949160760503646e+00
12 MLA ||r(i)||/||b|| 1.2778791573592656e+00
13 MLA ||r(i)||/||b|| 1.2375710408433875e+00
14 MLA ||r(i)||/||b|| 1.1798226918197909e+00
15 MLA ||r(i)||/||b|| 1.1148823700703168e+00
16 MLA ||r(i)||/||b|| 1.0491791910315484e+00
17 MLA ||r(i)||/||b|| 9.8503041031861038e-01
18 MLA ||r(i)||/||b|| 9.2258588312264356e-01
19 MLA ||r(i)||/||b|| 8.6155282013491297e-01
20 MLA ||r(i)||/||b|| 8.0202008871400354e-01
21 MLA ||r(i)||/||b|| 7.4454725588956083e-01
22 MLA ||r(i)||/||b|| 6.8990452160181914e-01
23 MLA ||r(i)||/||b|| 6.3876525840097831e-01
24 MLA ||r(i)||/||b|| 5.9150443112764850e-01
25 MLA ||r(i)||/||b|| 5.4814405102361397e-01
26 MLA ||r(i)||/||b|| 5.0842070219910873e-01
27 MLA ||r(i)||/||b|| 4.7191755214577374e-01
28 MLA ||r(i)||/||b|| 4.3819817116751236e-01
29 MLA ||r(i)||/||b|| 4.0689764213000162e-01
30 MLA ||r(i)||/||b|| 3.7775622509207163e-01
31 MLA ||r(i)||/||b|| 3.5060689267982159e-01
32 MLA ||r(i)||/||b|| 3.2534061531912778e-01
33 MLA ||r(i)||/||b|| 3.0187193924888278e-01
34 MLA ||r(i)||/||b|| 2.8011785660939609e-01
35 MLA ||r(i)||/||b|| 2.5999210620666635e-01
36 MLA ||r(i)||/||b|| 2.4140962665239335e-01
37 MLA ||r(i)||/||b|| 2.2429355548098703e-01
38 MLA ||r(i)||/||b|| 2.0857891955652846e-01
39 MLA ||r(i)||/||b|| 1.9421074213351866e-01
40 MLA ||r(i)||/||b|| 1.8113757654968163e-01
41 MLA ||r(i)||/||b|| 1.6930331368112014e-01
42 MLA ||r(i)||/||b|| 1.5864032498271208e-01
43 MLA ||r(i)||/||b|| 1.4906606402760403e-01
44 MLA ||r(i)||/||b|| 1.4048380776389388e-01
45 MLA ||r(i)||/||b|| 1.3278688018287924e-01
46 MLA ||r(i)||/||b|| 1.2586486366392652e-01
47 MLA ||r(i)||/||b|| 1.1961009850773309e-01
48 MLA ||r(i)||/||b|| 1.1392310482556928e-01
49 MLA ||r(i)||/||b|| 1.0871616751027254e-01
50 MLA ||r(i)||/||b|| 1.0391494241747588e-01
51 MLA ||r(i)||/||b|| 9.9458388681375673e-02
52 MLA ||r(i)||/||b|| 9.5297546922759713e-02
53 MLA ||r(i)||/||b|| 9.1393703907893184e-02
54 MLA ||r(i)||/||b|| 8.7716387592945838e-02
55 MLA ||r(i)||/||b|| 8.4241491921901931e-02
56 MLA ||r(i)||/||b|| 8.0949690608439095e-02
57 MLA ||r(i)||/||b|| 7.7825193908244439e-02
58 MLA ||r(i)||/||b|| 7.4854830307632944e-02
59 MLA ||r(i)||/||b|| 7.2027397705232699e-02
60 MLA ||r(i)||/||b|| 6.9333219125218296e-02
61 MLA ||r(i)||/||b|| 6.6763839522061053e-02
62 MLA ||r(i)||/||b|| 6.4311811256055368e-02
63 MLA ||r(i)||/||b|| 6.1970533019940328e-02
64 MLA ||r(i)||/||b|| 5.9734117834224221e-02
65 MLA ||r(i)||/||b|| 5.7597275798151784e-02
66 MLA ||r(i)||/||b|| 5.5555207131188028e-02
67 MLA ||r(i)||/||b|| 5.3603505181145615e-02
68 MLA ||r(i)||/||b|| 5.1738070484107092e-02
69 MLA ||r(i)||/||b|| 4.9955037514578374e-02
70 MLA ||r(i)||/||b|| 4.8250717079371327e-02
71 MLA ||r(i)||/||b|| 4.6621554077701403e-02
72 MLA ||r(i)||/||b|| 4.5064100081326976e-02
73 MLA ||r(i)||/||b|| 4.3574999250278572e-02
74 MLA ||r(i)||/||b|| 4.2150984825953496e-02
75 MLA ||r(i)||/||b|| 4.0788883195150880e-02
76 MLA ||r(i)||/||b|| 3.9485623222016840e-02
77 MLA ||r(i)||/||b|| 3.8238247617818868e-02
78 MLA ||r(i)||/||b|| 3.7043924243801915e-02
79 MLA ||r(i)||/||b|| 3.5899955974177930e-02
80 MLA ||r(i)||/||b|| 3.4803787834366613e-02
81 MLA ||r(i)||/||b|| 3.3753011249347417e-02
82 MLA ||r(i)||/||b|| 3.2745364388399895e-02
83 MLA ||r(i)||/||b|| 3.1778729716641148e-02
84 MLA ||r(i)||/||b|| 3.0851129055661560e-02
85 MLA ||r(i)||/||b|| 2.9960716072421338e-02
86 MLA ||r(i)||/||b|| 2.9105767667083879e-02
87 MLA ||r(i)||/||b|| 2.8284673938757120e-02
88 MLA ||r(i)||/||b|| 2.7495928287483633e-02
89 MLA ||r(i)||/||b|| 2.6738117506595455e-02
90 MLA ||r(i)||/||b|| 2.6009911850765191e-02
91 MLA ||r(i)||/||b|| 2.5310056312416049e-02
92 MLA ||r(i)||/||b|| 2.4637362481681083e-02
93 MLA ||r(i)||/||b|| 2.3990701459642598e-02
94 MLA ||r(i)||/||b|| 2.3368997902997589e-02
95 MLA ||r(i)||/||b|| 2.2771224394835445e-02
96 MLA ||r(i)||/||b|| 2.2196397505522207e-02
97 MLA ||r(i)||/||b|| 2.1643573953160584e-02
98 MLA ||r(i)||/||b|| 2.1111847720337931e-02
99 MLA ||r(i)||/||b|| 2.0600347749109935e-02
100 MLA ||r(i)||/||b|| 2.0108236044416642e-02
101 MLA ||r(i)||/||b|| 1.9634706000144966e-02
102 MLA ||r(i)||/||b|| 1.9178981119334228e-02
103 MLA ||r(i)||/||b|| 1.8740314075320740e-02
104 MLA ||r(i)||/||b|| 1.8317985747911325e-02
105 MLA ||r(i)||/||b|| 1.7911304280061054e-02
106 MLA ||r(i)||/||b|| 1.7519604335735302e-02
107 MLA ||r(i)||/||b|| 1.7142246535597851e-02
108 MLA ||r(i)||/||b|| 1.6778616458850544e-02
109 MLA ||r(i)||/||b|| 1.6428124129001170e-02
110 MLA ||r(i)||/||b|| 1.6090203356709163e-02
111 MLA ||r(i)||/||b|| 1.5764310949584987e-02
112 MLA ||r(i)||/||b|| 1.5449926012058145e-02
113 MLA ||r(i)||/||b|| 1.5146549131218634e-02
114 MLA ||r(i)||/||b|| 1.4853701932681547e-02
115 MLA ||r(i)||/||b|| 1.4570926276312911e-02
116 MLA ||r(i)||/||b|| 1.4297783377039158e-02
117 MLA ||r(i)||/||b|| 1.4033853348902395e-02
118 MLA ||r(i)||/||b|| 1.3778734416944664e-02
119 MLA ||r(i)||/||b|| 1.3532042336024425e-02
120 MLA ||r(i)||/||b|| 1.3293409657742840e-02
121 MLA ||r(i)||/||b|| 1.3062485143758622e-02
122 MLA ||r(i)||/||b|| 1.2838933193137543e-02
123 MLA ||r(i)||/||b|| 1.2622433103948697e-02
124 MLA ||r(i)||/||b|| 1.2412678522399277e-02
125 MLA ||r(i)||/||b|| 1.2209377091582792e-02
126 MLA ||r(i)||/||b|| 1.2012249673528605e-02
127 MLA ||r(i)||/||b|| 1.1821029781161908e-02
128 MLA ||r(i)||/||b|| 1.1635463248436230e-02
129 MLA ||r(i)||/||b|| 1.1455307643558970e-02
130 MLA ||r(i)||/||b|| 1.1280331822478038e-02
131 MLA ||r(i)||/||b|| 1.1110315378340792e-02
132 MLA ||r(i)||/||b|| 1.0945048164321635e-02
133 MLA ||r(i)||/||b|| 1.0784329950804902e-02
134 MLA ||r(i)||/||b|| 1.0627969969794194e-02
135 MLA ||r(i)||/||b|| 1.0475786527654799e-02
136 MLA ||r(i)||/||b|| 1.0327606635322900e-02
137 MLA ||r(i)||/||b|| 1.0183265392786195e-02
138 MLA ||r(i)||/||b|| 1.0042605869373450e-02
139 MLA ||r(i)||/||b|| 9.9054786787691161e-03
140 MLA ||r(i)||/||b|| 9.7717415913768143e-03
141 MLA ||r(i)||/||b|| 9.6412592422294979e-03
142 MLA ||r(i)||/||b|| 9.5139028246286773e-03
143 MLA ||r(i)||/||b|| 9.3895496552534111e-03
144 MLA ||r(i)||/||b|| 9.2680830474246873e-03
145 MLA ||r(i)||/||b|| 9.1493920709123031e-03
146 MLA ||r(i)||/||b|| 9.0333709168311811e-03
147 MLA ||r(i)||/||b|| 8.9199190242628332e-03
148 MLA ||r(i)||/||b|| 8.8089407346592773e-03
149 MLA ||r(i)||/||b|| 8.7003448643503210e-03
150 MLA ||r(i)||/||b|| 8.5940447957106435e-03
151 MLA ||r(i)||/||b|| 8.4899580138065017e-03
152 MLA ||r(i)||/||b|| 8.3880058677906159e-03
153 MLA ||r(i)||/||b|| 8.2881136154293947e-03
154 MLA ||r(i)||/||b|| 8.1902100935400176e-03
155 MLA ||r(i)||/||b|| 8.0942274716541574e-03
156 MLA ||r(i)||/||b|| 8.0001011435296941e-03
157 MLA ||r(i)||/||b|| 7.9077695974433711e-03
158 MLA ||r(i)||/||b|| 7.8171742469284999e-03
159 MLA ||r(i)||/||b|| 7.7282592378868078e-03
160 MLA ||r(i)||/||b|| 7.6409713500559615e-03
161 MLA ||r(i)||/||b|| 7.5552598014917653e-03
162 MLA ||r(i)||/||b|| 7.4710762468831763e-03
163 MLA ||r(i)||/||b|| 7.3883744819172262e-03
164 MLA ||r(i)||/||b|| 7.3071104300730313e-03
165 MLA ||r(i)||/||b|| 7.2272421008824847e-03
166 MLA ||r(i)||/||b|| 7.1487293988608380e-03
167 MLA ||r(i)||/||b|| 7.0715339489985088e-03
168 MLA ||r(i)||/||b|| 6.9956192528492778e-03
169 MLA ||r(i)||/||b|| 6.9209502237504500e-03
170 MLA ||r(i)||/||b|| 6.8474934657643920e-03
171 MLA ||r(i)||/||b|| 6.7752169607317335e-03
172 MLA ||r(i)||/||b|| 6.7040901497435711e-03
173 MLA ||r(i)||/||b|| 6.6340837358423417e-03
174 MLA ||r(i)||/||b|| 6.5651696110312421e-03
175 MLA ||r(i)||/||b|| 6.4973209426859562e-03
176 MLA ||r(i)||/||b|| 6.4305119865637941e-03
177 MLA ||r(i)||/||b|| 6.3647179755580360e-03
178 MLA ||r(i)||/||b|| 6.2999152722660713e-03
179 MLA ||r(i)||/||b|| 6.2360811650083508e-03
180 MLA ||r(i)||/||b|| 6.1731937036763225e-03
181 MLA ||r(i)||/||b|| 6.1112319476149179e-03
182 MLA ||r(i)||/||b|| 6.0501756902350849e-03
183 MLA ||r(i)||/||b|| 5.9900055521740977e-03
184 MLA ||r(i)||/||b|| 5.9307027871601083e-03
185 MLA ||r(i)||/||b|| 5.8722493876057196e-03
186 MLA ||r(i)||/||b|| 5.8146280052961425e-03
187 MLA ||r(i)||/||b|| 5.7578219658936990e-03
188 MLA ||r(i)||/||b|| 5.7018150675932017e-03
189 MLA ||r(i)||/||b|| 5.6465917292114823e-03
190 MLA ||r(i)||/||b|| 5.5921368623925013e-03
191 MLA ||r(i)||/||b|| 5.5384359630596906e-03
192 MLA ||r(i)||/||b|| 5.4854749160799868e-03
193 MLA ||r(i)||/||b|| 5.4332401055500181e-03
194 MLA ||r(i)||/||b|| 5.3817183338039712e-03
195 MLA ||r(i)||/||b|| 5.3308967636442727e-03
196 MLA ||r(i)||/||b|| 5.2807630015218980e-03
197 MLA ||r(i)||/||b|| 5.2313050506256073e-03
198 MLA ||r(i)||/||b|| 5.1825111928498167e-03
199 MLA ||r(i)||/||b|| 5.1343700226170845e-03
200 MLA ||r(i)||/||b|| 5.0868705037733957e-03
201 MLA ||r(i)||/||b|| 5.0400019103348549e-03
202 MLA ||r(i)||/||b|| 4.9937538169342382e-03
203 MLA ||r(i)||/||b|| 4.9481159501041727e-03
204 MLA ||r(i)||/||b|| 4.9030784338794115e-03
205 MLA ||r(i)||/||b|| 4.8586315183419410e-03
206 MLA ||r(i)||/||b|| 4.8147657990428609e-03
207 MLA ||r(i)||/||b|| 4.7714720273882216e-03
208 MLA ||r(i)||/||b|| 4.7287412289676867e-03
209 MLA ||r(i)||/||b|| 4.6865644967245806e-03
210 MLA ||r(i)||/||b|| 4.6449332452087114e-03
211 MLA ||r(i)||/||b|| 4.6038390147547514e-03
212 MLA ||r(i)||/||b|| 4.5632736016312393e-03
213 MLA ||r(i)||/||b|| 4.5232288252426657e-03
214 MLA ||r(i)||/||b|| 4.4836968111394027e-03
215 MLA ||r(i)||/||b|| 4.4446697204427324e-03
216 MLA ||r(i)||/||b|| 4.4061399695644069e-03
217 MLA ||r(i)||/||b|| 4.3681000641696433e-03
218 MLA ||r(i)||/||b|| 4.3305426200866944e-03
219 MLA ||r(i)||/||b|| 4.2934604064312661e-03
220 MLA ||r(i)||/||b|| 4.2568463476393495e-03
221 MLA ||r(i)||/||b|| 4.2206934109012099e-03
222 MLA ||r(i)||/||b|| 4.1849947975401494e-03
223 MLA ||r(i)||/||b|| 4.1497437085536767e-03
224 MLA ||r(i)||/||b|| 4.1149335036910345e-03
225 MLA ||r(i)||/||b|| 4.0805576545694996e-03
226 MLA ||r(i)||/||b|| 4.0466096861003706e-03
227 MLA ||r(i)||/||b|| 4.0130832936119444e-03
228 MLA ||r(i)||/||b|| 3.9799721681441115e-03
229 MLA ||r(i)||/||b|| 3.9472701901712348e-03
230 MLA ||r(i)||/||b|| 3.9149712721835818e-03
231 MLA ||r(i)||/||b|| 3.8830694127109963e-03
232 MLA ||r(i)||/||b|| 3.8515587256672591e-03
233 MLA ||r(i)||/||b|| 3.8204333368456992e-03
234 MLA ||r(i)||/||b|| 3.7896875777648593e-03
235 MLA ||r(i)||/||b|| 3.7593157464607752e-03
236 MLA ||r(i)||/||b|| 3.7293122308071579e-03
237 MLA ||r(i)||/||b|| 3.6996714993104344e-03
238 MLA ||r(i)||/||b|| 3.6703881579574793e-03
239 MLA ||r(i)||/||b|| 3.6414567949006331e-03
240 MLA ||r(i)||/||b|| 3.6128720660744233e-03
241 MLA ||r(i)||/||b|| 3.5846288083635830e-03
242 MLA ||r(i)||/||b|| 3.5567218001942257e-03
243 MLA ||r(i)||/||b|| 3.5291459059916363e-03
244 MLA ||r(i)||/||b|| 3.5018961248561142e-03
245 MLA ||r(i)||/||b|| 3.4749674711372670e-03
246 MLA ||r(i)||/||b|| 3.4483549906017879e-03
247 MLA ||r(i)||/||b|| 3.4220538962906233e-03
248 MLA ||r(i)||/||b|| 3.3960592984698039e-03
249 MLA ||r(i)||/||b|| 3.3703665279304642e-03
250 MLA ||r(i)||/||b|| 3.3449708977449028e-03
251 MLA ||r(i)||/||b|| 3.3198677829938640e-03
252 MLA ||r(i)||/||b|| 3.2950526255752315e-03
253 MLA ||r(i)||/||b|| 3.2705209419327747e-03
254 MLA ||r(i)||/||b|| 3.2462682527013330e-03
255 MLA ||r(i)||/||b|| 3.2222902230483355e-03
256 MLA ||r(i)||/||b|| 3.1985824821682348e-03
257 MLA ||r(i)||/||b|| 3.1751407661766867e-03
258 MLA ||r(i)||/||b|| 3.1519608944290249e-03
259 MLA ||r(i)||/||b|| 3.1290386422285752e-03
260 MLA ||r(i)||/||b|| 3.1063699583626708e-03
261 MLA ||r(i)||/||b|| 3.0839507784379671e-03
262 MLA ||r(i)||/||b|| 3.0617770548752726e-03
263 MLA ||r(i)||/||b|| 3.0398449363982982e-03
264 MLA ||r(i)||/||b|| 3.0181504792614411e-03
265 MLA ||r(i)||/||b|| 2.9966898362917896e-03
266 MLA ||r(i)||/||b|| 2.9754592432007787e-03
267 MLA ||r(i)||/||b|| 2.9544549803665748e-03
268 MLA ||r(i)||/||b|| 2.9336733777965227e-03
269 MLA ||r(i)||/||b|| 2.9131107717446599e-03
270 MLA ||r(i)||/||b|| 2.8927636653486356e-03
271 MLA ||r(i)||/||b|| 2.8726284322762247e-03
272 MLA ||r(i)||/||b|| 2.8527016916394372e-03
273 MLA ||r(i)||/||b|| 2.8329800002106901e-03
274 MLA ||r(i)||/||b|| 2.8134600080590958e-03
275 MLA ||r(i)||/||b|| 2.7941383539547841e-03
276 MLA ||r(i)||/||b|| 2.7750118258477617e-03
277 MLA ||r(i)||/||b|| 2.7560771747398216e-03
278 MLA ||r(i)||/||b|| 2.7373312494418083e-03
279 MLA ||r(i)||/||b|| 2.7187709483426142e-03
280 MLA ||r(i)||/||b|| 2.7003932015411212e-03
281 MLA ||r(i)||/||b|| 2.6821949739144293e-03
282 MLA ||r(i)||/||b|| 2.6641733380263189e-03
283 MLA ||r(i)||/||b|| 2.6463253354803767e-03
284 MLA ||r(i)||/||b|| 2.6286481132956918e-03
285 MLA ||r(i)||/||b|| 2.6111388588905310e-03
286 MLA ||r(i)||/||b|| 2.5937947647963686e-03
287 MLA ||r(i)||/||b|| 2.5766131396313926e-03
288 MLA ||r(i)||/||b|| 2.5595912743224237e-03
289 MLA ||r(i)||/||b|| 2.5427265474006026e-03
290 MLA ||r(i)||/||b|| 2.5260163696913520e-03
291 MLA ||r(i)||/||b|| 2.5094582165905350e-03
292 MLA ||r(i)||/||b|| 2.4930495494667041e-03
293 MLA ||r(i)||/||b|| 2.4767879424292083e-03
294 MLA ||r(i)||/||b|| 2.4606709765054736e-03
295 MLA ||r(i)||/||b|| 2.4446962914705258e-03
296 MLA ||r(i)||/||b|| 2.4288615655315951e-03
297 MLA ||r(i)||/||b|| 2.4131644973298624e-03
298 MLA ||r(i)||/||b|| 2.3976028425723465e-03
299 MLA ||r(i)||/||b|| 2.3821744886571312e-03
300 MLA ||r(i)||/||b|| 2.3668772167958034e-03
301 MLA ||r(i)||/||b|| 2.3517088951197575e-03
302 MLA ||r(i)||/||b|| 2.3366675031446919e-03
303 MLA ||r(i)||/||b|| 2.3217509670728446e-03
304 MLA ||r(i)||/||b|| 2.3069573417889735e-03
305 MLA ||r(i)||/||b|| 2.2922846700282060e-03
306 MLA ||r(i)||/||b|| 2.2777310003123871e-03
307 MLA ||r(i)||/||b|| 2.2632944869691168e-03
308 MLA ||r(i)||/||b|| 2.2489732671133592e-03
309 MLA ||r(i)||/||b|| 2.2347655852769494e-03
310 MLA ||r(i)||/||b|| 2.2206696354531677e-03
311 MLA ||r(i)||/||b|| 2.2066837205934097e-03
312 MLA ||r(i)||/||b|| 2.1928061538714154e-03
313 MLA ||r(i)||/||b|| 2.1790352426241505e-03
314 MLA ||r(i)||/||b|| 2.1653694171913920e-03
315 MLA ||r(i)||/||b|| 2.1518070667199420e-03
316 MLA ||r(i)||/||b|| 2.1383466234222255e-03
317 MLA ||r(i)||/||b|| 2.1249865866374653e-03
318 MLA ||r(i)||/||b|| 2.1117254721796149e-03
319 MLA ||r(i)||/||b|| 2.0985618343993214e-03
320 MLA ||r(i)||/||b|| 2.0854942432469627e-03
321 MLA ||r(i)||/||b|| 2.0725213005886216e-03
322 MLA ||r(i)||/||b|| 2.0596416383779339e-03
323 MLA ||r(i)||/||b|| 2.0468539668750440e-03
324 MLA ||r(i)||/||b|| 2.0341569419140876e-03
325 MLA ||r(i)||/||b|| 2.0215493285063143e-03
326 MLA ||r(i)||/||b|| 2.0090298617071243e-03
327 MLA ||r(i)||/||b|| 1.9965973312177795e-03
328 MLA ||r(i)||/||b|| 1.9842505738980440e-03
329 MLA ||r(i)||/||b|| 1.9719883815957208e-03
330 MLA ||r(i)||/||b|| 1.9598096737171479e-03
331 MLA ||r(i)||/||b|| 1.9477133146584447e-03
332 MLA ||r(i)||/||b|| 1.9356982327346857e-03
333 MLA ||r(i)||/||b|| 1.9237634117750561e-03
334 MLA ||r(i)||/||b|| 1.9119077315814831e-03
335 MLA ||r(i)||/||b|| 1.9001302941363863e-03
336 MLA ||r(i)||/||b|| 1.8884300103311003e-03
337 MLA ||r(i)||/||b|| 1.8768059752338794e-03
338 MLA ||r(i)||/||b|| 1.8652572946263302e-03
339 MLA ||r(i)||/||b|| 1.8537829806688933e-03
340 MLA ||r(i)||/||b|| 1.8423822076830490e-03
341 MLA ||r(i)||/||b|| 1.8310540634110361e-03
342 MLA ||r(i)||/||b|| 1.8197976870673658e-03
343 MLA ||r(i)||/||b|| 1.8086122779239005e-03
344 MLA ||r(i)||/||b|| 1.7974970285589019e-03
345 MLA ||r(i)||/||b|| 1.7864511720291454e-03
346 MLA ||r(i)||/||b|| 1.7754738827580737e-03
347 MLA ||r(i)||/||b|| 1.7645644359291352e-03
348 MLA ||r(i)||/||b|| 1.7537221283195317e-03
349 MLA ||r(i)||/||b|| 1.7429461888135520e-03
350 MLA ||r(i)||/||b|| 1.7322360190439626e-03
351 MLA ||r(i)||/||b|| 1.7215908245493629e-03
352 MLA ||r(i)||/||b|| 1.7110100146892661e-03
353 MLA ||r(i)||/||b|| 1.7004929285069927e-03
354 MLA ||r(i)||/||b|| 1.6900389408667478e-03
355 MLA ||r(i)||/||b|| 1.6796474632373196e-03
356 MLA ||r(i)||/||b|| 1.6693178363171412e-03
357 MLA ||r(i)||/||b|| 1.6590495122864178e-03
358 MLA ||r(i)||/||b|| 1.6488419450816055e-03
359 MLA ||r(i)||/||b|| 1.6386945342199896e-03
360 MLA ||r(i)||/||b|| 1.6286067562167777e-03
361 MLA ||r(i)||/||b|| 1.6185781185246127e-03
362 MLA ||r(i)||/||b|| 1.6086080460127694e-03
363 MLA ||r(i)||/||b|| 1.5986961111899951e-03
364 MLA ||r(i)||/||b|| 1.5888417803196586e-03
365 MLA ||r(i)||/||b|| 1.5790445696345281e-03
366 MLA ||r(i)||/||b|| 1.5693040485293722e-03
367 MLA ||r(i)||/||b|| 1.5596197719907586e-03
368 MLA ||r(i)||/||b|| 1.5499912477565541e-03
369 MLA ||r(i)||/||b|| 1.5404181105949154e-03
370 MLA ||r(i)||/||b|| 1.5308998444559865e-03
371 MLA ||r(i)||/||b|| 1.5214361657817240e-03
372 MLA ||r(i)||/||b|| 1.5120265982930473e-03
373 MLA ||r(i)||/||b|| 1.5026707972355348e-03
374 MLA ||r(i)||/||b|| 1.4933683375575090e-03
375 MLA ||r(i)||/||b|| 1.4841188850261695e-03
376 MLA ||r(i)||/||b|| 1.4749220653736132e-03
377 MLA ||r(i)||/||b|| 1.4657775390649543e-03
378 MLA ||r(i)||/||b|| 1.4566849458940200e-03
379 MLA ||r(i)||/||b|| 1.4476439846298325e-03
380 MLA ||r(i)||/||b|| 1.4386542663522080e-03
381 MLA ||r(i)||/||b|| 1.4297155576172727e-03
382 MLA ||r(i)||/||b|| 1.4208274839616624e-03
383 MLA ||r(i)||/||b|| 1.4119897821652445e-03
384 MLA ||r(i)||/||b|| 1.4032021219182993e-03
385 MLA ||r(i)||/||b|| 1.3944642419585723e-03
386 MLA ||r(i)||/||b|| 1.3857758688564500e-03
387 MLA ||r(i)||/||b|| 1.3771366817100473e-03
388 MLA ||r(i)||/||b|| 1.3685464818014731e-03
389 MLA ||r(i)||/||b|| 1.3600049446846497e-03
390 MLA ||r(i)||/||b|| 1.3515118374328916e-03
391 MLA ||r(i)||/||b|| 1.3430669235253581e-03
392 MLA ||r(i)||/||b|| 1.3346699448176260e-03
393 MLA ||r(i)||/||b|| 1.3263206549986202e-03
394 MLA ||r(i)||/||b|| 1.3180188374928709e-03
395 MLA ||r(i)||/||b|| 1.3097642685002929e-03
396 MLA ||r(i)||/||b|| 1.3015566991202540e-03
397 MLA ||r(i)||/||b|| 1.2933958957873908e-03
398 MLA ||r(i)||/||b|| 1.2852817089790865e-03
399 MLA ||r(i)||/||b|| 1.2772138902405583e-03
400 MLA ||r(i)||/||b|| 1.2691922253768211e-03
401 MLA ||r(i)||/||b|| 1.2612165328476192e-03
402 MLA ||r(i)||/||b|| 1.2532866163204076e-03
403 MLA ||r(i)||/||b|| 1.2454022748522905e-03
404 MLA ||r(i)||/||b|| 1.2375633296278163e-03
405 MLA ||r(i)||/||b|| 1.2297695787091599e-03
406 MLA ||r(i)||/||b|| 1.2220208364590226e-03
407 MLA ||r(i)||/||b|| 1.2143169623853715e-03
408 MLA ||r(i)||/||b|| 1.2066577513030366e-03
409 MLA ||r(i)||/||b|| 1.1990430419618525e-03
410 MLA ||r(i)||/||b|| 1.1914726774687773e-03
411 MLA ||r(i)||/||b|| 1.1839464440761174e-03
412 MLA ||r(i)||/||b|| 1.1764642345539213e-03
413 MLA ||r(i)||/||b|| 1.1690258526880859e-03
414 MLA ||r(i)||/||b|| 1.1616311856229250e-03
415 MLA ||r(i)||/||b|| 1.1542800222943757e-03
416 MLA ||r(i)||/||b|| 1.1469722288187864e-03
417 MLA ||r(i)||/||b|| 1.1397076471378294e-03
418 MLA ||r(i)||/||b|| 1.1324862248338215e-03
419 MLA ||r(i)||/||b|| 1.1253076612195935e-03
420 MLA ||r(i)||/||b|| 1.1181719278967671e-03
421 MLA ||r(i)||/||b|| 1.1110788428072105e-03
422 MLA ||r(i)||/||b|| 1.1040282567737650e-03
423 MLA ||r(i)||/||b|| 1.0970200583707566e-03
424 MLA ||r(i)||/||b|| 1.0900540842233393e-03
425 MLA ||r(i)||/||b|| 1.0831302163609375e-03
426 MLA ||r(i)||/||b|| 1.0762483639781668e-03
427 MLA ||r(i)||/||b|| 1.0694083008215103e-03
428 MLA ||r(i)||/||b|| 1.0626099947917723e-03
429 MLA ||r(i)||/||b|| 1.0558532284752286e-03
430 MLA ||r(i)||/||b|| 1.0491379630334680e-03
431 MLA ||r(i)||/||b|| 1.0424639845310632e-03
432 MLA ||r(i)||/||b|| 1.0358312432739740e-03
433 MLA ||r(i)||/||b|| 1.0292395932137064e-03
434 MLA ||r(i)||/||b|| 1.0226888839068367e-03
435 MLA ||r(i)||/||b|| 1.0161790381847801e-03
436 MLA ||r(i)||/||b|| 1.0097099412705363e-03
437 MLA ||r(i)||/||b|| 1.0032814260195178e-03
438 MLA ||r(i)||/||b|| 9.9689339986527804e-04
439 MLA ||r(i)||/||b|| 9.9054576785863281e-04
440 MLA ||r(i)||/||b|| 9.8423836638696755e-04
441 MLA ||r(i)||/||b|| 9.7797108775947352e-04
442 MLA ||r(i)||/||b|| 9.7174384202519063e-04
443 MLA ||r(i)||/||b|| 9.6555651950962272e-04
444 MLA ||r(i)||/||b|| 9.5940900591792310e-04
445 MLA ||r(i)||/||b|| 9.5330117310811762e-04
446 MLA ||r(i)||/||b|| 9.4723289328786523e-04
447 MLA ||r(i)||/||b|| 9.4120408465909685e-04
448 MLA ||r(i)||/||b|| 9.3521463525940885e-04
449 MLA ||r(i)||/||b|| 9.2926441773518332e-04
450 MLA ||r(i)||/||b|| 9.2335333197379873e-04
451 MLA ||r(i)||/||b|| 9.1748124380840678e-04
452 MLA ||r(i)||/||b|| 9.1164806957492051e-04
453 MLA ||r(i)||/||b|| 9.0585372543601386e-04
454 MLA ||r(i)||/||b|| 9.0009802472926594e-04
455 MLA ||r(i)||/||b|| 8.9438092751275070e-04
456 MLA ||r(i)||/||b|| 8.8870227496226477e-04
457 MLA ||r(i)||/||b|| 8.8306204032757244e-04
458 MLA ||r(i)||/||b|| 8.7746000947752580e-04
459 MLA ||r(i)||/||b|| 8.7189615509194215e-04
460 MLA ||r(i)||/||b|| 8.6637031673867065e-04
461 MLA ||r(i)||/||b|| 8.6088240144008201e-04
462 MLA ||r(i)||/||b|| 8.5543231499234052e-04
463 MLA ||r(i)||/||b|| 8.5001992270807448e-04
464 MLA ||r(i)||/||b|| 8.4464514490923228e-04
465 MLA ||r(i)||/||b|| 8.3930788563226703e-04
466 MLA ||r(i)||/||b|| 8.3400798530774978e-04
467 MLA ||r(i)||/||b|| 8.2874540263981362e-04
468 MLA ||r(i)||/||b|| 8.2351993520497194e-04
469 MLA ||r(i)||/||b|| 8.1833152703070840e-04
470 MLA ||r(i)||/||b|| 8.1318012911366674e-04
471 MLA ||r(i)||/||b|| 8.0806550692177036e-04
472 MLA ||r(i)||/||b|| 8.0298763550231138e-04
473 MLA ||r(i)||/||b|| 7.9794639374841528e-04
474 MLA ||r(i)||/||b|| 7.9294169958453909e-04
475 MLA ||r(i)||/||b|| 7.8797336225845845e-04
476 MLA ||r(i)||/||b|| 7.8304133405168220e-04
477 MLA ||r(i)||/||b|| 7.7814549680503889e-04
478 MLA ||r(i)||/||b|| 7.7328570172631970e-04
479 MLA ||r(i)||/||b|| 7.6846189963044676e-04
480 MLA ||r(i)||/||b|| 7.6367395257695490e-04
481 MLA ||r(i)||/||b|| 7.5892172080922781e-04
482 MLA ||r(i)||/||b|| 7.5420512851744298e-04
483 MLA ||r(i)||/||b|| 7.4952402950891571e-04
484 MLA ||r(i)||/||b|| 7.4487835761618811e-04
485 MLA ||r(i)||/||b|| 7.4026797987290153e-04
486 MLA ||r(i)||/||b|| 7.3569276252310567e-04
487 MLA ||r(i)||/||b|| 7.3115259617123867e-04
488 MLA ||r(i)||/||b|| 7.2664738385284412e-04
489 MLA ||r(i)||/||b|| 7.2217703882177431e-04
490 MLA ||r(i)||/||b|| 7.1774137324132265e-04
491 MLA ||r(i)||/||b|| 7.1334031403009601e-04
492 MLA ||r(i)||/||b|| 7.0897375977019359e-04
493 MLA ||r(i)||/||b|| 7.0464155751737297e-04
494 MLA ||r(i)||/||b|| 7.0034361653425385e-04
495 MLA ||r(i)||/||b|| 6.9607979131161471e-04
496 MLA ||r(i)||/||b|| 6.9184996597085378e-04
497 MLA ||r(i)||/||b|| 6.8765408542524099e-04
498 MLA ||r(i)||/||b|| 6.8349194069371698e-04
499 MLA ||r(i)||/||b|| 6.7936350754073589e-04
500 MLA ||r(i)||/||b|| 6.7526857468991472e-04
501 MLA ||r(i)||/||b|| 6.7120707395877124e-04
502 MLA ||r(i)||/||b|| 6.6717888024164730e-04
503 MLA ||r(i)||/||b|| 6.6318384616754632e-04
504 MLA ||r(i)||/||b|| 6.5922187068544907e-04
505 MLA ||r(i)||/||b|| 6.5529279964682947e-04
506 MLA ||r(i)||/||b|| 6.5139656389529856e-04
507 MLA ||r(i)||/||b|| 6.4753299669224375e-04
508 MLA ||r(i)||/||b|| 6.4370197608613477e-04
509 MLA ||r(i)||/||b|| 6.3990339867528142e-04
510 MLA ||r(i)||/||b|| 6.3613713478709733e-04
511 MLA ||r(i)||/||b|| 6.3240305736529017e-04
512 MLA ||r(i)||/||b|| 6.2870099081564377e-04
513 MLA ||r(i)||/||b|| 6.2503086767737878e-04
514 MLA ||r(i)||/||b|| 6.2139254754147789e-04
515 MLA ||r(i)||/||b|| 6.1778588183993455e-04
516 MLA ||r(i)||/||b|| 6.1421078873760563e-04
517 MLA ||r(i)||/||b|| 6.1066703638450669e-04
518 MLA ||r(i)||/||b|| 6.0715461777564005e-04
519 MLA ||r(i)||/||b|| 6.0367329490436850e-04
520 MLA ||r(i)||/||b|| 6.0022297203403787e-04
521 MLA ||r(i)||/||b|| 5.9680355369627169e-04
522 MLA ||r(i)||/||b|| 5.9341486902448151e-04
523 MLA ||r(i)||/||b|| 5.9005677181868995e-04
524 MLA ||r(i)||/||b|| 5.8672913752629496e-04
525 MLA ||r(i)||/||b|| 5.8343186855035569e-04
526 MLA ||r(i)||/||b|| 5.8016477135046905e-04
527 MLA ||r(i)||/||b|| 5.7692776942317716e-04
528 MLA ||r(i)||/||b|| 5.7372063465813681e-04
529 MLA ||r(i)||/||b|| 5.7054331032314399e-04
530 MLA ||r(i)||/||b|| 5.6739560905638719e-04
531 MLA ||r(i)||/||b|| 5.6427739922257554e-04
532 MLA ||r(i)||/||b|| 5.6118855298220843e-04
533 MLA ||r(i)||/||b|| 5.5812894439833294e-04
534 MLA ||r(i)||/||b|| 5.5509838824954587e-04
535 MLA ||r(i)||/||b|| 5.5209677327051866e-04
536 MLA ||r(i)||/||b|| 5.4912392806228641e-04
537 MLA ||r(i)||/||b|| 5.4617971985045121e-04
538 MLA ||r(i)||/||b|| 5.4326403159596544e-04
539 MLA ||r(i)||/||b|| 5.4037663933797304e-04
540 MLA ||r(i)||/||b|| 5.3751750107706802e-04
541 MLA ||r(i)||/||b|| 5.3468638817384597e-04
542 MLA ||r(i)||/||b|| 5.3188316620110141e-04
543 MLA ||r(i)||/||b|| 5.2910772608456835e-04
544 MLA ||r(i)||/||b|| 5.2635984258731601e-04
545 MLA ||r(i)||/||b|| 5.2363945212305124e-04
546 MLA ||r(i)||/||b|| 5.2094633496436906e-04
547 MLA ||r(i)||/||b|| 5.1828035233299934e-04
548 MLA ||r(i)||/||b|| 5.1564139918282422e-04
549 MLA ||r(i)||/||b|| 5.1302926262828709e-04
550 MLA ||r(i)||/||b|| 5.1044381447405728e-04
551 MLA ||r(i)||/||b|| 5.0788488647447673e-04
552 MLA ||r(i)||/||b|| 5.0535232905247183e-04
553 MLA ||r(i)||/||b|| 5.0284600914557952e-04
554 MLA ||r(i)||/||b|| 5.0036570582263321e-04
555 MLA ||r(i)||/||b|| 4.9791133788650846e-04
556 MLA ||r(i)||/||b|| 4.9548271121097553e-04
557 MLA ||r(i)||/||b|| 4.9307964589191775e-04
558 MLA ||r(i)||/||b|| 4.9070200284173496e-04
559 MLA ||r(i)||/||b|| 4.8834961454707697e-04
560 MLA ||r(i)||/||b|| 4.8602233833855977e-04
561 MLA ||r(i)||/||b|| 4.8372000906616241e-04
562 MLA ||r(i)||/||b|| 4.8144241720880256e-04
563 MLA ||r(i)||/||b|| 4.7918945587209266e-04
564 MLA ||r(i)||/||b|| 4.7696099633105489e-04
565 MLA ||r(i)||/||b|| 4.7475672722810760e-04
566 MLA ||r(i)||/||b|| 4.7257658082063995e-04
567 MLA ||r(i)||/||b|| 4.7042044865760319e-04
568 MLA ||r(i)||/||b|| 4.6828805292417906e-04
569 MLA ||r(i)||/||b|| 4.6617930833940435e-04
570 MLA ||r(i)||/||b|| 4.6409397309583026e-04
571 MLA ||r(i)||/||b|| 4.6203194244804323e-04
572 MLA ||r(i)||/||b|| 4.5999302606611125e-04
573 MLA ||r(i)||/||b|| 4.5797702982996530e-04
574 MLA ||r(i)||/||b|| 4.5598383255843455e-04
575 MLA ||r(i)||/||b|| 4.5401323440943323e-04
576 MLA ||r(i)||/||b|| 4.5206506597419695e-04
577 MLA ||r(i)||/||b|| 4.5013918725598839e-04
578 MLA ||r(i)||/||b|| 4.4823537281590966e-04
579 MLA ||r(i)||/||b|| 4.4635348519343542e-04
580 MLA ||r(i)||/||b|| 4.4449335400329073e-04
581 MLA ||r(i)||/||b|| 4.4265481235606762e-04
582 MLA ||r(i)||/||b|| 4.4083768021571261e-04
583 MLA ||r(i)||/||b|| 4.3904176651986520e-04
584 MLA ||r(i)||/||b|| 4.3726691722356908e-04
585 MLA ||r(i)||/||b|| 4.3551296241831766e-04
586 MLA ||r(i)||/||b|| 4.3377969769275651e-04
587 MLA ||r(i)||/||b|| 4.3206698825875304e-04
588 MLA ||r(i)||/||b|| 4.3037466425800832e-04
589 MLA ||r(i)||/||b|| 4.2870251788946112e-04
590 MLA ||r(i)||/||b|| 4.2705037084295091e-04
591 MLA ||r(i)||/||b|| 4.2541809654142947e-04
592 MLA ||r(i)||/||b|| 4.2380551282479736e-04
593 MLA ||r(i)||/||b|| 4.2221235877639216e-04
594 MLA ||r(i)||/||b|| 4.2063857951809831e-04
595 MLA ||r(i)||/||b|| 4.1908391100079672e-04
596 MLA ||r(i)||/||b|| 4.1754824976191428e-04
597 MLA ||r(i)||/||b|| 4.1603136543174864e-04
598 MLA ||r(i)||/||b|| 4.1453310777472276e-04
599 MLA ||r(i)||/||b|| 4.1305329105485391e-04
600 MLA ||r(i)||/||b|| 4.1159173994885343e-04
601 MLA ||r(i)||/||b|| 4.1014829380968192e-04
602 MLA ||r(i)||/||b|| 4.0872278384355959e-04
603 MLA ||r(i)||/||b|| 4.0731501135625291e-04
604 MLA ||r(i)||/||b|| 4.0592481713621557e-04
605 MLA ||r(i)||/||b|| 4.0455203505747187e-04
606 MLA ||r(i)||/||b|| 4.0319647535561314e-04
607 MLA ||r(i)||/||b|| 4.0185797150776311e-04
608 MLA ||r(i)||/||b|| 4.0053633476215593e-04
609 MLA ||r(i)||/||b|| 3.9923141567353091e-04
610 MLA ||r(i)||/||b|| 3.9794303710914881e-04
611 MLA ||r(i)||/||b|| 3.9667107255141873e-04
612 MLA ||r(i)||/||b|| 3.9541522826546001e-04
613 MLA ||r(i)||/||b|| 3.9417543506672128e-04
614 MLA ||r(i)||/||b|| 3.9295149212600341e-04
615 MLA ||r(i)||/||b|| 3.9174324230686550e-04
616 MLA ||r(i)||/||b|| 3.9055049028775037e-04
617 MLA ||r(i)||/||b|| 3.8937307962491781e-04
618 MLA ||r(i)||/||b|| 3.8821086230632346e-04
619 MLA ||r(i)||/||b|| 3.8706360624813171e-04
620 MLA ||r(i)||/||b|| 3.8593120720914004e-04
621 MLA ||r(i)||/||b|| 3.8481348497139726e-04
622 MLA ||r(i)||/||b|| 3.8371027435432864e-04
623 MLA ||r(i)||/||b|| 3.8262140411845239e-04
624 MLA ||r(i)||/||b|| 3.8154666674764263e-04
625 MLA ||r(i)||/||b|| 3.8048594071207721e-04
626 MLA ||r(i)||/||b|| 3.7943911771229816e-04
627 MLA ||r(i)||/||b|| 3.7840592778370339e-04
628 MLA ||r(i)||/||b|| 3.7738624813814378e-04
629 MLA ||r(i)||/||b|| 3.7637994164112329e-04
630 MLA ||r(i)||/||b|| 3.7538680499136617e-04
631 MLA ||r(i)||/||b|| 3.7440672040226310e-04
632 MLA ||r(i)||/||b|| 3.7343945747519893e-04
633 MLA ||r(i)||/||b|| 3.7248493225614838e-04
634 MLA ||r(i)||/||b|| 3.7154298367574978e-04
635 MLA ||r(i)||/||b|| 3.7061340395431384e-04
636 MLA ||r(i)||/||b|| 3.6969613495606133e-04
637 MLA ||r(i)||/||b|| 3.6879086942353634e-04
638 MLA ||r(i)||/||b|| 3.6789757125745486e-04
639 MLA ||r(i)||/||b|| 3.6701605537068461e-04
640 MLA ||r(i)||/||b|| 3.6614615631271183e-04
641 MLA ||r(i)||/||b|| 3.6528773042396513e-04
642 MLA ||r(i)||/||b|| 3.6444065243795257e-04
643 MLA ||r(i)||/||b|| 3.6360477132999430e-04
644 MLA ||r(i)||/||b|| 3.6277987253462450e-04
645 MLA ||r(i)||/||b|| 3.6196584764664104e-04
646 MLA ||r(i)||/||b|| 3.6116258419262705e-04
647 MLA ||r(i)||/||b|| 3.6036988930894856e-04
648 MLA ||r(i)||/||b|| 3.5958761670168790e-04
649 MLA ||r(i)||/||b|| 3.5881564546822375e-04
650 MLA ||r(i)||/||b|| 3.5805386658548501e-04
651 MLA ||r(i)||/||b|| 3.5730205368544269e-04
652 MLA ||r(i)||/||b|| 3.5656015975724510e-04
653 MLA ||r(i)||/||b|| 3.5582798853668601e-04
654 MLA ||r(i)||/||b|| 3.5510541492542657e-04
655 MLA ||r(i)||/||b|| 3.5439227983507837e-04
656 MLA ||r(i)||/||b|| 3.5368849253264711e-04
657 MLA ||r(i)||/||b|| 3.5299389101417587e-04
658 MLA ||r(i)||/||b|| 3.5230834186488592e-04
659 MLA ||r(i)||/||b|| 3.5163174510954018e-04
660 MLA ||r(i)||/||b|| 3.5096390601586323e-04
661 MLA ||r(i)||/||b|| 3.5030476067136863e-04
662 MLA ||r(i)||/||b|| 3.4965412773068261e-04
663 MLA ||r(i)||/||b|| 3.4901189973981551e-04
664 MLA ||r(i)||/||b|| 3.4837797744872962e-04
665 MLA ||r(i)||/||b|| 3.4775217477827578e-04
666 MLA ||r(i)||/||b|| 3.4713442650005617e-04
667 MLA ||r(i)||/||b|| 3.4652458799036383e-04
668 MLA ||r(i)||/||b|| 3.4592255505170764e-04
669 MLA ||r(i)||/||b|| 3.4532815689551063e-04
670 MLA ||r(i)||/||b|| 3.4474132390585008e-04
671 MLA ||r(i)||/||b|| 3.4416190703500033e-04
672 MLA ||r(i)||/||b|| 3.4358983334068980e-04
673 MLA ||r(i)||/||b|| 3.4302491954269149e-04
674 MLA ||r(i)||/||b|| 3.4246710678386327e-04
675 MLA ||r(i)||/||b|| 3.4191627172135901e-04
676 MLA ||r(i)||/||b|| 3.4137228801080428e-04
677 MLA ||r(i)||/||b|| 3.4083508270569938e-04
678 MLA ||r(i)||/||b|| 3.4030447041700140e-04
679 MLA ||r(i)||/||b|| 3.3978041535591966e-04
680 MLA ||r(i)||/||b|| 3.3926277609452909e-04
681 MLA ||r(i)||/||b|| 3.3875146398593619e-04
682 MLA ||r(i)||/||b|| 3.3824637000679289e-04
683 MLA ||r(i)||/||b|| 3.3774732418299322e-04
684 MLA ||r(i)||/||b|| 3.3725432776921882e-04
685 MLA ||r(i)||/||b|| 3.3676727274715550e-04
686 MLA ||r(i)||/||b|| 3.3628600320703060e-04
687 MLA ||r(i)||/||b|| 3.3581042281952242e-04
688 MLA ||r(i)||/||b|| 3.3534049747932867e-04
689 MLA ||r(i)||/||b|| 3.3487600620520980e-04
690 MLA ||r(i)||/||b|| 3.3441699871889895e-04
691 MLA ||r(i)||/||b|| 3.3396331006598667e-04
692 MLA ||r(i)||/||b|| 3.3351484299709935e-04
693 MLA ||r(i)||/||b|| 3.3307153427689160e-04
694 MLA ||r(i)||/||b|| 3.3263326745679915e-04
695 MLA ||r(i)||/||b|| 3.3219989642972253e-04
696 MLA ||r(i)||/||b|| 3.3177150449703363e-04
697 MLA ||r(i)||/||b|| 3.3134784212557653e-04
698 MLA ||r(i)||/||b|| 3.3092891196662361e-04
699 MLA ||r(i)||/||b|| 3.3051456185700836e-04
700 MLA ||r(i)||/||b|| 3.3010472426624248e-04
701 MLA ||r(i)||/||b|| 3.2969936567162891e-04
702 MLA ||r(i)||/||b|| 3.2929837107505562e-04
703 MLA ||r(i)||/||b|| 3.2890170929703662e-04
704 MLA ||r(i)||/||b|| 3.2850919496474405e-04
705 MLA ||r(i)||/||b|| 3.2812084424426607e-04
706 MLA ||r(i)||/||b|| 3.2773651128821307e-04
707 MLA ||r(i)||/||b|| 3.2735619622137953e-04
708 MLA ||r(i)||/||b|| 3.2697975909307825e-04
709 MLA ||r(i)||/||b|| 3.2660717907482184e-04
710 MLA ||r(i)||/||b|| 3.2623831110362259e-04
711 MLA ||r(i)||/||b|| 3.2587319613311373e-04
712 MLA ||r(i)||/||b|| 3.2551161389963274e-04
713 MLA ||r(i)||/||b|| 3.2515364186381796e-04
714 MLA ||r(i)||/||b|| 3.2479907550407166e-04
715 MLA ||r(i)||/||b|| 3.2444797752276120e-04
716 MLA ||r(i)||/||b|| 3.2410019028050198e-04
717 MLA ||r(i)||/||b|| 3.2375568818964688e-04
718 MLA ||r(i)||/||b|| 3.2341440856628302e-04
719 MLA ||r(i)||/||b|| 3.2307624725931366e-04
720 MLA ||r(i)||/||b|| 3.2274117824025034e-04
721 MLA ||r(i)||/||b|| 3.2240914356017656e-04
722 MLA ||r(i)||/||b|| 3.2208005507298261e-04
723 MLA ||r(i)||/||b|| 3.2175386966072135e-04
724 MLA ||r(i)||/||b|| 3.2143051756456688e-04
725 MLA ||r(i)||/||b|| 3.2110995008156705e-04
726 MLA ||r(i)||/||b|| 3.2079211303590093e-04
727 MLA ||r(i)||/||b|| 3.2047694540952360e-04
728 MLA ||r(i)||/||b|| 3.2016440784315628e-04
729 MLA ||r(i)||/||b|| 3.1985439599014167e-04
730 MLA ||r(i)||/||b|| 3.1954691616208389e-04
731 MLA ||r(i)||/||b|| 3.1924187559655365e-04
732 MLA ||r(i)||/||b|| 3.1893918336708461e-04
733 MLA ||r(i)||/||b|| 3.1863897528063093e-04
734 MLA ||r(i)||/||b|| 3.1834091885160192e-04
735 MLA ||r(i)||/||b|| 3.1804522595022092e-04
736 MLA ||r(i)||/||b|| 3.1775167172619373e-04
737 MLA ||r(i)||/||b|| 3.1746028030816452e-04
738 MLA ||r(i)||/||b|| 3.1717097766048629e-04
739 MLA ||r(i)||/||b|| 3.1688375907718024e-04
740 MLA ||r(i)||/||b|| 3.1659854981462077e-04
741 MLA ||r(i)||/||b|| 3.1631530523297682e-04
742 MLA ||r(i)||/||b|| 3.1603401412579551e-04
743 MLA ||r(i)||/||b|| 3.1575451740446022e-04
744 MLA ||r(i)||/||b|| 3.1547694289046208e-04
745 MLA ||r(i)||/||b|| 3.1520115080419761e-04
746 MLA ||r(i)||/||b|| 3.1492704976022036e-04
747 MLA ||r(i)||/||b|| 3.1465471827913678e-04
748 MLA ||r(i)||/||b|| 3.1438405925695635e-04
749 MLA ||r(i)||/||b|| 3.1411501647672164e-04
750 MLA ||r(i)||/||b|| 3.1384762343326543e-04
751 MLA ||r(i)||/||b|| 3.1358172583510286e-04
752 MLA ||r(i)||/||b|| 3.1331736973617415e-04
753 MLA ||r(i)||/||b|| 3.1305450769795968e-04
754 MLA ||r(i)||/||b|| 3.1279309458946681e-04
755 MLA ||r(i)||/||b|| 3.1253307340262722e-04
756 MLA ||r(i)||/||b|| 3.1227445924177847e-04
757 MLA ||r(i)||/||b|| 3.1201718244065394e-04
758 MLA ||r(i)||/||b|| 3.1176116061122389e-04
759 MLA ||r(i)||/||b|| 3.1150647461520572e-04
760 MLA ||r(i)||/||b|| 3.1125305084006284e-04
761 MLA ||r(i)||/||b|| 3.1100087066052113e-04
762 MLA ||r(i)||/||b|| 3.1074980273955433e-04
763 MLA ||r(i)||/||b|| 3.1049992857067694e-04
764 MLA ||r(i)||/||b|| 3.1025114845172557e-04
765 MLA ||r(i)||/||b|| 3.1000349371055751e-04
766 MLA ||r(i)||/||b|| 3.0975684809177384e-04
767 MLA ||r(i)||/||b|| 3.0951130954044601e-04
768 MLA ||r(i)||/||b|| 3.0926673786374660e-04
769 MLA ||r(i)||/||b|| 3.0902324102500877e-04
770 MLA ||r(i)||/||b|| 3.0878059119070797e-04
771 MLA ||r(i)||/||b|| 3.0853893173485330e-04
772 MLA ||r(i)||/||b|| 3.0829816657579491e-04
773 MLA ||r(i)||/||b|| 3.0805826116127137e-04
774 MLA ||r(i)||/||b|| 3.0781922414732269e-04
775 MLA ||r(i)||/||b|| 3.0758099836498975e-04
776 MLA ||r(i)||/||b|| 3.0734360429674807e-04
777 MLA ||r(i)||/||b|| 3.0710700717801224e-04
778 MLA ||r(i)||/||b|| 3.0687115145802734e-04
779 MLA ||r(i)||/||b|| 3.0663605875897788e-04
780 MLA ||r(i)||/||b|| 3.0640162059684690e-04
781 MLA ||r(i)||/||b|| 3.0616794266395550e-04
782 MLA ||r(i)||/||b|| 3.0593492218722497e-04
783 MLA ||r(i)||/||b|| 3.0570255841209205e-04
784 MLA ||r(i)||/||b|| 3.0547085631596108e-04
785 MLA ||r(i)||/||b|| 3.0523973131450088e-04
786 MLA ||r(i)||/||b|| 3.0500920095840505e-04
787 MLA ||r(i)||/||b|| 3.0477926157602996e-04
788 MLA ||r(i)||/||b|| 3.0454990665942607e-04
789 MLA ||r(i)||/||b|| 3.0432101882922868e-04
790 MLA ||r(i)||/||b|| 3.0409273861052490e-04
791 MLA ||r(i)||/||b|| 3.0386488258745916e-04
792 MLA ||r(i)||/||b|| 3.0363756763700586e-04
793 MLA ||r(i)||/||b|| 3.0341069826159616e-04
794 MLA ||r(i)||/||b|| 3.0318433192340371e-04
795 MLA ||r(i)||/||b|| 3.0295835532739482e-04
796 MLA ||r(i)||/||b|| 3.0273280398986579e-04
797 MLA ||r(i)||/||b|| 3.0250769910498428e-04
798 MLA ||r(i)||/||b|| 3.0228292332703892e-04
799 MLA ||r(i)||/||b|| 3.0205856897935675e-04
800 MLA ||r(i)||/||b|| 3.0183458218593635e-04
801 MLA ||r(i)||/||b|| 3.0161093505664573e-04
802 MLA ||r(i)||/||b|| 3.0138768706454677e-04
803 MLA ||r(i)||/||b|| 3.0116466665419623e-04
804 MLA ||r(i)||/||b|| 3.0094199223309689e-04
805 MLA ||r(i)||/||b|| 3.0071965870800071e-04
806 MLA ||r(i)||/||b|| 3.0049754067575747e-04
807 MLA ||r(i)||/||b|| 3.0027571913900146e-04
808 MLA ||r(i)||/||b|| 3.0005416830668669e-04
809 MLA ||r(i)||/||b|| 2.9983287059668208e-04
810 MLA ||r(i)||/||b|| 2.9961179554729636e-04
811 MLA ||r(i)||/||b|| 2.9939095857247716e-04
812 MLA ||r(i)||/||b|| 2.9917034511920971e-04
813 MLA ||r(i)||/||b|| 2.9894993444635250e-04
814 MLA ||r(i)||/||b|| 2.9872974198984036e-04
815 MLA ||r(i)||/||b|| 2.9850969611835385e-04
816 MLA ||r(i)||/||b|| 2.9828985962050312e-04
817 MLA ||r(i)||/||b|| 2.9807017777264182e-04
818 MLA ||r(i)||/||b|| 2.9785060053683896e-04
819 MLA ||r(i)||/||b|| 2.9763124215344039e-04
820 MLA ||r(i)||/||b|| 2.9741202476465229e-04
821 MLA ||r(i)||/||b|| 2.9719289866758728e-04
822 MLA ||r(i)||/||b|| 2.9697393028503191e-04
823 MLA ||r(i)||/||b|| 2.9675504040523808e-04
824 MLA ||r(i)||/||b|| 2.9653625622012879e-04
825 MLA ||r(i)||/||b|| 2.9631761209174268e-04
826 MLA ||r(i)||/||b|| 2.9609900533369374e-04
827 MLA ||r(i)||/||b|| 2.9588053294836030e-04
828 MLA ||r(i)||/||b|| 2.9566209965766605e-04
829 MLA ||r(i)||/||b|| 2.9544376459910701e-04
830 MLA ||r(i)||/||b|| 2.9522548764659995e-04
831 MLA ||r(i)||/||b|| 2.9500725132409415e-04
832 MLA ||r(i)||/||b|| 2.9478908621882900e-04
833 MLA ||r(i)||/||b|| 2.9457096751149715e-04
834 MLA ||r(i)||/||b|| 2.9435283837370775e-04
835 MLA ||r(i)||/||b|| 2.9413478957100785e-04
836 MLA ||r(i)||/||b|| 2.9391677038056194e-04
837 MLA ||r(i)||/||b|| 2.9369874753432010e-04
838 MLA ||r(i)||/||b|| 2.9348074504184494e-04
839 MLA ||r(i)||/||b|| 2.9326274981581987e-04
840 MLA ||r(i)||/||b|| 2.9304478173222280e-04
841 MLA ||r(i)||/||b|| 2.9282681495459582e-04
842 MLA ||r(i)||/||b|| 2.9260880996928416e-04
843 MLA ||r(i)||/||b|| 2.9239081199165990e-04
844 MLA ||r(i)||/||b|| 2.9217283759571690e-04
845 MLA ||r(i)||/||b|| 2.9195480733243005e-04
846 MLA ||r(i)||/||b|| 2.9173676782052966e-04
847 MLA ||r(i)||/||b|| 2.9151870413228351e-04
848 MLA ||r(i)||/||b|| 2.9130057576231129e-04
849 MLA ||r(i)||/||b|| 2.9108246428939899e-04
850 MLA ||r(i)||/||b|| 2.9086430553577062e-04
851 MLA ||r(i)||/||b|| 2.9064609436108165e-04
852 MLA ||r(i)||/||b|| 2.9042785130381884e-04
853 MLA ||r(i)||/||b|| 2.9020957570428935e-04
854 MLA ||r(i)||/||b|| 2.8999119775117727e-04
855 MLA ||r(i)||/||b|| 2.8977283340013302e-04
856 MLA ||r(i)||/||b|| 2.8955437197516072e-04
857 MLA ||r(i)||/||b|| 2.8933586383552535e-04
858 MLA ||r(i)||/||b|| 2.8911730352861942e-04
859 MLA ||r(i)||/||b|| 2.8889868190873466e-04
860 MLA ||r(i)||/||b|| 2.8868000138336497e-04
861 MLA ||r(i)||/||b|| 2.8846123181655131e-04
862 MLA ||r(i)||/||b|| 2.8824241095927998e-04
863 MLA ||r(i)||/||b|| 2.8802351042895848e-04
864 MLA ||r(i)||/||b|| 2.8780452789565022e-04
865 MLA ||r(i)||/||b|| 2.8758549854977506e-04
866 MLA ||r(i)||/||b|| 2.8736638209181137e-04
867 MLA ||r(i)||/||b|| 2.8714718183479529e-04
868 MLA ||r(i)||/||b|| 2.8692792158078139e-04
869 MLA ||r(i)||/||b|| 2.8670852211033700e-04
870 MLA ||r(i)||/||b|| 2.8648911110143991e-04
871 MLA ||r(i)||/||b|| 2.8626956424871879e-04
872 MLA ||r(i)||/||b|| 2.8604996683693535e-04
873 MLA ||r(i)||/||b|| 2.8583026573237918e-04
874 MLA ||r(i)||/||b|| 2.8561050097129450e-04
875 MLA ||r(i)||/||b|| 2.8539059868444328e-04
876 MLA ||r(i)||/||b|| 2.8517066949844969e-04
877 MLA ||r(i)||/||b|| 2.8495058028783917e-04
878 MLA ||r(i)||/||b|| 2.8473046305679307e-04
879 MLA ||r(i)||/||b|| 2.8451021028945992e-04
880 MLA ||r(i)||/||b|| 2.8428991236415668e-04
881 MLA ||r(i)||/||b|| 2.8406948781117049e-04
882 MLA ||r(i)||/||b|| 2.8384900588362749e-04
883 MLA ||r(i)||/||b|| 2.8362838196170919e-04
884 MLA ||r(i)||/||b|| 2.8340769197319560e-04
885 MLA ||r(i)||/||b|| 2.8318691185838019e-04
886 MLA ||r(i)||/||b|| 2.8296602656650421e-04
887 MLA ||r(i)||/||b|| 2.8274506395403439e-04
888 MLA ||r(i)||/||b|| 2.8252402437017404e-04
889 MLA ||r(i)||/||b|| 2.8230284376852609e-04
890 MLA ||r(i)||/||b|| 2.8208158330596982e-04
891 MLA ||r(i)||/||b|| 2.8186023946086616e-04
892 MLA ||r(i)||/||b|| 2.8163878175353622e-04
893 MLA ||r(i)||/||b|| 2.8141723130163497e-04
894 MLA ||r(i)||/||b|| 2.8119559970445589e-04
895 MLA ||r(i)||/||b|| 2.8097390298728527e-04
896 MLA ||r(i)||/||b|| 2.8075211234815676e-04
897 MLA ||r(i)||/||b|| 2.8053017836481193e-04
898 MLA ||r(i)||/||b|| 2.8030820042273277e-04
899 MLA ||r(i)||/||b|| 2.8008612537168913e-04
900 MLA ||r(i)||/||b|| 2.7986395462529492e-04
901 MLA ||r(i)||/||b|| 2.7964166987227442e-04
902 MLA ||r(i)||/||b|| 2.7941930784125204e-04
903 MLA ||r(i)||/||b|| 2.7919690014381360e-04
904 MLA ||r(i)||/||b|| 2.7897436943782238e-04
905 MLA ||r(i)||/||b|| 2.7875175881403037e-04
906 MLA ||r(i)||/||b|| 2.7852903957992876e-04
907 MLA ||r(i)||/||b|| 2.7830627702131157e-04
908 MLA ||r(i)||/||b|| 2.7808341508194363e-04
909 MLA ||r(i)||/||b|| 2.7786049643900254e-04
910 MLA ||r(i)||/||b|| 2.7763748398970813e-04
911 MLA ||r(i)||/||b|| 2.7741434354482358e-04
912 MLA ||r(i)||/||b|| 2.7719115354933848e-04
913 MLA ||r(i)||/||b|| 2.7696789155834877e-04
914 MLA ||r(i)||/||b|| 2.7674454546528686e-04
915 MLA ||r(i)||/||b|| 2.7652112776034327e-04
916 MLA ||r(i)||/||b|| 2.7629764667034542e-04
917 MLA ||r(i)||/||b|| 2.7607405820169250e-04
918 MLA ||r(i)||/||b|| 2.7585043016355420e-04
919 MLA ||r(i)||/||b|| 2.7562672853924999e-04
920 MLA ||r(i)||/||b|| 2.7540297750729966e-04
921 MLA ||r(i)||/||b|| 2.7517906695827466e-04
922 MLA ||r(i)||/||b|| 2.7495520329831423e-04
923 MLA ||r(i)||/||b|| 2.7473118657043831e-04
924 MLA ||r(i)||/||b|| 2.7450717312449771e-04
925 MLA ||r(i)||/||b|| 2.7428304512198536e-04
926 MLA ||r(i)||/||b|| 2.7405885456437156e-04
927 MLA ||r(i)||/||b|| 2.7383462899691356e-04
928 MLA ||r(i)||/||b|| 2.7361038368131440e-04
929 MLA ||r(i)||/||b|| 2.7338602540198388e-04
930 MLA ||r(i)||/||b|| 2.7316161718924476e-04
931 MLA ||r(i)||/||b|| 2.7293719090283565e-04
932 MLA ||r(i)||/||b|| 2.7271265071701308e-04
933 MLA ||r(i)||/||b|| 2.7248812912005079e-04
934 MLA ||r(i)||/||b|| 2.7226349876130300e-04
935 MLA ||r(i)||/||b|| 2.7203886157502535e-04
936 MLA ||r(i)||/||b|| 2.7181416471059450e-04
937 MLA ||r(i)||/||b|| 2.7158943880917669e-04
938 MLA ||r(i)||/||b|| 2.7136463301138415e-04
939 MLA ||r(i)||/||b|| 2.7113981901668671e-04
940 MLA ||r(i)||/||b|| 2.7091492520234765e-04
941 MLA ||r(i)||/||b|| 2.7069007833019365e-04
942 MLA ||r(i)||/||b|| 2.7046511276632986e-04
943 MLA ||r(i)||/||b|| 2.7024014969605605e-04
944 MLA ||r(i)||/||b|| 2.7001514044760013e-04
945 MLA ||r(i)||/||b|| 2.6979010085667344e-04
946 MLA ||r(i)||/||b|| 2.6956505607812471e-04
947 MLA ||r(i)||/||b|| 2.6933996615826971e-04
948 MLA ||r(i)||/||b|| 2.6911487116099999e-04
949 MLA ||r(i)||/||b|| 2.6888976034231696e-04
950 MLA ||r(i)||/||b|| 2.6866462278989436e-04
951 MLA ||r(i)||/||b|| 2.6843943075237028e-04
952 MLA ||r(i)||/||b|| 2.6821424200969290e-04
953 MLA ||r(i)||/||b|| 2.6798905835877322e-04
954 MLA ||r(i)||/||b|| 2.6776382692031441e-04
955 MLA ||r(i)||/||b|| 2.6753862703039256e-04
956 MLA ||r(i)||/||b|| 2.6731336543060806e-04
957 MLA ||r(i)||/||b|| 2.6708814144534737e-04
958 MLA ||r(i)||/||b|| 2.6686290863176009e-04
959 MLA ||r(i)||/||b|| 2.6663762146908872e-04
960 MLA ||r(i)||/||b|| 2.6641238700492853e-04
961 MLA ||r(i)||/||b|| 2.6618711873800568e-04
962 MLA ||r(i)||/||b|| 2.6596190205221119e-04
963 MLA ||r(i)||/||b|| 2.6573662869043519e-04
964 MLA ||r(i)||/||b|| 2.6551138058488843e-04
965 MLA ||r(i)||/||b|| 2.6528615274470810e-04
966 MLA ||r(i)||/||b|| 2.6506093761096051e-04
967 MLA ||r(i)||/||b|| 2.6483574446361781e-04
968 MLA ||r(i)||/||b|| 2.6461051598746497e-04
969 MLA ||r(i)||/||b|| 2.6438534102585009e-04
970 MLA ||r(i)||/||b|| 2.6416017285315843e-04
971 MLA ||r(i)||/||b|| 2.6393504205239799e-04
972 MLA ||r(i)||/||b|| 2.6370994203612808e-04
973 MLA ||r(i)||/||b|| 2.6348482734220427e-04
974 MLA ||r(i)||/||b|| 2.6325974068481839e-04
975 MLA ||r(i)||/||b|| 2.6303471409961542e-04
976 MLA ||r(i)||/||b|| 2.6280970630063031e-04
977 MLA ||r(i)||/||b|| 2.6258471753549245e-04
978 MLA ||r(i)||/||b|| 2.6235977308850303e-04
979 MLA ||r(i)||/||b|| 2.6213486085111242e-04
980 MLA ||r(i)||/||b|| 2.6190994742972219e-04
981 MLA ||r(i)||/||b|| 2.6168513075616246e-04
982 MLA ||r(i)||/||b|| 2.6146035008501407e-04
983 MLA ||r(i)||/||b|| 2.6123560076999242e-04
984 MLA ||r(i)||/||b|| 2.6101083026624865e-04
985 MLA ||r(i)||/||b|| 2.6078622668077847e-04
986 MLA ||r(i)||/||b|| 2.6056162199471737e-04
987 MLA ||r(i)||/||b|| 2.6033703948740030e-04
988 MLA ||r(i)||/||b|| 2.6011253974699201e-04
989 MLA ||r(i)||/||b|| 2.5988808691931143e-04
990 MLA ||r(i)||/||b|| 2.5966368253962658e-04
991 MLA ||r(i)||/||b|| 2.5943934616954245e-04
992 MLA ||r(i)||/||b|| 2.5921509584327080e-04
993 MLA ||r(i)||/||b|| 2.5899086205222438e-04
994 MLA ||r(i)||/||b|| 2.5876673212567460e-04
995 MLA ||r(i)||/||b|| 2.5854266481934747e-04
996 MLA ||r(i)||/||b|| 2.5831862809433821e-04
997 MLA ||r(i)||/||b|| 2.5809471508117537e-04
998 MLA ||r(i)||/||b|| 2.5787081821174006e-04
999 MLA ||r(i)||/||b|| 2.5764706294773503e-04
1000 MLA ||r(i)||/||b|| 2.5742336586499683e-04
>>>> mla solve time: 4.02861 (s)
>>>> ksp solve time: 0.00596976 (s)
            || b ||_2 = 1.3851994067587832e+00
|| r ||_2 / || b ||_2 = 2.0562367588677056e+01
