Config file: ../input/config/mla_v_cycle-refine0.json
order_rbm = 1
angle_type = 1
==== basic information of linear system ====
matrix Row = 1506, matrix Column = 1506
matrix nz_allocated = 27747, matrix nz_used = 27747, matrix nz_unneeded = 0
vector Row = 1506
initial     || b ||_2 = 2.6501139470351753e+00
>>>>local_vec_size = 1506
>>>>~~~~ local_mat_m = 1506, local_mat_n = 1506
            || b ||_2 = 2.6501139470351753e+00
|| r ||_2 / || b ||_2 = 1.0000000000000000e+00


>>>>nodes in level 0 is 62, less than 100, setup DONE!>>>>


>>>> mla setup time: 0.0113277 (s)
0 MLA ||r(i)||/||b|| 1.0000000000000000e+00
1 MLA ||r(i)||/||b|| 1.1722780623472254e+01
2 MLA ||r(i)||/||b|| 5.0369443047783493e+00
3 MLA ||r(i)||/||b|| 4.0029840748689320e+00
4 MLA ||r(i)||/||b|| 3.6265225285348435e+00
5 MLA ||r(i)||/||b|| 2.8330882075621826e+00
6 MLA ||r(i)||/||b|| 2.0222624160234375e+00
7 MLA ||r(i)||/||b|| 1.3749270975670356e+00
8 MLA ||r(i)||/||b|| 9.3584960537153805e-01
9 MLA ||r(i)||/||b|| 6.7586551926951532e-01
10 MLA ||r(i)||/||b|| 5.2592470523903712e-01
11 MLA ||r(i)||/||b|| 4.3076227188959576e-01
12 MLA ||r(i)||/||b|| 3.6205413348501597e-01
13 MLA ||r(i)||/||b|| 3.0774991882623498e-01
14 MLA ||r(i)||/||b|| 2.6317713474416449e-01
15 MLA ||r(i)||/||b|| 2.2632360061092069e-01
16 MLA ||r(i)||/||b|| 1.9594372477249133e-01
17 MLA ||r(i)||/||b|| 1.7103100115044859e-01
18 MLA ||r(i)||/||b|| 1.5070554354595045e-01
19 MLA ||r(i)||/||b|| 1.3418982547002853e-01
20 MLA ||r(i)||/||b|| 1.2079765693959141e-01
21 MLA ||r(i)||/||b|| 1.0992824471410237e-01
22 MLA ||r(i)||/||b|| 1.0106666367893390e-01
23 MLA ||r(i)||/||b|| 9.3785607501853469e-02
24 MLA ||r(i)||/||b|| 8.7742195224703959e-02
25 MLA ||r(i)||/||b|| 8.2668494922571223e-02
26 MLA ||r(i)||/||b|| 7.8358432511823090e-02
27 MLA ||r(i)||/||b|| 7.4654376470894679e-02
28 MLA ||r(i)||/||b|| 7.1435444975748927e-02
29 MLA ||r(i)||/||b|| 6.8608239684173858e-02
30 MLA ||r(i)||/||b|| 6.6099907241536110e-02
31 MLA ||r(i)||/||b|| 6.3853098161019778e-02
32 MLA ||r(i)||/||b|| 6.1822330902577848e-02
33 MLA ||r(i)||/||b|| 5.9971338104994151e-02
34 MLA ||r(i)||/||b|| 5.8271082965409553e-02
35 MLA ||r(i)||/||b|| 5.6698238014449280e-02
36 MLA ||r(i)||/||b|| 5.5233996086163466e-02
37 MLA ||r(i)||/||b|| 5.3863132187628969e-02
38 MLA ||r(i)||/||b|| 5.2573261551893097e-02
39 MLA ||r(i)||/||b|| 5.1354253801022293e-02
40 MLA ||r(i)||/||b|| 5.0197771331127433e-02
41 MLA ||r(i)||/||b|| 4.9096906655770108e-02
42 MLA ||r(i)||/||b|| 4.8045897472733294e-02
43 MLA ||r(i)||/||b|| 4.7039902556980734e-02
44 MLA ||r(i)||/||b|| 4.6074825140904906e-02
45 MLA ||r(i)||/||b|| 4.5147173593373134e-02
46 MLA ||r(i)||/||b|| 4.4253951175042626e-02
47 MLA ||r(i)||/||b|| 4.3392568080597750e-02
48 MLA ||r(i)||/||b|| 4.2560771376664447e-02
49 MLA ||r(i)||/||b|| 4.1756588661037972e-02
50 MLA ||r(i)||/||b|| 4.0978282493168552e-02
51 MLA ||r(i)||/||b|| 4.0224313546340811e-02
52 MLA ||r(i)||/||b|| 3.9493310282590302e-02
53 MLA ||r(i)||/||b|| 3.8784043918654781e-02
54 MLA ||r(i)||/||b|| 3.8095408058529262e-02
55 MLA ||r(i)||/||b|| 3.7426401431471565e-02
56 MLA ||r(i)||/||b|| 3.6776113607394481e-02
57 MLA ||r(i)||/||b|| 3.6143712957544052e-02
58 MLA ||r(i)||/||b|| 3.5528436657349449e-02
59 MLA ||r(i)||/||b|| 3.4929581828282014e-02
60 MLA ||r(i)||/||b|| 3.4346498557107669e-02
61 MLA ||r(i)||/||b|| 3.3778583371901844e-02
62 MLA ||r(i)||/||b|| 3.3225274113378632e-02
63 MLA ||r(i)||/||b|| 3.2686045306946056e-02
64 MLA ||r(i)||/||b|| 3.2160404184368364e-02
65 MLA ||r(i)||/||b|| 3.1647887285864977e-02
66 MLA ||r(i)||/||b|| 3.1148057504916091e-02
67 MLA ||r(i)||/||b|| 3.0660501504939205e-02
68 MLA ||r(i)||/||b|| 3.0184827446755186e-02
69 MLA ||r(i)||/||b|| 2.9720663059988509e-02
70 MLA ||r(i)||/||b|| 2.9267653930651328e-02
71 MLA ||r(i)||/||b|| 2.8825461927474125e-02
72 MLA ||r(i)||/||b|| 2.8393763818217680e-02
73 MLA ||r(i)||/||b|| 2.7972250283172823e-02
74 MLA ||r(i)||/||b|| 2.7560624657331122e-02
75 MLA ||r(i)||/||b|| 2.7158602088627266e-02
76 MLA ||r(i)||/||b|| 2.6765908717227765e-02
77 MLA ||r(i)||/||b|| 2.6382280842795532e-02
78 MLA ||r(i)||/||b|| 2.6007464349479814e-02
79 MLA ||r(i)||/||b|| 2.5641214097647184e-02
80 MLA ||r(i)||/||b|| 2.5283293354898168e-02
81 MLA ||r(i)||/||b|| 2.4933473288578287e-02
82 MLA ||r(i)||/||b|| 2.4591532595465562e-02
83 MLA ||r(i)||/||b|| 2.4257257037843361e-02
84 MLA ||r(i)||/||b|| 2.3930439107963691e-02
85 MLA ||r(i)||/||b|| 2.3610877728986315e-02
86 MLA ||r(i)||/||b|| 2.3298377915896645e-02
87 MLA ||r(i)||/||b|| 2.2992750414310179e-02
88 MLA ||r(i)||/||b|| 2.2693811678477852e-02
89 MLA ||r(i)||/||b|| 2.2401383419017037e-02
90 MLA ||r(i)||/||b|| 2.2115292478243589e-02
91 MLA ||r(i)||/||b|| 2.1835370671005952e-02
92 MLA ||r(i)||/||b|| 2.1561454435687355e-02
93 MLA ||r(i)||/||b|| 2.1293384872315597e-02
94 MLA ||r(i)||/||b|| 2.1031007396163107e-02
95 MLA ||r(i)||/||b|| 2.0774171814297523e-02
96 MLA ||r(i)||/||b|| 2.0522731884419828e-02
97 MLA ||r(i)||/||b|| 2.0276545444956294e-02
98 MLA ||r(i)||/||b|| 2.0035474221363366e-02
99 MLA ||r(i)||/||b|| 1.9799383561533105e-02
100 MLA ||r(i)||/||b|| 1.9568142539255911e-02
101 MLA ||r(i)||/||b|| 1.9341623712599013e-02
102 MLA ||r(i)||/||b|| 1.9119703097400881e-02
103 MLA ||r(i)||/||b|| 1.8902259985192276e-02
104 MLA ||r(i)||/||b|| 1.8689176916377895e-02
105 MLA ||r(i)||/||b|| 1.8480339574652584e-02
106 MLA ||r(i)||/||b|| 1.8275636742444621e-02
107 MLA ||r(i)||/||b|| 1.8074960180929883e-02
108 MLA ||r(i)||/||b|| 1.7878204480758404e-02
109 MLA ||r(i)||/||b|| 1.7685267172899699e-02
110 MLA ||r(i)||/||b|| 1.7496048418452616e-02
111 MLA ||r(i)||/||b|| 1.7310451180733565e-02
112 MLA ||r(i)||/||b|| 1.7128380999466057e-02
113 MLA ||r(i)||/||b|| 1.6949745969269448e-02
114 MLA ||r(i)||/||b|| 1.6774456699447594e-02
115 MLA ||r(i)||/||b|| 1.6602426115461422e-02
116 MLA ||r(i)||/||b|| 1.6433569644546467e-02
117 MLA ||r(i)||/||b|| 1.6267804952389140e-02
118 MLA ||r(i)||/||b|| 1.6105051985880751e-02
119 MLA ||r(i)||/||b|| 1.5945232796281798e-02
120 MLA ||r(i)||/||b|| 1.5788271714538008e-02
121 MLA ||r(i)||/||b|| 1.5634095084286960e-02
122 MLA ||r(i)||/||b|| 1.5482631228479232e-02
123 MLA ||r(i)||/||b|| 1.5333810565644279e-02
124 MLA ||r(i)||/||b|| 1.5187565363098529e-02
125 MLA ||r(i)||/||b|| 1.5043829735769098e-02
126 MLA ||r(i)||/||b|| 1.4902539779682714e-02
127 MLA ||r(i)||/||b|| 1.4763633281921252e-02
128 MLA ||r(i)||/||b|| 1.4627049717927236e-02
129 MLA ||r(i)||/||b|| 1.4492730354122759e-02
130 MLA ||r(i)||/||b|| 1.4360618081030462e-02
131 MLA ||r(i)||/||b|| 1.4230657383843114e-02
132 MLA ||r(i)||/||b|| 1.4102794286575772e-02
133 MLA ||r(i)||/||b|| 1.3976976435981055e-02
134 MLA ||r(i)||/||b|| 1.3853152944514424e-02
135 MLA ||r(i)||/||b|| 1.3731274267366205e-02
136 MLA ||r(i)||/||b|| 1.3611292331131765e-02
137 MLA ||r(i)||/||b|| 1.3493160505606804e-02
138 MLA ||r(i)||/||b|| 1.3376833399854678e-02
139 MLA ||r(i)||/||b|| 1.3262266969619711e-02
140 MLA ||r(i)||/||b|| 1.3149418327966301e-02
141 MLA ||r(i)||/||b|| 1.3038246019504800e-02
142 MLA ||r(i)||/||b|| 1.2928709553997319e-02
143 MLA ||r(i)||/||b|| 1.2820769776210722e-02
144 MLA ||r(i)||/||b|| 1.2714388560747657e-02
145 MLA ||r(i)||/||b|| 1.2609528932787925e-02
146 MLA ||r(i)||/||b|| 1.2506154959263958e-02
147 MLA ||r(i)||/||b|| 1.2404231809385227e-02
148 MLA ||r(i)||/||b|| 1.2303725517704213e-02
149 MLA ||r(i)||/||b|| 1.2204603195744897e-02
150 MLA ||r(i)||/||b|| 1.2106832888465955e-02
151 MLA ||r(i)||/||b|| 1.2010383545713696e-02
152 MLA ||r(i)||/||b|| 1.1915225024908728e-02
153 MLA ||r(i)||/||b|| 1.1821328121995368e-02
154 MLA ||r(i)||/||b|| 1.1728664328591296e-02
155 MLA ||r(i)||/||b|| 1.1637206093874270e-02
156 MLA ||r(i)||/||b|| 1.1546926604907184e-02
157 MLA ||r(i)||/||b|| 1.1457799790272312e-02
158 MLA ||r(i)||/||b|| 1.1369800407587654e-02
159 MLA ||r(i)||/||b|| 1.1282903912928020e-02
160 MLA ||r(i)||/||b|| 1.1197086391671548e-02
161 MLA ||r(i)||/||b|| 1.1112324679326355e-02
162 MLA ||r(i)||/||b|| 1.1028596323494790e-02
163 MLA ||r(i)||/||b|| 1.0945879429169371e-02
164 MLA ||r(i)||/||b|| 1.0864152817827436e-02
165 MLA ||r(i)||/||b|| 1.0783395785387074e-02
166 MLA ||r(i)||/||b|| 1.0703588332488473e-02
167 MLA ||r(i)||/||b|| 1.0624710964084426e-02
168 MLA ||r(i)||/||b|| 1.0546744822268989e-02
169 MLA ||r(i)||/||b|| 1.0469671474290791e-02
170 MLA ||r(i)||/||b|| 1.0393473074969630e-02
171 MLA ||r(i)||/||b|| 1.0318132239905325e-02
172 MLA ||r(i)||/||b|| 1.0243632129963985e-02
173 MLA ||r(i)||/||b|| 1.0169956349655666e-02
174 MLA ||r(i)||/||b|| 1.0097088952636854e-02
175 MLA ||r(i)||/||b|| 1.0025014421312891e-02
176 MLA ||r(i)||/||b|| 9.9537177372559637e-03
177 MLA ||r(i)||/||b|| 9.8831842211082547e-03
178 MLA ||r(i)||/||b|| 9.8133996448777159e-03
179 MLA ||r(i)||/||b|| 9.7443501135710091e-03
180 MLA ||r(i)||/||b|| 9.6760222638151254e-03
181 MLA ||r(i)||/||b|| 9.6084029278194691e-03
182 MLA ||r(i)||/||b|| 9.5414793220941069e-03
183 MLA ||r(i)||/||b|| 9.4752390791973586e-03
184 MLA ||r(i)||/||b|| 9.4096701592085944e-03
185 MLA ||r(i)||/||b|| 9.3447608914195377e-03
186 MLA ||r(i)||/||b|| 9.2804997177602933e-03
187 MLA ||r(i)||/||b|| 9.2168755132007677e-03
188 MLA ||r(i)||/||b|| 9.1538775276760482e-03
189 MLA ||r(i)||/||b|| 9.0914952285679317e-03
190 MLA ||r(i)||/||b|| 9.0297182805539698e-03
191 MLA ||r(i)||/||b|| 8.9685367858226943e-03
192 MLA ||r(i)||/||b|| 8.9079409419628251e-03
193 MLA ||r(i)||/||b|| 8.8479212350931775e-03
194 MLA ||r(i)||/||b|| 8.7884684950717291e-03
195 MLA ||r(i)||/||b|| 8.7295737311095800e-03
196 MLA ||r(i)||/||b|| 8.6712281147900069e-03
197 MLA ||r(i)||/||b|| 8.6134231067395393e-03
198 MLA ||r(i)||/||b|| 8.5561503891784119e-03
199 MLA ||r(i)||/||b|| 8.4994018039863933e-03
200 MLA ||r(i)||/||b|| 8.4431695041877180e-03
201 MLA ||r(i)||/||b|| 8.3874456884220593e-03
202 MLA ||r(i)||/||b|| 8.3322228387143447e-03
203 MLA ||r(i)||/||b|| 8.2774936050839798e-03
204 MLA ||r(i)||/||b|| 8.2232507800579103e-03
205 MLA ||r(i)||/||b|| 8.1694873996013603e-03
206 MLA ||r(i)||/||b|| 8.1161966404574050e-03
207 MLA ||r(i)||/||b|| 8.0633717972716026e-03
208 MLA ||r(i)||/||b|| 8.0110063722045200e-03
209 MLA ||r(i)||/||b|| 7.9590939418713036e-03
210 MLA ||r(i)||/||b|| 7.9076283944500211e-03
211 MLA ||r(i)||/||b|| 7.8566035780171448e-03
212 MLA ||r(i)||/||b|| 7.8060135855736387e-03
213 MLA ||r(i)||/||b|| 7.7558526685435553e-03
214 MLA ||r(i)||/||b|| 7.7061150684215275e-03
215 MLA ||r(i)||/||b|| 7.6567953265155751e-03
216 MLA ||r(i)||/||b|| 7.6078879612066575e-03
217 MLA ||r(i)||/||b|| 7.5593877418538265e-03
218 MLA ||r(i)||/||b|| 7.5112894399634762e-03
219 MLA ||r(i)||/||b|| 7.4635880085336045e-03
220 MLA ||r(i)||/||b|| 7.4162785075382034e-03
221 MLA ||r(i)||/||b|| 7.3693560644294848e-03
222 MLA ||r(i)||/||b|| 7.3228158984917470e-03
223 MLA ||r(i)||/||b|| 7.2766534154769386e-03
224 MLA ||r(i)||/||b|| 7.2308640358178765e-03
225 MLA ||r(i)||/||b|| 7.1854433056016721e-03
226 MLA ||r(i)||/||b|| 7.1403868181548202e-03
227 MLA ||r(i)||/||b|| 7.0956903804395401e-03
228 MLA ||r(i)||/||b|| 7.0513497935704361e-03
229 MLA ||r(i)||/||b|| 7.0073608817666673e-03
230 MLA ||r(i)||/||b|| 6.9637196392671437e-03
231 MLA ||r(i)||/||b|| 6.9204221297303019e-03
232 MLA ||r(i)||/||b|| 6.8774644809630765e-03
233 MLA ||r(i)||/||b|| 6.8348428975262667e-03
234 MLA ||r(i)||/||b|| 6.7925536622977685e-03
235 MLA ||r(i)||/||b|| 6.7505931164875566e-03
236 MLA ||r(i)||/||b|| 6.7089576344319876e-03
237 MLA ||r(i)||/||b|| 6.6676437845062976e-03
238 MLA ||r(i)||/||b|| 6.6266480652843046e-03
239 MLA ||r(i)||/||b|| 6.5859670854726939e-03
240 MLA ||r(i)||/||b|| 6.5455975296962723e-03
241 MLA ||r(i)||/||b|| 6.5055361104286568e-03
242 MLA ||r(i)||/||b|| 6.4657796607911671e-03
243 MLA ||r(i)||/||b|| 6.4263249856221869e-03
244 MLA ||r(i)||/||b|| 6.3871689911149387e-03
245 MLA ||r(i)||/||b|| 6.3483086140235147e-03
246 MLA ||r(i)||/||b|| 6.3097408709626131e-03
247 MLA ||r(i)||/||b|| 6.2714628858691647e-03
248 MLA ||r(i)||/||b|| 6.2334716884641077e-03
249 MLA ||r(i)||/||b|| 6.1957644312379450e-03
250 MLA ||r(i)||/||b|| 6.1583383508957068e-03
251 MLA ||r(i)||/||b|| 6.1211906984480046e-03
252 MLA ||r(i)||/||b|| 6.0843187457201428e-03
253 MLA ||r(i)||/||b|| 6.0477198612261564e-03
254 MLA ||r(i)||/||b|| 6.0113913739162769e-03
255 MLA ||r(i)||/||b|| 5.9753306787013270e-03
256 MLA ||r(i)||/||b|| 5.9395353193514994e-03
257 MLA ||r(i)||/||b|| 5.9040027553575085e-03
258 MLA ||r(i)||/||b|| 5.8687305248480851e-03
259 MLA ||r(i)||/||b|| 5.8337162326134381e-03
260 MLA ||r(i)||/||b|| 5.7989574204215721e-03
261 MLA ||r(i)||/||b|| 5.7644517623984242e-03
262 MLA ||r(i)||/||b|| 5.7301969559136450e-03
263 MLA ||r(i)||/||b|| 5.6961906911922279e-03
264 MLA ||r(i)||/||b|| 5.6624307905118005e-03
265 MLA ||r(i)||/||b|| 5.6289149346619508e-03
266 MLA ||r(i)||/||b|| 5.5956409786764331e-03
267 MLA ||r(i)||/||b|| 5.5626067476402391e-03
268 MLA ||r(i)||/||b|| 5.5298101651181627e-03
269 MLA ||r(i)||/||b|| 5.4972490713941146e-03
270 MLA ||r(i)||/||b|| 5.4649214293584344e-03
271 MLA ||r(i)||/||b|| 5.4328251697012761e-03
272 MLA ||r(i)||/||b|| 5.4009582939867290e-03
273 MLA ||r(i)||/||b|| 5.3693188260270572e-03
274 MLA ||r(i)||/||b|| 5.3379048152113378e-03
275 MLA ||r(i)||/||b|| 5.3067143073930751e-03
276 MLA ||r(i)||/||b|| 5.2757454114706389e-03
277 MLA ||r(i)||/||b|| 5.2449961928776089e-03
278 MLA ||r(i)||/||b|| 5.2144648290364864e-03
279 MLA ||r(i)||/||b|| 5.1841494659326708e-03
280 MLA ||r(i)||/||b|| 5.1540483221394111e-03
281 MLA ||r(i)||/||b|| 5.1241595967430721e-03
282 MLA ||r(i)||/||b|| 5.0944815055841740e-03
283 MLA ||r(i)||/||b|| 5.0650122726950998e-03
284 MLA ||r(i)||/||b|| 5.0357502204082952e-03
285 MLA ||r(i)||/||b|| 5.0066936193868270e-03
286 MLA ||r(i)||/||b|| 4.9778407711620213e-03
287 MLA ||r(i)||/||b|| 4.9491900382892268e-03
288 MLA ||r(i)||/||b|| 4.9207397910173640e-03
289 MLA ||r(i)||/||b|| 4.8924883550949877e-03
290 MLA ||r(i)||/||b|| 4.8644341372851953e-03
291 MLA ||r(i)||/||b|| 4.8365755802487528e-03
292 MLA ||r(i)||/||b|| 4.8089110731497318e-03
293 MLA ||r(i)||/||b|| 4.7814391054707174e-03
294 MLA ||r(i)||/||b|| 4.7541581020908484e-03
295 MLA ||r(i)||/||b|| 4.7270665516788426e-03
296 MLA ||r(i)||/||b|| 4.7001629424235384e-03
297 MLA ||r(i)||/||b|| 4.6734457685041380e-03
298 MLA ||r(i)||/||b|| 4.6469136226720918e-03
299 MLA ||r(i)||/||b|| 4.6205650381636217e-03
300 MLA ||r(i)||/||b|| 4.5943985932169308e-03
301 MLA ||r(i)||/||b|| 4.5684128494074437e-03
302 MLA ||r(i)||/||b|| 4.5426063546485590e-03
303 MLA ||r(i)||/||b|| 4.5169777463890228e-03
304 MLA ||r(i)||/||b|| 4.4915256463416153e-03
305 MLA ||r(i)||/||b|| 4.4662487085171346e-03
306 MLA ||r(i)||/||b|| 4.4411456002519121e-03
307 MLA ||r(i)||/||b|| 4.4162149311848461e-03
308 MLA ||r(i)||/||b|| 4.3914554243075603e-03
309 MLA ||r(i)||/||b|| 4.3668657630919006e-03
310 MLA ||r(i)||/||b|| 4.3424446302547928e-03
311 MLA ||r(i)||/||b|| 4.3181907408959604e-03
312 MLA ||r(i)||/||b|| 4.2941028834710534e-03
313 MLA ||r(i)||/||b|| 4.2701797592657378e-03
314 MLA ||r(i)||/||b|| 4.2464200991426714e-03
315 MLA ||r(i)||/||b|| 4.2228227040670991e-03
316 MLA ||r(i)||/||b|| 4.1993863857574636e-03
317 MLA ||r(i)||/||b|| 4.1761098702095059e-03
318 MLA ||r(i)||/||b|| 4.1529920200308627e-03
319 MLA ||r(i)||/||b|| 4.1300316451116049e-03
320 MLA ||r(i)||/||b|| 4.1072275068471673e-03
321 MLA ||r(i)||/||b|| 4.0845784833820620e-03
322 MLA ||r(i)||/||b|| 4.0620834532677742e-03
323 MLA ||r(i)||/||b|| 4.0397412340009110e-03
324 MLA ||r(i)||/||b|| 4.0175507145322979e-03
325 MLA ||r(i)||/||b|| 3.9955107361893637e-03
326 MLA ||r(i)||/||b|| 3.9736202792726863e-03
327 MLA ||r(i)||/||b|| 3.9518781929227453e-03
328 MLA ||r(i)||/||b|| 3.9302833737784419e-03
329 MLA ||r(i)||/||b|| 3.9088347409389802e-03
330 MLA ||r(i)||/||b|| 3.8875312384065845e-03
331 MLA ||r(i)||/||b|| 3.8663718219552989e-03
332 MLA ||r(i)||/||b|| 3.8453554146501930e-03
333 MLA ||r(i)||/||b|| 3.8244810087110595e-03
334 MLA ||r(i)||/||b|| 3.8037475254611782e-03
335 MLA ||r(i)||/||b|| 3.7831539658257579e-03
336 MLA ||r(i)||/||b|| 3.7626993478165351e-03
337 MLA ||r(i)||/||b|| 3.7423826202536994e-03
338 MLA ||r(i)||/||b|| 3.7222028060975125e-03
339 MLA ||r(i)||/||b|| 3.7021589162350554e-03
340 MLA ||r(i)||/||b|| 3.6822499927637010e-03
341 MLA ||r(i)||/||b|| 3.6624750588005982e-03
342 MLA ||r(i)||/||b|| 3.6428330842041517e-03
343 MLA ||r(i)||/||b|| 3.6233232126174205e-03
344 MLA ||r(i)||/||b|| 3.6039444457451235e-03
345 MLA ||r(i)||/||b|| 3.5846958771649567e-03
346 MLA ||r(i)||/||b|| 3.5655765339491514e-03
347 MLA ||r(i)||/||b|| 3.5465855270070614e-03
348 MLA ||r(i)||/||b|| 3.5277219265906494e-03
349 MLA ||r(i)||/||b|| 3.5089848395007733e-03
350 MLA ||r(i)||/||b|| 3.4903733866938091e-03
351 MLA ||r(i)||/||b|| 3.4718866234961323e-03
352 MLA ||r(i)||/||b|| 3.4535236845322265e-03
353 MLA ||r(i)||/||b|| 3.4352837074164183e-03
354 MLA ||r(i)||/||b|| 3.4171658330184916e-03
355 MLA ||r(i)||/||b|| 3.3991691771458788e-03
356 MLA ||r(i)||/||b|| 3.3812928706950596e-03
357 MLA ||r(i)||/||b|| 3.3635361044965333e-03
358 MLA ||r(i)||/||b|| 3.3458979988804905e-03
359 MLA ||r(i)||/||b|| 3.3283777400405497e-03
360 MLA ||r(i)||/||b|| 3.3109745194364044e-03
361 MLA ||r(i)||/||b|| 3.2936874832513513e-03
362 MLA ||r(i)||/||b|| 3.2765158255570756e-03
363 MLA ||r(i)||/||b|| 3.2594587254425565e-03
364 MLA ||r(i)||/||b|| 3.2425154152769201e-03
365 MLA ||r(i)||/||b|| 3.2256850578164637e-03
366 MLA ||r(i)||/||b|| 3.2089668845960402e-03
367 MLA ||r(i)||/||b|| 3.1923601454006455e-03
368 MLA ||r(i)||/||b|| 3.1758639986225433e-03
369 MLA ||r(i)||/||b|| 3.1594777001600636e-03
370 MLA ||r(i)||/||b|| 3.1432004951975801e-03
371 MLA ||r(i)||/||b|| 3.1270315852774590e-03
372 MLA ||r(i)||/||b|| 3.1109703101568340e-03
373 MLA ||r(i)||/||b|| 3.0950158612826351e-03
374 MLA ||r(i)||/||b|| 3.0791674657216421e-03
375 MLA ||r(i)||/||b|| 3.0634244102966872e-03
376 MLA ||r(i)||/||b|| 3.0477860004176119e-03
377 MLA ||r(i)||/||b|| 3.0322514828874853e-03
378 MLA ||r(i)||/||b|| 3.0168201227039797e-03
379 MLA ||r(i)||/||b|| 3.0014912451514814e-03
380 MLA ||r(i)||/||b|| 2.9862641230041331e-03
381 MLA ||r(i)||/||b|| 2.9711380446458091e-03
382 MLA ||r(i)||/||b|| 2.9561123031563927e-03
383 MLA ||r(i)||/||b|| 2.9411862227382156e-03
384 MLA ||r(i)||/||b|| 2.9263591400399622e-03
385 MLA ||r(i)||/||b|| 2.9116303520501162e-03
386 MLA ||r(i)||/||b|| 2.8969991975730668e-03
387 MLA ||r(i)||/||b|| 2.8824649617048112e-03
388 MLA ||r(i)||/||b|| 2.8680269864704319e-03
389 MLA ||r(i)||/||b|| 2.8536846351670721e-03
390 MLA ||r(i)||/||b|| 2.8394372592488448e-03
391 MLA ||r(i)||/||b|| 2.8252841801692666e-03
392 MLA ||r(i)||/||b|| 2.8112247733783017e-03
393 MLA ||r(i)||/||b|| 2.7972583583132080e-03
394 MLA ||r(i)||/||b|| 2.7833843159603372e-03
395 MLA ||r(i)||/||b|| 2.7696020540927176e-03
396 MLA ||r(i)||/||b|| 2.7559109263040771e-03
397 MLA ||r(i)||/||b|| 2.7423102381674688e-03
398 MLA ||r(i)||/||b|| 2.7287994286771043e-03
399 MLA ||r(i)||/||b|| 2.7153779197604398e-03
400 MLA ||r(i)||/||b|| 2.7020450554615873e-03
401 MLA ||r(i)||/||b|| 2.6888002038095880e-03
402 MLA ||r(i)||/||b|| 2.6756428256185186e-03
403 MLA ||r(i)||/||b|| 2.6625723089804148e-03
404 MLA ||r(i)||/||b|| 2.6495879933631393e-03
405 MLA ||r(i)||/||b|| 2.6366893631281298e-03
406 MLA ||r(i)||/||b|| 2.6238758243898133e-03
407 MLA ||r(i)||/||b|| 2.6111467971317859e-03
408 MLA ||r(i)||/||b|| 2.5985016813587138e-03
409 MLA ||r(i)||/||b|| 2.5859398845882648e-03
410 MLA ||r(i)||/||b|| 2.5734609082765413e-03
411 MLA ||r(i)||/||b|| 2.5610641518210311e-03
412 MLA ||r(i)||/||b|| 2.5487490615134435e-03
413 MLA ||r(i)||/||b|| 2.5365150753483192e-03
414 MLA ||r(i)||/||b|| 2.5243616291325691e-03
415 MLA ||r(i)||/||b|| 2.5122882015461315e-03
416 MLA ||r(i)||/||b|| 2.5002942533996603e-03
417 MLA ||r(i)||/||b|| 2.4883792253059854e-03
418 MLA ||r(i)||/||b|| 2.4765425941783350e-03
419 MLA ||r(i)||/||b|| 2.4647838015662139e-03
420 MLA ||r(i)||/||b|| 2.4531022807380669e-03
421 MLA ||r(i)||/||b|| 2.4414976229738556e-03
422 MLA ||r(i)||/||b|| 2.4299692643138244e-03
423 MLA ||r(i)||/||b|| 2.4185166399178296e-03
424 MLA ||r(i)||/||b|| 2.4071392497993353e-03
425 MLA ||r(i)||/||b|| 2.3958366119718666e-03
426 MLA ||r(i)||/||b|| 2.3846082031072397e-03
427 MLA ||r(i)||/||b|| 2.3734535212231230e-03
428 MLA ||r(i)||/||b|| 2.3623720690407854e-03
429 MLA ||r(i)||/||b|| 2.3513633487914601e-03
430 MLA ||r(i)||/||b|| 2.3404268580244606e-03
431 MLA ||r(i)||/||b|| 2.3295621089999136e-03
432 MLA ||r(i)||/||b|| 2.3187686878841582e-03
433 MLA ||r(i)||/||b|| 2.3080460137899651e-03
434 MLA ||r(i)||/||b|| 2.2973936033350308e-03
435 MLA ||r(i)||/||b|| 2.2868110358251906e-03
436 MLA ||r(i)||/||b|| 2.2762978385304105e-03
437 MLA ||r(i)||/||b|| 2.2658534900604657e-03
438 MLA ||r(i)||/||b|| 2.2554775606061974e-03
439 MLA ||r(i)||/||b|| 2.2451696510727534e-03
440 MLA ||r(i)||/||b|| 2.2349291782526315e-03
441 MLA ||r(i)||/||b|| 2.2247557466648533e-03
442 MLA ||r(i)||/||b|| 2.2146489006101820e-03
443 MLA ||r(i)||/||b|| 2.2046081750235970e-03
444 MLA ||r(i)||/||b|| 2.1946331564766737e-03
445 MLA ||r(i)||/||b|| 2.1847233684255370e-03
446 MLA ||r(i)||/||b|| 2.1748783778328400e-03
447 MLA ||r(i)||/||b|| 2.1650977774006252e-03
448 MLA ||r(i)||/||b|| 2.1553810760531204e-03
449 MLA ||r(i)||/||b|| 2.1457278705912962e-03
450 MLA ||r(i)||/||b|| 2.1361377250884014e-03
451 MLA ||r(i)||/||b|| 2.1266102198813468e-03
452 MLA ||r(i)||/||b|| 2.1171449120877621e-03
453 MLA ||r(i)||/||b|| 2.1077414118269001e-03
454 MLA ||r(i)||/||b|| 2.0983993083638717e-03
455 MLA ||r(i)||/||b|| 2.0891181763305440e-03
456 MLA ||r(i)||/||b|| 2.0798975462237115e-03
457 MLA ||r(i)||/||b|| 2.0707370380441911e-03
458 MLA ||r(i)||/||b|| 2.0616362966408347e-03
459 MLA ||r(i)||/||b|| 2.0525948908887274e-03
460 MLA ||r(i)||/||b|| 2.0436124111070171e-03
461 MLA ||r(i)||/||b|| 2.0346884461089169e-03
462 MLA ||r(i)||/||b|| 2.0258225934129564e-03
463 MLA ||r(i)||/||b|| 2.0170145162756790e-03
464 MLA ||r(i)||/||b|| 2.0082637406061876e-03
465 MLA ||r(i)||/||b|| 1.9995699517091035e-03
466 MLA ||r(i)||/||b|| 1.9909326870325623e-03
467 MLA ||r(i)||/||b|| 1.9823516849482767e-03
468 MLA ||r(i)||/||b|| 1.9738264940433806e-03
469 MLA ||r(i)||/||b|| 1.9653566769686037e-03
470 MLA ||r(i)||/||b|| 1.9569419582802913e-03
471 MLA ||r(i)||/||b|| 1.9485819396264270e-03
472 MLA ||r(i)||/||b|| 1.9402761970207106e-03
473 MLA ||r(i)||/||b|| 1.9320244098164929e-03
474 MLA ||r(i)||/||b|| 1.9238262306647983e-03
475 MLA ||r(i)||/||b|| 1.9156812513184776e-03
476 MLA ||r(i)||/||b|| 1.9075891455821482e-03
477 MLA ||r(i)||/||b|| 1.8995495109521267e-03
478 MLA ||r(i)||/||b|| 1.8915620534045081e-03
479 MLA ||r(i)||/||b|| 1.8836263751189207e-03
480 MLA ||r(i)||/||b|| 1.8757421159806445e-03
481 MLA ||r(i)||/||b|| 1.8679089683385152e-03
482 MLA ||r(i)||/||b|| 1.8601265341428616e-03
483 MLA ||r(i)||/||b|| 1.8523945422284280e-03
484 MLA ||r(i)||/||b|| 1.8447126364179219e-03
485 MLA ||r(i)||/||b|| 1.8370804375662066e-03
486 MLA ||r(i)||/||b|| 1.8294976003339473e-03
487 MLA ||r(i)||/||b|| 1.8219637853599453e-03
488 MLA ||r(i)||/||b|| 1.8144786942086931e-03
489 MLA ||r(i)||/||b|| 1.8070420131210002e-03
490 MLA ||r(i)||/||b|| 1.7996533895710586e-03
491 MLA ||r(i)||/||b|| 1.7923124813809639e-03
492 MLA ||r(i)||/||b|| 1.7850189958967036e-03
493 MLA ||r(i)||/||b|| 1.7777726081392661e-03
494 MLA ||r(i)||/||b|| 1.7705729542234225e-03
495 MLA ||r(i)||/||b|| 1.7634197639266463e-03
496 MLA ||r(i)||/||b|| 1.7563127162028001e-03
497 MLA ||r(i)||/||b|| 1.7492514659553811e-03
498 MLA ||r(i)||/||b|| 1.7422357225317967e-03
499 MLA ||r(i)||/||b|| 1.7352651883283405e-03
500 MLA ||r(i)||/||b|| 1.7283395555171598e-03
501 MLA ||r(i)||/||b|| 1.7214584759196443e-03
502 MLA ||r(i)||/||b|| 1.7146216983435665e-03
503 MLA ||r(i)||/||b|| 1.7078289105976210e-03
504 MLA ||r(i)||/||b|| 1.7010797854488315e-03
505 MLA ||r(i)||/||b|| 1.6943740631263856e-03
506 MLA ||r(i)||/||b|| 1.6877114236002173e-03
507 MLA ||r(i)||/||b|| 1.6810915711685873e-03
508 MLA ||r(i)||/||b|| 1.6745142074593650e-03
509 MLA ||r(i)||/||b|| 1.6679790695335081e-03
510 MLA ||r(i)||/||b|| 1.6614858750475918e-03
511 MLA ||r(i)||/||b|| 1.6550343339992817e-03
512 MLA ||r(i)||/||b|| 1.6486241381904348e-03
513 MLA ||r(i)||/||b|| 1.6422550156475993e-03
514 MLA ||r(i)||/||b|| 1.6359266550016447e-03
515 MLA ||r(i)||/||b|| 1.6296388478953643e-03
516 MLA ||r(i)||/||b|| 1.6233912719486176e-03
517 MLA ||r(i)||/||b|| 1.6171836639382899e-03
518 MLA ||r(i)||/||b|| 1.6110157579116745e-03
519 MLA ||r(i)||/||b|| 1.6048872768769566e-03
520 MLA ||r(i)||/||b|| 1.5987979100403147e-03
521 MLA ||r(i)||/||b|| 1.5927474272593365e-03
522 MLA ||r(i)||/||b|| 1.5867356046458422e-03
523 MLA ||r(i)||/||b|| 1.5807621277039072e-03
524 MLA ||r(i)||/||b|| 1.5748267241604223e-03
525 MLA ||r(i)||/||b|| 1.5689291810871576e-03
526 MLA ||r(i)||/||b|| 1.5630692098645971e-03
527 MLA ||r(i)||/||b|| 1.5572465407040585e-03
528 MLA ||r(i)||/||b|| 1.5514609352411152e-03
529 MLA ||r(i)||/||b|| 1.5457121294221578e-03
530 MLA ||r(i)||/||b|| 1.5399998703662498e-03
531 MLA ||r(i)||/||b|| 1.5343239570040775e-03
532 MLA ||r(i)||/||b|| 1.5286840741417288e-03
533 MLA ||r(i)||/||b|| 1.5230799974786655e-03
534 MLA ||r(i)||/||b|| 1.5175114876329668e-03
535 MLA ||r(i)||/||b|| 1.5119782812976087e-03
536 MLA ||r(i)||/||b|| 1.5064801671099016e-03
537 MLA ||r(i)||/||b|| 1.5010168896015918e-03
538 MLA ||r(i)||/||b|| 1.4955882134877079e-03
539 MLA ||r(i)||/||b|| 1.4901938944507104e-03
540 MLA ||r(i)||/||b|| 1.4848336935631417e-03
541 MLA ||r(i)||/||b|| 1.4795073724701471e-03
542 MLA ||r(i)||/||b|| 1.4742147331146857e-03
543 MLA ||r(i)||/||b|| 1.4689555343994928e-03
544 MLA ||r(i)||/||b|| 1.4637294770845186e-03
545 MLA ||r(i)||/||b|| 1.4585364142054437e-03
546 MLA ||r(i)||/||b|| 1.4533761004697473e-03
547 MLA ||r(i)||/||b|| 1.4482482853888099e-03
548 MLA ||r(i)||/||b|| 1.4431527763026620e-03
549 MLA ||r(i)||/||b|| 1.4380893294097773e-03
550 MLA ||r(i)||/||b|| 1.4330577164848124e-03
551 MLA ||r(i)||/||b|| 1.4280577116700147e-03
552 MLA ||r(i)||/||b|| 1.4230891644029483e-03
553 MLA ||r(i)||/||b|| 1.4181518263983262e-03
554 MLA ||r(i)||/||b|| 1.4132454166614801e-03
555 MLA ||r(i)||/||b|| 1.4083697773988398e-03
556 MLA ||r(i)||/||b|| 1.4035246881795934e-03
557 MLA ||r(i)||/||b|| 1.3987099443264223e-03
558 MLA ||r(i)||/||b|| 1.3939253604341997e-03
559 MLA ||r(i)||/||b|| 1.3891706839061506e-03
560 MLA ||r(i)||/||b|| 1.3844457396985298e-03
561 MLA ||r(i)||/||b|| 1.3797503137622461e-03
562 MLA ||r(i)||/||b|| 1.3750841624451274e-03
563 MLA ||r(i)||/||b|| 1.3704471274951953e-03
564 MLA ||r(i)||/||b|| 1.3658389990283916e-03
565 MLA ||r(i)||/||b|| 1.3612595807251534e-03
566 MLA ||r(i)||/||b|| 1.3567086422887776e-03
567 MLA ||r(i)||/||b|| 1.3521860051237096e-03
568 MLA ||r(i)||/||b|| 1.3476915243762530e-03
569 MLA ||r(i)||/||b|| 1.3432249337836826e-03
570 MLA ||r(i)||/||b|| 1.3387860762201565e-03
571 MLA ||r(i)||/||b|| 1.3343747438966430e-03
572 MLA ||r(i)||/||b|| 1.3299907340610507e-03
573 MLA ||r(i)||/||b|| 1.3256339010791788e-03
574 MLA ||r(i)||/||b|| 1.3213040443210348e-03
575 MLA ||r(i)||/||b|| 1.3170009378615343e-03
576 MLA ||r(i)||/||b|| 1.3127244264704194e-03
577 MLA ||r(i)||/||b|| 1.3084743156374107e-03
578 MLA ||r(i)||/||b|| 1.3042504292021273e-03
579 MLA ||r(i)||/||b|| 1.3000526004829612e-03
580 MLA ||r(i)||/||b|| 1.2958806229581498e-03
581 MLA ||r(i)||/||b|| 1.2917343140355917e-03
582 MLA ||r(i)||/||b|| 1.2876135064677659e-03
583 MLA ||r(i)||/||b|| 1.2835180494631612e-03
584 MLA ||r(i)||/||b|| 1.2794476849340198e-03
585 MLA ||r(i)||/||b|| 1.2754023281960575e-03
586 MLA ||r(i)||/||b|| 1.2713817449052395e-03
587 MLA ||r(i)||/||b|| 1.2673857990508906e-03
588 MLA ||r(i)||/||b|| 1.2634143493924052e-03
589 MLA ||r(i)||/||b|| 1.2594671377615086e-03
590 MLA ||r(i)||/||b|| 1.2555440519707820e-03
591 MLA ||r(i)||/||b|| 1.2516449151107930e-03
592 MLA ||r(i)||/||b|| 1.2477695432199024e-03
593 MLA ||r(i)||/||b|| 1.2439177792171320e-03
594 MLA ||r(i)||/||b|| 1.2400894782372553e-03
595 MLA ||r(i)||/||b|| 1.2362844784620537e-03
596 MLA ||r(i)||/||b|| 1.2325025759328488e-03
597 MLA ||r(i)||/||b|| 1.2287436681983784e-03
598 MLA ||r(i)||/||b|| 1.2250075373102126e-03
599 MLA ||r(i)||/||b|| 1.2212940373040552e-03
600 MLA ||r(i)||/||b|| 1.2176030513152002e-03
601 MLA ||r(i)||/||b|| 1.2139343994616424e-03
602 MLA ||r(i)||/||b|| 1.2102878912068724e-03
603 MLA ||r(i)||/||b|| 1.2066633792666614e-03
604 MLA ||r(i)||/||b|| 1.2030607415609356e-03
605 MLA ||r(i)||/||b|| 1.1994798191990487e-03
606 MLA ||r(i)||/||b|| 1.1959204632421624e-03
607 MLA ||r(i)||/||b|| 1.1923825240320511e-03
608 MLA ||r(i)||/||b|| 1.1888658155560399e-03
609 MLA ||r(i)||/||b|| 1.1853702291895099e-03
610 MLA ||r(i)||/||b|| 1.1818955841737028e-03
611 MLA ||r(i)||/||b|| 1.1784417701472848e-03
612 MLA ||r(i)||/||b|| 1.1750086409592464e-03
613 MLA ||r(i)||/||b|| 1.1715959793997253e-03
614 MLA ||r(i)||/||b|| 1.1682037433337622e-03
615 MLA ||r(i)||/||b|| 1.1648317269123899e-03
616 MLA ||r(i)||/||b|| 1.1614798145490881e-03
617 MLA ||r(i)||/||b|| 1.1581478349597621e-03
618 MLA ||r(i)||/||b|| 1.1548356584814106e-03
619 MLA ||r(i)||/||b|| 1.1515431741947568e-03
620 MLA ||r(i)||/||b|| 1.1482702360647204e-03
621 MLA ||r(i)||/||b|| 1.1450166930867260e-03
622 MLA ||r(i)||/||b|| 1.1417824208266427e-03
623 MLA ||r(i)||/||b|| 1.1385672786192826e-03
624 MLA ||r(i)||/||b|| 1.1353711164869315e-03
625 MLA ||r(i)||/||b|| 1.1321938052751862e-03
626 MLA ||r(i)||/||b|| 1.1290352277926071e-03
627 MLA ||r(i)||/||b|| 1.1258952388866002e-03
628 MLA ||r(i)||/||b|| 1.1227737111548400e-03
629 MLA ||r(i)||/||b|| 1.1196705657489029e-03
630 MLA ||r(i)||/||b|| 1.1165855679724443e-03
631 MLA ||r(i)||/||b|| 1.1135186654011163e-03
632 MLA ||r(i)||/||b|| 1.1104697241253339e-03
633 MLA ||r(i)||/||b|| 1.1074385858381151e-03
634 MLA ||r(i)||/||b|| 1.1044252011443278e-03
635 MLA ||r(i)||/||b|| 1.1014293655262561e-03
636 MLA ||r(i)||/||b|| 1.0984509772822527e-03
637 MLA ||r(i)||/||b|| 1.0954899236354869e-03
638 MLA ||r(i)||/||b|| 1.0925460609131994e-03
639 MLA ||r(i)||/||b|| 1.0896193045289865e-03
640 MLA ||r(i)||/||b|| 1.0867094957135832e-03
641 MLA ||r(i)||/||b|| 1.0838165422645989e-03
642 MLA ||r(i)||/||b|| 1.0809403022869367e-03
643 MLA ||r(i)||/||b|| 1.0780806974693717e-03
644 MLA ||r(i)||/||b|| 1.0752375879940863e-03
645 MLA ||r(i)||/||b|| 1.0724108520245793e-03
646 MLA ||r(i)||/||b|| 1.0696003488016700e-03
647 MLA ||r(i)||/||b|| 1.0668060039116249e-03
648 MLA ||r(i)||/||b|| 1.0640277112429406e-03
649 MLA ||r(i)||/||b|| 1.0612653218675036e-03
650 MLA ||r(i)||/||b|| 1.0585187419248729e-03
651 MLA ||r(i)||/||b|| 1.0557878656664134e-03
652 MLA ||r(i)||/||b|| 1.0530725863543431e-03
653 MLA ||r(i)||/||b|| 1.0503727700525974e-03
654 MLA ||r(i)||/||b|| 1.0476883059843834e-03
655 MLA ||r(i)||/||b|| 1.0450191186502338e-03
656 MLA ||r(i)||/||b|| 1.0423650898780485e-03
657 MLA ||r(i)||/||b|| 1.0397261351331711e-03
658 MLA ||r(i)||/||b|| 1.0371020725194980e-03
659 MLA ||r(i)||/||b|| 1.0344928218835058e-03
660 MLA ||r(i)||/||b|| 1.0318983287050021e-03
661 MLA ||r(i)||/||b|| 1.0293184820169882e-03
662 MLA ||r(i)||/||b|| 1.0267531398320913e-03
663 MLA ||r(i)||/||b|| 1.0242022129804845e-03
664 MLA ||r(i)||/||b|| 1.0216656061591541e-03
665 MLA ||r(i)||/||b|| 1.0191432437142750e-03
666 MLA ||r(i)||/||b|| 1.0166349594597887e-03
667 MLA ||r(i)||/||b|| 1.0141407021301116e-03
668 MLA ||r(i)||/||b|| 1.0116603708058992e-03
669 MLA ||r(i)||/||b|| 1.0091938715780728e-03
670 MLA ||r(i)||/||b|| 1.0067410596552304e-03
671 MLA ||r(i)||/||b|| 1.0043019081153661e-03
672 MLA ||r(i)||/||b|| 1.0018762891757349e-03
673 MLA ||r(i)||/||b|| 9.9946407742544001e-04
674 MLA ||r(i)||/||b|| 9.9706522032319816e-04
675 MLA ||r(i)||/||b|| 9.9467961922669536e-04
676 MLA ||r(i)||/||b|| 9.9230716868045046e-04
677 MLA ||r(i)||/||b|| 9.8994775683071672e-04
678 MLA ||r(i)||/||b|| 9.8760132735509361e-04
679 MLA ||r(i)||/||b|| 9.8526779187133344e-04
680 MLA ||r(i)||/||b|| 9.8294703686741002e-04
681 MLA ||r(i)||/||b|| 9.8063896632052039e-04
682 MLA ||r(i)||/||b|| 9.7834346689805733e-04
683 MLA ||r(i)||/||b|| 9.7606050134695164e-04
684 MLA ||r(i)||/||b|| 9.7378997000929345e-04
685 MLA ||r(i)||/||b|| 9.7153183750808240e-04
686 MLA ||r(i)||/||b|| 9.6928593929588333e-04
687 MLA ||r(i)||/||b|| 9.6705221230777979e-04
688 MLA ||r(i)||/||b|| 9.6483054234054375e-04
689 MLA ||r(i)||/||b|| 9.6262082970696185e-04
690 MLA ||r(i)||/||b|| 9.6042305588219109e-04
691 MLA ||r(i)||/||b|| 9.5823713446274174e-04
692 MLA ||r(i)||/||b|| 9.5606297622254869e-04
693 MLA ||r(i)||/||b|| 9.5390046325842038e-04
694 MLA ||r(i)||/||b|| 9.5174949024417598e-04
695 MLA ||r(i)||/||b|| 9.4961006379324676e-04
696 MLA ||r(i)||/||b|| 9.4748209705308208e-04
697 MLA ||r(i)||/||b|| 9.4536539817879884e-04
698 MLA ||r(i)||/||b|| 9.4325995848198519e-04
699 MLA ||r(i)||/||b|| 9.4116572563620509e-04
700 MLA ||r(i)||/||b|| 9.3908261060655798e-04
701 MLA ||r(i)||/||b|| 9.3701050041384724e-04
702 MLA ||r(i)||/||b|| 9.3494932363715930e-04
703 MLA ||r(i)||/||b|| 9.3289902473416236e-04
704 MLA ||r(i)||/||b|| 9.3085952997038022e-04
705 MLA ||r(i)||/||b|| 9.2883074825553897e-04
706 MLA ||r(i)||/||b|| 9.2681259993966018e-04
707 MLA ||r(i)||/||b|| 9.2480503453871922e-04
708 MLA ||r(i)||/||b|| 9.2280793988496000e-04
709 MLA ||r(i)||/||b|| 9.2082127492965798e-04
710 MLA ||r(i)||/||b|| 9.1884494081057218e-04
711 MLA ||r(i)||/||b|| 9.1687890655762431e-04
712 MLA ||r(i)||/||b|| 9.1492305642766831e-04
713 MLA ||r(i)||/||b|| 9.1297733504919145e-04
714 MLA ||r(i)||/||b|| 9.1104166646778430e-04
715 MLA ||r(i)||/||b|| 9.0911597130634194e-04
716 MLA ||r(i)||/||b|| 9.0720020960769550e-04
717 MLA ||r(i)||/||b|| 9.0529431043768875e-04
718 MLA ||r(i)||/||b|| 9.0339820069624101e-04
719 MLA ||r(i)||/||b|| 9.0151178890321708e-04
720 MLA ||r(i)||/||b|| 8.9963503906443634e-04
721 MLA ||r(i)||/||b|| 8.9776785255830862e-04
722 MLA ||r(i)||/||b|| 8.9591016123143497e-04
723 MLA ||r(i)||/||b|| 8.9406190867767621e-04
724 MLA ||r(i)||/||b|| 8.9222300463149358e-04
725 MLA ||r(i)||/||b|| 8.9039344634795530e-04
726 MLA ||r(i)||/||b|| 8.8857315840062858e-04
727 MLA ||r(i)||/||b|| 8.8676203539857223e-04
728 MLA ||r(i)||/||b|| 8.8496001124524590e-04
729 MLA ||r(i)||/||b|| 8.8316704119734016e-04
730 MLA ||r(i)||/||b|| 8.8138307291020361e-04
731 MLA ||r(i)||/||b|| 8.7960803687003885e-04
732 MLA ||r(i)||/||b|| 8.7784184675310294e-04
733 MLA ||r(i)||/||b|| 8.7608446903628069e-04
734 MLA ||r(i)||/||b|| 8.7433584883242976e-04
735 MLA ||r(i)||/||b|| 8.7259588824105730e-04
736 MLA ||r(i)||/||b|| 8.7086455346842534e-04
737 MLA ||r(i)||/||b|| 8.6914178121536251e-04
738 MLA ||r(i)||/||b|| 8.6742751084733724e-04
739 MLA ||r(i)||/||b|| 8.6572167869386236e-04
740 MLA ||r(i)||/||b|| 8.6402422861063077e-04
741 MLA ||r(i)||/||b|| 8.6233509552735360e-04
742 MLA ||r(i)||/||b|| 8.6065424700235637e-04
743 MLA ||r(i)||/||b|| 8.5898159749649551e-04
744 MLA ||r(i)||/||b|| 8.5731711171627210e-04
745 MLA ||r(i)||/||b|| 8.5566071733823574e-04
746 MLA ||r(i)||/||b|| 8.5401235251718159e-04
747 MLA ||r(i)||/||b|| 8.5237197270348437e-04
748 MLA ||r(i)||/||b|| 8.5073951557914523e-04
749 MLA ||r(i)||/||b|| 8.4911492952286199e-04
750 MLA ||r(i)||/||b|| 8.4749817229677464e-04
751 MLA ||r(i)||/||b|| 8.4588916604036359e-04
752 MLA ||r(i)||/||b|| 8.4428785830410356e-04
753 MLA ||r(i)||/||b|| 8.4269426388878751e-04
754 MLA ||r(i)||/||b|| 8.4110828043567785e-04
755 MLA ||r(i)||/||b|| 8.3952978506846878e-04
756 MLA ||r(i)||/||b|| 8.3795881993605729e-04
757 MLA ||r(i)||/||b|| 8.3639532700347928e-04
758 MLA ||r(i)||/||b|| 8.3483921278897360e-04
759 MLA ||r(i)||/||b|| 8.3329041866194386e-04
760 MLA ||r(i)||/||b|| 8.3174888356694714e-04
761 MLA ||r(i)||/||b|| 8.3021466710667190e-04
762 MLA ||r(i)||/||b|| 8.2868767187807221e-04
763 MLA ||r(i)||/||b|| 8.2716778761351072e-04
764 MLA ||r(i)||/||b|| 8.2565495395053846e-04
765 MLA ||r(i)||/||b|| 8.2414917130567303e-04
766 MLA ||r(i)||/||b|| 8.2265042910261690e-04
767 MLA ||r(i)||/||b|| 8.2115864624377497e-04
768 MLA ||r(i)||/||b|| 8.1967371875280633e-04
769 MLA ||r(i)||/||b|| 8.1819566151559607e-04
770 MLA ||r(i)||/||b|| 8.1672442633185253e-04
771 MLA ||r(i)||/||b|| 8.1525992771915273e-04
772 MLA ||r(i)||/||b|| 8.1380216928814066e-04
773 MLA ||r(i)||/||b|| 8.1235109506883237e-04
774 MLA ||r(i)||/||b|| 8.1090661456545432e-04
775 MLA ||r(i)||/||b|| 8.0946872151582911e-04
776 MLA ||r(i)||/||b|| 8.0803737062391464e-04
777 MLA ||r(i)||/||b|| 8.0661250439513282e-04
778 MLA ||r(i)||/||b|| 8.0519409531643353e-04
779 MLA ||r(i)||/||b|| 8.0378206248024847e-04
780 MLA ||r(i)||/||b|| 8.0237638870523276e-04
781 MLA ||r(i)||/||b|| 8.0097702756218086e-04
782 MLA ||r(i)||/||b|| 7.9958394381888609e-04
783 MLA ||r(i)||/||b|| 7.9819708830445961e-04
784 MLA ||r(i)||/||b|| 7.9681640955311711e-04
785 MLA ||r(i)||/||b|| 7.9544186628671221e-04
786 MLA ||r(i)||/||b|| 7.9407345434436352e-04
787 MLA ||r(i)||/||b|| 7.9271108741147387e-04
788 MLA ||r(i)||/||b|| 7.9135473940511989e-04
789 MLA ||r(i)||/||b|| 7.9000437742527611e-04
790 MLA ||r(i)||/||b|| 7.8865994344434276e-04
791 MLA ||r(i)||/||b|| 7.8732140093541042e-04
792 MLA ||r(i)||/||b|| 7.8598872988813674e-04
793 MLA ||r(i)||/||b|| 7.8466185301768435e-04
794 MLA ||r(i)||/||b|| 7.8334076814475363e-04
795 MLA ||r(i)||/||b|| 7.8202542333739118e-04
796 MLA ||r(i)||/||b|| 7.8071578140918060e-04
797 MLA ||r(i)||/||b|| 7.7941178860374744e-04
798 MLA ||r(i)||/||b|| 7.7811343758936349e-04
799 MLA ||r(i)||/||b|| 7.7682066485672459e-04
800 MLA ||r(i)||/||b|| 7.7553343497408888e-04
801 MLA ||r(i)||/||b|| 7.7425171082151102e-04
802 MLA ||r(i)||/||b|| 7.7297547858718374e-04
803 MLA ||r(i)||/||b|| 7.7170468122764971e-04
804 MLA ||r(i)||/||b|| 7.7043927973035351e-04
805 MLA ||r(i)||/||b|| 7.6917924128311853e-04
806 MLA ||r(i)||/||b|| 7.6792452448729031e-04
807 MLA ||r(i)||/||b|| 7.6667508844028816e-04
808 MLA ||r(i)||/||b|| 7.6543093588167695e-04
809 MLA ||r(i)||/||b|| 7.6419197759695998e-04
810 MLA ||r(i)||/||b|| 7.6295822848463540e-04
811 MLA ||r(i)||/||b|| 7.6172964834522196e-04
812 MLA ||r(i)||/||b|| 7.6050617056557424e-04
813 MLA ||r(i)||/||b|| 7.5928738408912485e-04
814 MLA ||r(i)||/||b|| 7.5807417088294947e-04
815 MLA ||r(i)||/||b|| 7.5686619574103896e-04
816 MLA ||r(i)||/||b|| 7.5566287976642479e-04
817 MLA ||r(i)||/||b|| 7.5446442387736240e-04
818 MLA ||r(i)||/||b|| 7.5327089048588024e-04
819 MLA ||r(i)||/||b|| 7.5208227229443055e-04
820 MLA ||r(i)||/||b|| 7.5089849148371815e-04
821 MLA ||r(i)||/||b|| 7.4971955560930144e-04
822 MLA ||r(i)||/||b|| 7.4854541976888034e-04
823 MLA ||r(i)||/||b|| 7.4737601856461654e-04
824 MLA ||r(i)||/||b|| 7.4621134116032686e-04
825 MLA ||r(i)||/||b|| 7.4505137917798929e-04
826 MLA ||r(i)||/||b|| 7.4389606771654414e-04
827 MLA ||r(i)||/||b|| 7.4274538410915535e-04
828 MLA ||r(i)||/||b|| 7.4159930777476532e-04
829 MLA ||r(i)||/||b|| 7.4045780127869284e-04
830 MLA ||r(i)||/||b|| 7.3932083448335548e-04
831 MLA ||r(i)||/||b|| 7.3818838139318394e-04
832 MLA ||r(i)||/||b|| 7.3706042319402918e-04
833 MLA ||r(i)||/||b|| 7.3593688276500473e-04
834 MLA ||r(i)||/||b|| 7.3481777905841719e-04
835 MLA ||r(i)||/||b|| 7.3370308761491721e-04
836 MLA ||r(i)||/||b|| 7.3259273976646424e-04
837 MLA ||r(i)||/||b|| 7.3148672713538299e-04
838 MLA ||r(i)||/||b|| 7.3038502835035424e-04
839 MLA ||r(i)||/||b|| 7.2928761669153010e-04
840 MLA ||r(i)||/||b|| 7.2819443033979932e-04
841 MLA ||r(i)||/||b|| 7.2710548886000665e-04
842 MLA ||r(i)||/||b|| 7.2602072897267136e-04
843 MLA ||r(i)||/||b|| 7.2494014948703775e-04
844 MLA ||r(i)||/||b|| 7.2386371347194032e-04
845 MLA ||r(i)||/||b|| 7.2279138747826245e-04
846 MLA ||r(i)||/||b|| 7.2172315448811443e-04
847 MLA ||r(i)||/||b|| 7.2065897967147209e-04
848 MLA ||r(i)||/||b|| 7.1959885726218756e-04
849 MLA ||r(i)||/||b|| 7.1854274275897593e-04
850 MLA ||r(i)||/||b|| 7.1749057326420910e-04
851 MLA ||r(i)||/||b|| 7.1644237526592139e-04
852 MLA ||r(i)||/||b|| 7.1539811075064293e-04
853 MLA ||r(i)||/||b|| 7.1435777867063838e-04
854 MLA ||r(i)||/||b|| 7.1332131533792759e-04
855 MLA ||r(i)||/||b|| 7.1228870422909523e-04
856 MLA ||r(i)||/||b|| 7.1125994646918710e-04
857 MLA ||r(i)||/||b|| 7.1023496326384728e-04
858 MLA ||r(i)||/||b|| 7.0921376057203817e-04
859 MLA ||r(i)||/||b|| 7.0819633674061989e-04
860 MLA ||r(i)||/||b|| 7.0718264954240434e-04
861 MLA ||r(i)||/||b|| 7.0617265986336634e-04
862 MLA ||r(i)||/||b|| 7.0516635755440591e-04
863 MLA ||r(i)||/||b|| 7.0416372403335308e-04
864 MLA ||r(i)||/||b|| 7.0316473549588061e-04
865 MLA ||r(i)||/||b|| 7.0216934554239059e-04
866 MLA ||r(i)||/||b|| 7.0117755339346233e-04
867 MLA ||r(i)||/||b|| 7.0018935294171333e-04
868 MLA ||r(i)||/||b|| 6.9920469792828671e-04
869 MLA ||r(i)||/||b|| 6.9822355497158571e-04
870 MLA ||r(i)||/||b|| 6.9724590976841575e-04
871 MLA ||r(i)||/||b|| 6.9627175704067216e-04
872 MLA ||r(i)||/||b|| 6.9530105939629946e-04
873 MLA ||r(i)||/||b|| 6.9433380367791946e-04
874 MLA ||r(i)||/||b|| 6.9336996237877150e-04
875 MLA ||r(i)||/||b|| 6.9240952122378056e-04
876 MLA ||r(i)||/||b|| 6.9145242975708740e-04
877 MLA ||r(i)||/||b|| 6.9049869571232261e-04
878 MLA ||r(i)||/||b|| 6.8954831698984269e-04
879 MLA ||r(i)||/||b|| 6.8860125748188873e-04
880 MLA ||r(i)||/||b|| 6.8765745705841579e-04
881 MLA ||r(i)||/||b|| 6.8671693183565928e-04
882 MLA ||r(i)||/||b|| 6.8577964963193990e-04
883 MLA ||r(i)||/||b|| 6.8484558947729370e-04
884 MLA ||r(i)||/||b|| 6.8391474356650338e-04
885 MLA ||r(i)||/||b|| 6.8298710476181318e-04
886 MLA ||r(i)||/||b|| 6.8206260258147776e-04
887 MLA ||r(i)||/||b|| 6.8114126185370421e-04
888 MLA ||r(i)||/||b|| 6.8022303209893699e-04
889 MLA ||r(i)||/||b|| 6.7930794803087796e-04
890 MLA ||r(i)||/||b|| 6.7839594246099253e-04
891 MLA ||r(i)||/||b|| 6.7748697987552494e-04
892 MLA ||r(i)||/||b|| 6.7658108235408231e-04
893 MLA ||r(i)||/||b|| 6.7567821735404349e-04
894 MLA ||r(i)||/||b|| 6.7477838776611599e-04
895 MLA ||r(i)||/||b|| 6.7388155197851073e-04
896 MLA ||r(i)||/||b|| 6.7298767782163367e-04
897 MLA ||r(i)||/||b|| 6.7209676043459123e-04
898 MLA ||r(i)||/||b|| 6.7120877560525197e-04
899 MLA ||r(i)||/||b|| 6.7032371507717424e-04
900 MLA ||r(i)||/||b|| 6.6944155357490434e-04
901 MLA ||r(i)||/||b|| 6.6856230107062485e-04
902 MLA ||r(i)||/||b|| 6.6768593633000778e-04
903 MLA ||r(i)||/||b|| 6.6681240128411469e-04
904 MLA ||r(i)||/||b|| 6.6594168421678661e-04
905 MLA ||r(i)||/||b|| 6.6507378281826807e-04
906 MLA ||r(i)||/||b|| 6.6420868489759069e-04
907 MLA ||r(i)||/||b|| 6.6334637249642627e-04
908 MLA ||r(i)||/||b|| 6.6248684346704209e-04
909 MLA ||r(i)||/||b|| 6.6163004987543914e-04
910 MLA ||r(i)||/||b|| 6.6077598998966983e-04
911 MLA ||r(i)||/||b|| 6.5992465703703848e-04
912 MLA ||r(i)||/||b|| 6.5907600408720386e-04
913 MLA ||r(i)||/||b|| 6.5823004224975393e-04
914 MLA ||r(i)||/||b|| 6.5738675714284531e-04
915 MLA ||r(i)||/||b|| 6.5654611172465875e-04
916 MLA ||r(i)||/||b|| 6.5570810582543063e-04
917 MLA ||r(i)||/||b|| 6.5487271598960617e-04
918 MLA ||r(i)||/||b|| 6.5403993794363815e-04
919 MLA ||r(i)||/||b|| 6.5320972965400917e-04
920 MLA ||r(i)||/||b|| 6.5238210199020411e-04
921 MLA ||r(i)||/||b|| 6.5155704071987299e-04
922 MLA ||r(i)||/||b|| 6.5073452283120512e-04
923 MLA ||r(i)||/||b|| 6.4991450355843705e-04
924 MLA ||r(i)||/||b|| 6.4909701873081536e-04
925 MLA ||r(i)||/||b|| 6.4828203579192631e-04
926 MLA ||r(i)||/||b|| 6.4746953147797265e-04
927 MLA ||r(i)||/||b|| 6.4665948524533854e-04
928 MLA ||r(i)||/||b|| 6.4585189724808889e-04
929 MLA ||r(i)||/||b|| 6.4504676480778463e-04
930 MLA ||r(i)||/||b|| 6.4424404643888267e-04
931 MLA ||r(i)||/||b|| 6.4344371438042553e-04
932 MLA ||r(i)||/||b|| 6.4264580474390873e-04
933 MLA ||r(i)||/||b|| 6.4185026602219864e-04
934 MLA ||r(i)||/||b|| 6.4105708219726549e-04
935 MLA ||r(i)||/||b|| 6.4026625709469624e-04
936 MLA ||r(i)||/||b|| 6.3947778149461355e-04
937 MLA ||r(i)||/||b|| 6.3869162004658356e-04
938 MLA ||r(i)||/||b|| 6.3790777380292967e-04
939 MLA ||r(i)||/||b|| 6.3712624759935238e-04
940 MLA ||r(i)||/||b|| 6.3634699355598671e-04
941 MLA ||r(i)||/||b|| 6.3557000184800907e-04
942 MLA ||r(i)||/||b|| 6.3479529309315582e-04
943 MLA ||r(i)||/||b|| 6.3402281919430325e-04
944 MLA ||r(i)||/||b|| 6.3325256062727036e-04
945 MLA ||r(i)||/||b|| 6.3248455155072447e-04
946 MLA ||r(i)||/||b|| 6.3171871487107745e-04
947 MLA ||r(i)||/||b|| 6.3095507076040480e-04
948 MLA ||r(i)||/||b|| 6.3019365460792920e-04
949 MLA ||r(i)||/||b|| 6.2943440523178661e-04
950 MLA ||r(i)||/||b|| 6.2867729720628802e-04
951 MLA ||r(i)||/||b|| 6.2792232706757750e-04
952 MLA ||r(i)||/||b|| 6.2716947890074318e-04
953 MLA ||r(i)||/||b|| 6.2641876638523620e-04
954 MLA ||r(i)||/||b|| 6.2567016478575735e-04
955 MLA ||r(i)||/||b|| 6.2492363472184094e-04
956 MLA ||r(i)||/||b|| 6.2417920703956831e-04
957 MLA ||r(i)||/||b|| 6.2343685756075429e-04
958 MLA ||r(i)||/||b|| 6.2269656264072356e-04
959 MLA ||r(i)||/||b|| 6.2195830774254188e-04
960 MLA ||r(i)||/||b|| 6.2122208336264897e-04
961 MLA ||r(i)||/||b|| 6.2048792100701487e-04
962 MLA ||r(i)||/||b|| 6.1975577352589865e-04
963 MLA ||r(i)||/||b|| 6.1902560808751983e-04
964 MLA ||r(i)||/||b|| 6.1829744085684980e-04
965 MLA ||r(i)||/||b|| 6.1757123870093264e-04
966 MLA ||r(i)||/||b|| 6.1684701435791840e-04
967 MLA ||r(i)||/||b|| 6.1612475487577876e-04
968 MLA ||r(i)||/||b|| 6.1540444054805610e-04
969 MLA ||r(i)||/||b|| 6.1468605222933276e-04
970 MLA ||r(i)||/||b|| 6.1396960824908556e-04
971 MLA ||r(i)||/||b|| 6.1325508174117117e-04
972 MLA ||r(i)||/||b|| 6.1254243046447363e-04
973 MLA ||r(i)||/||b|| 6.1183168060336356e-04
974 MLA ||r(i)||/||b|| 6.1112284452896485e-04
975 MLA ||r(i)||/||b|| 6.1041585559121550e-04
976 MLA ||r(i)||/||b|| 6.0971072851472583e-04
977 MLA ||r(i)||/||b|| 6.0900746390609578e-04
978 MLA ||r(i)||/||b|| 6.0830604744977152e-04
979 MLA ||r(i)||/||b|| 6.0760647250967647e-04
980 MLA ||r(i)||/||b|| 6.0690869971758668e-04
981 MLA ||r(i)||/||b|| 6.0621273557455067e-04
982 MLA ||r(i)||/||b|| 6.0551857586195620e-04
983 MLA ||r(i)||/||b|| 6.0482620885112426e-04
984 MLA ||r(i)||/||b|| 6.0413564408879987e-04
985 MLA ||r(i)||/||b|| 6.0344685652444100e-04
986 MLA ||r(i)||/||b|| 6.0275981441793112e-04
987 MLA ||r(i)||/||b|| 6.0207450281521847e-04
988 MLA ||r(i)||/||b|| 6.0139094822334765e-04
989 MLA ||r(i)||/||b|| 6.0070914532312685e-04
990 MLA ||r(i)||/||b|| 6.0002906276059118e-04
991 MLA ||r(i)||/||b|| 5.9935070580149853e-04
992 MLA ||r(i)||/||b|| 5.9867404275715209e-04
993 MLA ||r(i)||/||b|| 5.9799907219941723e-04
994 MLA ||r(i)||/||b|| 5.9732580261077136e-04
995 MLA ||r(i)||/||b|| 5.9665420321742787e-04
996 MLA ||r(i)||/||b|| 5.9598427791450362e-04
997 MLA ||r(i)||/||b|| 5.9531601884897851e-04
998 MLA ||r(i)||/||b|| 5.9464941783518382e-04
999 MLA ||r(i)||/||b|| 5.9398444971477810e-04
1000 MLA ||r(i)||/||b|| 5.9332112088995241e-04
>>>> mla solve time: 2.7429 (s)
>>>> ksp solve time: 0.00178385 (s)
            || b ||_2 = 2.6501139470351753e+00
|| r ||_2 / || b ||_2 = 1.4365554870196187e+01
