Config file: ../input/config/mla_v_cycle-refine0.json
order_rbm = 1
==== basic information of linear system ====
matrix Row = 1506, matrix Column = 1506
matrix nz_allocated = 27747, matrix nz_used = 27747, matrix nz_unneeded = 0
vector Row = 1506
>>>>>>>> setup phase:
 prolongation_block_row = 251, col = 65
size of prolongation: m = 1506, n = 390
>>>> 1st level, coarse mesh:
number of vertex(s): 65
length of list: 3
80->0->0->NULL
length of list: 3
51414912->0->0->NULL
length of list: 3
51414912->0->0->NULL
length of list: 3
0->1->0->NULL
length of list: 5
0->80->0->0->0->NULL
length of list: 5
0->0->0->0->0->NULL
length of list: 5
0->0->0->0->0->NULL
length of list: 6
0->0->0->0->0->2->NULL
length of list: 4
0->0->0->0->NULL
length of list: 5
0->0->0->0->0->NULL
length of list: 5
0->0->0->0->0->NULL
length of list: 5
0->0->0->0->94979088->NULL
length of list: 5
0->0->0->94979088->0->NULL
length of list: 5
0->0->0->0->0->NULL
length of list: 5
0->0->0->0->-253701943->NULL
length of list: 5
0->0->0->-253701943->95237376->NULL
length of list: 5
0->0->0->95237376->95249024->NULL
length of list: 5
0->0->51413848->95249024->95235712->NULL
length of list: 5
51413848->0->0->95235712->95245696->NULL
length of list: 5
0->51413848->0->95245696->95269040->NULL
length of list: 4
0->0->0->95269040->NULL
length of list: 5
0->0->0->95269040->95234048->NULL
length of list: 6
0->51414912->0->0->95234048->95255712->NULL
length of list: 6
0->51414912->51414912->0->0->95255712->NULL
length of list: 6
0->51414912->0->0->95234048->95255712->NULL
length of list: 5
0->0->0->95269040->95234048->NULL
length of list: 4
0->0->0->95269040->NULL
length of list: 6
0->0->0->95245696->95269040->64->NULL
length of list: 5
0->0->0->95235712->95245696->NULL
length of list: 5
0->0->0->95249024->95235712->NULL
length of list: 5
0->0->0->95237376->95249024->NULL
length of list: 5
0->0->0->-253701943->95237376->NULL
length of list: 5
0->0->0->0->-253701943->NULL
length of list: 5
0->0->204->0->0->NULL
length of list: 6
204->0->0->94979088->0->65->NULL
length of list: 5
0->204->0->0->94979088->NULL
length of list: 5
0->0->0->0->0->NULL
length of list: 5
0->0->0->0->0->NULL
length of list: 5
0->0->0->0->2->NULL
length of list: 5
0->0->0->0->2->NULL
length of list: 5
0->0->0->0->0->NULL
length of list: 5
0->0->1->0->0->NULL
length of list: 6
1->0->0->0->0->-804009960->NULL
length of list: 7
0->80->0->0->1->0->-804009960->NULL
length of list: 7
0->0->0->0->0->0->2->NULL
length of list: 8
0->0->0->0->1->0->0->-804009960->NULL
length of list: 7
0->0->0->0->0->0->0->NULL
length of list: 8
0->0->0->0->0->0->0->2->NULL
length of list: 7
0->0->0->0->0->0->0->NULL
length of list: 7
0->0->0->0->0->0->94979088->NULL
length of list: 8
94979088->0->0->204->0->0->0->65->NULL
length of list: 8
0->0->0->0->204->94979088->0->65->NULL
length of list: 7
0->0->0->0->0->0->-253701943->NULL
length of list: 7
-253701943->0->0->0->0->0->95237376->NULL
length of list: 7
95237376->0->0->0->0->-253701943->95249024->NULL
length of list: 7
95249024->0->0->0->0->95237376->95235712->NULL
length of list: 7
95235712->0->51413848->0->0->95249024->95245696->NULL
length of list: 8
95245696->51413848->0->0->0->95235712->95269040->64->NULL
length of list: 10
95269040->0->0->0->0->0->0->95245696->95234048->64->NULL
length of list: 7
95234048->0->0->0->0->95269040->95255712->NULL
length of list: 6
2->0->0->0->0->0->NULL
length of list: 5
95255712->0->0->0->95234048->NULL
length of list: 4
-804009960->1->0->0->NULL
length of list: 4
64->0->95245696->95269040->NULL
length of list: 4
65->204->94979088->0->NULL
>>>> num_level = 3, cnt_level = 0, num_vertex = 
>>>> 2nd level, fine mesh:
number of vertex(s): 65
length of list: 3
80->0->0->NULL
length of list: 3
51414912->0->0->NULL
length of list: 3
51414912->0->0->NULL
length of list: 3
0->1->0->NULL
length of list: 5
0->80->0->0->0->NULL
length of list: 5
0->0->0->0->0->NULL
length of list: 5
0->0->0->0->0->NULL
length of list: 6
0->0->0->0->0->2->NULL
length of list: 4
0->0->0->0->NULL
length of list: 5
0->0->0->0->0->NULL
length of list: 5
0->0->0->0->0->NULL
length of list: 5
0->0->0->0->94979088->NULL
length of list: 5
0->0->0->94979088->0->NULL
length of list: 5
0->0->0->0->0->NULL
length of list: 5
0->0->0->0->-253701943->NULL
length of list: 5
0->0->0->-253701943->95237376->NULL
length of list: 5
0->0->0->95237376->95249024->NULL
length of list: 5
0->0->51413848->95249024->95235712->NULL
length of list: 5
51413848->0->0->95235712->95245696->NULL
length of list: 5
0->51413848->0->95245696->95269040->NULL
length of list: 4
0->0->0->95269040->NULL
length of list: 5
0->0->0->95269040->95234048->NULL
length of list: 6
0->51414912->0->0->95234048->95255712->NULL
length of list: 6
0->51414912->51414912->0->0->95255712->NULL
length of list: 6
0->51414912->0->0->95234048->95255712->NULL
length of list: 5
0->0->0->95269040->95234048->NULL
length of list: 4
0->0->0->95269040->NULL
length of list: 6
0->0->0->95245696->95269040->64->NULL
length of list: 5
0->0->0->95235712->95245696->NULL
length of list: 5
0->0->0->95249024->95235712->NULL
length of list: 5
0->0->0->95237376->95249024->NULL
length of list: 5
0->0->0->-253701943->95237376->NULL
length of list: 5
0->0->0->0->-253701943->NULL
length of list: 5
0->0->204->0->0->NULL
length of list: 6
204->0->0->94979088->0->65->NULL
length of list: 5
0->204->0->0->94979088->NULL
length of list: 5
0->0->0->0->0->NULL
length of list: 5
0->0->0->0->0->NULL
length of list: 5
0->0->0->0->2->NULL
length of list: 5
0->0->0->0->2->NULL
length of list: 5
0->0->0->0->0->NULL
length of list: 5
0->0->1->0->0->NULL
length of list: 6
1->0->0->0->0->-804009960->NULL
length of list: 7
0->80->0->0->1->0->-804009960->NULL
length of list: 7
0->0->0->0->0->0->2->NULL
length of list: 8
0->0->0->0->1->0->0->-804009960->NULL
length of list: 7
0->0->0->0->0->0->0->NULL
length of list: 8
0->0->0->0->0->0->0->2->NULL
length of list: 7
0->0->0->0->0->0->0->NULL
length of list: 7
0->0->0->0->0->0->94979088->NULL
length of list: 8
94979088->0->0->204->0->0->0->65->NULL
length of list: 8
0->0->0->0->204->94979088->0->65->NULL
length of list: 7
0->0->0->0->0->0->-253701943->NULL
length of list: 7
-253701943->0->0->0->0->0->95237376->NULL
length of list: 7
95237376->0->0->0->0->-253701943->95249024->NULL
length of list: 7
95249024->0->0->0->0->95237376->95235712->NULL
length of list: 7
95235712->0->51413848->0->0->95249024->95245696->NULL
length of list: 8
95245696->51413848->0->0->0->95235712->95269040->64->NULL
length of list: 10
95269040->0->0->0->0->0->0->95245696->95234048->64->NULL
length of list: 7
95234048->0->0->0->0->95269040->95255712->NULL
length of list: 6
2->0->0->0->0->0->NULL
length of list: 5
95255712->0->0->0->95234048->NULL
length of list: 4
-804009960->1->0->0->NULL
length of list: 4
64->0->95245696->95269040->NULL
length of list: 4
65->204->94979088->0->NULL
