Config file: ../input/config/mla_v_cycle-refine0.json
order_rbm = 2
==== basic information of linear system ====
matrix Row = 1506, matrix Column = 1506
matrix nz_allocated = 27747, matrix nz_used = 27747, matrix nz_unneeded = 0
vector Row = 1506
>>>>>>>> setup phase:
 prolongation_block_row = 251, col = 65
size of prolongation: m = 1506, n = 585
>>>>>>>> setup phase:
 prolongation_block_row = 65, col = 25
size of prolongation: m = 585, n = 225


==== multilevel information ====
>>>> in neighbouring level 0:
there are 251 vertices in fine mesh, 65 vertices in coarse mesh!



======== prolongation operator ========
>>>> level 0: prolongation size m = 1506, n = 585, coarse size m = 585, n = 585


======== coarse operator ========
>>>> level 0: prolongation size m = 1506, n = 585, coarse size m = 585, n = 585
>>>> in neighbouring level 1:
there are 65 vertices in fine mesh, 25 vertices in coarse mesh!



======== prolongation operator ========
>>>> level 1: prolongation size m = 585, n = 225, coarse size m = 225, n = 225


======== coarse operator ========
>>>> level 1: prolongation size m = 585, n = 225, coarse size m = 225, n = 225
            || b ||_2 = 2.6501139470351753e+00
|| r ||_2 / || b ||_2 = 1.0000000000000000e+00
