Config file: ../input/config/mla_v_cycle-refine0.json
order_rbm = 1
==== basic information of linear system ====
matrix Row = 1506, matrix Column = 1506
matrix nz_allocated = 27747, matrix nz_used = 27747, matrix nz_unneeded = 0
vector Row = 1506

>>>> initial mesh:
number of vertex(s): 251
length of list: 4
1->239->5->88->NULL
length of list: 4
2->241->43->44->NULL
length of list: 4
3->238->46->47->NULL
length of list: 4
4->240->85->86->NULL
length of list: 5
5->202->6->239->1->NULL
length of list: 5
6->89->7->202->5->NULL
length of list: 5
7->133->89->6->8->NULL
length of list: 5
8->133->90->9->7->NULL
length of list: 5
9->90->8->137->10->NULL
length of list: 5
10->91->11->137->9->NULL
length of list: 5
11->91->10->233->12->NULL
length of list: 5
12->92->13->233->11->NULL
length of list: 5
13->92->12->141->14->NULL
length of list: 5
14->141->13->93->15->NULL
length of list: 5
15->93->14->145->16->NULL
length of list: 5
16->145->15->94->17->NULL
length of list: 5
17->149->94->18->16->NULL
length of list: 5
18->149->17->95->19->NULL
length of list: 5
19->153->95->18->20->NULL
length of list: 5
20->153->96->19->21->NULL
length of list: 5
21->157->96->20->22->NULL
length of list: 5
22->157->97->21->23->NULL
length of list: 5
23->158->97->22->24->NULL
length of list: 5
24->158->98->23->25->NULL
length of list: 5
25->160->98->24->26->NULL
length of list: 5
26->160->99->25->27->NULL
length of list: 5
27->162->99->26->28->NULL
length of list: 5
28->162->100->27->29->NULL
length of list: 5
29->164->100->28->30->NULL
length of list: 5
30->164->101->29->31->NULL
length of list: 5
31->166->101->30->32->NULL
length of list: 5
32->166->102->31->33->NULL
length of list: 5
33->168->102->32->34->NULL
length of list: 5
34->168->103->33->35->NULL
length of list: 5
35->103->34->170->36->NULL
length of list: 5
36->170->104->37->35->NULL
length of list: 5
37->104->36->172->38->NULL
length of list: 5
38->172->105->39->37->NULL
length of list: 5
39->105->38->176->40->NULL
length of list: 5
40->176->106->41->39->NULL
length of list: 5
41->106->40->180->42->NULL
length of list: 5
42->180->125->43->41->NULL
length of list: 5
43->125->42->241->2->NULL
length of list: 5
44->205->45->241->2->NULL
length of list: 5
45->127->46->205->44->NULL
length of list: 5
46->127->45->238->3->NULL
length of list: 5
47->204->48->238->3->NULL
length of list: 5
48->107->49->204->47->NULL
length of list: 5
49->107->48->210->50->NULL
length of list: 5
50->108->51->210->49->NULL
length of list: 5
51->108->50->231->52->NULL
length of list: 5
52->109->53->231->51->NULL
length of list: 5
53->109->52->181->54->NULL
length of list: 5
54->181->110->55->53->NULL
length of list: 5
55->183->110->54->56->NULL
length of list: 5
56->183->111->55->57->NULL
length of list: 5
57->185->111->56->58->NULL
length of list: 5
58->185->112->57->59->NULL
length of list: 5
59->187->112->58->60->NULL
length of list: 5
60->187->113->59->61->NULL
length of list: 5
61->113->60->189->62->NULL
length of list: 5
62->189->114->63->61->NULL
length of list: 5
63->114->62->191->64->NULL
length of list: 5
64->191->115->65->63->NULL
length of list: 5
65->193->115->64->66->NULL
length of list: 5
66->193->116->67->65->NULL
length of list: 5
67->195->116->66->68->NULL
length of list: 5
68->195->117->67->69->NULL
length of list: 5
69->117->68->230->70->NULL
length of list: 5
70->118->71->230->69->NULL
length of list: 5
71->118->70->234->72->NULL
length of list: 5
72->119->73->234->71->NULL
length of list: 5
73->119->72->237->74->NULL
length of list: 5
74->120->75->237->73->NULL
length of list: 5
75->120->74->227->76->NULL
length of list: 5
76->121->77->227->75->NULL
length of list: 5
77->197->78->121->76->NULL
length of list: 5
78->197->77->122->79->NULL
length of list: 5
79->122->78->129->80->NULL
length of list: 5
80->123->81->129->79->NULL
length of list: 5
81->123->80->212->82->NULL
length of list: 5
82->124->83->212->81->NULL
length of list: 5
83->124->82->224->84->NULL
length of list: 5
84->126->85->224->83->NULL
length of list: 5
85->126->84->240->4->NULL
length of list: 5
86->203->87->240->4->NULL
length of list: 5
87->128->88->203->86->NULL
length of list: 5
88->128->87->239->1->NULL
length of list: 7
89->133->7->134->6->135->202->NULL
length of list: 7
90->139->138->133->8->9->137->NULL
length of list: 8
91->233->132->11->10->137->201->248->NULL
length of list: 8
92->228->132->233->13->12->141->251->NULL
length of list: 7
93->143->142->15->14->141->145->NULL
length of list: 7
94->147->146->149->145->17->16->NULL
length of list: 7
95->150->149->151->153->19->18->NULL
length of list: 7
96->155->154->153->157->21->20->NULL
length of list: 7
97->158->23->157->22->159->217->NULL
length of list: 7
98->160->25->158->24->161->215->NULL
length of list: 7
99->162->27->160->26->163->213->NULL
length of list: 7
100->164->29->162->28->165->214->NULL
length of list: 7
101->166->31->164->30->167->218->NULL
length of list: 7
102->168->33->166->32->169->219->NULL
length of list: 7
103->171->170->168->34->35->220->NULL
length of list: 7
104->170->36->37->172->200->208->NULL
length of list: 7
105->176->174->172->38->39->173->NULL
length of list: 7
106->176->40->41->180->178->177->NULL
length of list: 8
107->209->179->210->49->48->242->204->NULL
length of list: 8
108->231->175->229->210->179->51->50->NULL
length of list: 8
109->231->175->182->181->53->52->244->NULL
length of list: 8
110->181->54->183->55->246->245->207->NULL
length of list: 7
111->185->57->183->56->184->221->NULL
length of list: 7
112->187->59->185->58->186->222->NULL
length of list: 7
113->187->60->61->189->188->225->NULL
length of list: 7
114->189->62->63->191->190->226->NULL
length of list: 7
115->193->65->191->64->192->216->NULL
length of list: 7
116->195->67->193->66->194->223->NULL
length of list: 8
117->230->156->195->68->69->196->250->NULL
length of list: 8
118->232->152->234->156->230->71->70->NULL
length of list: 8
119->237->148->235->234->152->73->72->NULL
length of list: 8
120->236->144->227->148->237->75->74->NULL
length of list: 8
121->227->144->197->77->198->76->249->NULL
length of list: 7
122->197->78->131->130->129->79->NULL
length of list: 8
123->212->140->81->80->129->247->206->NULL
length of list: 8
124->211->136->224->140->212->83->82->NULL
length of list: 7
125->205->199->180->42->43->241->NULL
length of list: 8
126->224->136->85->84->243->240->203->NULL
length of list: 7
127->242->205->46->45->238->204->NULL
length of list: 8
128->243->135->202->88->87->203->239->NULL
length of list: 7
129->130->122->79->123->80->206->NULL
length of list: 8
130->206->201->131->122->129->132->248->NULL
length of list: 7
131->198->197->130->122->132->228->NULL
length of list: 8
132->228->92->233->91->130->131->248->NULL
length of list: 7
133->139->134->7->89->90->8->NULL
length of list: 7
134->139->133->89->136->135->211->NULL
length of list: 7
135->243->128->202->136->134->89->NULL
length of list: 8
136->211->124->224->126->134->135->243->NULL
length of list: 7
137->91->10->9->90->138->201->NULL
length of list: 7
138->140->139->90->137->201->247->NULL
length of list: 7
139->140->138->90->133->134->211->NULL
length of list: 8
140->212->123->211->124->138->139->247->NULL
length of list: 7
141->14->13->92->93->142->251->NULL
length of list: 7
142->143->93->141->144->251->249->NULL
length of list: 7
143->146->145->93->142->144->236->NULL
length of list: 8
144->236->120->227->121->143->142->249->NULL
length of list: 7
145->146->94->143->16->15->93->NULL
length of list: 7
146->147->94->145->143->148->236->NULL
length of list: 7
147->94->146->149->150->148->235->NULL
length of list: 8
148->237->119->235->236->120->147->146->NULL
length of list: 7
149->94->147->150->95->17->18->NULL
length of list: 7
150->95->149->151->147->152->235->NULL
length of list: 7
151->95->150->154->153->152->232->NULL
length of list: 8
152->232->118->234->119->235->151->150->NULL
length of list: 7
153->154->151->95->96->19->20->NULL
length of list: 7
154->155->96->153->151->156->232->NULL
length of list: 8
155->217->196->96->154->157->156->250->NULL
length of list: 8
156->232->118->230->117->155->154->250->NULL
length of list: 7
157->96->155->21->97->22->217->NULL
length of list: 7
158->23->97->98->24->159->215->NULL
length of list: 8
159->217->196->223->215->194->158->97->NULL
length of list: 7
160->25->98->99->26->161->213->NULL
length of list: 8
161->215->194->216->213->192->160->98->NULL
length of list: 7
162->27->99->100->28->163->214->NULL
length of list: 8
163->213->192->226->214->190->162->99->NULL
length of list: 7
164->29->100->101->30->165->218->NULL
length of list: 8
165->214->190->225->218->188->164->100->NULL
length of list: 7
166->31->101->102->32->167->219->NULL
length of list: 8
167->218->188->222->219->186->166->101->NULL
length of list: 7
168->33->102->103->34->169->220->NULL
length of list: 8
169->220->184->221->219->186->168->102->NULL
length of list: 7
170->171->103->104->36->35->200->NULL
length of list: 8
171->220->184->170->103->200->246->207->NULL
length of list: 7
172->105->38->37->104->173->208->NULL
length of list: 8
173->208->182->105->172->174->175->244->NULL
length of list: 7
174->176->105->177->173->175->229->NULL
length of list: 8
175->231->108->229->109->174->173->244->NULL
length of list: 7
176->105->174->177->106->40->39->NULL
length of list: 7
177->176->174->179->178->106->229->NULL
length of list: 7
178->199->180->179->177->106->209->NULL
length of list: 8
179->210->108->209->107->229->178->177->NULL
length of list: 7
180->125->42->199->178->41->106->NULL
length of list: 7
181->182->109->110->54->53->245->NULL
length of list: 8
182->208->173->200->181->109->244->245->NULL
length of list: 7
183->55->110->111->56->184->246->NULL
length of list: 8
184->220->169->221->171->111->183->246->NULL
length of list: 7
185->57->111->112->58->186->221->NULL
length of list: 8
186->219->169->221->167->222->112->185->NULL
length of list: 7
187->59->112->113->60->188->222->NULL
length of list: 8
188->218->167->222->165->225->113->187->NULL
length of list: 7
189->114->62->61->113->190->225->NULL
length of list: 8
190->214->165->225->163->226->114->189->NULL
length of list: 7
191->115->64->63->114->192->226->NULL
length of list: 8
192->213->163->226->161->216->115->191->NULL
length of list: 7
193->65->115->116->66->194->216->NULL
length of list: 8
194->215->161->216->159->223->116->193->NULL
length of list: 7
195->67->116->117->68->196->223->NULL
length of list: 8
196->217->159->223->155->117->195->250->NULL
length of list: 7
197->78->77->122->121->198->131->NULL
length of list: 7
198->131->197->121->228->249->251->NULL
length of list: 7
199->242->205->125->180->178->209->NULL
length of list: 8
200->208->182->170->171->104->245->207->NULL
length of list: 8
201->206->130->137->138->91->248->247->NULL
length of list: 7
202->128->135->89->6->5->239->NULL
length of list: 7
203->243->128->87->86->240->126->NULL
length of list: 7
204->242->107->48->47->238->127->NULL
length of list: 8
205->242->199->125->127->45->44->241->NULL
length of list: 6
206->130->201->129->247->123->NULL
length of list: 6
207->246->110->245->200->171->NULL
length of list: 6
208->182->173->200->172->104->NULL
length of list: 6
209->179->107->242->178->199->NULL
length of list: 6
210->179->108->107->50->49->NULL
length of list: 6
211->136->124->140->134->139->NULL
length of list: 6
212->123->140->124->81->82->NULL
length of list: 6
213->192->163->161->160->99->NULL
length of list: 6
214->190->165->163->162->100->NULL
length of list: 6
215->194->161->159->158->98->NULL
length of list: 6
216->161->194->192->115->193->NULL
length of list: 6
217->196->159->155->157->97->NULL
length of list: 6
218->188->167->165->164->101->NULL
length of list: 6
219->186->169->167->166->102->NULL
length of list: 6
220->169->184->171->168->103->NULL
length of list: 6
221->184->169->186->111->185->NULL
length of list: 6
222->167->188->186->112->187->NULL
length of list: 6
223->159->196->194->116->195->NULL
length of list: 6
224->124->136->126->83->84->NULL
length of list: 6
225->165->190->188->113->189->NULL
length of list: 6
226->163->192->190->114->191->NULL
length of list: 6
227->120->144->121->76->75->NULL
length of list: 6
228->92->132->131->251->198->NULL
length of list: 6
229->175->108->179->174->177->NULL
length of list: 6
230->156->118->117->69->70->NULL
length of list: 6
231->108->175->109->52->51->NULL
length of list: 6
232->152->118->156->154->151->NULL
length of list: 6
233->132->92->91->11->12->NULL
length of list: 6
234->118->152->119->72->71->NULL
length of list: 6
235->148->119->152->147->150->NULL
length of list: 6
236->144->120->148->146->143->NULL
length of list: 6
237->119->148->120->74->73->NULL
length of list: 6
238->3->46->47->204->127->NULL
length of list: 6
239->5->1->88->202->128->NULL
length of list: 6
240->4->85->86->203->126->NULL
length of list: 6
241->2->43->44->205->125->NULL
length of list: 7
242->205->199->127->107->204->209->NULL
length of list: 6
243->135->128->203->126->136->NULL
length of list: 5
244->173->182->109->175->NULL
length of list: 6
245->182->200->110->181->207->NULL
length of list: 6
246->171->184->183->110->207->NULL
length of list: 6
247->140->123->201->138->206->NULL
length of list: 5
248->201->130->132->91->NULL
length of list: 6
249->121->144->198->251->142->NULL
length of list: 5
250->196->155->156->117->NULL
length of list: 7
251->141->92->228->198->249->142->NULL

>>>> 1st coarse mesh:
number of vertex(s): 65
length of list: 3
1->5->44->NULL
length of list: 3
2->23->24->NULL
length of list: 3
3->24->25->NULL
length of list: 3
4->43->44->NULL
length of list: 5
5->1->6->44->46->NULL
length of list: 5
6->5->7->46->47->NULL
length of list: 5
7->6->8->45->47->NULL
length of list: 6
8->7->9->45->48->61->NULL
length of list: 4
9->8->10->48->NULL
length of list: 5
10->9->11->48->49->NULL
length of list: 5
11->10->12->49->50->NULL
length of list: 5
12->11->13->50->51->NULL
length of list: 5
13->12->14->51->52->NULL
length of list: 5
14->13->15->52->53->NULL
length of list: 5
15->14->16->53->54->NULL
length of list: 5
16->15->17->54->55->NULL
length of list: 5
17->16->18->55->56->NULL
length of list: 5
18->17->19->56->57->NULL
length of list: 5
19->18->20->57->58->NULL
length of list: 5
20->19->21->58->59->NULL
length of list: 4
21->20->22->59->NULL
length of list: 5
22->21->23->59->60->NULL
length of list: 6
23->2->22->24->60->62->NULL
length of list: 6
24->2->3->23->25->62->NULL
length of list: 6
25->3->24->26->60->62->NULL
length of list: 5
26->25->27->59->60->NULL
length of list: 4
27->26->28->59->NULL
length of list: 6
28->27->29->58->59->64->NULL
length of list: 5
29->28->30->57->58->NULL
length of list: 5
30->29->31->56->57->NULL
length of list: 5
31->30->32->55->56->NULL
length of list: 5
32->31->33->54->55->NULL
length of list: 5
33->32->34->53->54->NULL
length of list: 5
34->33->35->52->53->NULL
length of list: 6
35->34->36->51->52->65->NULL
length of list: 5
36->35->37->50->51->NULL
length of list: 5
37->36->38->49->50->NULL
length of list: 5
38->37->39->48->49->NULL
length of list: 5
39->38->40->48->61->NULL
length of list: 5
40->39->41->45->61->NULL
length of list: 5
41->40->42->45->47->NULL
length of list: 5
42->41->43->46->47->NULL
length of list: 6
43->4->42->44->46->63->NULL
length of list: 7
44->1->4->5->43->46->63->NULL
length of list: 7
45->7->8->40->41->47->61->NULL
length of list: 8
46->5->6->42->43->44->47->63->NULL
length of list: 7
47->6->7->41->42->45->46->NULL
length of list: 8
48->8->9->10->38->39->49->61->NULL
length of list: 7
49->10->11->37->38->48->50->NULL
length of list: 7
50->11->12->36->37->49->51->NULL
length of list: 8
51->12->13->35->36->50->52->65->NULL
length of list: 8
52->13->14->34->35->51->53->65->NULL
length of list: 7
53->14->15->33->34->52->54->NULL
length of list: 7
54->15->16->32->33->53->55->NULL
length of list: 7
55->16->17->31->32->54->56->NULL
length of list: 7
56->17->18->30->31->55->57->NULL
length of list: 7
57->18->19->29->30->56->58->NULL
length of list: 8
58->19->20->28->29->57->59->64->NULL
length of list: 10
59->20->21->22->26->27->28->58->60->64->NULL
length of list: 7
60->22->23->25->26->59->62->NULL
length of list: 6
61->8->39->40->45->48->NULL
length of list: 5
62->23->24->25->60->NULL
length of list: 4
63->43->44->46->NULL
length of list: 4
64->28->58->59->NULL
length of list: 4
65->35->51->52->NULL
>>>> 1st level, coarse mesh:
number of vertex(s): 65
length of list: 3
1->5->44->NULL
length of list: 3
2->23->24->NULL
length of list: 3
3->24->25->NULL
length of list: 3
4->43->44->NULL
length of list: 5
5->1->6->44->46->NULL
length of list: 5
6->5->7->46->47->NULL
length of list: 5
7->6->8->45->47->NULL
length of list: 6
8->7->9->45->48->61->NULL
length of list: 4
9->8->10->48->NULL
length of list: 5
10->9->11->48->49->NULL
length of list: 5
11->10->12->49->50->NULL
length of list: 5
12->11->13->50->51->NULL
length of list: 5
13->12->14->51->52->NULL
length of list: 5
14->13->15->52->53->NULL
length of list: 5
15->14->16->53->54->NULL
length of list: 5
16->15->17->54->55->NULL
length of list: 5
17->16->18->55->56->NULL
length of list: 5
18->17->19->56->57->NULL
length of list: 5
19->18->20->57->58->NULL
length of list: 5
20->19->21->58->59->NULL
length of list: 4
21->20->22->59->NULL
length of list: 5
22->21->23->59->60->NULL
length of list: 6
23->2->22->24->60->62->NULL
length of list: 6
24->2->3->23->25->62->NULL
length of list: 6
25->3->24->26->60->62->NULL
length of list: 5
26->25->27->59->60->NULL
length of list: 4
27->26->28->59->NULL
length of list: 6
28->27->29->58->59->64->NULL
length of list: 5
29->28->30->57->58->NULL
length of list: 5
30->29->31->56->57->NULL
length of list: 5
31->30->32->55->56->NULL
length of list: 5
32->31->33->54->55->NULL
length of list: 5
33->32->34->53->54->NULL
length of list: 5
34->33->35->52->53->NULL
length of list: 6
35->34->36->51->52->65->NULL
length of list: 5
36->35->37->50->51->NULL
length of list: 5
37->36->38->49->50->NULL
length of list: 5
38->37->39->48->49->NULL
length of list: 5
39->38->40->48->61->NULL
length of list: 5
40->39->41->45->61->NULL
length of list: 5
41->40->42->45->47->NULL
length of list: 5
42->41->43->46->47->NULL
length of list: 6
43->4->42->44->46->63->NULL
length of list: 7
44->1->4->5->43->46->63->NULL
length of list: 7
45->7->8->40->41->47->61->NULL
length of list: 8
46->5->6->42->43->44->47->63->NULL
length of list: 7
47->6->7->41->42->45->46->NULL
length of list: 8
48->8->9->10->38->39->49->61->NULL
length of list: 7
49->10->11->37->38->48->50->NULL
length of list: 7
50->11->12->36->37->49->51->NULL
length of list: 8
51->12->13->35->36->50->52->65->NULL
length of list: 8
52->13->14->34->35->51->53->65->NULL
length of list: 7
53->14->15->33->34->52->54->NULL
length of list: 7
54->15->16->32->33->53->55->NULL
length of list: 7
55->16->17->31->32->54->56->NULL
length of list: 7
56->17->18->30->31->55->57->NULL
length of list: 7
57->18->19->29->30->56->58->NULL
length of list: 8
58->19->20->28->29->57->59->64->NULL
length of list: 10
59->20->21->22->26->27->28->58->60->64->NULL
length of list: 7
60->22->23->25->26->59->62->NULL
length of list: 6
61->8->39->40->45->48->NULL
length of list: 5
62->23->24->25->60->NULL
length of list: 4
63->43->44->46->NULL
length of list: 4
64->28->58->59->NULL
length of list: 4
65->35->51->52->NULL
>>>>>>>> setup phase:
 prolongation_block_row = 251, col = 65
size of prolongation: m = 1506, n = 390
>>>> num_level = 3, cnt_level = 0, num_vertex = 
>>>> 2nd level, fine mesh:
number of vertex(s): 65
length of list: 3
80->0->0->NULL
length of list: 3
51414976->0->0->NULL
length of list: 3
51414976->0->0->NULL
length of list: 3
0->1->0->NULL
length of list: 5
0->80->0->0->0->NULL
length of list: 5
0->0->0->0->0->NULL
length of list: 5
0->0->0->0->0->NULL
length of list: 6
0->0->0->0->0->2->NULL
length of list: 4
0->0->0->0->NULL
length of list: 5
0->0->0->0->0->NULL
length of list: 5
0->0->0->0->0->NULL
length of list: 5
0->0->0->0->74064912->NULL
length of list: 5
0->0->0->74064912->0->NULL
length of list: 5
0->0->0->0->0->NULL
length of list: 5
0->0->0->0->-253701943->NULL
length of list: 5
0->0->0->-253701943->74323200->NULL
length of list: 5
0->0->0->74323200->74334848->NULL
length of list: 5
0->0->51413912->74334848->74321536->NULL
length of list: 5
51413912->0->0->74321536->74331520->NULL
length of list: 5
0->51413912->0->74331520->74354864->NULL
length of list: 4
0->0->0->74354864->NULL
length of list: 5
0->0->0->74354864->74319872->NULL
length of list: 6
0->51414976->0->0->74319872->74341536->NULL
length of list: 6
0->51414976->51414976->0->0->74341536->NULL
length of list: 6
0->51414976->0->0->74319872->74341536->NULL
length of list: 5
0->0->0->74354864->74319872->NULL
length of list: 4
0->0->0->74354864->NULL
length of list: 6
0->0->0->74331520->74354864->64->NULL
length of list: 5
0->0->0->74321536->74331520->NULL
length of list: 5
0->0->0->74334848->74321536->NULL
length of list: 5
0->0->0->74323200->74334848->NULL
length of list: 5
0->0->0->-253701943->74323200->NULL
length of list: 5
0->0->0->0->-253701943->NULL
length of list: 5
0->0->204->0->0->NULL
length of list: 6
204->0->0->74064912->0->65->NULL
length of list: 5
0->204->0->0->74064912->NULL
length of list: 5
0->0->0->0->0->NULL
length of list: 5
0->0->0->0->0->NULL
length of list: 5
0->0->0->0->2->NULL
length of list: 5
0->0->0->0->2->NULL
length of list: 5
0->0->0->0->0->NULL
length of list: 5
0->0->1->0->0->NULL
length of list: 6
1->0->0->0->0->-44267496->NULL
length of list: 7
0->80->0->0->1->0->-44267496->NULL
length of list: 7
0->0->0->0->0->0->2->NULL
length of list: 8
0->0->0->0->1->0->0->-44267496->NULL
length of list: 7
0->0->0->0->0->0->0->NULL
length of list: 8
0->0->0->0->0->0->0->2->NULL
length of list: 7
0->0->0->0->0->0->0->NULL
length of list: 7
0->0->0->0->0->0->74064912->NULL
length of list: 8
74064912->0->0->204->0->0->0->65->NULL
length of list: 8
0->0->0->0->204->74064912->0->65->NULL
length of list: 7
0->0->0->0->0->0->-253701943->NULL
length of list: 7
-253701943->0->0->0->0->0->74323200->NULL
length of list: 7
74323200->0->0->0->0->-253701943->74334848->NULL
length of list: 7
74334848->0->0->0->0->74323200->74321536->NULL
length of list: 7
74321536->0->51413912->0->0->74334848->74331520->NULL
length of list: 8
74331520->51413912->0->0->0->74321536->74354864->64->NULL
length of list: 10
74354864->0->0->0->0->0->0->74331520->74319872->64->NULL
length of list: 7
74319872->0->0->0->0->74354864->74341536->NULL
length of list: 6
2->0->0->0->0->0->NULL
length of list: 5
74341536->0->0->0->74319872->NULL
length of list: 4
-44267496->1->0->0->NULL
length of list: 4
64->0->74331520->74354864->NULL
length of list: 4
65->204->74064912->0->NULL
