Config file: ../input/config/mla_v_cycle-refine0.json
order_rbm = 1
==== basic information of linear system ====
matrix Row = 1506, matrix Column = 1506
matrix nz_allocated = 27747, matrix nz_used = 27747, matrix nz_unneeded = 0
vector Row = 1506
>>>>>>>> setup phase:
 0 level: prolongation_block_row = 251, col = 65
0 level, size of prolongation: m = 1506, n = 390
>>>>>>>> setup phase:
 1 level: prolongation_block_row = 65, col = 25
1 level, size of prolongation: m = 390, n = 150
>>>> num_level = 1, cnt_level = 1, coarse num_vertex = 25
0 MLA ||r(i)||/||b|| 1.0000000000000000e+00
Vec Object: 1 MPI process
  type: seq
0.
0.
-0.125971
0.0355628
-0.0258074
0.
0.
0.
-0.486975
0.0639577
0.0525249
0.
0.
0.
-0.449083
-0.0511328
0.0636489
0.
0.
0.
-0.151214
0.0193008
-0.0289581
0.
0.
0.
-0.47077
0.105922
0.00834735
0.
0.
0.
-0.566684
0.0816237
0.00076279
0.
0.
0.
-0.498809
0.0528719
0.0118893
0.
0.
0.
-0.612405
0.077499
0.0730251
0.
0.
0.
-0.526084
0.077453
0.000881703
0.
0.
0.
-0.623404
0.0865586
0.0339792
0.
0.
0.
-0.633816
0.0848822
0.0374182
0.
0.
0.
-0.616403
0.077694
0.0380722
0.
0.
0.
-0.571637
0.0694621
0.0285442
0.
0.
0.
-0.52353
0.0694871
0.000924477
0.
0.
0.
-0.527384
0.0692481
0.00249416
0.
0.
0.
-0.527408
0.0690275
0.00257633
0.
0.
0.
-0.5273
0.0689289
0.00256313
0.
0.
0.
-0.525991
0.0687255
0.00201689
0.
0.
0.
-0.531207
0.0706985
-0.00109301
0.
0.
0.
-0.537384
0.0718795
-0.000906528
0.
0.
0.
-0.534736
0.075628
-0.00373011
0.
0.
0.
-0.61922
0.0811445
0.0370252
0.
0.
0.
-0.507284
0.0363537
0.013045
0.
0.
0.
-0.418789
-0.00113814
0.0394699
0.
0.
0.
-0.417239
-0.0601712
-0.0111114
0.
0.
0.
-0.578128
-0.065397
-0.0883817
0.
0.
0.
-0.571541
-0.0702896
-0.0742734
0.
0.
0.
-0.477988
-0.0635771
0.00300872
0.
0.
0.
-0.505726
-0.0695293
0.00315564
0.
0.
0.
-0.520536
-0.0707295
7.89965e-05
0.
0.
0.
-0.522984
-0.0705498
-0.000811547
0.
0.
0.
-0.523211
-0.0704507
-0.000891878
0.
0.
0.
-0.523761
-0.0704681
-0.000826162
0.
0.
0.
-0.521705
-0.0676556
-0.00136302
0.
0.
0.
-0.457391
-0.0502159
-0.00666413
0.
0.
0.
-0.566783
-0.065454
-0.0864038
0.
0.
0.
-0.572405
-0.0677473
-0.0904026
0.
0.
0.
-0.569347
-0.0660389
-0.0888525
0.
0.
0.
-0.59896
-0.0790701
-0.0742334
0.
0.
0.
-0.571949
-0.0891982
-0.0284116
0.
0.
0.
-0.480922
-0.0502333
-0.0090845
0.
0.
0.
-0.57515
-0.0588647
-0.0767232
0.
0.
0.
-0.449888
-0.0172887
-0.0573386
0.
0.
0.
-0.0553535
0.0204888
-0.0109884
0.
0.
0.
-1.11132
-0.0298172
0.0769094
0.
0.
0.
-0.947357
0.0582859
-0.100945
0.
0.
0.
-0.558657
0.00392202
-0.042217
0.
0.
0.
-0.941995
0.0358396
0.0550153
0.
0.
0.
-0.78098
0.0322711
0.0637815
0.
0.
0.
-0.789503
0.0304583
0.064208
0.
0.
0.
-0.732056
0.0218128
0.0801807
0.
0.
0.
-1.38147
-0.0138516
-0.0310337
0.
0.
0.
-0.949199
0.0137491
-0.0225875
0.
0.
0.
-0.949551
0.0132278
-0.0227187
0.
0.
0.
-0.949316
0.0130612
-0.022667
0.
0.
0.
-0.945176
0.0127893
-0.0221758
0.
0.
0.
-0.91397
0.00825852
-0.0155856
0.
0.
0.
-0.74434
0.0368399
0.0059716
0.
0.
0.
-1.15968
-0.0152887
0.057822
0.
0.
0.
-0.780366
0.0323039
0.0665531
0.
0.
0.
-0.4042
-0.0397413
0.0252398
0.
0.
0.
-0.700087
0.0239424
0.00966783
0.
0.
0.
-0.249204
0.0188167
-0.0023621
0.
0.
0.
-0.298385
0.000941772
-0.0047577
0.
0.
0.
-0.385697
0.00470507
-0.00862196
0.
Vec Object: 1 MPI process
  type: seq
0.
0.
-0.339201
0.0992621
-0.0534296
0.
0.
0.
-1.67578
0.490073
0.128681
0.
0.
0.
-0.502915
0.0122938
0.0963625
0.
0.
0.
-0.390053
0.0110453
-0.162533
0.
0.
0.
-2.50796
0.582276
0.412107
0.
0.
0.
-4.30483
0.867011
0.698616
0.
0.
0.
-1.99514
0.513667
0.515232
0.
0.
0.
-3.16323
0.736364
1.13891
0.
0.
0.
-3.92737
0.911867
1.13404
0.
0.
0.
-3.37141
0.767302
0.567646
0.
0.
0.
-3.27636
0.739786
0.594112
0.
0.
0.
-3.37785
0.783433
0.132224
0.
0.
0.
-1.56526
0.355845
0.143319
0.
0.
0.
-0.659048
0.0209182
-0.15389
0.
0.
0.
-1.12295
-0.0371671
-0.228029
0.
0.
0.
-0.603129
0.0261309
-0.122141
0.
0.
0.
-0.613816
0.0270344
-0.127325
0.
0.
0.
-0.598905
0.0301376
-0.132573
0.
0.
0.
-0.704085
0.0204434
-0.200826
0.
0.
0.
-0.681322
0.0220731
-0.181086
0.
0.
0.
-0.611796
0.0228866
-0.130408
0.
0.
0.
-0.314592
0.00635872
-0.0901789
0.
0.
0.
-0.893046
-0.00283512
0.0848017
0.
0.
0.
-0.244198
0.0235889
-0.0127006
0.
0.
0.
-0.517196
0.0162022
0.00218354
0.
>>>>>>>> coarse correction: norm_r_H = 1.0403859891399703e+01
>>>>>>>> coarse correction: norm_e_H = 6.1302247165609261e-04
>>>>>>>> coarse correction: relative = 4.3429459290895785e-11

1 MLA ||r(i)||/||b|| 1.1815681894358403e+00
Vec Object: 1 MPI process
  type: seq
0.
0.
-0.0407744
0.0152261
-0.00646442
0.
0.
0.
-0.486788
0.0539459
0.0536364
0.
0.
0.
-0.450215
-0.0549256
0.0496556
0.
0.
0.
-0.0577846
0.0221003
-0.0155786
0.
0.
0.
-0.243849
0.0796229
-0.00236622
0.
0.
0.
-0.448691
0.0885225
-0.00576573
0.
0.
0.
-0.48886
0.066697
0.0121669
0.
0.
0.
-0.646185
0.0771614
0.0944435
0.
0.
0.
-0.497727
0.0693533
0.0106611
0.
0.
0.
-0.587074
0.0802753
0.0390515
0.
0.
0.
-0.599243
0.0776551
0.0401114
0.
0.
0.
-0.582017
0.0724123
0.0429548
0.
0.
0.
-0.556464
0.0675173
0.0418249
0.
0.
0.
-0.499796
0.0651782
0.011269
0.
0.
0.
-0.503638
0.0658949
0.0134785
0.
0.
0.
-0.504276
0.065281
0.0143536
0.
0.
0.
-0.503207
0.0648098
0.0141291
0.
0.
0.
-0.501614
0.0642586
0.0131341
0.
0.
0.
-0.500502
0.064084
0.0110685
0.
0.
0.
-0.503551
0.0675128
0.00967476
0.
0.
0.
-0.496391
0.0681217
0.00419177
0.
0.
0.
-0.577047
0.0755451
0.0386979
0.
0.
0.
-0.499112
0.036874
0.0127608
0.
0.
0.
-0.428602
-0.00584353
0.0395568
0.
0.
0.
-0.409754
-0.0598462
-0.02387
0.
0.
0.
-0.577409
-0.0659908
-0.103901
0.
0.
0.
-0.573746
-0.067335
-0.101069
0.
0.
0.
-0.449337
-0.0610092
-0.0213181
0.
0.
0.
-0.47588
-0.06794
-0.014928
0.
0.
0.
-0.493454
-0.0691787
-0.014107
0.
0.
0.
-0.499593
-0.0689004
-0.0140552
0.
0.
0.
-0.501599
-0.0684136
-0.0142888
0.
0.
0.
-0.49893
-0.066523
-0.015158
0.
0.
0.
-0.484233
-0.0623521
-0.0175553
0.
0.
0.
-0.438887
-0.0540333
-0.0207425
0.
0.
0.
-0.5787
-0.0659116
-0.110396
0.
0.
0.
-0.572345
-0.0670538
-0.109437
0.
0.
0.
-0.57731
-0.0674254
-0.106971
0.
0.
0.
-0.601358
-0.0725165
-0.101033
0.
0.
0.
-0.519811
-0.0824898
-0.0479091
0.
0.
0.
-0.462608
-0.0528364
-0.0148695
0.
0.
0.
-0.560108
-0.036891
-0.0875702
0.
0.
0.
-0.294998
0.0167268
-0.0466517
0.
0.
0.
-0.0198652
0.00937692
-0.00013408
0.
0.
0.
-1.19339
-0.0326096
0.0780785
0.
0.
0.
-0.738525
0.101187
-0.105832
0.
0.
0.
-0.572539
0.0182932
-0.0480361
0.
0.
0.
-0.989502
0.038245
0.0611409
0.
0.
0.
-0.797636
0.0334519
0.0722063
0.
0.
0.
-0.796852
0.0316249
0.0690899
0.
0.
0.
-0.756157
0.0272974
0.0837219
0.
0.
0.
-1.45377
-0.0178625
-0.0275106
0.
0.
0.
-0.991381
0.015706
-0.0265126
0.
0.
0.
-0.998162
0.0144104
-0.0250167
0.
0.
0.
-0.995864
0.0134735
-0.0248567
0.
0.
0.
-0.989559
0.0124862
-0.0252984
0.
0.
0.
-0.9612
0.0075819
-0.0195625
0.
0.
0.
-0.791415
0.0422078
0.00281965
0.
0.
0.
-1.23392
-0.0186071
0.0734557
0.
0.
0.
-0.785742
0.0330041
0.0720576
0.
0.
0.
-0.427788
-0.0434813
0.0252714
0.
0.
0.
-0.722727
0.0246275
0.00640305
0.
0.
0.
-0.125754
0.0248523
0.00223276
0.
0.
0.
-0.328029
0.0010228
-0.00980571
0.
0.
0.
-0.422793
0.0053929
-0.0120232
0.
Vec Object: 1 MPI process
  type: seq
0.
0.
-0.253815
0.0743845
-0.0451616
0.
0.
0.
-1.67606
0.492884
0.126887
0.
0.
0.
-0.504084
0.0122181
0.096394
0.
0.
0.
-0.308645
0.0126942
-0.133712
0.
0.
0.
-2.18836
0.517516
0.265014
0.
0.
0.
-4.25948
0.858206
0.627581
0.
0.
0.
-1.98957
0.515879
0.520117
0.
0.
0.
-3.15946
0.739513
1.13839
0.
0.
0.
-3.93232
0.914441
1.14309
0.
0.
0.
-3.3689
0.766554
0.567176
0.
0.
0.
-3.2717
0.738781
0.591627
0.
0.
0.
-3.38366
0.78635
0.136034
0.
0.
0.
-1.56321
0.357348
0.144914
0.
0.
0.
-0.660189
0.0210499
-0.153777
0.
0.
0.
-1.12848
-0.0383597
-0.231262
0.
0.
0.
-0.601155
0.0257187
-0.122097
0.
0.
0.
-0.612508
0.0266881
-0.127204
0.
0.
0.
-0.599506
0.0300809
-0.131963
0.
0.
0.
-0.707485
0.0206568
-0.202542
0.
0.
0.
-0.683205
0.0222502
-0.180869
0.
0.
0.
-0.601394
0.021504
-0.133655
0.
0.
0.
-0.288367
0.00573512
-0.084571
0.
0.
0.
-0.894362
-0.00242013
0.0845253
0.
0.
0.
-0.186198
0.0225812
-0.0137643
0.
0.
0.
-0.521175
0.0162752
0.00221697
0.
>>>>>>>> coarse correction: norm_r_H = 1.0292825177137901e+01
>>>>>>>> coarse correction: norm_e_H = 6.1103295731607522e-04
>>>>>>>> coarse correction: relative = 5.0119997915502030e-11

2 MLA ||r(i)||/||b|| 1.1768300236037581e+00
            || b ||_2 = 2.6501139470351753e+00
|| r ||_2 / || b ||_2 = 1.1768300236037581e+00
