Config file: ../input/config/mla_v_cycle-refine0.json
order_rbm = 1
angle_type = 0
==== basic information of linear system ====
matrix Row = 1506, matrix Column = 1506
matrix nz_allocated = 27747, matrix nz_used = 27747, matrix nz_unneeded = 0
vector Row = 1506
initial     || b ||_2 = 2.6501139470351749e+00
>>>>local_vec_size = 377
>>>>~~~~ local_mat_m = 377, local_mat_n = 377
>>>>local_vec_size = 377
>>>>~~~~ local_mat_m = 377, local_mat_n = 377
>>>>local_vec_size = 376
>>>>~~~~ local_mat_m = 376, local_mat_n = 376
>>>>local_vec_size = 376
>>>>~~~~ local_mat_m = 376, local_mat_n = 376
            || b ||_2 = 2.6501139470351749e+00
|| r ||_2 / || b ||_2 = 1.0000000000000000e+00
Partitioning a graph of size 251 serially
      Setup: Max:   0.000, Sum:   0.000, Balance:   1.023
      Remap: Max:   0.000, Sum:   0.000, Balance:   4.000
      Total: Max:   0.007, Sum:   0.029, Balance:   1.000
       Aux1: Max:   0.000, Sum:   0.000, Balance:   1.015
Final  62-way Cut:    360 	Balance: 1.235 
Partitioning a graph of size 62 serially
      Setup: Max:   0.000, Sum:   0.000, Balance:   1.157
      Remap: Max:   0.000, Sum:   0.000, Balance:   4.000
      Total: Max:   0.002, Sum:   0.007, Balance:   1.000
       Aux1: Max:   0.000, Sum:   0.000, Balance:   1.395
Final  15-way Cut:    115 	Balance: 1.210 
nodes in level 0 is 62, less than 100, setup DONE!
prolongation operator done!!


different layout, cannot call matptapprolongation operator done!!


prolongation operator done!!


prolongation operator done!!


  0 KSP unpreconditioned resid norm 2.650113947035e+00 true resid norm 2.650113947035e+00 ||r(i)||/||b|| 1.000000000000e+00
  1 KSP unpreconditioned resid norm 8.279814221598e+00 true resid norm 8.279814221598e+00 ||r(i)||/||b|| 3.124323854399e+00
  2 KSP unpreconditioned resid norm 1.715016463664e+01 true resid norm 1.715016463664e+01 ||r(i)||/||b|| 6.471481973755e+00
  3 KSP unpreconditioned resid norm 1.795855012277e+01 true resid norm 1.795855012277e+01 ||r(i)||/||b|| 6.776519984307e+00
  4 KSP unpreconditioned resid norm 2.148226153549e+01 true resid norm 2.148226153549e+01 ||r(i)||/||b|| 8.106165230941e+00
  5 KSP unpreconditioned resid norm 2.359676595342e+01 true resid norm 2.359676595342e+01 ||r(i)||/||b|| 8.904057117930e+00
  6 KSP unpreconditioned resid norm 2.460746580394e+01 true resid norm 2.460746580394e+01 ||r(i)||/||b|| 9.285436889031e+00
  7 KSP unpreconditioned resid norm 2.263387272077e+01 true resid norm 2.263387272077e+01 ||r(i)||/||b|| 8.540716804307e+00
  8 KSP unpreconditioned resid norm 2.538663501470e+01 true resid norm 2.538663501470e+01 ||r(i)||/||b|| 9.579450364051e+00
  9 KSP unpreconditioned resid norm 2.719206918108e+01 true resid norm 2.719206918108e+01 ||r(i)||/||b|| 1.026071698219e+01
 10 KSP unpreconditioned resid norm 2.758249806971e+01 true resid norm 2.758249806971e+01 ||r(i)||/||b|| 1.040804230345e+01
 11 KSP unpreconditioned resid norm 3.025820723035e+01 true resid norm 3.025820723035e+01 ||r(i)||/||b|| 1.141770045933e+01
 12 KSP unpreconditioned resid norm 2.692628342484e+01 true resid norm 2.692628342484e+01 ||r(i)||/||b|| 1.016042478285e+01
 13 KSP unpreconditioned resid norm 2.671739548697e+01 true resid norm 2.671739548697e+01 ||r(i)||/||b|| 1.008160253519e+01
 14 KSP unpreconditioned resid norm 2.559305699180e+01 true resid norm 2.559305699180e+01 ||r(i)||/||b|| 9.657342100490e+00
 15 KSP unpreconditioned resid norm 2.922624436536e+01 true resid norm 2.922624436536e+01 ||r(i)||/||b|| 1.102829725418e+01
 16 KSP unpreconditioned resid norm 3.010399599271e+01 true resid norm 3.010399599271e+01 ||r(i)||/||b|| 1.135951004159e+01
 17 KSP unpreconditioned resid norm 3.147048683080e+01 true resid norm 3.147048683080e+01 ||r(i)||/||b|| 1.187514478991e+01
 18 KSP unpreconditioned resid norm 3.182511820421e+01 true resid norm 3.182511820421e+01 ||r(i)||/||b|| 1.200896219569e+01
 19 KSP unpreconditioned resid norm 3.163800504145e+01 true resid norm 3.163800504145e+01 ||r(i)||/||b|| 1.193835649099e+01
 20 KSP unpreconditioned resid norm 3.308535176761e+01 true resid norm 3.308535176761e+01 ||r(i)||/||b|| 1.248450158327e+01
>>>> ksp solve time: 0.00112915 (s)
            || b ||_2 = 2.6501139470351749e+00
|| r ||_2 / || b ||_2 = 1.2484501583270553e+01
