Config file: ../input/config/mla_v_cycle-refine1.json
order_rbm = 2
angle_type = 1
==== basic information of linear system ====
matrix Row = 5340, matrix Column = 5340
matrix nz_allocated = 104619, matrix nz_used = 104619, matrix nz_unneeded = 0
vector Row = 5340
initial     || b ||_2 = 1.3851994067587832e+00
>>>>local_vec_size = 5340
>>>>~~~~ local_mat_m = 5340, local_mat_n = 5340
            || b ||_2 = 1.3851994067587832e+00
|| r ||_2 / || b ||_2 = 1.0000000000000000e+00


>>>>nodes in level 1 is 55, less than 100, setup DONE!>>>>


>>>> mla setup time: 0.051662 (s)
0 MLA ||r(i)||/||b|| 1.0000000000000000e+00
1 MLA ||r(i)||/||b|| 9.4532385012196158e+00
2 MLA ||r(i)||/||b|| 6.6625903769288497e+00
3 MLA ||r(i)||/||b|| 3.9162752826610494e+00
4 MLA ||r(i)||/||b|| 2.1781544071992580e+00
5 MLA ||r(i)||/||b|| 1.1907915614134552e+00
6 MLA ||r(i)||/||b|| 6.4903139509583929e-01
7 MLA ||r(i)||/||b|| 3.5462579521778159e-01
8 MLA ||r(i)||/||b|| 1.9463959794799751e-01
9 MLA ||r(i)||/||b|| 1.0737586593865359e-01
10 MLA ||r(i)||/||b|| 5.9539950674778803e-02
11 MLA ||r(i)||/||b|| 3.3179317347013071e-02
12 MLA ||r(i)||/||b|| 1.8578373962283748e-02
13 MLA ||r(i)||/||b|| 1.0451518045330413e-02
14 MLA ||r(i)||/||b|| 5.9070733203935456e-03
15 MLA ||r(i)||/||b|| 3.3544451829351264e-03
16 MLA ||r(i)||/||b|| 1.9142633843257191e-03
17 MLA ||r(i)||/||b|| 1.0980731127599203e-03
18 MLA ||r(i)||/||b|| 6.3336785307572304e-04
19 MLA ||r(i)||/||b|| 3.6748653871097008e-04
20 MLA ||r(i)||/||b|| 2.1456431418183768e-04
21 MLA ||r(i)||/||b|| 1.2611326631990798e-04
22 MLA ||r(i)||/||b|| 7.4640828718185509e-05
23 MLA ||r(i)||/||b|| 4.4492030156226610e-05
24 MLA ||r(i)||/||b|| 2.6711224265428469e-05
25 MLA ||r(i)||/||b|| 1.6149736614175846e-05
26 MLA ||r(i)||/||b|| 9.8305642448053918e-06
27 MLA ||r(i)||/||b|| 6.0221639107619657e-06
28 MLA ||r(i)||/||b|| 3.7109327988066105e-06
29 MLA ||r(i)||/||b|| 2.2988348988893483e-06
30 MLA ||r(i)||/||b|| 1.4307668055659342e-06
31 MLA ||r(i)||/||b|| 8.9420992927033731e-07
32 MLA ||r(i)||/||b|| 5.6086368992998309e-07
33 MLA ||r(i)||/||b|| 3.5282100444280780e-07
34 MLA ||r(i)||/||b|| 2.2248881975814320e-07
35 MLA ||r(i)||/||b|| 1.4063648687892311e-07
36 MLA ||r(i)||/||b|| 8.9090527917751667e-08
37 MLA ||r(i)||/||b|| 5.6446425862872292e-08
38 MLA ||r(i)||/||b|| 3.5832231733799608e-08
39 MLA ||r(i)||/||b|| 2.2861283174230680e-08
40 MLA ||r(i)||/||b|| 1.4556252821774141e-08
41 MLA ||r(i)||/||b|| 9.2396055696196136e-09
>>>> mla solve time: 0.178839 (s)
>>>> ksp solve time: 0.00593972 (s)
            || b ||_2 = 1.3851994067587832e+00
|| r ||_2 / || b ||_2 = 2.0562367588677056e+01
