Config file: ../input/config/mla_v_cycle-refine3.json
order_rbm = 2
angle_type = 1
==== basic information of linear system ====
matrix Row = 73482, matrix Column = 73482
matrix nz_allocated = 1513726, matrix nz_used = 1513726, matrix nz_unneeded = 0
vector Row = 73482
initial     || b ||_2 = 3.6456789914864118e-01
>>>>local_vec_size = 73482
>>>>~~~~ local_mat_m = 73482, local_mat_n = 73482
            || b ||_2 = 3.6456789914864118e-01
|| r ||_2 / || b ||_2 = 1.0000000000000000e+00


>>>>nodes in level 3 is 47, less than 100, setup DONE!>>>>


>>>> mla setup time: 0.930815 (s)
0 MLA ||r(i)||/||b|| 1.0000000000000000e+00
1 MLA ||r(i)||/||b|| 1.2939706451691939e+00
2 MLA ||r(i)||/||b|| 1.5813618929685813e+00
3 MLA ||r(i)||/||b|| 1.3864749786787176e+00
4 MLA ||r(i)||/||b|| 7.2838319532690470e+00
5 MLA ||r(i)||/||b|| 1.0220245926396000e+01
6 MLA ||r(i)||/||b|| 1.1161566093306689e+01
7 MLA ||r(i)||/||b|| 1.1485895727751343e+01
8 MLA ||r(i)||/||b|| 1.1499508518729337e+01
9 MLA ||r(i)||/||b|| 1.1313933716083943e+01
10 MLA ||r(i)||/||b|| 1.0987100306825550e+01
11 MLA ||r(i)||/||b|| 1.0559127613596656e+01
12 MLA ||r(i)||/||b|| 1.0061831850007676e+01
13 MLA ||r(i)||/||b|| 9.5210524215832457e+00
14 MLA ||r(i)||/||b|| 8.9574447726424804e+00
15 MLA ||r(i)||/||b|| 8.3870481052292618e+00
16 MLA ||r(i)||/||b|| 7.8219293645343120e+00
17 MLA ||r(i)||/||b|| 7.2708869890062529e+00
18 MLA ||r(i)||/||b|| 6.7400660395327527e+00
19 MLA ||r(i)||/||b|| 6.2335472765511426e+00
20 MLA ||r(i)||/||b|| 5.7538278359139019e+00
21 MLA ||r(i)||/||b|| 5.3022048804435524e+00
22 MLA ||r(i)||/||b|| 4.8790959607132312e+00
23 MLA ||r(i)||/||b|| 4.4842741534272212e+00
24 MLA ||r(i)||/||b|| 4.1170577852053949e+00
25 MLA ||r(i)||/||b|| 3.7764526199828437e+00
26 MLA ||r(i)||/||b|| 3.4612576459030167e+00
27 MLA ||r(i)||/||b|| 3.1701468321353619e+00
28 MLA ||r(i)||/||b|| 2.9017285711301026e+00
29 MLA ||r(i)||/||b|| 2.6545887256216432e+00
30 MLA ||r(i)||/||b|| 2.4273224078547835e+00
31 MLA ||r(i)||/||b|| 2.2185575324405904e+00
32 MLA ||r(i)||/||b|| 2.0269690587398750e+00
33 MLA ||r(i)||/||b|| 1.8512897709102576e+00
34 MLA ||r(i)||/||b|| 1.6903171093169009e+00
35 MLA ||r(i)||/||b|| 1.5429158166522687e+00
36 MLA ||r(i)||/||b|| 1.4080199976179755e+00
37 MLA ||r(i)||/||b|| 1.2846326199801175e+00
38 MLA ||r(i)||/||b|| 1.1718242193971600e+00
39 MLA ||r(i)||/||b|| 1.0687306818822224e+00
40 MLA ||r(i)||/||b|| 9.7455084790172730e-01
41 MLA ||r(i)||/||b|| 8.8854296259821319e-01
42 MLA ||r(i)||/||b|| 8.1002199661516783e-01
43 MLA ||r(i)||/||b|| 7.3835599257244611e-01
44 MLA ||r(i)||/||b|| 6.7296280130223352e-01
45 MLA ||r(i)||/||b|| 6.1330684837840166e-01
46 MLA ||r(i)||/||b|| 5.5889588746843044e-01
47 MLA ||r(i)||/||b|| 5.0927794451082242e-01
48 MLA ||r(i)||/||b|| 4.6403835362820423e-01
49 MLA ||r(i)||/||b|| 4.2279698148169986e-01
50 MLA ||r(i)||/||b|| 3.8520557762768304e-01
51 MLA ||r(i)||/||b|| 3.5094525738223725e-01
52 MLA ||r(i)||/||b|| 3.1972428017929233e-01
53 MLA ||r(i)||/||b|| 2.9127576146796580e-01
54 MLA ||r(i)||/||b|| 2.6535575636885911e-01
55 MLA ||r(i)||/||b|| 2.4174133353508256e-01
56 MLA ||r(i)||/||b|| 2.2022884211187099e-01
57 MLA ||r(i)||/||b|| 2.0063232305592590e-01
58 MLA ||r(i)||/||b|| 1.8278201327923596e-01
59 MLA ||r(i)||/||b|| 1.6652299209439009e-01
60 MLA ||r(i)||/||b|| 1.5171390439397925e-01
61 MLA ||r(i)||/||b|| 1.3822582077983814e-01
62 MLA ||r(i)||/||b|| 1.2594115845408060e-01
63 MLA ||r(i)||/||b|| 1.1475270164249796e-01
64 MLA ||r(i)||/||b|| 1.0456271987210451e-01
65 MLA ||r(i)||/||b|| 9.5282124848961758e-02
66 MLA ||r(i)||/||b|| 8.6829739939873696e-02
67 MLA ||r(i)||/||b|| 7.9131587992655572e-02
68 MLA ||r(i)||/||b|| 7.2120273035534269e-02
69 MLA ||r(i)||/||b|| 6.5734399718665806e-02
70 MLA ||r(i)||/||b|| 5.9918040047615161e-02
71 MLA ||r(i)||/||b|| 5.4620257050349931e-02
72 MLA ||r(i)||/||b|| 4.9794660035290345e-02
73 MLA ||r(i)||/||b|| 4.5399005054338089e-02
74 MLA ||r(i)||/||b|| 4.1394822853193361e-02
75 MLA ||r(i)||/||b|| 3.7747086274917512e-02
76 MLA ||r(i)||/||b|| 3.4423904024953350e-02
77 MLA ||r(i)||/||b|| 3.1396238424139918e-02
78 MLA ||r(i)||/||b|| 2.8637656449883933e-02
79 MLA ||r(i)||/||b|| 2.6124090618223701e-02
80 MLA ||r(i)||/||b|| 2.3833632817838266e-02
81 MLA ||r(i)||/||b|| 2.1746338462120745e-02
82 MLA ||r(i)||/||b|| 1.9844050884105992e-02
83 MLA ||r(i)||/||b|| 1.8110242818517776e-02
84 MLA ||r(i)||/||b|| 1.6529868526989244e-02
85 MLA ||r(i)||/||b|| 1.5089231388197732e-02
86 MLA ||r(i)||/||b|| 1.3775864039731743e-02
87 MLA ||r(i)||/||b|| 1.2578416493997414e-02
88 MLA ||r(i)||/||b|| 1.1486556874744447e-02
89 MLA ||r(i)||/||b|| 1.0490879460534968e-02
90 MLA ||r(i)||/||b|| 9.5828215950934589e-03
91 MLA ||r(i)||/||b|| 8.7545877410196340e-03
92 MLA ||r(i)||/||b|| 7.9990812931152715e-03
93 MLA ||r(i)||/||b|| 7.3098407183271570e-03
94 MLA ||r(i)||/||b|| 6.6809831634695198e-03
95 MLA ||r(i)||/||b|| 6.1071522468922846e-03
96 MLA ||r(i)||/||b|| 5.5834708041514105e-03
97 MLA ||r(i)||/||b|| 5.1054975729394507e-03
98 MLA ||r(i)||/||b|| 4.6691885318119984e-03
99 MLA ||r(i)||/||b|| 4.2708605279402024e-03
100 MLA ||r(i)||/||b|| 3.9071594558608520e-03
101 MLA ||r(i)||/||b|| 3.5750305006398129e-03
102 MLA ||r(i)||/||b|| 3.2716909640298536e-03
103 MLA ||r(i)||/||b|| 2.9946063625760602e-03
104 MLA ||r(i)||/||b|| 2.7414678671399935e-03
105 MLA ||r(i)||/||b|| 2.5101719604747291e-03
106 MLA ||r(i)||/||b|| 2.2988022232518666e-03
107 MLA ||r(i)||/||b|| 2.1056123474172514e-03
108 MLA ||r(i)||/||b|| 1.9290113263669268e-03
109 MLA ||r(i)||/||b|| 1.7675491017127732e-03
110 MLA ||r(i)||/||b|| 1.6199041210526544e-03
111 MLA ||r(i)||/||b|| 1.4848719159808767e-03
112 MLA ||r(i)||/||b|| 1.3613543097344514e-03
113 MLA ||r(i)||/||b|| 1.2483502751076134e-03
114 MLA ||r(i)||/||b|| 1.1449472842855026e-03
115 MLA ||r(i)||/||b|| 1.0503130364945515e-03
116 MLA ||r(i)||/||b|| 9.6368853275336549e-04
117 MLA ||r(i)||/||b|| 8.8438178830927143e-04
118 MLA ||r(i)||/||b|| 8.1176143154290030e-04
119 MLA ||r(i)||/||b|| 7.4525166305968967e-04
120 MLA ||r(i)||/||b|| 6.8432688180544514e-04
121 MLA ||r(i)||/||b|| 6.2850779800628653e-04
122 MLA ||r(i)||/||b|| 5.7735688990198447e-04
123 MLA ||r(i)||/||b|| 5.3047484173353548e-04
124 MLA ||r(i)||/||b|| 4.8749709005283215e-04
125 MLA ||r(i)||/||b|| 4.4809085010682538e-04
126 MLA ||r(i)||/||b|| 4.1195231159729846e-04
127 MLA ||r(i)||/||b|| 3.7880396686755633e-04
128 MLA ||r(i)||/||b|| 3.4839244543374566e-04
129 MLA ||r(i)||/||b|| 3.2048615793976118e-04
130 MLA ||r(i)||/||b|| 2.9487377346046784e-04
131 MLA ||r(i)||/||b|| 2.7136195740017343e-04
132 MLA ||r(i)||/||b|| 2.4977410104195456e-04
133 MLA ||r(i)||/||b|| 2.2994875357456907e-04
134 MLA ||r(i)||/||b|| 2.1173837421376200e-04
135 MLA ||r(i)||/||b|| 1.9500809499898338e-04
136 MLA ||r(i)||/||b|| 1.7963439882619713e-04
137 MLA ||r(i)||/||b|| 1.6550441070594871e-04
138 MLA ||r(i)||/||b|| 1.5251504012825335e-04
139 MLA ||r(i)||/||b|| 1.4057169803130076e-04
140 MLA ||r(i)||/||b|| 1.2958797967837289e-04
141 MLA ||r(i)||/||b|| 1.1948473660077014e-04
142 MLA ||r(i)||/||b|| 1.1018957491056699e-04
143 MLA ||r(i)||/||b|| 1.0163610777010928e-04
144 MLA ||r(i)||/||b|| 9.3763628768095969e-05
145 MLA ||r(i)||/||b|| 8.6516396040341726e-05
146 MLA ||r(i)||/||b|| 7.9843471168263694e-05
147 MLA ||r(i)||/||b|| 7.3698187859376396e-05
148 MLA ||r(i)||/||b|| 6.8037662782182502e-05
149 MLA ||r(i)||/||b|| 6.2822732545300667e-05
150 MLA ||r(i)||/||b|| 5.8017371612317378e-05
151 MLA ||r(i)||/||b|| 5.3588525770863569e-05
152 MLA ||r(i)||/||b|| 4.9505902523486618e-05
153 MLA ||r(i)||/||b|| 4.5741790763218924e-05
154 MLA ||r(i)||/||b|| 4.2270713533309268e-05
155 MLA ||r(i)||/||b|| 3.9069142122745709e-05
156 MLA ||r(i)||/||b|| 3.6115770893732396e-05
157 MLA ||r(i)||/||b|| 3.3390750481910602e-05
158 MLA ||r(i)||/||b|| 3.0876036760766259e-05
159 MLA ||r(i)||/||b|| 2.8555008363531767e-05
160 MLA ||r(i)||/||b|| 2.6412399190195057e-05
161 MLA ||r(i)||/||b|| 2.4434097982622060e-05
162 MLA ||r(i)||/||b|| 2.2607124385014118e-05
163 MLA ||r(i)||/||b|| 2.0919796501977964e-05
164 MLA ||r(i)||/||b|| 1.9361029785447068e-05
165 MLA ||r(i)||/||b|| 1.7920883176328078e-05
166 MLA ||r(i)||/||b|| 1.6590061612907463e-05
167 MLA ||r(i)||/||b|| 1.5360070115959356e-05
168 MLA ||r(i)||/||b|| 1.4223137397066881e-05
169 MLA ||r(i)||/||b|| 1.3172020924319837e-05
170 MLA ||r(i)||/||b|| 1.2200096868340785e-05
171 MLA ||r(i)||/||b|| 1.1301259072350015e-05
172 MLA ||r(i)||/||b|| 1.0469987477982641e-05
173 MLA ||r(i)||/||b|| 9.7009237100665391e-06
174 MLA ||r(i)||/||b|| 8.9894172577216281e-06
175 MLA ||r(i)||/||b|| 8.3311145487036544e-06
176 MLA ||r(i)||/||b|| 7.7218376375886798e-06
177 MLA ||r(i)||/||b|| 7.1578944432893507e-06
178 MLA ||r(i)||/||b|| 6.6358870497408567e-06
179 MLA ||r(i)||/||b|| 6.1526183899797519e-06
180 MLA ||r(i)||/||b|| 5.7050681477037857e-06
181 MLA ||r(i)||/||b|| 5.2906632216577705e-06
182 MLA ||r(i)||/||b|| 4.9068282728377844e-06
183 MLA ||r(i)||/||b|| 4.5513705704670420e-06
184 MLA ||r(i)||/||b|| 4.2220223059963652e-06
185 MLA ||r(i)||/||b|| 3.9168962143359347e-06
186 MLA ||r(i)||/||b|| 3.6341492768332573e-06
187 MLA ||r(i)||/||b|| 3.3721986685696465e-06
188 MLA ||r(i)||/||b|| 3.1293380680309280e-06
189 MLA ||r(i)||/||b|| 2.9042687873735592e-06
190 MLA ||r(i)||/||b|| 2.6955671825119758e-06
191 MLA ||r(i)||/||b|| 2.5020897962231847e-06
192 MLA ||r(i)||/||b|| 2.3226837888870437e-06
193 MLA ||r(i)||/||b|| 2.1563574547580643e-06
194 MLA ||r(i)||/||b|| 2.0021601978589037e-06
195 MLA ||r(i)||/||b|| 1.8590274674938811e-06
196 MLA ||r(i)||/||b|| 1.7263028418542638e-06
197 MLA ||r(i)||/||b|| 1.6031789501585568e-06
198 MLA ||r(i)||/||b|| 1.4889824729091156e-06
199 MLA ||r(i)||/||b|| 1.3829965676755633e-06
200 MLA ||r(i)||/||b|| 1.2846097072157559e-06
201 MLA ||r(i)||/||b|| 1.1933206931512126e-06
202 MLA ||r(i)||/||b|| 1.1086566545824412e-06
203 MLA ||r(i)||/||b|| 1.0300921347454374e-06
204 MLA ||r(i)||/||b|| 9.5714144662426912e-07
205 MLA ||r(i)||/||b|| 8.8933274309692490e-07
206 MLA ||r(i)||/||b|| 8.2646931360725826e-07
207 MLA ||r(i)||/||b|| 7.6805831592496007e-07
208 MLA ||r(i)||/||b|| 7.1382142642465685e-07
209 MLA ||r(i)||/||b|| 6.6344519131869784e-07
210 MLA ||r(i)||/||b|| 6.1668778432256233e-07
211 MLA ||r(i)||/||b|| 5.7326896915030427e-07
212 MLA ||r(i)||/||b|| 5.3294021051607153e-07
213 MLA ||r(i)||/||b|| 4.9547938992085287e-07
214 MLA ||r(i)||/||b|| 4.6064108581774418e-07
215 MLA ||r(i)||/||b|| 4.2826988704024108e-07
216 MLA ||r(i)||/||b|| 3.9832656138780590e-07
217 MLA ||r(i)||/||b|| 3.7041221858762465e-07
218 MLA ||r(i)||/||b|| 3.4445857200827272e-07
219 MLA ||r(i)||/||b|| 3.2031994532039689e-07
220 MLA ||r(i)||/||b|| 2.9792764693918866e-07
221 MLA ||r(i)||/||b|| 2.7707453802273688e-07
222 MLA ||r(i)||/||b|| 2.5780517928558291e-07
223 MLA ||r(i)||/||b|| 2.3981530994150509e-07
224 MLA ||r(i)||/||b|| 2.2312806463481104e-07
225 MLA ||r(i)||/||b|| 2.0756434183265772e-07
226 MLA ||r(i)||/||b|| 1.9311608690583563e-07
227 MLA ||r(i)||/||b|| 1.7965683438648286e-07
228 MLA ||r(i)||/||b|| 1.6717130217713552e-07
229 MLA ||r(i)||/||b|| 1.5558934971612099e-07
230 MLA ||r(i)||/||b|| 1.4476544223001116e-07
231 MLA ||r(i)||/||b|| 1.3473002137049106e-07
232 MLA ||r(i)||/||b|| 1.2541697281890941e-07
233 MLA ||r(i)||/||b|| 1.1669553745555153e-07
234 MLA ||r(i)||/||b|| 1.0866653798357536e-07
235 MLA ||r(i)||/||b|| 1.0112335087294360e-07
236 MLA ||r(i)||/||b|| 9.4117148514549132e-08
237 MLA ||r(i)||/||b|| 8.7654009393482808e-08
238 MLA ||r(i)||/||b|| 8.1662230963494585e-08
239 MLA ||r(i)||/||b|| 7.6050813017568542e-08
240 MLA ||r(i)||/||b|| 7.0861791062089791e-08
241 MLA ||r(i)||/||b|| 6.6005825923199278e-08
242 MLA ||r(i)||/||b|| 6.1452962211969580e-08
243 MLA ||r(i)||/||b|| 5.7237760323185437e-08
244 MLA ||r(i)||/||b|| 5.3292562725126204e-08
245 MLA ||r(i)||/||b|| 4.9638781886039997e-08
246 MLA ||r(i)||/||b|| 4.6278048519193617e-08
247 MLA ||r(i)||/||b|| 4.3176539970677006e-08
248 MLA ||r(i)||/||b|| 4.0251241965577447e-08
249 MLA ||r(i)||/||b|| 3.7543049655300250e-08
250 MLA ||r(i)||/||b|| 3.5014511916096717e-08
251 MLA ||r(i)||/||b|| 3.2642119566228023e-08
252 MLA ||r(i)||/||b|| 3.0485324342655534e-08
253 MLA ||r(i)||/||b|| 2.8449686442761353e-08
254 MLA ||r(i)||/||b|| 2.6570205418104428e-08
255 MLA ||r(i)||/||b|| 2.4900737161587788e-08
256 MLA ||r(i)||/||b|| 2.3208107440608999e-08
257 MLA ||r(i)||/||b|| 2.1707510515067180e-08
258 MLA ||r(i)||/||b|| 2.0324020367468704e-08
259 MLA ||r(i)||/||b|| 1.9072223097447910e-08
260 MLA ||r(i)||/||b|| 1.7837660519245541e-08
261 MLA ||r(i)||/||b|| 1.6734976194090403e-08
262 MLA ||r(i)||/||b|| 1.5781956340540912e-08
263 MLA ||r(i)||/||b|| 1.4741833200169250e-08
264 MLA ||r(i)||/||b|| 1.3887477446705290e-08
265 MLA ||r(i)||/||b|| 1.3007565637782677e-08
266 MLA ||r(i)||/||b|| 1.2347496105103214e-08
267 MLA ||r(i)||/||b|| 1.1627445857411508e-08
268 MLA ||r(i)||/||b|| 1.1050311289042330e-08
269 MLA ||r(i)||/||b|| 1.0428694042879806e-08
270 MLA ||r(i)||/||b|| 9.8783014663249720e-09
>>>> mla solve time: 12.5728 (s)
>>>> ksp solve time: 0.149468 (s)
            || b ||_2 = 3.6456789914864118e-01
|| r ||_2 / || b ||_2 = 2.8848039306212900e+01
