Config file: ../input/config/comsol/curved-shell/refine0.json
order_rbm = 1
angle_type = 1
mesh_type = 1
==== basic information of linear system ====
matrix Row = 9438, matrix Column = 9438
dsqrt matrix Row = 9438, dsqrt matrix Column = 9438
matrix nz_allocated = 375678, matrix nz_used = 375678, matrix nz_unneeded = 0
dsqrt matrix nz_allocated = 9438, dsqrt matrix nz_used = 9438, dsqrt matrix nz_unneeded = 0
vector Row = 9438
>>>>local_vec_size = 2358
>>>>~~~~ local_mat_m = 2358, local_mat_n = 2358
>>>>local_vec_size = 2358
>>>>~~~~ local_mat_m = 2358, local_mat_n = 2358
>>>>local_vec_size = 2358
>>>>~~~~ local_mat_m = 2358, local_mat_n = 2358
initial     || b ||_2 = 1.0992902800555333e-01
>>>>local_vec_size = 2364
>>>>~~~~ local_mat_m = 2364, local_mat_n = 2364
            || b ||_2 = 1.0992902800555333e-01
|| r ||_2 / || b ||_2 = 1.0000000000000000e+00
Partitioning a graph of size 1573 serially
      Setup: Max:   0.001, Sum:   0.002, Balance:   1.000
      Remap: Max:   0.000, Sum:   0.000, Balance:   1.000
      Total: Max:   0.084, Sum:   0.334, Balance:   1.000
       Aux1: Max:   0.000, Sum:   0.000, Balance:   1.006
Final 393-way Cut:   2625 	Balance: 1.249 
Partitioning a graph of size 393 serially
      Setup: Max:   0.000, Sum:   0.000, Balance:   1.000
      Remap: Max:   0.000, Sum:   0.000, Balance:   4.000
      Total: Max:   0.020, Sum:   0.081, Balance:   1.000
       Aux1: Max:   0.000, Sum:   0.000, Balance:   1.000
Final  98-way Cut:    617 	Balance: 1.247 
Partitioning a graph of size 98 serially
      Setup: Max:   0.000, Sum:   0.000, Balance:   1.009
      Remap: Max:   0.000, Sum:   0.000, Balance:   4.000
      Total: Max:   0.005, Sum:   0.019, Balance:   1.000
       Aux1: Max:   0.000, Sum:   0.000, Balance:   1.000
Final  24-way Cut:    135 	Balance: 1.224 


>>>>nodes in level 1 is 98, less than 100, setup DONE!>>>>


in rank 1/4, m_local_A = 2358, n_local = 2358
in rank 2/4, m_local_A = 2358, n_local = 2358
in rank 0/4, m_local_A = 2364, n_local = 2364
in rank 3/4, m_local_A = 2358, n_local = 2358
>>>> size of dinv_a: m = 9438, n = 9438
>>>> size of p_unsmooth: m = 9438, n = 2358
>>>> size of p_smooth: m = 9438, n = 2358
>>>> size of sa_prolongation: m = 9438, n = 2358
>>>> size of operator_fine: m = 9438, n = 9438
>>>> size of dinv_a: m = 9438, n = 9438
>>>> size of p_unsmooth: m = 9438, n = 2358
>>>> size of p_smooth: m = 9438, n = 2358
>>>> size of dinv_a: m = 9438, n = 9438
>>>> size of p_unsmooth: m = 9438, n = 2358
>>>> size of p_smooth: m = 9438, n = 2358
>>>> size of dinv_a: m = 9438, n = 9438
>>>> size of p_unsmooth: m = 9438, n = 2358
>>>> size of p_smooth: m = 9438, n = 2358
>>>>---- dsqrt row = 9438, col = 9438
>>>>---- fro norm of dsqrt = 1.3677350739381351e+07
in rank 0/4, m_local_A = 594, n_local = 594
in rank 3/4, m_local_A = 588, n_local = 588
in rank 1/4, m_local_A = 588, n_local = 588
in rank 2/4, m_local_A = 588, n_local = 588
>>>> size of dinv_a: m = 2358, n = 2358
>>>> size of p_unsmooth: m = 2358, n = 588
>>>> size of p_smooth: m = 2358, n = 588
>>>> size of sa_prolongation: m = 2358, n = 588
>>>> size of operator_fine: m = 2358, n = 2358
>>>> size of dinv_a: m = 2358, n = 2358
>>>> size of p_unsmooth: m = 2358, n = 588
>>>> size of p_smooth: m = 2358, n = 588
>>>> size of dinv_a: m = 2358, n = 2358
>>>> size of p_unsmooth: m = 2358, n = 588
>>>> size of p_smooth: m = 2358, n = 588
>>>> size of dinv_a: m = 2358, n = 2358
>>>> size of p_unsmooth: m = 2358, n = 588
>>>> size of p_smooth: m = 2358, n = 588
>>>> mla setup time: 0.198109 (s)
KSP Object: (mg_coarse_) 4 MPI processes
  type: preonly
  maximum iterations=10000, initial guess is zero
  tolerances: relative=1e-05, absolute=1e-50, divergence=10000.
  left preconditioning
  using DEFAULT norm type for convergence test
PC Object: (mg_coarse_) 4 MPI processes
  type: redundant
  PC has not been set up so information may be incomplete
    Not yet setup
  linear system matrix = precond matrix:
  Mat Object: 4 MPI processes
    type: mpiaij
    rows=588, cols=588
    total: nonzeros=116496, allocated nonzeros=116496
    total number of mallocs used during MatSetValues calls=0
      using nonscalable MatPtAP() implementation
      using I-node (on process 0) routines: found 49 nodes, limit used is 5
KSP Object: (mg_levels_1_) 4 MPI processes
  type: chebyshev
    Chebyshev polynomial of first kind
    eigenvalue targets used: min 0., max 0.
  maximum iterations=2, initial guess is zero
  tolerances: relative=1e-05, absolute=1e-50, divergence=10000.
  left preconditioning
  using NONE norm type for convergence test
PC Object: (mg_levels_1_) 4 MPI processes
  type: sor
  PC has not been set up so information may be incomplete
    type = local_symmetric, iterations = 1, local iterations = 1, omega = 1.
  linear system matrix = precond matrix:
  Mat Object: 4 MPI processes
    type: mpiaij
    rows=2358, cols=2358
    total: nonzeros=230868, allocated nonzeros=230868
    total number of mallocs used during MatSetValues calls=0
      using I-node (on process 0) routines: found 198 nodes, limit used is 5
KSP Object: (mg_levels_2_) 4 MPI processes
  type: chebyshev
    Chebyshev polynomial of first kind
    eigenvalue targets used: min 0., max 0.
  maximum iterations=2, initial guess is zero
  tolerances: relative=1e-05, absolute=1e-50, divergence=10000.
  left preconditioning
  using NONE norm type for convergence test
PC Object: (mg_levels_2_) 4 MPI processes
  type: sor
  PC has not been set up so information may be incomplete
    type = local_symmetric, iterations = 1, local iterations = 1, omega = 1.
  linear system matrix = precond matrix:
  Mat Object: 4 MPI processes
    type: mpiaij
    rows=9438, cols=9438
    total: nonzeros=375678, allocated nonzeros=375678
    total number of mallocs used during MatSetValues calls=0
      using I-node (on process 0) routines: found 860 nodes, limit used is 5
KSP Object: (mg_coarse_) 4 MPI processes
  type: preonly
  maximum iterations=10000, initial guess is zero
  tolerances: relative=1e-05, absolute=1e-50, divergence=10000.
  left preconditioning
  using DEFAULT norm type for convergence test
PC Object: (mg_coarse_) 4 MPI processes
  type: lu
  PC has not been set up so information may be incomplete
    out-of-place factorization
    tolerance for zero pivot 2.22045e-14
  linear system matrix = precond matrix:
  Mat Object: 4 MPI processes
    type: mpiaij
    rows=588, cols=588
    total: nonzeros=116496, allocated nonzeros=116496
    total number of mallocs used during MatSetValues calls=0
      using nonscalable MatPtAP() implementation
      using I-node (on process 0) routines: found 49 nodes, limit used is 5
  0 KSP unpreconditioned resid norm 1.099290280056e-01 true resid norm 1.099290280056e-01 ||r(i)||/||b|| 1.000000000000e+00
  1 KSP unpreconditioned resid norm 1.748507932588e+00 true resid norm 1.748507932588e+00 ||r(i)||/||b|| 1.590578907420e+01
  2 KSP unpreconditioned resid norm 3.364631761517e+00 true resid norm 3.364631761517e+00 ||r(i)||/||b|| 3.060730930276e+01
  3 KSP unpreconditioned resid norm 4.135686494536e+00 true resid norm 4.135686494536e+00 ||r(i)||/||b|| 3.762142329073e+01
  4 KSP unpreconditioned resid norm 2.336287638831e+00 true resid norm 2.336287638831e+00 ||r(i)||/||b|| 2.125269076984e+01
  5 KSP unpreconditioned resid norm 2.338716595853e+00 true resid norm 2.338716595853e+00 ||r(i)||/||b|| 2.127478645344e+01
  6 KSP unpreconditioned resid norm 4.223122167166e+00 true resid norm 4.223122167166e+00 ||r(i)||/||b|| 3.841680622295e+01
  7 KSP unpreconditioned resid norm 4.809597288737e+00 true resid norm 4.809597288737e+00 ||r(i)||/||b|| 4.375184040101e+01
  8 KSP unpreconditioned resid norm 3.281790031398e+00 true resid norm 3.281790031398e+00 ||r(i)||/||b|| 2.985371644724e+01
  9 KSP unpreconditioned resid norm 5.505539771989e+00 true resid norm 5.505539771989e+00 ||r(i)||/||b|| 5.008267490286e+01
 10 KSP unpreconditioned resid norm 4.973947752605e+00 true resid norm 4.973947752605e+00 ||r(i)||/||b|| 4.524690013955e+01
 11 KSP unpreconditioned resid norm 4.086934340441e+00 true resid norm 4.086934340442e+00 ||r(i)||/||b|| 3.717793575174e+01
 12 KSP unpreconditioned resid norm 4.924705821017e+00 true resid norm 4.924705821017e+00 ||r(i)||/||b|| 4.479895720327e+01
 13 KSP unpreconditioned resid norm 4.211436458316e+00 true resid norm 4.211436458316e+00 ||r(i)||/||b|| 3.831050391988e+01
 14 KSP unpreconditioned resid norm 5.491760902243e+00 true resid norm 5.491760902243e+00 ||r(i)||/||b|| 4.995733157911e+01
 15 KSP unpreconditioned resid norm 3.567455566444e+00 true resid norm 3.567455566444e+00 ||r(i)||/||b|| 3.245235249659e+01
 16 KSP unpreconditioned resid norm 3.495688057504e+00 true resid norm 3.495688057504e+00 ||r(i)||/||b|| 3.179949937634e+01
 17 KSP unpreconditioned resid norm 5.367997483787e+00 true resid norm 5.367997483787e+00 ||r(i)||/||b|| 4.883148319583e+01
 18 KSP unpreconditioned resid norm 4.048726982718e+00 true resid norm 4.048726982718e+00 ||r(i)||/||b|| 3.683037188788e+01
 19 KSP unpreconditioned resid norm 4.914988601072e+00 true resid norm 4.914988601072e+00 ||r(i)||/||b|| 4.471056180742e+01
 20 KSP unpreconditioned resid norm 4.131320622825e+00 true resid norm 4.131320622825e+00 ||r(i)||/||b|| 3.758170792356e+01
 21 KSP unpreconditioned resid norm 3.816781588158e+00 true resid norm 3.816781588158e+00 ||r(i)||/||b|| 3.472041604848e+01
 22 KSP unpreconditioned resid norm 4.014093923345e+00 true resid norm 4.014093923345e+00 ||r(i)||/||b|| 3.651532262381e+01
 23 KSP unpreconditioned resid norm 3.880802408527e+00 true resid norm 3.880802408527e+00 ||r(i)||/||b|| 3.530279926000e+01
 24 KSP unpreconditioned resid norm 3.863477837211e+00 true resid norm 3.863477837211e+00 ||r(i)||/||b|| 3.514520147504e+01
 25 KSP unpreconditioned resid norm 4.483020396363e+00 true resid norm 4.483020396363e+00 ||r(i)||/||b|| 4.078104280279e+01
 26 KSP unpreconditioned resid norm 3.400067597567e+00 true resid norm 3.400067597567e+00 ||r(i)||/||b|| 3.092966124831e+01
 27 KSP unpreconditioned resid norm 3.855820778273e+00 true resid norm 3.855820778273e+00 ||r(i)||/||b|| 3.507554690721e+01
 28 KSP unpreconditioned resid norm 3.760844589906e+00 true resid norm 3.760844589906e+00 ||r(i)||/||b|| 3.421156957483e+01
 29 KSP unpreconditioned resid norm 3.881304312919e+00 true resid norm 3.881304312919e+00 ||r(i)||/||b|| 3.530736497299e+01
 30 KSP unpreconditioned resid norm 3.610194034354e+00 true resid norm 3.610194034354e+00 ||r(i)||/||b|| 3.284113486541e+01
 31 KSP unpreconditioned resid norm 3.489475213825e+00 true resid norm 3.489475213824e+00 ||r(i)||/||b|| 3.174298251457e+01
 32 KSP unpreconditioned resid norm 3.263048039988e+00 true resid norm 3.263048039988e+00 ||r(i)||/||b|| 2.968322470588e+01
 33 KSP unpreconditioned resid norm 3.640961043060e+00 true resid norm 3.640961043060e+00 ||r(i)||/||b|| 3.312101552355e+01
 34 KSP unpreconditioned resid norm 3.421074412878e+00 true resid norm 3.421074412878e+00 ||r(i)||/||b|| 3.112075559064e+01
 35 KSP unpreconditioned resid norm 3.828972846529e+00 true resid norm 3.828972846529e+00 ||r(i)||/||b|| 3.483131722347e+01
 36 KSP unpreconditioned resid norm 3.211664827476e+00 true resid norm 3.211664827476e+00 ||r(i)||/||b|| 2.921580301168e+01
 37 KSP unpreconditioned resid norm 3.742888991696e+00 true resid norm 3.742888991696e+00 ||r(i)||/||b|| 3.404823147810e+01
 38 KSP unpreconditioned resid norm 2.965979520254e+00 true resid norm 2.965979520254e+00 ||r(i)||/||b|| 2.698085823250e+01
 39 KSP unpreconditioned resid norm 2.920220158306e+00 true resid norm 2.920220158306e+00 ||r(i)||/||b|| 2.656459546025e+01
 40 KSP unpreconditioned resid norm 2.907988610450e+00 true resid norm 2.907988610450e+00 ||r(i)||/||b|| 2.645332778075e+01
 41 KSP unpreconditioned resid norm 2.633187599846e+00 true resid norm 2.633187599846e+00 ||r(i)||/||b|| 2.395352390192e+01
 42 KSP unpreconditioned resid norm 2.766010552749e+00 true resid norm 2.766010552750e+00 ||r(i)||/||b|| 2.516178486186e+01
 43 KSP unpreconditioned resid norm 2.427425036339e+00 true resid norm 2.427425036339e+00 ||r(i)||/||b|| 2.208174747271e+01
 44 KSP unpreconditioned resid norm 3.173154442455e+00 true resid norm 3.173154442455e+00 ||r(i)||/||b|| 2.886548257567e+01
 45 KSP unpreconditioned resid norm 2.606769022168e+00 true resid norm 2.606769022168e+00 ||r(i)||/||b|| 2.371319995695e+01
 46 KSP unpreconditioned resid norm 2.716994529908e+00 true resid norm 2.716994529908e+00 ||r(i)||/||b|| 2.471589696736e+01
 47 KSP unpreconditioned resid norm 2.489665648372e+00 true resid norm 2.489665648372e+00 ||r(i)||/||b|| 2.264793652361e+01
 48 KSP unpreconditioned resid norm 2.170702636216e+00 true resid norm 2.170702636216e+00 ||r(i)||/||b|| 1.974640070597e+01
 49 KSP unpreconditioned resid norm 1.987338452286e+00 true resid norm 1.987338452286e+00 ||r(i)||/||b|| 1.807837737076e+01
 50 KSP unpreconditioned resid norm 2.121969928259e+00 true resid norm 2.121969928259e+00 ||r(i)||/||b|| 1.930309006418e+01
 51 KSP unpreconditioned resid norm 1.673393059103e+00 true resid norm 1.673393059103e+00 ||r(i)||/||b|| 1.522248572068e+01
 52 KSP unpreconditioned resid norm 1.921833828907e+00 true resid norm 1.921833828906e+00 ||r(i)||/||b|| 1.748249633217e+01
 53 KSP unpreconditioned resid norm 1.604013012517e+00 true resid norm 1.604013012517e+00 ||r(i)||/||b|| 1.459135081624e+01
 54 KSP unpreconditioned resid norm 1.888988897583e+00 true resid norm 1.888988897583e+00 ||r(i)||/||b|| 1.718371327260e+01
 55 KSP unpreconditioned resid norm 1.629199083843e+00 true resid norm 1.629199083844e+00 ||r(i)||/||b|| 1.482046292414e+01
 56 KSP unpreconditioned resid norm 1.550301042036e+00 true resid norm 1.550301042035e+00 ||r(i)||/||b|| 1.410274492700e+01
 57 KSP unpreconditioned resid norm 1.533968096380e+00 true resid norm 1.533968096381e+00 ||r(i)||/||b|| 1.395416774087e+01
 58 KSP unpreconditioned resid norm 1.353130845749e+00 true resid norm 1.353130845749e+00 ||r(i)||/||b|| 1.230913135774e+01
 59 KSP unpreconditioned resid norm 1.333763716304e+00 true resid norm 1.333763716304e+00 ||r(i)||/||b|| 1.213295287426e+01
 60 KSP unpreconditioned resid norm 1.177426381428e+00 true resid norm 1.177426381427e+00 ||r(i)||/||b|| 1.071078679389e+01
 61 KSP unpreconditioned resid norm 1.055887139490e+00 true resid norm 1.055887139491e+00 ||r(i)||/||b|| 9.605171251375e+00
 62 KSP unpreconditioned resid norm 1.046498106513e+00 true resid norm 1.046498106513e+00 ||r(i)||/||b|| 9.519761299630e+00
 63 KSP unpreconditioned resid norm 1.015936738316e+00 true resid norm 1.015936738316e+00 ||r(i)||/||b|| 9.241751307626e+00
 64 KSP unpreconditioned resid norm 9.834625192612e-01 true resid norm 9.834625192613e-01 ||r(i)||/||b|| 8.946340535383e+00
 65 KSP unpreconditioned resid norm 8.429729540809e-01 true resid norm 8.429729540809e-01 ||r(i)||/||b|| 7.668338103002e+00
 66 KSP unpreconditioned resid norm 7.538379728924e-01 true resid norm 7.538379728922e-01 ||r(i)||/||b|| 6.857496937516e+00
 67 KSP unpreconditioned resid norm 7.279573887300e-01 true resid norm 7.279573887295e-01 ||r(i)||/||b|| 6.622067000290e+00
 68 KSP unpreconditioned resid norm 6.553218942307e-01 true resid norm 6.553218942310e-01 ||r(i)||/||b|| 5.961318007814e+00
 69 KSP unpreconditioned resid norm 7.055611044878e-01 true resid norm 7.055611044878e-01 ||r(i)||/||b|| 6.418332967087e+00
 70 KSP unpreconditioned resid norm 6.284713335647e-01 true resid norm 6.284713335651e-01 ||r(i)||/||b|| 5.717064409351e+00
 71 KSP unpreconditioned resid norm 6.768093657479e-01 true resid norm 6.768093657479e-01 ||r(i)||/||b|| 6.156784773114e+00
 72 KSP unpreconditioned resid norm 5.452588845350e-01 true resid norm 5.452588845351e-01 ||r(i)||/||b|| 4.960099206077e+00
 73 KSP unpreconditioned resid norm 5.455863075527e-01 true resid norm 5.455863075526e-01 ||r(i)||/||b|| 4.963077700687e+00
 74 KSP unpreconditioned resid norm 4.602614450691e-01 true resid norm 4.602614450688e-01 ||r(i)||/||b|| 4.186896340478e+00
 75 KSP unpreconditioned resid norm 4.480539733038e-01 true resid norm 4.480539733037e-01 ||r(i)||/||b|| 4.075847675839e+00
 76 KSP unpreconditioned resid norm 3.906205981884e-01 true resid norm 3.906205981884e-01 ||r(i)||/||b|| 3.553388993567e+00
 77 KSP unpreconditioned resid norm 4.085886569529e-01 true resid norm 4.085886569527e-01 ||r(i)||/||b|| 3.716840441199e+00
 78 KSP unpreconditioned resid norm 3.793991424005e-01 true resid norm 3.793991424009e-01 ||r(i)||/||b|| 3.451309897707e+00
 79 KSP unpreconditioned resid norm 3.296462096645e-01 true resid norm 3.296462096650e-01 ||r(i)||/||b|| 2.998718497250e+00
 80 KSP unpreconditioned resid norm 3.265498111763e-01 true resid norm 3.265498111757e-01 ||r(i)||/||b|| 2.970551246566e+00
 81 KSP unpreconditioned resid norm 2.849120649223e-01 true resid norm 2.849120649220e-01 ||r(i)||/||b|| 2.591781898659e+00
 82 KSP unpreconditioned resid norm 2.920132714758e-01 true resid norm 2.920132714769e-01 ||r(i)||/||b|| 2.656380000578e+00
 83 KSP unpreconditioned resid norm 2.864618039092e-01 true resid norm 2.864618039084e-01 ||r(i)||/||b|| 2.605879530691e+00
 84 KSP unpreconditioned resid norm 2.568451767342e-01 true resid norm 2.568451767337e-01 ||r(i)||/||b|| 2.336463638346e+00
 85 KSP unpreconditioned resid norm 2.469973073001e-01 true resid norm 2.469973073007e-01 ||r(i)||/||b|| 2.246879753073e+00
 86 KSP unpreconditioned resid norm 2.193253939127e-01 true resid norm 2.193253939131e-01 ||r(i)||/||b|| 1.995154490968e+00
 87 KSP unpreconditioned resid norm 2.172402468721e-01 true resid norm 2.172402468713e-01 ||r(i)||/||b|| 1.976186370540e+00
 88 KSP unpreconditioned resid norm 2.187474042713e-01 true resid norm 2.187474042716e-01 ||r(i)||/||b|| 1.989896647322e+00
 89 KSP unpreconditioned resid norm 2.049674896662e-01 true resid norm 2.049674896672e-01 ||r(i)||/||b|| 1.864543818734e+00
 90 KSP unpreconditioned resid norm 1.812312866091e-01 true resid norm 1.812312866081e-01 ||r(i)||/||b|| 1.648620841066e+00
 91 KSP unpreconditioned resid norm 1.677647407702e-01 true resid norm 1.677647407703e-01 ||r(i)||/||b|| 1.526118658684e+00
 92 KSP unpreconditioned resid norm 1.801632338356e-01 true resid norm 1.801632338359e-01 ||r(i)||/||b|| 1.638905001750e+00
 93 KSP unpreconditioned resid norm 1.553643471615e-01 true resid norm 1.553643471613e-01 ||r(i)||/||b|| 1.413315026795e+00
 94 KSP unpreconditioned resid norm 1.678505339418e-01 true resid norm 1.678505339422e-01 ||r(i)||/||b|| 1.526899100151e+00
 95 KSP unpreconditioned resid norm 1.493602599224e-01 true resid norm 1.493602599226e-01 ||r(i)||/||b|| 1.358697176101e+00
 96 KSP unpreconditioned resid norm 1.513012172414e-01 true resid norm 1.513012172418e-01 ||r(i)||/||b|| 1.376353634585e+00
 97 KSP unpreconditioned resid norm 1.443511640788e-01 true resid norm 1.443511640788e-01 ||r(i)||/||b|| 1.313130541566e+00
 98 KSP unpreconditioned resid norm 1.549386482159e-01 true resid norm 1.549386482156e-01 ||r(i)||/||b|| 1.409442537851e+00
 99 KSP unpreconditioned resid norm 1.297560235524e-01 true resid norm 1.297560235525e-01 ||r(i)||/||b|| 1.180361783477e+00
100 KSP unpreconditioned resid norm 1.433051121977e-01 true resid norm 1.433051121978e-01 ||r(i)||/||b|| 1.303614839481e+00
101 KSP unpreconditioned resid norm 1.280502228737e-01 true resid norm 1.280502228747e-01 ||r(i)||/||b|| 1.164844492832e+00
102 KSP unpreconditioned resid norm 1.377277967084e-01 true resid norm 1.377277967091e-01 ||r(i)||/||b|| 1.252879236794e+00
103 KSP unpreconditioned resid norm 1.266306513708e-01 true resid norm 1.266306513702e-01 ||r(i)||/||b|| 1.151930965530e+00
104 KSP unpreconditioned resid norm 1.353399368044e-01 true resid norm 1.353399368047e-01 ||r(i)||/||b|| 1.231157404556e+00
105 KSP unpreconditioned resid norm 1.433090176734e-01 true resid norm 1.433090176736e-01 ||r(i)||/||b|| 1.303650366729e+00
106 KSP unpreconditioned resid norm 1.466267685450e-01 true resid norm 1.466267685450e-01 ||r(i)||/||b|| 1.333831210966e+00
107 KSP unpreconditioned resid norm 1.437640712041e-01 true resid norm 1.437640712047e-01 ||r(i)||/||b|| 1.307789887831e+00
108 KSP unpreconditioned resid norm 1.478030609689e-01 true resid norm 1.478030609689e-01 ||r(i)||/||b|| 1.344531682400e+00
109 KSP unpreconditioned resid norm 1.539476472027e-01 true resid norm 1.539476472026e-01 ||r(i)||/||b|| 1.400427621308e+00
110 KSP unpreconditioned resid norm 1.438609727183e-01 true resid norm 1.438609727188e-01 ||r(i)||/||b|| 1.308671379424e+00
111 KSP unpreconditioned resid norm 1.567001638086e-01 true resid norm 1.567001638084e-01 ||r(i)||/||b|| 1.425466654726e+00
112 KSP unpreconditioned resid norm 1.350093462088e-01 true resid norm 1.350093462082e-01 ||r(i)||/||b|| 1.228150095181e+00
113 KSP unpreconditioned resid norm 1.299142796753e-01 true resid norm 1.299142796761e-01 ||r(i)||/||b|| 1.181801404353e+00
114 KSP unpreconditioned resid norm 1.330717473586e-01 true resid norm 1.330717473581e-01 ||r(i)||/||b|| 1.210524187946e+00
115 KSP unpreconditioned resid norm 1.357958065433e-01 true resid norm 1.357958065430e-01 ||r(i)||/||b|| 1.235304350514e+00
116 KSP unpreconditioned resid norm 1.374871191621e-01 true resid norm 1.374871191634e-01 ||r(i)||/||b|| 1.250689846512e+00
117 KSP unpreconditioned resid norm 1.465238739284e-01 true resid norm 1.465238739287e-01 ||r(i)||/||b|| 1.332895201450e+00
118 KSP unpreconditioned resid norm 1.440842964418e-01 true resid norm 1.440842964408e-01 ||r(i)||/||b|| 1.310702905819e+00
119 KSP unpreconditioned resid norm 1.414718164349e-01 true resid norm 1.414718164362e-01 ||r(i)||/||b|| 1.286937754321e+00
120 KSP unpreconditioned resid norm 1.428549684008e-01 true resid norm 1.428549684008e-01 ||r(i)||/||b|| 1.299519981143e+00
121 KSP unpreconditioned resid norm 1.386384991356e-01 true resid norm 1.386384991349e-01 ||r(i)||/||b|| 1.261163694887e+00
122 KSP unpreconditioned resid norm 1.439640935091e-01 true resid norm 1.439640935093e-01 ||r(i)||/||b|| 1.309609446397e+00
123 KSP unpreconditioned resid norm 1.211678105265e-01 true resid norm 1.211678105276e-01 ||r(i)||/||b|| 1.102236713322e+00
124 KSP unpreconditioned resid norm 1.177757381373e-01 true resid norm 1.177757381374e-01 ||r(i)||/||b|| 1.071379782704e+00
125 KSP unpreconditioned resid norm 1.088822513352e-01 true resid norm 1.088822513350e-01 ||r(i)||/||b|| 9.904777046651e-01
126 KSP unpreconditioned resid norm 1.101661550396e-01 true resid norm 1.101661550401e-01 ||r(i)||/||b|| 1.002157092069e+00
127 KSP unpreconditioned resid norm 1.126465190805e-01 true resid norm 1.126465190797e-01 ||r(i)||/||b|| 1.024720413920e+00
128 KSP unpreconditioned resid norm 1.131212888905e-01 true resid norm 1.131212888906e-01 ||r(i)||/||b|| 1.029039289649e+00
129 KSP unpreconditioned resid norm 1.063184953735e-01 true resid norm 1.063184953734e-01 ||r(i)||/||b|| 9.671557849856e-01
130 KSP unpreconditioned resid norm 9.335066703230e-02 true resid norm 9.335066703344e-02 ||r(i)||/||b|| 8.491903251317e-01
131 KSP unpreconditioned resid norm 8.616349277877e-02 true resid norm 8.616349277802e-02 ||r(i)||/||b|| 7.838101940978e-01
132 KSP unpreconditioned resid norm 8.768317360165e-02 true resid norm 8.768317360234e-02 ||r(i)||/||b|| 7.976343936918e-01
133 KSP unpreconditioned resid norm 8.894577964414e-02 true resid norm 8.894577964383e-02 ||r(i)||/||b|| 8.091200409717e-01
134 KSP unpreconditioned resid norm 7.674507591304e-02 true resid norm 7.674507591186e-02 ||r(i)||/||b|| 6.981329436296e-01
135 KSP unpreconditioned resid norm 6.271763631697e-02 true resid norm 6.271763631733e-02 ||r(i)||/||b|| 5.705284350751e-01
136 KSP unpreconditioned resid norm 6.610501505745e-02 true resid norm 6.610501505684e-02 ||r(i)||/||b|| 6.013426685943e-01
137 KSP unpreconditioned resid norm 5.873413403167e-02 true resid norm 5.873413403161e-02 ||r(i)||/||b|| 5.342913977975e-01
138 KSP unpreconditioned resid norm 5.384881252636e-02 true resid norm 5.384881252664e-02 ||r(i)||/||b|| 4.898507109871e-01
139 KSP unpreconditioned resid norm 5.272851517763e-02 true resid norm 5.272851517728e-02 ||r(i)||/||b|| 4.796596143342e-01
140 KSP unpreconditioned resid norm 5.089105755696e-02 true resid norm 5.089105755716e-02 ||r(i)||/||b|| 4.629446696699e-01
141 KSP unpreconditioned resid norm 4.898523831792e-02 true resid norm 4.898523831824e-02 ||r(i)||/||b|| 4.456078545129e-01
142 KSP unpreconditioned resid norm 4.824945979936e-02 true resid norm 4.824945979901e-02 ||r(i)||/||b|| 4.389146404221e-01
143 KSP unpreconditioned resid norm 4.414425321620e-02 true resid norm 4.414425321630e-02 ||r(i)||/||b|| 4.015704861329e-01
144 KSP unpreconditioned resid norm 4.201340000264e-02 true resid norm 4.201340000263e-02 ||r(i)||/||b|| 3.821865867904e-01
145 KSP unpreconditioned resid norm 3.909878358936e-02 true resid norm 3.909878358961e-02 ||r(i)||/||b|| 3.556729673589e-01
146 KSP unpreconditioned resid norm 3.855127361096e-02 true resid norm 3.855127361107e-02 ||r(i)||/||b|| 3.506923904496e-01
147 KSP unpreconditioned resid norm 3.115307517438e-02 true resid norm 3.115307517488e-02 ||r(i)||/||b|| 2.833926192207e-01
148 KSP unpreconditioned resid norm 3.379641034278e-02 true resid norm 3.379641034316e-02 ||r(i)||/||b|| 3.074384533033e-01
149 KSP unpreconditioned resid norm 2.826826959931e-02 true resid norm 2.826826959799e-02 ||r(i)||/||b|| 2.571501823573e-01
150 KSP unpreconditioned resid norm 2.495730006293e-02 true resid norm 2.495730006333e-02 ||r(i)||/||b|| 2.270310264371e-01
151 KSP unpreconditioned resid norm 2.312466140689e-02 true resid norm 2.312466140715e-02 ||r(i)||/||b|| 2.103599188195e-01
152 KSP unpreconditioned resid norm 2.208980830169e-02 true resid norm 2.208980830106e-02 ||r(i)||/||b|| 2.009460895074e-01
153 KSP unpreconditioned resid norm 2.012243447062e-02 true resid norm 2.012243447079e-02 ||r(i)||/||b|| 1.830493258775e-01
154 KSP unpreconditioned resid norm 1.899068201134e-02 true resid norm 1.899068201150e-02 ||r(i)||/||b|| 1.727540246288e-01
155 KSP unpreconditioned resid norm 1.918668767466e-02 true resid norm 1.918668767491e-02 ||r(i)||/||b|| 1.745370447007e-01
156 KSP unpreconditioned resid norm 1.691326097353e-02 true resid norm 1.691326097320e-02 ||r(i)||/||b|| 1.538561859415e-01
157 KSP unpreconditioned resid norm 1.513108972421e-02 true resid norm 1.513108972403e-02 ||r(i)||/||b|| 1.376441691385e-01
158 KSP unpreconditioned resid norm 1.481610118574e-02 true resid norm 1.481610118596e-02 ||r(i)||/||b|| 1.347787882307e-01
159 KSP unpreconditioned resid norm 1.270668359469e-02 true resid norm 1.270668359414e-02 ||r(i)||/||b|| 1.155898839886e-01
160 KSP unpreconditioned resid norm 1.230076671628e-02 true resid norm 1.230076671639e-02 ||r(i)||/||b|| 1.118973481305e-01
161 KSP unpreconditioned resid norm 1.184733926027e-02 true resid norm 1.184733925960e-02 ||r(i)||/||b|| 1.077726190666e-01
162 KSP unpreconditioned resid norm 1.151539766286e-02 true resid norm 1.151539766437e-02 ||r(i)||/||b|| 1.047530199556e-01
163 KSP unpreconditioned resid norm 1.083326121240e-02 true resid norm 1.083326121224e-02 ||r(i)||/||b|| 9.854777585860e-02
164 KSP unpreconditioned resid norm 1.013905297246e-02 true resid norm 1.013905297174e-02 ||r(i)||/||b|| 9.223271737860e-02
165 KSP unpreconditioned resid norm 9.337063524627e-03 true resid norm 9.337063525836e-03 ||r(i)||/||b|| 8.493719716474e-02
166 KSP unpreconditioned resid norm 8.028134474894e-03 true resid norm 8.028134475003e-03 ||r(i)||/||b|| 7.303015973722e-02
167 KSP unpreconditioned resid norm 8.056088176834e-03 true resid norm 8.056088176165e-03 ||r(i)||/||b|| 7.328444836024e-02
168 KSP unpreconditioned resid norm 7.578339004991e-03 true resid norm 7.578339004985e-03 ||r(i)||/||b|| 6.893847005180e-02
169 KSP unpreconditioned resid norm 7.142915409656e-03 true resid norm 7.142915410227e-03 ||r(i)||/||b|| 6.497751812984e-02
170 KSP unpreconditioned resid norm 6.340316222639e-03 true resid norm 6.340316221656e-03 ||r(i)||/||b|| 5.767645122211e-02
171 KSP unpreconditioned resid norm 5.677720937945e-03 true resid norm 5.677720938602e-03 ||r(i)||/||b|| 5.164896880845e-02
172 KSP unpreconditioned resid norm 5.300542269968e-03 true resid norm 5.300542269630e-03 ||r(i)||/||b|| 4.821785806532e-02
173 KSP unpreconditioned resid norm 5.041804238879e-03 true resid norm 5.041804238620e-03 ||r(i)||/||b|| 4.586417555121e-02
174 KSP unpreconditioned resid norm 4.488741493338e-03 true resid norm 4.488741494214e-03 ||r(i)||/||b|| 4.083308636175e-02
175 KSP unpreconditioned resid norm 4.255853509866e-03 true resid norm 4.255853510517e-03 ||r(i)||/||b|| 3.871455599791e-02
176 KSP unpreconditioned resid norm 3.918401060371e-03 true resid norm 3.918401058915e-03 ||r(i)||/||b|| 3.564482584815e-02
177 KSP unpreconditioned resid norm 3.548062239887e-03 true resid norm 3.548062240992e-03 ||r(i)||/||b|| 3.227593571384e-02
178 KSP unpreconditioned resid norm 3.498309331246e-03 true resid norm 3.498309331718e-03 ||r(i)||/||b|| 3.182334452681e-02
179 KSP unpreconditioned resid norm 3.206617063610e-03 true resid norm 3.206617062914e-03 ||r(i)||/||b|| 2.916988461639e-02
180 KSP unpreconditioned resid norm 3.028453317784e-03 true resid norm 3.028453318035e-03 ||r(i)||/||b|| 2.754916852246e-02
181 KSP unpreconditioned resid norm 2.765417743938e-03 true resid norm 2.765417744265e-03 ||r(i)||/||b|| 2.515639221448e-02
182 KSP unpreconditioned resid norm 2.821214249099e-03 true resid norm 2.821214247817e-03 ||r(i)||/||b|| 2.566396063899e-02
183 KSP unpreconditioned resid norm 2.447058387778e-03 true resid norm 2.447058388156e-03 ||r(i)||/||b|| 2.226034772210e-02
184 KSP unpreconditioned resid norm 2.429572564447e-03 true resid norm 2.429572564140e-03 ||r(i)||/||b|| 2.210128305708e-02
185 KSP unpreconditioned resid norm 1.994382859234e-03 true resid norm 1.994382859251e-03 ||r(i)||/||b|| 1.814245877940e-02
186 KSP unpreconditioned resid norm 1.865915257351e-03 true resid norm 1.865915258026e-03 ||r(i)||/||b|| 1.697381748824e-02
187 KSP unpreconditioned resid norm 1.733989345011e-03 true resid norm 1.733989345428e-03 ||r(i)||/||b|| 1.577371670511e-02
188 KSP unpreconditioned resid norm 1.669966331073e-03 true resid norm 1.669966331309e-03 ||r(i)||/||b|| 1.519131353753e-02
189 KSP unpreconditioned resid norm 1.635250141555e-03 true resid norm 1.635250141771e-03 ||r(i)||/||b|| 1.487550805678e-02
190 KSP unpreconditioned resid norm 1.527571448934e-03 true resid norm 1.527571449264e-03 ||r(i)||/||b|| 1.389597885999e-02
191 KSP unpreconditioned resid norm 1.493801650358e-03 true resid norm 1.493801650386e-03 ||r(i)||/||b|| 1.358878248529e-02
192 KSP unpreconditioned resid norm 1.314541237649e-03 true resid norm 1.314541237277e-03 ||r(i)||/||b|| 1.195809024356e-02
193 KSP unpreconditioned resid norm 1.297360852172e-03 true resid norm 1.297360852598e-03 ||r(i)||/||b|| 1.180180409248e-02
194 KSP unpreconditioned resid norm 1.256522094833e-03 true resid norm 1.256522094239e-03 ||r(i)||/||b|| 1.143030296034e-02
195 KSP unpreconditioned resid norm 1.135982756640e-03 true resid norm 1.135982756699e-03 ||r(i)||/||b|| 1.033378332647e-02
196 KSP unpreconditioned resid norm 1.044268049951e-03 true resid norm 1.044268048806e-03 ||r(i)||/||b|| 9.499474959004e-03
197 KSP unpreconditioned resid norm 8.820340512784e-04 true resid norm 8.820340520631e-04 ||r(i)||/||b|| 8.023668252744e-03
198 KSP unpreconditioned resid norm 9.026691573151e-04 true resid norm 9.026691570335e-04 ||r(i)||/||b|| 8.211381228513e-03
199 KSP unpreconditioned resid norm 7.997186217430e-04 true resid norm 7.997186210664e-04 ||r(i)||/||b|| 7.274863023677e-03
200 KSP unpreconditioned resid norm 7.130327572829e-04 true resid norm 7.130327586859e-04 ||r(i)||/||b|| 6.486300949099e-03
201 KSP unpreconditioned resid norm 7.517710444697e-04 true resid norm 7.517710434133e-04 ||r(i)||/||b|| 6.838694538219e-03
202 KSP unpreconditioned resid norm 6.457600873318e-04 true resid norm 6.457600863958e-04 ||r(i)||/||b|| 5.874336361485e-03
203 KSP unpreconditioned resid norm 6.680480068875e-04 true resid norm 6.680480082320e-04 ||r(i)||/||b|| 6.077084645907e-03
204 KSP unpreconditioned resid norm 5.942088939519e-04 true resid norm 5.942088932275e-04 ||r(i)||/||b|| 5.405386584493e-03
205 KSP unpreconditioned resid norm 5.421123991417e-04 true resid norm 5.421123985090e-04 ||r(i)||/||b|| 4.931476320173e-03
206 KSP unpreconditioned resid norm 5.377449530299e-04 true resid norm 5.377449530138e-04 ||r(i)||/||b|| 4.891746636627e-03
207 KSP unpreconditioned resid norm 4.568916959960e-04 true resid norm 4.568916965638e-04 ||r(i)||/||b|| 4.156242485295e-03
208 KSP unpreconditioned resid norm 4.212935493038e-04 true resid norm 4.212935492764e-04 ||r(i)||/||b|| 3.832414030397e-03
209 KSP unpreconditioned resid norm 4.033383470923e-04 true resid norm 4.033383473529e-04 ||r(i)||/||b|| 3.669079538596e-03
210 KSP unpreconditioned resid norm 3.842551490781e-04 true resid norm 3.842551490158e-04 ||r(i)||/||b|| 3.495483913461e-03
211 KSP unpreconditioned resid norm 3.899199386158e-04 true resid norm 3.899199382250e-04 ||r(i)||/||b|| 3.547015245194e-03
212 KSP unpreconditioned resid norm 3.582904312308e-04 true resid norm 3.582904307501e-04 ||r(i)||/||b|| 3.259288626949e-03
213 KSP unpreconditioned resid norm 3.398955852827e-04 true resid norm 3.398955861425e-04 ||r(i)||/||b|| 3.091954803106e-03
214 KSP unpreconditioned resid norm 3.107328363175e-04 true resid norm 3.107328348757e-04 ||r(i)||/||b|| 2.826667719285e-03
215 KSP unpreconditioned resid norm 3.184564268932e-04 true resid norm 3.184564281315e-04 ||r(i)||/||b|| 2.896927535058e-03
216 KSP unpreconditioned resid norm 2.894242656485e-04 true resid norm 2.894242656603e-04 ||r(i)||/||b|| 2.632828388565e-03
217 KSP unpreconditioned resid norm 2.817327640209e-04 true resid norm 2.817327633469e-04 ||r(i)||/||b|| 2.562860496980e-03
218 KSP unpreconditioned resid norm 2.591930731160e-04 true resid norm 2.591930726261e-04 ||r(i)||/||b|| 2.357821926826e-03
219 KSP unpreconditioned resid norm 2.296432828886e-04 true resid norm 2.296432838984e-04 ||r(i)||/||b|| 2.089014049018e-03
220 KSP unpreconditioned resid norm 2.153351885452e-04 true resid norm 2.153351890345e-04 ||r(i)||/||b|| 1.958856481689e-03
221 KSP unpreconditioned resid norm 2.056872334351e-04 true resid norm 2.056872316456e-04 ||r(i)||/||b|| 1.871091151968e-03
222 KSP unpreconditioned resid norm 2.069393642758e-04 true resid norm 2.069393656811e-04 ||r(i)||/||b|| 1.882481537731e-03
223 KSP unpreconditioned resid norm 1.888798722246e-04 true resid norm 1.888798718345e-04 ||r(i)||/||b|| 1.718198325423e-03
224 KSP unpreconditioned resid norm 1.925984402410e-04 true resid norm 1.925984398611e-04 ||r(i)||/||b|| 1.752025314473e-03
225 KSP unpreconditioned resid norm 1.830174612833e-04 true resid norm 1.830174606816e-04 ||r(i)||/||b|| 1.664869270675e-03
226 KSP unpreconditioned resid norm 1.842794431759e-04 true resid norm 1.842794440192e-04 ||r(i)||/||b|| 1.676349253356e-03
227 KSP unpreconditioned resid norm 1.621102334591e-04 true resid norm 1.621102317592e-04 ||r(i)||/||b|| 1.474680843635e-03
228 KSP unpreconditioned resid norm 1.502224424808e-04 true resid norm 1.502224431607e-04 ||r(i)||/||b|| 1.366540265899e-03
229 KSP unpreconditioned resid norm 1.306089206433e-04 true resid norm 1.306089202277e-04 ||r(i)||/||b|| 1.188120395471e-03
230 KSP unpreconditioned resid norm 1.228684735191e-04 true resid norm 1.228684723021e-04 ||r(i)||/||b|| 1.117707256502e-03
231 KSP unpreconditioned resid norm 1.164747141877e-04 true resid norm 1.164747162581e-04 ||r(i)||/||b|| 1.059544675062e-03
232 KSP unpreconditioned resid norm 1.094749235849e-04 true resid norm 1.094749231353e-04 ||r(i)||/||b|| 9.958691086560e-04
233 KSP unpreconditioned resid norm 1.029856032562e-04 true resid norm 1.029856025123e-04 ||r(i)||/||b|| 9.368371974240e-04
234 KSP unpreconditioned resid norm 9.529621425143e-05 true resid norm 9.529621550322e-05 ||r(i)||/||b|| 8.668885482950e-04
235 KSP unpreconditioned resid norm 8.700002117164e-05 true resid norm 8.700002076684e-05 ||r(i)||/||b|| 7.914199037805e-04
236 KSP unpreconditioned resid norm 8.259904509589e-05 true resid norm 8.259904525516e-05 ||r(i)||/||b|| 7.513852051070e-04
237 KSP unpreconditioned resid norm 8.721360475097e-05 true resid norm 8.721360467250e-05 ||r(i)||/||b|| 7.933628292255e-04
238 KSP unpreconditioned resid norm 8.156393805110e-05 true resid norm 8.156393900899e-05 ||r(i)||/||b|| 7.419690730357e-04
239 KSP unpreconditioned resid norm 7.098944556011e-05 true resid norm 7.098944486084e-05 ||r(i)||/||b|| 6.457752437987e-04
240 KSP unpreconditioned resid norm 7.075373044121e-05 true resid norm 7.075373079717e-05 ||r(i)||/||b|| 6.436310052118e-04
241 KSP unpreconditioned resid norm 6.109597240765e-05 true resid norm 6.109597300304e-05 ||r(i)||/||b|| 5.557765233761e-04
242 KSP unpreconditioned resid norm 5.708154642548e-05 true resid norm 5.708154564825e-05 ||r(i)||/||b|| 5.192581676003e-04
243 KSP unpreconditioned resid norm 5.712600564068e-05 true resid norm 5.712600608478e-05 ||r(i)||/||b|| 5.196626143360e-04
244 KSP unpreconditioned resid norm 5.321707053014e-05 true resid norm 5.321707154358e-05 ||r(i)||/||b|| 4.841039033010e-04
245 KSP unpreconditioned resid norm 5.285961537453e-05 true resid norm 5.285961330567e-05 ||r(i)||/||b|| 4.808521849479e-04
246 KSP unpreconditioned resid norm 4.651943361401e-05 true resid norm 4.651943514563e-05 ||r(i)||/||b|| 4.231769896417e-04
247 KSP unpreconditioned resid norm 4.882590293012e-05 true resid norm 4.882590274810e-05 ||r(i)||/||b|| 4.441584141509e-04
248 KSP unpreconditioned resid norm 4.661170166717e-05 true resid norm 4.661170144918e-05 ||r(i)||/||b|| 4.240163157526e-04
249 KSP unpreconditioned resid norm 4.605273968176e-05 true resid norm 4.605273967138e-05 ||r(i)||/||b|| 4.189315643640e-04
250 KSP unpreconditioned resid norm 3.869971812542e-05 true resid norm 3.869971821752e-05 ||r(i)||/||b|| 3.520427581291e-04
251 KSP unpreconditioned resid norm 3.429265599164e-05 true resid norm 3.429265512813e-05 ||r(i)||/||b|| 3.119526821105e-04
252 KSP unpreconditioned resid norm 3.121327356327e-05 true resid norm 3.121327460907e-05 ||r(i)||/||b|| 2.839402401292e-04
253 KSP unpreconditioned resid norm 2.978047178298e-05 true resid norm 2.978047054859e-05 ||r(i)||/||b|| 2.709063391981e-04
254 KSP unpreconditioned resid norm 2.940837976565e-05 true resid norm 2.940838135217e-05 ||r(i)||/||b|| 2.675215262586e-04
255 KSP unpreconditioned resid norm 2.963831630839e-05 true resid norm 2.963831568801e-05 ||r(i)||/||b|| 2.696131879426e-04
256 KSP unpreconditioned resid norm 2.695737812479e-05 true resid norm 2.695737778567e-05 ||r(i)||/||b|| 2.452252901236e-04
257 KSP unpreconditioned resid norm 2.425020829085e-05 true resid norm 2.425020812259e-05 ||r(i)||/||b|| 2.205987677919e-04
258 KSP unpreconditioned resid norm 2.386009410283e-05 true resid norm 2.386009458936e-05 ||r(i)||/||b|| 2.170499914559e-04
259 KSP unpreconditioned resid norm 2.281587394976e-05 true resid norm 2.281587406366e-05 ||r(i)||/||b|| 2.075509488040e-04
260 KSP unpreconditioned resid norm 2.072614127174e-05 true resid norm 2.072614023220e-05 ||r(i)||/||b|| 1.885411033668e-04
261 KSP unpreconditioned resid norm 1.746832505805e-05 true resid norm 1.746832706381e-05 ||r(i)||/||b|| 1.589054991274e-04
262 KSP unpreconditioned resid norm 1.670426712265e-05 true resid norm 1.670426626410e-05 ||r(i)||/||b|| 1.519550074004e-04
263 KSP unpreconditioned resid norm 1.679426531271e-05 true resid norm 1.679426427138e-05 ||r(i)||/||b|| 1.527736993229e-04
264 KSP unpreconditioned resid norm 1.420827761509e-05 true resid norm 1.420827820502e-05 ||r(i)||/||b|| 1.292495573080e-04
265 KSP unpreconditioned resid norm 1.457278434046e-05 true resid norm 1.457278502938e-05 ||r(i)||/||b|| 1.325653950897e-04
266 KSP unpreconditioned resid norm 1.182039524487e-05 true resid norm 1.182039459412e-05 ||r(i)||/||b|| 1.075275094175e-04
267 KSP unpreconditioned resid norm 1.244532214277e-05 true resid norm 1.244532195556e-05 ||r(i)||/||b|| 1.132123350980e-04
268 KSP unpreconditioned resid norm 1.028539615487e-05 true resid norm 1.028539524301e-05 ||r(i)||/||b|| 9.356396058093e-05
269 KSP unpreconditioned resid norm 9.804081972950e-06 true resid norm 9.804083650336e-06 ||r(i)||/||b|| 8.918557571382e-05
270 KSP unpreconditioned resid norm 9.662572389076e-06 true resid norm 9.662572508182e-06 ||r(i)||/||b|| 8.789828022216e-05
271 KSP unpreconditioned resid norm 8.648658803609e-06 true resid norm 8.648656289611e-06 ||r(i)||/||b|| 7.867490913478e-05
272 KSP unpreconditioned resid norm 8.432279493974e-06 true resid norm 8.432282723154e-06 ||r(i)||/||b|| 7.670660676385e-05
273 KSP unpreconditioned resid norm 7.745354597194e-06 true resid norm 7.745353088105e-06 ||r(i)||/||b|| 7.045776014424e-05
274 KSP unpreconditioned resid norm 7.538685481677e-06 true resid norm 7.538684736598e-06 ||r(i)||/||b|| 6.857774396238e-05
275 KSP unpreconditioned resid norm 7.657196850903e-06 true resid norm 7.657197728276e-06 ||r(i)||/||b|| 6.965583037711e-05
276 KSP unpreconditioned resid norm 7.297136431504e-06 true resid norm 7.297136283879e-06 ||r(i)||/||b|| 6.638043123160e-05
277 KSP unpreconditioned resid norm 6.553727981602e-06 true resid norm 6.553727680631e-06 ||r(i)||/||b|| 5.961780795787e-05
278 KSP unpreconditioned resid norm 5.847378968173e-06 true resid norm 5.847380362553e-06 ||r(i)||/||b|| 5.319232298004e-05
279 KSP unpreconditioned resid norm 5.162476062897e-06 true resid norm 5.162475343273e-06 ||r(i)||/||b|| 4.696189384129e-05
280 KSP unpreconditioned resid norm 4.806980939989e-06 true resid norm 4.806981837424e-06 ||r(i)||/||b|| 4.372804822018e-05
281 KSP unpreconditioned resid norm 4.835427170924e-06 true resid norm 4.835427323602e-06 ||r(i)||/||b|| 4.398681050248e-05
282 KSP unpreconditioned resid norm 4.338544867649e-06 true resid norm 4.338544296547e-06 ||r(i)||/||b|| 3.946677574851e-05
283 KSP unpreconditioned resid norm 3.912419929367e-06 true resid norm 3.912419508076e-06 ||r(i)||/||b|| 3.559041300609e-05
284 KSP unpreconditioned resid norm 3.873893017582e-06 true resid norm 3.873894114564e-06 ||r(i)||/||b|| 3.523995604117e-05
285 KSP unpreconditioned resid norm 3.956327286837e-06 true resid norm 3.956326416330e-06 ||r(i)||/||b|| 3.598982441772e-05
286 KSP unpreconditioned resid norm 3.821035448004e-06 true resid norm 3.821035022779e-06 ||r(i)||/||b|| 3.475910860037e-05
287 KSP unpreconditioned resid norm 3.740899392366e-06 true resid norm 3.740900514316e-06 ||r(i)||/||b|| 3.403014274016e-05
288 KSP unpreconditioned resid norm 3.473023958837e-06 true resid norm 3.473022382222e-06 ||r(i)||/||b|| 3.159331475255e-05
289 KSP unpreconditioned resid norm 3.017596782530e-06 true resid norm 3.017595100665e-06 ||r(i)||/||b|| 2.745039372597e-05
290 KSP unpreconditioned resid norm 2.879994362216e-06 true resid norm 2.879995610031e-06 ||r(i)||/||b|| 2.619868166110e-05
291 KSP unpreconditioned resid norm 2.317473126209e-06 true resid norm 2.317471072109e-06 ||r(i)||/||b|| 2.108152063341e-05
292 KSP unpreconditioned resid norm 2.143196760803e-06 true resid norm 2.143196853427e-06 ||r(i)||/||b|| 1.949618669710e-05
293 KSP unpreconditioned resid norm 1.902054606743e-06 true resid norm 1.902055236579e-06 ||r(i)||/||b|| 1.730257486206e-05
294 KSP unpreconditioned resid norm 1.782968248581e-06 true resid norm 1.782968153577e-06 ||r(i)||/||b|| 1.621926606580e-05
295 KSP unpreconditioned resid norm 1.771849909948e-06 true resid norm 1.771848989453e-06 ||r(i)||/||b|| 1.611811749453e-05
296 KSP unpreconditioned resid norm 1.601517933813e-06 true resid norm 1.601520163246e-06 ||r(i)||/||b|| 1.456867391901e-05
297 KSP unpreconditioned resid norm 1.561497360041e-06 true resid norm 1.561496612833e-06 ||r(i)||/||b|| 1.420458855285e-05
298 KSP unpreconditioned resid norm 1.516569573081e-06 true resid norm 1.516568474339e-06 ||r(i)||/||b|| 1.379588723611e-05
299 KSP unpreconditioned resid norm 1.288484489455e-06 true resid norm 1.288486614132e-06 ||r(i)||/||b|| 1.172107711229e-05
300 KSP unpreconditioned resid norm 1.166077639426e-06 true resid norm 1.166076015784e-06 ||r(i)||/||b|| 1.060753503365e-05
301 KSP unpreconditioned resid norm 1.117428042503e-06 true resid norm 1.117428054475e-06 ||r(i)||/||b|| 1.016499531333e-05
302 KSP unpreconditioned resid norm 1.117209309763e-06 true resid norm 1.117209739538e-06 ||r(i)||/||b|| 1.016300935074e-05
303 KSP unpreconditioned resid norm 1.050868281241e-06 true resid norm 1.050867892832e-06 ||r(i)||/||b|| 9.559512277126e-06
304 KSP unpreconditioned resid norm 9.754625398251e-07 true resid norm 9.754618472837e-07 ||r(i)||/||b|| 8.873560195897e-06
305 KSP unpreconditioned resid norm 9.499162950952e-07 true resid norm 9.499161792997e-07 ||r(i)||/||b|| 8.641176916908e-06
306 KSP unpreconditioned resid norm 8.204325490368e-07 true resid norm 8.204333280656e-07 ||r(i)||/||b|| 7.463300121458e-06
307 KSP unpreconditioned resid norm 8.497930488684e-07 true resid norm 8.497936592023e-07 ||r(i)||/||b|| 7.730384545558e-06
308 KSP unpreconditioned resid norm 7.923060639070e-07 true resid norm 7.923058930137e-07 ||r(i)||/||b|| 7.207431079748e-06
309 KSP unpreconditioned resid norm 7.766356140684e-07 true resid norm 7.766362121774e-07 ||r(i)||/||b|| 7.064887466649e-06
310 KSP unpreconditioned resid norm 6.390131182044e-07 true resid norm 6.390133681880e-07 ||r(i)||/||b|| 5.812962961482e-06
311 KSP unpreconditioned resid norm 5.854844729939e-07 true resid norm 5.854847746268e-07 ||r(i)||/||b|| 5.326025211442e-06
312 KSP unpreconditioned resid norm 6.092360216732e-07 true resid norm 6.092360425072e-07 ||r(i)||/||b|| 5.542085230449e-06
313 KSP unpreconditioned resid norm 5.207492469596e-07 true resid norm 5.207498693051e-07 ||r(i)||/||b|| 4.737146127398e-06
314 KSP unpreconditioned resid norm 5.342869887595e-07 true resid norm 5.342853195421e-07 ||r(i)||/||b|| 4.860275117825e-06
315 KSP unpreconditioned resid norm 5.051148912563e-07 true resid norm 5.051159294403e-07 ||r(i)||/||b|| 4.594927641995e-06
316 KSP unpreconditioned resid norm 4.209084146031e-07 true resid norm 4.209074358623e-07 ||r(i)||/||b|| 3.828901642258e-06
317 KSP unpreconditioned resid norm 4.589388717708e-07 true resid norm 4.589410078179e-07 ||r(i)||/||b|| 4.174884615506e-06
318 KSP unpreconditioned resid norm 3.865667577925e-07 true resid norm 3.865658392427e-07 ||r(i)||/||b|| 3.516503750248e-06
319 KSP unpreconditioned resid norm 4.006008153556e-07 true resid norm 4.006019964706e-07 ||r(i)||/||b|| 3.644187561181e-06
320 KSP unpreconditioned resid norm 3.680356379852e-07 true resid norm 3.680342351159e-07 ||r(i)||/||b|| 3.347925855373e-06
321 KSP unpreconditioned resid norm 3.300728618330e-07 true resid norm 3.300741906028e-07 ||r(i)||/||b|| 3.002611744972e-06
322 KSP unpreconditioned resid norm 3.327778876416e-07 true resid norm 3.327778908630e-07 ||r(i)||/||b|| 3.027206706915e-06
323 KSP unpreconditioned resid norm 3.007819825020e-07 true resid norm 3.007815829571e-07 ||r(i)||/||b|| 2.736143386457e-06
324 KSP unpreconditioned resid norm 2.891043894145e-07 true resid norm 2.891031656284e-07 ||r(i)||/||b|| 2.629907412752e-06
325 KSP unpreconditioned resid norm 2.796058897802e-07 true resid norm 2.796064808809e-07 ||r(i)||/||b|| 2.543518176717e-06
326 KSP unpreconditioned resid norm 2.456634017754e-07 true resid norm 2.456613689410e-07 ||r(i)||/||b|| 2.234727017950e-06
327 KSP unpreconditioned resid norm 2.424888442377e-07 true resid norm 2.424891783819e-07 ||r(i)||/||b|| 2.205870303608e-06
328 KSP unpreconditioned resid norm 2.247269937597e-07 true resid norm 2.247270824535e-07 ||r(i)||/||b|| 2.044292454238e-06
329 KSP unpreconditioned resid norm 2.294449858790e-07 true resid norm 2.294448758434e-07 ||r(i)||/||b|| 2.087209174921e-06
330 KSP unpreconditioned resid norm 2.076284858369e-07 true resid norm 2.076288096892e-07 ||r(i)||/||b|| 1.888753257045e-06
331 KSP unpreconditioned resid norm 1.978714263311e-07 true resid norm 1.978713002522e-07 ||r(i)||/||b|| 1.799991356626e-06
332 KSP unpreconditioned resid norm 1.641178450723e-07 true resid norm 1.641187515045e-07 ||r(i)||/||b|| 1.492951902533e-06
333 KSP unpreconditioned resid norm 1.577458815408e-07 true resid norm 1.577443920485e-07 ||r(i)||/||b|| 1.434965767554e-06
334 KSP unpreconditioned resid norm 1.399703773734e-07 true resid norm 1.399724984330e-07 ||r(i)||/||b|| 1.273298790797e-06
335 KSP unpreconditioned resid norm 1.362131498569e-07 true resid norm 1.362115972039e-07 ||r(i)||/||b|| 1.239086705988e-06
336 KSP unpreconditioned resid norm 1.296179833839e-07 true resid norm 1.296183614705e-07 ||r(i)||/||b|| 1.179109502032e-06
337 KSP unpreconditioned resid norm 1.227526675605e-07 true resid norm 1.227531308496e-07 ||r(i)||/||b|| 1.116658020877e-06
338 KSP unpreconditioned resid norm 1.083032008365e-07 true resid norm 1.083035192215e-07 ||r(i)||/||b|| 9.852131069149e-07
339 KSP unpreconditioned resid norm 1.103715871883e-07 true resid norm 1.103696150284e-07 ||r(i)||/||b|| 1.004007922483e-06
340 KSP unpreconditioned resid norm 1.012263317412e-07 true resid norm 1.012289858980e-07 ||r(i)||/||b|| 9.208576454701e-07
341 KSP unpreconditioned resid norm 9.536678223392e-08 true resid norm 9.536718600534e-08 ||r(i)||/||b|| 8.675341512209e-07
342 KSP unpreconditioned resid norm 8.366732555384e-08 true resid norm 8.366697443599e-08 ||r(i)||/||b|| 7.610999201391e-07
343 KSP unpreconditioned resid norm 7.219249104071e-08 true resid norm 7.219331927011e-08 ||r(i)||/||b|| 6.567266224392e-07
344 KSP unpreconditioned resid norm 7.008232707979e-08 true resid norm 7.008446584286e-08 ||r(i)||/||b|| 6.375428502772e-07
345 KSP unpreconditioned resid norm 7.346294576375e-08 true resid norm 7.346148703837e-08 ||r(i)||/||b|| 6.682628635146e-07
346 KSP unpreconditioned resid norm 6.078130282275e-08 true resid norm 6.078079225423e-08 ||r(i)||/||b|| 5.529093939697e-07
347 KSP unpreconditioned resid norm 6.352167860208e-08 true resid norm 6.352305048595e-08 ||r(i)||/||b|| 5.778551092323e-07
348 KSP unpreconditioned resid norm 6.088737896721e-08 true resid norm 6.088583390848e-08 ||r(i)||/||b|| 5.538649346141e-07
349 KSP unpreconditioned resid norm 5.230331847498e-08 true resid norm 5.230172522284e-08 ||r(i)||/||b|| 4.757772007245e-07
350 KSP unpreconditioned resid norm 5.346131907157e-08 true resid norm 5.346248967348e-08 ||r(i)||/||b|| 4.863364176274e-07
351 KSP unpreconditioned resid norm 4.825464619984e-08 true resid norm 4.825440012045e-08 ||r(i)||/||b|| 4.389595814311e-07
352 KSP unpreconditioned resid norm 4.469512922924e-08 true resid norm 4.469481019730e-08 ||r(i)||/||b|| 4.065787809480e-07
353 KSP unpreconditioned resid norm 3.773942744508e-08 true resid norm 3.773930736290e-08 ||r(i)||/||b|| 3.433061134770e-07
354 KSP unpreconditioned resid norm 3.960119206889e-08 true resid norm 3.960249795640e-08 ||r(i)||/||b|| 3.602551452961e-07
355 KSP unpreconditioned resid norm 3.436645476511e-08 true resid norm 3.436539775059e-08 ||r(i)||/||b|| 3.126144056223e-07
356 KSP unpreconditioned resid norm 3.901525926419e-08 true resid norm 3.901665693687e-08 ||r(i)||/||b|| 3.549258794038e-07
357 KSP unpreconditioned resid norm 3.405001791572e-08 true resid norm 3.404954718110e-08 ||r(i)||/||b|| 3.097411830057e-07
358 KSP unpreconditioned resid norm 3.266658205943e-08 true resid norm 3.266581293753e-08 ||r(i)||/||b|| 2.971536593218e-07
359 KSP unpreconditioned resid norm 3.415517508443e-08 true resid norm 3.415683721640e-08 ||r(i)||/||b|| 3.107171766740e-07
360 KSP unpreconditioned resid norm 2.680665504494e-08 true resid norm 2.680653101402e-08 ||r(i)||/||b|| 2.438530704799e-07
361 KSP unpreconditioned resid norm 2.884904026183e-08 true resid norm 2.884668489502e-08 ||r(i)||/||b|| 2.624118980982e-07
362 KSP unpreconditioned resid norm 2.173355510258e-08 true resid norm 2.173541201565e-08 ||r(i)||/||b|| 1.977222250573e-07
363 KSP unpreconditioned resid norm 2.110005373293e-08 true resid norm 2.109896053922e-08 ||r(i)||/||b|| 1.919325670573e-07
364 KSP unpreconditioned resid norm 2.068107960092e-08 true resid norm 2.068088264371e-08 ||r(i)||/||b|| 1.881294051164e-07
365 KSP unpreconditioned resid norm 1.812593466397e-08 true resid norm 1.812622141417e-08 ||r(i)||/||b|| 1.648902181984e-07
366 KSP unpreconditioned resid norm 1.851038150673e-08 true resid norm 1.851327434054e-08 ||r(i)||/||b|| 1.684111528723e-07
367 KSP unpreconditioned resid norm 1.732092953679e-08 true resid norm 1.731982268467e-08 ||r(i)||/||b|| 1.575545877090e-07
368 KSP unpreconditioned resid norm 1.742629581485e-08 true resid norm 1.742704279313e-08 ||r(i)||/||b|| 1.585299452684e-07
369 KSP unpreconditioned resid norm 1.634092414681e-08 true resid norm 1.634266529433e-08 ||r(i)||/||b|| 1.486656035338e-07
370 KSP unpreconditioned resid norm 1.342110098526e-08 true resid norm 1.342126114697e-08 ||r(i)||/||b|| 1.220902375876e-07
371 KSP unpreconditioned resid norm 1.293006544130e-08 true resid norm 1.292881623043e-08 ||r(i)||/||b|| 1.176105753412e-07
372 KSP unpreconditioned resid norm 1.310545234822e-08 true resid norm 1.310640452316e-08 ||r(i)||/||b|| 1.192260566745e-07
373 KSP unpreconditioned resid norm 1.136024760264e-08 true resid norm 1.135953284509e-08 ||r(i)||/||b|| 1.033351522449e-07
374 KSP unpreconditioned resid norm 1.032084511053e-08 true resid norm 1.032143135375e-08 ||r(i)||/||b|| 9.389177309229e-08
375 KSP unpreconditioned resid norm 9.522053220772e-09 true resid norm 9.522094560060e-09 ||r(i)||/||b|| 8.662038346759e-08
376 KSP unpreconditioned resid norm 9.027370078607e-09 true resid norm 9.028774113772e-09 ||r(i)||/||b|| 8.213275672115e-08
377 KSP unpreconditioned resid norm 9.170873992618e-09 true resid norm 9.170504235803e-09 ||r(i)||/||b|| 8.342204422420e-08
378 KSP unpreconditioned resid norm 8.651543101406e-09 true resid norm 8.653265515438e-09 ||r(i)||/||b|| 7.871683824040e-08
379 KSP unpreconditioned resid norm 7.357023585889e-09 true resid norm 7.358195364590e-09 ||r(i)||/||b|| 6.693587215397e-08
380 KSP unpreconditioned resid norm 6.816626468287e-09 true resid norm 6.815229815794e-09 ||r(i)||/||b|| 6.199663491475e-08
381 KSP unpreconditioned resid norm 6.955452210586e-09 true resid norm 6.956778265020e-09 ||r(i)||/||b|| 6.328426978057e-08
382 KSP unpreconditioned resid norm 6.416685129905e-09 true resid norm 6.417887759377e-09 ||r(i)||/||b|| 5.838210230561e-08
383 KSP unpreconditioned resid norm 5.323055586673e-09 true resid norm 5.322811384410e-09 ||r(i)||/||b|| 4.842043526612e-08
384 KSP unpreconditioned resid norm 5.163241154566e-09 true resid norm 5.164928373193e-09 ||r(i)||/||b|| 4.698420851071e-08
385 KSP unpreconditioned resid norm 4.625684325395e-09 true resid norm 4.626509711534e-09 ||r(i)||/||b|| 4.208633329588e-08
386 KSP unpreconditioned resid norm 4.122395217351e-09 true resid norm 4.122310726553e-09 ||r(i)||/||b|| 3.749974689437e-08
387 KSP unpreconditioned resid norm 4.540950951757e-09 true resid norm 4.542029860640e-09 ||r(i)||/||b|| 4.131783881880e-08
388 KSP unpreconditioned resid norm 3.925491239173e-09 true resid norm 3.925937766018e-09 ||r(i)||/||b|| 3.571338560203e-08
389 KSP unpreconditioned resid norm 3.653450584284e-09 true resid norm 3.654407148181e-09 ||r(i)||/||b|| 3.324333176125e-08
390 KSP unpreconditioned resid norm 3.388603080542e-09 true resid norm 3.389127054046e-09 ||r(i)||/||b|| 3.083013754906e-08
391 KSP unpreconditioned resid norm 2.909701317731e-09 true resid norm 2.912966812824e-09 ||r(i)||/||b|| 2.649861338424e-08
392 KSP unpreconditioned resid norm 2.854090277708e-09 true resid norm 2.854264949419e-09 ||r(i)||/||b|| 2.596461554517e-08
393 KSP unpreconditioned resid norm 2.624793656438e-09 true resid norm 2.626033703642e-09 ||r(i)||/||b|| 2.388844649394e-08
394 KSP unpreconditioned resid norm 2.564020780611e-09 true resid norm 2.565359572757e-09 ||r(i)||/||b|| 2.333650737481e-08
395 KSP unpreconditioned resid norm 2.644232838543e-09 true resid norm 2.645755805213e-09 ||r(i)||/||b|| 2.406785408017e-08
396 KSP unpreconditioned resid norm 2.331183020419e-09 true resid norm 2.331546650140e-09 ||r(i)||/||b|| 2.120956304665e-08
397 KSP unpreconditioned resid norm 2.468743227161e-09 true resid norm 2.469879541713e-09 ||r(i)||/||b|| 2.246794669728e-08
398 KSP unpreconditioned resid norm 2.207674567363e-09 true resid norm 2.209142483061e-09 ||r(i)||/||b|| 2.009607947183e-08
399 KSP unpreconditioned resid norm 1.990713598245e-09 true resid norm 1.990906459078e-09 ||r(i)||/||b|| 1.811083473764e-08
400 KSP unpreconditioned resid norm 1.950794372024e-09 true resid norm 1.953146280679e-09 ||r(i)||/||b|| 1.776733876498e-08
401 KSP unpreconditioned resid norm 1.714115034703e-09 true resid norm 1.716150894656e-09 ||r(i)||/||b|| 1.561144427266e-08
402 KSP unpreconditioned resid norm 1.597743828483e-09 true resid norm 1.598009468088e-09 ||r(i)||/||b|| 1.453673790336e-08
403 KSP unpreconditioned resid norm 1.358040752656e-09 true resid norm 1.360354240855e-09 ||r(i)||/||b|| 1.237484098182e-08
404 KSP unpreconditioned resid norm 1.469538332336e-09 true resid norm 1.472558095203e-09 ||r(i)||/||b|| 1.339553457280e-08
405 KSP unpreconditioned resid norm 1.423511254179e-09 true resid norm 1.425600399985e-09 ||r(i)||/||b|| 1.296837082843e-08
406 KSP unpreconditioned resid norm 1.399569683349e-09 true resid norm 1.402264857474e-09 ||r(i)||/||b|| 1.275609257095e-08
407 KSP unpreconditioned resid norm 1.278221281764e-09 true resid norm 1.282595437211e-09 ||r(i)||/||b|| 1.166748638173e-08
408 KSP unpreconditioned resid norm 1.200475165753e-09 true resid norm 1.201780854330e-09 ||r(i)||/||b|| 1.093233403528e-08
409 KSP unpreconditioned resid norm 1.140708892189e-09 true resid norm 1.143731588039e-09 ||r(i)||/||b|| 1.040427272750e-08
410 KSP unpreconditioned resid norm 9.427426271885e-10 true resid norm 9.467904030853e-10 ||r(i)||/||b|| 8.612742423571e-09
>>>> ksp solve time: 1.99114 (s)
            || b ||_2 = 1.0992902800555333e-01
|| r ||_2 / || b ||_2 = 8.6127424235708554e-09
