Config file: ../input/config/comsol/inclined-shell/refine0.json
order_rbm = 1
angle_type = 1
mesh_type = 1
==== basic information of linear system ====
matrix Row = 13368, matrix Column = 13368
dsqrt matrix Row = 13368, dsqrt matrix Column = 13368
matrix nz_allocated = 361262, matrix nz_used = 361262, matrix nz_unneeded = 0
dsqrt matrix nz_allocated = 13368, dsqrt matrix nz_used = 13368, dsqrt matrix nz_unneeded = 0
vector Row = 13368
initial     || b ||_2 = 1.5605378350148822e-03
>>>>local_vec_size = 3342
>>>>~~~~ local_mat_m = 3342, local_mat_n = 3342
>>>>local_vec_size = 3342
>>>>~~~~ local_mat_m = 3342, local_mat_n = 3342
>>>>local_vec_size = 3342
>>>>~~~~ local_mat_m = 3342, local_mat_n = 3342
>>>>local_vec_size = 3342
>>>>~~~~ local_mat_m = 3342, local_mat_n = 3342
            || b ||_2 = 1.5605378350148822e-03
|| r ||_2 / || b ||_2 = 1.0000000000000000e+00
Partitioning a graph of size 2228 serially
      Setup: Max:   0.001, Sum:   0.002, Balance:   1.000
      Remap: Max:   0.000, Sum:   0.000, Balance:   1.000
      Total: Max:   0.108, Sum:   0.433, Balance:   1.000
       Aux1: Max:   0.000, Sum:   0.000, Balance:   1.010
Final 557-way Cut:   3737 	Balance: 1.250 
Partitioning a graph of size 557 serially
      Setup: Max:   0.000, Sum:   0.000, Balance:   1.031
      Remap: Max:   0.000, Sum:   0.000, Balance:   4.000
      Total: Max:   0.027, Sum:   0.108, Balance:   1.000
       Aux1: Max:   0.000, Sum:   0.000, Balance:   1.118
Final 139-way Cut:    881 	Balance: 1.248 
Partitioning a graph of size 139 serially
      Setup: Max:   0.000, Sum:   0.000, Balance:   1.012
      Total: Max:   0.006, Sum:   0.024, Balance:   1.000
       Aux1: Max:   0.000, Sum:   0.000, Balance:   1.053
Final  34-way Cut:    206 	Balance: 1.223 
Partitioning a graph of size 34 serially
      Setup: Max:   0.000, Sum:   0.000, Balance:   1.009
      Remap: Max:   0.000, Sum:   0.000, Balance:   2.000
      Total: Max:   0.001, Sum:   0.005, Balance:   1.000
       Aux1: Max:   0.000, Sum:   0.000, Balance:   1.000
Final   8-way Cut:     35 	Balance: 1.176 


>>>>nodes in level 2 is 34, less than 100, setup DONE!>>>>


in rank 1/4, m_local_A = 3342, n_local = 3342
in rank 2/4, m_local_A = 3342, n_local = 3342
in rank 0/4, m_local_A = 3342, n_local = 3342
in rank 3/4, m_local_A = 3342, n_local = 3342
>>>> size of dinv_a: m = 13368, n = 13368
>>>> size of p_unsmooth: m = 13368, n = 3342
>>>> size of p_smooth: m = 13368, n = 3342
>>>> size of sa_prolongation: m = 13368, n = 3342
>>>> size of operator_fine: m = 13368, n = 13368
>>>> size of dinv_a: m = 13368, n = 13368
>>>> size of p_unsmooth: m = 13368, n = 3342
>>>> size of p_smooth: m = 13368, n = 3342
>>>> size of dinv_a: m = 13368, n = 13368
>>>> size of p_unsmooth: m = 13368, n = 3342
>>>> size of p_smooth: m = 13368, n = 3342
>>>> size of dinv_a: m = 13368, n = 13368
>>>> size of p_unsmooth: m = 13368, n = 3342
>>>> size of p_smooth: m = 13368, n = 3342
>>>>---- dsqrt row = 13368, col = 13368
>>>>---- fro norm of dsqrt = 1.6047733611492105e+07
in rank 0/4, m_local_A = 840, n_local = 840
in rank 1/4, m_local_A = 834, n_local = 834
in rank 2/4, m_local_A = 834, n_local = 834
in rank 3/4, m_local_A = 834, n_local = 834
>>>> size of dinv_a: m = 3342, n = 3342
>>>> size of p_unsmooth: m = 3342, n = 834
>>>> size of p_smooth: m = 3342, n = 834
>>>> size of sa_prolongation: m = 3342, n = 834
>>>> size of operator_fine: m = 3342, n = 3342
>>>> size of dinv_a: m = 3342, n = 3342
>>>> size of p_unsmooth: m = 3342, n = 834
>>>> size of p_smooth: m = 3342, n = 834
>>>> size of dinv_a: m = 3342, n = 3342
>>>> size of p_unsmooth: m = 3342, n = 834
>>>> size of p_smooth: m = 3342, n = 834
>>>> size of dinv_a: m = 3342, n = 3342
>>>> size of p_unsmooth: m = 3342, n = 834
>>>> size of p_smooth: m = 3342, n = 834
in rank 0/4, m_local_A = 210, n_local = 210
in rank 1/4, m_local_A = 210, n_local = 210
in rank 2/4, m_local_A = 210, n_local = 210
in rank 3/4, m_local_A = 204, n_local = 204
>>>> size of dinv_a: m = 834, n = 834
>>>> size of p_unsmooth: m = 834, n = 204
>>>> size of p_smooth: m = 834, n = 204
>>>> size of sa_prolongation: m = 834, n = 204
>>>> size of operator_fine: m = 834, n = 834
>>>> size of dinv_a: m = 834, n = 834
>>>> size of p_unsmooth: m = 834, n = 204
>>>> size of p_smooth: m = 834, n = 204
>>>> size of dinv_a: m = 834, n = 834
>>>> size of p_unsmooth: m = 834, n = 204
>>>> size of p_smooth: m = 834, n = 204
>>>> size of dinv_a: m = 834, n = 834
>>>> size of p_unsmooth: m = 834, n = 204
>>>> size of p_smooth: m = 834, n = 204
>>>> mla setup time: 0.323563 (s)
KSP Object: (mg_coarse_) 4 MPI processes
  type: preonly
  maximum iterations=10000, initial guess is zero
  tolerances: relative=1e-05, absolute=1e-50, divergence=10000.
  left preconditioning
  using DEFAULT norm type for convergence test
PC Object: (mg_coarse_) 4 MPI processes
  type: redundant
  PC has not been set up so information may be incomplete
    Not yet setup
  linear system matrix = precond matrix:
  Mat Object: 4 MPI processes
    type: mpiaij
    rows=204, cols=204
    total: nonzeros=39744, allocated nonzeros=39744
    total number of mallocs used during MatSetValues calls=0
      using nonscalable MatPtAP() implementation
      using I-node (on process 0) routines: found 11 nodes, limit used is 5
KSP Object: (mg_levels_1_) 4 MPI processes
  type: chebyshev
    Chebyshev polynomial of first kind
    eigenvalue targets used: min 0., max 0.
  maximum iterations=2, initial guess is zero
  tolerances: relative=1e-05, absolute=1e-50, divergence=10000.
  left preconditioning
  using NONE norm type for convergence test
PC Object: (mg_levels_1_) 4 MPI processes
  type: sor
  PC has not been set up so information may be incomplete
    type = local_symmetric, iterations = 1, local iterations = 1, omega = 1.
  linear system matrix = precond matrix:
  Mat Object: 4 MPI processes
    type: mpiaij
    rows=834, cols=834
    total: nonzeros=175068, allocated nonzeros=175068
    total number of mallocs used during MatSetValues calls=0
      using I-node (on process 0) routines: found 70 nodes, limit used is 5
KSP Object: (mg_levels_2_) 4 MPI processes
  type: chebyshev
    Chebyshev polynomial of first kind
    eigenvalue targets used: min 0., max 0.
  maximum iterations=2, initial guess is zero
  tolerances: relative=1e-05, absolute=1e-50, divergence=10000.
  left preconditioning
  using NONE norm type for convergence test
PC Object: (mg_levels_2_) 4 MPI processes
  type: sor
  PC has not been set up so information may be incomplete
    type = local_symmetric, iterations = 1, local iterations = 1, omega = 1.
  linear system matrix = precond matrix:
  Mat Object: 4 MPI processes
    type: mpiaij
    rows=3342, cols=3342
    total: nonzeros=328212, allocated nonzeros=328212
    total number of mallocs used during MatSetValues calls=0
      using I-node (on process 0) routines: found 280 nodes, limit used is 5
KSP Object: (mg_levels_3_) 4 MPI processes
  type: chebyshev
    Chebyshev polynomial of first kind
    eigenvalue targets used: min 0., max 0.
  maximum iterations=2, initial guess is zero
  tolerances: relative=1e-05, absolute=1e-50, divergence=10000.
  left preconditioning
  using NONE norm type for convergence test
PC Object: (mg_levels_3_) 4 MPI processes
  type: sor
  PC has not been set up so information may be incomplete
    type = local_symmetric, iterations = 1, local iterations = 1, omega = 1.
  linear system matrix = precond matrix:
  Mat Object: 4 MPI processes
    type: mpiaij
    rows=13368, cols=13368
    total: nonzeros=361262, allocated nonzeros=361262
    total number of mallocs used during MatSetValues calls=0
      not using I-node (on process 0) routines
KSP Object: (mg_coarse_) 4 MPI processes
  type: preonly
  maximum iterations=10000, initial guess is zero
  tolerances: relative=1e-05, absolute=1e-50, divergence=10000.
  left preconditioning
  using DEFAULT norm type for convergence test
PC Object: (mg_coarse_) 4 MPI processes
  type: lu
  PC has not been set up so information may be incomplete
    out-of-place factorization
    tolerance for zero pivot 2.22045e-14
  linear system matrix = precond matrix:
  Mat Object: 4 MPI processes
    type: mpiaij
    rows=204, cols=204
    total: nonzeros=39744, allocated nonzeros=39744
    total number of mallocs used during MatSetValues calls=0
      using nonscalable MatPtAP() implementation
      using I-node (on process 0) routines: found 11 nodes, limit used is 5
  0 KSP unpreconditioned resid norm 1.560537835015e-03 true resid norm 1.560537835015e-03 ||r(i)||/||b|| 1.000000000000e+00
  1 KSP unpreconditioned resid norm 3.007232749109e-02 true resid norm 3.007232749109e-02 ||r(i)||/||b|| 1.927048919695e+01
  2 KSP unpreconditioned resid norm 4.653385634192e-02 true resid norm 4.653385634192e-02 ||r(i)||/||b|| 2.981911447310e+01
  3 KSP unpreconditioned resid norm 2.650723187658e-02 true resid norm 2.650723187658e-02 ||r(i)||/||b|| 1.698595912372e+01
  4 KSP unpreconditioned resid norm 4.021569826708e-02 true resid norm 4.021569826708e-02 ||r(i)||/||b|| 2.577040899922e+01
  5 KSP unpreconditioned resid norm 2.380063905740e-02 true resid norm 2.380063905740e-02 ||r(i)||/||b|| 1.525156168814e+01
  6 KSP unpreconditioned resid norm 2.758737271274e-02 true resid norm 2.758737271274e-02 ||r(i)||/||b|| 1.767811846259e+01
  7 KSP unpreconditioned resid norm 1.950907523344e-02 true resid norm 1.950907523344e-02 ||r(i)||/||b|| 1.250150736220e+01
  8 KSP unpreconditioned resid norm 1.901999319190e-02 true resid norm 1.901999319190e-02 ||r(i)||/||b|| 1.218810128478e+01
  9 KSP unpreconditioned resid norm 1.477288560955e-02 true resid norm 1.477288560955e-02 ||r(i)||/||b|| 9.466534728017e+00
 10 KSP unpreconditioned resid norm 1.776962533244e-02 true resid norm 1.776962533244e-02 ||r(i)||/||b|| 1.138685966705e+01
 11 KSP unpreconditioned resid norm 8.363973369164e-03 true resid norm 8.363973369164e-03 ||r(i)||/||b|| 5.359673557088e+00
 12 KSP unpreconditioned resid norm 6.295264876298e-03 true resid norm 6.295264876298e-03 ||r(i)||/||b|| 4.034035404363e+00
 13 KSP unpreconditioned resid norm 4.525654767076e-03 true resid norm 4.525654767076e-03 ||r(i)||/||b|| 2.900060905626e+00
 14 KSP unpreconditioned resid norm 4.726537023735e-03 true resid norm 4.726537023735e-03 ||r(i)||/||b|| 3.028787202516e+00
 15 KSP unpreconditioned resid norm 3.985339970433e-03 true resid norm 3.985339970433e-03 ||r(i)||/||b|| 2.553824637257e+00
 16 KSP unpreconditioned resid norm 3.450531622333e-03 true resid norm 3.450531622333e-03 ||r(i)||/||b|| 2.211116927069e+00
 17 KSP unpreconditioned resid norm 4.471945079386e-03 true resid norm 4.471945079386e-03 ||r(i)||/||b|| 2.865643484603e+00
 18 KSP unpreconditioned resid norm 2.588701990117e-03 true resid norm 2.588701990117e-03 ||r(i)||/||b|| 1.658852436661e+00
 19 KSP unpreconditioned resid norm 2.104826932873e-03 true resid norm 2.104826932874e-03 ||r(i)||/||b|| 1.348783019319e+00
 20 KSP unpreconditioned resid norm 2.299746359968e-03 true resid norm 2.299746359968e-03 ||r(i)||/||b|| 1.473688306920e+00
 21 KSP unpreconditioned resid norm 2.014573057163e-03 true resid norm 2.014573057163e-03 ||r(i)||/||b|| 1.290947910368e+00
 22 KSP unpreconditioned resid norm 1.466179539207e-03 true resid norm 1.466179539208e-03 ||r(i)||/||b|| 9.395347593053e-01
 23 KSP unpreconditioned resid norm 1.351053639467e-03 true resid norm 1.351053639467e-03 ||r(i)||/||b|| 8.657615401257e-01
 24 KSP unpreconditioned resid norm 1.233426838593e-03 true resid norm 1.233426838593e-03 ||r(i)||/||b|| 7.903857317122e-01
 25 KSP unpreconditioned resid norm 9.977992333403e-04 true resid norm 9.977992333401e-04 ||r(i)||/||b|| 6.393944516767e-01
 26 KSP unpreconditioned resid norm 8.735802962574e-04 true resid norm 8.735802962577e-04 ||r(i)||/||b|| 5.597943713100e-01
 27 KSP unpreconditioned resid norm 4.983691448407e-04 true resid norm 4.983691448404e-04 ||r(i)||/||b|| 3.193572969896e-01
 28 KSP unpreconditioned resid norm 5.948720703103e-04 true resid norm 5.948720703101e-04 ||r(i)||/||b|| 3.811968264803e-01
 29 KSP unpreconditioned resid norm 4.959363323708e-04 true resid norm 4.959363323708e-04 ||r(i)||/||b|| 3.177983392925e-01
 30 KSP unpreconditioned resid norm 4.013238734705e-04 true resid norm 4.013238734708e-04 ||r(i)||/||b|| 2.571702296901e-01
 31 KSP unpreconditioned resid norm 2.615915826379e-04 true resid norm 2.615915826377e-04 ||r(i)||/||b|| 1.676291191205e-01
 32 KSP unpreconditioned resid norm 1.670922872549e-04 true resid norm 1.670922872547e-04 ||r(i)||/||b|| 1.070735252331e-01
 33 KSP unpreconditioned resid norm 1.036618037243e-04 true resid norm 1.036618037245e-04 ||r(i)||/||b|| 6.642697241845e-02
 34 KSP unpreconditioned resid norm 6.372508222310e-05 true resid norm 6.372508222340e-05 ||r(i)||/||b|| 4.083533304579e-02
 35 KSP unpreconditioned resid norm 5.360839229642e-05 true resid norm 5.360839229591e-05 ||r(i)||/||b|| 3.435251045701e-02
 36 KSP unpreconditioned resid norm 3.646226238044e-05 true resid norm 3.646226238045e-05 ||r(i)||/||b|| 2.336518959190e-02
 37 KSP unpreconditioned resid norm 3.429222625762e-05 true resid norm 3.429222625784e-05 ||r(i)||/||b|| 2.197462021644e-02
 38 KSP unpreconditioned resid norm 2.685980000021e-05 true resid norm 2.685979999994e-05 ||r(i)||/||b|| 1.721188643894e-02
 39 KSP unpreconditioned resid norm 2.103213420633e-05 true resid norm 2.103213420630e-05 ||r(i)||/||b|| 1.347749073069e-02
 40 KSP unpreconditioned resid norm 1.692183446088e-05 true resid norm 1.692183446101e-05 ||r(i)||/||b|| 1.084359128073e-02
 41 KSP unpreconditioned resid norm 1.635839649905e-05 true resid norm 1.635839649925e-05 ||r(i)||/||b|| 1.048253757916e-02
 42 KSP unpreconditioned resid norm 1.155235871077e-05 true resid norm 1.155235871045e-05 ||r(i)||/||b|| 7.402805911679e-03
 43 KSP unpreconditioned resid norm 1.444772516666e-05 true resid norm 1.444772516676e-05 ||r(i)||/||b|| 9.258170383690e-03
 44 KSP unpreconditioned resid norm 9.219484951855e-06 true resid norm 9.219484951952e-06 ||r(i)||/||b|| 5.907889411642e-03
 45 KSP unpreconditioned resid norm 6.744279289878e-06 true resid norm 6.744279289921e-06 ||r(i)||/||b|| 4.321765956964e-03
 46 KSP unpreconditioned resid norm 4.370253918906e-06 true resid norm 4.370253918770e-06 ||r(i)||/||b|| 2.800479309576e-03
 47 KSP unpreconditioned resid norm 3.663298894213e-06 true resid norm 3.663298894413e-06 ||r(i)||/||b|| 2.347459197859e-03
 48 KSP unpreconditioned resid norm 2.721338433669e-06 true resid norm 2.721338433574e-06 ||r(i)||/||b|| 1.743846494787e-03
 49 KSP unpreconditioned resid norm 2.003938185698e-06 true resid norm 2.003938185668e-06 ||r(i)||/||b|| 1.284133034589e-03
 50 KSP unpreconditioned resid norm 1.607078296241e-06 true resid norm 1.607078296555e-06 ||r(i)||/||b|| 1.029823347115e-03
 51 KSP unpreconditioned resid norm 1.233237673787e-06 true resid norm 1.233237673281e-06 ||r(i)||/||b|| 7.902645136891e-04
 52 KSP unpreconditioned resid norm 9.202528352505e-07 true resid norm 9.202528358224e-07 ||r(i)||/||b|| 5.897023546459e-04
 53 KSP unpreconditioned resid norm 9.016936232967e-07 true resid norm 9.016936229786e-07 ||r(i)||/||b|| 5.778095235801e-04
 54 KSP unpreconditioned resid norm 8.746373928182e-07 true resid norm 8.746373926281e-07 ||r(i)||/||b|| 5.604717636467e-04
 55 KSP unpreconditioned resid norm 7.133062299513e-07 true resid norm 7.133062304127e-07 ||r(i)||/||b|| 4.570899944928e-04
 56 KSP unpreconditioned resid norm 6.702659886170e-07 true resid norm 6.702659884061e-07 ||r(i)||/||b|| 4.295096045523e-04
 57 KSP unpreconditioned resid norm 7.955186761221e-07 true resid norm 7.955186760385e-07 ||r(i)||/||b|| 5.097721171438e-04
 58 KSP unpreconditioned resid norm 7.170675928193e-07 true resid norm 7.170675930573e-07 ||r(i)||/||b|| 4.595002934039e-04
 59 KSP unpreconditioned resid norm 6.972016840723e-07 true resid norm 6.972016839478e-07 ||r(i)||/||b|| 4.467701252121e-04
 60 KSP unpreconditioned resid norm 5.238353640210e-07 true resid norm 5.238353644904e-07 ||r(i)||/||b|| 3.356761705719e-04
 61 KSP unpreconditioned resid norm 4.347097251440e-07 true resid norm 4.347097248833e-07 ||r(i)||/||b|| 2.785640406335e-04
 62 KSP unpreconditioned resid norm 3.134837012089e-07 true resid norm 3.134837014580e-07 ||r(i)||/||b|| 2.008818334449e-04
 63 KSP unpreconditioned resid norm 2.026972102097e-07 true resid norm 2.026972101762e-07 ||r(i)||/||b|| 1.298893276588e-04
 64 KSP unpreconditioned resid norm 1.342851908116e-07 true resid norm 1.342851909825e-07 ||r(i)||/||b|| 8.605058331139e-05
 65 KSP unpreconditioned resid norm 1.455779769207e-07 true resid norm 1.455779762272e-07 ||r(i)||/||b|| 9.328705332275e-05
 66 KSP unpreconditioned resid norm 1.494536266243e-07 true resid norm 1.494536271610e-07 ||r(i)||/||b|| 9.577058870832e-05
 67 KSP unpreconditioned resid norm 1.183041622561e-07 true resid norm 1.183041627155e-07 ||r(i)||/||b|| 7.580986507409e-05
 68 KSP unpreconditioned resid norm 1.205011278245e-07 true resid norm 1.205011266974e-07 ||r(i)||/||b|| 7.721768994872e-05
 69 KSP unpreconditioned resid norm 8.399656359281e-08 true resid norm 8.399656442878e-08 ||r(i)||/||b|| 5.382539438909e-05
 70 KSP unpreconditioned resid norm 7.630878418339e-08 true resid norm 7.630878403751e-08 ||r(i)||/||b|| 4.889902847936e-05
 71 KSP unpreconditioned resid norm 5.494233008379e-08 true resid norm 5.494233011065e-08 ||r(i)||/||b|| 3.520730409598e-05
 72 KSP unpreconditioned resid norm 3.886074830688e-08 true resid norm 3.886074850324e-08 ||r(i)||/||b|| 2.490215080423e-05
 73 KSP unpreconditioned resid norm 2.406877223751e-08 true resid norm 2.406877210172e-08 ||r(i)||/||b|| 1.542338260673e-05
 74 KSP unpreconditioned resid norm 1.737288729435e-08 true resid norm 1.737288778098e-08 ||r(i)||/||b|| 1.113262837412e-05
 75 KSP unpreconditioned resid norm 1.315313311683e-08 true resid norm 1.315313320664e-08 ||r(i)||/||b|| 8.428589753811e-06
 76 KSP unpreconditioned resid norm 9.990926770562e-09 true resid norm 9.990926508852e-09 ||r(i)||/||b|| 6.402232797359e-06
 77 KSP unpreconditioned resid norm 9.189062143772e-09 true resid norm 9.189062385978e-09 ||r(i)||/||b|| 5.888394487975e-06
 78 KSP unpreconditioned resid norm 7.858542775465e-09 true resid norm 7.858542882218e-09 ||r(i)||/||b|| 5.035791318795e-06
 79 KSP unpreconditioned resid norm 6.775720419004e-09 true resid norm 6.775720184018e-09 ||r(i)||/||b|| 4.341913430092e-06
 80 KSP unpreconditioned resid norm 4.150785386062e-09 true resid norm 4.150785796101e-09 ||r(i)||/||b|| 2.659843102145e-06
 81 KSP unpreconditioned resid norm 2.910792347238e-09 true resid norm 2.910792605343e-09 ||r(i)||/||b|| 1.865249621016e-06
 82 KSP unpreconditioned resid norm 2.389324075389e-09 true resid norm 2.389323880224e-09 ||r(i)||/||b|| 1.531090004108e-06
 83 KSP unpreconditioned resid norm 1.528459188927e-09 true resid norm 1.528458737885e-09 ||r(i)||/||b|| 9.794435633598e-07
 84 KSP unpreconditioned resid norm 1.110618578544e-09 true resid norm 1.110619188245e-09 ||r(i)||/||b|| 7.116900105368e-07
 85 KSP unpreconditioned resid norm 8.599293827238e-10 true resid norm 8.599292388216e-10 ||r(i)||/||b|| 5.510467093631e-07
 86 KSP unpreconditioned resid norm 7.903923707508e-10 true resid norm 7.903922288716e-10 ||r(i)||/||b|| 5.064870656366e-07
 87 KSP unpreconditioned resid norm 6.630535592839e-10 true resid norm 6.630539394148e-10 ||r(i)||/||b|| 4.248880895659e-07
 88 KSP unpreconditioned resid norm 4.895550577344e-10 true resid norm 4.895553399651e-10 ||r(i)||/||b|| 3.137093692832e-07
 89 KSP unpreconditioned resid norm 3.806921574226e-10 true resid norm 3.806913500295e-10 ||r(i)||/||b|| 2.439488114211e-07
 90 KSP unpreconditioned resid norm 3.080935497973e-10 true resid norm 3.080940101281e-10 ||r(i)||/||b|| 1.974280938374e-07
 91 KSP unpreconditioned resid norm 2.411316105535e-10 true resid norm 2.411318006332e-10 ||r(i)||/||b|| 1.545183943784e-07
 92 KSP unpreconditioned resid norm 1.787735318279e-10 true resid norm 1.787734880532e-10 ||r(i)||/||b|| 1.145588937621e-07
 93 KSP unpreconditioned resid norm 1.823583212761e-10 true resid norm 1.823581594749e-10 ||r(i)||/||b|| 1.168559681048e-07
 94 KSP unpreconditioned resid norm 1.355062637217e-10 true resid norm 1.355062125697e-10 ||r(i)||/||b|| 8.683301969950e-08
 95 KSP unpreconditioned resid norm 1.197629859108e-10 true resid norm 1.197630984141e-10 ||r(i)||/||b|| 7.674475794622e-08
 96 KSP unpreconditioned resid norm 1.198548947574e-10 true resid norm 1.198542224000e-10 ||r(i)||/||b|| 7.680315062585e-08
 97 KSP unpreconditioned resid norm 9.004305595306e-11 true resid norm 9.004328110107e-11 ||r(i)||/||b|| 5.770015893284e-08
 98 KSP unpreconditioned resid norm 7.418312674225e-11 true resid norm 7.418362159581e-11 ||r(i)||/||b|| 4.753721437014e-08
 99 KSP unpreconditioned resid norm 4.508689306045e-11 true resid norm 4.508592460477e-11 ||r(i)||/||b|| 2.889127299137e-08
100 KSP unpreconditioned resid norm 3.430152572757e-11 true resid norm 3.430177853926e-11 ||r(i)||/||b|| 2.198074136340e-08
101 KSP unpreconditioned resid norm 2.110054058762e-11 true resid norm 2.110096435091e-11 ||r(i)||/||b|| 1.352159741177e-08
102 KSP unpreconditioned resid norm 1.601687996342e-11 true resid norm 1.601632869016e-11 ||r(i)||/||b|| 1.026333891482e-08
103 KSP unpreconditioned resid norm 1.098581704522e-11 true resid norm 1.098538561777e-11 ||r(i)||/||b|| 7.039486881562e-09
>>>> ksp solve time: 0.631978 (s)
            || b ||_2 = 1.5605378350148822e-03
|| r ||_2 / || b ||_2 = 7.0394868815621474e-09
