Config file: ../input/config/comsol/flat-shell/refine0.json
order_rbm = 1
angle_type = 1
mesh_type = 1
==== basic information of linear system ====
matrix Row = 6006, matrix Column = 6006
dsqrt matrix Row = 6006, dsqrt matrix Column = 6006
matrix nz_allocated = 77658, matrix nz_used = 77658, matrix nz_unneeded = 0
dsqrt matrix nz_allocated = 6006, dsqrt matrix nz_used = 6006, dsqrt matrix nz_unneeded = 0
vector Row = 6006
>>>>local_vec_size = 1500
>>>>~~~~ local_mat_m = 1500, local_mat_n = 1500
>>>>local_vec_size = 1500
>>>>~~~~ local_mat_m = 1500, local_mat_n = 1500
>>>>local_vec_size = 1500
>>>>~~~~ local_mat_m = 1500, local_mat_n = 1500
initial     || b ||_2 = 5.4480202351603092e-02
>>>>local_vec_size = 1506
>>>>~~~~ local_mat_m = 1506, local_mat_n = 1506
            || b ||_2 = 5.4480202351603092e-02
|| r ||_2 / || b ||_2 = 1.0000000000000000e+00
Partitioning a graph of size 1001 serially
      Setup: Max:   0.000, Sum:   0.002, Balance:   1.000
      Remap: Max:   0.000, Sum:   0.000, Balance:   1.000
      Total: Max:   0.032, Sum:   0.128, Balance:   1.000
       Aux1: Max:   0.000, Sum:   0.000, Balance:   1.030
Final 250-way Cut:   1636 	Balance: 1.249 
Partitioning a graph of size 250 serially
      Setup: Max:   0.000, Sum:   0.000, Balance:   1.003
      Remap: Max:   0.000, Sum:   0.000, Balance:   4.000
      Total: Max:   0.007, Sum:   0.029, Balance:   1.000
       Aux1: Max:   0.000, Sum:   0.000, Balance:   1.043
Final  62-way Cut:    372 	Balance: 1.240 
Partitioning a graph of size 62 serially
      Setup: Max:   0.000, Sum:   0.000, Balance:   1.017
      Remap: Max:   0.000, Sum:   0.000, Balance:   2.000
      Total: Max:   0.001, Sum:   0.006, Balance:   1.000
       Aux1: Max:   0.000, Sum:   0.000, Balance:   1.000
Final  15-way Cut:     74 	Balance: 1.210 


>>>>nodes in level 1 is 62, less than 100, setup DONE!>>>>


in rank 0/4, m_local_A = 1506, n_local = 1506
in rank 1/4, m_local_A = 1500, n_local = 1500
in rank 2/4, m_local_A = 1500, n_local = 1500
in rank 3/4, m_local_A = 1500, n_local = 1500
>>>> size of dinv_a: m = 6006, n = 6006
>>>> size of p_unsmooth: m = 6006, n = 1500
>>>> size of p_smooth: m = 6006, n = 1500
>>>> size of sa_prolongation: m = 6006, n = 1500
>>>> size of operator_fine: m = 6006, n = 6006
>>>> size of dinv_a: m = 6006, n = 6006
>>>> size of p_unsmooth: m = 6006, n = 1500
>>>> size of p_smooth: m = 6006, n = 1500
>>>> size of dinv_a: m = 6006, n = 6006
>>>> size of p_unsmooth: m = 6006, n = 1500
>>>> size of p_smooth: m = 6006, n = 1500
>>>> size of dinv_a: m = 6006, n = 6006
>>>> size of p_unsmooth: m = 6006, n = 1500
>>>> size of p_smooth: m = 6006, n = 1500
>>>>---- dsqrt row = 6006, col = 6006
>>>>---- fro norm of dsqrt = 1.0827582197049687e+07
in rank 0/4, m_local_A = 378, n_local = 378
in rank 1/4, m_local_A = 378, n_local = 378
in rank 2/4, m_local_A = 372, n_local = 372
in rank 3/4, m_local_A = 372, n_local = 372
>>>> size of dinv_a: m = 1500, n = 1500
>>>> size of p_unsmooth: m = 1500, n = 372
>>>> size of p_smooth: m = 1500, n = 372
>>>> size of sa_prolongation: m = 1500, n = 372
>>>> size of operator_fine: m = 1500, n = 1500
>>>> size of dinv_a: m = 1500, n = 1500
>>>> size of p_unsmooth: m = 1500, n = 372
>>>> size of p_smooth: m = 1500, n = 372
>>>> size of dinv_a: m = 1500, n = 1500
>>>> size of p_unsmooth: m = 1500, n = 372
>>>> size of p_smooth: m = 1500, n = 372
>>>> size of dinv_a: m = 1500, n = 1500
>>>> size of p_unsmooth: m = 1500, n = 372
>>>> size of p_smooth: m = 1500, n = 372
>>>> mla setup time: 0.0803363 (s)
KSP Object: (mg_coarse_) 4 MPI processes
  type: preonly
  maximum iterations=10000, initial guess is zero
  tolerances: relative=1e-05, absolute=1e-50, divergence=10000.
  left preconditioning
  using DEFAULT norm type for convergence test
PC Object: (mg_coarse_) 4 MPI processes
  type: redundant
  PC has not been set up so information may be incomplete
    Not yet setup
  linear system matrix = precond matrix:
  Mat Object: 4 MPI processes
    type: mpiaij
    rows=372, cols=372
    total: nonzeros=63936, allocated nonzeros=63936
    total number of mallocs used during MatSetValues calls=0
      using nonscalable MatPtAP() implementation
      using I-node (on process 0) routines: found 31 nodes, limit used is 5
KSP Object: (mg_levels_1_) 4 MPI processes
  type: chebyshev
    Chebyshev polynomial of first kind
    eigenvalue targets used: min 0., max 0.
  maximum iterations=2, initial guess is zero
  tolerances: relative=1e-05, absolute=1e-50, divergence=10000.
  left preconditioning
  using NONE norm type for convergence test
PC Object: (mg_levels_1_) 4 MPI processes
  type: sor
  PC has not been set up so information may be incomplete
    type = local_symmetric, iterations = 1, local iterations = 1, omega = 1.
  linear system matrix = precond matrix:
  Mat Object: 4 MPI processes
    type: mpiaij
    rows=1500, cols=1500
    total: nonzeros=139824, allocated nonzeros=139824
    total number of mallocs used during MatSetValues calls=0
      using I-node (on process 0) routines: found 126 nodes, limit used is 5
KSP Object: (mg_levels_2_) 4 MPI processes
  type: chebyshev
    Chebyshev polynomial of first kind
    eigenvalue targets used: min 0., max 0.
  maximum iterations=2, initial guess is zero
  tolerances: relative=1e-05, absolute=1e-50, divergence=10000.
  left preconditioning
  using NONE norm type for convergence test
PC Object: (mg_levels_2_) 4 MPI processes
  type: sor
  PC has not been set up so information may be incomplete
    type = local_symmetric, iterations = 1, local iterations = 1, omega = 1.
  linear system matrix = precond matrix:
  Mat Object: 4 MPI processes
    type: mpiaij
    rows=6006, cols=6006
    total: nonzeros=77658, allocated nonzeros=77658
    total number of mallocs used during MatSetValues calls=0
      using I-node (on process 0) routines: found 1098 nodes, limit used is 5
KSP Object: (mg_coarse_) 4 MPI processes
  type: preonly
  maximum iterations=10000, initial guess is zero
  tolerances: relative=1e-05, absolute=1e-50, divergence=10000.
  left preconditioning
  using DEFAULT norm type for convergence test
PC Object: (mg_coarse_) 4 MPI processes
  type: lu
  PC has not been set up so information may be incomplete
    out-of-place factorization
    tolerance for zero pivot 2.22045e-14
  linear system matrix = precond matrix:
  Mat Object: 4 MPI processes
    type: mpiaij
    rows=372, cols=372
    total: nonzeros=63936, allocated nonzeros=63936
    total number of mallocs used during MatSetValues calls=0
      using nonscalable MatPtAP() implementation
      using I-node (on process 0) routines: found 31 nodes, limit used is 5
  0 KSP unpreconditioned resid norm 5.448020235160e-02 true resid norm 5.448020235160e-02 ||r(i)||/||b|| 1.000000000000e+00
  1 KSP unpreconditioned resid norm 4.910975549382e+00 true resid norm 4.910975549382e+00 ||r(i)||/||b|| 9.014238819614e+01
  2 KSP unpreconditioned resid norm 1.295390467900e+01 true resid norm 1.295390467900e+01 ||r(i)||/||b|| 2.377726976012e+02
  3 KSP unpreconditioned resid norm 6.243053828935e+00 true resid norm 6.243053828935e+00 ||r(i)||/||b|| 1.145930734369e+02
  4 KSP unpreconditioned resid norm 7.828858559650e+00 true resid norm 7.828858559650e+00 ||r(i)||/||b|| 1.437009816727e+02
  5 KSP unpreconditioned resid norm 9.428297226658e+00 true resid norm 9.428297226658e+00 ||r(i)||/||b|| 1.730591447846e+02
  6 KSP unpreconditioned resid norm 6.970585720114e+00 true resid norm 6.970585720114e+00 ||r(i)||/||b|| 1.279471334399e+02
  7 KSP unpreconditioned resid norm 8.626819884240e+00 true resid norm 8.626819884240e+00 ||r(i)||/||b|| 1.583477944624e+02
  8 KSP unpreconditioned resid norm 6.900564354007e+00 true resid norm 6.900564354007e+00 ||r(i)||/||b|| 1.266618708476e+02
  9 KSP unpreconditioned resid norm 7.748793748687e+00 true resid norm 7.748793748687e+00 ||r(i)||/||b|| 1.422313687214e+02
 10 KSP unpreconditioned resid norm 8.333466599916e+00 true resid norm 8.333466599915e+00 ||r(i)||/||b|| 1.529632093900e+02
 11 KSP unpreconditioned resid norm 6.269083740719e+00 true resid norm 6.269083740719e+00 ||r(i)||/||b|| 1.150708600577e+02
 12 KSP unpreconditioned resid norm 7.788443082883e+00 true resid norm 7.788443082883e+00 ||r(i)||/||b|| 1.429591438119e+02
 13 KSP unpreconditioned resid norm 7.206907625596e+00 true resid norm 7.206907625596e+00 ||r(i)||/||b|| 1.322848909239e+02
 14 KSP unpreconditioned resid norm 6.566309419840e+00 true resid norm 6.566309419840e+00 ||r(i)||/||b|| 1.205265240658e+02
 15 KSP unpreconditioned resid norm 8.590906151426e+00 true resid norm 8.590906151425e+00 ||r(i)||/||b|| 1.576885874245e+02
 16 KSP unpreconditioned resid norm 6.908230927520e+00 true resid norm 6.908230927520e+00 ||r(i)||/||b|| 1.268025930399e+02
 17 KSP unpreconditioned resid norm 6.305217662376e+00 true resid norm 6.305217662376e+00 ||r(i)||/||b|| 1.157341087260e+02
 18 KSP unpreconditioned resid norm 6.216446886844e+00 true resid norm 6.216446886844e+00 ||r(i)||/||b|| 1.141046952565e+02
 19 KSP unpreconditioned resid norm 6.175447421552e+00 true resid norm 6.175447421552e+00 ||r(i)||/||b|| 1.133521381161e+02
 20 KSP unpreconditioned resid norm 7.563682147901e+00 true resid norm 7.563682147901e+00 ||r(i)||/||b|| 1.388335913124e+02
 21 KSP unpreconditioned resid norm 6.975494764240e+00 true resid norm 6.975494764240e+00 ||r(i)||/||b|| 1.280372403763e+02
 22 KSP unpreconditioned resid norm 6.511982398724e+00 true resid norm 6.511982398723e+00 ||r(i)||/||b|| 1.195293357520e+02
 23 KSP unpreconditioned resid norm 6.407273446009e+00 true resid norm 6.407273446009e+00 ||r(i)||/||b|| 1.176073723930e+02
 24 KSP unpreconditioned resid norm 5.503042547425e+00 true resid norm 5.503042547424e+00 ||r(i)||/||b|| 1.010099505855e+02
 25 KSP unpreconditioned resid norm 5.851065159260e+00 true resid norm 5.851065159259e+00 ||r(i)||/||b|| 1.073980071054e+02
 26 KSP unpreconditioned resid norm 6.123774052459e+00 true resid norm 6.123774052458e+00 ||r(i)||/||b|| 1.124036583590e+02
 27 KSP unpreconditioned resid norm 5.489659390576e+00 true resid norm 5.489659390575e+00 ||r(i)||/||b|| 1.007642988392e+02
 28 KSP unpreconditioned resid norm 6.822626433803e+00 true resid norm 6.822626433804e+00 ||r(i)||/||b|| 1.252312975964e+02
 29 KSP unpreconditioned resid norm 6.178443232845e+00 true resid norm 6.178443232846e+00 ||r(i)||/||b|| 1.134071271059e+02
 30 KSP unpreconditioned resid norm 6.183351268699e+00 true resid norm 6.183351268699e+00 ||r(i)||/||b|| 1.134972155352e+02
 31 KSP unpreconditioned resid norm 6.828688362256e+00 true resid norm 6.828688362256e+00 ||r(i)||/||b|| 1.253425660607e+02
 32 KSP unpreconditioned resid norm 6.825395469535e+00 true resid norm 6.825395469534e+00 ||r(i)||/||b|| 1.252821240546e+02
 33 KSP unpreconditioned resid norm 6.065415217010e+00 true resid norm 6.065415217010e+00 ||r(i)||/||b|| 1.113324649175e+02
 34 KSP unpreconditioned resid norm 6.151919939905e+00 true resid norm 6.151919939906e+00 ||r(i)||/||b|| 1.129202843301e+02
 35 KSP unpreconditioned resid norm 6.028133671663e+00 true resid norm 6.028133671663e+00 ||r(i)||/||b|| 1.106481512818e+02
 36 KSP unpreconditioned resid norm 6.410961776509e+00 true resid norm 6.410961776511e+00 ||r(i)||/||b|| 1.176750727748e+02
 37 KSP unpreconditioned resid norm 6.964009711436e+00 true resid norm 6.964009711434e+00 ||r(i)||/||b|| 1.278264288831e+02
 38 KSP unpreconditioned resid norm 5.936865351569e+00 true resid norm 5.936865351569e+00 ||r(i)||/||b|| 1.089728946536e+02
 39 KSP unpreconditioned resid norm 5.877318157530e+00 true resid norm 5.877318157528e+00 ||r(i)||/||b|| 1.078798885437e+02
 40 KSP unpreconditioned resid norm 5.952533950241e+00 true resid norm 5.952533950242e+00 ||r(i)||/||b|| 1.092604963511e+02
 41 KSP unpreconditioned resid norm 5.719890074033e+00 true resid norm 5.719890074031e+00 ||r(i)||/||b|| 1.049902501668e+02
 42 KSP unpreconditioned resid norm 6.474576561657e+00 true resid norm 6.474576561656e+00 ||r(i)||/||b|| 1.188427407055e+02
 43 KSP unpreconditioned resid norm 7.205008408434e+00 true resid norm 7.205008408437e+00 ||r(i)||/||b|| 1.322500302392e+02
 44 KSP unpreconditioned resid norm 6.384789091907e+00 true resid norm 6.384789091903e+00 ||r(i)||/||b|| 1.171946655172e+02
 45 KSP unpreconditioned resid norm 7.602440828723e+00 true resid norm 7.602440828724e+00 ||r(i)||/||b|| 1.395450182005e+02
 46 KSP unpreconditioned resid norm 6.457788166406e+00 true resid norm 6.457788166405e+00 ||r(i)||/||b|| 1.185345848154e+02
 47 KSP unpreconditioned resid norm 5.760124236657e+00 true resid norm 5.760124236660e+00 ||r(i)||/||b|| 1.057287599537e+02
 48 KSP unpreconditioned resid norm 5.960670268029e+00 true resid norm 5.960670268026e+00 ||r(i)||/||b|| 1.094098408364e+02
 49 KSP unpreconditioned resid norm 6.173842320729e+00 true resid norm 6.173842320730e+00 ||r(i)||/||b|| 1.133226760225e+02
 50 KSP unpreconditioned resid norm 7.431446262102e+00 true resid norm 7.431446262103e+00 ||r(i)||/||b|| 1.364063630701e+02
 51 KSP unpreconditioned resid norm 8.577170753426e+00 true resid norm 8.577170753424e+00 ||r(i)||/||b|| 1.574364701891e+02
 52 KSP unpreconditioned resid norm 8.319757549035e+00 true resid norm 8.319757549036e+00 ||r(i)||/||b|| 1.527115757637e+02
 53 KSP unpreconditioned resid norm 9.770783681970e+00 true resid norm 9.770783681973e+00 ||r(i)||/||b|| 1.793455835372e+02
 54 KSP unpreconditioned resid norm 9.594486341496e+00 true resid norm 9.594486341494e+00 ||r(i)||/||b|| 1.761095944463e+02
 55 KSP unpreconditioned resid norm 8.923317462397e+00 true resid norm 8.923317462396e+00 ||r(i)||/||b|| 1.637900939649e+02
 56 KSP unpreconditioned resid norm 9.547682196223e+00 true resid norm 9.547682196227e+00 ||r(i)||/||b|| 1.752504907124e+02
 57 KSP unpreconditioned resid norm 6.729848638118e+00 true resid norm 6.729848638116e+00 ||r(i)||/||b|| 1.235283341035e+02
 58 KSP unpreconditioned resid norm 5.970873416394e+00 true resid norm 5.970873416397e+00 ||r(i)||/||b|| 1.095971225999e+02
 59 KSP unpreconditioned resid norm 6.382274831504e+00 true resid norm 6.382274831500e+00 ||r(i)||/||b|| 1.171485155343e+02
 60 KSP unpreconditioned resid norm 5.698429519315e+00 true resid norm 5.698429519315e+00 ||r(i)||/||b|| 1.045963354273e+02
 61 KSP unpreconditioned resid norm 6.857819439820e+00 true resid norm 6.857819439822e+00 ||r(i)||/||b|| 1.258772754837e+02
 62 KSP unpreconditioned resid norm 8.953170731438e+00 true resid norm 8.953170731438e+00 ||r(i)||/||b|| 1.643380594231e+02
 63 KSP unpreconditioned resid norm 9.589359872918e+00 true resid norm 9.589359872922e+00 ||r(i)||/||b|| 1.760154966209e+02
 64 KSP unpreconditioned resid norm 1.041768625230e+01 true resid norm 1.041768625230e+01 ||r(i)||/||b|| 1.912196688454e+02
 65 KSP unpreconditioned resid norm 1.247342916129e+01 true resid norm 1.247342916129e+01 ||r(i)||/||b|| 2.289534293721e+02
 66 KSP unpreconditioned resid norm 1.217543169700e+01 true resid norm 1.217543169701e+01 ||r(i)||/||b|| 2.234835990225e+02
 67 KSP unpreconditioned resid norm 1.585642790820e+01 true resid norm 1.585642790819e+01 ||r(i)||/||b|| 2.910493578174e+02
 68 KSP unpreconditioned resid norm 1.415961316769e+01 true resid norm 1.415961316769e+01 ||r(i)||/||b|| 2.599038284827e+02
 69 KSP unpreconditioned resid norm 1.321206585098e+01 true resid norm 1.321206585098e+01 ||r(i)||/||b|| 2.425113211898e+02
 70 KSP unpreconditioned resid norm 1.414442304036e+01 true resid norm 1.414442304036e+01 ||r(i)||/||b|| 2.596250092662e+02
 71 KSP unpreconditioned resid norm 1.306760810814e+01 true resid norm 1.306760810814e+01 ||r(i)||/||b|| 2.398597571977e+02
 72 KSP unpreconditioned resid norm 1.444358768503e+01 true resid norm 1.444358768503e+01 ||r(i)||/||b|| 2.651162635523e+02
 73 KSP unpreconditioned resid norm 1.206185467142e+01 true resid norm 1.206185467142e+01 ||r(i)||/||b|| 2.213988595999e+02
 74 KSP unpreconditioned resid norm 1.007798764644e+01 true resid norm 1.007798764645e+01 ||r(i)||/||b|| 1.849844018825e+02
 75 KSP unpreconditioned resid norm 9.020416440462e+00 true resid norm 9.020416440461e+00 ||r(i)||/||b|| 1.655723740203e+02
 76 KSP unpreconditioned resid norm 8.411184216697e+00 true resid norm 8.411184216701e+00 ||r(i)||/||b|| 1.543897389077e+02
 77 KSP unpreconditioned resid norm 8.356348617053e+00 true resid norm 8.356348617047e+00 ||r(i)||/||b|| 1.533832154865e+02
 78 KSP unpreconditioned resid norm 7.790324829716e+00 true resid norm 7.790324829719e+00 ||r(i)||/||b|| 1.429936838237e+02
 79 KSP unpreconditioned resid norm 7.699669435968e+00 true resid norm 7.699669435974e+00 ||r(i)||/||b|| 1.413296776374e+02
 80 KSP unpreconditioned resid norm 7.057667560838e+00 true resid norm 7.057667560826e+00 ||r(i)||/||b|| 1.295455460183e+02
 81 KSP unpreconditioned resid norm 6.468049845020e+00 true resid norm 6.468049845025e+00 ||r(i)||/||b|| 1.187229409186e+02
 82 KSP unpreconditioned resid norm 5.940617287165e+00 true resid norm 5.940617287162e+00 ||r(i)||/||b|| 1.090417625254e+02
 83 KSP unpreconditioned resid norm 4.779066125297e+00 true resid norm 4.779066125300e+00 ||r(i)||/||b|| 8.772115225374e+01
 84 KSP unpreconditioned resid norm 5.106942994635e+00 true resid norm 5.106942994639e+00 ||r(i)||/||b|| 9.373942779580e+01
 85 KSP unpreconditioned resid norm 4.615525767861e+00 true resid norm 4.615525767863e+00 ||r(i)||/||b|| 8.471932130639e+01
 86 KSP unpreconditioned resid norm 4.368599761374e+00 true resid norm 4.368599761368e+00 ||r(i)||/||b|| 8.018692245624e+01
 87 KSP unpreconditioned resid norm 4.085298058038e+00 true resid norm 4.085298058040e+00 ||r(i)||/||b|| 7.498683708394e+01
 88 KSP unpreconditioned resid norm 3.799479323026e+00 true resid norm 3.799479323027e+00 ||r(i)||/||b|| 6.974055086113e+01
 89 KSP unpreconditioned resid norm 3.300641459038e+00 true resid norm 3.300641459037e+00 ||r(i)||/||b|| 6.058423641188e+01
 90 KSP unpreconditioned resid norm 3.064514860700e+00 true resid norm 3.064514860708e+00 ||r(i)||/||b|| 5.625006384761e+01
 91 KSP unpreconditioned resid norm 2.976051397802e+00 true resid norm 2.976051397794e+00 ||r(i)||/||b|| 5.462629119083e+01
 92 KSP unpreconditioned resid norm 3.193665794561e+00 true resid norm 3.193665794569e+00 ||r(i)||/||b|| 5.862066689764e+01
 93 KSP unpreconditioned resid norm 2.555354335273e+00 true resid norm 2.555354335266e+00 ||r(i)||/||b|| 4.690427393742e+01
 94 KSP unpreconditioned resid norm 2.577493132479e+00 true resid norm 2.577493132483e+00 ||r(i)||/||b|| 4.731063801578e+01
 95 KSP unpreconditioned resid norm 2.483066532990e+00 true resid norm 2.483066532993e+00 ||r(i)||/||b|| 4.557741024836e+01
 96 KSP unpreconditioned resid norm 2.213648350033e+00 true resid norm 2.213648350032e+00 ||r(i)||/||b|| 4.063216094070e+01
 97 KSP unpreconditioned resid norm 1.919583942093e+00 true resid norm 1.919583942095e+00 ||r(i)||/||b|| 3.523452298701e+01
 98 KSP unpreconditioned resid norm 1.526294761179e+00 true resid norm 1.526294761181e+00 ||r(i)||/||b|| 2.801558539249e+01
 99 KSP unpreconditioned resid norm 1.362448682400e+00 true resid norm 1.362448682409e+00 ||r(i)||/||b|| 2.500814284087e+01
100 KSP unpreconditioned resid norm 1.365740278506e+00 true resid norm 1.365740278501e+00 ||r(i)||/||b|| 2.506856104694e+01
101 KSP unpreconditioned resid norm 1.364390701794e+00 true resid norm 1.364390701795e+00 ||r(i)||/||b|| 2.504378917299e+01
102 KSP unpreconditioned resid norm 1.361559097058e+00 true resid norm 1.361559097053e+00 ||r(i)||/||b|| 2.499181424228e+01
103 KSP unpreconditioned resid norm 1.277895205610e+00 true resid norm 1.277895205611e+00 ||r(i)||/||b|| 2.345613911938e+01
104 KSP unpreconditioned resid norm 1.333708935609e+00 true resid norm 1.333708935609e+00 ||r(i)||/||b|| 2.448061640817e+01
105 KSP unpreconditioned resid norm 1.320216138047e+00 true resid norm 1.320216138048e+00 ||r(i)||/||b|| 2.423295217459e+01
106 KSP unpreconditioned resid norm 1.053808450227e+00 true resid norm 1.053808450222e+00 ||r(i)||/||b|| 1.934296138294e+01
107 KSP unpreconditioned resid norm 9.149859601770e-01 true resid norm 9.149859601801e-01 ||r(i)||/||b|| 1.679483409909e+01
108 KSP unpreconditioned resid norm 8.420836022862e-01 true resid norm 8.420836022896e-01 ||r(i)||/||b|| 1.545669006247e+01
109 KSP unpreconditioned resid norm 7.292860790677e-01 true resid norm 7.292860790591e-01 ||r(i)||/||b|| 1.338625863304e+01
110 KSP unpreconditioned resid norm 6.646757760008e-01 true resid norm 6.646757760083e-01 ||r(i)||/||b|| 1.220031768088e+01
111 KSP unpreconditioned resid norm 5.864890779524e-01 true resid norm 5.864890779498e-01 ||r(i)||/||b|| 1.076517803962e+01
112 KSP unpreconditioned resid norm 7.296536727099e-01 true resid norm 7.296536727079e-01 ||r(i)||/||b|| 1.339300592165e+01
113 KSP unpreconditioned resid norm 5.944682859855e-01 true resid norm 5.944682859927e-01 ||r(i)||/||b|| 1.091163872990e+01
114 KSP unpreconditioned resid norm 6.432459266035e-01 true resid norm 6.432459265957e-01 ||r(i)||/||b|| 1.180696654620e+01
115 KSP unpreconditioned resid norm 6.475990047487e-01 true resid norm 6.475990047465e-01 ||r(i)||/||b|| 1.188686856497e+01
116 KSP unpreconditioned resid norm 5.374198852194e-01 true resid norm 5.374198852269e-01 ||r(i)||/||b|| 9.864498699151e+00
117 KSP unpreconditioned resid norm 5.520360573782e-01 true resid norm 5.520360573696e-01 ||r(i)||/||b|| 1.013278280075e+01
118 KSP unpreconditioned resid norm 4.802528283382e-01 true resid norm 4.802528283485e-01 ||r(i)||/||b|| 8.815180700854e+00
119 KSP unpreconditioned resid norm 3.439277582955e-01 true resid norm 3.439277582906e-01 ||r(i)||/||b|| 6.312894289029e+00
120 KSP unpreconditioned resid norm 3.131902907727e-01 true resid norm 3.131902907834e-01 ||r(i)||/||b|| 5.748699110223e+00
121 KSP unpreconditioned resid norm 3.130114239428e-01 true resid norm 3.130114239429e-01 ||r(i)||/||b|| 5.745415957210e+00
122 KSP unpreconditioned resid norm 2.812744819997e-01 true resid norm 2.812744820037e-01 ||r(i)||/||b|| 5.162875133766e+00
123 KSP unpreconditioned resid norm 3.212137149254e-01 true resid norm 3.212137149192e-01 ||r(i)||/||b|| 5.895971399779e+00
124 KSP unpreconditioned resid norm 2.533476333821e-01 true resid norm 2.533476333832e-01 ||r(i)||/||b|| 4.650269684172e+00
125 KSP unpreconditioned resid norm 2.649564928989e-01 true resid norm 2.649564929074e-01 ||r(i)||/||b|| 4.863353685756e+00
126 KSP unpreconditioned resid norm 2.566044671692e-01 true resid norm 2.566044671664e-01 ||r(i)||/||b|| 4.710049817920e+00
127 KSP unpreconditioned resid norm 2.497143390799e-01 true resid norm 2.497143390757e-01 ||r(i)||/||b|| 4.583579507729e+00
128 KSP unpreconditioned resid norm 3.075080930283e-01 true resid norm 3.075080930253e-01 ||r(i)||/||b|| 5.644400713505e+00
129 KSP unpreconditioned resid norm 3.052508249014e-01 true resid norm 3.052508249129e-01 ||r(i)||/||b|| 5.602967899106e+00
130 KSP unpreconditioned resid norm 3.002629494839e-01 true resid norm 3.002629494722e-01 ||r(i)||/||b|| 5.511413990983e+00
131 KSP unpreconditioned resid norm 2.823108443765e-01 true resid norm 2.823108443763e-01 ||r(i)||/||b|| 5.181897867309e+00
132 KSP unpreconditioned resid norm 2.759097581124e-01 true resid norm 2.759097581180e-01 ||r(i)||/||b|| 5.064404062550e+00
133 KSP unpreconditioned resid norm 2.420146779322e-01 true resid norm 2.420146779261e-01 ||r(i)||/||b|| 4.442249982190e+00
134 KSP unpreconditioned resid norm 2.241390396686e-01 true resid norm 2.241390396757e-01 ||r(i)||/||b|| 4.114137429761e+00
135 KSP unpreconditioned resid norm 1.553257776085e-01 true resid norm 1.553257776161e-01 ||r(i)||/||b|| 2.851049939457e+00
136 KSP unpreconditioned resid norm 1.491274337997e-01 true resid norm 1.491274337836e-01 ||r(i)||/||b|| 2.737277531040e+00
137 KSP unpreconditioned resid norm 1.552109889424e-01 true resid norm 1.552109889608e-01 ||r(i)||/||b|| 2.848942960217e+00
138 KSP unpreconditioned resid norm 1.571919243438e-01 true resid norm 1.571919243269e-01 ||r(i)||/||b|| 2.885303606481e+00
139 KSP unpreconditioned resid norm 1.613204619799e-01 true resid norm 1.613204619875e-01 ||r(i)||/||b|| 2.961084119078e+00
140 KSP unpreconditioned resid norm 1.654827367750e-01 true resid norm 1.654827367775e-01 ||r(i)||/||b|| 3.037483886523e+00
141 KSP unpreconditioned resid norm 1.586833199539e-01 true resid norm 1.586833199545e-01 ||r(i)||/||b|| 2.912678608101e+00
142 KSP unpreconditioned resid norm 1.605149028709e-01 true resid norm 1.605149028691e-01 ||r(i)||/||b|| 2.946297846569e+00
143 KSP unpreconditioned resid norm 1.408552604451e-01 true resid norm 1.408552604490e-01 ||r(i)||/||b|| 2.585439377407e+00
144 KSP unpreconditioned resid norm 1.348391608999e-01 true resid norm 1.348391609110e-01 ||r(i)||/||b|| 2.475012116158e+00
145 KSP unpreconditioned resid norm 1.689115407734e-01 true resid norm 1.689115407593e-01 ||r(i)||/||b|| 3.100420583411e+00
146 KSP unpreconditioned resid norm 1.838127553048e-01 true resid norm 1.838127553099e-01 ||r(i)||/||b|| 3.373936721519e+00
147 KSP unpreconditioned resid norm 2.156794562017e-01 true resid norm 2.156794562179e-01 ||r(i)||/||b|| 3.958859308670e+00
148 KSP unpreconditioned resid norm 2.130948885109e-01 true resid norm 2.130948884948e-01 ||r(i)||/||b|| 3.911418814482e+00
149 KSP unpreconditioned resid norm 2.550123505927e-01 true resid norm 2.550123506089e-01 ||r(i)||/||b|| 4.680826054263e+00
150 KSP unpreconditioned resid norm 2.737865421628e-01 true resid norm 2.737865421540e-01 ||r(i)||/||b|| 5.025431814424e+00
151 KSP unpreconditioned resid norm 3.190864610292e-01 true resid norm 3.190864610260e-01 ||r(i)||/||b|| 5.856925034284e+00
152 KSP unpreconditioned resid norm 3.280743372966e-01 true resid norm 3.280743372884e-01 ||r(i)||/||b|| 6.021900123848e+00
153 KSP unpreconditioned resid norm 3.324018377511e-01 true resid norm 3.324018377498e-01 ||r(i)||/||b|| 6.101332656669e+00
154 KSP unpreconditioned resid norm 3.427405230116e-01 true resid norm 3.427405230206e-01 ||r(i)||/||b|| 6.291102239463e+00
155 KSP unpreconditioned resid norm 3.972751904818e-01 true resid norm 3.972751904689e-01 ||r(i)||/||b|| 7.292101962195e+00
156 KSP unpreconditioned resid norm 4.026995637797e-01 true resid norm 4.026995637908e-01 ||r(i)||/||b|| 7.391667916207e+00
157 KSP unpreconditioned resid norm 3.377616140140e-01 true resid norm 3.377616140057e-01 ||r(i)||/||b|| 6.199712912699e+00
158 KSP unpreconditioned resid norm 3.250072547577e-01 true resid norm 3.250072547547e-01 ||r(i)||/||b|| 5.965602929615e+00
159 KSP unpreconditioned resid norm 3.495973401488e-01 true resid norm 3.495973401540e-01 ||r(i)||/||b|| 6.416961117320e+00
160 KSP unpreconditioned resid norm 2.878343484612e-01 true resid norm 2.878343484514e-01 ||r(i)||/||b|| 5.283283395201e+00
161 KSP unpreconditioned resid norm 2.369675374237e-01 true resid norm 2.369675374181e-01 ||r(i)||/||b|| 4.349608246473e+00
162 KSP unpreconditioned resid norm 2.121886456278e-01 true resid norm 2.121886456281e-01 ||r(i)||/||b|| 3.894784462412e+00
163 KSP unpreconditioned resid norm 2.259725351454e-01 true resid norm 2.259725351420e-01 ||r(i)||/||b|| 4.147791773672e+00
164 KSP unpreconditioned resid norm 1.915000942512e-01 true resid norm 1.915000942490e-01 ||r(i)||/||b|| 3.515040069292e+00
165 KSP unpreconditioned resid norm 1.827897111243e-01 true resid norm 1.827897111454e-01 ||r(i)||/||b|| 3.355158447572e+00
166 KSP unpreconditioned resid norm 2.131493775286e-01 true resid norm 2.131493775106e-01 ||r(i)||/||b|| 3.912418976254e+00
167 KSP unpreconditioned resid norm 1.753304908488e-01 true resid norm 1.753304908676e-01 ||r(i)||/||b|| 3.218242284345e+00
168 KSP unpreconditioned resid norm 1.540113434661e-01 true resid norm 1.540113434484e-01 ||r(i)||/||b|| 2.826923117034e+00
169 KSP unpreconditioned resid norm 1.256634191589e-01 true resid norm 1.256634191591e-01 ||r(i)||/||b|| 2.306588700756e+00
170 KSP unpreconditioned resid norm 1.361757402985e-01 true resid norm 1.361757403188e-01 ||r(i)||/||b|| 2.499545420921e+00
171 KSP unpreconditioned resid norm 1.187500366968e-01 true resid norm 1.187500366777e-01 ||r(i)||/||b|| 2.179691549442e+00
172 KSP unpreconditioned resid norm 1.244862013845e-01 true resid norm 1.244862013924e-01 ||r(i)||/||b|| 2.284980525385e+00
173 KSP unpreconditioned resid norm 1.495822236325e-01 true resid norm 1.495822236344e-01 ||r(i)||/||b|| 2.745625331364e+00
174 KSP unpreconditioned resid norm 1.675495776318e-01 true resid norm 1.675495776274e-01 ||r(i)||/||b|| 3.075421352990e+00
175 KSP unpreconditioned resid norm 1.686681914509e-01 true resid norm 1.686681914632e-01 ||r(i)||/||b|| 3.095953836123e+00
176 KSP unpreconditioned resid norm 1.893162582071e-01 true resid norm 1.893162582043e-01 ||r(i)||/||b|| 3.474955121908e+00
177 KSP unpreconditioned resid norm 1.750427352658e-01 true resid norm 1.750427352878e-01 ||r(i)||/||b|| 3.212960446771e+00
178 KSP unpreconditioned resid norm 1.687097584054e-01 true resid norm 1.687097584066e-01 ||r(i)||/||b|| 3.096716809490e+00
179 KSP unpreconditioned resid norm 1.853276157746e-01 true resid norm 1.853276157645e-01 ||r(i)||/||b|| 3.401742426881e+00
180 KSP unpreconditioned resid norm 1.911807250478e-01 true resid norm 1.911807250686e-01 ||r(i)||/||b|| 3.509177954861e+00
181 KSP unpreconditioned resid norm 1.729489674565e-01 true resid norm 1.729489674436e-01 ||r(i)||/||b|| 3.174528727471e+00
182 KSP unpreconditioned resid norm 1.642977439765e-01 true resid norm 1.642977439744e-01 ||r(i)||/||b|| 3.015732998090e+00
183 KSP unpreconditioned resid norm 1.810592543357e-01 true resid norm 1.810592543375e-01 ||r(i)||/||b|| 3.323395408280e+00
184 KSP unpreconditioned resid norm 1.602128619553e-01 true resid norm 1.602128619535e-01 ||r(i)||/||b|| 2.940753797490e+00
185 KSP unpreconditioned resid norm 1.501515512097e-01 true resid norm 1.501515512177e-01 ||r(i)||/||b|| 2.756075505165e+00
186 KSP unpreconditioned resid norm 1.380547638840e-01 true resid norm 1.380547638721e-01 ||r(i)||/||b|| 2.534035446145e+00
187 KSP unpreconditioned resid norm 1.263526016144e-01 true resid norm 1.263526016328e-01 ||r(i)||/||b|| 2.319238846019e+00
188 KSP unpreconditioned resid norm 1.127336482666e-01 true resid norm 1.127336482562e-01 ||r(i)||/||b|| 2.069258985652e+00
189 KSP unpreconditioned resid norm 1.038099722325e-01 true resid norm 1.038099722572e-01 ||r(i)||/||b|| 1.905462310643e+00
190 KSP unpreconditioned resid norm 9.429061320222e-02 true resid norm 9.429061319043e-02 ||r(i)||/||b|| 1.730731699231e+00
191 KSP unpreconditioned resid norm 8.819359837677e-02 true resid norm 8.819359837703e-02 ||r(i)||/||b|| 1.618819214507e+00
192 KSP unpreconditioned resid norm 8.009035954105e-02 true resid norm 8.009035955131e-02 ||r(i)||/||b|| 1.470081903045e+00
193 KSP unpreconditioned resid norm 8.135079878593e-02 true resid norm 8.135079877644e-02 ||r(i)||/||b|| 1.493217632553e+00
194 KSP unpreconditioned resid norm 8.290947645436e-02 true resid norm 8.290947644435e-02 ||r(i)||/||b|| 1.521827615640e+00
195 KSP unpreconditioned resid norm 8.711147072442e-02 true resid norm 8.711147073375e-02 ||r(i)||/||b|| 1.598956446078e+00
196 KSP unpreconditioned resid norm 9.060246789147e-02 true resid norm 9.060246787059e-02 ||r(i)||/||b|| 1.663034716462e+00
197 KSP unpreconditioned resid norm 6.732011664940e-02 true resid norm 6.732011666842e-02 ||r(i)||/||b|| 1.235680371265e+00
198 KSP unpreconditioned resid norm 5.447947666486e-02 true resid norm 5.447947664786e-02 ||r(i)||/||b|| 9.999866794962e-01
199 KSP unpreconditioned resid norm 5.782094814482e-02 true resid norm 5.782094815019e-02 ||r(i)||/||b|| 1.061320363258e+00
200 KSP unpreconditioned resid norm 4.305205981763e-02 true resid norm 4.305205981245e-02 ||r(i)||/||b|| 7.902331113715e-01
201 KSP unpreconditioned resid norm 3.715208386251e-02 true resid norm 3.715208385955e-02 ||r(i)||/||b|| 6.819373323868e-01
202 KSP unpreconditioned resid norm 2.805546350560e-02 true resid norm 2.805546351027e-02 ||r(i)||/||b|| 5.149662134001e-01
203 KSP unpreconditioned resid norm 2.014729745675e-02 true resid norm 2.014729746245e-02 ||r(i)||/||b|| 3.698095196568e-01
204 KSP unpreconditioned resid norm 1.763978820325e-02 true resid norm 1.763978820510e-02 ||r(i)||/||b|| 3.237834560756e-01
205 KSP unpreconditioned resid norm 1.360538959345e-02 true resid norm 1.360538960141e-02 ||r(i)||/||b|| 2.497308933180e-01
206 KSP unpreconditioned resid norm 1.522586528789e-02 true resid norm 1.522586528979e-02 ||r(i)||/||b|| 2.794751970913e-01
207 KSP unpreconditioned resid norm 1.242691815548e-02 true resid norm 1.242691817335e-02 ||r(i)||/||b|| 2.280997066264e-01
208 KSP unpreconditioned resid norm 9.270156222081e-03 true resid norm 9.270156204016e-03 ||r(i)||/||b|| 1.701564202017e-01
209 KSP unpreconditioned resid norm 8.667789654644e-03 true resid norm 8.667789662760e-03 ||r(i)||/||b|| 1.590998066934e-01
210 KSP unpreconditioned resid norm 6.972237136706e-03 true resid norm 6.972237140648e-03 ||r(i)||/||b|| 1.279774457454e-01
211 KSP unpreconditioned resid norm 5.932963624457e-03 true resid norm 5.932963623327e-03 ||r(i)||/||b|| 1.089012772940e-01
212 KSP unpreconditioned resid norm 4.594848308519e-03 true resid norm 4.594848294200e-03 ||r(i)||/||b|| 8.433978024799e-02
213 KSP unpreconditioned resid norm 3.443640966347e-03 true resid norm 3.443641004511e-03 ||r(i)||/||b|| 6.320903476619e-02
214 KSP unpreconditioned resid norm 2.892503128187e-03 true resid norm 2.892503088167e-03 ||r(i)||/||b|| 5.309273760584e-02
215 KSP unpreconditioned resid norm 3.195673942930e-03 true resid norm 3.195673981298e-03 ||r(i)||/||b|| 5.865752775060e-02
216 KSP unpreconditioned resid norm 2.318212975952e-03 true resid norm 2.318212953071e-03 ||r(i)||/||b|| 4.255147471938e-02
217 KSP unpreconditioned resid norm 2.316040543954e-03 true resid norm 2.316040559078e-03 ||r(i)||/||b|| 4.251159979419e-02
218 KSP unpreconditioned resid norm 2.082784268118e-03 true resid norm 2.082784275713e-03 ||r(i)||/||b|| 3.823011269802e-02
219 KSP unpreconditioned resid norm 1.811664033594e-03 true resid norm 1.811664023846e-03 ||r(i)||/||b|| 3.325362141928e-02
220 KSP unpreconditioned resid norm 1.478860327857e-03 true resid norm 1.478860336644e-03 ||r(i)||/||b|| 2.714491269874e-02
221 KSP unpreconditioned resid norm 1.118542186562e-03 true resid norm 1.118542185474e-03 ||r(i)||/||b|| 2.053116796915e-02
222 KSP unpreconditioned resid norm 9.188445224913e-04 true resid norm 9.188445045045e-04 ||r(i)||/||b|| 1.686565880528e-02
223 KSP unpreconditioned resid norm 7.793491240518e-04 true resid norm 7.793491297331e-04 ||r(i)||/||b|| 1.430518052601e-02
224 KSP unpreconditioned resid norm 8.489866667631e-04 true resid norm 8.489866620477e-04 ||r(i)||/||b|| 1.558339773719e-02
225 KSP unpreconditioned resid norm 7.275598518730e-04 true resid norm 7.275598640118e-04 ||r(i)||/||b|| 1.335457345250e-02
226 KSP unpreconditioned resid norm 6.119590068172e-04 true resid norm 6.119590040413e-04 ||r(i)||/||b|| 1.123268595979e-02
227 KSP unpreconditioned resid norm 5.103067409167e-04 true resid norm 5.103067505854e-04 ||r(i)||/||b|| 9.366829206912e-03
228 KSP unpreconditioned resid norm 4.911672465052e-04 true resid norm 4.911672466981e-04 ||r(i)||/||b|| 9.015518032188e-03
229 KSP unpreconditioned resid norm 4.319703698307e-04 true resid norm 4.319703610111e-04 ||r(i)||/||b|| 7.928941934232e-03
230 KSP unpreconditioned resid norm 3.887779647026e-04 true resid norm 3.887779689454e-04 ||r(i)||/||b|| 7.136132983434e-03
231 KSP unpreconditioned resid norm 3.637820712861e-04 true resid norm 3.637820550271e-04 ||r(i)||/||b|| 6.677325694925e-03
232 KSP unpreconditioned resid norm 3.371442126841e-04 true resid norm 3.371442190237e-04 ||r(i)||/||b|| 6.188380447779e-03
233 KSP unpreconditioned resid norm 3.492501296835e-04 true resid norm 3.492501365917e-04 ||r(i)||/||b|| 6.410588094694e-03
234 KSP unpreconditioned resid norm 3.327948655059e-04 true resid norm 3.327948695528e-04 ||r(i)||/||b|| 6.108546870018e-03
235 KSP unpreconditioned resid norm 3.215752956641e-04 true resid norm 3.215752948666e-04 ||r(i)||/||b|| 5.902608305146e-03
236 KSP unpreconditioned resid norm 3.169432003136e-04 true resid norm 3.169431938827e-04 ||r(i)||/||b|| 5.817584740916e-03
237 KSP unpreconditioned resid norm 3.168204411110e-04 true resid norm 3.168204383651e-04 ||r(i)||/||b|| 5.815331527596e-03
238 KSP unpreconditioned resid norm 3.499986913781e-04 true resid norm 3.499986844810e-04 ||r(i)||/||b|| 6.424327909471e-03
239 KSP unpreconditioned resid norm 3.102496387491e-04 true resid norm 3.102496480942e-04 ||r(i)||/||b|| 5.694722756203e-03
240 KSP unpreconditioned resid norm 2.942684337143e-04 true resid norm 2.942683987605e-04 ||r(i)||/||b|| 5.401382264724e-03
241 KSP unpreconditioned resid norm 3.249133188459e-04 true resid norm 3.249133643774e-04 ||r(i)||/||b|| 5.963879544362e-03
242 KSP unpreconditioned resid norm 3.193860384165e-04 true resid norm 3.193860303189e-04 ||r(i)||/||b|| 5.862423716007e-03
243 KSP unpreconditioned resid norm 2.277196390630e-04 true resid norm 2.277196319935e-04 ||r(i)||/||b|| 4.179860245817e-03
244 KSP unpreconditioned resid norm 1.934310662106e-04 true resid norm 1.934310808649e-04 ||r(i)||/||b|| 3.550483891681e-03
245 KSP unpreconditioned resid norm 1.235810703670e-04 true resid norm 1.235810609103e-04 ||r(i)||/||b|| 2.268366407907e-03
246 KSP unpreconditioned resid norm 7.085005202868e-05 true resid norm 7.085006577904e-05 ||r(i)||/||b|| 1.300473616485e-03
247 KSP unpreconditioned resid norm 5.784093578007e-05 true resid norm 5.784092755642e-05 ||r(i)||/||b|| 1.061687091085e-03
248 KSP unpreconditioned resid norm 4.644154556319e-05 true resid norm 4.644155231808e-05 ||r(i)||/||b|| 8.524482346514e-04
249 KSP unpreconditioned resid norm 3.295290288003e-05 true resid norm 3.295290870004e-05 ||r(i)||/||b|| 6.048602479002e-04
250 KSP unpreconditioned resid norm 2.028661240607e-05 true resid norm 2.028659380870e-05 ||r(i)||/||b|| 3.723663447095e-04
251 KSP unpreconditioned resid norm 1.370583539016e-05 true resid norm 1.370585473313e-05 ||r(i)||/||b|| 2.515749601053e-04
252 KSP unpreconditioned resid norm 1.120414628249e-05 true resid norm 1.120414440952e-05 ||r(i)||/||b|| 2.056553376438e-04
253 KSP unpreconditioned resid norm 7.645398048182e-06 true resid norm 7.645370021007e-06 ||r(i)||/||b|| 1.403329960426e-04
254 KSP unpreconditioned resid norm 6.570312858915e-06 true resid norm 6.570322659592e-06 ||r(i)||/||b|| 1.206001882517e-04
255 KSP unpreconditioned resid norm 5.496388778771e-06 true resid norm 5.496402518678e-06 ||r(i)||/||b|| 1.008880709217e-04
256 KSP unpreconditioned resid norm 3.745572313311e-06 true resid norm 3.745549374007e-06 ||r(i)||/||b|| 6.875065092148e-05
257 KSP unpreconditioned resid norm 3.858059976545e-06 true resid norm 3.858071839214e-06 ||r(i)||/||b|| 7.081603358068e-05
258 KSP unpreconditioned resid norm 2.644360932667e-06 true resid norm 2.644375908438e-06 ||r(i)||/||b|| 4.853829087072e-05
259 KSP unpreconditioned resid norm 1.871127246046e-06 true resid norm 1.871111531020e-06 ||r(i)||/||b|| 3.434479774770e-05
260 KSP unpreconditioned resid norm 1.487847982824e-06 true resid norm 1.487863261865e-06 ||r(i)||/||b|| 2.731016401632e-05
261 KSP unpreconditioned resid norm 1.032295285866e-06 true resid norm 1.032273595341e-06 ||r(i)||/||b|| 1.894768284227e-05
262 KSP unpreconditioned resid norm 9.221170237501e-07 true resid norm 9.221167896505e-07 ||r(i)||/||b|| 1.692572255329e-05
263 KSP unpreconditioned resid norm 7.081197956884e-07 true resid norm 7.081330493646e-07 ||r(i)||/||b|| 1.299798860501e-05
264 KSP unpreconditioned resid norm 4.734660141105e-07 true resid norm 4.734384148078e-07 ||r(i)||/||b|| 8.690100153305e-06
265 KSP unpreconditioned resid norm 3.346001945016e-07 true resid norm 3.346084447061e-07 ||r(i)||/||b|| 6.141835570776e-06
266 KSP unpreconditioned resid norm 2.622886544379e-07 true resid norm 2.622743704042e-07 ||r(i)||/||b|| 4.814122545132e-06
267 KSP unpreconditioned resid norm 2.456457141080e-07 true resid norm 2.456604925513e-07 ||r(i)||/||b|| 4.509169972716e-06
268 KSP unpreconditioned resid norm 1.758850720089e-07 true resid norm 1.758715263736e-07 ||r(i)||/||b|| 3.228173148819e-06
269 KSP unpreconditioned resid norm 1.637364190614e-07 true resid norm 1.637207925210e-07 ||r(i)||/||b|| 3.005142885931e-06
270 KSP unpreconditioned resid norm 1.554610938057e-07 true resid norm 1.554671357005e-07 ||r(i)||/||b|| 2.853644608313e-06
271 KSP unpreconditioned resid norm 1.715413424570e-07 true resid norm 1.715136498616e-07 ||r(i)||/||b|| 3.148183054730e-06
272 KSP unpreconditioned resid norm 1.437452133739e-07 true resid norm 1.437383256816e-07 ||r(i)||/||b|| 2.638358880423e-06
273 KSP unpreconditioned resid norm 1.273989572882e-07 true resid norm 1.273993972682e-07 ||r(i)||/||b|| 2.338453085140e-06
274 KSP unpreconditioned resid norm 1.271948725332e-07 true resid norm 1.271770105507e-07 ||r(i)||/||b|| 2.334371112096e-06
275 KSP unpreconditioned resid norm 9.938047808844e-08 true resid norm 9.938179460558e-08 ||r(i)||/||b|| 1.824181818639e-06
276 KSP unpreconditioned resid norm 8.255614966951e-08 true resid norm 8.254782467733e-08 ||r(i)||/||b|| 1.515189392003e-06
277 KSP unpreconditioned resid norm 8.270355572408e-08 true resid norm 8.268313651051e-08 ||r(i)||/||b|| 1.517673080156e-06
278 KSP unpreconditioned resid norm 6.609984655635e-08 true resid norm 6.609110307790e-08 ||r(i)||/||b|| 1.213121468444e-06
279 KSP unpreconditioned resid norm 3.958555519615e-08 true resid norm 3.960067735053e-08 ||r(i)||/||b|| 7.268819798972e-07
280 KSP unpreconditioned resid norm 2.218131173720e-08 true resid norm 2.217906930540e-08 ||r(i)||/||b|| 4.071032842767e-07
281 KSP unpreconditioned resid norm 1.398717331239e-08 true resid norm 1.400476639336e-08 ||r(i)||/||b|| 2.570615707882e-07
282 KSP unpreconditioned resid norm 7.607782800177e-09 true resid norm 7.620624236341e-09 ||r(i)||/||b|| 1.398787799494e-07
283 KSP unpreconditioned resid norm 5.890766460859e-09 true resid norm 5.940472015147e-09 ||r(i)||/||b|| 1.090390960153e-07
284 KSP unpreconditioned resid norm 4.566700467953e-09 true resid norm 4.602977142977e-09 ||r(i)||/||b|| 8.448898763757e-08
285 KSP unpreconditioned resid norm 3.196947562751e-09 true resid norm 3.275475770353e-09 ||r(i)||/||b|| 6.012231285805e-08
286 KSP unpreconditioned resid norm 1.951396623392e-09 true resid norm 2.081301795071e-09 ||r(i)||/||b|| 3.820290133357e-08
287 KSP unpreconditioned resid norm 1.380590957426e-09 true resid norm 1.508220532570e-09 ||r(i)||/||b|| 2.768382765608e-08
288 KSP unpreconditioned resid norm 1.039785727326e-09 true resid norm 1.301334499868e-09 ||r(i)||/||b|| 2.388637420011e-08
289 KSP unpreconditioned resid norm 7.021149275629e-10 true resid norm 9.596266418145e-10 ||r(i)||/||b|| 1.761422682723e-08
290 KSP unpreconditioned resid norm 5.778639437035e-10 true resid norm 9.064836360798e-10 ||r(i)||/||b|| 1.663877146104e-08
291 KSP unpreconditioned resid norm 5.154645100389e-10 true resid norm 9.002967113017e-10 ||r(i)||/||b|| 1.652520865270e-08
>>>> ksp solve time: 0.511754 (s)
            || b ||_2 = 5.4480202351603092e-02
|| r ||_2 / || b ||_2 = 1.6525208652702619e-08
