Config file: ../input/config/comsol/curved-shell/refine0.json
order_rbm = 2
angle_type = 1
mesh_type = 1
==== basic information of linear system ====
matrix Row = 9438, matrix Column = 9438
dsqrt matrix Row = 9438, dsqrt matrix Column = 9438
matrix nz_allocated = 375678, matrix nz_used = 375678, matrix nz_unneeded = 0
dsqrt matrix nz_allocated = 9438, dsqrt matrix nz_used = 9438, dsqrt matrix nz_unneeded = 0
vector Row = 9438
initial     || b ||_2 = 1.0992902800555333e-01
>>>>local_vec_size = 2358
>>>>~~~~ local_mat_m = 2358, local_mat_n = 2358
>>>>local_vec_size = 2358
>>>>local_vec_size = 2358
>>>>~~~~ local_mat_m = 2358, local_mat_n = 2358
>>>>~~~~ local_mat_m = 2358, local_mat_n = 2358
>>>>local_vec_size = 2364
>>>>~~~~ local_mat_m = 2364, local_mat_n = 2364
            || b ||_2 = 1.0992902800555333e-01
|| r ||_2 / || b ||_2 = 1.0000000000000000e+00
Partitioning a graph of size 1573 serially
      Setup: Max:   0.001, Sum:   0.002, Balance:   1.001
      Remap: Max:   0.000, Sum:   0.000, Balance:   1.333
      Total: Max:   0.083, Sum:   0.332, Balance:   1.000
       Aux1: Max:   0.000, Sum:   0.000, Balance:   1.029
Final 393-way Cut:   2625 	Balance: 1.249 
Partitioning a graph of size 393 serially
      Setup: Max:   0.000, Sum:   0.000, Balance:   1.023
      Remap: Max:   0.000, Sum:   0.000, Balance:   2.000
      Total: Max:   0.020, Sum:   0.080, Balance:   1.000
       Aux1: Max:   0.000, Sum:   0.000, Balance:   1.049
Final  98-way Cut:    617 	Balance: 1.247 
Partitioning a graph of size 98 serially
      Setup: Max:   0.000, Sum:   0.000, Balance:   1.000
      Remap: Max:   0.000, Sum:   0.000, Balance:   1.333
      Total: Max:   0.004, Sum:   0.018, Balance:   1.000
       Aux1: Max:   0.000, Sum:   0.000, Balance:   1.029
Final  24-way Cut:    135 	Balance: 1.224 


>>>>nodes in level 1 is 98, less than 100, setup DONE!>>>>


in rank 0/4, m_local_A = 2364, n_local = 2364
in rank 1/4, m_local_A = 2358, n_local = 2358
in rank 3/4, m_local_A = 2358, n_local = 2358
in rank 2/4, m_local_A = 2358, n_local = 2358
>>>> size of dinv_a: m = 9438, n = 9438
>>>> size of p_unsmooth: m = 9438, n = 3537
>>>> size of p_smooth: m = 9438, n = 3537
>>>> size of sa_prolongation: m = 9438, n = 3537
>>>> size of operator_fine: m = 9438, n = 9438
>>>> size of dinv_a: m = 9438, n = 9438
>>>> size of p_unsmooth: m = 9438, n = 3537
>>>> size of p_smooth: m = 9438, n = 3537
>>>> size of dinv_a: m = 9438, n = 9438
>>>> size of p_unsmooth: m = 9438, n = 3537
>>>> size of p_smooth: m = 9438, n = 3537
>>>> size of dinv_a: m = 9438, n = 9438
>>>> size of p_unsmooth: m = 9438, n = 3537
>>>> size of p_smooth: m = 9438, n = 3537
in rank 0/4, m_local_A = 891, n_local = 891
in rank 1/4, m_local_A = 882, n_local = 882
in rank 2/4, m_local_A = 882, n_local = 882
in rank 3/4, m_local_A = 882, n_local = 882
>>>> size of dinv_a: m = 3537, n = 3537
>>>> size of p_unsmooth: m = 3537, n = 882
>>>> size of p_smooth: m = 3537, n = 882
>>>> size of sa_prolongation: m = 3537, n = 882
>>>> size of operator_fine: m = 3537, n = 3537
>>>> size of dinv_a: m = 3537, n = 3537
>>>> size of p_unsmooth: m = 3537, n = 882
>>>> size of p_smooth: m = 3537, n = 882
>>>> size of dinv_a: m = 3537, n = 3537
>>>> size of p_unsmooth: m = 3537, n = 882
>>>> size of p_smooth: m = 3537, n = 882
>>>> size of dinv_a: m = 3537, n = 3537
>>>> size of p_unsmooth: m = 3537, n = 882
>>>> size of p_smooth: m = 3537, n = 882
>>>> mla setup time: 0.327661 (s)
KSP Object: (mg_coarse_) 4 MPI processes
  type: preonly
  maximum iterations=10000, initial guess is zero
  tolerances: relative=1e-05, absolute=1e-50, divergence=10000.
  left preconditioning
  using DEFAULT norm type for convergence test
PC Object: (mg_coarse_) 4 MPI processes
  type: redundant
  PC has not been set up so information may be incomplete
    Not yet setup
  linear system matrix = precond matrix:
  Mat Object: 4 MPI processes
    type: mpiaij
    rows=882, cols=882
    total: nonzeros=262116, allocated nonzeros=262116
    total number of mallocs used during MatSetValues calls=0
      using nonscalable MatPtAP() implementation
      using I-node (on process 0) routines: found 50 nodes, limit used is 5
KSP Object: (mg_levels_1_) 4 MPI processes
  type: chebyshev
    Chebyshev polynomial of first kind
    eigenvalue targets used: min 0., max 0.
  maximum iterations=2, initial guess is zero
  tolerances: relative=1e-05, absolute=1e-50, divergence=10000.
  left preconditioning
  using NONE norm type for convergence test
PC Object: (mg_levels_1_) 4 MPI processes
  type: sor
  PC has not been set up so information may be incomplete
    type = local_symmetric, iterations = 1, local iterations = 1, omega = 1.
  linear system matrix = precond matrix:
  Mat Object: 4 MPI processes
    type: mpiaij
    rows=3537, cols=3537
    total: nonzeros=519453, allocated nonzeros=519453
    total number of mallocs used during MatSetValues calls=0
      using I-node (on process 0) routines: found 198 nodes, limit used is 5
KSP Object: (mg_levels_2_) 4 MPI processes
  type: chebyshev
    Chebyshev polynomial of first kind
    eigenvalue targets used: min 0., max 0.
  maximum iterations=2, initial guess is zero
  tolerances: relative=1e-05, absolute=1e-50, divergence=10000.
  left preconditioning
  using NONE norm type for convergence test
PC Object: (mg_levels_2_) 4 MPI processes
  type: sor
  PC has not been set up so information may be incomplete
    type = local_symmetric, iterations = 1, local iterations = 1, omega = 1.
  linear system matrix = precond matrix:
  Mat Object: 4 MPI processes
    type: mpiaij
    rows=9438, cols=9438
    total: nonzeros=375678, allocated nonzeros=375678
    total number of mallocs used during MatSetValues calls=0
      using I-node (on process 0) routines: found 860 nodes, limit used is 5
KSP Object: (mg_coarse_) 4 MPI processes
  type: preonly
  maximum iterations=10000, initial guess is zero
  tolerances: relative=1e-05, absolute=1e-50, divergence=10000.
  left preconditioning
  using DEFAULT norm type for convergence test
PC Object: (mg_coarse_) 4 MPI processes
  type: lu
  PC has not been set up so information may be incomplete
    out-of-place factorization
    tolerance for zero pivot 2.22045e-14
  linear system matrix = precond matrix:
  Mat Object: 4 MPI processes
    type: mpiaij
    rows=882, cols=882
    total: nonzeros=262116, allocated nonzeros=262116
    total number of mallocs used during MatSetValues calls=0
      using nonscalable MatPtAP() implementation
      using I-node (on process 0) routines: found 50 nodes, limit used is 5
  0 KSP unpreconditioned resid norm 1.099290280056e-01 true resid norm 1.099290280056e-01 ||r(i)||/||b|| 1.000000000000e+00
  1 KSP unpreconditioned resid norm 3.434155769937e+00 true resid norm 3.434155769937e+00 ||r(i)||/||b|| 3.123975379609e+01
  2 KSP unpreconditioned resid norm 4.460623257477e+00 true resid norm 4.460623257477e+00 ||r(i)||/||b|| 4.057730099508e+01
  3 KSP unpreconditioned resid norm 3.008440095048e+00 true resid norm 3.008440095048e+00 ||r(i)||/||b|| 2.736711266924e+01
  4 KSP unpreconditioned resid norm 4.835450691314e+00 true resid norm 4.835450691314e+00 ||r(i)||/||b|| 4.398702307338e+01
  5 KSP unpreconditioned resid norm 4.583322196293e+00 true resid norm 4.583322196293e+00 ||r(i)||/||b|| 4.169346604303e+01
  6 KSP unpreconditioned resid norm 5.783652461453e+00 true resid norm 5.783652461453e+00 ||r(i)||/||b|| 5.261260439018e+01
  7 KSP unpreconditioned resid norm 4.872413856769e+00 true resid norm 4.872413856769e+00 ||r(i)||/||b|| 4.432326879596e+01
  8 KSP unpreconditioned resid norm 4.626554085106e+00 true resid norm 4.626554085106e+00 ||r(i)||/||b|| 4.208673695243e+01
  9 KSP unpreconditioned resid norm 5.320650967121e+00 true resid norm 5.320650967121e+00 ||r(i)||/||b|| 4.840078242893e+01
 10 KSP unpreconditioned resid norm 4.767371973836e+00 true resid norm 4.767371973836e+00 ||r(i)||/||b|| 4.336772607136e+01
 11 KSP unpreconditioned resid norm 4.675449224571e+00 true resid norm 4.675449224571e+00 ||r(i)||/||b|| 4.253152519765e+01
 12 KSP unpreconditioned resid norm 4.683209736851e+00 true resid norm 4.683209736851e+00 ||r(i)||/||b|| 4.260212085760e+01
 13 KSP unpreconditioned resid norm 3.952551318079e+00 true resid norm 3.952551318079e+00 ||r(i)||/||b|| 3.595548318575e+01
 14 KSP unpreconditioned resid norm 3.674179168339e+00 true resid norm 3.674179168339e+00 ||r(i)||/||b|| 3.342319344581e+01
 15 KSP unpreconditioned resid norm 3.807116989927e+00 true resid norm 3.807116989927e+00 ||r(i)||/||b|| 3.463249934071e+01
 16 KSP unpreconditioned resid norm 3.846656975175e+00 true resid norm 3.846656975175e+00 ||r(i)||/||b|| 3.499218582175e+01
 17 KSP unpreconditioned resid norm 3.793113172993e+00 true resid norm 3.793113172993e+00 ||r(i)||/||b|| 3.450510972226e+01
 18 KSP unpreconditioned resid norm 3.967451058915e+00 true resid norm 3.967451058915e+00 ||r(i)||/||b|| 3.609102282533e+01
 19 KSP unpreconditioned resid norm 3.967782185076e+00 true resid norm 3.967782185076e+00 ||r(i)||/||b|| 3.609403500662e+01
 20 KSP unpreconditioned resid norm 4.110797546491e+00 true resid norm 4.110797546491e+00 ||r(i)||/||b|| 3.739501404746e+01
 21 KSP unpreconditioned resid norm 4.127309372833e+00 true resid norm 4.127309372833e+00 ||r(i)||/||b|| 3.754521847154e+01
 22 KSP unpreconditioned resid norm 4.109079118576e+00 true resid norm 4.109079118576e+00 ||r(i)||/||b|| 3.737938188963e+01
 23 KSP unpreconditioned resid norm 4.608824961771e+00 true resid norm 4.608824961771e+00 ||r(i)||/||b|| 4.192545904743e+01
 24 KSP unpreconditioned resid norm 4.636017278122e+00 true resid norm 4.636017278122e+00 ||r(i)||/||b|| 4.217282152161e+01
 25 KSP unpreconditioned resid norm 4.306220224027e+00 true resid norm 4.306220224027e+00 ||r(i)||/||b|| 3.917273082601e+01
 26 KSP unpreconditioned resid norm 3.999095423208e+00 true resid norm 3.999095423208e+00 ||r(i)||/||b|| 3.637888459275e+01
 27 KSP unpreconditioned resid norm 4.465613120832e+00 true resid norm 4.465613120832e+00 ||r(i)||/||b|| 4.062269267592e+01
 28 KSP unpreconditioned resid norm 4.049430199392e+00 true resid norm 4.049430199392e+00 ||r(i)||/||b|| 3.683676889408e+01
 29 KSP unpreconditioned resid norm 4.727450159941e+00 true resid norm 4.727450159941e+00 ||r(i)||/||b|| 4.300456617976e+01
 30 KSP unpreconditioned resid norm 4.228772060280e+00 true resid norm 4.228772060280e+00 ||r(i)||/||b|| 3.846820204820e+01
 31 KSP unpreconditioned resid norm 4.460313297810e+00 true resid norm 4.460313297810e+00 ||r(i)||/||b|| 4.057448136069e+01
 32 KSP unpreconditioned resid norm 3.571528002148e+00 true resid norm 3.571528002148e+00 ||r(i)||/||b|| 3.248939854146e+01
 33 KSP unpreconditioned resid norm 3.390274807073e+00 true resid norm 3.390274807073e+00 ||r(i)||/||b|| 3.084057840393e+01
 34 KSP unpreconditioned resid norm 3.371870815657e+00 true resid norm 3.371870815657e+00 ||r(i)||/||b|| 3.067316137360e+01
 35 KSP unpreconditioned resid norm 3.372489759852e+00 true resid norm 3.372489759852e+00 ||r(i)||/||b|| 3.067879177174e+01
 36 KSP unpreconditioned resid norm 2.720640281872e+00 true resid norm 2.720640281872e+00 ||r(i)||/||b|| 2.474906156483e+01
 37 KSP unpreconditioned resid norm 2.746236411661e+00 true resid norm 2.746236411661e+00 ||r(i)||/||b|| 2.498190388368e+01
 38 KSP unpreconditioned resid norm 2.239534947257e+00 true resid norm 2.239534947257e+00 ||r(i)||/||b|| 2.037255298158e+01
 39 KSP unpreconditioned resid norm 2.040946807578e+00 true resid norm 2.040946807578e+00 ||r(i)||/||b|| 1.856604069559e+01
 40 KSP unpreconditioned resid norm 1.953892677136e+00 true resid norm 1.953892677136e+00 ||r(i)||/||b|| 1.777412856809e+01
 41 KSP unpreconditioned resid norm 1.738780410913e+00 true resid norm 1.738780410913e+00 ||r(i)||/||b|| 1.581729996580e+01
 42 KSP unpreconditioned resid norm 1.737942790316e+00 true resid norm 1.737942790316e+00 ||r(i)||/||b|| 1.580968031690e+01
 43 KSP unpreconditioned resid norm 1.423177719319e+00 true resid norm 1.423177719319e+00 ||r(i)||/||b|| 1.294633223944e+01
 44 KSP unpreconditioned resid norm 1.314191565699e+00 true resid norm 1.314191565699e+00 ||r(i)||/||b|| 1.195490935872e+01
 45 KSP unpreconditioned resid norm 1.185619077208e+00 true resid norm 1.185619077208e+00 ||r(i)||/||b|| 1.078531393135e+01
 46 KSP unpreconditioned resid norm 9.971837248016e-01 true resid norm 9.971837248015e-01 ||r(i)||/||b|| 9.071159300628e+00
 47 KSP unpreconditioned resid norm 8.196169100981e-01 true resid norm 8.196169100983e-01 ||r(i)||/||b|| 7.455873348183e+00
 48 KSP unpreconditioned resid norm 8.300377902776e-01 true resid norm 8.300377902773e-01 ||r(i)||/||b|| 7.550669785194e+00
 49 KSP unpreconditioned resid norm 7.827915237750e-01 true resid norm 7.827915237754e-01 ||r(i)||/||b|| 7.120880971820e+00
 50 KSP unpreconditioned resid norm 7.819847446309e-01 true resid norm 7.819847446309e-01 ||r(i)||/||b|| 7.113541880780e+00
 51 KSP unpreconditioned resid norm 6.618724705457e-01 true resid norm 6.618724705455e-01 ||r(i)||/||b|| 6.020907148493e+00
 52 KSP unpreconditioned resid norm 5.687719593900e-01 true resid norm 5.687719593901e-01 ||r(i)||/||b|| 5.173992435932e+00
 53 KSP unpreconditioned resid norm 5.332988454774e-01 true resid norm 5.332988454772e-01 ||r(i)||/||b|| 4.851301381927e+00
 54 KSP unpreconditioned resid norm 4.914884138709e-01 true resid norm 4.914884138717e-01 ||r(i)||/||b|| 4.470961153653e+00
 55 KSP unpreconditioned resid norm 4.705512372761e-01 true resid norm 4.705512372750e-01 ||r(i)||/||b|| 4.280500299258e+00
 56 KSP unpreconditioned resid norm 3.678828419436e-01 true resid norm 3.678828419441e-01 ||r(i)||/||b|| 3.346548665249e+00
 57 KSP unpreconditioned resid norm 3.519704218882e-01 true resid norm 3.519704218877e-01 ||r(i)||/||b|| 3.201796907273e+00
 58 KSP unpreconditioned resid norm 3.311784565022e-01 true resid norm 3.311784565028e-01 ||r(i)||/||b|| 3.012657007084e+00
 59 KSP unpreconditioned resid norm 2.948600267137e-01 true resid norm 2.948600267140e-01 ||r(i)||/||b|| 2.682276301935e+00
 60 KSP unpreconditioned resid norm 2.807867054454e-01 true resid norm 2.807867054446e-01 ||r(i)||/||b|| 2.554254417955e+00
 61 KSP unpreconditioned resid norm 2.736771505856e-01 true resid norm 2.736771505858e-01 ||r(i)||/||b|| 2.489580373366e+00
 62 KSP unpreconditioned resid norm 2.565296301302e-01 true resid norm 2.565296301306e-01 ||r(i)||/||b|| 2.333593180844e+00
 63 KSP unpreconditioned resid norm 2.387858087949e-01 true resid norm 2.387858087945e-01 ||r(i)||/||b|| 2.172181571390e+00
 64 KSP unpreconditioned resid norm 2.293913874832e-01 true resid norm 2.293913874841e-01 ||r(i)||/||b|| 2.086722603173e+00
 65 KSP unpreconditioned resid norm 2.105053729855e-01 true resid norm 2.105053729850e-01 ||r(i)||/||b|| 1.914920715704e+00
 66 KSP unpreconditioned resid norm 1.703043071511e-01 true resid norm 1.703043071507e-01 ||r(i)||/||b|| 1.549220531106e+00
 67 KSP unpreconditioned resid norm 1.531544651370e-01 true resid norm 1.531544651376e-01 ||r(i)||/||b|| 1.393212219887e+00
 68 KSP unpreconditioned resid norm 1.667904723792e-01 true resid norm 1.667904723794e-01 ||r(i)||/||b|| 1.517255955097e+00
 69 KSP unpreconditioned resid norm 1.447549634182e-01 true resid norm 1.447549634182e-01 ||r(i)||/||b|| 1.316803814647e+00
 70 KSP unpreconditioned resid norm 1.221051578546e-01 true resid norm 1.221051578550e-01 ||r(i)||/||b|| 1.110763554180e+00
 71 KSP unpreconditioned resid norm 1.241273388367e-01 true resid norm 1.241273388368e-01 ||r(i)||/||b|| 1.129158886319e+00
 72 KSP unpreconditioned resid norm 1.131441291815e-01 true resid norm 1.131441291811e-01 ||r(i)||/||b|| 1.029247062709e+00
 73 KSP unpreconditioned resid norm 9.840344263837e-02 true resid norm 9.840344263856e-02 ||r(i)||/||b|| 8.951543047719e-01
 74 KSP unpreconditioned resid norm 8.995354206361e-02 true resid norm 8.995354206385e-02 ||r(i)||/||b|| 8.182874323177e-01
 75 KSP unpreconditioned resid norm 9.182715449797e-02 true resid norm 9.182715449738e-02 ||r(i)||/||b|| 8.353312693053e-01
 76 KSP unpreconditioned resid norm 9.096822826674e-02 true resid norm 9.096822826722e-02 ||r(i)||/||b|| 8.275178077862e-01
 77 KSP unpreconditioned resid norm 8.924494285008e-02 true resid norm 8.924494284968e-02 ||r(i)||/||b|| 8.118414623403e-01
 78 KSP unpreconditioned resid norm 8.143306441910e-02 true resid norm 8.143306441889e-02 ||r(i)||/||b|| 7.407785359002e-01
 79 KSP unpreconditioned resid norm 7.818875344984e-02 true resid norm 7.818875345014e-02 ||r(i)||/||b|| 7.112657581780e-01
 80 KSP unpreconditioned resid norm 6.659627462898e-02 true resid norm 6.659627462826e-02 ||r(i)||/||b|| 6.058115480190e-01
 81 KSP unpreconditioned resid norm 5.185013698579e-02 true resid norm 5.185013698573e-02 ||r(i)||/||b|| 4.716692026341e-01
 82 KSP unpreconditioned resid norm 5.345950488788e-02 true resid norm 5.345950488855e-02 ||r(i)||/||b|| 4.863092657005e-01
 83 KSP unpreconditioned resid norm 4.488757585546e-02 true resid norm 4.488757585523e-02 ||r(i)||/||b|| 4.083323274082e-01
 84 KSP unpreconditioned resid norm 4.451401071004e-02 true resid norm 4.451401071056e-02 ||r(i)||/||b|| 4.049340880946e-01
 85 KSP unpreconditioned resid norm 4.692109685196e-02 true resid norm 4.692109685231e-02 ||r(i)||/||b|| 4.268308171518e-01
 86 KSP unpreconditioned resid norm 4.257466729841e-02 true resid norm 4.257466729781e-02 ||r(i)||/||b|| 3.872923109596e-01
 87 KSP unpreconditioned resid norm 4.263694659026e-02 true resid norm 4.263694659041e-02 ||r(i)||/||b|| 3.878588518790e-01
 88 KSP unpreconditioned resid norm 3.832501158439e-02 true resid norm 3.832501158453e-02 ||r(i)||/||b|| 3.486341349493e-01
 89 KSP unpreconditioned resid norm 3.920372671584e-02 true resid norm 3.920372671549e-02 ||r(i)||/||b|| 3.566276117124e-01
 90 KSP unpreconditioned resid norm 3.779561429339e-02 true resid norm 3.779561429354e-02 ||r(i)||/||b|| 3.438183251437e-01
 91 KSP unpreconditioned resid norm 3.469161506278e-02 true resid norm 3.469161506381e-02 ||r(i)||/||b|| 3.155819322086e-01
 92 KSP unpreconditioned resid norm 3.489494225947e-02 true resid norm 3.489494225871e-02 ||r(i)||/||b|| 3.174315546295e-01
 93 KSP unpreconditioned resid norm 3.240150274952e-02 true resid norm 3.240150274962e-02 ||r(i)||/||b|| 2.947492881315e-01
 94 KSP unpreconditioned resid norm 3.310061845496e-02 true resid norm 3.310061845496e-02 ||r(i)||/||b|| 3.011089887312e-01
 95 KSP unpreconditioned resid norm 3.213557608720e-02 true resid norm 3.213557608759e-02 ||r(i)||/||b|| 2.923302122345e-01
 96 KSP unpreconditioned resid norm 3.118811845337e-02 true resid norm 3.118811845345e-02 ||r(i)||/||b|| 2.837114001579e-01
 97 KSP unpreconditioned resid norm 3.176320297987e-02 true resid norm 3.176320297960e-02 ||r(i)||/||b|| 2.889428166143e-01
 98 KSP unpreconditioned resid norm 2.917945402672e-02 true resid norm 2.917945402686e-02 ||r(i)||/||b|| 2.654390251261e-01
 99 KSP unpreconditioned resid norm 2.739613186290e-02 true resid norm 2.739613186309e-02 ||r(i)||/||b|| 2.492165387081e-01
100 KSP unpreconditioned resid norm 2.644605723516e-02 true resid norm 2.644605723489e-02 ||r(i)||/||b|| 2.405739204166e-01
101 KSP unpreconditioned resid norm 2.705996138138e-02 true resid norm 2.705996138122e-02 ||r(i)||/||b|| 2.461584703528e-01
102 KSP unpreconditioned resid norm 2.556738039262e-02 true resid norm 2.556738039221e-02 ||r(i)||/||b|| 2.325807919535e-01
103 KSP unpreconditioned resid norm 2.724460128495e-02 true resid norm 2.724460128479e-02 ||r(i)||/||b|| 2.478380986268e-01
104 KSP unpreconditioned resid norm 2.459924954172e-02 true resid norm 2.459924954178e-02 ||r(i)||/||b|| 2.237739202109e-01
105 KSP unpreconditioned resid norm 2.429222723679e-02 true resid norm 2.429222723715e-02 ||r(i)||/||b|| 2.209810063628e-01
106 KSP unpreconditioned resid norm 2.261487684917e-02 true resid norm 2.261487684846e-02 ||r(i)||/||b|| 2.057225216921e-01
107 KSP unpreconditioned resid norm 2.169684246370e-02 true resid norm 2.169684246305e-02 ||r(i)||/||b|| 1.973713663870e-01
108 KSP unpreconditioned resid norm 1.954182295690e-02 true resid norm 1.954182295684e-02 ||r(i)||/||b|| 1.777676316383e-01
109 KSP unpreconditioned resid norm 1.819461381763e-02 true resid norm 1.819461381724e-02 ||r(i)||/||b|| 1.655123687287e-01
110 KSP unpreconditioned resid norm 1.717655993437e-02 true resid norm 1.717655993397e-02 ||r(i)||/||b|| 1.562513582227e-01
111 KSP unpreconditioned resid norm 1.703068405439e-02 true resid norm 1.703068405530e-02 ||r(i)||/||b|| 1.549243576905e-01
112 KSP unpreconditioned resid norm 1.536681463101e-02 true resid norm 1.536681463051e-02 ||r(i)||/||b|| 1.397885063601e-01
113 KSP unpreconditioned resid norm 1.555999410967e-02 true resid norm 1.555999410946e-02 ||r(i)||/||b|| 1.415458172583e-01
114 KSP unpreconditioned resid norm 1.378080743002e-02 true resid norm 1.378080743040e-02 ||r(i)||/||b|| 1.253609504279e-01
115 KSP unpreconditioned resid norm 1.484723810553e-02 true resid norm 1.484723810519e-02 ||r(i)||/||b|| 1.350620338828e-01
116 KSP unpreconditioned resid norm 1.425900931881e-02 true resid norm 1.425900931925e-02 ||r(i)||/||b|| 1.297110470087e-01
117 KSP unpreconditioned resid norm 1.222328696082e-02 true resid norm 1.222328696085e-02 ||r(i)||/||b|| 1.111925319692e-01
118 KSP unpreconditioned resid norm 1.154050402049e-02 true resid norm 1.154050402057e-02 ||r(i)||/||b|| 1.049814069127e-01
119 KSP unpreconditioned resid norm 1.074843271874e-02 true resid norm 1.074843271870e-02 ||r(i)||/||b|| 9.777610985658e-02
120 KSP unpreconditioned resid norm 1.009694699969e-02 true resid norm 1.009694699905e-02 ||r(i)||/||b|| 9.184968867859e-02
121 KSP unpreconditioned resid norm 9.553261532128e-03 true resid norm 9.553261533374e-03 ||r(i)||/||b|| 8.690390251509e-02
122 KSP unpreconditioned resid norm 9.061068818005e-03 true resid norm 9.061068816918e-03 ||r(i)||/||b|| 8.242653447696e-02
123 KSP unpreconditioned resid norm 8.423976144481e-03 true resid norm 8.423976145000e-03 ||r(i)||/||b|| 7.663104366369e-02
124 KSP unpreconditioned resid norm 8.339921540250e-03 true resid norm 8.339921540540e-03 ||r(i)||/||b|| 7.586641755915e-02
125 KSP unpreconditioned resid norm 7.966894055610e-03 true resid norm 7.966894055222e-03 ||r(i)||/||b|| 7.247306921353e-02
126 KSP unpreconditioned resid norm 6.707149097528e-03 true resid norm 6.707149097892e-03 ||r(i)||/||b|| 6.101344858206e-02
127 KSP unpreconditioned resid norm 6.345743609738e-03 true resid norm 6.345743609130e-03 ||r(i)||/||b|| 5.772582296288e-02
128 KSP unpreconditioned resid norm 5.529492359120e-03 true resid norm 5.529492359020e-03 ||r(i)||/||b|| 5.030056627755e-02
129 KSP unpreconditioned resid norm 5.057086584287e-03 true resid norm 5.057086584320e-03 ||r(i)||/||b|| 4.600319566242e-02
130 KSP unpreconditioned resid norm 4.645316793366e-03 true resid norm 4.645316793330e-03 ||r(i)||/||b|| 4.225741715005e-02
131 KSP unpreconditioned resid norm 4.300662436975e-03 true resid norm 4.300662436368e-03 ||r(i)||/||b|| 3.912217286367e-02
132 KSP unpreconditioned resid norm 4.377470252983e-03 true resid norm 4.377470253285e-03 ||r(i)||/||b|| 3.982087654831e-02
133 KSP unpreconditioned resid norm 4.095273681796e-03 true resid norm 4.095273681876e-03 ||r(i)||/||b|| 3.725379689220e-02
134 KSP unpreconditioned resid norm 3.603777459611e-03 true resid norm 3.603777458608e-03 ||r(i)||/||b|| 3.278276469820e-02
135 KSP unpreconditioned resid norm 3.403257934125e-03 true resid norm 3.403257933934e-03 ||r(i)||/||b|| 3.095868303103e-02
136 KSP unpreconditioned resid norm 3.331374631391e-03 true resid norm 3.331374631738e-03 ||r(i)||/||b|| 3.030477656520e-02
137 KSP unpreconditioned resid norm 3.000532870480e-03 true resid norm 3.000532870739e-03 ||r(i)||/||b|| 2.729518240248e-02
138 KSP unpreconditioned resid norm 2.925131555546e-03 true resid norm 2.925131555390e-03 ||r(i)||/||b|| 2.660927335082e-02
139 KSP unpreconditioned resid norm 2.689507003804e-03 true resid norm 2.689507003597e-03 ||r(i)||/||b|| 2.446584903363e-02
140 KSP unpreconditioned resid norm 2.668095831739e-03 true resid norm 2.668095831333e-03 ||r(i)||/||b|| 2.427107634572e-02
141 KSP unpreconditioned resid norm 2.329685161184e-03 true resid norm 2.329685161361e-03 ||r(i)||/||b|| 2.119262949585e-02
142 KSP unpreconditioned resid norm 2.298189900135e-03 true resid norm 2.298189900818e-03 ||r(i)||/||b|| 2.090612409219e-02
143 KSP unpreconditioned resid norm 1.938346298224e-03 true resid norm 1.938346298691e-03 ||r(i)||/||b|| 1.763270660952e-02
144 KSP unpreconditioned resid norm 1.941938705134e-03 true resid norm 1.941938703890e-03 ||r(i)||/||b|| 1.766538592329e-02
145 KSP unpreconditioned resid norm 1.676508007295e-03 true resid norm 1.676508007430e-03 ||r(i)||/||b|| 1.525082171513e-02
146 KSP unpreconditioned resid norm 1.536869714450e-03 true resid norm 1.536869714777e-03 ||r(i)||/||b|| 1.398056312023e-02
147 KSP unpreconditioned resid norm 1.369179167963e-03 true resid norm 1.369179167417e-03 ||r(i)||/||b|| 1.245511938255e-02
148 KSP unpreconditioned resid norm 1.341304380236e-03 true resid norm 1.341304380227e-03 ||r(i)||/||b|| 1.220154862244e-02
149 KSP unpreconditioned resid norm 1.251772666354e-03 true resid norm 1.251772666763e-03 ||r(i)||/||b|| 1.138709847139e-02
150 KSP unpreconditioned resid norm 1.246595125248e-03 true resid norm 1.246595125412e-03 ||r(i)||/||b|| 1.133999952541e-02
151 KSP unpreconditioned resid norm 1.038755335049e-03 true resid norm 1.038755334224e-03 ||r(i)||/||b|| 9.449327016440e-03
152 KSP unpreconditioned resid norm 1.052579191131e-03 true resid norm 1.052579192478e-03 ||r(i)||/||b|| 9.575079590670e-03
153 KSP unpreconditioned resid norm 1.044502824830e-03 true resid norm 1.044502823913e-03 ||r(i)||/||b|| 9.501610656111e-03
154 KSP unpreconditioned resid norm 9.292895370191e-04 true resid norm 9.292895364287e-04 ||r(i)||/||b|| 8.453540918980e-03
155 KSP unpreconditioned resid norm 9.837054599849e-04 true resid norm 9.837054601310e-04 ||r(i)||/||b|| 8.948550514623e-03
156 KSP unpreconditioned resid norm 9.081410747263e-04 true resid norm 9.081410748791e-04 ||r(i)||/||b|| 8.261158052205e-03
157 KSP unpreconditioned resid norm 7.835071699580e-04 true resid norm 7.835071689700e-04 ||r(i)||/||b|| 7.127391037520e-03
158 KSP unpreconditioned resid norm 6.608526632151e-04 true resid norm 6.608526641324e-04 ||r(i)||/||b|| 6.011630195611e-03
159 KSP unpreconditioned resid norm 6.451089438077e-04 true resid norm 6.451089437252e-04 ||r(i)||/||b|| 5.868413060949e-03
160 KSP unpreconditioned resid norm 6.057773307843e-04 true resid norm 6.057773292310e-04 ||r(i)||/||b|| 5.510622082463e-03
161 KSP unpreconditioned resid norm 5.491726288509e-04 true resid norm 5.491726305007e-04 ||r(i)||/||b|| 4.995701685572e-03
162 KSP unpreconditioned resid norm 4.990372422753e-04 true resid norm 4.990372412351e-04 ||r(i)||/||b|| 4.539631162843e-03
163 KSP unpreconditioned resid norm 5.435278689536e-04 true resid norm 5.435278690191e-04 ||r(i)||/||b|| 4.944352541638e-03
164 KSP unpreconditioned resid norm 5.640851077829e-04 true resid norm 5.640851085975e-04 ||r(i)||/||b|| 5.131357193197e-03
165 KSP unpreconditioned resid norm 4.863793565418e-04 true resid norm 4.863793551688e-04 ||r(i)||/||b|| 4.424485179149e-03
166 KSP unpreconditioned resid norm 4.780806883834e-04 true resid norm 4.780806899866e-04 ||r(i)||/||b|| 4.348994061536e-03
167 KSP unpreconditioned resid norm 4.335688351219e-04 true resid norm 4.335688346328e-04 ||r(i)||/||b|| 3.944079580244e-03
168 KSP unpreconditioned resid norm 4.109018928665e-04 true resid norm 4.109018925028e-04 ||r(i)||/||b|| 3.737883432228e-03
169 KSP unpreconditioned resid norm 3.803157949959e-04 true resid norm 3.803157959691e-04 ||r(i)||/||b|| 3.459648492024e-03
170 KSP unpreconditioned resid norm 3.472674128924e-04 true resid norm 3.472674121485e-04 ||r(i)||/||b|| 3.159014670183e-03
171 KSP unpreconditioned resid norm 3.075170439198e-04 true resid norm 3.075170456741e-04 ||r(i)||/||b|| 2.797414397757e-03
172 KSP unpreconditioned resid norm 2.766611794036e-04 true resid norm 2.766611786827e-04 ||r(i)||/||b|| 2.516725415499e-03
173 KSP unpreconditioned resid norm 2.660630842352e-04 true resid norm 2.660630847279e-04 ||r(i)||/||b|| 2.420316904052e-03
174 KSP unpreconditioned resid norm 2.771897875869e-04 true resid norm 2.771897873272e-04 ||r(i)||/||b|| 2.521534051163e-03
175 KSP unpreconditioned resid norm 2.581073920916e-04 true resid norm 2.581073921170e-04 ||r(i)||/||b|| 2.347945731895e-03
176 KSP unpreconditioned resid norm 2.493304353809e-04 true resid norm 2.493304364319e-04 ||r(i)||/||b|| 2.268103711600e-03
177 KSP unpreconditioned resid norm 2.397555828932e-04 true resid norm 2.397555822223e-04 ||r(i)||/||b|| 2.181003385295e-03
178 KSP unpreconditioned resid norm 2.279851369451e-04 true resid norm 2.279851361803e-04 ||r(i)||/||b|| 2.073930246784e-03
179 KSP unpreconditioned resid norm 2.003729139154e-04 true resid norm 2.003729134047e-04 ||r(i)||/||b|| 1.822747976946e-03
180 KSP unpreconditioned resid norm 1.733740729697e-04 true resid norm 1.733740723420e-04 ||r(i)||/||b|| 1.577145504582e-03
181 KSP unpreconditioned resid norm 1.615336899556e-04 true resid norm 1.615336904892e-04 ||r(i)||/||b|| 1.469436175503e-03
182 KSP unpreconditioned resid norm 1.674105409146e-04 true resid norm 1.674105408988e-04 ||r(i)||/||b|| 1.522896580968e-03
183 KSP unpreconditioned resid norm 1.525004483098e-04 true resid norm 1.525004475033e-04 ||r(i)||/||b|| 1.387262766442e-03
184 KSP unpreconditioned resid norm 1.490801928244e-04 true resid norm 1.490801933885e-04 ||r(i)||/||b|| 1.356149472921e-03
185 KSP unpreconditioned resid norm 1.363875990184e-04 true resid norm 1.363875992420e-04 ||r(i)||/||b|| 1.240687757515e-03
186 KSP unpreconditioned resid norm 1.317562543219e-04 true resid norm 1.317562538537e-04 ||r(i)||/||b|| 1.198557435139e-03
187 KSP unpreconditioned resid norm 1.157943430163e-04 true resid norm 1.157943435364e-04 ||r(i)||/||b|| 1.053355475230e-03
188 KSP unpreconditioned resid norm 1.151866381186e-04 true resid norm 1.151866370064e-04 ||r(i)||/||b|| 1.047827303636e-03
189 KSP unpreconditioned resid norm 1.123567547937e-04 true resid norm 1.123567551123e-04 ||r(i)||/||b|| 1.022084495340e-03
190 KSP unpreconditioned resid norm 9.525464518588e-05 true resid norm 9.525464507377e-05 ||r(i)||/||b|| 8.665103913132e-04
191 KSP unpreconditioned resid norm 9.110042687996e-05 true resid norm 9.110042672872e-05 ||r(i)||/||b|| 8.287203878863e-04
192 KSP unpreconditioned resid norm 9.050974044965e-05 true resid norm 9.050974053057e-05 ||r(i)||/||b|| 8.233470464780e-04
193 KSP unpreconditioned resid norm 8.601567834787e-05 true resid norm 8.601567818145e-05 ||r(i)||/||b|| 7.824655574786e-04
194 KSP unpreconditioned resid norm 7.826646129183e-05 true resid norm 7.826646052623e-05 ||r(i)||/||b|| 7.119726422240e-04
195 KSP unpreconditioned resid norm 7.779255236160e-05 true resid norm 7.779255274656e-05 ||r(i)||/||b|| 7.076616082026e-04
196 KSP unpreconditioned resid norm 7.202223700350e-05 true resid norm 7.202223732676e-05 ||r(i)||/||b|| 6.551703279239e-04
197 KSP unpreconditioned resid norm 6.915651816227e-05 true resid norm 6.915651733858e-05 ||r(i)||/||b|| 6.291015084304e-04
198 KSP unpreconditioned resid norm 6.772829881609e-05 true resid norm 6.772829862199e-05 ||r(i)||/||b|| 6.161093193562e-04
199 KSP unpreconditioned resid norm 6.187814643769e-05 true resid norm 6.187814723866e-05 ||r(i)||/||b|| 5.628917890144e-04
200 KSP unpreconditioned resid norm 5.800974940917e-05 true resid norm 5.800974906514e-05 ||r(i)||/||b|| 5.277018283306e-04
201 KSP unpreconditioned resid norm 5.050901563630e-05 true resid norm 5.050901671841e-05 ||r(i)||/||b|| 4.594693288460e-04
202 KSP unpreconditioned resid norm 4.958788997443e-05 true resid norm 4.958788979781e-05 ||r(i)||/||b|| 4.510900414338e-04
203 KSP unpreconditioned resid norm 4.444049798692e-05 true resid norm 4.444049741998e-05 ||r(i)||/||b|| 4.042653539858e-04
204 KSP unpreconditioned resid norm 4.284037800069e-05 true resid norm 4.284037864098e-05 ||r(i)||/||b|| 3.897094281487e-04
205 KSP unpreconditioned resid norm 3.908640082529e-05 true resid norm 3.908640080574e-05 ||r(i)||/||b|| 3.555603239189e-04
206 KSP unpreconditioned resid norm 3.790805429755e-05 true resid norm 3.790805318190e-05 ||r(i)||/||b|| 3.448411567870e-04
207 KSP unpreconditioned resid norm 3.895352932543e-05 true resid norm 3.895353009829e-05 ||r(i)||/||b|| 3.543516285464e-04
208 KSP unpreconditioned resid norm 3.814283921231e-05 true resid norm 3.814283873577e-05 ||r(i)||/||b|| 3.469769489260e-04
209 KSP unpreconditioned resid norm 3.183630173555e-05 true resid norm 3.183630244081e-05 ||r(i)||/||b|| 2.896077862092e-04
210 KSP unpreconditioned resid norm 2.778349894591e-05 true resid norm 2.778349886075e-05 ||r(i)||/||b|| 2.527403304189e-04
211 KSP unpreconditioned resid norm 2.754892177528e-05 true resid norm 2.754892199250e-05 ||r(i)||/||b|| 2.506064366467e-04
212 KSP unpreconditioned resid norm 2.532620317186e-05 true resid norm 2.532620327384e-05 ||r(i)||/||b|| 2.303868571690e-04
213 KSP unpreconditioned resid norm 2.291776741385e-05 true resid norm 2.291776669051e-05 ||r(i)||/||b|| 2.084778434441e-04
214 KSP unpreconditioned resid norm 2.131271038527e-05 true resid norm 2.131271018628e-05 ||r(i)||/||b|| 1.938770002151e-04
215 KSP unpreconditioned resid norm 2.151913932277e-05 true resid norm 2.151913942892e-05 ||r(i)||/||b|| 1.957548412766e-04
216 KSP unpreconditioned resid norm 2.114611439534e-05 true resid norm 2.114611415774e-05 ||r(i)||/||b|| 1.923615130725e-04
217 KSP unpreconditioned resid norm 1.990331303426e-05 true resid norm 1.990331318247e-05 ||r(i)||/||b|| 1.810560280899e-04
218 KSP unpreconditioned resid norm 1.846504593315e-05 true resid norm 1.846504674000e-05 ||r(i)||/||b|| 1.679724370806e-04
219 KSP unpreconditioned resid norm 1.571051021961e-05 true resid norm 1.571050969919e-05 ||r(i)||/||b|| 1.429150242136e-04
220 KSP unpreconditioned resid norm 1.492622225707e-05 true resid norm 1.492622295121e-05 ||r(i)||/||b|| 1.357805415186e-04
221 KSP unpreconditioned resid norm 1.501723096141e-05 true resid norm 1.501723094534e-05 ||r(i)||/||b|| 1.366084210677e-04
222 KSP unpreconditioned resid norm 1.411611293063e-05 true resid norm 1.411611270253e-05 ||r(i)||/||b|| 1.284111481620e-04
223 KSP unpreconditioned resid norm 1.402448774933e-05 true resid norm 1.402448811866e-05 ||r(i)||/||b|| 1.275776596328e-04
224 KSP unpreconditioned resid norm 1.194997263566e-05 true resid norm 1.194997232631e-05 ||r(i)||/||b|| 1.087062493239e-04
225 KSP unpreconditioned resid norm 1.280392082506e-05 true resid norm 1.280392150974e-05 ||r(i)||/||b|| 1.164744357522e-04
226 KSP unpreconditioned resid norm 1.121651611073e-05 true resid norm 1.121651559942e-05 ||r(i)||/||b|| 1.020341560635e-04
227 KSP unpreconditioned resid norm 9.335820753530e-06 true resid norm 9.335820531843e-06 ||r(i)||/||b|| 8.492588992392e-05
228 KSP unpreconditioned resid norm 8.455789060194e-06 true resid norm 8.455789512459e-06 ||r(i)||/||b|| 7.692044281545e-05
229 KSP unpreconditioned resid norm 8.130854113507e-06 true resid norm 8.130853691761e-06 ||r(i)||/||b|| 7.396457368248e-05
230 KSP unpreconditioned resid norm 8.402053526503e-06 true resid norm 8.402054147536e-06 ||r(i)||/||b|| 7.643162411217e-05
231 KSP unpreconditioned resid norm 7.632496712715e-06 true resid norm 7.632496724125e-06 ||r(i)||/||b|| 6.943113081778e-05
232 KSP unpreconditioned resid norm 6.638916085873e-06 true resid norm 6.638915994296e-06 ||r(i)||/||b|| 6.039274716375e-05
233 KSP unpreconditioned resid norm 6.530664459872e-06 true resid norm 6.530663235649e-06 ||r(i)||/||b|| 5.940799581453e-05
234 KSP unpreconditioned resid norm 6.490218959758e-06 true resid norm 6.490219821669e-06 ||r(i)||/||b|| 5.904009104257e-05
235 KSP unpreconditioned resid norm 6.754452048688e-06 true resid norm 6.754452175679e-06 ||r(i)||/||b|| 6.144375419509e-05
236 KSP unpreconditioned resid norm 5.960310511261e-06 true resid norm 5.960310751195e-06 ||r(i)||/||b|| 5.421962569244e-05
237 KSP unpreconditioned resid norm 5.301387204203e-06 true resid norm 5.301387208436e-06 ||r(i)||/||b|| 4.822554428634e-05
238 KSP unpreconditioned resid norm 5.415713850988e-06 true resid norm 5.415713672317e-06 ||r(i)||/||b|| 4.926554678573e-05
239 KSP unpreconditioned resid norm 4.271686917988e-06 true resid norm 4.271687061664e-06 ||r(i)||/||b|| 3.885859030290e-05
240 KSP unpreconditioned resid norm 4.206432593484e-06 true resid norm 4.206433644441e-06 ||r(i)||/||b|| 3.826499443103e-05
241 KSP unpreconditioned resid norm 3.700014229104e-06 true resid norm 3.700013059863e-06 ||r(i)||/||b|| 3.365819863045e-05
242 KSP unpreconditioned resid norm 3.506845519240e-06 true resid norm 3.506845364953e-06 ||r(i)||/||b|| 3.190099492898e-05
243 KSP unpreconditioned resid norm 3.516446407693e-06 true resid norm 3.516446823592e-06 ||r(i)||/||b|| 3.198833726988e-05
244 KSP unpreconditioned resid norm 3.273325059939e-06 true resid norm 3.273324883355e-06 ||r(i)||/||b|| 2.977671087194e-05
245 KSP unpreconditioned resid norm 3.181009810559e-06 true resid norm 3.181009549450e-06 ||r(i)||/||b|| 2.893693874278e-05
246 KSP unpreconditioned resid norm 2.733230397622e-06 true resid norm 2.733232145883e-06 ||r(i)||/||b|| 2.486360696053e-05
247 KSP unpreconditioned resid norm 2.582590954304e-06 true resid norm 2.582590165592e-06 ||r(i)||/||b|| 2.349325025835e-05
248 KSP unpreconditioned resid norm 2.543366296890e-06 true resid norm 2.543364841247e-06 ||r(i)||/||b|| 2.313642617780e-05
249 KSP unpreconditioned resid norm 2.112645504753e-06 true resid norm 2.112646849257e-06 ||r(i)||/||b|| 1.921828008112e-05
250 KSP unpreconditioned resid norm 2.024791436298e-06 true resid norm 2.024790822680e-06 ||r(i)||/||b|| 1.841907328225e-05
251 KSP unpreconditioned resid norm 1.960174345542e-06 true resid norm 1.960173691242e-06 ||r(i)||/||b|| 1.783126556111e-05
252 KSP unpreconditioned resid norm 1.794571527633e-06 true resid norm 1.794570831119e-06 ||r(i)||/||b|| 1.632481305146e-05
253 KSP unpreconditioned resid norm 1.825682102872e-06 true resid norm 1.825683576420e-06 ||r(i)||/||b|| 1.660783879875e-05
254 KSP unpreconditioned resid norm 1.646336922000e-06 true resid norm 1.646336130406e-06 ||r(i)||/||b|| 1.497635483799e-05
255 KSP unpreconditioned resid norm 1.744688716764e-06 true resid norm 1.744689321264e-06 ||r(i)||/||b|| 1.587105201345e-05
256 KSP unpreconditioned resid norm 1.571087217674e-06 true resid norm 1.571088113473e-06 ||r(i)||/||b|| 1.429184030804e-05
257 KSP unpreconditioned resid norm 1.275764926476e-06 true resid norm 1.275763987747e-06 ||r(i)||/||b|| 1.160534220026e-05
258 KSP unpreconditioned resid norm 1.250403720643e-06 true resid norm 1.250404669388e-06 ||r(i)||/||b|| 1.137465410251e-05
259 KSP unpreconditioned resid norm 1.084340357577e-06 true resid norm 1.084340937778e-06 ||r(i)||/||b|| 9.864009147095e-06
260 KSP unpreconditioned resid norm 1.108429470485e-06 true resid norm 1.108429315155e-06 ||r(i)||/||b|| 1.008313577647e-05
261 KSP unpreconditioned resid norm 1.166438749115e-06 true resid norm 1.166438292331e-06 ||r(i)||/||b|| 1.061083058309e-05
262 KSP unpreconditioned resid norm 1.052414903272e-06 true resid norm 1.052415670524e-06 ||r(i)||/||b|| 9.573592067696e-06
263 KSP unpreconditioned resid norm 9.318060859073e-07 true resid norm 9.318051545486e-07 ||r(i)||/||b|| 8.476424939385e-06
264 KSP unpreconditioned resid norm 9.200892425654e-07 true resid norm 9.200888607428e-07 ||r(i)||/||b|| 8.369844411763e-06
265 KSP unpreconditioned resid norm 8.685055002650e-07 true resid norm 8.685053597487e-07 ||r(i)||/||b|| 7.900600737640e-06
266 KSP unpreconditioned resid norm 8.664120787810e-07 true resid norm 8.664123579500e-07 ||r(i)||/||b|| 7.881561164229e-06
267 KSP unpreconditioned resid norm 7.253909531861e-07 true resid norm 7.253906820459e-07 ||r(i)||/||b|| 6.598718238546e-06
268 KSP unpreconditioned resid norm 6.550099960173e-07 true resid norm 6.550106636241e-07 ||r(i)||/||b|| 5.958486811973e-06
269 KSP unpreconditioned resid norm 6.411818594747e-07 true resid norm 6.411817961311e-07 ||r(i)||/||b|| 5.832688669809e-06
270 KSP unpreconditioned resid norm 6.352707575210e-07 true resid norm 6.352722052692e-07 ||r(i)||/||b|| 5.778930431706e-06
271 KSP unpreconditioned resid norm 5.726432160483e-07 true resid norm 5.726411989652e-07 ||r(i)||/||b|| 5.209190050659e-06
272 KSP unpreconditioned resid norm 5.007911263090e-07 true resid norm 5.007914807350e-07 ||r(i)||/||b|| 4.555589090715e-06
273 KSP unpreconditioned resid norm 4.439536408423e-07 true resid norm 4.439542056201e-07 ||r(i)||/||b|| 4.038552998010e-06
274 KSP unpreconditioned resid norm 4.448430934874e-07 true resid norm 4.448421860249e-07 ||r(i)||/||b|| 4.046630758915e-06
275 KSP unpreconditioned resid norm 4.196584175024e-07 true resid norm 4.196582492624e-07 ||r(i)||/||b|| 3.817538068664e-06
276 KSP unpreconditioned resid norm 4.216418659617e-07 true resid norm 4.216422743172e-07 ||r(i)||/||b|| 3.835586304792e-06
277 KSP unpreconditioned resid norm 3.804153257208e-07 true resid norm 3.804146452412e-07 ||r(i)||/||b|| 3.460547701941e-06
278 KSP unpreconditioned resid norm 3.569571262694e-07 true resid norm 3.569579784490e-07 ||r(i)||/||b|| 3.247167603729e-06
279 KSP unpreconditioned resid norm 3.207646601784e-07 true resid norm 3.207636359263e-07 ||r(i)||/||b|| 2.917915692934e-06
280 KSP unpreconditioned resid norm 2.867774060518e-07 true resid norm 2.867792671888e-07 ||r(i)||/||b|| 2.608767423781e-06
281 KSP unpreconditioned resid norm 2.790186548947e-07 true resid norm 2.790173946479e-07 ||r(i)||/||b|| 2.538159389836e-06
282 KSP unpreconditioned resid norm 2.470977545360e-07 true resid norm 2.470988895614e-07 ||r(i)||/||b|| 2.247803824381e-06
283 KSP unpreconditioned resid norm 2.446325815200e-07 true resid norm 2.446327733606e-07 ||r(i)||/||b|| 2.225370111962e-06
284 KSP unpreconditioned resid norm 2.399027353596e-07 true resid norm 2.399033579330e-07 ||r(i)||/||b|| 2.182347668178e-06
285 KSP unpreconditioned resid norm 2.308037709030e-07 true resid norm 2.308044223118e-07 ||r(i)||/||b|| 2.099576667777e-06
286 KSP unpreconditioned resid norm 2.251601969007e-07 true resid norm 2.251608734114e-07 ||r(i)||/||b|| 2.048238554425e-06
287 KSP unpreconditioned resid norm 2.114842430587e-07 true resid norm 2.114853912118e-07 ||r(i)||/||b|| 1.923835724274e-06
288 KSP unpreconditioned resid norm 1.776409530934e-07 true resid norm 1.776401615237e-07 ||r(i)||/||b|| 1.615953172211e-06
289 KSP unpreconditioned resid norm 1.695114622548e-07 true resid norm 1.695105969294e-07 ||r(i)||/||b|| 1.542000325163e-06
290 KSP unpreconditioned resid norm 1.588534349505e-07 true resid norm 1.588541841610e-07 ||r(i)||/||b|| 1.445061300396e-06
291 KSP unpreconditioned resid norm 1.426835050275e-07 true resid norm 1.426811641245e-07 ||r(i)||/||b|| 1.297938922168e-06
292 KSP unpreconditioned resid norm 1.449157099761e-07 true resid norm 1.449165355184e-07 ||r(i)||/||b|| 1.318273600228e-06
293 KSP unpreconditioned resid norm 1.365719342105e-07 true resid norm 1.365720447584e-07 ||r(i)||/||b|| 1.242365617492e-06
294 KSP unpreconditioned resid norm 1.241157825472e-07 true resid norm 1.241145841116e-07 ||r(i)||/||b|| 1.129042859410e-06
295 KSP unpreconditioned resid norm 1.228100120842e-07 true resid norm 1.228115303092e-07 ||r(i)||/||b|| 1.117189267815e-06
296 KSP unpreconditioned resid norm 1.152825995593e-07 true resid norm 1.152823542311e-07 ||r(i)||/||b|| 1.048698022012e-06
297 KSP unpreconditioned resid norm 1.006288335780e-07 true resid norm 1.006287191677e-07 ||r(i)||/||b|| 9.153971520849e-07
298 KSP unpreconditioned resid norm 1.038777520586e-07 true resid norm 1.038774942894e-07 ||r(i)||/||b|| 9.449505392165e-07
299 KSP unpreconditioned resid norm 8.186312163245e-08 true resid norm 8.186392837761e-08 ||r(i)||/||b|| 7.446980098239e-07
300 KSP unpreconditioned resid norm 7.774378909695e-08 true resid norm 7.774261742216e-08 ||r(i)||/||b|| 7.072073576256e-07
301 KSP unpreconditioned resid norm 7.684531245569e-08 true resid norm 7.684452968774e-08 ||r(i)||/||b|| 6.990376525831e-07
302 KSP unpreconditioned resid norm 6.739444422408e-08 true resid norm 6.739575622249e-08 ||r(i)||/||b|| 6.130842548620e-07
303 KSP unpreconditioned resid norm 7.102057649119e-08 true resid norm 7.101936039194e-08 ||r(i)||/||b|| 6.460473787538e-07
304 KSP unpreconditioned resid norm 6.737339986055e-08 true resid norm 6.737236087399e-08 ||r(i)||/||b|| 6.128714325627e-07
305 KSP unpreconditioned resid norm 6.371198273457e-08 true resid norm 6.371292299994e-08 ||r(i)||/||b|| 5.795823374034e-07
306 KSP unpreconditioned resid norm 5.837854913137e-08 true resid norm 5.837836339631e-08 ||r(i)||/||b|| 5.310550311912e-07
307 KSP unpreconditioned resid norm 5.723761657927e-08 true resid norm 5.723823528942e-08 ||r(i)||/||b|| 5.206835385329e-07
308 KSP unpreconditioned resid norm 4.713922763240e-08 true resid norm 4.713980609656e-08 ||r(i)||/||b|| 4.288203666658e-07
309 KSP unpreconditioned resid norm 4.512183244342e-08 true resid norm 4.512151813889e-08 ||r(i)||/||b|| 4.104604485051e-07
310 KSP unpreconditioned resid norm 4.270787849319e-08 true resid norm 4.270749145757e-08 ||r(i)||/||b|| 3.885005828980e-07
311 KSP unpreconditioned resid norm 4.096126456042e-08 true resid norm 4.096145652522e-08 ||r(i)||/||b|| 3.726172901588e-07
312 KSP unpreconditioned resid norm 3.502383492145e-08 true resid norm 3.502392210040e-08 ||r(i)||/||b|| 3.186048556586e-07
313 KSP unpreconditioned resid norm 3.630577858890e-08 true resid norm 3.630529508041e-08 ||r(i)||/||b|| 3.302612216181e-07
314 KSP unpreconditioned resid norm 3.484943508071e-08 true resid norm 3.485182025468e-08 ||r(i)||/||b|| 3.170392833176e-07
315 KSP unpreconditioned resid norm 3.367699394428e-08 true resid norm 3.367591580378e-08 ||r(i)||/||b|| 3.063423411883e-07
316 KSP unpreconditioned resid norm 3.057277209674e-08 true resid norm 3.057233148008e-08 ||r(i)||/||b|| 2.781097225615e-07
317 KSP unpreconditioned resid norm 2.739430811611e-08 true resid norm 2.739549342994e-08 ||r(i)||/||b|| 2.492107310232e-07
318 KSP unpreconditioned resid norm 2.786020004358e-08 true resid norm 2.785848184837e-08 ||r(i)||/||b|| 2.534224340359e-07
319 KSP unpreconditioned resid norm 2.276415169739e-08 true resid norm 2.276585112960e-08 ||r(i)||/||b|| 2.070959012614e-07
320 KSP unpreconditioned resid norm 2.289305010128e-08 true resid norm 2.289328839900e-08 ||r(i)||/||b|| 2.082551698523e-07
321 KSP unpreconditioned resid norm 2.138603936957e-08 true resid norm 2.138490673157e-08 ||r(i)||/||b|| 1.945337561839e-07
322 KSP unpreconditioned resid norm 2.017181198897e-08 true resid norm 2.017436141265e-08 ||r(i)||/||b|| 1.835216937571e-07
323 KSP unpreconditioned resid norm 1.915158051234e-08 true resid norm 1.914919501025e-08 ||r(i)||/||b|| 1.741959822413e-07
324 KSP unpreconditioned resid norm 1.907322377952e-08 true resid norm 1.907323725194e-08 ||r(i)||/||b|| 1.735050113513e-07
325 KSP unpreconditioned resid norm 1.678596352142e-08 true resid norm 1.678831882170e-08 ||r(i)||/||b|| 1.527196148851e-07
326 KSP unpreconditioned resid norm 1.530226542566e-08 true resid norm 1.530099873775e-08 ||r(i)||/||b|| 1.391897937729e-07
327 KSP unpreconditioned resid norm 1.418838404622e-08 true resid norm 1.418814746096e-08 ||r(i)||/||b|| 1.290664323916e-07
328 KSP unpreconditioned resid norm 1.435605834202e-08 true resid norm 1.435811681759e-08 ||r(i)||/||b|| 1.306126059522e-07
329 KSP unpreconditioned resid norm 1.232845995796e-08 true resid norm 1.232871523292e-08 ||r(i)||/||b|| 1.121515895902e-07
330 KSP unpreconditioned resid norm 1.149421394035e-08 true resid norm 1.149334562365e-08 ||r(i)||/||b|| 1.045524174294e-07
331 KSP unpreconditioned resid norm 1.181741063811e-08 true resid norm 1.181891480937e-08 ||r(i)||/||b|| 1.075140481436e-07
332 KSP unpreconditioned resid norm 1.088676403261e-08 true resid norm 1.088532805399e-08 ||r(i)||/||b|| 9.902141637640e-08
333 KSP unpreconditioned resid norm 1.022927136899e-08 true resid norm 1.023079061439e-08 ||r(i)||/||b|| 9.306723437849e-08
334 KSP unpreconditioned resid norm 8.990652630019e-09 true resid norm 8.991090295538e-09 ||r(i)||/||b|| 8.178995537997e-08
335 KSP unpreconditioned resid norm 7.986875561873e-09 true resid norm 7.987645326322e-09 ||r(i)||/||b|| 7.266183892683e-08
336 KSP unpreconditioned resid norm 7.668971560086e-09 true resid norm 7.670592188555e-09 ||r(i)||/||b|| 6.977767681315e-08
337 KSP unpreconditioned resid norm 7.809890587646e-09 true resid norm 7.809276357961e-09 ||r(i)||/||b|| 7.103925596037e-08
338 KSP unpreconditioned resid norm 6.394301262514e-09 true resid norm 6.395043811467e-09 ||r(i)||/||b|| 5.817429597526e-08
339 KSP unpreconditioned resid norm 6.265435928706e-09 true resid norm 6.265405149289e-09 ||r(i)||/||b|| 5.699500180219e-08
340 KSP unpreconditioned resid norm 5.814156396195e-09 true resid norm 5.814898415182e-09 ||r(i)||/||b|| 5.289684190502e-08
341 KSP unpreconditioned resid norm 5.922135560828e-09 true resid norm 5.922002888455e-09 ||r(i)||/||b|| 5.387114755673e-08
342 KSP unpreconditioned resid norm 5.585273468520e-09 true resid norm 5.585784576309e-09 ||r(i)||/||b|| 5.081264410003e-08
343 KSP unpreconditioned resid norm 5.785250695508e-09 true resid norm 5.786914213165e-09 ||r(i)||/||b|| 5.264227582247e-08
344 KSP unpreconditioned resid norm 5.189028548293e-09 true resid norm 5.188105175088e-09 ||r(i)||/||b|| 4.719504273999e-08
345 KSP unpreconditioned resid norm 4.917754255474e-09 true resid norm 4.919135613007e-09 ||r(i)||/||b|| 4.474828625574e-08
346 KSP unpreconditioned resid norm 4.684981414133e-09 true resid norm 4.686397542445e-09 ||r(i)||/||b|| 4.263111961845e-08
347 KSP unpreconditioned resid norm 4.144654627746e-09 true resid norm 4.143852668608e-09 ||r(i)||/||b|| 3.769570916609e-08
348 KSP unpreconditioned resid norm 3.673284862443e-09 true resid norm 3.674237294462e-09 ||r(i)||/||b|| 3.342372220626e-08
349 KSP unpreconditioned resid norm 3.277850066023e-09 true resid norm 3.279172071238e-09 ||r(i)||/||b|| 2.982990144398e-08
350 KSP unpreconditioned resid norm 3.022872641094e-09 true resid norm 3.023278383066e-09 ||r(i)||/||b|| 2.750209328616e-08
351 KSP unpreconditioned resid norm 3.096392274104e-09 true resid norm 3.096758907087e-09 ||r(i)||/||b|| 2.817052932489e-08
352 KSP unpreconditioned resid norm 2.917576758951e-09 true resid norm 2.920808148889e-09 ||r(i)||/||b|| 2.656994428024e-08
353 KSP unpreconditioned resid norm 2.702033364792e-09 true resid norm 2.702386427560e-09 ||r(i)||/||b|| 2.458301029846e-08
354 KSP unpreconditioned resid norm 2.670413580919e-09 true resid norm 2.671464835371e-09 ||r(i)||/||b|| 2.430172342865e-08
355 KSP unpreconditioned resid norm 2.518788263560e-09 true resid norm 2.520376928890e-09 ||r(i)||/||b|| 2.292731023477e-08
356 KSP unpreconditioned resid norm 2.474815954888e-09 true resid norm 2.475797360971e-09 ||r(i)||/||b|| 2.252177978728e-08
357 KSP unpreconditioned resid norm 2.216833025604e-09 true resid norm 2.218592374353e-09 ||r(i)||/||b|| 2.018204303818e-08
358 KSP unpreconditioned resid norm 1.934339787977e-09 true resid norm 1.934315779061e-09 ||r(i)||/||b|| 1.759604186587e-08
359 KSP unpreconditioned resid norm 1.663273965102e-09 true resid norm 1.666348237663e-09 ||r(i)||/||b|| 1.515840054165e-08
360 KSP unpreconditioned resid norm 1.536987789510e-09 true resid norm 1.537515173418e-09 ||r(i)||/||b|| 1.398643471441e-08
361 KSP unpreconditioned resid norm 1.391480320326e-09 true resid norm 1.391635941533e-09 ||r(i)||/||b|| 1.265940367874e-08
362 KSP unpreconditioned resid norm 1.374124338010e-09 true resid norm 1.376609922476e-09 ||r(i)||/||b|| 1.252271531416e-08
363 KSP unpreconditioned resid norm 1.285074173440e-09 true resid norm 1.286384705048e-09 ||r(i)||/||b|| 1.170195651128e-08
364 KSP unpreconditioned resid norm 1.326106345014e-09 true resid norm 1.329055465290e-09 ||r(i)||/||b|| 1.209012295845e-08
365 KSP unpreconditioned resid norm 1.219815211901e-09 true resid norm 1.221249869393e-09 ||r(i)||/||b|| 1.110943934965e-08
366 KSP unpreconditioned resid norm 1.152632791709e-09 true resid norm 1.155220931825e-09 ||r(i)||/||b|| 1.050878874111e-08
367 KSP unpreconditioned resid norm 1.039069889981e-09 true resid norm 1.042463961285e-09 ||r(i)||/||b|| 9.483063574729e-09
>>>> ksp solve time: 2.86015 (s)
            || b ||_2 = 1.0992902800555333e-01
|| r ||_2 / || b ||_2 = 9.4830635747291608e-09
