Config file: ../input/config/comsol/flat-shell/refine0.json
order_rbm = 2
angle_type = 1
mesh_type = 1
==== basic information of linear system ====
matrix Row = 6006, matrix Column = 6006
matrix nz_allocated = 77658, matrix nz_used = 77658, matrix nz_unneeded = 0
vector Row = 6006
initial     || b ||_2 = 8.0242448126731133e+03
>>>>local_vec_size = 1500
>>>>~~~~ local_mat_m = 1500, local_mat_n = 1500
>>>>local_vec_size = 1500
>>>>~~~~ local_mat_m = 1500, local_mat_n = 1500
>>>>local_vec_size = 1500
>>>>~~~~ local_mat_m = 1500, local_mat_n = 1500
>>>>local_vec_size = 1506
>>>>~~~~ local_mat_m = 1506, local_mat_n = 1506
            || b ||_2 = 8.0242448126731133e+03
|| r ||_2 / || b ||_2 = 1.0000000000000000e+00
Partitioning a graph of size 1001 serially
      Setup: Max:   0.000, Sum:   0.002, Balance:   1.001
      Remap: Max:   0.000, Sum:   0.000, Balance:   1.333
      Total: Max:   0.031, Sum:   0.126, Balance:   1.000
       Aux1: Max:   0.000, Sum:   0.000, Balance:   1.040
Final 250-way Cut:   1636 	Balance: 1.249 
Partitioning a graph of size 250 serially
      Setup: Max:   0.000, Sum:   0.000, Balance:   1.066
      Remap: Max:   0.000, Sum:   0.000, Balance:   4.000
      Total: Max:   0.007, Sum:   0.029, Balance:   1.000
       Aux1: Max:   0.000, Sum:   0.000, Balance:   1.115
Final  62-way Cut:    372 	Balance: 1.240 
Partitioning a graph of size 62 serially
      Setup: Max:   0.000, Sum:   0.000, Balance:   1.015
      Remap: Max:   0.000, Sum:   0.000, Balance:   2.000
      Total: Max:   0.002, Sum:   0.006, Balance:   1.000
       Aux1: Max:   0.000, Sum:   0.000, Balance:   1.091
Final  15-way Cut:     74 	Balance: 1.210 


>>>>nodes in level 1 is 62, less than 100, setup DONE!>>>>


>>>> mla setup time: 0.0577724 (s)
KSP Object: (mg_coarse_) 4 MPI processes
  type: preonly
  maximum iterations=10000, initial guess is zero
  tolerances: relative=1e-05, absolute=1e-50, divergence=10000.
  left preconditioning
  using DEFAULT norm type for convergence test
PC Object: (mg_coarse_) 4 MPI processes
  type: redundant
  PC has not been set up so information may be incomplete
    Not yet setup
  linear system matrix = precond matrix:
  Mat Object: 4 MPI processes
    type: mpiaij
    rows=558, cols=558
    total: nonzeros=29484, allocated nonzeros=29484
    total number of mallocs used during MatSetValues calls=0
      using nonscalable MatPtAP() implementation
      using I-node (on process 0) routines: found 32 nodes, limit used is 5
KSP Object: (mg_levels_1_) 4 MPI processes
  type: chebyshev
    Chebyshev polynomial of first kind
    eigenvalue targets used: min 0., max 0.
  maximum iterations=5, initial guess is zero
  tolerances: relative=1e-05, absolute=1e-50, divergence=10000.
  left preconditioning
  using NONE norm type for convergence test
PC Object: (mg_levels_1_) 4 MPI processes
  type: sor
  PC has not been set up so information may be incomplete
    type = local_symmetric, iterations = 1, local iterations = 1, omega = 1.
  linear system matrix = precond matrix:
  Mat Object: 4 MPI processes
    type: mpiaij
    rows=2250, cols=2250
    total: nonzeros=130896, allocated nonzeros=130896
    total number of mallocs used during MatSetValues calls=0
      using I-node (on process 0) routines: found 126 nodes, limit used is 5
KSP Object: (mg_levels_2_) 4 MPI processes
  type: chebyshev
    Chebyshev polynomial of first kind
    eigenvalue targets used: min 0., max 0.
  maximum iterations=5, initial guess is zero
  tolerances: relative=1e-05, absolute=1e-50, divergence=10000.
  left preconditioning
  using NONE norm type for convergence test
PC Object: (mg_levels_2_) 4 MPI processes
  type: sor
  PC has not been set up so information may be incomplete
    type = local_symmetric, iterations = 1, local iterations = 1, omega = 1.
  linear system matrix = precond matrix:
  Mat Object: 4 MPI processes
    type: mpiaij
    rows=6006, cols=6006
    total: nonzeros=77658, allocated nonzeros=77658
    total number of mallocs used during MatSetValues calls=0
      using I-node (on process 0) routines: found 1098 nodes, limit used is 5
KSP Object: (mg_coarse_) 4 MPI processes
  type: preonly
  maximum iterations=10000, initial guess is zero
  tolerances: relative=1e-05, absolute=1e-50, divergence=10000.
  left preconditioning
  using DEFAULT norm type for convergence test
PC Object: (mg_coarse_) 4 MPI processes
  type: lu
  PC has not been set up so information may be incomplete
    out-of-place factorization
    tolerance for zero pivot 2.22045e-14
  linear system matrix = precond matrix:
  Mat Object: 4 MPI processes
    type: mpiaij
    rows=558, cols=558
    total: nonzeros=29484, allocated nonzeros=29484
    total number of mallocs used during MatSetValues calls=0
      using nonscalable MatPtAP() implementation
      using I-node (on process 0) routines: found 32 nodes, limit used is 5
  0 KSP unpreconditioned resid norm 8.024244812673e+03 true resid norm 8.024244812673e+03 ||r(i)||/||b|| 1.000000000000e+00
  1 KSP unpreconditioned resid norm 5.751046004020e+05 true resid norm 5.751046004020e+05 ||r(i)||/||b|| 7.167086920052e+01
  2 KSP unpreconditioned resid norm 1.161178603095e+06 true resid norm 1.161178603095e+06 ||r(i)||/||b|| 1.447087707569e+02
  3 KSP unpreconditioned resid norm 9.738030897760e+05 true resid norm 9.738030897760e+05 ||r(i)||/||b|| 1.213575996881e+02
  4 KSP unpreconditioned resid norm 7.474011637432e+05 true resid norm 7.474011637431e+05 ||r(i)||/||b|| 9.314286654898e+01
  5 KSP unpreconditioned resid norm 5.367523322831e+05 true resid norm 5.367523322830e+05 ||r(i)||/||b|| 6.689132059322e+01
  6 KSP unpreconditioned resid norm 4.582497019977e+05 true resid norm 4.582497019977e+05 ||r(i)||/||b|| 5.710814072796e+01
  7 KSP unpreconditioned resid norm 3.649760882992e+05 true resid norm 3.649760882992e+05 ||r(i)||/||b|| 4.548416664990e+01
  8 KSP unpreconditioned resid norm 2.515979551522e+05 true resid norm 2.515979551523e+05 ||r(i)||/||b|| 3.135472072773e+01
  9 KSP unpreconditioned resid norm 1.642855985438e+05 true resid norm 1.642855985438e+05 ||r(i)||/||b|| 2.047365233478e+01
 10 KSP unpreconditioned resid norm 1.024603596414e+05 true resid norm 1.024603596412e+05 ||r(i)||/||b|| 1.276884766519e+01
 11 KSP unpreconditioned resid norm 7.148348362212e+04 true resid norm 7.148348362221e+04 ||r(i)||/||b|| 8.908437527891e+00
 12 KSP unpreconditioned resid norm 5.054431206668e+04 true resid norm 5.054431206678e+04 ||r(i)||/||b|| 6.298949402310e+00
 13 KSP unpreconditioned resid norm 4.005618914714e+04 true resid norm 4.005618914713e+04 ||r(i)||/||b|| 4.991895197896e+00
 14 KSP unpreconditioned resid norm 3.015227035972e+04 true resid norm 3.015227035944e+04 ||r(i)||/||b|| 3.757645867412e+00
 15 KSP unpreconditioned resid norm 2.194979989919e+04 true resid norm 2.194979989893e+04 ||r(i)||/||b|| 2.735434973801e+00
 16 KSP unpreconditioned resid norm 1.512762680167e+04 true resid norm 1.512762680155e+04 ||r(i)||/||b|| 1.885239939048e+00
 17 KSP unpreconditioned resid norm 1.118286728376e+04 true resid norm 1.118286728457e+04 ||r(i)||/||b|| 1.393634858561e+00
 18 KSP unpreconditioned resid norm 7.775347913607e+03 true resid norm 7.775347913559e+03 ||r(i)||/||b|| 9.689818911406e-01
 19 KSP unpreconditioned resid norm 6.739232296323e+03 true resid norm 6.739232295924e+03 ||r(i)||/||b|| 8.398587597029e-01
 20 KSP unpreconditioned resid norm 4.676324828387e+03 true resid norm 4.676324828333e+03 ||r(i)||/||b|| 5.827744463812e-01
 21 KSP unpreconditioned resid norm 3.678655841451e+03 true resid norm 3.678655841332e+03 ||r(i)||/||b|| 4.584426232263e-01
 22 KSP unpreconditioned resid norm 3.515009354831e+03 true resid norm 3.515009355553e+03 ||r(i)||/||b|| 4.380486186066e-01
 23 KSP unpreconditioned resid norm 1.701048074745e+03 true resid norm 1.701048075222e+03 ||r(i)||/||b|| 2.119885565475e-01
 24 KSP unpreconditioned resid norm 1.133299449300e+03 true resid norm 1.133299448099e+03 ||r(i)||/||b|| 1.412344057984e-01
 25 KSP unpreconditioned resid norm 9.037263006174e+02 true resid norm 9.037263010468e+02 ||r(i)||/||b|| 1.126244677405e-01
 26 KSP unpreconditioned resid norm 6.188811055981e+02 true resid norm 6.188811062537e+02 ||r(i)||/||b|| 7.712639889504e-02
 27 KSP unpreconditioned resid norm 3.345863585726e+02 true resid norm 3.345863585123e+02 ||r(i)||/||b|| 4.169692803787e-02
 28 KSP unpreconditioned resid norm 2.265440785430e+02 true resid norm 2.265440787004e+02 ||r(i)||/||b|| 2.823244853430e-02
 29 KSP unpreconditioned resid norm 1.969990326310e+02 true resid norm 1.969990322757e+02 ||r(i)||/||b|| 2.455047632203e-02
 30 KSP unpreconditioned resid norm 1.358792401463e+02 true resid norm 1.358792398042e+02 ||r(i)||/||b|| 1.693358602290e-02
 31 KSP unpreconditioned resid norm 9.942735882771e+01 true resid norm 9.942735857447e+01 ||r(i)||/||b|| 1.239086803751e-02
 32 KSP unpreconditioned resid norm 8.815796322075e+01 true resid norm 8.815796491275e+01 ||r(i)||/||b|| 1.098645006113e-02
 33 KSP unpreconditioned resid norm 7.022358494468e+01 true resid norm 7.022358445594e+01 ||r(i)||/||b|| 8.751425971580e-03
 34 KSP unpreconditioned resid norm 4.681972753419e+01 true resid norm 4.681972739410e+01 ||r(i)||/||b|| 5.834783021594e-03
 35 KSP unpreconditioned resid norm 3.572133054256e+01 true resid norm 3.572133009980e+01 ||r(i)||/||b|| 4.451675009140e-03
 36 KSP unpreconditioned resid norm 2.791483033738e+01 true resid norm 2.791482987223e+01 ||r(i)||/||b|| 3.478810844373e-03
 37 KSP unpreconditioned resid norm 1.895489053230e+01 true resid norm 1.895489103907e+01 ||r(i)||/||b|| 2.362202485289e-03
 38 KSP unpreconditioned resid norm 1.383838542191e+01 true resid norm 1.383838520499e+01 ||r(i)||/||b|| 1.724571661016e-03
 39 KSP unpreconditioned resid norm 1.021220328442e+01 true resid norm 1.021220357004e+01 ||r(i)||/||b|| 1.272668495097e-03
 40 KSP unpreconditioned resid norm 5.455197265275e+00 true resid norm 5.455197969419e+00 ||r(i)||/||b|| 6.798394237428e-04
 41 KSP unpreconditioned resid norm 3.750801109132e+00 true resid norm 3.750800897468e+00 ||r(i)||/||b|| 4.674335074553e-04
 42 KSP unpreconditioned resid norm 2.499233637076e+00 true resid norm 2.499233652406e+00 ||r(i)||/||b|| 3.114602944889e-04
 43 KSP unpreconditioned resid norm 1.627333834854e+00 true resid norm 1.627333331077e+00 ||r(i)||/||b|| 2.028020541580e-04
 44 KSP unpreconditioned resid norm 9.664856326391e-01 true resid norm 9.664864782155e-01 ||r(i)||/||b|| 1.204457865853e-04
 45 KSP unpreconditioned resid norm 6.089387411550e-01 true resid norm 6.089382487589e-01 ||r(i)||/||b|| 7.588729693256e-05
 46 KSP unpreconditioned resid norm 5.339419802796e-01 true resid norm 5.339420224870e-01 ||r(i)||/||b|| 6.654109326820e-05
 47 KSP unpreconditioned resid norm 2.863853382448e-01 true resid norm 2.863859638332e-01 ||r(i)||/||b|| 3.569008305689e-05
 48 KSP unpreconditioned resid norm 1.848143970013e-01 true resid norm 1.848144553612e-01 ||r(i)||/||b|| 2.303200608602e-05
 49 KSP unpreconditioned resid norm 1.490819718668e-01 true resid norm 1.490818670486e-01 ||r(i)||/||b|| 1.857892805229e-05
 50 KSP unpreconditioned resid norm 1.378111271984e-01 true resid norm 1.378111749700e-01 ||r(i)||/||b|| 1.717434826420e-05
 51 KSP unpreconditioned resid norm 8.174555555291e-02 true resid norm 8.174625027118e-02 ||r(i)||/||b|| 1.018740731116e-05
 52 KSP unpreconditioned resid norm 4.799084869691e-02 true resid norm 4.798994499453e-02 ||r(i)||/||b|| 5.980618253164e-06
 53 KSP unpreconditioned resid norm 3.363557193350e-02 true resid norm 3.363580419998e-02 ||r(i)||/||b|| 4.191771934332e-06
 54 KSP unpreconditioned resid norm 2.560187278447e-02 true resid norm 2.560188369279e-02 ||r(i)||/||b|| 3.190566126841e-06
 55 KSP unpreconditioned resid norm 2.283698797699e-02 true resid norm 2.283704299481e-02 ||r(i)||/||b|| 2.846005266283e-06
 56 KSP unpreconditioned resid norm 1.590734566216e-02 true resid norm 1.590837148831e-02 ||r(i)||/||b|| 1.982538152772e-06
 57 KSP unpreconditioned resid norm 1.059621366908e-02 true resid norm 1.059545951293e-02 ||r(i)||/||b|| 1.320430739625e-06
 58 KSP unpreconditioned resid norm 7.882194705396e-03 true resid norm 7.883638598655e-03 ||r(i)||/||b|| 9.824773274868e-07
 59 KSP unpreconditioned resid norm 6.088552310773e-03 true resid norm 6.088336254557e-03 ||r(i)||/||b|| 7.587425853385e-07
 60 KSP unpreconditioned resid norm 3.697170598967e-03 true resid norm 3.698862595974e-03 ||r(i)||/||b|| 4.609608358574e-07
 61 KSP unpreconditioned resid norm 2.674169231919e-03 true resid norm 2.672709250402e-03 ||r(i)||/||b|| 3.330792258707e-07
 62 KSP unpreconditioned resid norm 1.986195579527e-03 true resid norm 1.987520910901e-03 ||r(i)||/||b|| 2.476894657753e-07
 63 KSP unpreconditioned resid norm 9.899881938448e-04 true resid norm 9.891682778719e-04 ||r(i)||/||b|| 1.232724450667e-07
 64 KSP unpreconditioned resid norm 6.102050818656e-04 true resid norm 6.130089677235e-04 ||r(i)||/||b|| 7.639459937156e-08
 65 KSP unpreconditioned resid norm 4.884691693269e-04 true resid norm 4.899038916334e-04 ||r(i)||/||b|| 6.105295925913e-08
 66 KSP unpreconditioned resid norm 3.307777619238e-04 true resid norm 3.359015751881e-04 ||r(i)||/||b|| 4.186083339053e-08
 67 KSP unpreconditioned resid norm 2.152965882839e-04 true resid norm 2.196409932936e-04 ||r(i)||/||b|| 2.737217001987e-08
 68 KSP unpreconditioned resid norm 1.752924046643e-04 true resid norm 1.837581828791e-04 ||r(i)||/||b|| 2.290037095938e-08
 69 KSP unpreconditioned resid norm 1.061553704677e-04 true resid norm 1.161309317972e-04 ||r(i)||/||b|| 1.447250607481e-08
 70 KSP unpreconditioned resid norm 7.676397001899e-05 true resid norm 9.332671363616e-05 ||r(i)||/||b|| 1.163059151545e-08
>>>> ksp solve time: 0.162899 (s)
            || b ||_2 = 8.0242448126731133e+03
|| r ||_2 / || b ||_2 = 1.1630591515448273e-08
