Config file: ../input/config/comsol/flat-shell/refine0.json
order_rbm = 1
angle_type = 1
mesh_type = 1
==== basic information of linear system ====
matrix Row = 6006, matrix Column = 6006
matrix nz_allocated = 77658, matrix nz_used = 77658, matrix nz_unneeded = 0
vector Row = 6006
initial     || b ||_2 = 8.0242448126731133e+03
>>>>local_vec_size = 1500
>>>>~~~~ local_mat_m = 1500, local_mat_n = 1500
>>>>local_vec_size = 1500
>>>>~~~~ local_mat_m = 1500, local_mat_n = 1500
>>>>local_vec_size = 1500
>>>>~~~~ local_mat_m = 1500, local_mat_n = 1500
>>>>local_vec_size = 1506
>>>>~~~~ local_mat_m = 1506, local_mat_n = 1506
            || b ||_2 = 8.0242448126731133e+03
|| r ||_2 / || b ||_2 = 1.0000000000000000e+00
Partitioning a graph of size 1001 serially
      Setup: Max:   0.000, Sum:   0.002, Balance:   1.001
      Remap: Max:   0.000, Sum:   0.000, Balance:   1.000
      Total: Max:   0.035, Sum:   0.139, Balance:   1.000
       Aux1: Max:   0.000, Sum:   0.000, Balance:   1.040
Final 250-way Cut:   1636 	Balance: 1.249 
Partitioning a graph of size 250 serially
      Setup: Max:   0.000, Sum:   0.000, Balance:   1.034
      Total: Max:   0.007, Sum:   0.029, Balance:   1.000
       Aux1: Max:   0.000, Sum:   0.000, Balance:   1.214
Final  62-way Cut:    372 	Balance: 1.240 
Partitioning a graph of size 62 serially
      Setup: Max:   0.000, Sum:   0.000, Balance:   1.054
      Remap: Max:   0.000, Sum:   0.000, Balance:   2.000
      Total: Max:   0.002, Sum:   0.006, Balance:   1.000
       Aux1: Max:   0.000, Sum:   0.000, Balance:   1.053
Final  15-way Cut:     74 	Balance: 1.210 


>>>>nodes in level 1 is 62, less than 100, setup DONE!>>>>


>>>> mla setup time: 0.0530415 (s)
KSP Object: (mg_coarse_) 4 MPI processes
  type: preonly
  maximum iterations=10000, initial guess is zero
  tolerances: relative=1e-05, absolute=1e-50, divergence=10000.
  left preconditioning
  using DEFAULT norm type for convergence test
PC Object: (mg_coarse_) 4 MPI processes
  type: redundant
  PC has not been set up so information may be incomplete
    Not yet setup
  linear system matrix = precond matrix:
  Mat Object: 4 MPI processes
    type: mpiaij
    rows=372, cols=372
    total: nonzeros=13104, allocated nonzeros=13104
    total number of mallocs used during MatSetValues calls=0
      using nonscalable MatPtAP() implementation
      using I-node (on process 0) routines: found 32 nodes, limit used is 5
KSP Object: (mg_levels_1_) 4 MPI processes
  type: chebyshev
    Chebyshev polynomial of first kind
    eigenvalue targets used: min 0., max 0.
  maximum iterations=5, initial guess is zero
  tolerances: relative=1e-05, absolute=1e-50, divergence=10000.
  left preconditioning
  using NONE norm type for convergence test
PC Object: (mg_levels_1_) 4 MPI processes
  type: sor
  PC has not been set up so information may be incomplete
    type = local_symmetric, iterations = 1, local iterations = 1, omega = 1.
  linear system matrix = precond matrix:
  Mat Object: 4 MPI processes
    type: mpiaij
    rows=1500, cols=1500
    total: nonzeros=58176, allocated nonzeros=58176
    total number of mallocs used during MatSetValues calls=0
      using I-node (on process 0) routines: found 126 nodes, limit used is 5
KSP Object: (mg_levels_2_) 4 MPI processes
  type: chebyshev
    Chebyshev polynomial of first kind
    eigenvalue targets used: min 0., max 0.
  maximum iterations=5, initial guess is zero
  tolerances: relative=1e-05, absolute=1e-50, divergence=10000.
  left preconditioning
  using NONE norm type for convergence test
PC Object: (mg_levels_2_) 4 MPI processes
  type: sor
  PC has not been set up so information may be incomplete
    type = local_symmetric, iterations = 1, local iterations = 1, omega = 1.
  linear system matrix = precond matrix:
  Mat Object: 4 MPI processes
    type: mpiaij
    rows=6006, cols=6006
    total: nonzeros=77658, allocated nonzeros=77658
    total number of mallocs used during MatSetValues calls=0
      using I-node (on process 0) routines: found 1098 nodes, limit used is 5
KSP Object: (mg_coarse_) 4 MPI processes
  type: preonly
  maximum iterations=10000, initial guess is zero
  tolerances: relative=1e-05, absolute=1e-50, divergence=10000.
  left preconditioning
  using DEFAULT norm type for convergence test
PC Object: (mg_coarse_) 4 MPI processes
  type: lu
  PC has not been set up so information may be incomplete
    out-of-place factorization
    tolerance for zero pivot 2.22045e-14
  linear system matrix = precond matrix:
  Mat Object: 4 MPI processes
    type: mpiaij
    rows=372, cols=372
    total: nonzeros=13104, allocated nonzeros=13104
    total number of mallocs used during MatSetValues calls=0
      using nonscalable MatPtAP() implementation
      using I-node (on process 0) routines: found 32 nodes, limit used is 5
  0 KSP unpreconditioned resid norm 8.024244812673e+03 true resid norm 8.024244812673e+03 ||r(i)||/||b|| 1.000000000000e+00
  1 KSP unpreconditioned resid norm 5.789085706101e+05 true resid norm 5.789085706101e+05 ||r(i)||/||b|| 7.214492879079e+01
  2 KSP unpreconditioned resid norm 1.167868756665e+06 true resid norm 1.167868756665e+06 ||r(i)||/||b|| 1.455425132121e+02
  3 KSP unpreconditioned resid norm 9.649323076430e+05 true resid norm 9.649323076430e+05 ||r(i)||/||b|| 1.202521022438e+02
  4 KSP unpreconditioned resid norm 7.582286294233e+05 true resid norm 7.582286294234e+05 ||r(i)||/||b|| 9.449221043529e+01
  5 KSP unpreconditioned resid norm 5.431985427937e+05 true resid norm 5.431985427938e+05 ||r(i)||/||b|| 6.769466229842e+01
  6 KSP unpreconditioned resid norm 4.595274071249e+05 true resid norm 4.595274071248e+05 ||r(i)||/||b|| 5.726737130440e+01
  7 KSP unpreconditioned resid norm 3.666556534921e+05 true resid norm 3.666556534921e+05 ||r(i)||/||b|| 4.569347795983e+01
  8 KSP unpreconditioned resid norm 2.606505076982e+05 true resid norm 2.606505076981e+05 ||r(i)||/||b|| 3.248287082249e+01
  9 KSP unpreconditioned resid norm 1.652925241483e+05 true resid norm 1.652925241485e+05 ||r(i)||/||b|| 2.059913773909e+01
 10 KSP unpreconditioned resid norm 1.078998681153e+05 true resid norm 1.078998681152e+05 ||r(i)||/||b|| 1.344673182762e+01
 11 KSP unpreconditioned resid norm 7.543667094865e+04 true resid norm 7.543667094880e+04 ||r(i)||/||b|| 9.401092901560e+00
 12 KSP unpreconditioned resid norm 5.102374003101e+04 true resid norm 5.102374003108e+04 ||r(i)||/||b|| 6.358696827208e+00
 13 KSP unpreconditioned resid norm 3.991618161279e+04 true resid norm 3.991618161260e+04 ||r(i)||/||b|| 4.974447134210e+00
 14 KSP unpreconditioned resid norm 3.088846458336e+04 true resid norm 3.088846458331e+04 ||r(i)||/||b|| 3.849392099120e+00
 15 KSP unpreconditioned resid norm 2.282194692590e+04 true resid norm 2.282194692589e+04 ||r(i)||/||b|| 2.844123959160e+00
 16 KSP unpreconditioned resid norm 1.603380905300e+04 true resid norm 1.603380905312e+04 ||r(i)||/||b|| 1.998170473039e+00
 17 KSP unpreconditioned resid norm 1.188433785888e+04 true resid norm 1.188433785861e+04 ||r(i)||/||b|| 1.481053748490e+00
 18 KSP unpreconditioned resid norm 8.300598076027e+03 true resid norm 8.300598076236e+03 ||r(i)||/||b|| 1.034439784679e+00
 19 KSP unpreconditioned resid norm 6.709477564939e+03 true resid norm 6.709477565253e+03 ||r(i)||/||b|| 8.361506561535e-01
 20 KSP unpreconditioned resid norm 5.434660527539e+03 true resid norm 5.434660527424e+03 ||r(i)||/||b|| 6.772800000868e-01
 21 KSP unpreconditioned resid norm 3.366030442571e+03 true resid norm 3.366030442763e+03 ||r(i)||/||b|| 4.194825209528e-01
 22 KSP unpreconditioned resid norm 3.487732042797e+03 true resid norm 3.487732043887e+03 ||r(i)||/||b|| 4.346492567598e-01
 23 KSP unpreconditioned resid norm 2.401996222116e+03 true resid norm 2.401996221298e+03 ||r(i)||/||b|| 2.993423402916e-01
 24 KSP unpreconditioned resid norm 1.183877305927e+03 true resid norm 1.183877305804e+03 ||r(i)||/||b|| 1.475375357360e-01
 25 KSP unpreconditioned resid norm 8.415802841179e+02 true resid norm 8.415802841193e+02 ||r(i)||/||b|| 1.048796869694e-01
 26 KSP unpreconditioned resid norm 7.707590616533e+02 true resid norm 7.707590609751e+02 ||r(i)||/||b|| 9.605378187836e-02
 27 KSP unpreconditioned resid norm 4.640286798941e+02 true resid norm 4.640286805040e+02 ||r(i)||/||b|| 5.782833043318e-02
 28 KSP unpreconditioned resid norm 2.385987704150e+02 true resid norm 2.385987695498e+02 ||r(i)||/||b|| 2.973473206762e-02
 29 KSP unpreconditioned resid norm 2.014126195890e+02 true resid norm 2.014126204688e+02 ||r(i)||/||b|| 2.510050791953e-02
 30 KSP unpreconditioned resid norm 1.419905798321e+02 true resid norm 1.419905794675e+02 ||r(i)||/||b|| 1.769519534639e-02
 31 KSP unpreconditioned resid norm 9.812345860520e+01 true resid norm 9.812345871170e+01 ||r(i)||/||b|| 1.222837301234e-02
 32 KSP unpreconditioned resid norm 7.245478664174e+01 true resid norm 7.245478696189e+01 ||r(i)||/||b|| 9.029483602926e-03
 33 KSP unpreconditioned resid norm 6.694630068580e+01 true resid norm 6.694630013501e+01 ||r(i)||/||b|| 8.343003198167e-03
 34 KSP unpreconditioned resid norm 5.611017759576e+01 true resid norm 5.611017771199e+01 ||r(i)||/||b|| 6.992580488493e-03
 35 KSP unpreconditioned resid norm 3.729562242481e+01 true resid norm 3.729562226930e+01 ||r(i)||/||b|| 4.647866950719e-03
 36 KSP unpreconditioned resid norm 2.783624364414e+01 true resid norm 2.783624362484e+01 ||r(i)||/||b|| 3.469017243950e-03
 37 KSP unpreconditioned resid norm 2.220991673413e+01 true resid norm 2.220991629533e+01 ||r(i)||/||b|| 2.767851282435e-03
 38 KSP unpreconditioned resid norm 1.670985056353e+01 true resid norm 1.670985078131e+01 ||r(i)||/||b|| 2.082420361219e-03
 39 KSP unpreconditioned resid norm 1.154882628167e+01 true resid norm 1.154882641742e+01 ||r(i)||/||b|| 1.439241534503e-03
 40 KSP unpreconditioned resid norm 7.784251326932e+00 true resid norm 7.784250959012e+00 ||r(i)||/||b|| 9.700914093147e-04
 41 KSP unpreconditioned resid norm 4.550487667735e+00 true resid norm 4.550487473757e+00 ||r(i)||/||b|| 5.670923033867e-04
 42 KSP unpreconditioned resid norm 2.933076229331e+00 true resid norm 2.933076852958e+00 ||r(i)||/||b|| 3.655268403982e-04
 43 KSP unpreconditioned resid norm 1.963596618553e+00 true resid norm 1.963595740460e+00 ||r(i)||/||b|| 2.447078555429e-04
 44 KSP unpreconditioned resid norm 1.362297179262e+00 true resid norm 1.362297449349e+00 ||r(i)||/||b|| 1.697726678525e-04
 45 KSP unpreconditioned resid norm 8.371975365531e-01 true resid norm 8.371979507731e-01 ||r(i)||/||b|| 1.043335504234e-04
 46 KSP unpreconditioned resid norm 4.981467276161e-01 true resid norm 4.981457675621e-01 ||r(i)||/||b|| 6.208008095359e-05
 47 KSP unpreconditioned resid norm 3.802725107401e-01 true resid norm 3.802721905960e-01 ||r(i)||/||b|| 4.739040239593e-05
 48 KSP unpreconditioned resid norm 2.622219186682e-01 true resid norm 2.622225075745e-01 ||r(i)||/||b|| 3.267877709319e-05
 49 KSP unpreconditioned resid norm 1.759638848230e-01 true resid norm 1.759622869730e-01 ||r(i)||/||b|| 2.192882832975e-05
 50 KSP unpreconditioned resid norm 1.081921492150e-01 true resid norm 1.081937581397e-01 ||r(i)||/||b|| 1.348335708413e-05
 51 KSP unpreconditioned resid norm 9.900123526304e-02 true resid norm 9.900056133661e-02 ||r(i)||/||b|| 1.233767957581e-05
 52 KSP unpreconditioned resid norm 7.436086465323e-02 true resid norm 7.436029974544e-02 ||r(i)||/||b|| 9.266953025660e-06
 53 KSP unpreconditioned resid norm 4.576436176453e-02 true resid norm 4.576485316832e-02 ||r(i)||/||b|| 5.703322148901e-06
 54 KSP unpreconditioned resid norm 2.447553648428e-02 true resid norm 2.447541753125e-02 ||r(i)||/||b|| 3.050183301062e-06
 55 KSP unpreconditioned resid norm 1.242838291506e-02 true resid norm 1.242943795451e-02 ||r(i)||/||b|| 1.548985386747e-06
 56 KSP unpreconditioned resid norm 8.083536488767e-03 true resid norm 8.083601979626e-03 ||r(i)||/||b|| 1.007397227819e-06
 57 KSP unpreconditioned resid norm 6.794600811696e-03 true resid norm 6.794272757816e-03 ||r(i)||/||b|| 8.467180297248e-07
 58 KSP unpreconditioned resid norm 4.500737950098e-03 true resid norm 4.501563153039e-03 ||r(i)||/||b|| 5.609952410636e-07
 59 KSP unpreconditioned resid norm 3.162080437460e-03 true resid norm 3.161821623200e-03 ||r(i)||/||b|| 3.940335442167e-07
 60 KSP unpreconditioned resid norm 2.183650695201e-03 true resid norm 2.184868507289e-03 ||r(i)||/||b|| 2.722833809654e-07
 61 KSP unpreconditioned resid norm 1.686911813454e-03 true resid norm 1.686102139269e-03 ||r(i)||/||b|| 2.101259593434e-07
 62 KSP unpreconditioned resid norm 1.303744351802e-03 true resid norm 1.306121294398e-03 ||r(i)||/||b|| 1.627718651275e-07
 63 KSP unpreconditioned resid norm 9.182882518188e-04 true resid norm 9.187842565168e-04 ||r(i)||/||b|| 1.145010250766e-07
 64 KSP unpreconditioned resid norm 7.981013380199e-04 true resid norm 7.987774775089e-04 ||r(i)||/||b|| 9.954550193276e-08
 65 KSP unpreconditioned resid norm 5.688587726810e-04 true resid norm 5.724376188154e-04 ||r(i)||/||b|| 7.133850376939e-08
 66 KSP unpreconditioned resid norm 3.468717145833e-04 true resid norm 3.493228981679e-04 ||r(i)||/||b|| 4.353342978970e-08
 67 KSP unpreconditioned resid norm 2.502662660705e-04 true resid norm 2.571194661771e-04 ||r(i)||/||b|| 3.204282423824e-08
 68 KSP unpreconditioned resid norm 1.657086418261e-04 true resid norm 1.728206055072e-04 ||r(i)||/||b|| 2.153730469867e-08
 69 KSP unpreconditioned resid norm 1.234530350576e-04 true resid norm 1.349152458553e-04 ||r(i)||/||b|| 1.681345086110e-08
 70 KSP unpreconditioned resid norm 8.396515340470e-05 true resid norm 9.782805930566e-05 ||r(i)||/||b|| 1.219155965321e-08
 71 KSP unpreconditioned resid norm 6.876294363101e-05 true resid norm 8.594616452605e-05 ||r(i)||/||b|| 1.071081036689e-08
>>>> ksp solve time: 0.0932746 (s)
            || b ||_2 = 8.0242448126731133e+03
|| r ||_2 / || b ||_2 = 1.0710810366891394e-08
