Config file: ../input/config/mla_v_cycle-refine0.json
order_rbm = 2
==== basic information of linear system ====
matrix Row = 1506, matrix Column = 1506
matrix nz_allocated = 27747, matrix nz_used = 27747, matrix nz_unneeded = 0
vector Row = 1506
>>>>>>>> setup phase:
 prolongation_block_row = 251, col = 65
size of prolongation: m = 1506, n = 585
  0 KSP unpreconditioned resid norm 2.650113947035e+00 true resid norm 2.650113947035e+00 ||r(i)||/||b|| 1.000000000000e+00
  1 KSP unpreconditioned resid norm 2.629637590394e+00 true resid norm 2.629637590394e+00 ||r(i)||/||b|| 9.922734052007e-01
  2 KSP unpreconditioned resid norm 2.629483956182e+00 true resid norm 2.629483956182e+00 ||r(i)||/||b|| 9.922154325190e-01
  3 KSP unpreconditioned resid norm 2.628985272805e+00 true resid norm 2.628985272805e+00 ||r(i)||/||b|| 9.920272582037e-01
  4 KSP unpreconditioned resid norm 2.628979355686e+00 true resid norm 2.628979355686e+00 ||r(i)||/||b|| 9.920250254246e-01
  5 KSP unpreconditioned resid norm 2.614875157561e+00 true resid norm 2.614875157562e+00 ||r(i)||/||b|| 9.867029153547e-01
  6 KSP unpreconditioned resid norm 2.591981811666e+00 true resid norm 2.591981811669e+00 ||r(i)||/||b|| 9.780642883560e-01
  7 KSP unpreconditioned resid norm 2.590847600959e+00 true resid norm 2.590847600961e+00 ||r(i)||/||b|| 9.776363027180e-01
  8 KSP unpreconditioned resid norm 2.582085758247e+00 true resid norm 2.582085758252e+00 ||r(i)||/||b|| 9.743300891425e-01
  9 KSP unpreconditioned resid norm 2.574059195989e+00 true resid norm 2.574059195996e+00 ||r(i)||/||b|| 9.713013279584e-01
 10 KSP unpreconditioned resid norm 2.564126443927e+00 true resid norm 2.564126443936e+00 ||r(i)||/||b|| 9.675532807955e-01
 11 KSP unpreconditioned resid norm 2.552248816451e+00 true resid norm 2.552248816463e+00 ||r(i)||/||b|| 9.630713499389e-01
 12 KSP unpreconditioned resid norm 2.548434306218e+00 true resid norm 2.548434306233e+00 ||r(i)||/||b|| 9.616319740079e-01
 13 KSP unpreconditioned resid norm 2.477396511024e+00 true resid norm 2.477396511059e+00 ||r(i)||/||b|| 9.348264114570e-01
 14 KSP unpreconditioned resid norm 2.400233907805e+00 true resid norm 2.400233907873e+00 ||r(i)||/||b|| 9.057096999764e-01
 15 KSP unpreconditioned resid norm 2.320963726589e+00 true resid norm 2.320963726669e+00 ||r(i)||/||b|| 8.757977102328e-01
 16 KSP unpreconditioned resid norm 2.304301164530e+00 true resid norm 2.304301164635e+00 ||r(i)||/||b|| 8.695102213296e-01
 17 KSP unpreconditioned resid norm 2.283265601060e+00 true resid norm 2.283265601168e+00 ||r(i)||/||b|| 8.615726141595e-01
 18 KSP unpreconditioned resid norm 2.168907572965e+00 true resid norm 2.168907573051e+00 ||r(i)||/||b|| 8.184204967782e-01
 19 KSP unpreconditioned resid norm 1.265143976276e+00 true resid norm 1.265143976473e+00 ||r(i)||/||b|| 4.773922939761e-01
 20 KSP unpreconditioned resid norm 5.611048254660e-01 true resid norm 5.611048258645e-01 ||r(i)||/||b|| 2.117285660461e-01
 21 KSP unpreconditioned resid norm 2.128360593290e-01 true resid norm 2.128360600629e-01 ||r(i)||/||b|| 8.031204103544e-02
 22 KSP unpreconditioned resid norm 1.418508014629e-01 true resid norm 1.418508017157e-01 ||r(i)||/||b|| 5.352630284987e-02
 23 KSP unpreconditioned resid norm 8.758433650149e-02 true resid norm 8.758433701016e-02 ||r(i)||/||b|| 3.304927212966e-02
 24 KSP unpreconditioned resid norm 1.960547008642e-02 true resid norm 1.960546990973e-02 ||r(i)||/||b|| 7.397972427436e-03
 25 KSP unpreconditioned resid norm 3.015213686007e-03 true resid norm 3.015213993540e-03 ||r(i)||/||b|| 1.137767678599e-03
 26 KSP unpreconditioned resid norm 7.435827780598e-04 true resid norm 7.435833433572e-04 ||r(i)||/||b|| 2.805854232000e-04
 27 KSP unpreconditioned resid norm 1.207632026889e-04 true resid norm 1.207629554730e-04 ||r(i)||/||b|| 4.556896717898e-05
 28 KSP unpreconditioned resid norm 2.208548508223e-05 true resid norm 2.208580959234e-05 ||r(i)||/||b|| 8.333909421912e-06
 29 KSP unpreconditioned resid norm 2.565645064202e-06 true resid norm 2.565278733989e-06 ||r(i)||/||b|| 9.679880885343e-07
 30 KSP unpreconditioned resid norm 2.334238599603e-07 true resid norm 2.335724853441e-07 ||r(i)||/||b|| 8.813677072467e-08
 31 KSP unpreconditioned resid norm 1.999239940828e-08 true resid norm 2.043806430672e-08 ||r(i)||/||b|| 7.712145483249e-09
            || b ||_2 = 2.6501139470351753e+00
|| r ||_2 / || b ||_2 = 7.7121454832486297e-09
