Config file: ../input/config/mla_v_cycle-refine1.json
order_rbm = 1
==== basic information of linear system ====
matrix Row = 5340, matrix Column = 5340
matrix nz_allocated = 104619, matrix nz_used = 104619, matrix nz_unneeded = 0
vector Row = 5340
  0 KSP unpreconditioned resid norm 1.385199406759e+00 true resid norm 1.385199406759e+00 ||r(i)||/||b|| 1.000000000000e+00
  1 KSP unpreconditioned resid norm 1.634809834480e+01 true resid norm 1.634809834480e+01 ||r(i)||/||b|| 1.180198191324e+01
  2 KSP unpreconditioned resid norm 1.710606880034e+01 true resid norm 1.710606880034e+01 ||r(i)||/||b|| 1.234917421772e+01
  3 KSP unpreconditioned resid norm 1.701527070944e+01 true resid norm 1.701527070944e+01 ||r(i)||/||b|| 1.228362546678e+01
  4 KSP unpreconditioned resid norm 1.643562336650e+01 true resid norm 1.643562336650e+01 ||r(i)||/||b|| 1.186516777751e+01
  5 KSP unpreconditioned resid norm 1.685271871474e+01 true resid norm 1.685271871474e+01 ||r(i)||/||b|| 1.216627630109e+01
  6 KSP unpreconditioned resid norm 2.104506221761e+01 true resid norm 2.104506221761e+01 ||r(i)||/||b|| 1.519280337179e+01
  7 KSP unpreconditioned resid norm 1.950839915002e+01 true resid norm 1.950839915002e+01 ||r(i)||/||b|| 1.408345907083e+01
  8 KSP unpreconditioned resid norm 1.876704032310e+01 true resid norm 1.876704032310e+01 ||r(i)||/||b|| 1.354825899544e+01
  9 KSP unpreconditioned resid norm 2.077596849181e+01 true resid norm 2.077596849181e+01 ||r(i)||/||b|| 1.499853984231e+01
 10 KSP unpreconditioned resid norm 2.091680376649e+01 true resid norm 2.091680376649e+01 ||r(i)||/||b|| 1.510021132295e+01
 11 KSP unpreconditioned resid norm 2.167479611281e+01 true resid norm 2.167479611281e+01 ||r(i)||/||b|| 1.564741943077e+01
 12 KSP unpreconditioned resid norm 1.978942297723e+01 true resid norm 1.978942297723e+01 ||r(i)||/||b|| 1.428633515195e+01
 13 KSP unpreconditioned resid norm 2.129338372450e+01 true resid norm 2.129338372450e+01 ||r(i)||/||b|| 1.537207106833e+01
 14 KSP unpreconditioned resid norm 2.122775886598e+01 true resid norm 2.122775886598e+01 ||r(i)||/||b|| 1.532469531997e+01
 15 KSP unpreconditioned resid norm 2.348401751971e+01 true resid norm 2.348401751971e+01 ||r(i)||/||b|| 1.695352842711e+01
 16 KSP unpreconditioned resid norm 2.382172330643e+01 true resid norm 2.382172330643e+01 ||r(i)||/||b|| 1.719732421931e+01
 17 KSP unpreconditioned resid norm 2.093286996321e+01 true resid norm 2.093286996321e+01 ||r(i)||/||b|| 1.511180979509e+01
 18 KSP unpreconditioned resid norm 2.370790610106e+01 true resid norm 2.370790610106e+01 ||r(i)||/||b|| 1.711515756171e+01
 19 KSP unpreconditioned resid norm 2.423686555624e+01 true resid norm 2.423686555624e+01 ||r(i)||/||b|| 1.749702276653e+01
 20 KSP unpreconditioned resid norm 2.254895527195e+01 true resid norm 2.254895527195e+01 ||r(i)||/||b|| 1.627849041945e+01
 21 KSP unpreconditioned resid norm 2.253097865553e+01 true resid norm 2.253097865553e+01 ||r(i)||/||b|| 1.626551278148e+01
 22 KSP unpreconditioned resid norm 2.417767710797e+01 true resid norm 2.417767710797e+01 ||r(i)||/||b|| 1.745429357680e+01
 23 KSP unpreconditioned resid norm 2.098833095044e+01 true resid norm 2.098833095044e+01 ||r(i)||/||b|| 1.515184806464e+01
 24 KSP unpreconditioned resid norm 2.332428620558e+01 true resid norm 2.332428620558e+01 ||r(i)||/||b|| 1.683821556072e+01
 25 KSP unpreconditioned resid norm 2.373286072723e+01 true resid norm 2.373286072723e+01 ||r(i)||/||b|| 1.713317274858e+01
 26 KSP unpreconditioned resid norm 2.436683592571e+01 true resid norm 2.436683592571e+01 ||r(i)||/||b|| 1.759085067956e+01
 27 KSP unpreconditioned resid norm 2.376915457423e+01 true resid norm 2.376915457423e+01 ||r(i)||/||b|| 1.715937391993e+01
 28 KSP unpreconditioned resid norm 2.350551512414e+01 true resid norm 2.350551512414e+01 ||r(i)||/||b|| 1.696904792873e+01
 29 KSP unpreconditioned resid norm 2.392403964825e+01 true resid norm 2.392403964825e+01 ||r(i)||/||b|| 1.727118819971e+01
 30 KSP unpreconditioned resid norm 2.591504414031e+01 true resid norm 2.591504414031e+01 ||r(i)||/||b|| 1.870852962675e+01
 31 KSP unpreconditioned resid norm 2.514616621110e+01 true resid norm 2.514616621110e+01 ||r(i)||/||b|| 1.815346302374e+01
 32 KSP unpreconditioned resid norm 2.102491202373e+01 true resid norm 2.102491202373e+01 ||r(i)||/||b|| 1.517825658974e+01
 33 KSP unpreconditioned resid norm 2.021794203294e+01 true resid norm 2.021794203294e+01 ||r(i)||/||b|| 1.459569065240e+01
 34 KSP unpreconditioned resid norm 2.409199558673e+01 true resid norm 2.409199558673e+01 ||r(i)||/||b|| 1.739243856818e+01
 35 KSP unpreconditioned resid norm 3.818423770555e+01 true resid norm 3.818423770555e+01 ||r(i)||/||b|| 2.756587789400e+01
 36 KSP unpreconditioned resid norm 3.373267828268e+01 true resid norm 3.373267828268e+01 ||r(i)||/||b|| 2.435221825687e+01
 37 KSP unpreconditioned resid norm 1.833581427245e+01 true resid norm 1.833581427245e+01 ||r(i)||/||b|| 1.323694926736e+01
 38 KSP unpreconditioned resid norm 1.261737651377e+01 true resid norm 1.261737651377e+01 ||r(i)||/||b|| 9.108707708224e+00
 39 KSP unpreconditioned resid norm 1.368984489464e+01 true resid norm 1.368984489464e+01 ||r(i)||/||b|| 9.882941638471e+00
 40 KSP unpreconditioned resid norm 2.059366947344e+01 true resid norm 2.059366947344e+01 ||r(i)||/||b|| 1.486693495027e+01
 41 KSP unpreconditioned resid norm 2.768296349162e+01 true resid norm 2.768296349162e+01 ||r(i)||/||b|| 1.998482193722e+01
 42 KSP unpreconditioned resid norm 3.037119249977e+01 true resid norm 3.037119249977e+01 ||r(i)||/||b|| 2.192550209853e+01
 43 KSP unpreconditioned resid norm 3.704162703008e+01 true resid norm 3.704162703008e+01 ||r(i)||/||b|| 2.674100699823e+01
 44 KSP unpreconditioned resid norm 3.959516810120e+01 true resid norm 3.959516810120e+01 ||r(i)||/||b|| 2.858445355087e+01
 45 KSP unpreconditioned resid norm 3.970469006707e+01 true resid norm 3.970469006707e+01 ||r(i)||/||b|| 2.866351939897e+01
 46 KSP unpreconditioned resid norm 3.727691290147e+01 true resid norm 3.727691290147e+01 ||r(i)||/||b|| 2.691086403848e+01
 47 KSP unpreconditioned resid norm 3.608871413840e+01 true resid norm 3.608871413840e+01 ||r(i)||/||b|| 2.605308229437e+01
 48 KSP unpreconditioned resid norm 3.143798624474e+01 true resid norm 3.143798624474e+01 ||r(i)||/||b|| 2.269563940855e+01
 49 KSP unpreconditioned resid norm 2.917942724225e+01 true resid norm 2.917942724225e+01 ||r(i)||/||b|| 2.106514563887e+01
 50 KSP unpreconditioned resid norm 2.732813118060e+01 true resid norm 2.732813118060e+01 ||r(i)||/||b|| 1.972866220362e+01
 51 KSP unpreconditioned resid norm 2.355526206731e+01 true resid norm 2.355526206731e+01 ||r(i)||/||b|| 1.700496112861e+01
 52 KSP unpreconditioned resid norm 1.923725196325e+01 true resid norm 1.923725196325e+01 ||r(i)||/||b|| 1.388771311147e+01
 53 KSP unpreconditioned resid norm 2.511129392959e+01 true resid norm 2.511129392959e+01 ||r(i)||/||b|| 1.812828810572e+01
 54 KSP unpreconditioned resid norm 2.355727825535e+01 true resid norm 2.355727825535e+01 ||r(i)||/||b|| 1.700641665049e+01
 55 KSP unpreconditioned resid norm 1.997332825457e+01 true resid norm 1.997332825457e+01 ||r(i)||/||b|| 1.441909963079e+01
 56 KSP unpreconditioned resid norm 1.678808460464e+01 true resid norm 1.678808460464e+01 ||r(i)||/||b|| 1.211961579158e+01
 57 KSP unpreconditioned resid norm 1.815772039064e+01 true resid norm 1.815772039064e+01 ||r(i)||/||b|| 1.310838013794e+01
 58 KSP unpreconditioned resid norm 1.462525634849e+01 true resid norm 1.462525634849e+01 ||r(i)||/||b|| 1.055823174420e+01
 59 KSP unpreconditioned resid norm 1.172619616642e+01 true resid norm 1.172619616642e+01 ||r(i)||/||b|| 8.465348822126e+00
 60 KSP unpreconditioned resid norm 9.492440398899e+00 true resid norm 9.492440398899e+00 ||r(i)||/||b|| 6.852760947328e+00
 61 KSP unpreconditioned resid norm 1.019382213234e+01 true resid norm 1.019382213234e+01 ||r(i)||/||b|| 7.359100850463e+00
 62 KSP unpreconditioned resid norm 1.258616530958e+01 true resid norm 1.258616530958e+01 ||r(i)||/||b|| 9.086175786801e+00
 63 KSP unpreconditioned resid norm 1.538811193849e+01 true resid norm 1.538811193849e+01 ||r(i)||/||b|| 1.110895071381e+01
 64 KSP unpreconditioned resid norm 1.530670104176e+01 true resid norm 1.530670104176e+01 ||r(i)||/||b|| 1.105017874472e+01
 65 KSP unpreconditioned resid norm 1.908078394969e+01 true resid norm 1.908078394969e+01 ||r(i)||/||b|| 1.377475607959e+01
 66 KSP unpreconditioned resid norm 2.847899275432e+01 true resid norm 2.847899275432e+01 ||r(i)||/||b|| 2.055948956906e+01
 67 KSP unpreconditioned resid norm 4.052810632242e+01 true resid norm 4.052810632242e+01 ||r(i)||/||b|| 2.925795818614e+01
 68 KSP unpreconditioned resid norm 3.330410185003e+01 true resid norm 3.330410185003e+01 ||r(i)||/||b|| 2.404282133499e+01
 69 KSP unpreconditioned resid norm 3.055204004077e+01 true resid norm 3.055204004077e+01 ||r(i)||/||b|| 2.205605914333e+01
 70 KSP unpreconditioned resid norm 3.687051802052e+01 true resid norm 3.687051802052e+01 ||r(i)||/||b|| 2.661748037186e+01
 71 KSP unpreconditioned resid norm 4.447443031389e+01 true resid norm 4.447443031389e+01 ||r(i)||/||b|| 3.210687941165e+01
 72 KSP unpreconditioned resid norm 4.938425057548e+01 true resid norm 4.938425057548e+01 ||r(i)||/||b|| 3.565136566946e+01
 73 KSP unpreconditioned resid norm 6.232978336449e+01 true resid norm 6.232978336449e+01 ||r(i)||/||b|| 4.499697520831e+01
 74 KSP unpreconditioned resid norm 6.004111511446e+01 true resid norm 6.004111511446e+01 ||r(i)||/||b|| 4.334474503923e+01
 75 KSP unpreconditioned resid norm 3.243629407750e+01 true resid norm 3.243629407750e+01 ||r(i)||/||b|| 2.341633552486e+01
 76 KSP unpreconditioned resid norm 2.322823852738e+01 true resid norm 2.322823852738e+01 ||r(i)||/||b|| 1.676887703968e+01
 77 KSP unpreconditioned resid norm 3.543966085898e+01 true resid norm 3.543966085898e+01 ||r(i)||/||b|| 2.558451922955e+01
 78 KSP unpreconditioned resid norm 6.391108231402e+01 true resid norm 6.391108231402e+01 ||r(i)||/||b|| 4.613854294348e+01
 79 KSP unpreconditioned resid norm 1.348200968739e+02 true resid norm 1.348200968739e+02 ||r(i)||/||b|| 9.732901719134e+01
 80 KSP unpreconditioned resid norm 1.650786956195e+02 true resid norm 1.650786956195e+02 ||r(i)||/||b|| 1.191732358634e+02
 81 KSP unpreconditioned resid norm 6.298831155757e+01 true resid norm 6.298831155757e+01 ||r(i)||/||b|| 4.547237838121e+01
 82 KSP unpreconditioned resid norm 2.190302509120e+01 true resid norm 2.190302509120e+01 ||r(i)||/||b|| 1.581218197490e+01
 83 KSP unpreconditioned resid norm 1.120787926616e+01 true resid norm 1.120787926616e+01 ||r(i)||/||b|| 8.091166666312e+00
 84 KSP unpreconditioned resid norm 1.250485404280e+01 true resid norm 1.250485404280e+01 ||r(i)||/||b|| 9.027475742330e+00
 85 KSP unpreconditioned resid norm 2.724900635384e+01 true resid norm 2.724900635384e+01 ||r(i)||/||b|| 1.967154058895e+01
 86 KSP unpreconditioned resid norm 7.178602136043e+01 true resid norm 7.178602136043e+01 ||r(i)||/||b|| 5.182360099937e+01
 87 KSP unpreconditioned resid norm 1.546425614162e+02 true resid norm 1.546425614162e+02 ||r(i)||/||b|| 1.116392056347e+02
 88 KSP unpreconditioned resid norm 1.258633053035e+02 true resid norm 1.258633053035e+02 ||r(i)||/||b|| 9.086295062604e+01
 89 KSP unpreconditioned resid norm 5.474106037489e+01 true resid norm 5.474106037489e+01 ||r(i)||/||b|| 3.951854159610e+01
 90 KSP unpreconditioned resid norm 1.929492010217e+01 true resid norm 1.929492010217e+01 ||r(i)||/||b|| 1.392934476295e+01
 91 KSP unpreconditioned resid norm 6.589178816532e+00 true resid norm 6.589178816532e+00 ||r(i)||/||b|| 4.756844959925e+00
 92 KSP unpreconditioned resid norm 2.162918819316e+00 true resid norm 2.162918819316e+00 ||r(i)||/||b|| 1.561449426532e+00
 93 KSP unpreconditioned resid norm 7.376362880473e-01 true resid norm 7.376362880473e-01 ||r(i)||/||b|| 5.325127086022e-01
 94 KSP unpreconditioned resid norm 2.180815564303e-01 true resid norm 2.180815564303e-01 ||r(i)||/||b|| 1.574369403901e-01
 95 KSP unpreconditioned resid norm 8.035246695129e-02 true resid norm 8.035246695129e-02 ||r(i)||/||b|| 5.800786988446e-02
 96 KSP unpreconditioned resid norm 2.611467224909e-02 true resid norm 2.611467224909e-02 ||r(i)||/||b|| 1.885264469626e-02
 97 KSP unpreconditioned resid norm 9.117586476651e-03 true resid norm 9.117586476651e-03 ||r(i)||/||b|| 6.582147257762e-03
 98 KSP unpreconditioned resid norm 3.282520017937e-03 true resid norm 3.282520017937e-03 ||r(i)||/||b|| 2.369709373192e-03
 99 KSP unpreconditioned resid norm 1.084338692342e-03 true resid norm 1.084338692342e-03 ||r(i)||/||b|| 7.828033184619e-04
100 KSP unpreconditioned resid norm 3.541205247495e-04 true resid norm 3.541205247495e-04 ||r(i)||/||b|| 2.556458824785e-04
101 KSP unpreconditioned resid norm 1.428081158098e-04 true resid norm 1.428081158098e-04 ||r(i)||/||b|| 1.030957096235e-04
102 KSP unpreconditioned resid norm 4.709856753207e-05 true resid norm 4.709856753207e-05 ||r(i)||/||b|| 3.400129057395e-05
103 KSP unpreconditioned resid norm 1.307921744586e-05 true resid norm 1.307921744586e-05 ||r(i)||/||b|| 9.442118861761e-06
104 KSP unpreconditioned resid norm 3.291153545044e-06 true resid norm 3.291153545044e-06 ||r(i)||/||b|| 2.375942069413e-06
105 KSP unpreconditioned resid norm 1.258317900807e-06 true resid norm 1.258317900807e-06 ||r(i)||/||b|| 9.084019922819e-07
106 KSP unpreconditioned resid norm 4.873969524150e-07 true resid norm 4.873969524150e-07 ||r(i)||/||b|| 3.518604975117e-07
107 KSP unpreconditioned resid norm 1.318963746312e-07 true resid norm 1.318963746312e-07 ||r(i)||/||b|| 9.521833029069e-08
108 KSP unpreconditioned resid norm 3.264755968287e-08 true resid norm 3.264755968287e-08 ||r(i)||/||b|| 2.356885190939e-08
109 KSP unpreconditioned resid norm 1.220730755400e-08 true resid norm 1.220730755400e-08 ||r(i)||/||b|| 8.812671658995e-09
            || b ||_2 = 1.3851994067587832e+00
|| r ||_2 / || b ||_2 = 8.8714840865595502e-09
WARNING! There are options you set that were not used!
WARNING! could be spelling mistake, etc!
There is one unused database option. It is:
Option left: name:-ksp_gmres_restart value: 50 source: command line
