Config file: ../input/config/mla_v_cycle-refine3.json
order_rbm = 1
angle_type = 1
==== basic information of linear system ====
matrix Row = 73482, matrix Column = 73482
matrix nz_allocated = 1513726, matrix nz_used = 1513726, matrix nz_unneeded = 0
vector Row = 73482
initial     || b ||_2 = 3.6456789914864107e-01
>>>>local_vec_size = 18372
>>>>~~~~ local_mat_m = 18372, local_mat_n = 18372
>>>>local_vec_size = 18366
>>>>~~~~ local_mat_m = 18366, local_mat_n = 18366
>>>>local_vec_size = 18372
>>>>~~~~ local_mat_m = 18372, local_mat_n = 18372
>>>>local_vec_size = 18372
>>>>~~~~ local_mat_m = 18372, local_mat_n = 18372
            || b ||_2 = 3.6456789914864107e-01
|| r ||_2 / || b ||_2 = 1.0000000000000000e+00
[ 12247    72068  3061  3062] [12248] [ 0.000] [ 0.000]
nvtxs:      12247, cut:    20792, balance: 1.200 
	[0 0], [0.0003], [4 15 13]
	[0 1], [0.0003], [5 19 16]
		cut: 20784
	[1 0], [0.0003], [1 4 3]
	[1 1], [0.0003], [3 11 10]
		cut: 20783
	[2 0], [0.0003], [0 0 0]
	[2 1], [0.0003], [0 0 0]
		cut: 20783
      Setup: Max:   0.001, Sum:   0.003, Balance:   1.000
   InitPart: Max:   0.209, Sum:   0.838, Balance:   1.000
 Initialize: Max:   0.001, Sum:   0.003, Balance:   1.003
      K-way: Max:   0.002, Sum:   0.008, Balance:   1.002
      Remap: Max:   0.000, Sum:   0.000, Balance:   4.000
      Total: Max:   0.213, Sum:   0.853, Balance:   1.000
       Aux1: Max:   0.001, Sum:   0.002, Balance:   1.001
Final 3061-way Cut:  20783 	Balance: 1.250 
Partitioning a graph of size 3061 serially
      Setup: Max:   0.000, Sum:   0.000, Balance:   1.000
      Remap: Max:   0.000, Sum:   0.000, Balance:   2.667
      Total: Max:   0.209, Sum:   0.837, Balance:   1.000
       Aux1: Max:   0.000, Sum:   0.000, Balance:   1.047
Final 765-way Cut:   8902 	Balance: 1.250 
Partitioning a graph of size 765 serially
      Setup: Max:   0.000, Sum:   0.000, Balance:   1.000
      Remap: Max:   0.000, Sum:   0.000, Balance:   2.000
      Total: Max:   0.061, Sum:   0.245, Balance:   1.000
       Aux1: Max:   0.000, Sum:   0.000, Balance:   1.000
Final 191-way Cut:   3994 	Balance: 1.248 
Partitioning a graph of size 191 serially
      Setup: Max:   0.000, Sum:   0.000, Balance:   1.002
      Remap: Max:   0.000, Sum:   0.000, Balance:   4.000
      Total: Max:   0.016, Sum:   0.062, Balance:   1.000
       Aux1: Max:   0.000, Sum:   0.000, Balance:   1.000
Final  47-way Cut:   1373 	Balance: 1.230 
Partitioning a graph of size 47 serially
      Setup: Max:   0.000, Sum:   0.000, Balance:   1.271
      Remap: Max:   0.000, Sum:   0.000, Balance:   2.000
      Total: Max:   0.003, Sum:   0.012, Balance:   1.000
       Aux1: Max:   0.000, Sum:   0.000, Balance:   1.053
Final  11-way Cut:    244 	Balance: 1.170 


>>>>nodes in level 3 is 47, less than 100, setup DONE!>>>>


>>>> mla setup time: 0.699264 (s)
0 MLA ||r(i)||/||b|| 1.0000000000000000e+00
1 MLA ||r(i)||/||b|| 1.0800869993185906e+00
>>>> mla solve time: 0.523747 (s)
>>>> mla setup time: 1.66893e-06 (s)
  0 KSP unpreconditioned resid norm 3.645678991486e-01 true resid norm 3.645678991486e-01 ||r(i)||/||b|| 1.000000000000e+00
0 MLA ||r(i)||/||b|| 1.0800869993185906e+00
1 MLA ||r(i)||/||b|| 1.1169258924679921e+00
>>>> mla solve time: 0.112899 (s)
  1 KSP unpreconditioned resid norm 3.641311598739e+00 true resid norm 3.641311598739e+00 ||r(i)||/||b|| 9.988020358464e+00
0 MLA ||r(i)||/||b|| 1.0126385292515871e+00
1 MLA ||r(i)||/||b|| 1.0632204313559313e-01
>>>> mla solve time: 0.113597 (s)
  2 KSP unpreconditioned resid norm 5.575686544274e+00 true resid norm 5.575686544274e+00 ||r(i)||/||b|| 1.529395911515e+01
0 MLA ||r(i)||/||b|| 1.1884816800785081e+00
1 MLA ||r(i)||/||b|| 9.3934153404139215e-02
>>>> mla solve time: 0.113544 (s)
  3 KSP unpreconditioned resid norm 6.041373666801e+00 true resid norm 6.041373666801e+00 ||r(i)||/||b|| 1.657132644127e+01
0 MLA ||r(i)||/||b|| 1.3708310998057094e+00
1 MLA ||r(i)||/||b|| 9.6611650016672532e-02
>>>> mla solve time: 0.1129 (s)
  4 KSP unpreconditioned resid norm 6.686498857012e+00 true resid norm 6.686498857012e+00 ||r(i)||/||b|| 1.834088758946e+01
0 MLA ||r(i)||/||b|| 1.3526692548981449e+00
1 MLA ||r(i)||/||b|| 9.9156229088654319e-02
>>>> mla solve time: 0.11316 (s)
  5 KSP unpreconditioned resid norm 6.975259195075e+00 true resid norm 6.975259195075e+00 ||r(i)||/||b|| 1.913294947625e+01
0 MLA ||r(i)||/||b|| 1.3872696449047042e+00
1 MLA ||r(i)||/||b|| 8.3017476050682854e-02
>>>> mla solve time: 0.115261 (s)
  6 KSP unpreconditioned resid norm 7.269075214783e+00 true resid norm 7.269075214783e+00 ||r(i)||/||b|| 1.993887896263e+01
0 MLA ||r(i)||/||b|| 1.3954167468730492e+00
1 MLA ||r(i)||/||b|| 7.6858693052874419e-02
>>>> mla solve time: 0.123036 (s)
  7 KSP unpreconditioned resid norm 7.312250519233e+00 true resid norm 7.312250519233e+00 ||r(i)||/||b|| 2.005730766836e+01
0 MLA ||r(i)||/||b|| 1.4093615579774963e+00
1 MLA ||r(i)||/||b|| 7.4327968567813082e-02
>>>> mla solve time: 0.118606 (s)
  8 KSP unpreconditioned resid norm 7.401145692054e+00 true resid norm 7.401145692054e+00 ||r(i)||/||b|| 2.030114475064e+01
0 MLA ||r(i)||/||b|| 1.4090412829096721e+00
1 MLA ||r(i)||/||b|| 7.3214616688025008e-02
>>>> mla solve time: 0.129058 (s)
  9 KSP unpreconditioned resid norm 7.401281577470e+00 true resid norm 7.401281577470e+00 ||r(i)||/||b|| 2.030151748070e+01
0 MLA ||r(i)||/||b|| 1.4175464526919233e+00
1 MLA ||r(i)||/||b|| 8.5585084233225431e-02
>>>> mla solve time: 0.130075 (s)
 10 KSP unpreconditioned resid norm 7.505123884731e+00 true resid norm 7.505123884731e+00 ||r(i)||/||b|| 2.058635415312e+01
0 MLA ||r(i)||/||b|| 1.4125402955632829e+00
1 MLA ||r(i)||/||b|| 8.1196308521571947e-02
>>>> mla solve time: 0.118449 (s)
 11 KSP unpreconditioned resid norm 7.571267231634e+00 true resid norm 7.571267231634e+00 ||r(i)||/||b|| 2.076778358521e+01
0 MLA ||r(i)||/||b|| 1.4070878357299386e+00
1 MLA ||r(i)||/||b|| 7.7534401590250462e-02
>>>> mla solve time: 0.111904 (s)
 12 KSP unpreconditioned resid norm 7.626825333312e+00 true resid norm 7.626825333312e+00 ||r(i)||/||b|| 2.092017797267e+01
0 MLA ||r(i)||/||b|| 1.4138619479803052e+00
1 MLA ||r(i)||/||b|| 7.5578724052078980e-02
>>>> mla solve time: 0.113002 (s)
 13 KSP unpreconditioned resid norm 7.624690372770e+00 true resid norm 7.624690372770e+00 ||r(i)||/||b|| 2.091432183298e+01
0 MLA ||r(i)||/||b|| 1.4189355283583298e+00
1 MLA ||r(i)||/||b|| 7.4185727182543515e-02
>>>> mla solve time: 0.113036 (s)
 14 KSP unpreconditioned resid norm 7.703096767039e+00 true resid norm 7.703096767039e+00 ||r(i)||/||b|| 2.112938847613e+01
0 MLA ||r(i)||/||b|| 1.4108276909035153e+00
1 MLA ||r(i)||/||b|| 7.2687414842158196e-02
>>>> mla solve time: 0.120797 (s)
 15 KSP unpreconditioned resid norm 7.752053652489e+00 true resid norm 7.752053652489e+00 ||r(i)||/||b|| 2.126367590397e+01
0 MLA ||r(i)||/||b|| 1.4117392604090460e+00
1 MLA ||r(i)||/||b|| 7.0851815061761636e-02
>>>> mla solve time: 0.113764 (s)
 16 KSP unpreconditioned resid norm 7.844696308551e+00 true resid norm 7.844696308551e+00 ||r(i)||/||b|| 2.151779223259e+01
0 MLA ||r(i)||/||b|| 1.4107155196077883e+00
1 MLA ||r(i)||/||b|| 6.9144886893598906e-02
>>>> mla solve time: 0.11293 (s)
 17 KSP unpreconditioned resid norm 7.904298263906e+00 true resid norm 7.904298263906e+00 ||r(i)||/||b|| 2.168127880256e+01
0 MLA ||r(i)||/||b|| 1.4105913962177472e+00
1 MLA ||r(i)||/||b|| 6.7404190403363817e-02
>>>> mla solve time: 0.11285 (s)
 18 KSP unpreconditioned resid norm 8.048790933258e+00 true resid norm 8.048790933258e+00 ||r(i)||/||b|| 2.207761833133e+01
0 MLA ||r(i)||/||b|| 1.4048356466020566e+00
1 MLA ||r(i)||/||b|| 6.5589703646849476e-02
>>>> mla solve time: 0.113759 (s)
 19 KSP unpreconditioned resid norm 8.292609880311e+00 true resid norm 8.292609880311e+00 ||r(i)||/||b|| 2.274640718417e+01
0 MLA ||r(i)||/||b|| 1.3978566027973900e+00
1 MLA ||r(i)||/||b|| 6.3761083995673082e-02
>>>> mla solve time: 0.128665 (s)
 20 KSP unpreconditioned resid norm 8.916364182078e+00 true resid norm 8.916364182078e+00 ||r(i)||/||b|| 2.445734855674e+01
0 MLA ||r(i)||/||b|| 1.3665538020269035e+00
1 MLA ||r(i)||/||b|| 6.1067105318590810e-02
>>>> mla solve time: 0.112983 (s)
 21 KSP unpreconditioned resid norm 1.035230718163e+01 true resid norm 1.035230718163e+01 ||r(i)||/||b|| 2.839610181205e+01
0 MLA ||r(i)||/||b|| 1.3209340070396227e+00
1 MLA ||r(i)||/||b|| 5.6423701230012370e-02
>>>> mla solve time: 0.112364 (s)
 22 KSP unpreconditioned resid norm 9.894769259726e+00 true resid norm 9.894769259726e+00 ||r(i)||/||b|| 2.714108752535e+01
0 MLA ||r(i)||/||b|| 1.4510144775719653e+00
1 MLA ||r(i)||/||b|| 6.7802895405762981e-02
>>>> mla solve time: 0.13185 (s)
 23 KSP unpreconditioned resid norm 6.034703126793e+00 true resid norm 6.034703126793e+00 ||r(i)||/||b|| 1.655302932838e+01
0 MLA ||r(i)||/||b|| 1.9278410310776890e+00
1 MLA ||r(i)||/||b|| 9.7088533980965369e-02
>>>> mla solve time: 0.113336 (s)
 24 KSP unpreconditioned resid norm 7.642020415083e+00 true resid norm 7.642020415083e+00 ||r(i)||/||b|| 2.096185767570e+01
0 MLA ||r(i)||/||b|| 1.2777063490103291e+00
1 MLA ||r(i)||/||b|| 6.6938974405080190e-02
>>>> mla solve time: 0.112937 (s)
 25 KSP unpreconditioned resid norm 8.321316372045e+00 true resid norm 8.321316372045e+00 ||r(i)||/||b|| 2.282514832348e+01
0 MLA ||r(i)||/||b|| 1.3603848026539385e+00
1 MLA ||r(i)||/||b|| 6.4563350975752831e-02
>>>> mla solve time: 0.112509 (s)
 26 KSP unpreconditioned resid norm 8.921621506211e+00 true resid norm 8.921621506211e+00 ||r(i)||/||b|| 2.447176925628e+01
0 MLA ||r(i)||/||b|| 1.3696004395665529e+00
1 MLA ||r(i)||/||b|| 5.9214563754030516e-02
>>>> mla solve time: 0.11342 (s)
 27 KSP unpreconditioned resid norm 8.573634650320e+00 true resid norm 8.573634650320e+00 ||r(i)||/||b|| 2.351725061461e+01
0 MLA ||r(i)||/||b|| 1.4461745129103176e+00
1 MLA ||r(i)||/||b|| 6.3581331703817995e-02
>>>> mla solve time: 0.11264 (s)
 28 KSP unpreconditioned resid norm 9.372034808912e+00 true resid norm 9.372034808912e+00 ||r(i)||/||b|| 2.570724090299e+01
0 MLA ||r(i)||/||b|| 1.3588545966420398e+00
1 MLA ||r(i)||/||b|| 5.7828910122966870e-02
>>>> mla solve time: 0.113506 (s)
 29 KSP unpreconditioned resid norm 9.229376692983e+00 true resid norm 9.229376692983e+00 ||r(i)||/||b|| 2.531593350522e+01
0 MLA ||r(i)||/||b|| 1.4283139458936041e+00
1 MLA ||r(i)||/||b|| 5.8908557177158545e-02
>>>> mla solve time: 0.113352 (s)
 30 KSP unpreconditioned resid norm 9.470231348535e+00 true resid norm 9.470231348535e+00 ||r(i)||/||b|| 2.597659138572e+01
0 MLA ||r(i)||/||b|| 1.3977162763643172e+00
1 MLA ||r(i)||/||b|| 5.7854045278823277e-02
>>>> mla solve time: 0.112764 (s)
 31 KSP unpreconditioned resid norm 9.909948315864e+00 true resid norm 9.909948315864e+00 ||r(i)||/||b|| 2.718272327050e+01
0 MLA ||r(i)||/||b|| 1.3864813501733944e+00
1 MLA ||r(i)||/||b|| 5.4061469024348253e-02
>>>> mla solve time: 0.11559 (s)
 32 KSP unpreconditioned resid norm 9.766553511812e+00 true resid norm 9.766553511812e+00 ||r(i)||/||b|| 2.678939515689e+01
0 MLA ||r(i)||/||b|| 1.4261852281381182e+00
1 MLA ||r(i)||/||b|| 5.4219076175876860e-02
>>>> mla solve time: 0.11332 (s)
 33 KSP unpreconditioned resid norm 1.024059313918e+01 true resid norm 1.024059313918e+01 ||r(i)||/||b|| 2.808967318048e+01
0 MLA ||r(i)||/||b|| 1.3841643416016651e+00
1 MLA ||r(i)||/||b|| 5.2055158100626983e-02
>>>> mla solve time: 0.113656 (s)
 34 KSP unpreconditioned resid norm 1.025330198666e+01 true resid norm 1.025330198666e+01 ||r(i)||/||b|| 2.812453320932e+01
0 MLA ||r(i)||/||b|| 1.4155670736297103e+00
1 MLA ||r(i)||/||b|| 5.1348596538280084e-02
>>>> mla solve time: 0.112628 (s)
 35 KSP unpreconditioned resid norm 1.023653863928e+01 true resid norm 1.023653863928e+01 ||r(i)||/||b|| 2.807855179565e+01
0 MLA ||r(i)||/||b|| 1.4169189566158396e+00
1 MLA ||r(i)||/||b|| 5.2075465972614442e-02
>>>> mla solve time: 0.113331 (s)
 36 KSP unpreconditioned resid norm 1.068554567513e+01 true resid norm 1.068554567513e+01 ||r(i)||/||b|| 2.931016609000e+01
0 MLA ||r(i)||/||b|| 1.3873021271675694e+00
1 MLA ||r(i)||/||b|| 4.9866358365291359e-02
>>>> mla solve time: 0.11382 (s)
 37 KSP unpreconditioned resid norm 1.071719324877e+01 true resid norm 1.071719324877e+01 ||r(i)||/||b|| 2.939697453833e+01
0 MLA ||r(i)||/||b|| 1.4141765385975265e+00
1 MLA ||r(i)||/||b|| 5.0040476517232549e-02
>>>> mla solve time: 0.112639 (s)
 38 KSP unpreconditioned resid norm 1.085202591477e+01 true resid norm 1.085202591477e+01 ||r(i)||/||b|| 2.976681693619e+01
0 MLA ||r(i)||/||b|| 1.4068219397470536e+00
1 MLA ||r(i)||/||b|| 5.0175131658115935e-02
>>>> mla solve time: 0.112456 (s)
 39 KSP unpreconditioned resid norm 1.118922824475e+01 true resid norm 1.118922824475e+01 ||r(i)||/||b|| 3.069175391164e+01
0 MLA ||r(i)||/||b|| 1.3950947979020105e+00
1 MLA ||r(i)||/||b|| 4.9578134066247885e-02
>>>> mla solve time: 0.112442 (s)
 40 KSP unpreconditioned resid norm 1.140649957294e+01 true resid norm 1.140649957294e+01 ||r(i)||/||b|| 3.128772335572e+01
0 MLA ||r(i)||/||b|| 1.4020831763432224e+00
1 MLA ||r(i)||/||b|| 4.9682872795689115e-02
>>>> mla solve time: 0.112342 (s)
 41 KSP unpreconditioned resid norm 1.164451367214e+01 true resid norm 1.164451367214e+01 ||r(i)||/||b|| 3.194058966611e+01
0 MLA ||r(i)||/||b|| 1.4030894357262327e+00
1 MLA ||r(i)||/||b|| 5.1023254889948175e-02
>>>> mla solve time: 0.113121 (s)
 42 KSP unpreconditioned resid norm 1.210841887789e+01 true resid norm 1.210841887789e+01 ||r(i)||/||b|| 3.321306924216e+01
0 MLA ||r(i)||/||b|| 1.3887394777264412e+00
1 MLA ||r(i)||/||b|| 4.9776649772099044e-02
>>>> mla solve time: 0.112678 (s)
 43 KSP unpreconditioned resid norm 1.176475562710e+01 true resid norm 1.176475562710e+01 ||r(i)||/||b|| 3.227041013367e+01
0 MLA ||r(i)||/||b|| 1.4376035001272827e+00
1 MLA ||r(i)||/||b|| 5.1556865966134777e-02
>>>> mla solve time: 0.11318 (s)
 44 KSP unpreconditioned resid norm 9.834551890941e+00 true resid norm 9.834551890941e+00 ||r(i)||/||b|| 2.697591289279e+01
0 MLA ||r(i)||/||b|| 1.5600574196281818e+00
1 MLA ||r(i)||/||b|| 5.7368327491912945e-02
>>>> mla solve time: 0.113668 (s)
 45 KSP unpreconditioned resid norm 9.589978819569e+00 true resid norm 9.589978819569e+00 ||r(i)||/||b|| 2.630505549711e+01
0 MLA ||r(i)||/||b|| 1.4337221087922531e+00
1 MLA ||r(i)||/||b|| 5.3824751925203321e-02
>>>> mla solve time: 0.115957 (s)
 46 KSP unpreconditioned resid norm 1.222108799443e+01 true resid norm 1.222108799443e+01 ||r(i)||/||b|| 3.352211761641e+01
0 MLA ||r(i)||/||b|| 1.2726174580409280e+00
1 MLA ||r(i)||/||b|| 4.4433067486856971e-02
>>>> mla solve time: 0.121734 (s)
 47 KSP unpreconditioned resid norm 1.145855401452e+01 true resid norm 1.145855401452e+01 ||r(i)||/||b|| 3.143050729721e+01
0 MLA ||r(i)||/||b|| 1.4643454202174373e+00
1 MLA ||r(i)||/||b|| 5.2331943859266108e-02
>>>> mla solve time: 0.113286 (s)
 48 KSP unpreconditioned resid norm 1.193813921409e+01 true resid norm 1.193813921409e+01 ||r(i)||/||b|| 3.274599667706e+01
0 MLA ||r(i)||/||b|| 1.3892444084896662e+00
1 MLA ||r(i)||/||b|| 4.9005891368308671e-02
>>>> mla solve time: 0.113348 (s)
 49 KSP unpreconditioned resid norm 1.214924018347e+01 true resid norm 1.214924018347e+01 ||r(i)||/||b|| 3.332504099192e+01
0 MLA ||r(i)||/||b|| 1.4034750421237243e+00
1 MLA ||r(i)||/||b|| 4.9233059181787581e-02
>>>> mla solve time: 0.112691 (s)
 50 KSP unpreconditioned resid norm 1.263304451317e+01 true resid norm 1.263304451317e+01 ||r(i)||/||b|| 3.465210333294e+01
0 MLA ||r(i)||/||b|| 1.3888778832964004e+00
1 MLA ||r(i)||/||b|| 4.7823275903364569e-02
>>>> mla solve time: 0.113379 (s)
 51 KSP unpreconditioned resid norm 1.260506534206e+01 true resid norm 1.260506534206e+01 ||r(i)||/||b|| 3.457535721467e+01
0 MLA ||r(i)||/||b|| 1.4180934993821570e+00
1 MLA ||r(i)||/||b|| 4.8969849503141781e-02
>>>> mla solve time: 0.112989 (s)
 52 KSP unpreconditioned resid norm 1.288868542976e+01 true resid norm 1.288868542976e+01 ||r(i)||/||b|| 3.535331953213e+01
0 MLA ||r(i)||/||b|| 1.4007292121751398e+00
1 MLA ||r(i)||/||b|| 4.8097024306378855e-02
>>>> mla solve time: 0.113534 (s)
 53 KSP unpreconditioned resid norm 1.260929292630e+01 true resid norm 1.260929292630e+01 ||r(i)||/||b|| 3.458695336518e+01
0 MLA ||r(i)||/||b|| 1.4315778688944611e+00
1 MLA ||r(i)||/||b|| 4.8655979181958409e-02
>>>> mla solve time: 0.112542 (s)
 54 KSP unpreconditioned resid norm 1.288645991299e+01 true resid norm 1.288645991299e+01 ||r(i)||/||b|| 3.534721499913e+01
0 MLA ||r(i)||/||b|| 1.4019516685963440e+00
1 MLA ||r(i)||/||b|| 4.8145595186299031e-02
>>>> mla solve time: 0.117469 (s)
 55 KSP unpreconditioned resid norm 1.305605301854e+01 true resid norm 1.305605301854e+01 ||r(i)||/||b|| 3.581240435329e+01
0 MLA ||r(i)||/||b|| 1.4064916948890760e+00
1 MLA ||r(i)||/||b|| 4.7012973486139135e-02
>>>> mla solve time: 0.113094 (s)
 56 KSP unpreconditioned resid norm 1.301313074001e+01 true resid norm 1.301313074001e+01 ||r(i)||/||b|| 3.569466969089e+01
0 MLA ||r(i)||/||b|| 1.4183348954937411e+00
1 MLA ||r(i)||/||b|| 4.8386648928212130e-02
>>>> mla solve time: 0.113719 (s)
 57 KSP unpreconditioned resid norm 1.314334992075e+01 true resid norm 1.314334992075e+01 ||r(i)||/||b|| 3.605185742200e+01
0 MLA ||r(i)||/||b|| 1.4099037848904226e+00
1 MLA ||r(i)||/||b|| 4.8082543057285487e-02
>>>> mla solve time: 0.11255 (s)
 58 KSP unpreconditioned resid norm 1.297514273452e+01 true resid norm 1.297514273452e+01 ||r(i)||/||b|| 3.559046960750e+01
0 MLA ||r(i)||/||b|| 1.4253004701821812e+00
1 MLA ||r(i)||/||b|| 4.8509724224165086e-02
>>>> mla solve time: 0.113214 (s)
 59 KSP unpreconditioned resid norm 1.312861395664e+01 true resid norm 1.312861395664e+01 ||r(i)||/||b|| 3.601143706645e+01
0 MLA ||r(i)||/||b|| 1.4077085961887670e+00
1 MLA ||r(i)||/||b|| 4.8402596138117475e-02
>>>> mla solve time: 0.113087 (s)
 60 KSP unpreconditioned resid norm 1.332461595541e+01 true resid norm 1.332461595541e+01 ||r(i)||/||b|| 3.654906530863e+01
0 MLA ||r(i)||/||b|| 1.4063204406996681e+00
1 MLA ||r(i)||/||b|| 4.7700776093897349e-02
>>>> mla solve time: 0.112511 (s)
 61 KSP unpreconditioned resid norm 1.336946914090e+01 true resid norm 1.336946914090e+01 ||r(i)||/||b|| 3.667209639720e+01
0 MLA ||r(i)||/||b|| 1.4134294003656234e+00
1 MLA ||r(i)||/||b|| 4.8997202824838076e-02
>>>> mla solve time: 0.112315 (s)
 62 KSP unpreconditioned resid norm 1.378121358187e+01 true resid norm 1.378121358187e+01 ||r(i)||/||b|| 3.780150039005e+01
0 MLA ||r(i)||/||b|| 1.3954611736988467e+00
1 MLA ||r(i)||/||b|| 4.8719589249237152e-02
>>>> mla solve time: 0.112831 (s)
 63 KSP unpreconditioned resid norm 1.335377965409e+01 true resid norm 1.335377965409e+01 ||r(i)||/||b|| 3.662906055436e+01
0 MLA ||r(i)||/||b|| 1.4391473194138993e+00
1 MLA ||r(i)||/||b|| 5.0952193852989179e-02
>>>> mla solve time: 0.115099 (s)
 64 KSP unpreconditioned resid norm 1.280532422122e+01 true resid norm 1.280532422122e+01 ||r(i)||/||b|| 3.512466196592e+01
0 MLA ||r(i)||/||b|| 1.4478483568854463e+00
1 MLA ||r(i)||/||b|| 5.3114871661520992e-02
>>>> mla solve time: 0.113835 (s)
 65 KSP unpreconditioned resid norm 1.184873943640e+01 true resid norm 1.184873943640e+01 ||r(i)||/||b|| 3.250077547712e+01
0 MLA ||r(i)||/||b|| 1.4740025422466860e+00
1 MLA ||r(i)||/||b|| 5.3822304924986401e-02
>>>> mla solve time: 0.112638 (s)
 66 KSP unpreconditioned resid norm 1.169677384782e+01 true resid norm 1.169677384782e+01 ||r(i)||/||b|| 3.208393793072e+01
0 MLA ||r(i)||/||b|| 1.4263520989196437e+00
1 MLA ||r(i)||/||b|| 5.2078476352587368e-02
>>>> mla solve time: 0.113639 (s)
 67 KSP unpreconditioned resid norm 1.278660561125e+01 true resid norm 1.278660561125e+01 ||r(i)||/||b|| 3.507331731925e+01
0 MLA ||r(i)||/||b|| 1.3567731233759202e+00
1 MLA ||r(i)||/||b|| 4.8395576934026109e-02
>>>> mla solve time: 0.113817 (s)
 68 KSP unpreconditioned resid norm 1.393631055753e+01 true resid norm 1.393631055753e+01 ||r(i)||/||b|| 3.822692724751e+01
0 MLA ||r(i)||/||b|| 1.3589788404390348e+00
1 MLA ||r(i)||/||b|| 4.8245923660340750e-02
>>>> mla solve time: 0.112789 (s)
 69 KSP unpreconditioned resid norm 1.297038288363e+01 true resid norm 1.297038288363e+01 ||r(i)||/||b|| 3.557741346378e+01
0 MLA ||r(i)||/||b|| 1.4704935280235043e+00
1 MLA ||r(i)||/||b|| 5.3605720681391779e-02
>>>> mla solve time: 0.112607 (s)
 70 KSP unpreconditioned resid norm 1.340702115357e+01 true resid norm 1.340702115357e+01 ||r(i)||/||b|| 3.677510056394e+01
0 MLA ||r(i)||/||b|| 1.3933124579862421e+00
1 MLA ||r(i)||/||b|| 5.0885739222414808e-02
>>>> mla solve time: 0.113477 (s)
 71 KSP unpreconditioned resid norm 1.356594583409e+01 true resid norm 1.356594583409e+01 ||r(i)||/||b|| 3.721102671345e+01
0 MLA ||r(i)||/||b|| 1.4084375512458518e+00
1 MLA ||r(i)||/||b|| 5.1565110087177991e-02
>>>> mla solve time: 0.11217 (s)
 72 KSP unpreconditioned resid norm 1.359041788474e+01 true resid norm 1.359041788474e+01 ||r(i)||/||b|| 3.727815289408e+01
0 MLA ||r(i)||/||b|| 1.4149677136646903e+00
1 MLA ||r(i)||/||b|| 5.2050185814035164e-02
>>>> mla solve time: 0.113063 (s)
 73 KSP unpreconditioned resid norm 1.377544735784e+01 true resid norm 1.377544735784e+01 ||r(i)||/||b|| 3.778568379171e+01
0 MLA ||r(i)||/||b|| 1.4063940063064855e+00
1 MLA ||r(i)||/||b|| 5.1052634055110423e-02
>>>> mla solve time: 0.112058 (s)
 74 KSP unpreconditioned resid norm 1.382625704271e+01 true resid norm 1.382625704271e+01 ||r(i)||/||b|| 3.792505339882e+01
0 MLA ||r(i)||/||b|| 1.4141070510717781e+00
1 MLA ||r(i)||/||b|| 5.1535448352738031e-02
>>>> mla solve time: 0.112455 (s)
 75 KSP unpreconditioned resid norm 1.373644021720e+01 true resid norm 1.373644021720e+01 ||r(i)||/||b|| 3.767868824785e+01
0 MLA ||r(i)||/||b|| 1.4200967858413607e+00
1 MLA ||r(i)||/||b|| 5.2042388247401240e-02
>>>> mla solve time: 0.112613 (s)
 76 KSP unpreconditioned resid norm 1.356357665298e+01 true resid norm 1.356357665298e+01 ||r(i)||/||b|| 3.720452811303e+01
0 MLA ||r(i)||/||b|| 1.4264290181278116e+00
1 MLA ||r(i)||/||b|| 5.3726148572741078e-02
>>>> mla solve time: 0.112884 (s)
 77 KSP unpreconditioned resid norm 1.346879054585e+01 true resid norm 1.346879054585e+01 ||r(i)||/||b|| 3.694453235544e+01
0 MLA ||r(i)||/||b|| 1.4201224364422407e+00
1 MLA ||r(i)||/||b|| 5.3337702925983672e-02
>>>> mla solve time: 0.11328 (s)
 78 KSP unpreconditioned resid norm 1.346076047238e+01 true resid norm 1.346076047238e+01 ||r(i)||/||b|| 3.692250607861e+01
0 MLA ||r(i)||/||b|| 1.4185364555571676e+00
1 MLA ||r(i)||/||b|| 5.4196884256057794e-02
>>>> mla solve time: 0.112923 (s)
 79 KSP unpreconditioned resid norm 1.356549190615e+01 true resid norm 1.356549190615e+01 ||r(i)||/||b|| 3.720978160125e+01
0 MLA ||r(i)||/||b|| 1.4096406761949201e+00
1 MLA ||r(i)||/||b|| 5.3102092049001640e-02
>>>> mla solve time: 0.112853 (s)
 80 KSP unpreconditioned resid norm 1.341612097639e+01 true resid norm 1.341612097639e+01 ||r(i)||/||b|| 3.680006113461e+01
0 MLA ||r(i)||/||b|| 1.4252830895615709e+00
1 MLA ||r(i)||/||b|| 5.3930702882400629e-02
>>>> mla solve time: 0.113755 (s)
 81 KSP unpreconditioned resid norm 1.345413056170e+01 true resid norm 1.345413056170e+01 ||r(i)||/||b|| 3.690432041088e+01
0 MLA ||r(i)||/||b|| 1.4138696437731380e+00
1 MLA ||r(i)||/||b|| 5.3887258040048354e-02
>>>> mla solve time: 0.114559 (s)
 82 KSP unpreconditioned resid norm 1.356628364536e+01 true resid norm 1.356628364536e+01 ||r(i)||/||b|| 3.721195332075e+01
0 MLA ||r(i)||/||b|| 1.4109744811374501e+00
1 MLA ||r(i)||/||b|| 5.3436909621524906e-02
>>>> mla solve time: 0.113085 (s)
 83 KSP unpreconditioned resid norm 1.353812114239e+01 true resid norm 1.353812114239e+01 ||r(i)||/||b|| 3.713470432806e+01
0 MLA ||r(i)||/||b|| 1.4181271925516115e+00
1 MLA ||r(i)||/||b|| 5.4623527267013638e-02
>>>> mla solve time: 0.11289 (s)
 84 KSP unpreconditioned resid norm 1.323273340323e+01 true resid norm 1.323273340323e+01 ||r(i)||/||b|| 3.629703392464e+01
0 MLA ||r(i)||/||b|| 1.4326367887837153e+00
1 MLA ||r(i)||/||b|| 5.6187443696103088e-02
>>>> mla solve time: 0.113019 (s)
 85 KSP unpreconditioned resid norm 1.279306726922e+01 true resid norm 1.279306726922e+01 ||r(i)||/||b|| 3.509104147428e+01
0 MLA ||r(i)||/||b|| 1.4417986260584508e+00
1 MLA ||r(i)||/||b|| 5.7280084731511041e-02
>>>> mla solve time: 0.112708 (s)
 86 KSP unpreconditioned resid norm 1.229808290636e+01 true resid norm 1.229808290636e+01 ||r(i)||/||b|| 3.373331260126e+01
0 MLA ||r(i)||/||b|| 1.4444181383736086e+00
1 MLA ||r(i)||/||b|| 5.6865131600807868e-02
>>>> mla solve time: 0.116504 (s)
 87 KSP unpreconditioned resid norm 1.197018602763e+01 true resid norm 1.197018602763e+01 ||r(i)||/||b|| 3.283390022979e+01
0 MLA ||r(i)||/||b|| 1.4363767781954124e+00
1 MLA ||r(i)||/||b|| 5.6519494181737198e-02
>>>> mla solve time: 0.117085 (s)
 88 KSP unpreconditioned resid norm 1.298800145879e+01 true resid norm 1.298800145879e+01 ||r(i)||/||b|| 3.562574074436e+01
0 MLA ||r(i)||/||b|| 1.3610489272581643e+00
1 MLA ||r(i)||/||b|| 5.2647120893707849e-02
>>>> mla solve time: 0.112937 (s)
 89 KSP unpreconditioned resid norm 1.428582312387e+01 true resid norm 1.428582312387e+01 ||r(i)||/||b|| 3.918563087215e+01
0 MLA ||r(i)||/||b|| 1.3540959384603668e+00
1 MLA ||r(i)||/||b|| 5.1393169083380361e-02
>>>> mla solve time: 0.112576 (s)
 90 KSP unpreconditioned resid norm 1.364824403853e+01 true resid norm 1.364824403853e+01 ||r(i)||/||b|| 3.743676848786e+01
0 MLA ||r(i)||/||b|| 1.4496328406349277e+00
1 MLA ||r(i)||/||b|| 5.6141535719220675e-02
>>>> mla solve time: 0.112786 (s)
 91 KSP unpreconditioned resid norm 1.342926018111e+01 true resid norm 1.342926018111e+01 ||r(i)||/||b|| 3.683610162186e+01
0 MLA ||r(i)||/||b|| 1.4279527134087460e+00
1 MLA ||r(i)||/||b|| 5.6556019619884997e-02
>>>> mla solve time: 0.112981 (s)
 92 KSP unpreconditioned resid norm 1.408550636483e+01 true resid norm 1.408550636483e+01 ||r(i)||/||b|| 3.863616735791e+01
0 MLA ||r(i)||/||b|| 1.3838535521628295e+00
1 MLA ||r(i)||/||b|| 5.5020445718214649e-02
>>>> mla solve time: 0.113359 (s)
 93 KSP unpreconditioned resid norm 1.370648853153e+01 true resid norm 1.370648853153e+01 ||r(i)||/||b|| 3.759653157488e+01
0 MLA ||r(i)||/||b|| 1.4363806551924767e+00
1 MLA ||r(i)||/||b|| 5.7158654931461585e-02
>>>> mla solve time: 0.113534 (s)
 94 KSP unpreconditioned resid norm 1.404481801125e+01 true resid norm 1.404481801125e+01 ||r(i)||/||b|| 3.852456029193e+01
0 MLA ||r(i)||/||b|| 1.3997813217469319e+00
1 MLA ||r(i)||/||b|| 5.5850469928058227e-02
>>>> mla solve time: 0.113063 (s)
 95 KSP unpreconditioned resid norm 1.401645669292e+01 true resid norm 1.401645669292e+01 ||r(i)||/||b|| 3.844676595403e+01
0 MLA ||r(i)||/||b|| 1.4173436645645729e+00
1 MLA ||r(i)||/||b|| 5.7438260632996396e-02
>>>> mla solve time: 0.116933 (s)
 96 KSP unpreconditioned resid norm 1.381086583488e+01 true resid norm 1.381086583488e+01 ||r(i)||/||b|| 3.788283572727e+01
0 MLA ||r(i)||/||b|| 1.4279968343376228e+00
1 MLA ||r(i)||/||b|| 5.7933266163093640e-02
>>>> mla solve time: 0.112442 (s)
 97 KSP unpreconditioned resid norm 1.385400026304e+01 true resid norm 1.385400026304e+01 ||r(i)||/||b|| 3.800115231043e+01
0 MLA ||r(i)||/||b|| 1.4137245689520428e+00
1 MLA ||r(i)||/||b|| 5.7600686717680469e-02
>>>> mla solve time: 0.112776 (s)
 98 KSP unpreconditioned resid norm 1.366272554261e+01 true resid norm 1.366272554261e+01 ||r(i)||/||b|| 3.747649086635e+01
0 MLA ||r(i)||/||b|| 1.4270067134252542e+00
1 MLA ||r(i)||/||b|| 5.8185217703337525e-02
>>>> mla solve time: 0.117543 (s)
 99 KSP unpreconditioned resid norm 1.371748660578e+01 true resid norm 1.371748660578e+01 ||r(i)||/||b|| 3.762669899851e+01
0 MLA ||r(i)||/||b|| 1.4134675839733291e+00
1 MLA ||r(i)||/||b|| 5.7944432922147085e-02
>>>> mla solve time: 0.11263 (s)
100 KSP unpreconditioned resid norm 1.363446268453e+01 true resid norm 1.363446268453e+01 ||r(i)||/||b|| 3.739896660229e+01
0 MLA ||r(i)||/||b|| 1.4208023482124921e+00
1 MLA ||r(i)||/||b|| 5.8835687295848219e-02
>>>> mla solve time: 0.112505 (s)
101 KSP unpreconditioned resid norm 1.379919579876e+01 true resid norm 1.379919579876e+01 ||r(i)||/||b|| 3.785082513019e+01
0 MLA ||r(i)||/||b|| 1.4092920093046275e+00
1 MLA ||r(i)||/||b|| 5.9118422042147942e-02
>>>> mla solve time: 0.11248 (s)
102 KSP unpreconditioned resid norm 1.386750074334e+01 true resid norm 1.386750074334e+01 ||r(i)||/||b|| 3.803818376694e+01
0 MLA ||r(i)||/||b|| 1.4122603830814107e+00
1 MLA ||r(i)||/||b|| 5.9204174679116081e-02
>>>> mla solve time: 0.112889 (s)
103 KSP unpreconditioned resid norm 1.385738663592e+01 true resid norm 1.385738663592e+01 ||r(i)||/||b|| 3.801044104069e+01
0 MLA ||r(i)||/||b|| 1.4178317111639331e+00
1 MLA ||r(i)||/||b|| 5.9845677907313488e-02
>>>> mla solve time: 0.113025 (s)
104 KSP unpreconditioned resid norm 1.377249055376e+01 true resid norm 1.377249055376e+01 ||r(i)||/||b|| 3.777757335719e+01
0 MLA ||r(i)||/||b|| 1.4214521476896953e+00
1 MLA ||r(i)||/||b|| 6.0264726925973219e-02
>>>> mla solve time: 0.112308 (s)
105 KSP unpreconditioned resid norm 1.374963473400e+01 true resid norm 1.374963473400e+01 ||r(i)||/||b|| 3.771488045467e+01
0 MLA ||r(i)||/||b|| 1.4177804163473919e+00
1 MLA ||r(i)||/||b|| 6.0243665619767704e-02
>>>> mla solve time: 0.117062 (s)
106 KSP unpreconditioned resid norm 1.355287906321e+01 true resid norm 1.355287906321e+01 ||r(i)||/||b|| 3.717518491030e+01
0 MLA ||r(i)||/||b|| 1.4275140245830871e+00
1 MLA ||r(i)||/||b|| 6.0233672055806070e-02
>>>> mla solve time: 0.113862 (s)
107 KSP unpreconditioned resid norm 1.315834182289e+01 true resid norm 1.315834182289e+01 ||r(i)||/||b|| 3.609297980876e+01
0 MLA ||r(i)||/||b|| 1.4382607491548327e+00
1 MLA ||r(i)||/||b|| 6.0484704700355579e-02
>>>> mla solve time: 0.113005 (s)
108 KSP unpreconditioned resid norm 1.322416595647e+01 true resid norm 1.322416595647e+01 ||r(i)||/||b|| 3.627353364723e+01
0 MLA ||r(i)||/||b|| 1.4126460547876210e+00
1 MLA ||r(i)||/||b|| 5.8600228209821262e-02
>>>> mla solve time: 0.113712 (s)
109 KSP unpreconditioned resid norm 1.378090387667e+01 true resid norm 1.378090387667e+01 ||r(i)||/||b|| 3.780065087696e+01
0 MLA ||r(i)||/||b|| 1.3885727626962194e+00
1 MLA ||r(i)||/||b|| 5.5732128531911805e-02
>>>> mla solve time: 0.113089 (s)
110 KSP unpreconditioned resid norm 1.465133012128e+01 true resid norm 1.465133012128e+01 ||r(i)||/||b|| 4.018820679355e+01
0 MLA ||r(i)||/||b|| 1.3749799917635472e+00
1 MLA ||r(i)||/||b|| 5.4061083478918345e-02
>>>> mla solve time: 0.114172 (s)
111 KSP unpreconditioned resid norm 1.501727236808e+01 true resid norm 1.501727236808e+01 ||r(i)||/||b|| 4.119197659241e+01
0 MLA ||r(i)||/||b|| 1.3992778748279142e+00
1 MLA ||r(i)||/||b|| 5.4751424069798056e-02
>>>> mla solve time: 0.112897 (s)
112 KSP unpreconditioned resid norm 1.449481452268e+01 true resid norm 1.449481452268e+01 ||r(i)||/||b|| 3.975888869132e+01
0 MLA ||r(i)||/||b|| 1.4419740881154539e+00
1 MLA ||r(i)||/||b|| 5.6912046861572092e-02
>>>> mla solve time: 0.113069 (s)
113 KSP unpreconditioned resid norm 1.455951521608e+01 true resid norm 1.455951521608e+01 ||r(i)||/||b|| 3.993636096343e+01
0 MLA ||r(i)||/||b|| 1.4139381040629078e+00
1 MLA ||r(i)||/||b|| 5.5894224039508549e-02
>>>> mla solve time: 0.113098 (s)
114 KSP unpreconditioned resid norm 1.480261628664e+01 true resid norm 1.480261628664e+01 ||r(i)||/||b|| 4.060318070024e+01
0 MLA ||r(i)||/||b|| 1.4045379308321086e+00
1 MLA ||r(i)||/||b|| 5.5783333547450152e-02
>>>> mla solve time: 0.113321 (s)
115 KSP unpreconditioned resid norm 1.459754481777e+01 true resid norm 1.459754481777e+01 ||r(i)||/||b|| 4.004067514407e+01
0 MLA ||r(i)||/||b|| 1.4269565660141679e+00
1 MLA ||r(i)||/||b|| 5.6793328030382804e-02
>>>> mla solve time: 0.113562 (s)
116 KSP unpreconditioned resid norm 1.483976808419e+01 true resid norm 1.483976808419e+01 ||r(i)||/||b|| 4.070508708760e+01
0 MLA ||r(i)||/||b|| 1.4046776301008024e+00
1 MLA ||r(i)||/||b|| 5.6200392470419837e-02
>>>> mla solve time: 0.112472 (s)
117 KSP unpreconditioned resid norm 1.472983100031e+01 true resid norm 1.472983100031e+01 ||r(i)||/||b|| 4.040353260588e+01
0 MLA ||r(i)||/||b|| 1.4221130633888355e+00
1 MLA ||r(i)||/||b|| 5.7611777464010021e-02
>>>> mla solve time: 0.112612 (s)
118 KSP unpreconditioned resid norm 1.478776432714e+01 true resid norm 1.478776432714e+01 ||r(i)||/||b|| 4.056244217242e+01
0 MLA ||r(i)||/||b|| 1.4136117750407564e+00
1 MLA ||r(i)||/||b|| 5.7402828188908107e-02
>>>> mla solve time: 0.112789 (s)
119 KSP unpreconditioned resid norm 1.444805610520e+01 true resid norm 1.444805610520e+01 ||r(i)||/||b|| 3.963063160233e+01
0 MLA ||r(i)||/||b|| 1.4339820886610863e+00
1 MLA ||r(i)||/||b|| 5.8866579304381876e-02
>>>> mla solve time: 0.112931 (s)
120 KSP unpreconditioned resid norm 1.456897515717e+01 true resid norm 1.456897515717e+01 ||r(i)||/||b|| 3.996230932891e+01
0 MLA ||r(i)||/||b|| 1.4103735679639022e+00
1 MLA ||r(i)||/||b|| 5.7740617737838479e-02
>>>> mla solve time: 0.112669 (s)
121 KSP unpreconditioned resid norm 1.441681886293e+01 true resid norm 1.441681886293e+01 ||r(i)||/||b|| 3.954494868197e+01
0 MLA ||r(i)||/||b|| 1.4240671695774643e+00
1 MLA ||r(i)||/||b|| 5.7955223695624371e-02
>>>> mla solve time: 0.113199 (s)
122 KSP unpreconditioned resid norm 1.445640106786e+01 true resid norm 1.445640106786e+01 ||r(i)||/||b|| 3.965352161180e+01
0 MLA ||r(i)||/||b|| 1.4150778099047896e+00
1 MLA ||r(i)||/||b|| 5.7876501286375892e-02
>>>> mla solve time: 0.113719 (s)
123 KSP unpreconditioned resid norm 1.456349409404e+01 true resid norm 1.456349409404e+01 ||r(i)||/||b|| 3.994727491928e+01
0 MLA ||r(i)||/||b|| 1.4114524202804868e+00
1 MLA ||r(i)||/||b|| 5.7545952430788305e-02
>>>> mla solve time: 0.11338 (s)
124 KSP unpreconditioned resid norm 1.445144790976e+01 true resid norm 1.445144790976e+01 ||r(i)||/||b|| 3.963993523156e+01
0 MLA ||r(i)||/||b|| 1.4221801832776508e+00
1 MLA ||r(i)||/||b|| 5.8476817960452697e-02
>>>> mla solve time: 0.11402 (s)
125 KSP unpreconditioned resid norm 1.458784146516e+01 true resid norm 1.458784146516e+01 ||r(i)||/||b|| 4.001405910731e+01
0 MLA ||r(i)||/||b|| 1.4102685609594865e+00
1 MLA ||r(i)||/||b|| 5.7738811702582875e-02
>>>> mla solve time: 0.112768 (s)
126 KSP unpreconditioned resid norm 1.449431202921e+01 true resid norm 1.449431202921e+01 ||r(i)||/||b|| 3.975751036517e+01
0 MLA ||r(i)||/||b|| 1.4214292362081100e+00
1 MLA ||r(i)||/||b|| 5.7960565087175293e-02
>>>> mla solve time: 0.113847 (s)
127 KSP unpreconditioned resid norm 1.425986958421e+01 true resid norm 1.425986958421e+01 ||r(i)||/||b|| 3.911444100677e+01
0 MLA ||r(i)||/||b|| 1.4287221768269243e+00
1 MLA ||r(i)||/||b|| 5.7775338793873192e-02
>>>> mla solve time: 0.123732 (s)
128 KSP unpreconditioned resid norm 1.408859388560e+01 true resid norm 1.408859388560e+01 ||r(i)||/||b|| 3.864463634484e+01
0 MLA ||r(i)||/||b|| 1.4253087332696879e+00
1 MLA ||r(i)||/||b|| 5.7149586123726115e-02
>>>> mla solve time: 0.129063 (s)
129 KSP unpreconditioned resid norm 1.407207617830e+01 true resid norm 1.407207617830e+01 ||r(i)||/||b|| 3.859932871534e+01
0 MLA ||r(i)||/||b|| 1.4171347847052003e+00
1 MLA ||r(i)||/||b|| 5.6124215120474441e-02
>>>> mla solve time: 0.130105 (s)
130 KSP unpreconditioned resid norm 1.477874765000e+01 true resid norm 1.477874765000e+01 ||r(i)||/||b|| 4.053770966811e+01
0 MLA ||r(i)||/||b|| 1.3831401544191915e+00
1 MLA ||r(i)||/||b|| 5.3405464674344247e-02
>>>> mla solve time: 0.130687 (s)
131 KSP unpreconditioned resid norm 1.547471470207e+01 true resid norm 1.547471470207e+01 ||r(i)||/||b|| 4.244672868404e+01
0 MLA ||r(i)||/||b|| 1.3851506197159604e+00
1 MLA ||r(i)||/||b|| 5.2372974673299579e-02
>>>> mla solve time: 0.129046 (s)
132 KSP unpreconditioned resid norm 1.554186156043e+01 true resid norm 1.554186156043e+01 ||r(i)||/||b|| 4.263091072123e+01
0 MLA ||r(i)||/||b|| 1.4132705395543035e+00
1 MLA ||r(i)||/||b|| 5.3722478722604050e-02
>>>> mla solve time: 0.129298 (s)
133 KSP unpreconditioned resid norm 1.505918738000e+01 true resid norm 1.505918738000e+01 ||r(i)||/||b|| 4.130694834944e+01
0 MLA ||r(i)||/||b|| 1.4395604077869713e+00
1 MLA ||r(i)||/||b|| 5.5092376746400322e-02
>>>> mla solve time: 0.128828 (s)
134 KSP unpreconditioned resid norm 1.523553089273e+01 true resid norm 1.523553089273e+01 ||r(i)||/||b|| 4.179065389002e+01
0 MLA ||r(i)||/||b|| 1.4086570166649339e+00
1 MLA ||r(i)||/||b|| 5.3814550571218131e-02
>>>> mla solve time: 0.129759 (s)
135 KSP unpreconditioned resid norm 1.534616397493e+01 true resid norm 1.534616397493e+01 ||r(i)||/||b|| 4.209411747652e+01
0 MLA ||r(i)||/||b|| 1.4108789624253351e+00
1 MLA ||r(i)||/||b|| 5.4101039384640080e-02
>>>> mla solve time: 0.117674 (s)
136 KSP unpreconditioned resid norm 1.490853651658e+01 true resid norm 1.490853651658e+01 ||r(i)||/||b|| 4.089371705901e+01
0 MLA ||r(i)||/||b|| 1.4378272125648626e+00
1 MLA ||r(i)||/||b|| 5.5612311903367462e-02
>>>> mla solve time: 0.113207 (s)
137 KSP unpreconditioned resid norm 1.516003166569e+01 true resid norm 1.516003166569e+01 ||r(i)||/||b|| 4.158356152886e+01
0 MLA ||r(i)||/||b|| 1.4046549285987762e+00
1 MLA ||r(i)||/||b|| 5.4188016146460051e-02
>>>> mla solve time: 0.112739 (s)
138 KSP unpreconditioned resid norm 1.504123174805e+01 true resid norm 1.504123174805e+01 ||r(i)||/||b|| 4.125769653109e+01
0 MLA ||r(i)||/||b|| 1.4227939821712139e+00
1 MLA ||r(i)||/||b|| 5.5264193972885338e-02
>>>> mla solve time: 0.112439 (s)
139 KSP unpreconditioned resid norm 1.493250536048e+01 true resid norm 1.493250536048e+01 ||r(i)||/||b|| 4.095946295698e+01
0 MLA ||r(i)||/||b|| 1.4215251716028923e+00
1 MLA ||r(i)||/||b|| 5.5294219239640341e-02
>>>> mla solve time: 0.112507 (s)
140 KSP unpreconditioned resid norm 1.492434577195e+01 true resid norm 1.492434577195e+01 ||r(i)||/||b|| 4.093708142380e+01
0 MLA ||r(i)||/||b|| 1.4171076672092280e+00
1 MLA ||r(i)||/||b|| 5.5190202218327891e-02
>>>> mla solve time: 0.112763 (s)
141 KSP unpreconditioned resid norm 1.473391045661e+01 true resid norm 1.473391045661e+01 ||r(i)||/||b|| 4.041472244545e+01
0 MLA ||r(i)||/||b|| 1.4255913546789036e+00
1 MLA ||r(i)||/||b|| 5.5404850829502937e-02
>>>> mla solve time: 0.112894 (s)
142 KSP unpreconditioned resid norm 1.466835647753e+01 true resid norm 1.466835647753e+01 ||r(i)||/||b|| 4.023490963354e+01
0 MLA ||r(i)||/||b|| 1.4200183125305446e+00
1 MLA ||r(i)||/||b|| 5.5532836428139394e-02
>>>> mla solve time: 0.112711 (s)
143 KSP unpreconditioned resid norm 1.458324795570e+01 true resid norm 1.458324795570e+01 ||r(i)||/||b|| 4.000145923367e+01
0 MLA ||r(i)||/||b|| 1.4213963245287007e+00
1 MLA ||r(i)||/||b|| 5.5605641709805802e-02
>>>> mla solve time: 0.112685 (s)
144 KSP unpreconditioned resid norm 1.479678106721e+01 true resid norm 1.479678106721e+01 ||r(i)||/||b|| 4.058717484935e+01
0 MLA ||r(i)||/||b|| 1.4059364790700744e+00
1 MLA ||r(i)||/||b|| 5.5061169230476749e-02
>>>> mla solve time: 0.112572 (s)
145 KSP unpreconditioned resid norm 1.477676994236e+01 true resid norm 1.477676994236e+01 ||r(i)||/||b|| 4.053228486892e+01
0 MLA ||r(i)||/||b|| 1.4182517040091891e+00
1 MLA ||r(i)||/||b|| 5.5708616448599348e-02
>>>> mla solve time: 0.112861 (s)
146 KSP unpreconditioned resid norm 1.477427111835e+01 true resid norm 1.477427111835e+01 ||r(i)||/||b|| 4.052543066148e+01
0 MLA ||r(i)||/||b|| 1.4166777217100885e+00
1 MLA ||r(i)||/||b|| 5.5759682772382101e-02
>>>> mla solve time: 0.112999 (s)
147 KSP unpreconditioned resid norm 1.477836193799e+01 true resid norm 1.477836193799e+01 ||r(i)||/||b|| 4.053665167038e+01
0 MLA ||r(i)||/||b|| 1.4164442193841444e+00
1 MLA ||r(i)||/||b|| 5.5468035187957086e-02
>>>> mla solve time: 0.112334 (s)
148 KSP unpreconditioned resid norm 1.450432645738e+01 true resid norm 1.450432645738e+01 ||r(i)||/||b|| 3.978497967389e+01
0 MLA ||r(i)||/||b|| 1.4305007276779389e+00
1 MLA ||r(i)||/||b|| 5.8785660906248163e-02
>>>> mla solve time: 0.112933 (s)
149 KSP unpreconditioned resid norm 1.440834821124e+01 true resid norm 1.440834821124e+01 ||r(i)||/||b|| 3.952171391087e+01
0 MLA ||r(i)||/||b|| 1.4219694062513168e+00
1 MLA ||r(i)||/||b|| 5.4506750381633745e-02
>>>> mla solve time: 0.117125 (s)
150 KSP unpreconditioned resid norm 1.474449585721e+01 true resid norm 1.474449585721e+01 ||r(i)||/||b|| 4.044375791626e+01
0 MLA ||r(i)||/||b|| 1.4001059981019310e+00
1 MLA ||r(i)||/||b|| 5.1957413239534331e-02
>>>> mla solve time: 0.112608 (s)
151 KSP unpreconditioned resid norm 1.532859494663e+01 true resid norm 1.532859494663e+01 ||r(i)||/||b|| 4.204592610162e+01
0 MLA ||r(i)||/||b|| 1.3894678103375699e+00
1 MLA ||r(i)||/||b|| 5.0466461696048265e-02
>>>> mla solve time: 0.112879 (s)
152 KSP unpreconditioned resid norm 1.571626356273e+01 true resid norm 1.571626356273e+01 ||r(i)||/||b|| 4.310929075058e+01
0 MLA ||r(i)||/||b|| 1.3994973958803743e+00
1 MLA ||r(i)||/||b|| 5.0333608483867927e-02
>>>> mla solve time: 0.113369 (s)
153 KSP unpreconditioned resid norm 1.590303170431e+01 true resid norm 1.590303170431e+01 ||r(i)||/||b|| 4.362159076936e+01
0 MLA ||r(i)||/||b|| 1.4075510056701155e+00
1 MLA ||r(i)||/||b|| 5.0269885153126061e-02
>>>> mla solve time: 0.113609 (s)
154 KSP unpreconditioned resid norm 1.545482650390e+01 true resid norm 1.545482650390e+01 ||r(i)||/||b|| 4.239217588819e+01
0 MLA ||r(i)||/||b|| 1.4375572455074532e+00
1 MLA ||r(i)||/||b|| 5.2024956309546969e-02
>>>> mla solve time: 0.114559 (s)
155 KSP unpreconditioned resid norm 1.503731549293e+01 true resid norm 1.503731549293e+01 ||r(i)||/||b|| 4.124695434800e+01
0 MLA ||r(i)||/||b|| 1.4361439432599235e+00
1 MLA ||r(i)||/||b|| 5.1855610446057326e-02
>>>> mla solve time: 0.11284 (s)
156 KSP unpreconditioned resid norm 1.521518485116e+01 true resid norm 1.521518485116e+01 ||r(i)||/||b|| 4.173484524197e+01
0 MLA ||r(i)||/||b|| 1.4080257132022496e+00
1 MLA ||r(i)||/||b|| 5.0233262594335790e-02
>>>> mla solve time: 0.112929 (s)
157 KSP unpreconditioned resid norm 1.537226180274e+01 true resid norm 1.537226180274e+01 ||r(i)||/||b|| 4.216570312042e+01
0 MLA ||r(i)||/||b|| 1.4090165127759069e+00
1 MLA ||r(i)||/||b|| 5.0111000474724304e-02
>>>> mla solve time: 0.113989 (s)
158 KSP unpreconditioned resid norm 1.500245064410e+01 true resid norm 1.500245064410e+01 ||r(i)||/||b|| 4.115132099984e+01
0 MLA ||r(i)||/||b|| 1.4340373923981435e+00
1 MLA ||r(i)||/||b|| 5.1014718756389965e-02
>>>> mla solve time: 0.113145 (s)
159 KSP unpreconditioned resid norm 1.524815943940e+01 true resid norm 1.524815943940e+01 ||r(i)||/||b|| 4.182529365588e+01
0 MLA ||r(i)||/||b|| 1.4049553266954142e+00
1 MLA ||r(i)||/||b|| 5.0073975975094609e-02
>>>> mla solve time: 0.112713 (s)
160 KSP unpreconditioned resid norm 1.493943337464e+01 true resid norm 1.493943337464e+01 ||r(i)||/||b|| 4.097846631459e+01
0 MLA ||r(i)||/||b|| 1.4311649204832741e+00
1 MLA ||r(i)||/||b|| 5.1412978899007290e-02
>>>> mla solve time: 0.112902 (s)
161 KSP unpreconditioned resid norm 1.508580910639e+01 true resid norm 1.508580910639e+01 ||r(i)||/||b|| 4.137997103315e+01
0 MLA ||r(i)||/||b|| 1.4099680338411860e+00
1 MLA ||r(i)||/||b|| 5.1007122409146607e-02
>>>> mla solve time: 0.112507 (s)
162 KSP unpreconditioned resid norm 1.506815782957e+01 true resid norm 1.506815782957e+01 ||r(i)||/||b|| 4.133155405278e+01
0 MLA ||r(i)||/||b|| 1.4166239790400279e+00
1 MLA ||r(i)||/||b|| 5.1268668098254158e-02
>>>> mla solve time: 0.112397 (s)
163 KSP unpreconditioned resid norm 1.506839511735e+01 true resid norm 1.506839511735e+01 ||r(i)||/||b|| 4.133220492680e+01
0 MLA ||r(i)||/||b|| 1.4173640262668443e+00
1 MLA ||r(i)||/||b|| 5.1493632717390908e-02
>>>> mla solve time: 0.112657 (s)
164 KSP unpreconditioned resid norm 1.497232941557e+01 true resid norm 1.497232941557e+01 ||r(i)||/||b|| 4.106869927533e+01
0 MLA ||r(i)||/||b|| 1.4207581635409317e+00
1 MLA ||r(i)||/||b|| 5.1188625423858179e-02
>>>> mla solve time: 0.112152 (s)
165 KSP unpreconditioned resid norm 1.493601346157e+01 true resid norm 1.493601346156e+01 ||r(i)||/||b|| 4.096908558445e+01
0 MLA ||r(i)||/||b|| 1.4182479545953364e+00
1 MLA ||r(i)||/||b|| 5.1198911417559889e-02
>>>> mla solve time: 0.113003 (s)
166 KSP unpreconditioned resid norm 1.511791355652e+01 true resid norm 1.511791355652e+01 ||r(i)||/||b|| 4.146803268150e+01
0 MLA ||r(i)||/||b|| 1.4077148472843610e+00
1 MLA ||r(i)||/||b|| 5.0281971840834584e-02
>>>> mla solve time: 0.113313 (s)
167 KSP unpreconditioned resid norm 1.512465622585e+01 true resid norm 1.512465622585e+01 ||r(i)||/||b|| 4.148652764319e+01
0 MLA ||r(i)||/||b|| 1.4161931382975599e+00
1 MLA ||r(i)||/||b|| 5.0621018862140849e-02
>>>> mla solve time: 0.119889 (s)
168 KSP unpreconditioned resid norm 1.514702304677e+01 true resid norm 1.514702304677e+01 ||r(i)||/||b|| 4.154787923496e+01
0 MLA ||r(i)||/||b|| 1.4153567104198459e+00
1 MLA ||r(i)||/||b|| 5.0316587200568474e-02
>>>> mla solve time: 0.114677 (s)
169 KSP unpreconditioned resid norm 1.499906173956e+01 true resid norm 1.499906173956e+01 ||r(i)||/||b|| 4.114202532530e+01
0 MLA ||r(i)||/||b|| 1.4229538892113436e+00
1 MLA ||r(i)||/||b|| 5.0591237924895872e-02
>>>> mla solve time: 0.112475 (s)
170 KSP unpreconditioned resid norm 1.508327769508e+01 true resid norm 1.508327769508e+01 ||r(i)||/||b|| 4.137302743962e+01
0 MLA ||r(i)||/||b|| 1.4125221596830970e+00
1 MLA ||r(i)||/||b|| 4.9867482969788844e-02
>>>> mla solve time: 0.11304 (s)
171 KSP unpreconditioned resid norm 1.526862170965e+01 true resid norm 1.526862170965e+01 ||r(i)||/||b|| 4.188142111607e+01
0 MLA ||r(i)||/||b|| 1.4074369830641063e+00
1 MLA ||r(i)||/||b|| 4.9371489212482328e-02
>>>> mla solve time: 0.112675 (s)
172 KSP unpreconditioned resid norm 1.573681237763e+01 true resid norm 1.573681237763e+01 ||r(i)||/||b|| 4.316565560044e+01
0 MLA ||r(i)||/||b|| 1.3956603934638976e+00
1 MLA ||r(i)||/||b|| 4.8815713548296363e-02
>>>> mla solve time: 0.112274 (s)
173 KSP unpreconditioned resid norm 1.617704512774e+01 true resid norm 1.617704512774e+01 ||r(i)||/||b|| 4.437320226361e+01
0 MLA ||r(i)||/||b|| 1.3968108806500148e+00
1 MLA ||r(i)||/||b|| 4.8695790983353492e-02
>>>> mla solve time: 0.112595 (s)
174 KSP unpreconditioned resid norm 1.629851353716e+01 true resid norm 1.629851353716e+01 ||r(i)||/||b|| 4.470638686298e+01
0 MLA ||r(i)||/||b|| 1.4114293803306013e+00
1 MLA ||r(i)||/||b|| 4.9467828165205487e-02
>>>> mla solve time: 0.113899 (s)
175 KSP unpreconditioned resid norm 1.588611509844e+01 true resid norm 1.588611509845e+01 ||r(i)||/||b|| 4.357518897178e+01
0 MLA ||r(i)||/||b|| 1.4347492725923572e+00
1 MLA ||r(i)||/||b|| 5.0387231103442010e-02
>>>> mla solve time: 0.112283 (s)
176 KSP unpreconditioned resid norm 1.559160499075e+01 true resid norm 1.559160499075e+01 ||r(i)||/||b|| 4.276735562061e+01
0 MLA ||r(i)||/||b|| 1.4300432852525249e+00
1 MLA ||r(i)||/||b|| 5.0466836734989674e-02
>>>> mla solve time: 0.116621 (s)
177 KSP unpreconditioned resid norm 1.583437907233e+01 true resid norm 1.583437907233e+01 ||r(i)||/||b|| 4.343327843539e+01
0 MLA ||r(i)||/||b|| 1.4058204700484311e+00
1 MLA ||r(i)||/||b|| 4.9320235703468343e-02
>>>> mla solve time: 0.112465 (s)
178 KSP unpreconditioned resid norm 1.570909337107e+01 true resid norm 1.570909337107e+01 ||r(i)||/||b|| 4.308962310657e+01
0 MLA ||r(i)||/||b|| 1.4215415541686902e+00
1 MLA ||r(i)||/||b|| 5.0036385115347616e-02
>>>> mla solve time: 0.117617 (s)
179 KSP unpreconditioned resid norm 1.548253983109e+01 true resid norm 1.548253983109e+01 ||r(i)||/||b|| 4.246819280372e+01
0 MLA ||r(i)||/||b|| 1.4275714018053487e+00
1 MLA ||r(i)||/||b|| 5.0321643971803338e-02
>>>> mla solve time: 0.112712 (s)
180 KSP unpreconditioned resid norm 1.556872282774e+01 true resid norm 1.556872282774e+01 ||r(i)||/||b|| 4.270459045926e+01
0 MLA ||r(i)||/||b|| 1.4126773297673909e+00
1 MLA ||r(i)||/||b|| 5.0324316343634039e-02
>>>> mla solve time: 0.112758 (s)
181 KSP unpreconditioned resid norm 1.559666442556e+01 true resid norm 1.559666442556e+01 ||r(i)||/||b|| 4.278123351501e+01
0 MLA ||r(i)||/||b|| 1.4148406256414519e+00
1 MLA ||r(i)||/||b|| 5.0515513808655280e-02
>>>> mla solve time: 0.112575 (s)
182 KSP unpreconditioned resid norm 1.544456949829e+01 true resid norm 1.544456949829e+01 ||r(i)||/||b|| 4.236404119605e+01
0 MLA ||r(i)||/||b|| 1.4237824990797259e+00
1 MLA ||r(i)||/||b|| 5.0856470561102797e-02
>>>> mla solve time: 0.11412 (s)
183 KSP unpreconditioned resid norm 1.563126325128e+01 true resid norm 1.563126325128e+01 ||r(i)||/||b|| 4.287613716890e+01
0 MLA ||r(i)||/||b|| 1.4075557612022489e+00
1 MLA ||r(i)||/||b|| 5.0267437902234716e-02
>>>> mla solve time: 0.112907 (s)
184 KSP unpreconditioned resid norm 1.549676031278e+01 true resid norm 1.549676031278e+01 ||r(i)||/||b|| 4.250719920479e+01
0 MLA ||r(i)||/||b|| 1.4227490536398064e+00
1 MLA ||r(i)||/||b|| 5.1067245194148327e-02
>>>> mla solve time: 0.115728 (s)
185 KSP unpreconditioned resid norm 1.543701639227e+01 true resid norm 1.543701639227e+01 ||r(i)||/||b|| 4.234332322819e+01
0 MLA ||r(i)||/||b|| 1.4192038568522771e+00
1 MLA ||r(i)||/||b|| 5.1680299217306679e-02
>>>> mla solve time: 0.112746 (s)
186 KSP unpreconditioned resid norm 1.547010237452e+01 true resid norm 1.547010237452e+01 ||r(i)||/||b|| 4.243407719287e+01
0 MLA ||r(i)||/||b|| 1.4152104967326671e+00
1 MLA ||r(i)||/||b|| 5.1846980157105378e-02
>>>> mla solve time: 0.113909 (s)
187 KSP unpreconditioned resid norm 1.550465421397e+01 true resid norm 1.550465421397e+01 ||r(i)||/||b|| 4.252885196468e+01
0 MLA ||r(i)||/||b|| 1.4150542792478711e+00
1 MLA ||r(i)||/||b|| 5.1993820410606885e-02
>>>> mla solve time: 0.113678 (s)
188 KSP unpreconditioned resid norm 1.550179866718e+01 true resid norm 1.550179866718e+01 ||r(i)||/||b|| 4.252101927620e+01
0 MLA ||r(i)||/||b|| 1.4165087307254687e+00
1 MLA ||r(i)||/||b|| 5.2149065853202170e-02
>>>> mla solve time: 0.113957 (s)
189 KSP unpreconditioned resid norm 1.564926983961e+01 true resid norm 1.564926983961e+01 ||r(i)||/||b|| 4.292552875926e+01
0 MLA ||r(i)||/||b|| 1.4100923119199358e+00
1 MLA ||r(i)||/||b|| 5.1791476572870844e-02
>>>> mla solve time: 0.112696 (s)
190 KSP unpreconditioned resid norm 1.562194576797e+01 true resid norm 1.562194576797e+01 ||r(i)||/||b|| 4.285057956130e+01
0 MLA ||r(i)||/||b|| 1.4175456842351362e+00
1 MLA ||r(i)||/||b|| 5.2022537884866014e-02
>>>> mla solve time: 0.112274 (s)
191 KSP unpreconditioned resid norm 1.579559925841e+01 true resid norm 1.579559925841e+01 ||r(i)||/||b|| 4.332690644267e+01
0 MLA ||r(i)||/||b|| 1.4094007878752666e+00
1 MLA ||r(i)||/||b|| 5.1177415016115599e-02
>>>> mla solve time: 0.113265 (s)
192 KSP unpreconditioned resid norm 1.580033816725e+01 true resid norm 1.580033816725e+01 ||r(i)||/||b|| 4.333990514290e+01
0 MLA ||r(i)||/||b|| 1.4156268891239459e+00
1 MLA ||r(i)||/||b|| 5.0616688139626921e-02
>>>> mla solve time: 0.113717 (s)
193 KSP unpreconditioned resid norm 1.631853289120e+01 true resid norm 1.631853289120e+01 ||r(i)||/||b|| 4.476129941585e+01
0 MLA ||r(i)||/||b|| 1.3938605439001936e+00
1 MLA ||r(i)||/||b|| 4.9530769692541686e-02
>>>> mla solve time: 0.112284 (s)
194 KSP unpreconditioned resid norm 1.643423006498e+01 true resid norm 1.643423006498e+01 ||r(i)||/||b|| 4.507865367016e+01
0 MLA ||r(i)||/||b|| 1.4114648815172575e+00
1 MLA ||r(i)||/||b|| 5.0203913855871383e-02
>>>> mla solve time: 0.112546 (s)
195 KSP unpreconditioned resid norm 1.641650384677e+01 true resid norm 1.641650384677e+01 ||r(i)||/||b|| 4.503003112755e+01
0 MLA ||r(i)||/||b|| 1.4168057938612382e+00
1 MLA ||r(i)||/||b|| 5.1404045131008241e-02
>>>> mla solve time: 0.112322 (s)
196 KSP unpreconditioned resid norm 1.599369694003e+01 true resid norm 1.599369694003e+01 ||r(i)||/||b|| 4.387028308686e+01
0 MLA ||r(i)||/||b|| 1.4360876239575888e+00
1 MLA ||r(i)||/||b|| 5.2738199215268754e-02
>>>> mla solve time: 0.11331 (s)
197 KSP unpreconditioned resid norm 1.580923762956e+01 true resid norm 1.580923762956e+01 ||r(i)||/||b|| 4.336431613006e+01
0 MLA ||r(i)||/||b|| 1.4240341581451978e+00
1 MLA ||r(i)||/||b|| 5.3157783129560710e-02
>>>> mla solve time: 0.112698 (s)
198 KSP unpreconditioned resid norm 1.551825056709e+01 true resid norm 1.551825056709e+01 ||r(i)||/||b|| 4.256614639778e+01
0 MLA ||r(i)||/||b|| 1.4306764541604917e+00
1 MLA ||r(i)||/||b|| 5.3491884913611648e-02
>>>> mla solve time: 0.112664 (s)
199 KSP unpreconditioned resid norm 1.577516869079e+01 true resid norm 1.577516869079e+01 ||r(i)||/||b|| 4.327086594192e+01
0 MLA ||r(i)||/||b|| 1.4045081966606141e+00
1 MLA ||r(i)||/||b|| 5.2073138828630870e-02
>>>> mla solve time: 0.112677 (s)
200 KSP unpreconditioned resid norm 1.585378338050e+01 true resid norm 1.585378338050e+01 ||r(i)||/||b|| 4.348650393389e+01
0 MLA ||r(i)||/||b|| 1.4129856037864588e+00
1 MLA ||r(i)||/||b|| 5.2211520520209227e-02
>>>> mla solve time: 0.112538 (s)
201 KSP unpreconditioned resid norm 1.567341119525e+01 true resid norm 1.567341119525e+01 ||r(i)||/||b|| 4.299174785233e+01
0 MLA ||r(i)||/||b|| 1.4251083133473281e+00
1 MLA ||r(i)||/||b|| 6.3288442885257451e-02
>>>> mla solve time: 0.113736 (s)
202 KSP unpreconditioned resid norm 1.594384359625e+01 true resid norm 1.594384359625e+01 ||r(i)||/||b|| 4.373353669779e+01
0 MLA ||r(i)||/||b|| 1.4046262640368701e+00
1 MLA ||r(i)||/||b|| 5.9375634426454625e-02
>>>> mla solve time: 0.112677 (s)
203 KSP unpreconditioned resid norm 1.576715678409e+01 true resid norm 1.576715678409e+01 ||r(i)||/||b|| 4.324888949605e+01
0 MLA ||r(i)||/||b|| 1.4249881858128544e+00
1 MLA ||r(i)||/||b|| 5.3886569706055654e-02
>>>> mla solve time: 0.114721 (s)
204 KSP unpreconditioned resid norm 1.590662800582e+01 true resid norm 1.590662800582e+01 ||r(i)||/||b|| 4.363145532826e+01
0 MLA ||r(i)||/||b|| 1.4099744087281203e+00
1 MLA ||r(i)||/||b|| 5.2357748835893871e-02
>>>> mla solve time: 0.112314 (s)
205 KSP unpreconditioned resid norm 1.594384058199e+01 true resid norm 1.594384058199e+01 ||r(i)||/||b|| 4.373352842974e+01
0 MLA ||r(i)||/||b|| 1.4144571833528987e+00
1 MLA ||r(i)||/||b|| 5.2254661906867818e-02
>>>> mla solve time: 0.112601 (s)
206 KSP unpreconditioned resid norm 1.577987138057e+01 true resid norm 1.577987138057e+01 ||r(i)||/||b|| 4.328376529427e+01
0 MLA ||r(i)||/||b|| 1.4240373528220565e+00
1 MLA ||r(i)||/||b|| 5.2886050483027421e-02
>>>> mla solve time: 0.114449 (s)
207 KSP unpreconditioned resid norm 1.574824699274e+01 true resid norm 1.574824699274e+01 ||r(i)||/||b|| 4.319702044398e+01
0 MLA ||r(i)||/||b|| 1.4176879366565873e+00
1 MLA ||r(i)||/||b|| 5.2953589529529152e-02
>>>> mla solve time: 0.112566 (s)
208 KSP unpreconditioned resid norm 1.589809956620e+01 true resid norm 1.589809956620e+01 ||r(i)||/||b|| 4.360806204640e+01
0 MLA ||r(i)||/||b|| 1.4100704071765147e+00
1 MLA ||r(i)||/||b|| 5.2775654494076112e-02
>>>> mla solve time: 0.125808 (s)
209 KSP unpreconditioned resid norm 1.604865356712e+01 true resid norm 1.604865356712e+01 ||r(i)||/||b|| 4.402102764560e+01
0 MLA ||r(i)||/||b|| 1.4096842676910464e+00
1 MLA ||r(i)||/||b|| 5.3001728722268104e-02
>>>> mla solve time: 0.127978 (s)
210 KSP unpreconditioned resid norm 1.576222450103e+01 true resid norm 1.576222450102e+01 ||r(i)||/||b|| 4.323536037548e+01
0 MLA ||r(i)||/||b|| 1.4296726759802882e+00
1 MLA ||r(i)||/||b|| 5.3792291358238299e-02
>>>> mla solve time: 0.128602 (s)
211 KSP unpreconditioned resid norm 1.485231928608e+01 true resid norm 1.485231928608e+01 ||r(i)||/||b|| 4.073951469881e+01
0 MLA ||r(i)||/||b|| 1.4612108584138122e+00
1 MLA ||r(i)||/||b|| 5.5552681471215982e-02
>>>> mla solve time: 0.127695 (s)
212 KSP unpreconditioned resid norm 1.529899558693e+01 true resid norm 1.529899558693e+01 ||r(i)||/||b|| 4.196473584937e+01
0 MLA ||r(i)||/||b|| 1.3958743650469490e+00
1 MLA ||r(i)||/||b|| 5.1836958707955613e-02
>>>> mla solve time: 0.128415 (s)
213 KSP unpreconditioned resid norm 1.657057449221e+01 true resid norm 1.657057449221e+01 ||r(i)||/||b|| 4.545264278865e+01
0 MLA ||r(i)||/||b|| 1.3630032253908930e+00
1 MLA ||r(i)||/||b|| 4.9423754519454091e-02
>>>> mla solve time: 0.128382 (s)
214 KSP unpreconditioned resid norm 1.675236553082e+01 true resid norm 1.675236553082e+01 ||r(i)||/||b|| 4.595129074705e+01
0 MLA ||r(i)||/||b|| 1.4083161068126155e+00
1 MLA ||r(i)||/||b|| 5.0777304328953089e-02
>>>> mla solve time: 0.128715 (s)
215 KSP unpreconditioned resid norm 1.560253780176e+01 true resid norm 1.560253780176e+01 ||r(i)||/||b|| 4.279734402890e+01
0 MLA ||r(i)||/||b|| 1.4702843023597831e+00
1 MLA ||r(i)||/||b|| 5.3446539479998702e-02
>>>> mla solve time: 0.128734 (s)
216 KSP unpreconditioned resid norm 1.671154237409e+01 true resid norm 1.671154237409e+01 ||r(i)||/||b|| 4.583931391962e+01
0 MLA ||r(i)||/||b|| 1.3700349596839438e+00
1 MLA ||r(i)||/||b|| 4.9153331355175869e-02
>>>> mla solve time: 0.117644 (s)
217 KSP unpreconditioned resid norm 1.767473465647e+01 true resid norm 1.767473465647e+01 ||r(i)||/||b|| 4.848132459754e+01
0 MLA ||r(i)||/||b|| 1.3779743454811952e+00
1 MLA ||r(i)||/||b|| 4.9136905976715717e-02
>>>> mla solve time: 0.112727 (s)
218 KSP unpreconditioned resid norm 1.728799434108e+01 true resid norm 1.728799434108e+01 ||r(i)||/||b|| 4.742050625262e+01
0 MLA ||r(i)||/||b|| 1.4323632342892725e+00
1 MLA ||r(i)||/||b|| 5.2137899369192157e-02
>>>> mla solve time: 0.114716 (s)
219 KSP unpreconditioned resid norm 1.717047390835e+01 true resid norm 1.717047390835e+01 ||r(i)||/||b|| 4.709815084776e+01
0 MLA ||r(i)||/||b|| 1.4208227786021246e+00
1 MLA ||r(i)||/||b|| 5.3163599737865094e-02
>>>> mla solve time: 0.113316 (s)
