Config file: ../input/config/mla_v_cycle-refine3.json
order_rbm = 1
angle_type = 1
==== basic information of linear system ====
matrix Row = 73482, matrix Column = 73482
matrix nz_allocated = 1513726, matrix nz_used = 1513726, matrix nz_unneeded = 0
vector Row = 73482
initial     || b ||_2 = 3.6456789914864118e-01
>>>>local_vec_size = 73482
>>>>~~~~ local_mat_m = 73482, local_mat_n = 73482
            || b ||_2 = 3.6456789914864118e-01
|| r ||_2 / || b ||_2 = 1.0000000000000000e+00


>>>>nodes in level 3 is 47, less than 100, setup DONE!>>>>


>>>> mla setup time: 0.84187 (s)
0 MLA ||r(i)||/||b|| 1.0000000000000000e+00
1 MLA ||r(i)||/||b|| 9.0263789428753860e+00
2 MLA ||r(i)||/||b|| 1.0528837363535738e+01
3 MLA ||r(i)||/||b|| 1.1242159137695470e+01
4 MLA ||r(i)||/||b|| 1.1678517111703510e+01
5 MLA ||r(i)||/||b|| 1.1944058189811409e+01
6 MLA ||r(i)||/||b|| 1.2080221402007014e+01
7 MLA ||r(i)||/||b|| 1.2113327055003555e+01
8 MLA ||r(i)||/||b|| 1.2064020148919818e+01
9 MLA ||r(i)||/||b|| 1.1949405669553226e+01
10 MLA ||r(i)||/||b|| 1.1783722248095472e+01
11 MLA ||r(i)||/||b|| 1.1578735886526395e+01
12 MLA ||r(i)||/||b|| 1.1344084679291194e+01
13 MLA ||r(i)||/||b|| 1.1087603505063690e+01
14 MLA ||r(i)||/||b|| 1.0815621495497052e+01
15 MLA ||r(i)||/||b|| 1.0533224685881633e+01
16 MLA ||r(i)||/||b|| 1.0244481231589651e+01
17 MLA ||r(i)||/||b|| 9.9526305812400615e+00
18 MLA ||r(i)||/||b|| 9.6602400240396165e+00
19 MLA ||r(i)||/||b|| 9.3693330748515233e+00
20 MLA ||r(i)||/||b|| 9.0814939395694623e+00
21 MLA ||r(i)||/||b|| 8.7979522622212052e+00
22 MLA ||r(i)||/||b|| 8.5196516576332524e+00
23 MLA ||r(i)||/||b|| 8.2473050595853366e+00
24 MLA ||r(i)||/||b|| 7.9814394131064796e+00
25 MLA ||r(i)||/||b|| 7.7224317581808162e+00
26 MLA ||r(i)||/||b|| 7.4705383950831470e+00
27 MLA ||r(i)||/||b|| 7.2259184746670497e+00
28 MLA ||r(i)||/||b|| 6.9886531047370486e+00
29 MLA ||r(i)||/||b|| 6.7587608509863317e+00
30 MLA ||r(i)||/||b|| 6.5362103282097879e+00
31 MLA ||r(i)||/||b|| 6.3209304441650787e+00
32 MLA ||r(i)||/||b|| 6.1128187459313930e+00
33 MLA ||r(i)||/||b|| 5.9117482329192503e+00
34 MLA ||r(i)||/||b|| 5.7175729188308484e+00
35 MLA ||r(i)||/||b|| 5.5301323811618603e+00
36 MLA ||r(i)||/||b|| 5.3492554871988620e+00
37 MLA ||r(i)||/||b|| 5.1747634399895652e+00
38 MLA ||r(i)||/||b|| 5.0064722750373685e+00
39 MLA ||r(i)||/||b|| 4.8441948998124316e+00
40 MLA ||r(i)||/||b|| 4.6877427639997205e+00
41 MLA ||r(i)||/||b|| 4.5369272188432461e+00
42 MLA ||r(i)||/||b|| 4.3915606246560204e+00
43 MLA ||r(i)||/||b|| 4.2514572435260547e+00
44 MLA ||r(i)||/||b|| 4.1164339642985759e+00
45 MLA ||r(i)||/||b|| 3.9863108755230585e+00
46 MLA ||r(i)||/||b|| 3.8609117215422386e+00
47 MLA ||r(i)||/||b|| 3.7400642573733811e+00
48 MLA ||r(i)||/||b|| 3.6236005213524995e+00
49 MLA ||r(i)||/||b|| 3.5113570389779429e+00
50 MLA ||r(i)||/||b|| 3.4031749390995776e+00
51 MLA ||r(i)||/||b|| 3.2989000971398088e+00
52 MLA ||r(i)||/||b|| 3.1983831487974359e+00
53 MLA ||r(i)||/||b|| 3.1014795235632344e+00
54 MLA ||r(i)||/||b|| 3.0080494341236435e+00
55 MLA ||r(i)||/||b|| 2.9179578449114376e+00
56 MLA ||r(i)||/||b|| 2.8310744220862971e+00
57 MLA ||r(i)||/||b|| 2.7472734651473805e+00
58 MLA ||r(i)||/||b|| 2.6664338282790463e+00
59 MLA ||r(i)||/||b|| 2.5884388300473713e+00
60 MLA ||r(i)||/||b|| 2.5131761557676806e+00
61 MLA ||r(i)||/||b|| 2.4405377523709380e+00
62 MLA ||r(i)||/||b|| 2.3704197175584900e+00
63 MLA ||r(i)||/||b|| 2.3027221890680636e+00
64 MLA ||r(i)||/||b|| 2.2373492257148393e+00
65 MLA ||r(i)||/||b|| 2.1742086915653340e+00
66 MLA ||r(i)||/||b|| 2.1132121371192092e+00
67 MLA ||r(i)||/||b|| 2.0542746797868916e+00
68 MLA ||r(i)||/||b|| 1.9973148861150061e+00
69 MLA ||r(i)||/||b|| 1.9422546544979713e+00
70 MLA ||r(i)||/||b|| 1.8890190983768127e+00
71 MLA ||r(i)||/||b|| 1.8375364310132407e+00
72 MLA ||r(i)||/||b|| 1.7877378542203797e+00
73 MLA ||r(i)||/||b|| 1.7395574463739893e+00
74 MLA ||r(i)||/||b|| 1.6929320543475321e+00
75 MLA ||r(i)||/||b|| 1.6478011873538105e+00
76 MLA ||r(i)||/||b|| 1.6041069140819104e+00
77 MLA ||r(i)||/||b|| 1.5617937612052426e+00
78 MLA ||r(i)||/||b|| 1.5208086156049183e+00
79 MLA ||r(i)||/||b|| 1.4811006296983411e+00
80 MLA ||r(i)||/||b|| 1.4426211283624659e+00
81 MLA ||r(i)||/||b|| 1.4053235197047942e+00
82 MLA ||r(i)||/||b|| 1.3691632087284904e+00
83 MLA ||r(i)||/||b|| 1.3340975128772492e+00
84 MLA ||r(i)||/||b|| 1.3000855813285022e+00
85 MLA ||r(i)||/||b|| 1.2670883167963587e+00
86 MLA ||r(i)||/||b|| 1.2350682999803242e+00
87 MLA ||r(i)||/||b|| 1.2039897173284710e+00
88 MLA ||r(i)||/||b|| 1.1738182904344867e+00
89 MLA ||r(i)||/||b|| 1.1445212085674523e+00
90 MLA ||r(i)||/||b|| 1.1160670650424194e+00
91 MLA ||r(i)||/||b|| 1.0884257932089827e+00
92 MLA ||r(i)||/||b|| 1.0615686077538973e+00
93 MLA ||r(i)||/||b|| 1.0354679477430047e+00
94 MLA ||r(i)||/||b|| 1.0100974196071204e+00
95 MLA ||r(i)||/||b|| 9.8543174631329689e-01
96 MLA ||r(i)||/||b|| 9.6144671585114572e-01
97 MLA ||r(i)||/||b|| 9.3811913309190997e-01
98 MLA ||r(i)||/||b|| 9.1542677271421435e-01
99 MLA ||r(i)||/||b|| 8.9334833556974769e-01
100 MLA ||r(i)||/||b|| 8.7186340620592462e-01
101 MLA ||r(i)||/||b|| 8.5095241107788311e-01
102 MLA ||r(i)||/||b|| 8.3059658148283055e-01
103 MLA ||r(i)||/||b|| 8.1077791548186950e-01
104 MLA ||r(i)||/||b|| 7.9147914241227724e-01
105 MLA ||r(i)||/||b|| 7.7268368984823399e-01
106 MLA ||r(i)||/||b|| 7.5437565056509148e-01
107 MLA ||r(i)||/||b|| 7.3653975205713151e-01
108 MLA ||r(i)||/||b|| 7.1916132769486552e-01
109 MLA ||r(i)||/||b|| 7.0222628803607356e-01
110 MLA ||r(i)||/||b|| 6.8572109488590616e-01
111 MLA ||r(i)||/||b|| 6.6963273543801682e-01
112 MLA ||r(i)||/||b|| 6.5394869816119316e-01
113 MLA ||r(i)||/||b|| 6.3865695014401369e-01
114 MLA ||r(i)||/||b|| 6.2374591448689032e-01
115 MLA ||r(i)||/||b|| 6.0920445029092984e-01
116 MLA ||r(i)||/||b|| 5.9502183229570860e-01
117 MLA ||r(i)||/||b|| 5.8118773168074978e-01
118 MLA ||r(i)||/||b|| 5.6769219925271663e-01
119 MLA ||r(i)||/||b|| 5.5452564698623086e-01
120 MLA ||r(i)||/||b|| 5.4167883243628390e-01
121 MLA ||r(i)||/||b|| 5.2914284344240226e-01
122 MLA ||r(i)||/||b|| 5.1690908301943750e-01
123 MLA ||r(i)||/||b|| 5.0496925542278426e-01
124 MLA ||r(i)||/||b|| 4.9331535311113545e-01
125 MLA ||r(i)||/||b|| 4.8193964398280048e-01
126 MLA ||r(i)||/||b|| 4.7083465904748822e-01
127 MLA ||r(i)||/||b|| 4.5999318170725734e-01
128 MLA ||r(i)||/||b|| 4.4940823602735036e-01
129 MLA ||r(i)||/||b|| 4.3907307705611381e-01
130 MLA ||r(i)||/||b|| 4.2898118092601051e-01
131 MLA ||r(i)||/||b|| 4.1912623515337827e-01
132 MLA ||r(i)||/||b|| 4.0950212991435259e-01
133 MLA ||r(i)||/||b|| 4.0010294984462608e-01
134 MLA ||r(i)||/||b|| 3.9092296569462864e-01
135 MLA ||r(i)||/||b|| 3.8195662701943112e-01
136 MLA ||r(i)||/||b|| 3.7319855459023504e-01
137 MLA ||r(i)||/||b|| 3.6464353387401244e-01
138 MLA ||r(i)||/||b|| 3.5628650794760724e-01
139 MLA ||r(i)||/||b|| 3.4812257146944231e-01
140 MLA ||r(i)||/||b|| 3.4014696491390911e-01
141 MLA ||r(i)||/||b|| 3.3235506909076912e-01
142 MLA ||r(i)||/||b|| 3.2474239886351125e-01
143 MLA ||r(i)||/||b|| 3.1730459893115182e-01
144 MLA ||r(i)||/||b|| 3.1003743862115574e-01
145 MLA ||r(i)||/||b|| 3.0293680686043173e-01
146 MLA ||r(i)||/||b|| 2.9599870851180909e-01
147 MLA ||r(i)||/||b|| 2.8921925945708804e-01
148 MLA ||r(i)||/||b|| 2.8259468273144467e-01
149 MLA ||r(i)||/||b|| 2.7612130493407416e-01
150 MLA ||r(i)||/||b|| 2.6979555243748843e-01
151 MLA ||r(i)||/||b|| 2.6361394764539176e-01
152 MLA ||r(i)||/||b|| 2.5757310605285305e-01
153 MLA ||r(i)||/||b|| 2.5166973278380395e-01
154 MLA ||r(i)||/||b|| 2.4590061923968476e-01
155 MLA ||r(i)||/||b|| 2.4026264120608154e-01
156 MLA ||r(i)||/||b|| 2.3475275493495557e-01
157 MLA ||r(i)||/||b|| 2.2936799494902751e-01
158 MLA ||r(i)||/||b|| 2.2410547196836203e-01
159 MLA ||r(i)||/||b|| 2.1896236953883300e-01
160 MLA ||r(i)||/||b|| 2.1393594224650256e-01
161 MLA ||r(i)||/||b|| 2.0902351383112339e-01
162 MLA ||r(i)||/||b|| 2.0422247400257829e-01
163 MLA ||r(i)||/||b|| 1.9953027763665637e-01
164 MLA ||r(i)||/||b|| 1.9494444188528734e-01
165 MLA ||r(i)||/||b|| 1.9046254451595324e-01
166 MLA ||r(i)||/||b|| 1.8608222249523951e-01
167 MLA ||r(i)||/||b|| 1.8180116968484950e-01
168 MLA ||r(i)||/||b|| 1.7761713552461780e-01
169 MLA ||r(i)||/||b|| 1.7352792347365159e-01
170 MLA ||r(i)||/||b|| 1.6953138926231187e-01
171 MLA ||r(i)||/||b|| 1.6562543934256960e-01
172 MLA ||r(i)||/||b|| 1.6180802986839629e-01
173 MLA ||r(i)||/||b|| 1.5807716490038046e-01
174 MLA ||r(i)||/||b|| 1.5443089540645788e-01
175 MLA ||r(i)||/||b|| 1.5086731775918330e-01
176 MLA ||r(i)||/||b|| 1.4738457246648415e-01
177 MLA ||r(i)||/||b|| 1.4398084328578875e-01
178 MLA ||r(i)||/||b|| 1.4065435593032530e-01
179 MLA ||r(i)||/||b|| 1.3740337672294536e-01
180 MLA ||r(i)||/||b|| 1.3422621193824646e-01
181 MLA ||r(i)||/||b|| 1.3112120658462731e-01
182 MLA ||r(i)||/||b|| 1.2808674340481679e-01
183 MLA ||r(i)||/||b|| 1.2512124209664585e-01
184 MLA ||r(i)||/||b|| 1.2222315801449403e-01
185 MLA ||r(i)||/||b|| 1.1939098149650552e-01
186 MLA ||r(i)||/||b|| 1.1662323717473685e-01
187 MLA ||r(i)||/||b|| 1.1391848258809027e-01
188 MLA ||r(i)||/||b|| 1.1127530800882413e-01
189 MLA ||r(i)||/||b|| 1.0869233532154274e-01
190 MLA ||r(i)||/||b|| 1.0616821723407428e-01
191 MLA ||r(i)||/||b|| 1.0370163687859285e-01
192 MLA ||r(i)||/||b|| 1.0129130617184151e-01
193 MLA ||r(i)||/||b|| 9.8935966312053689e-02
194 MLA ||r(i)||/||b|| 9.6634386592291066e-02
195 MLA ||r(i)||/||b|| 9.4385363297323457e-02
196 MLA ||r(i)||/||b|| 9.2187719869000276e-02
197 MLA ||r(i)||/||b|| 9.0040305530837625e-02
198 MLA ||r(i)||/||b|| 8.7941995174074777e-02
199 MLA ||r(i)||/||b|| 8.5891688582893574e-02
200 MLA ||r(i)||/||b|| 8.3888310072800176e-02
201 MLA ||r(i)||/||b|| 8.1930807654512383e-02
202 MLA ||r(i)||/||b|| 8.0018152402142287e-02
203 MLA ||r(i)||/||b|| 7.8149338511659852e-02
204 MLA ||r(i)||/||b|| 7.6323382096826223e-02
205 MLA ||r(i)||/||b|| 7.4539321114123869e-02
206 MLA ||r(i)||/||b|| 7.2796214565742229e-02
207 MLA ||r(i)||/||b|| 7.1093142708004431e-02
208 MLA ||r(i)||/||b|| 6.9429205410468736e-02
209 MLA ||r(i)||/||b|| 6.7803522908047059e-02
210 MLA ||r(i)||/||b|| 6.6215234518744115e-02
211 MLA ||r(i)||/||b|| 6.4663498744885500e-02
212 MLA ||r(i)||/||b|| 6.3147492656471266e-02
213 MLA ||r(i)||/||b|| 6.1666411267158203e-02
214 MLA ||r(i)||/||b|| 6.0219467404582554e-02
215 MLA ||r(i)||/||b|| 5.8805891289200780e-02
216 MLA ||r(i)||/||b|| 5.7424929970082077e-02
217 MLA ||r(i)||/||b|| 5.6075847492811706e-02
218 MLA ||r(i)||/||b|| 5.4757923497660989e-02
219 MLA ||r(i)||/||b|| 5.3470454214373402e-02
220 MLA ||r(i)||/||b|| 5.2212751000983673e-02
221 MLA ||r(i)||/||b|| 5.0984140341436675e-02
222 MLA ||r(i)||/||b|| 4.9783963677941655e-02
223 MLA ||r(i)||/||b|| 4.8611577269164374e-02
224 MLA ||r(i)||/||b|| 4.7466351297975863e-02
225 MLA ||r(i)||/||b|| 4.6347669784171680e-02
226 MLA ||r(i)||/||b|| 4.5254930622582824e-02
227 MLA ||r(i)||/||b|| 4.4187544836887353e-02
228 MLA ||r(i)||/||b|| 4.3144936763371847e-02
229 MLA ||r(i)||/||b|| 4.2126543117532264e-02
230 MLA ||r(i)||/||b|| 4.1131813054597517e-02
231 MLA ||r(i)||/||b|| 4.0160208468555017e-02
232 MLA ||r(i)||/||b|| 3.9211202742354415e-02
233 MLA ||r(i)||/||b|| 3.8284280980132653e-02
234 MLA ||r(i)||/||b|| 3.7378939864054446e-02
235 MLA ||r(i)||/||b|| 3.6494687206752092e-02
236 MLA ||r(i)||/||b|| 3.5631041745438755e-02
237 MLA ||r(i)||/||b|| 3.4787532775220960e-02
238 MLA ||r(i)||/||b|| 3.3963700252811146e-02
239 MLA ||r(i)||/||b|| 3.3159094425702099e-02
240 MLA ||r(i)||/||b|| 3.2373275273687989e-02
241 MLA ||r(i)||/||b|| 3.1605812838103521e-02
242 MLA ||r(i)||/||b|| 3.0856286658231088e-02
243 MLA ||r(i)||/||b|| 3.0124285662156525e-02
244 MLA ||r(i)||/||b|| 2.9409408147380318e-02
245 MLA ||r(i)||/||b|| 2.8711260972696970e-02
246 MLA ||r(i)||/||b|| 2.8029460138414185e-02
247 MLA ||r(i)||/||b|| 2.7363630177665760e-02
248 MLA ||r(i)||/||b|| 2.6713403939465953e-02
249 MLA ||r(i)||/||b|| 2.6078422599639762e-02
250 MLA ||r(i)||/||b|| 2.5458335240084434e-02
251 MLA ||r(i)||/||b|| 2.4852798974432207e-02
252 MLA ||r(i)||/||b|| 2.4261478564204197e-02
253 MLA ||r(i)||/||b|| 2.3684046248039565e-02
254 MLA ||r(i)||/||b|| 2.3120181712186480e-02
255 MLA ||r(i)||/||b|| 2.2569571732735945e-02
256 MLA ||r(i)||/||b|| 2.2031910425443720e-02
257 MLA ||r(i)||/||b|| 2.1506898560160709e-02
258 MLA ||r(i)||/||b|| 2.0994243519176819e-02
259 MLA ||r(i)||/||b|| 2.0493659709824009e-02
260 MLA ||r(i)||/||b|| 2.0004867587336335e-02
261 MLA ||r(i)||/||b|| 1.9527594154062161e-02
262 MLA ||r(i)||/||b|| 1.9061572497442000e-02
263 MLA ||r(i)||/||b|| 1.8606541690595963e-02
264 MLA ||r(i)||/||b|| 1.8162247008619549e-02
265 MLA ||r(i)||/||b|| 1.7728439087925991e-02
266 MLA ||r(i)||/||b|| 1.7304874511023922e-02
267 MLA ||r(i)||/||b|| 1.6891315270938456e-02
268 MLA ||r(i)||/||b|| 1.6487528887716672e-02
269 MLA ||r(i)||/||b|| 1.6093287956191284e-02
270 MLA ||r(i)||/||b|| 1.5708370270650949e-02
271 MLA ||r(i)||/||b|| 1.5332558995087519e-02
272 MLA ||r(i)||/||b|| 1.4965641959635156e-02
273 MLA ||r(i)||/||b|| 1.4607411679584579e-02
274 MLA ||r(i)||/||b|| 1.4257665883992883e-02
275 MLA ||r(i)||/||b|| 1.3916206419735932e-02
276 MLA ||r(i)||/||b|| 1.3582839985041855e-02
277 MLA ||r(i)||/||b|| 1.3257377536327535e-02
278 MLA ||r(i)||/||b|| 1.2939634348567989e-02
279 MLA ||r(i)||/||b|| 1.2629430108101476e-02
280 MLA ||r(i)||/||b|| 1.2326588453776030e-02
281 MLA ||r(i)||/||b|| 1.2030937031010724e-02
282 MLA ||r(i)||/||b|| 1.1742307642224238e-02
283 MLA ||r(i)||/||b|| 1.1460535761853480e-02
284 MLA ||r(i)||/||b|| 1.1185460712901430e-02
285 MLA ||r(i)||/||b|| 1.0916925546947804e-02
286 MLA ||r(i)||/||b|| 1.0654776762863315e-02
287 MLA ||r(i)||/||b|| 1.0398864664900299e-02
288 MLA ||r(i)||/||b|| 1.0149042747554416e-02
289 MLA ||r(i)||/||b|| 9.9051679170275436e-03
290 MLA ||r(i)||/||b|| 9.6671006083507739e-03
291 MLA ||r(i)||/||b|| 9.4347042047071960e-03
292 MLA ||r(i)||/||b|| 9.2078454084228486e-03
293 MLA ||r(i)||/||b|| 8.9863938923631561e-03
294 MLA ||r(i)||/||b|| 8.7702223635621451e-03
295 MLA ||r(i)||/||b|| 8.5592064153005992e-03
296 MLA ||r(i)||/||b|| 8.3532248075552477e-03
297 MLA ||r(i)||/||b|| 8.1521587187835167e-03
298 MLA ||r(i)||/||b|| 7.9558922486142585e-03
299 MLA ||r(i)||/||b|| 7.7643122754712584e-03
300 MLA ||r(i)||/||b|| 7.5773080861700577e-03
301 MLA ||r(i)||/||b|| 7.3947718860079342e-03
302 MLA ||r(i)||/||b|| 7.2165980473912960e-03
303 MLA ||r(i)||/||b|| 7.0426834914037052e-03
304 MLA ||r(i)||/||b|| 6.8729275257692225e-03
305 MLA ||r(i)||/||b|| 6.7072318149947151e-03
306 MLA ||r(i)||/||b|| 6.5455004941902340e-03
307 MLA ||r(i)||/||b|| 6.3876394922954037e-03
308 MLA ||r(i)||/||b|| 6.2335573684840885e-03
309 MLA ||r(i)||/||b|| 6.0831646432414994e-03
310 MLA ||r(i)||/||b|| 5.9363738259523525e-03
311 MLA ||r(i)||/||b|| 5.7930995385321602e-03
312 MLA ||r(i)||/||b|| 5.6532586120663043e-03
313 MLA ||r(i)||/||b|| 5.5167693885110353e-03
314 MLA ||r(i)||/||b|| 5.3835524956725167e-03
315 MLA ||r(i)||/||b|| 5.2535302513503496e-03
316 MLA ||r(i)||/||b|| 5.1266267419699651e-03
317 MLA ||r(i)||/||b|| 5.0027680885956528e-03
318 MLA ||r(i)||/||b|| 4.8818817216187433e-03
319 MLA ||r(i)||/||b|| 4.7638970929217124e-03
320 MLA ||r(i)||/||b|| 4.6487452939217751e-03
321 MLA ||r(i)||/||b|| 4.5363589077073640e-03
322 MLA ||r(i)||/||b|| 4.4266720642355956e-03
323 MLA ||r(i)||/||b|| 4.3196205043800930e-03
324 MLA ||r(i)||/||b|| 4.2151417128829501e-03
325 MLA ||r(i)||/||b|| 4.1131742253554650e-03
326 MLA ||r(i)||/||b|| 4.0136583827304591e-03
327 MLA ||r(i)||/||b|| 3.9165355785847665e-03
328 MLA ||r(i)||/||b|| 3.8217489182588750e-03
329 MLA ||r(i)||/||b|| 3.7292425661380395e-03
330 MLA ||r(i)||/||b|| 3.6389623144079761e-03
331 MLA ||r(i)||/||b|| 3.5508548893125403e-03
332 MLA ||r(i)||/||b|| 3.4648685722099078e-03
333 MLA ||r(i)||/||b|| 3.3809525999879621e-03
334 MLA ||r(i)||/||b|| 3.2990576294944403e-03
335 MLA ||r(i)||/||b|| 3.2191353860035552e-03
336 MLA ||r(i)||/||b|| 3.1411386979742170e-03
337 MLA ||r(i)||/||b|| 3.0650216299982374e-03
338 MLA ||r(i)||/||b|| 2.9907390914095571e-03
339 MLA ||r(i)||/||b|| 2.9182472884279370e-03
340 MLA ||r(i)||/||b|| 2.8475034468907817e-03
341 MLA ||r(i)||/||b|| 2.7784656071194436e-03
342 MLA ||r(i)||/||b|| 2.7110931055605060e-03
343 MLA ||r(i)||/||b|| 2.6453459139714813e-03
344 MLA ||r(i)||/||b|| 2.5811852252819404e-03
345 MLA ||r(i)||/||b|| 2.5185730023544522e-03
346 MLA ||r(i)||/||b|| 2.4574721623468903e-03
347 MLA ||r(i)||/||b|| 2.3978464166131246e-03
348 MLA ||r(i)||/||b|| 2.3396605390367934e-03
349 MLA ||r(i)||/||b|| 2.2828798234455754e-03
350 MLA ||r(i)||/||b|| 2.2274707646162471e-03
351 MLA ||r(i)||/||b|| 2.1734002686878734e-03
352 MLA ||r(i)||/||b|| 2.1206364395892426e-03
353 MLA ||r(i)||/||b|| 2.0691477591769248e-03
354 MLA ||r(i)||/||b|| 2.0189036744737744e-03
355 MLA ||r(i)||/||b|| 1.9698741879441190e-03
356 MLA ||r(i)||/||b|| 1.9220302226287795e-03
357 MLA ||r(i)||/||b|| 1.8753433228716520e-03
358 MLA ||r(i)||/||b|| 1.8297856340800012e-03
359 MLA ||r(i)||/||b|| 1.7853300384739373e-03
360 MLA ||r(i)||/||b|| 1.7419500364321571e-03
361 MLA ||r(i)||/||b|| 1.6996197998134972e-03
362 MLA ||r(i)||/||b|| 1.6583139912273079e-03
363 MLA ||r(i)||/||b|| 1.6180080252600486e-03
364 MLA ||r(i)||/||b|| 1.5786778219423335e-03
365 MLA ||r(i)||/||b|| 1.5403000755600130e-03
366 MLA ||r(i)||/||b|| 1.5028515321992314e-03
367 MLA ||r(i)||/||b|| 1.4663100391818934e-03
368 MLA ||r(i)||/||b|| 1.4306537051921864e-03
369 MLA ||r(i)||/||b|| 1.3958612631851674e-03
370 MLA ||r(i)||/||b|| 1.3619118074589868e-03
371 MLA ||r(i)||/||b|| 1.3287850053582916e-03
372 MLA ||r(i)||/||b|| 1.2964611066024043e-03
373 MLA ||r(i)||/||b|| 1.2649206900323881e-03
374 MLA ||r(i)||/||b|| 1.2341450146001682e-03
375 MLA ||r(i)||/||b|| 1.2041155147935001e-03
376 MLA ||r(i)||/||b|| 1.1748141621806872e-03
377 MLA ||r(i)||/||b|| 1.1462234405059805e-03
378 MLA ||r(i)||/||b|| 1.1183262800217356e-03
379 MLA ||r(i)||/||b|| 1.0911058292814523e-03
380 MLA ||r(i)||/||b|| 1.0645457611965479e-03
381 MLA ||r(i)||/||b|| 1.0386302376433382e-03
382 MLA ||r(i)||/||b|| 1.0133435345868397e-03
383 MLA ||r(i)||/||b|| 9.8867060736666248e-04
384 MLA ||r(i)||/||b|| 9.6459653857638267e-04
385 MLA ||r(i)||/||b|| 9.4110686304996465e-04
386 MLA ||r(i)||/||b|| 9.1818753389797715e-04
387 MLA ||r(i)||/||b|| 8.9582475070331996e-04
388 MLA ||r(i)||/||b|| 8.7400506564164118e-04
389 MLA ||r(i)||/||b|| 8.5271520645108657e-04
390 MLA ||r(i)||/||b|| 8.3194249322564285e-04
391 MLA ||r(i)||/||b|| 8.1167443715736529e-04
392 MLA ||r(i)||/||b|| 7.9189881813488186e-04
393 MLA ||r(i)||/||b|| 7.7260367500493613e-04
394 MLA ||r(i)||/||b|| 7.5377735759214249e-04
395 MLA ||r(i)||/||b|| 7.3540859784486249e-04
396 MLA ||r(i)||/||b|| 7.1748630186697882e-04
397 MLA ||r(i)||/||b|| 6.9999972526183082e-04
398 MLA ||r(i)||/||b|| 6.8293811958855056e-04
399 MLA ||r(i)||/||b|| 6.6629136463950333e-04
400 MLA ||r(i)||/||b|| 6.5004941361835396e-04
401 MLA ||r(i)||/||b|| 6.3420242458116975e-04
402 MLA ||r(i)||/||b|| 6.1874084814473066e-04
403 MLA ||r(i)||/||b|| 6.0365531124116504e-04
404 MLA ||r(i)||/||b|| 5.8893666755802261e-04
405 MLA ||r(i)||/||b|| 5.7457611735791672e-04
406 MLA ||r(i)||/||b|| 5.6056494551281696e-04
407 MLA ||r(i)||/||b|| 5.4689458848306428e-04
408 MLA ||r(i)||/||b|| 5.3355699141900714e-04
409 MLA ||r(i)||/||b|| 5.2054388260146993e-04
410 MLA ||r(i)||/||b|| 5.0784755303924013e-04
411 MLA ||r(i)||/||b|| 4.9546015148051756e-04
412 MLA ||r(i)||/||b|| 4.8337431024076782e-04
413 MLA ||r(i)||/||b|| 4.7158263992347934e-04
414 MLA ||r(i)||/||b|| 4.6007812522618180e-04
415 MLA ||r(i)||/||b|| 4.4885362407434155e-04
416 MLA ||r(i)||/||b|| 4.3790247581953671e-04
417 MLA ||r(i)||/||b|| 4.2721806642579611e-04
418 MLA ||r(i)||/||b|| 4.1679379207407510e-04
419 MLA ||r(i)||/||b|| 4.0662341928348337e-04
420 MLA ||r(i)||/||b|| 3.9670070914712800e-04
421 MLA ||r(i)||/||b|| 3.8701976652800768e-04
422 MLA ||r(i)||/||b|| 3.7757461166827174e-04
423 MLA ||r(i)||/||b|| 3.6835959675734375e-04
424 MLA ||r(i)||/||b|| 3.5936908004057785e-04
425 MLA ||r(i)||/||b|| 3.5059760858031452e-04
426 MLA ||r(i)||/||b|| 3.4203990902117429e-04
427 MLA ||r(i)||/||b|| 3.3369075419934462e-04
428 MLA ||r(i)||/||b|| 3.2554506026623200e-04
429 MLA ||r(i)||/||b|| 3.1759784401188472e-04
430 MLA ||r(i)||/||b|| 3.0984435456852643e-04
431 MLA ||r(i)||/||b|| 3.0227994733644884e-04
432 MLA ||r(i)||/||b|| 2.9489977952792550e-04
433 MLA ||r(i)||/||b|| 2.8769971203977999e-04
434 MLA ||r(i)||/||b|| 2.8067502923951064e-04
435 MLA ||r(i)||/||b|| 2.7382173742415174e-04
436 MLA ||r(i)||/||b|| 2.6713551870179820e-04
437 MLA ||r(i)||/||b|| 2.6061234373493035e-04
438 MLA ||r(i)||/||b|| 2.5424830394321277e-04
439 MLA ||r(i)||/||b|| 2.4803940447010544e-04
440 MLA ||r(i)||/||b|| 2.4198190621004399e-04
441 MLA ||r(i)||/||b|| 2.3607216017144177e-04
442 MLA ||r(i)||/||b|| 2.3030660629510356e-04
443 MLA ||r(i)||/||b|| 2.2468165226322727e-04
444 MLA ||r(i)||/||b|| 2.1919401955316508e-04
445 MLA ||r(i)||/||b|| 2.1384019246661141e-04
446 MLA ||r(i)||/||b|| 2.0861686563663373e-04
447 MLA ||r(i)||/||b|| 2.0352108176521899e-04
448 MLA ||r(i)||/||b|| 1.9854966914911341e-04
449 MLA ||r(i)||/||b|| 1.9369952989005290e-04
450 MLA ||r(i)||/||b|| 1.8896776057650210e-04
451 MLA ||r(i)||/||b|| 1.8435144249834515e-04
452 MLA ||r(i)||/||b|| 1.7984776584497954e-04
453 MLA ||r(i)||/||b|| 1.7545404402299563e-04
454 MLA ||r(i)||/||b|| 1.7116754764557633e-04
455 MLA ||r(i)||/||b|| 1.6698566526834999e-04
456 MLA ||r(i)||/||b|| 1.6290590530475716e-04
457 MLA ||r(i)||/||b|| 1.5892568674219393e-04
458 MLA ||r(i)||/||b|| 1.5504261926902431e-04
459 MLA ||r(i)||/||b|| 1.5125440749544529e-04
460 MLA ||r(i)||/||b|| 1.4755857559115007e-04
461 MLA ||r(i)||/||b|| 1.4395302991666097e-04
462 MLA ||r(i)||/||b|| 1.4043553656810433e-04
463 MLA ||r(i)||/||b|| 1.3700391803894571e-04
464 MLA ||r(i)||/||b|| 1.3365607052977761e-04
465 MLA ||r(i)||/||b|| 1.3039000747196375e-04
466 MLA ||r(i)||/||b|| 1.2720372400039487e-04
467 MLA ||r(i)||/||b|| 1.2409518444355896e-04
468 MLA ||r(i)||/||b|| 1.2106253080619352e-04
469 MLA ||r(i)||/||b|| 1.1810406527268405e-04
470 MLA ||r(i)||/||b|| 1.1521775240475930e-04
471 MLA ||r(i)||/||b|| 1.1240201273267947e-04
472 MLA ||r(i)||/||b|| 1.0965500144485768e-04
473 MLA ||r(i)||/||b|| 1.0697514685921759e-04
474 MLA ||r(i)||/||b|| 1.0436067258859079e-04
475 MLA ||r(i)||/||b|| 1.0181006965837883e-04
476 MLA ||r(i)||/||b|| 9.9321831551410351e-05
477 MLA ||r(i)||/||b|| 9.6894335757130104e-05
478 MLA ||r(i)||/||b|| 9.4526181248063632e-05
479 MLA ||r(i)||/||b|| 9.2215834945793301e-05
480 MLA ||r(i)||/||b|| 8.9961920977184897e-05
481 MLA ||r(i)||/||b|| 8.7763059799939177e-05
482 MLA ||r(i)||/||b|| 8.5617997869639339e-05
483 MLA ||r(i)||/||b|| 8.3525284996466989e-05
484 MLA ||r(i)||/||b|| 8.1483746284814564e-05
485 MLA ||r(i)||/||b|| 7.9492066789851946e-05
486 MLA ||r(i)||/||b|| 7.7549057159402170e-05
487 MLA ||r(i)||/||b|| 7.5653530169964031e-05
488 MLA ||r(i)||/||b|| 7.3804340083993356e-05
489 MLA ||r(i)||/||b|| 7.2000355100572172e-05
490 MLA ||r(i)||/||b|| 7.0240422080774403e-05
491 MLA ||r(i)||/||b|| 6.8523519060971662e-05
492 MLA ||r(i)||/||b|| 6.6848544609086270e-05
493 MLA ||r(i)||/||b|| 6.5214509932470167e-05
494 MLA ||r(i)||/||b|| 6.3620398372277160e-05
495 MLA ||r(i)||/||b|| 6.2065322293914141e-05
496 MLA ||r(i)||/||b|| 6.0548212272128623e-05
497 MLA ||r(i)||/||b|| 5.9068155380209253e-05
498 MLA ||r(i)||/||b|| 5.7624310444644949e-05
499 MLA ||r(i)||/||b|| 5.6215714844535335e-05
500 MLA ||r(i)||/||b|| 5.4841566118536102e-05
501 MLA ||r(i)||/||b|| 5.3501040151066968e-05
502 MLA ||r(i)||/||b|| 5.2193256049398223e-05
503 MLA ||r(i)||/||b|| 5.0917387991169297e-05
504 MLA ||r(i)||/||b|| 4.9672774798902027e-05
505 MLA ||r(i)||/||b|| 4.8458537243648185e-05
506 MLA ||r(i)||/||b|| 4.7273971074310210e-05
507 MLA ||r(i)||/||b|| 4.6118399123818313e-05
508 MLA ||r(i)||/||b|| 4.4991175302684373e-05
509 MLA ||r(i)||/||b|| 4.3891410674125481e-05
510 MLA ||r(i)||/||b|| 4.2818518273218737e-05
511 MLA ||r(i)||/||b|| 4.1771906473589662e-05
512 MLA ||r(i)||/||b|| 4.0750879033460565e-05
513 MLA ||r(i)||/||b|| 3.9754794424505955e-05
514 MLA ||r(i)||/||b|| 3.8782985499227555e-05
515 MLA ||r(i)||/||b|| 3.7834973885290605e-05
516 MLA ||r(i)||/||b|| 3.6910182600080351e-05
517 MLA ||r(i)||/||b|| 3.6008010308439830e-05
518 MLA ||r(i)||/||b|| 3.5127782954409772e-05
519 MLA ||r(i)||/||b|| 3.4269203905433323e-05
520 MLA ||r(i)||/||b|| 3.3431608811818659e-05
521 MLA ||r(i)||/||b|| 3.2614456823393481e-05
522 MLA ||r(i)||/||b|| 3.1817292437267202e-05
523 MLA ||r(i)||/||b|| 3.1039603636133644e-05
524 MLA ||r(i)||/||b|| 3.0280961735483133e-05
525 MLA ||r(i)||/||b|| 2.9540859436378054e-05
526 MLA ||r(i)||/||b|| 2.8818891893551954e-05
527 MLA ||r(i)||/||b|| 2.8114473737606390e-05
528 MLA ||r(i)||/||b|| 2.7427351953036282e-05
529 MLA ||r(i)||/||b|| 2.6757019903838968e-05
530 MLA ||r(i)||/||b|| 2.6103061065580985e-05
531 MLA ||r(i)||/||b|| 2.5465103743660561e-05
532 MLA ||r(i)||/||b|| 2.4842810753266552e-05
533 MLA ||r(i)||/||b|| 2.4235588155885514e-05
534 MLA ||r(i)||/||b|| 2.3643311936771200e-05
535 MLA ||r(i)||/||b|| 2.3065542492214162e-05
536 MLA ||r(i)||/||b|| 2.2501818342711927e-05
537 MLA ||r(i)||/||b|| 2.1951965288460777e-05
538 MLA ||r(i)||/||b|| 2.1415480517952753e-05
539 MLA ||r(i)||/||b|| 2.0892078954097694e-05
540 MLA ||r(i)||/||b|| 2.0381565507762044e-05
541 MLA ||r(i)||/||b|| 1.9883530789147992e-05
542 MLA ||r(i)||/||b|| 1.9397614108924463e-05
543 MLA ||r(i)||/||b|| 1.8923578107629203e-05
544 MLA ||r(i)||/||b|| 1.8461181080345137e-05
545 MLA ||r(i)||/||b|| 1.8010100337708437e-05
546 MLA ||r(i)||/||b|| 1.7570080594961954e-05
547 MLA ||r(i)||/||b|| 1.7140764722490618e-05
548 MLA ||r(i)||/||b|| 1.6721925514605944e-05
549 MLA ||r(i)||/||b|| 1.6313400228672891e-05
550 MLA ||r(i)||/||b|| 1.5914806091377401e-05
551 MLA ||r(i)||/||b|| 1.5525986020894888e-05
552 MLA ||r(i)||/||b|| 1.5146640236593142e-05
553 MLA ||r(i)||/||b|| 1.4776622670601253e-05
554 MLA ||r(i)||/||b|| 1.4415590883191677e-05
555 MLA ||r(i)||/||b|| 1.4063441628421345e-05
556 MLA ||r(i)||/||b|| 1.3719862186420280e-05
557 MLA ||r(i)||/||b|| 1.3384674207658173e-05
558 MLA ||r(i)||/||b|| 1.3057694900187720e-05
559 MLA ||r(i)||/||b|| 1.2738717319914038e-05
560 MLA ||r(i)||/||b|| 1.2427551119017852e-05
561 MLA ||r(i)||/||b|| 1.2123990768745989e-05
562 MLA ||r(i)||/||b|| 1.1827852821528544e-05
563 MLA ||r(i)||/||b|| 1.1538939891425499e-05
564 MLA ||r(i)||/||b|| 1.1257076143617842e-05
565 MLA ||r(i)||/||b|| 1.0982139139642624e-05
566 MLA ||r(i)||/||b|| 1.0713913001957688e-05
567 MLA ||r(i)||/||b|| 1.0452233109947114e-05
568 MLA ||r(i)||/||b|| 1.0196968219574155e-05
569 MLA ||r(i)||/||b|| 9.9479821542831357e-06
570 MLA ||r(i)||/||b|| 9.7050084138235110e-06
571 MLA ||r(i)||/||b|| 9.4679607316293605e-06
572 MLA ||r(i)||/||b|| 9.2367573998894502e-06
573 MLA ||r(i)||/||b|| 9.0111830696409360e-06
574 MLA ||r(i)||/||b|| 8.7911551541811773e-06
575 MLA ||r(i)||/||b|| 8.5764883117367480e-06
576 MLA ||r(i)||/||b|| 8.3670647405114930e-06
577 MLA ||r(i)||/||b|| 8.1627318055902700e-06
578 MLA ||r(i)||/||b|| 7.9634131634822644e-06
579 MLA ||r(i)||/||b|| 7.7690027867343066e-06
580 MLA ||r(i)||/||b|| 7.5793709775220686e-06
581 MLA ||r(i)||/||b|| 7.3943056377177305e-06
582 MLA ||r(i)||/||b|| 7.2137894840843745e-06
583 MLA ||r(i)||/||b|| 7.0376962775810090e-06
584 MLA ||r(i)||/||b|| 6.8658752830455975e-06
585 MLA ||r(i)||/||b|| 6.6982440509123112e-06
586 MLA ||r(i)||/||b|| 6.5347736793595032e-06
587 MLA ||r(i)||/||b|| 6.3752566076004824e-06
588 MLA ||r(i)||/||b|| 6.2196686168393601e-06
589 MLA ||r(i)||/||b|| 6.0678087872960782e-06
590 MLA ||r(i)||/||b|| 5.9197229900334273e-06
591 MLA ||r(i)||/||b|| 5.7752294438555452e-06
592 MLA ||r(i)||/||b|| 5.6343221117783426e-06
593 MLA ||r(i)||/||b|| 5.4968311241098071e-06
594 MLA ||r(i)||/||b|| 5.3626712616044310e-06
595 MLA ||r(i)||/||b|| 5.2318506682292885e-06
596 MLA ||r(i)||/||b|| 5.1041312831267772e-06
597 MLA ||r(i)||/||b|| 4.9795718531353931e-06
598 MLA ||r(i)||/||b|| 4.8580936391637760e-06
599 MLA ||r(i)||/||b|| 4.7394953894114033e-06
600 MLA ||r(i)||/||b|| 4.6238927967101757e-06
601 MLA ||r(i)||/||b|| 4.5110977118296558e-06
602 MLA ||r(i)||/||b|| 4.4010295658822800e-06
603 MLA ||r(i)||/||b|| 4.2936598820098214e-06
604 MLA ||r(i)||/||b|| 4.1889098947328134e-06
605 MLA ||r(i)||/||b|| 4.0867142321204897e-06
606 MLA ||r(i)||/||b|| 3.9870881277169365e-06
607 MLA ||r(i)||/||b|| 3.8898050174009747e-06
608 MLA ||r(i)||/||b|| 3.7949181811654565e-06
609 MLA ||r(i)||/||b|| 3.7023972107332304e-06
610 MLA ||r(i)||/||b|| 3.6121450319705457e-06
611 MLA ||r(i)||/||b|| 3.5240877654295599e-06
612 MLA ||r(i)||/||b|| 3.4380714769147376e-06
613 MLA ||r(i)||/||b|| 3.3542113494302605e-06
614 MLA ||r(i)||/||b|| 3.2724178333955047e-06
615 MLA ||r(i)||/||b|| 3.1926817749710179e-06
616 MLA ||r(i)||/||b|| 3.1148450244201564e-06
617 MLA ||r(i)||/||b|| 3.0388999606256360e-06
618 MLA ||r(i)||/||b|| 2.9648238614443162e-06
619 MLA ||r(i)||/||b|| 2.8925360605579086e-06
620 MLA ||r(i)||/||b|| 2.8219915113079630e-06
621 MLA ||r(i)||/||b|| 2.7531630641272917e-06
622 MLA ||r(i)||/||b|| 2.6860842410423223e-06
623 MLA ||r(i)||/||b|| 2.6205986310088368e-06
624 MLA ||r(i)||/||b|| 2.5567295220045038e-06
625 MLA ||r(i)||/||b|| 2.4944070512194023e-06
626 MLA ||r(i)||/||b|| 2.4336273241687970e-06
627 MLA ||r(i)||/||b|| 2.3743108246075265e-06
628 MLA ||r(i)||/||b|| 2.3163990996490654e-06
629 MLA ||r(i)||/||b|| 2.2599770957761414e-06
630 MLA ||r(i)||/||b|| 2.2048880139423477e-06
631 MLA ||r(i)||/||b|| 2.1511554782970726e-06
632 MLA ||r(i)||/||b|| 2.0987788480054956e-06
633 MLA ||r(i)||/||b|| 2.0476121897404510e-06
634 MLA ||r(i)||/||b|| 1.9976984808131215e-06
635 MLA ||r(i)||/||b|| 1.9490705622283900e-06
636 MLA ||r(i)||/||b|| 1.9015853444909421e-06
637 MLA ||r(i)||/||b|| 1.8552632701773958e-06
638 MLA ||r(i)||/||b|| 1.8100741388381046e-06
639 MLA ||r(i)||/||b|| 1.7659448895757908e-06
640 MLA ||r(i)||/||b|| 1.7229686546686680e-06
641 MLA ||r(i)||/||b|| 1.6810312931728178e-06
642 MLA ||r(i)||/||b|| 1.6401393935027014e-06
643 MLA ||r(i)||/||b|| 1.6001776022430841e-06
644 MLA ||r(i)||/||b|| 1.5612357939859971e-06
645 MLA ||r(i)||/||b|| 1.5232230467560451e-06
646 MLA ||r(i)||/||b|| 1.4861228226152210e-06
647 MLA ||r(i)||/||b|| 1.4499881212378289e-06
648 MLA ||r(i)||/||b|| 1.4146949060394295e-06
649 MLA ||r(i)||/||b|| 1.3802133450525149e-06
650 MLA ||r(i)||/||b|| 1.3466777564078569e-06
651 MLA ||r(i)||/||b|| 1.3138867744451708e-06
652 MLA ||r(i)||/||b|| 1.2819164914642473e-06
653 MLA ||r(i)||/||b|| 1.2507251302383073e-06
654 MLA ||r(i)||/||b|| 1.2203128453846452e-06
655 MLA ||r(i)||/||b|| 1.1906368620748419e-06
656 MLA ||r(i)||/||b|| 1.1616454814252266e-06
657 MLA ||r(i)||/||b|| 1.1333535241873010e-06
658 MLA ||r(i)||/||b|| 1.1058013650577063e-06
659 MLA ||r(i)||/||b|| 1.0789376091880709e-06
660 MLA ||r(i)||/||b|| 1.0526486409765362e-06
661 MLA ||r(i)||/||b|| 1.0270328565651929e-06
662 MLA ||r(i)||/||b|| 1.0020743440610114e-06
663 MLA ||r(i)||/||b|| 9.7771778715511928e-07
664 MLA ||r(i)||/||b|| 9.5389614054962916e-07
665 MLA ||r(i)||/||b|| 9.3074256841977786e-07
666 MLA ||r(i)||/||b|| 9.0811675582031736e-07
667 MLA ||r(i)||/||b|| 8.8604166049781545e-07
668 MLA ||r(i)||/||b|| 8.6449411940749209e-07
669 MLA ||r(i)||/||b|| 8.4348766606538416e-07
670 MLA ||r(i)||/||b|| 8.2301242478182323e-07
671 MLA ||r(i)||/||b|| 8.0299017650713591e-07
672 MLA ||r(i)||/||b|| 7.8350085537795301e-07
673 MLA ||r(i)||/||b|| 7.6446639952618018e-07
674 MLA ||r(i)||/||b|| 7.4588570078805016e-07
675 MLA ||r(i)||/||b|| 7.2774557644871145e-07
676 MLA ||r(i)||/||b|| 7.1003793098148284e-07
677 MLA ||r(i)||/||b|| 6.9281857908148045e-07
678 MLA ||r(i)||/||b|| 6.7594288630870729e-07
679 MLA ||r(i)||/||b|| 6.5948731413017873e-07
680 MLA ||r(i)||/||b|| 6.4350097800666299e-07
681 MLA ||r(i)||/||b|| 6.2788402918490183e-07
682 MLA ||r(i)||/||b|| 6.1262255624684980e-07
683 MLA ||r(i)||/||b|| 5.9767575836466003e-07
684 MLA ||r(i)||/||b|| 5.8317019944000141e-07
685 MLA ||r(i)||/||b|| 5.6897197547167735e-07
686 MLA ||r(i)||/||b|| 5.5515138951414143e-07
687 MLA ||r(i)||/||b|| 5.4165793995284339e-07
688 MLA ||r(i)||/||b|| 5.2854173502051608e-07
689 MLA ||r(i)||/||b|| 5.1566327032402383e-07
690 MLA ||r(i)||/||b|| 5.0318686016368032e-07
691 MLA ||r(i)||/||b|| 4.9099417856226417e-07
692 MLA ||r(i)||/||b|| 4.7906539182694368e-07
693 MLA ||r(i)||/||b|| 4.6747032136013590e-07
694 MLA ||r(i)||/||b|| 4.5612883215317616e-07
695 MLA ||r(i)||/||b|| 4.4506048906769976e-07
696 MLA ||r(i)||/||b|| 4.3427561195823578e-07
697 MLA ||r(i)||/||b|| 4.2374437064653546e-07
698 MLA ||r(i)||/||b|| 4.1346788414988450e-07
699 MLA ||r(i)||/||b|| 4.0344400326960909e-07
700 MLA ||r(i)||/||b|| 3.9366921726865071e-07
701 MLA ||r(i)||/||b|| 3.8412193649818355e-07
702 MLA ||r(i)||/||b|| 3.7478543781585430e-07
703 MLA ||r(i)||/||b|| 3.6565906912990427e-07
704 MLA ||r(i)||/||b|| 3.5682463795534006e-07
705 MLA ||r(i)||/||b|| 3.4815764469683748e-07
706 MLA ||r(i)||/||b|| 3.3975208825729966e-07
707 MLA ||r(i)||/||b|| 3.3150439407227290e-07
708 MLA ||r(i)||/||b|| 3.2347264350457226e-07
709 MLA ||r(i)||/||b|| 3.1571237144919855e-07
710 MLA ||r(i)||/||b|| 3.0807503490109305e-07
711 MLA ||r(i)||/||b|| 3.0055923676157417e-07
712 MLA ||r(i)||/||b|| 2.9325415378305161e-07
713 MLA ||r(i)||/||b|| 2.8612609049297957e-07
714 MLA ||r(i)||/||b|| 2.7922709209123104e-07
715 MLA ||r(i)||/||b|| 2.7240675933455471e-07
716 MLA ||r(i)||/||b|| 2.6580397443473799e-07
717 MLA ||r(i)||/||b|| 2.5940248090035786e-07
718 MLA ||r(i)||/||b|| 2.5309251025785154e-07
719 MLA ||r(i)||/||b|| 2.4700338448448328e-07
720 MLA ||r(i)||/||b|| 2.4103151381204145e-07
721 MLA ||r(i)||/||b|| 2.3518331925247277e-07
722 MLA ||r(i)||/||b|| 2.2948037276107545e-07
723 MLA ||r(i)||/||b|| 2.2393058406255624e-07
724 MLA ||r(i)||/||b|| 2.1853433195273932e-07
725 MLA ||r(i)||/||b|| 2.1320219442576685e-07
726 MLA ||r(i)||/||b|| 2.0813774000841635e-07
727 MLA ||r(i)||/||b|| 2.0307741895296008e-07
728 MLA ||r(i)||/||b|| 1.9818495138333557e-07
729 MLA ||r(i)||/||b|| 1.9340507826917081e-07
730 MLA ||r(i)||/||b|| 1.8866559339802452e-07
731 MLA ||r(i)||/||b|| 1.8413332630153551e-07
732 MLA ||r(i)||/||b|| 1.7971114045315020e-07
733 MLA ||r(i)||/||b|| 1.7534301488062684e-07
734 MLA ||r(i)||/||b|| 1.7114349911639593e-07
735 MLA ||r(i)||/||b|| 1.6699487539586388e-07
736 MLA ||r(i)||/||b|| 1.6297217127824439e-07
737 MLA ||r(i)||/||b|| 1.5904549309825367e-07
738 MLA ||r(i)||/||b|| 1.5526473407062896e-07
739 MLA ||r(i)||/||b|| 1.5147405435372825e-07
740 MLA ||r(i)||/||b|| 1.4778509880280211e-07
741 MLA ||r(i)||/||b|| 1.4426916783055101e-07
742 MLA ||r(i)||/||b|| 1.4077603889830986e-07
743 MLA ||r(i)||/||b|| 1.3730917054537832e-07
744 MLA ||r(i)||/||b|| 1.3408633257679832e-07
745 MLA ||r(i)||/||b|| 1.3079714047195321e-07
746 MLA ||r(i)||/||b|| 1.2760547659806862e-07
747 MLA ||r(i)||/||b|| 1.2457854001930496e-07
748 MLA ||r(i)||/||b|| 1.2153267527935755e-07
749 MLA ||r(i)||/||b|| 1.1866670451991352e-07
750 MLA ||r(i)||/||b|| 1.1579852258233864e-07
751 MLA ||r(i)||/||b|| 1.1300635735251937e-07
752 MLA ||r(i)||/||b|| 1.1030426655097629e-07
753 MLA ||r(i)||/||b|| 1.0763869231616774e-07
754 MLA ||r(i)||/||b|| 1.0503424543330477e-07
755 MLA ||r(i)||/||b|| 1.0255051602260726e-07
756 MLA ||r(i)||/||b|| 1.0001209384640265e-07
757 MLA ||r(i)||/||b|| 9.7593369920938247e-08
758 MLA ||r(i)||/||b|| 9.5241894911169408e-08
759 MLA ||r(i)||/||b|| 9.2995177986013968e-08
760 MLA ||r(i)||/||b|| 9.0794565716125471e-08
761 MLA ||r(i)||/||b|| 8.8613981770334179e-08
762 MLA ||r(i)||/||b|| 8.6437803905800526e-08
763 MLA ||r(i)||/||b|| 8.4357317540238716e-08
764 MLA ||r(i)||/||b|| 8.2381228738008632e-08
765 MLA ||r(i)||/||b|| 8.0351672594312083e-08
766 MLA ||r(i)||/||b|| 7.8455181192952972e-08
767 MLA ||r(i)||/||b|| 7.6521639525967480e-08
768 MLA ||r(i)||/||b|| 7.4755307521126140e-08
769 MLA ||r(i)||/||b|| 7.2939270242381776e-08
770 MLA ||r(i)||/||b|| 7.1180167543340854e-08
771 MLA ||r(i)||/||b|| 6.9483860624494678e-08
772 MLA ||r(i)||/||b|| 6.7799652571319203e-08
773 MLA ||r(i)||/||b|| 6.6225001677733470e-08
774 MLA ||r(i)||/||b|| 6.4657394017792094e-08
775 MLA ||r(i)||/||b|| 6.3095204303981459e-08
776 MLA ||r(i)||/||b|| 6.1537803132183520e-08
777 MLA ||r(i)||/||b|| 6.0054454836506269e-08
778 MLA ||r(i)||/||b|| 5.8652109245650460e-08
779 MLA ||r(i)||/||b|| 5.7240457574114265e-08
780 MLA ||r(i)||/||b|| 5.5862097582754679e-08
781 MLA ||r(i)||/||b|| 5.4585750942490466e-08
782 MLA ||r(i)||/||b|| 5.3291138363809526e-08
783 MLA ||r(i)||/||b|| 5.2056983929436665e-08
784 MLA ||r(i)||/||b|| 5.0818435301444046e-08
785 MLA ||r(i)||/||b|| 4.9604382716363988e-08
786 MLA ||r(i)||/||b|| 4.8473183403952278e-08
787 MLA ||r(i)||/||b|| 4.7262348029679408e-08
788 MLA ||r(i)||/||b|| 4.6149757399618073e-08
789 MLA ||r(i)||/||b|| 4.5045367060515420e-08
790 MLA ||r(i)||/||b|| 4.4006802014680141e-08
791 MLA ||r(i)||/||b|| 4.2928167542952708e-08
792 MLA ||r(i)||/||b|| 4.1992323915986012e-08
793 MLA ||r(i)||/||b|| 4.0950836656781461e-08
794 MLA ||r(i)||/||b|| 3.9946281551122781e-08
795 MLA ||r(i)||/||b|| 3.9066665468823158e-08
796 MLA ||r(i)||/||b|| 3.8127262471026299e-08
797 MLA ||r(i)||/||b|| 3.7227920601402804e-08
798 MLA ||r(i)||/||b|| 3.6374677174169362e-08
799 MLA ||r(i)||/||b|| 3.5467044314238288e-08
800 MLA ||r(i)||/||b|| 3.4689062833787285e-08
801 MLA ||r(i)||/||b|| 3.3911643794581817e-08
802 MLA ||r(i)||/||b|| 3.3059345530261669e-08
803 MLA ||r(i)||/||b|| 3.2369403480838273e-08
804 MLA ||r(i)||/||b|| 3.1528474429996701e-08
805 MLA ||r(i)||/||b|| 3.0808786535694936e-08
806 MLA ||r(i)||/||b|| 3.0122468920503441e-08
807 MLA ||r(i)||/||b|| 2.9407618704309886e-08
808 MLA ||r(i)||/||b|| 2.8791863897857035e-08
809 MLA ||r(i)||/||b|| 2.8118417530200374e-08
810 MLA ||r(i)||/||b|| 2.7403678632053294e-08
811 MLA ||r(i)||/||b|| 2.6773841288351232e-08
812 MLA ||r(i)||/||b|| 2.6199423727718868e-08
813 MLA ||r(i)||/||b|| 2.5589238420625343e-08
814 MLA ||r(i)||/||b|| 2.4945983481346479e-08
815 MLA ||r(i)||/||b|| 2.4417235489979538e-08
816 MLA ||r(i)||/||b|| 2.3857254359720938e-08
817 MLA ||r(i)||/||b|| 2.3337836408878663e-08
818 MLA ||r(i)||/||b|| 2.2774516551844243e-08
819 MLA ||r(i)||/||b|| 2.2257428477496923e-08
820 MLA ||r(i)||/||b|| 2.1703017768489628e-08
821 MLA ||r(i)||/||b|| 2.1257100020539634e-08
822 MLA ||r(i)||/||b|| 2.0814070969967222e-08
823 MLA ||r(i)||/||b|| 2.0293959266581577e-08
824 MLA ||r(i)||/||b|| 1.9850793488249538e-08
825 MLA ||r(i)||/||b|| 1.9417004122672902e-08
826 MLA ||r(i)||/||b|| 1.9032453288295936e-08
827 MLA ||r(i)||/||b|| 1.8525728324602645e-08
828 MLA ||r(i)||/||b|| 1.8169479583691717e-08
829 MLA ||r(i)||/||b|| 1.7743012251955849e-08
830 MLA ||r(i)||/||b|| 1.7426553117818916e-08
831 MLA ||r(i)||/||b|| 1.7038910416977732e-08
832 MLA ||r(i)||/||b|| 1.6663460136045114e-08
833 MLA ||r(i)||/||b|| 1.6267007567475197e-08
834 MLA ||r(i)||/||b|| 1.5916319611709249e-08
835 MLA ||r(i)||/||b|| 1.5564088537962733e-08
836 MLA ||r(i)||/||b|| 1.5200733395532351e-08
837 MLA ||r(i)||/||b|| 1.4920098754210324e-08
838 MLA ||r(i)||/||b|| 1.4608402783465773e-08
839 MLA ||r(i)||/||b|| 1.4311811600642584e-08
840 MLA ||r(i)||/||b|| 1.3995490740176705e-08
841 MLA ||r(i)||/||b|| 1.3724336706017376e-08
842 MLA ||r(i)||/||b|| 1.3436040741594145e-08
843 MLA ||r(i)||/||b|| 1.3171329012411435e-08
844 MLA ||r(i)||/||b|| 1.2954995530985130e-08
845 MLA ||r(i)||/||b|| 1.2616395126462809e-08
846 MLA ||r(i)||/||b|| 1.2444293373978420e-08
847 MLA ||r(i)||/||b|| 1.2220514444491062e-08
848 MLA ||r(i)||/||b|| 1.1957279036322315e-08
849 MLA ||r(i)||/||b|| 1.1763878198679690e-08
850 MLA ||r(i)||/||b|| 1.1537833066454359e-08
851 MLA ||r(i)||/||b|| 1.1284796048744380e-08
852 MLA ||r(i)||/||b|| 1.1063043091890287e-08
853 MLA ||r(i)||/||b|| 1.0954959243622574e-08
854 MLA ||r(i)||/||b|| 1.0683385162488076e-08
855 MLA ||r(i)||/||b|| 1.0450346483943743e-08
856 MLA ||r(i)||/||b|| 1.0271836186855766e-08
857 MLA ||r(i)||/||b|| 1.0083646091047293e-08
858 MLA ||r(i)||/||b|| 1.0003451871331753e-08
859 MLA ||r(i)||/||b|| 9.8033829176117024e-09
>>>> mla solve time: 27.0793 (s)
  0 KSP unpreconditioned resid norm 3.645678991486e-01 true resid norm 3.645678991486e-01 ||r(i)||/||b|| 1.000000000000e+00
  1 KSP unpreconditioned resid norm 4.096753232283e+00 true resid norm 4.096753232283e+00 ||r(i)||/||b|| 1.123728458224e+01
  2 KSP unpreconditioned resid norm 9.303988782894e+00 true resid norm 9.303988782894e+00 ||r(i)||/||b|| 2.552059247296e+01
  3 KSP unpreconditioned resid norm 6.175285311563e+00 true resid norm 6.175285311563e+00 ||r(i)||/||b|| 1.693864250249e+01
  4 KSP unpreconditioned resid norm 8.959941962849e+00 true resid norm 8.959941962849e+00 ||r(i)||/||b|| 2.457688124427e+01
  5 KSP unpreconditioned resid norm 7.552871047390e+00 true resid norm 7.552871047390e+00 ||r(i)||/||b|| 2.071732334368e+01
  6 KSP unpreconditioned resid norm 8.338096615100e+00 true resid norm 8.338096615100e+00 ||r(i)||/||b|| 2.287117608152e+01
  7 KSP unpreconditioned resid norm 7.994919308132e+00 true resid norm 7.994919308132e+00 ||r(i)||/||b|| 2.192984990396e+01
  8 KSP unpreconditioned resid norm 8.968707369634e+00 true resid norm 8.968707369634e+00 ||r(i)||/||b|| 2.460092452072e+01
  9 KSP unpreconditioned resid norm 8.075375527469e+00 true resid norm 8.075375527469e+00 ||r(i)||/||b|| 2.215053916246e+01
 10 KSP unpreconditioned resid norm 8.631805293316e+00 true resid norm 8.631805293316e+00 ||r(i)||/||b|| 2.367681113305e+01
 11 KSP unpreconditioned resid norm 9.290806130859e+00 true resid norm 9.290806130859e+00 ||r(i)||/||b|| 2.548443281088e+01
 12 KSP unpreconditioned resid norm 8.496372665520e+00 true resid norm 8.496372665520e+00 ||r(i)||/||b|| 2.330532305604e+01
 13 KSP unpreconditioned resid norm 9.415535926571e+00 true resid norm 9.415535926571e+00 ||r(i)||/||b|| 2.582656330565e+01
 14 KSP unpreconditioned resid norm 1.010131049948e+01 true resid norm 1.010131049948e+01 ||r(i)||/||b|| 2.770762462376e+01
 15 KSP unpreconditioned resid norm 9.467792857984e+00 true resid norm 9.467792857984e+00 ||r(i)||/||b|| 2.596990267134e+01
 16 KSP unpreconditioned resid norm 8.991851536670e+00 true resid norm 8.991851536670e+00 ||r(i)||/||b|| 2.466440835210e+01
 17 KSP unpreconditioned resid norm 9.301740964553e+00 true resid norm 9.301740964553e+00 ||r(i)||/||b|| 2.551442676735e+01
 18 KSP unpreconditioned resid norm 1.031575981809e+01 true resid norm 1.031575981809e+01 ||r(i)||/||b|| 2.829585337101e+01
 19 KSP unpreconditioned resid norm 1.195808195113e+01 true resid norm 1.195808195113e+01 ||r(i)||/||b|| 3.280069907156e+01
 20 KSP unpreconditioned resid norm 1.051705218534e+01 true resid norm 1.051705218534e+01 ||r(i)||/||b|| 2.884799295248e+01
>>>> ksp solve time: 0.129695 (s)
            || b ||_2 = 3.6456789914864118e-01
|| r ||_2 / || b ||_2 = 2.8847992952476069e+01
