Config file: ../input/config/mla_v_cycle-refine3.json
order_rbm = 2
angle_type = 1
==== basic information of linear system ====
matrix Row = 73482, matrix Column = 73482
matrix nz_allocated = 1513726, matrix nz_used = 1513726, matrix nz_unneeded = 0
vector Row = 73482
initial     || b ||_2 = 3.6456789914864107e-01
>>>>local_vec_size = 18372
>>>>~~~~ local_mat_m = 18372, local_mat_n = 18372
>>>>local_vec_size = 18372
>>>>~~~~ local_mat_m = 18372, local_mat_n = 18372
>>>>local_vec_size = 18366
>>>>~~~~ local_mat_m = 18366, local_mat_n = 18366
>>>>local_vec_size = 18372
>>>>~~~~ local_mat_m = 18372, local_mat_n = 18372
            || b ||_2 = 3.6456789914864107e-01
|| r ||_2 / || b ||_2 = 1.0000000000000000e+00
[ 12247    72068  3061  3062] [12248] [ 0.000] [ 0.000]
nvtxs:      12247, cut:    20792, balance: 1.200 
	[0 0], [0.0003], [4 15 13]
	[0 1], [0.0003], [5 19 16]
		cut: 20784
	[1 0], [0.0003], [1 4 3]
	[1 1], [0.0003], [3 11 10]
		cut: 20783
	[2 0], [0.0003], [0 0 0]
	[2 1], [0.0003], [0 0 0]
		cut: 20783
      Setup: Max:   0.001, Sum:   0.004, Balance:   1.002
   InitPart: Max:   0.194, Sum:   0.778, Balance:   1.000
 Initialize: Max:   0.001, Sum:   0.003, Balance:   1.000
      K-way: Max:   0.002, Sum:   0.008, Balance:   1.000
      Total: Max:   0.198, Sum:   0.794, Balance:   1.000
       Aux1: Max:   0.001, Sum:   0.003, Balance:   1.000
Final 3061-way Cut:  20783 	Balance: 1.250 
Partitioning a graph of size 3061 serially
      Setup: Max:   0.000, Sum:   0.000, Balance:   1.000
      Remap: Max:   0.000, Sum:   0.000, Balance:   1.333
      Total: Max:   0.210, Sum:   0.841, Balance:   1.000
       Aux1: Max:   0.000, Sum:   0.000, Balance:   1.302
Final 765-way Cut:   8902 	Balance: 1.250 
Partitioning a graph of size 765 serially
      Setup: Max:   0.000, Sum:   0.000, Balance:   1.004
      Remap: Max:   0.000, Sum:   0.000, Balance:   1.333
      Total: Max:   0.062, Sum:   0.246, Balance:   1.000
       Aux1: Max:   0.000, Sum:   0.000, Balance:   1.115
Final 191-way Cut:   3994 	Balance: 1.248 
Partitioning a graph of size 191 serially
      Setup: Max:   0.000, Sum:   0.000, Balance:   1.019
      Remap: Max:   0.000, Sum:   0.000, Balance:   2.000
      Total: Max:   0.015, Sum:   0.062, Balance:   1.000
       Aux1: Max:   0.000, Sum:   0.000, Balance:   1.000
Final  47-way Cut:   1373 	Balance: 1.230 
Partitioning a graph of size 47 serially
      Setup: Max:   0.000, Sum:   0.000, Balance:   1.007
      Remap: Max:   0.000, Sum:   0.000, Balance:   4.000
      Total: Max:   0.003, Sum:   0.012, Balance:   1.000
       Aux1: Max:   0.000, Sum:   0.000, Balance:   1.220
Final  11-way Cut:    244 	Balance: 1.170 


>>>>nodes in level 3 is 47, less than 100, setup DONE!>>>>


>>>> mla setup time: 0.927237 (s)
0 MLA ||r(i)||/||b|| 1.0000000000000000e+00
1 MLA ||r(i)||/||b|| 1.0810266438511817e+00
2 MLA ||r(i)||/||b|| 1.0731651000233746e+00
3 MLA ||r(i)||/||b|| 1.0671384992145201e+00
4 MLA ||r(i)||/||b|| 1.0624353849479213e+00
5 MLA ||r(i)||/||b|| 1.0587375510863164e+00
6 MLA ||r(i)||/||b|| 1.0553583581645027e+00
7 MLA ||r(i)||/||b|| 1.0527540448971444e+00
8 MLA ||r(i)||/||b|| 1.0505733322880568e+00
9 MLA ||r(i)||/||b|| 1.0487522948859815e+00
10 MLA ||r(i)||/||b|| 1.0471924120574008e+00
11 MLA ||r(i)||/||b|| 1.0458254715946429e+00
12 MLA ||r(i)||/||b|| 1.0446456715225945e+00
13 MLA ||r(i)||/||b|| 1.0436219955914876e+00
14 MLA ||r(i)||/||b|| 1.0426773819307467e+00
15 MLA ||r(i)||/||b|| 1.0418025274484706e+00
16 MLA ||r(i)||/||b|| 1.0410058184309787e+00
17 MLA ||r(i)||/||b|| 1.0402072780277534e+00
18 MLA ||r(i)||/||b|| 1.0394652413217584e+00
19 MLA ||r(i)||/||b|| 1.0388158696658334e+00
20 MLA ||r(i)||/||b|| 1.0382501083920637e+00
21 MLA ||r(i)||/||b|| 1.0377366243580437e+00
22 MLA ||r(i)||/||b|| 1.0940103117671731e+00
23 MLA ||r(i)||/||b|| 1.0381574104670184e+00
24 MLA ||r(i)||/||b|| 1.0269855220870630e+00
25 MLA ||r(i)||/||b|| 1.0221345796349857e+00
26 MLA ||r(i)||/||b|| 1.0197191953663447e+00
27 MLA ||r(i)||/||b|| 1.0184095445777288e+00
28 MLA ||r(i)||/||b|| 1.0176408138977340e+00
29 MLA ||r(i)||/||b|| 1.0170753916220827e+00
30 MLA ||r(i)||/||b|| 1.0167167194640889e+00
31 MLA ||r(i)||/||b|| 1.0164356427721555e+00
32 MLA ||r(i)||/||b|| 1.0162158472611771e+00
33 MLA ||r(i)||/||b|| 1.0159932336277422e+00
34 MLA ||r(i)||/||b|| 1.0158778440077170e+00
35 MLA ||r(i)||/||b|| 1.0157242698937230e+00
36 MLA ||r(i)||/||b|| 1.0155658833292214e+00
37 MLA ||r(i)||/||b|| 1.0154130126110292e+00
38 MLA ||r(i)||/||b|| 1.0152600914671095e+00
39 MLA ||r(i)||/||b|| 1.0151076995705228e+00
40 MLA ||r(i)||/||b|| 1.0149539009437314e+00
41 MLA ||r(i)||/||b|| 1.0148020347439231e+00
42 MLA ||r(i)||/||b|| 1.0146429833117803e+00
43 MLA ||r(i)||/||b|| 1.0144084377122262e+00
44 MLA ||r(i)||/||b|| 1.0142671940138612e+00
45 MLA ||r(i)||/||b|| 1.0140869390085692e+00
46 MLA ||r(i)||/||b|| 1.0290003553919596e+00
47 MLA ||r(i)||/||b|| 1.0059220560708497e+00
48 MLA ||r(i)||/||b|| 9.9972861947136049e-01
49 MLA ||r(i)||/||b|| 9.9686667579668131e-01
50 MLA ||r(i)||/||b|| 9.9546231194660162e-01
51 MLA ||r(i)||/||b|| 9.9471112410090423e-01
52 MLA ||r(i)||/||b|| 9.9429486834054603e-01
53 MLA ||r(i)||/||b|| 9.9402778787002311e-01
54 MLA ||r(i)||/||b|| 9.9383515030502245e-01
55 MLA ||r(i)||/||b|| 9.9368704145308306e-01
56 MLA ||r(i)||/||b|| 9.9356941791408326e-01
57 MLA ||r(i)||/||b|| 9.9341160054919098e-01
58 MLA ||r(i)||/||b|| 9.9330683899846794e-01
59 MLA ||r(i)||/||b|| 9.9320571896246190e-01
60 MLA ||r(i)||/||b|| 9.9311610299954478e-01
61 MLA ||r(i)||/||b|| 9.9301693098349553e-01
62 MLA ||r(i)||/||b|| 9.9292905820417543e-01
63 MLA ||r(i)||/||b|| 9.9276925120676851e-01
64 MLA ||r(i)||/||b|| 9.9257238179142060e-01
65 MLA ||r(i)||/||b|| 9.9246969693527121e-01
66 MLA ||r(i)||/||b|| 9.9234755846909228e-01
67 MLA ||r(i)||/||b|| 9.9229480796093994e-01
68 MLA ||r(i)||/||b|| 9.9219756857250119e-01
69 MLA ||r(i)||/||b|| 9.9213057273112060e-01
70 MLA ||r(i)||/||b|| 9.9200246899666211e-01
71 MLA ||r(i)||/||b|| 9.9197699023816577e-01
72 MLA ||r(i)||/||b|| 9.9190249028832289e-01
73 MLA ||r(i)||/||b|| 9.9178841077035074e-01
74 MLA ||r(i)||/||b|| 9.9172114941880629e-01
75 MLA ||r(i)||/||b|| 9.9169070448144148e-01
76 MLA ||r(i)||/||b|| 9.9161238835865528e-01
77 MLA ||r(i)||/||b|| 9.9153102587088793e-01
78 MLA ||r(i)||/||b|| 9.9137970906988226e-01
79 MLA ||r(i)||/||b|| 9.9125738109050410e-01
80 MLA ||r(i)||/||b|| 9.9117919683782663e-01
81 MLA ||r(i)||/||b|| 9.9111895281490758e-01
82 MLA ||r(i)||/||b|| 9.9102565462307413e-01
83 MLA ||r(i)||/||b|| 9.9093959507492380e-01
84 MLA ||r(i)||/||b|| 9.9082876656842045e-01
85 MLA ||r(i)||/||b|| 9.9072573124466068e-01
86 MLA ||r(i)||/||b|| 9.9064261770107742e-01
87 MLA ||r(i)||/||b|| 9.9057765940368780e-01
88 MLA ||r(i)||/||b|| 9.9044700049153545e-01
89 MLA ||r(i)||/||b|| 9.9032688393083224e-01
90 MLA ||r(i)||/||b|| 9.9023968731830014e-01
91 MLA ||r(i)||/||b|| 9.9015504038241331e-01
92 MLA ||r(i)||/||b|| 9.9006971936074473e-01
93 MLA ||r(i)||/||b|| 9.8999296770192058e-01
94 MLA ||r(i)||/||b|| 9.8991431534326646e-01
95 MLA ||r(i)||/||b|| 9.8973702023485643e-01
96 MLA ||r(i)||/||b|| 9.8965151802902951e-01
97 MLA ||r(i)||/||b|| 9.8958412297155796e-01
98 MLA ||r(i)||/||b|| 9.8948604195468826e-01
99 MLA ||r(i)||/||b|| 9.8942658259070515e-01
100 MLA ||r(i)||/||b|| 9.8923356614646907e-01
101 MLA ||r(i)||/||b|| 9.8911063044047165e-01
102 MLA ||r(i)||/||b|| 9.8900119861945279e-01
103 MLA ||r(i)||/||b|| 9.8893357313535357e-01
104 MLA ||r(i)||/||b|| 9.8877035308385908e-01
105 MLA ||r(i)||/||b|| 9.8869558492822085e-01
106 MLA ||r(i)||/||b|| 9.8856086012434530e-01
107 MLA ||r(i)||/||b|| 9.8847212661134931e-01
108 MLA ||r(i)||/||b|| 9.8841491148955318e-01
109 MLA ||r(i)||/||b|| 9.8827963520737372e-01
110 MLA ||r(i)||/||b|| 9.8816811239732272e-01
111 MLA ||r(i)||/||b|| 9.8803460949606658e-01
112 MLA ||r(i)||/||b|| 9.8797510037598490e-01
113 MLA ||r(i)||/||b|| 9.8790395182889268e-01
114 MLA ||r(i)||/||b|| 9.8774046660272297e-01
115 MLA ||r(i)||/||b|| 9.8767022798463699e-01
116 MLA ||r(i)||/||b|| 9.8760023418364962e-01
117 MLA ||r(i)||/||b|| 9.8763285110679522e-01
118 MLA ||r(i)||/||b|| 9.8752906922008132e-01
119 MLA ||r(i)||/||b|| 9.8746846237458730e-01
120 MLA ||r(i)||/||b|| 9.8740575528774610e-01
121 MLA ||r(i)||/||b|| 9.8732754524978739e-01
122 MLA ||r(i)||/||b|| 9.8724101799312813e-01
123 MLA ||r(i)||/||b|| 9.8717450295815878e-01
124 MLA ||r(i)||/||b|| 9.8700279976890670e-01
125 MLA ||r(i)||/||b|| 9.8692476738074941e-01
126 MLA ||r(i)||/||b|| 9.8686097113781979e-01
127 MLA ||r(i)||/||b|| 9.8672407414090313e-01
128 MLA ||r(i)||/||b|| 9.8658415907898478e-01
129 MLA ||r(i)||/||b|| 9.8649098538572233e-01
130 MLA ||r(i)||/||b|| 9.8641446043554282e-01
131 MLA ||r(i)||/||b|| 9.8628914139528090e-01
132 MLA ||r(i)||/||b|| 9.8619800422173032e-01
133 MLA ||r(i)||/||b|| 9.8610552071920554e-01
134 MLA ||r(i)||/||b|| 9.8602512118326024e-01
135 MLA ||r(i)||/||b|| 9.8596567519668110e-01
136 MLA ||r(i)||/||b|| 9.8590300922563745e-01
137 MLA ||r(i)||/||b|| 9.8583750005899151e-01
138 MLA ||r(i)||/||b|| 9.8624947997407808e-01
139 MLA ||r(i)||/||b|| 9.8612187123722650e-01
140 MLA ||r(i)||/||b|| 9.8602649313528146e-01
141 MLA ||r(i)||/||b|| 9.8593237663969380e-01
142 MLA ||r(i)||/||b|| 9.8580962631731295e-01
143 MLA ||r(i)||/||b|| 9.8571820979443858e-01
144 MLA ||r(i)||/||b|| 9.8561189556477791e-01
145 MLA ||r(i)||/||b|| 9.8550946523066296e-01
146 MLA ||r(i)||/||b|| 9.8542483161430705e-01
147 MLA ||r(i)||/||b|| 9.8532401478892373e-01
148 MLA ||r(i)||/||b|| 9.8521417429187164e-01
149 MLA ||r(i)||/||b|| 9.8512101686884879e-01
150 MLA ||r(i)||/||b|| 9.8515774950281221e-01
151 MLA ||r(i)||/||b|| 9.8506723426541154e-01
152 MLA ||r(i)||/||b|| 9.8489088633498156e-01
153 MLA ||r(i)||/||b|| 9.8470488278834600e-01
154 MLA ||r(i)||/||b|| 9.8454739747636089e-01
155 MLA ||r(i)||/||b|| 9.8446493460886031e-01
156 MLA ||r(i)||/||b|| 9.8431217705151586e-01
157 MLA ||r(i)||/||b|| 9.8369826797339910e-01
158 MLA ||r(i)||/||b|| 9.8346009002679691e-01
159 MLA ||r(i)||/||b|| 9.8343947968334511e-01
160 MLA ||r(i)||/||b|| 9.8337439248332004e-01
161 MLA ||r(i)||/||b|| 9.8333154156741087e-01
162 MLA ||r(i)||/||b|| 9.8328743325970325e-01
163 MLA ||r(i)||/||b|| 9.8327431259597986e-01
164 MLA ||r(i)||/||b|| 9.8322992258646147e-01
165 MLA ||r(i)||/||b|| 9.8311655909332663e-01
166 MLA ||r(i)||/||b|| 9.8307985327134051e-01
167 MLA ||r(i)||/||b|| 9.8301599704087106e-01
168 MLA ||r(i)||/||b|| 9.8296587318338036e-01
169 MLA ||r(i)||/||b|| 9.8291434562038782e-01
170 MLA ||r(i)||/||b|| 9.8286369895937442e-01
171 MLA ||r(i)||/||b|| 9.8279671022290471e-01
172 MLA ||r(i)||/||b|| 9.8273501660967222e-01
173 MLA ||r(i)||/||b|| 9.8308953657583031e-01
174 MLA ||r(i)||/||b|| 9.8303374332123750e-01
175 MLA ||r(i)||/||b|| 9.8298837426668595e-01
176 MLA ||r(i)||/||b|| 9.8289205581313099e-01
177 MLA ||r(i)||/||b|| 9.8281919268925555e-01
178 MLA ||r(i)||/||b|| 9.8274154065614305e-01
179 MLA ||r(i)||/||b|| 9.8258389823512504e-01
180 MLA ||r(i)||/||b|| 9.8236204822428741e-01
181 MLA ||r(i)||/||b|| 9.8216121690362279e-01
182 MLA ||r(i)||/||b|| 9.8197757134414554e-01
183 MLA ||r(i)||/||b|| 9.8191377562191551e-01
184 MLA ||r(i)||/||b|| 9.8181995543078993e-01
185 MLA ||r(i)||/||b|| 9.8165762857639660e-01
186 MLA ||r(i)||/||b|| 9.8156042582094272e-01
187 MLA ||r(i)||/||b|| 9.8150106289316041e-01
188 MLA ||r(i)||/||b|| 9.8143165149293721e-01
189 MLA ||r(i)||/||b|| 9.8137386499400558e-01
190 MLA ||r(i)||/||b|| 9.8132328068110264e-01
191 MLA ||r(i)||/||b|| 9.8126393087305475e-01
192 MLA ||r(i)||/||b|| 9.8119432498841930e-01
193 MLA ||r(i)||/||b|| 9.8107397107833583e-01
194 MLA ||r(i)||/||b|| 9.8099928368495348e-01
195 MLA ||r(i)||/||b|| 9.8093206320606441e-01
196 MLA ||r(i)||/||b|| 9.8087159770976307e-01
197 MLA ||r(i)||/||b|| 9.8095241083118501e-01
198 MLA ||r(i)||/||b|| 9.8077145604018923e-01
199 MLA ||r(i)||/||b|| 9.8067641477683587e-01
200 MLA ||r(i)||/||b|| 9.8066013588785894e-01
201 MLA ||r(i)||/||b|| 9.7981002712650134e-01
202 MLA ||r(i)||/||b|| 9.7945674293941465e-01
203 MLA ||r(i)||/||b|| 9.7937178326593477e-01
204 MLA ||r(i)||/||b|| 9.7932604558990832e-01
205 MLA ||r(i)||/||b|| 9.7928955122145456e-01
206 MLA ||r(i)||/||b|| 9.7956035549670450e-01
207 MLA ||r(i)||/||b|| 9.7949703311207925e-01
208 MLA ||r(i)||/||b|| 9.7937192353144442e-01
209 MLA ||r(i)||/||b|| 9.7931950827525094e-01
210 MLA ||r(i)||/||b|| 9.7927016038582915e-01
211 MLA ||r(i)||/||b|| 9.7922325241120101e-01
212 MLA ||r(i)||/||b|| 9.7916082438801444e-01
213 MLA ||r(i)||/||b|| 9.7911120219820291e-01
214 MLA ||r(i)||/||b|| 9.7905741902764321e-01
215 MLA ||r(i)||/||b|| 9.7896998935869461e-01
216 MLA ||r(i)||/||b|| 9.7885422875977746e-01
217 MLA ||r(i)||/||b|| 9.7876146039985079e-01
218 MLA ||r(i)||/||b|| 9.7869723805468667e-01
219 MLA ||r(i)||/||b|| 9.7863383222191935e-01
220 MLA ||r(i)||/||b|| 9.7859683402165343e-01
221 MLA ||r(i)||/||b|| 9.7814392742433498e-01
222 MLA ||r(i)||/||b|| 9.7800294038839652e-01
223 MLA ||r(i)||/||b|| 9.7796324603040952e-01
224 MLA ||r(i)||/||b|| 9.7792800254308743e-01
225 MLA ||r(i)||/||b|| 9.7795304197463462e-01
226 MLA ||r(i)||/||b|| 9.7791917916178384e-01
227 MLA ||r(i)||/||b|| 9.7787488544951862e-01
228 MLA ||r(i)||/||b|| 9.7783197204006689e-01
229 MLA ||r(i)||/||b|| 9.7778405704527005e-01
230 MLA ||r(i)||/||b|| 9.7772345850170839e-01
231 MLA ||r(i)||/||b|| 9.7759435744541578e-01
232 MLA ||r(i)||/||b|| 9.7752913040524725e-01
233 MLA ||r(i)||/||b|| 9.7744115265381903e-01
234 MLA ||r(i)||/||b|| 9.7739955717072813e-01
235 MLA ||r(i)||/||b|| 9.7735897397140115e-01
236 MLA ||r(i)||/||b|| 9.7725433484066171e-01
237 MLA ||r(i)||/||b|| 9.7726272733043262e-01
238 MLA ||r(i)||/||b|| 9.7719950254882326e-01
239 MLA ||r(i)||/||b|| 9.7671665780815653e-01
240 MLA ||r(i)||/||b|| 9.7647495422764607e-01
241 MLA ||r(i)||/||b|| 9.7640437752830833e-01
242 MLA ||r(i)||/||b|| 9.7635332246482109e-01
243 MLA ||r(i)||/||b|| 9.7632075171226396e-01
244 MLA ||r(i)||/||b|| 9.7628457100782740e-01
245 MLA ||r(i)||/||b|| 9.7625448244839486e-01
246 MLA ||r(i)||/||b|| 9.7622945540262462e-01
247 MLA ||r(i)||/||b|| 9.7620538291063375e-01
248 MLA ||r(i)||/||b|| 9.7617562174672046e-01
249 MLA ||r(i)||/||b|| 9.7614060237678946e-01
250 MLA ||r(i)||/||b|| 9.7610517490043502e-01
251 MLA ||r(i)||/||b|| 9.7606426559103610e-01
252 MLA ||r(i)||/||b|| 9.7620384989152942e-01
253 MLA ||r(i)||/||b|| 9.7615093926423302e-01
254 MLA ||r(i)||/||b|| 9.7602663726056615e-01
255 MLA ||r(i)||/||b|| 9.7595708632418188e-01
256 MLA ||r(i)||/||b|| 9.7589393157374971e-01
257 MLA ||r(i)||/||b|| 9.7584195335188850e-01
258 MLA ||r(i)||/||b|| 9.7575400697167303e-01
259 MLA ||r(i)||/||b|| 9.7570615531158333e-01
260 MLA ||r(i)||/||b|| 9.7565681995560094e-01
261 MLA ||r(i)||/||b|| 9.7561169263677194e-01
262 MLA ||r(i)||/||b|| 9.7558714414018299e-01
263 MLA ||r(i)||/||b|| 9.7550913005624240e-01
264 MLA ||r(i)||/||b|| 9.7546445914869662e-01
265 MLA ||r(i)||/||b|| 9.7542241755554682e-01
266 MLA ||r(i)||/||b|| 9.7532431569354183e-01
267 MLA ||r(i)||/||b|| 9.7527891069612827e-01
268 MLA ||r(i)||/||b|| 9.7523047780270000e-01
269 MLA ||r(i)||/||b|| 9.7518270205093227e-01
270 MLA ||r(i)||/||b|| 9.7511789326566378e-01
271 MLA ||r(i)||/||b|| 9.7507700096608374e-01
272 MLA ||r(i)||/||b|| 9.7503042744111290e-01
273 MLA ||r(i)||/||b|| 9.7498425614307327e-01
274 MLA ||r(i)||/||b|| 9.7493865792171364e-01
275 MLA ||r(i)||/||b|| 9.7515537379914130e-01
276 MLA ||r(i)||/||b|| 9.7506107833647293e-01
277 MLA ||r(i)||/||b|| 9.7418110763793286e-01
278 MLA ||r(i)||/||b|| 9.7386982648320319e-01
279 MLA ||r(i)||/||b|| 9.7379522009373098e-01
280 MLA ||r(i)||/||b|| 9.7376096985710436e-01
281 MLA ||r(i)||/||b|| 9.7373361406836390e-01
282 MLA ||r(i)||/||b|| 9.7370824381996690e-01
283 MLA ||r(i)||/||b|| 9.7370496325377065e-01
284 MLA ||r(i)||/||b|| 9.7364154073661635e-01
285 MLA ||r(i)||/||b|| 9.7293653356247844e-01
286 MLA ||r(i)||/||b|| 9.7299706239934625e-01
287 MLA ||r(i)||/||b|| 9.7282827846865139e-01
288 MLA ||r(i)||/||b|| 9.7278321132788947e-01
289 MLA ||r(i)||/||b|| 9.7275582487618140e-01
290 MLA ||r(i)||/||b|| 9.7273535664494082e-01
291 MLA ||r(i)||/||b|| 9.8475863501001060e-01
292 MLA ||r(i)||/||b|| 9.7337861796830294e-01
293 MLA ||r(i)||/||b|| 9.7154906614805991e-01
294 MLA ||r(i)||/||b|| 9.7095436925914980e-01
295 MLA ||r(i)||/||b|| 9.7061563633663628e-01
296 MLA ||r(i)||/||b|| 9.7053258558229272e-01
297 MLA ||r(i)||/||b|| 9.7039627609182222e-01
298 MLA ||r(i)||/||b|| 9.7029298675395059e-01
299 MLA ||r(i)||/||b|| 9.7022668811630430e-01
300 MLA ||r(i)||/||b|| 9.7019946967456305e-01
301 MLA ||r(i)||/||b|| 9.7011517215931420e-01
302 MLA ||r(i)||/||b|| 9.7001212831613126e-01
303 MLA ||r(i)||/||b|| 9.6994700333742212e-01
304 MLA ||r(i)||/||b|| 9.6995709031455057e-01
305 MLA ||r(i)||/||b|| 9.6997437556096089e-01
306 MLA ||r(i)||/||b|| 9.6990118419887950e-01
307 MLA ||r(i)||/||b|| 9.6989733290234248e-01
308 MLA ||r(i)||/||b|| 9.6989103916607755e-01
309 MLA ||r(i)||/||b|| 9.6988775017716644e-01
310 MLA ||r(i)||/||b|| 9.6966140193503692e-01
311 MLA ||r(i)||/||b|| 9.6953096164782870e-01
312 MLA ||r(i)||/||b|| 9.6951453598580917e-01
313 MLA ||r(i)||/||b|| 9.6938636108580134e-01
314 MLA ||r(i)||/||b|| 9.6933973870694567e-01
315 MLA ||r(i)||/||b|| 9.6930100402226627e-01
316 MLA ||r(i)||/||b|| 9.6929105374056568e-01
317 MLA ||r(i)||/||b|| 9.6925136953456259e-01
318 MLA ||r(i)||/||b|| 9.6918223122629732e-01
319 MLA ||r(i)||/||b|| 9.6918929936233056e-01
320 MLA ||r(i)||/||b|| 9.6919705772439257e-01
321 MLA ||r(i)||/||b|| 9.6913958669478284e-01
322 MLA ||r(i)||/||b|| 9.6914037156883814e-01
323 MLA ||r(i)||/||b|| 9.6914598570079014e-01
324 MLA ||r(i)||/||b|| 9.6909100620716082e-01
325 MLA ||r(i)||/||b|| 9.6907886854660807e-01
326 MLA ||r(i)||/||b|| 9.6907209657184712e-01
327 MLA ||r(i)||/||b|| 9.6902827650170509e-01
328 MLA ||r(i)||/||b|| 9.6901017196416928e-01
329 MLA ||r(i)||/||b|| 9.6899103465645686e-01
330 MLA ||r(i)||/||b|| 9.6897678704042678e-01
331 MLA ||r(i)||/||b|| 9.6894676398496704e-01
332 MLA ||r(i)||/||b|| 9.6889149355089632e-01
333 MLA ||r(i)||/||b|| 9.6888197559071731e-01
334 MLA ||r(i)||/||b|| 9.6886918032170921e-01
335 MLA ||r(i)||/||b|| 9.6841882604070550e-01
336 MLA ||r(i)||/||b|| 9.6821883019011923e-01
337 MLA ||r(i)||/||b|| 9.6823664023156408e-01
338 MLA ||r(i)||/||b|| 9.6827695541088721e-01
339 MLA ||r(i)||/||b|| 9.6829995535722424e-01
340 MLA ||r(i)||/||b|| 9.6830645792588532e-01
341 MLA ||r(i)||/||b|| 9.6830755661997692e-01
342 MLA ||r(i)||/||b|| 9.6828589355799788e-01
343 MLA ||r(i)||/||b|| 9.6825935964720111e-01
344 MLA ||r(i)||/||b|| 9.6822616910765280e-01
345 MLA ||r(i)||/||b|| 9.6868541250323759e-01
346 MLA ||r(i)||/||b|| 9.6848816939442894e-01
347 MLA ||r(i)||/||b|| 9.6840639423272046e-01
348 MLA ||r(i)||/||b|| 9.6831793646513165e-01
349 MLA ||r(i)||/||b|| 9.6819732869197628e-01
350 MLA ||r(i)||/||b|| 9.6807864103599628e-01
351 MLA ||r(i)||/||b|| 9.6803261971628340e-01
352 MLA ||r(i)||/||b|| 9.6800857552545005e-01
353 MLA ||r(i)||/||b|| 9.6801180071587878e-01
354 MLA ||r(i)||/||b|| 9.6788572962590680e-01
355 MLA ||r(i)||/||b|| 9.6784822283059468e-01
356 MLA ||r(i)||/||b|| 9.6770430779304129e-01
357 MLA ||r(i)||/||b|| 9.6744217890666473e-01
358 MLA ||r(i)||/||b|| 9.6740412464974801e-01
359 MLA ||r(i)||/||b|| 9.6755264626253634e-01
360 MLA ||r(i)||/||b|| 9.6755808181139324e-01
361 MLA ||r(i)||/||b|| 9.6756474383274493e-01
362 MLA ||r(i)||/||b|| 9.6755144813978322e-01
363 MLA ||r(i)||/||b|| 9.6752895664091376e-01
364 MLA ||r(i)||/||b|| 9.6750089167771025e-01
365 MLA ||r(i)||/||b|| 9.6746632838368085e-01
366 MLA ||r(i)||/||b|| 9.6754097962032959e-01
367 MLA ||r(i)||/||b|| 9.6734482979254222e-01
368 MLA ||r(i)||/||b|| 9.6719861481096225e-01
369 MLA ||r(i)||/||b|| 9.6711370983668976e-01
370 MLA ||r(i)||/||b|| 9.6708252958238872e-01
371 MLA ||r(i)||/||b|| 9.6702209806505535e-01
372 MLA ||r(i)||/||b|| 9.6698161689678075e-01
373 MLA ||r(i)||/||b|| 9.6751395701674614e-01
374 MLA ||r(i)||/||b|| 9.6744328592088880e-01
375 MLA ||r(i)||/||b|| 9.6738951500452464e-01
376 MLA ||r(i)||/||b|| 9.6720007655882301e-01
377 MLA ||r(i)||/||b|| 9.6702077912363793e-01
378 MLA ||r(i)||/||b|| 9.6695769297079870e-01
379 MLA ||r(i)||/||b|| 9.6675131818432014e-01
380 MLA ||r(i)||/||b|| 9.6666925813474769e-01
381 MLA ||r(i)||/||b|| 9.6662535058445054e-01
382 MLA ||r(i)||/||b|| 9.6657545109234888e-01
383 MLA ||r(i)||/||b|| 9.6651637276533153e-01
384 MLA ||r(i)||/||b|| 9.6646502467226603e-01
385 MLA ||r(i)||/||b|| 9.6639368057331698e-01
386 MLA ||r(i)||/||b|| 9.6634942882426811e-01
387 MLA ||r(i)||/||b|| 9.6625536225351905e-01
388 MLA ||r(i)||/||b|| 9.6618381437094547e-01
389 MLA ||r(i)||/||b|| 9.6612132386154448e-01
390 MLA ||r(i)||/||b|| 9.6608860542379715e-01
391 MLA ||r(i)||/||b|| 9.6597641226588660e-01
392 MLA ||r(i)||/||b|| 9.6595857950265196e-01
393 MLA ||r(i)||/||b|| 9.6594809101449064e-01
394 MLA ||r(i)||/||b|| 9.6584784559362225e-01
395 MLA ||r(i)||/||b|| 9.6581123743532904e-01
396 MLA ||r(i)||/||b|| 9.6575803227850920e-01
397 MLA ||r(i)||/||b|| 9.6574111701619347e-01
398 MLA ||r(i)||/||b|| 9.6571848533980853e-01
399 MLA ||r(i)||/||b|| 9.6563160602148501e-01
400 MLA ||r(i)||/||b|| 9.6561776175631808e-01
401 MLA ||r(i)||/||b|| 9.6560505307981515e-01
402 MLA ||r(i)||/||b|| 9.6559051128219264e-01
403 MLA ||r(i)||/||b|| 9.6542473911471438e-01
404 MLA ||r(i)||/||b|| 9.6541599561860325e-01
405 MLA ||r(i)||/||b|| 9.6538263972415272e-01
406 MLA ||r(i)||/||b|| 9.6528523201664196e-01
407 MLA ||r(i)||/||b|| 9.6520736546554065e-01
408 MLA ||r(i)||/||b|| 9.6520680509485912e-01
409 MLA ||r(i)||/||b|| 9.6500352572981363e-01
410 MLA ||r(i)||/||b|| 9.6501358608220822e-01
411 MLA ||r(i)||/||b|| 9.6503221772754322e-01
412 MLA ||r(i)||/||b|| 9.6504141289999834e-01
413 MLA ||r(i)||/||b|| 9.6463598124903105e-01
414 MLA ||r(i)||/||b|| 9.6417334314735181e-01
415 MLA ||r(i)||/||b|| 9.6408142492746984e-01
416 MLA ||r(i)||/||b|| 9.6407793650477247e-01
417 MLA ||r(i)||/||b|| 9.6411564992029108e-01
418 MLA ||r(i)||/||b|| 9.6404258877569327e-01
419 MLA ||r(i)||/||b|| 9.6400586329004379e-01
420 MLA ||r(i)||/||b|| 9.6398770188713667e-01
421 MLA ||r(i)||/||b|| 9.6399656676237744e-01
422 MLA ||r(i)||/||b|| 9.6394925646814145e-01
423 MLA ||r(i)||/||b|| 9.6396216540332480e-01
424 MLA ||r(i)||/||b|| 9.6392614453033709e-01
425 MLA ||r(i)||/||b|| 9.6391309168319073e-01
426 MLA ||r(i)||/||b|| 9.6387356544542657e-01
427 MLA ||r(i)||/||b|| 9.6377169387219708e-01
428 MLA ||r(i)||/||b|| 9.6373402696087829e-01
429 MLA ||r(i)||/||b|| 9.6374228908624615e-01
430 MLA ||r(i)||/||b|| 9.6369394574371925e-01
431 MLA ||r(i)||/||b|| 9.6364268253488161e-01
432 MLA ||r(i)||/||b|| 9.6367391601152419e-01
433 MLA ||r(i)||/||b|| 9.6368762496053639e-01
434 MLA ||r(i)||/||b|| 9.6364787316893052e-01
435 MLA ||r(i)||/||b|| 9.6369906187130294e-01
436 MLA ||r(i)||/||b|| 9.6281958055273287e-01
437 MLA ||r(i)||/||b|| 9.6264029773857152e-01
438 MLA ||r(i)||/||b|| 9.6268863112426106e-01
439 MLA ||r(i)||/||b|| 9.6276966127971286e-01
440 MLA ||r(i)||/||b|| 9.6265628974417605e-01
441 MLA ||r(i)||/||b|| 9.6247267794662605e-01
442 MLA ||r(i)||/||b|| 9.6238786450098424e-01
443 MLA ||r(i)||/||b|| 9.6223517147221216e-01
444 MLA ||r(i)||/||b|| 9.6218792558954680e-01
445 MLA ||r(i)||/||b|| 9.6222942566924174e-01
446 MLA ||r(i)||/||b|| 9.6222472723432484e-01
447 MLA ||r(i)||/||b|| 9.6227143368216939e-01
448 MLA ||r(i)||/||b|| 9.6224350100413703e-01
449 MLA ||r(i)||/||b|| 9.6224295316510722e-01
450 MLA ||r(i)||/||b|| 9.6206318919820855e-01
451 MLA ||r(i)||/||b|| 9.6174951627552030e-01
452 MLA ||r(i)||/||b|| 9.6165504642910238e-01
453 MLA ||r(i)||/||b|| 9.6169670677110086e-01
454 MLA ||r(i)||/||b|| 9.6170305539526935e-01
455 MLA ||r(i)||/||b|| 9.6168624039473882e-01
456 MLA ||r(i)||/||b|| 9.6166669734235222e-01
457 MLA ||r(i)||/||b|| 9.6169213186846403e-01
458 MLA ||r(i)||/||b|| 9.6167986734183486e-01
459 MLA ||r(i)||/||b|| 9.6170782981941760e-01
460 MLA ||r(i)||/||b|| 9.6172298249358623e-01
461 MLA ||r(i)||/||b|| 9.6167697153712284e-01
462 MLA ||r(i)||/||b|| 9.6164159735000743e-01
463 MLA ||r(i)||/||b|| 9.6160973552234974e-01
464 MLA ||r(i)||/||b|| 9.6164622976862135e-01
465 MLA ||r(i)||/||b|| 9.6168228044430060e-01
466 MLA ||r(i)||/||b|| 9.6169257143044817e-01
467 MLA ||r(i)||/||b|| 9.6169864006209138e-01
468 MLA ||r(i)||/||b|| 9.6166023627710195e-01
469 MLA ||r(i)||/||b|| 9.6166145455811880e-01
470 MLA ||r(i)||/||b|| 9.6158566322752148e-01
471 MLA ||r(i)||/||b|| 9.6157556894532303e-01
472 MLA ||r(i)||/||b|| 9.6160368195157409e-01
473 MLA ||r(i)||/||b|| 9.6164168926702209e-01
474 MLA ||r(i)||/||b|| 9.6162764439332682e-01
475 MLA ||r(i)||/||b|| 9.6160287822782664e-01
476 MLA ||r(i)||/||b|| 9.6156130887926095e-01
477 MLA ||r(i)||/||b|| 9.6043755807739528e-01
478 MLA ||r(i)||/||b|| 9.6000958958980454e-01
479 MLA ||r(i)||/||b|| 9.5997633138062388e-01
480 MLA ||r(i)||/||b|| 9.6003011301852637e-01
481 MLA ||r(i)||/||b|| 9.6006841589587211e-01
482 MLA ||r(i)||/||b|| 9.6128132505050257e-01
483 MLA ||r(i)||/||b|| 9.6114121411671571e-01
484 MLA ||r(i)||/||b|| 9.6100082722944224e-01
485 MLA ||r(i)||/||b|| 9.6092188428420022e-01
486 MLA ||r(i)||/||b|| 9.6091165016439950e-01
487 MLA ||r(i)||/||b|| 9.6091126832881257e-01
488 MLA ||r(i)||/||b|| 9.6090490005168849e-01
489 MLA ||r(i)||/||b|| 9.6091474975168290e-01
490 MLA ||r(i)||/||b|| 9.6087983305667968e-01
491 MLA ||r(i)||/||b|| 9.6090318380601247e-01
492 MLA ||r(i)||/||b|| 9.6082064686504487e-01
493 MLA ||r(i)||/||b|| 9.6085350114267154e-01
494 MLA ||r(i)||/||b|| 9.6082338038177995e-01
495 MLA ||r(i)||/||b|| 9.6079716649495350e-01
496 MLA ||r(i)||/||b|| 9.6108089358803483e-01
497 MLA ||r(i)||/||b|| 9.6112353656358551e-01
498 MLA ||r(i)||/||b|| 9.6109449442898021e-01
499 MLA ||r(i)||/||b|| 9.6101801728771585e-01
500 MLA ||r(i)||/||b|| 9.6093929832985492e-01
501 MLA ||r(i)||/||b|| 9.6091843565706703e-01
502 MLA ||r(i)||/||b|| 9.6092143625419635e-01
503 MLA ||r(i)||/||b|| 9.6091859626955023e-01
504 MLA ||r(i)||/||b|| 9.6089126407495584e-01
505 MLA ||r(i)||/||b|| 9.6087153400580638e-01
506 MLA ||r(i)||/||b|| 9.6074215719729372e-01
507 MLA ||r(i)||/||b|| 9.6070212915922693e-01
508 MLA ||r(i)||/||b|| 9.6044428465096143e-01
509 MLA ||r(i)||/||b|| 9.6009363191528430e-01
510 MLA ||r(i)||/||b|| 9.6004016580590557e-01
511 MLA ||r(i)||/||b|| 9.6012495756880056e-01
512 MLA ||r(i)||/||b|| 9.6008765119772466e-01
513 MLA ||r(i)||/||b|| 9.6006531771893255e-01
514 MLA ||r(i)||/||b|| 9.6004018526136137e-01
515 MLA ||r(i)||/||b|| 9.6002071377864773e-01
516 MLA ||r(i)||/||b|| 9.5999781474099988e-01
517 MLA ||r(i)||/||b|| 9.5997214585512136e-01
518 MLA ||r(i)||/||b|| 9.5999964659929160e-01
519 MLA ||r(i)||/||b|| 9.5997161004751641e-01
520 MLA ||r(i)||/||b|| 9.5992763100373935e-01
521 MLA ||r(i)||/||b|| 9.5988456560404534e-01
522 MLA ||r(i)||/||b|| 1.0042007432582933e+00
523 MLA ||r(i)||/||b|| 9.6164368946849554e-01
524 MLA ||r(i)||/||b|| 9.5497840917095178e-01
525 MLA ||r(i)||/||b|| 9.5281102081076929e-01
526 MLA ||r(i)||/||b|| 9.5175603683953425e-01
527 MLA ||r(i)||/||b|| 9.5130983378038003e-01
528 MLA ||r(i)||/||b|| 9.5083990032848642e-01
529 MLA ||r(i)||/||b|| 9.5065296819879352e-01
530 MLA ||r(i)||/||b|| 9.5057496231085870e-01
531 MLA ||r(i)||/||b|| 9.5050575602775134e-01
532 MLA ||r(i)||/||b|| 9.5046182390541412e-01
533 MLA ||r(i)||/||b|| 9.5041014346925767e-01
534 MLA ||r(i)||/||b|| 9.5042521511217515e-01
535 MLA ||r(i)||/||b|| 9.5046693712854824e-01
536 MLA ||r(i)||/||b|| 9.5054086686156214e-01
537 MLA ||r(i)||/||b|| 9.5058796614214491e-01
538 MLA ||r(i)||/||b|| 9.5056170362227854e-01
539 MLA ||r(i)||/||b|| 9.5050002949867940e-01
540 MLA ||r(i)||/||b|| 9.5078866190423283e-01
541 MLA ||r(i)||/||b|| 9.5073858692355473e-01
542 MLA ||r(i)||/||b|| 9.5006677557197694e-01
543 MLA ||r(i)||/||b|| 9.4993146890530222e-01
544 MLA ||r(i)||/||b|| 9.4989013932117916e-01
545 MLA ||r(i)||/||b|| 9.4979525935671438e-01
546 MLA ||r(i)||/||b|| 9.4967667281007773e-01
547 MLA ||r(i)||/||b|| 9.4967038902945977e-01
548 MLA ||r(i)||/||b|| 9.4919783043427519e-01
549 MLA ||r(i)||/||b|| 9.4901995258652661e-01
550 MLA ||r(i)||/||b|| 9.4895008323923846e-01
551 MLA ||r(i)||/||b|| 9.4886943491488895e-01
552 MLA ||r(i)||/||b|| 9.4888603995419241e-01
553 MLA ||r(i)||/||b|| 9.4929124201262371e-01
554 MLA ||r(i)||/||b|| 9.4930259181360155e-01
555 MLA ||r(i)||/||b|| 9.4930790362794570e-01
556 MLA ||r(i)||/||b|| 9.4937939760949841e-01
557 MLA ||r(i)||/||b|| 9.4934745598137293e-01
558 MLA ||r(i)||/||b|| 9.4930882588478827e-01
559 MLA ||r(i)||/||b|| 9.4935681357897828e-01
560 MLA ||r(i)||/||b|| 9.4943857458331615e-01
561 MLA ||r(i)||/||b|| 9.4939080471151494e-01
562 MLA ||r(i)||/||b|| 9.4929586574249714e-01
563 MLA ||r(i)||/||b|| 9.4933770283122043e-01
564 MLA ||r(i)||/||b|| 9.4957583793953504e-01
565 MLA ||r(i)||/||b|| 9.4949877136524230e-01
566 MLA ||r(i)||/||b|| 9.4954339207859850e-01
567 MLA ||r(i)||/||b|| 9.4956105541760294e-01
568 MLA ||r(i)||/||b|| 9.4952143012588208e-01
569 MLA ||r(i)||/||b|| 9.4955524554312332e-01
570 MLA ||r(i)||/||b|| 9.4951377452643082e-01
571 MLA ||r(i)||/||b|| 9.4947839399388478e-01
572 MLA ||r(i)||/||b|| 9.4946682528696225e-01
573 MLA ||r(i)||/||b|| 9.4948094111852521e-01
574 MLA ||r(i)||/||b|| 9.4951645115104821e-01
575 MLA ||r(i)||/||b|| 9.4954221768561620e-01
576 MLA ||r(i)||/||b|| 9.5002540016688208e-01
577 MLA ||r(i)||/||b|| 9.4994692387625923e-01
578 MLA ||r(i)||/||b|| 9.4981388018264734e-01
579 MLA ||r(i)||/||b|| 9.4965179507883313e-01
580 MLA ||r(i)||/||b|| 9.4963043501723721e-01
581 MLA ||r(i)||/||b|| 9.4958691481747071e-01
582 MLA ||r(i)||/||b|| 9.4947239626419233e-01
583 MLA ||r(i)||/||b|| 9.4878935871565673e-01
584 MLA ||r(i)||/||b|| 9.4860524485218289e-01
585 MLA ||r(i)||/||b|| 9.4861316656471661e-01
586 MLA ||r(i)||/||b|| 9.4861242098513487e-01
587 MLA ||r(i)||/||b|| 9.4866120474013937e-01
588 MLA ||r(i)||/||b|| 9.6367027961224716e-01
589 MLA ||r(i)||/||b|| 9.4770128699018219e-01
590 MLA ||r(i)||/||b|| 9.4509640215104129e-01
591 MLA ||r(i)||/||b|| 9.4405574493634803e-01
592 MLA ||r(i)||/||b|| 9.4367666389795368e-01
593 MLA ||r(i)||/||b|| 9.4350159068427553e-01
594 MLA ||r(i)||/||b|| 9.4344905243532318e-01
595 MLA ||r(i)||/||b|| 9.4338629732361790e-01
596 MLA ||r(i)||/||b|| 9.4338091142008906e-01
597 MLA ||r(i)||/||b|| 9.4340435285731816e-01
598 MLA ||r(i)||/||b|| 9.4344437354145438e-01
599 MLA ||r(i)||/||b|| 9.4348075077541937e-01
600 MLA ||r(i)||/||b|| 9.4349377478947893e-01
601 MLA ||r(i)||/||b|| 9.4349234309697483e-01
602 MLA ||r(i)||/||b|| 9.4350814902578295e-01
603 MLA ||r(i)||/||b|| 9.4354252955260853e-01
604 MLA ||r(i)||/||b|| 9.4352941799161716e-01
605 MLA ||r(i)||/||b|| 9.4353745890211971e-01
606 MLA ||r(i)||/||b|| 9.4352051597367737e-01
607 MLA ||r(i)||/||b|| 9.4349329179215369e-01
608 MLA ||r(i)||/||b|| 9.4349876918911268e-01
609 MLA ||r(i)||/||b|| 9.4349641925755079e-01
610 MLA ||r(i)||/||b|| 9.4344787137792741e-01
611 MLA ||r(i)||/||b|| 9.4346598399972093e-01
612 MLA ||r(i)||/||b|| 9.4342035671603275e-01
613 MLA ||r(i)||/||b|| 9.4344505336748907e-01
614 MLA ||r(i)||/||b|| 9.4344693510816113e-01
615 MLA ||r(i)||/||b|| 9.4344687312392617e-01
616 MLA ||r(i)||/||b|| 9.4342041863671577e-01
617 MLA ||r(i)||/||b|| 9.4339716572115817e-01
618 MLA ||r(i)||/||b|| 9.4334459139282745e-01
619 MLA ||r(i)||/||b|| 9.4333458307000040e-01
620 MLA ||r(i)||/||b|| 9.4331981344598304e-01
621 MLA ||r(i)||/||b|| 9.4330484384257507e-01
622 MLA ||r(i)||/||b|| 9.4329636920396487e-01
623 MLA ||r(i)||/||b|| 9.4326120986318951e-01
624 MLA ||r(i)||/||b|| 9.4304452433287345e-01
625 MLA ||r(i)||/||b|| 9.4302685281991050e-01
626 MLA ||r(i)||/||b|| 9.4302044417327602e-01
627 MLA ||r(i)||/||b|| 9.4304376139994806e-01
628 MLA ||r(i)||/||b|| 9.4301675095840232e-01
629 MLA ||r(i)||/||b|| 9.4300815351781209e-01
630 MLA ||r(i)||/||b|| 9.4295975810928101e-01
631 MLA ||r(i)||/||b|| 9.4296215493409252e-01
632 MLA ||r(i)||/||b|| 9.4290689327413202e-01
633 MLA ||r(i)||/||b|| 9.4289636320713599e-01
634 MLA ||r(i)||/||b|| 9.4289776347615584e-01
635 MLA ||r(i)||/||b|| 9.4279947785441431e-01
636 MLA ||r(i)||/||b|| 9.4314009733131454e-01
637 MLA ||r(i)||/||b|| 9.4305023439107882e-01
638 MLA ||r(i)||/||b|| 9.4269346537325160e-01
639 MLA ||r(i)||/||b|| 9.4242785700180964e-01
640 MLA ||r(i)||/||b|| 9.4236100123623667e-01
641 MLA ||r(i)||/||b|| 9.4236445179739159e-01
642 MLA ||r(i)||/||b|| 9.4227756984379807e-01
643 MLA ||r(i)||/||b|| 9.4232227566586957e-01
644 MLA ||r(i)||/||b|| 9.4229478930664301e-01
645 MLA ||r(i)||/||b|| 9.4232771732787068e-01
646 MLA ||r(i)||/||b|| 9.4265232650799735e-01
647 MLA ||r(i)||/||b|| 9.4259820790102067e-01
648 MLA ||r(i)||/||b|| 9.4254002439600604e-01
649 MLA ||r(i)||/||b|| 9.4257853006399006e-01
650 MLA ||r(i)||/||b|| 9.4254049749351021e-01
651 MLA ||r(i)||/||b|| 9.4255848546288301e-01
652 MLA ||r(i)||/||b|| 9.4257185592033255e-01
653 MLA ||r(i)||/||b|| 9.4245947135566555e-01
654 MLA ||r(i)||/||b|| 9.4301297614724533e-01
655 MLA ||r(i)||/||b|| 9.4258259917374188e-01
656 MLA ||r(i)||/||b|| 9.4243912506194549e-01
657 MLA ||r(i)||/||b|| 9.4232373017057236e-01
658 MLA ||r(i)||/||b|| 9.4234733800181902e-01
659 MLA ||r(i)||/||b|| 9.4234338770956994e-01
660 MLA ||r(i)||/||b|| 9.4226236241880923e-01
661 MLA ||r(i)||/||b|| 9.4229672336741255e-01
662 MLA ||r(i)||/||b|| 9.4233363642705736e-01
663 MLA ||r(i)||/||b|| 9.4234745558734490e-01
664 MLA ||r(i)||/||b|| 9.4228062771754062e-01
665 MLA ||r(i)||/||b|| 9.4220226235882931e-01
666 MLA ||r(i)||/||b|| 9.4191068751122375e-01
667 MLA ||r(i)||/||b|| 9.4174232925300971e-01
668 MLA ||r(i)||/||b|| 9.4178385776269402e-01
669 MLA ||r(i)||/||b|| 9.4184883288508536e-01
670 MLA ||r(i)||/||b|| 9.4190338825171693e-01
671 MLA ||r(i)||/||b|| 9.4196219908377021e-01
672 MLA ||r(i)||/||b|| 9.4196397812858723e-01
673 MLA ||r(i)||/||b|| 9.4199858183216667e-01
674 MLA ||r(i)||/||b|| 9.4198179250646574e-01
675 MLA ||r(i)||/||b|| 9.4199458595687546e-01
676 MLA ||r(i)||/||b|| 9.4189471249472334e-01
677 MLA ||r(i)||/||b|| 9.4191807700947483e-01
678 MLA ||r(i)||/||b|| 9.4194781170689212e-01
679 MLA ||r(i)||/||b|| 9.4190218187878061e-01
680 MLA ||r(i)||/||b|| 9.4191703064926235e-01
681 MLA ||r(i)||/||b|| 9.4193059913776167e-01
682 MLA ||r(i)||/||b|| 9.4184965146883548e-01
683 MLA ||r(i)||/||b|| 9.4142883748983686e-01
684 MLA ||r(i)||/||b|| 9.4123375118552544e-01
685 MLA ||r(i)||/||b|| 9.4116779302141418e-01
686 MLA ||r(i)||/||b|| 9.4097091299119673e-01
687 MLA ||r(i)||/||b|| 9.4090537369149574e-01
688 MLA ||r(i)||/||b|| 9.4096607982886560e-01
689 MLA ||r(i)||/||b|| 9.4093267761085375e-01
690 MLA ||r(i)||/||b|| 9.4090870881770150e-01
691 MLA ||r(i)||/||b|| 9.4120769978162389e-01
692 MLA ||r(i)||/||b|| 9.4098006383055854e-01
693 MLA ||r(i)||/||b|| 9.4100257998595460e-01
694 MLA ||r(i)||/||b|| 9.4104608198395567e-01
695 MLA ||r(i)||/||b|| 9.4110528256652570e-01
696 MLA ||r(i)||/||b|| 9.4114860815254942e-01
697 MLA ||r(i)||/||b|| 9.4111428342515713e-01
698 MLA ||r(i)||/||b|| 9.4204773097180994e-01
699 MLA ||r(i)||/||b|| 9.4158092279396299e-01
700 MLA ||r(i)||/||b|| 9.4072387281043257e-01
701 MLA ||r(i)||/||b|| 9.4059075668121639e-01
702 MLA ||r(i)||/||b|| 9.4344721357214389e-01
703 MLA ||r(i)||/||b|| 9.4105589383429489e-01
704 MLA ||r(i)||/||b|| 9.4082694759052066e-01
705 MLA ||r(i)||/||b|| 9.4070113234938402e-01
706 MLA ||r(i)||/||b|| 9.4068957976729872e-01
707 MLA ||r(i)||/||b|| 9.4062744334043025e-01
708 MLA ||r(i)||/||b|| 9.4043102854006499e-01
709 MLA ||r(i)||/||b|| 9.4037501095718534e-01
710 MLA ||r(i)||/||b|| 9.4033549088039736e-01
711 MLA ||r(i)||/||b|| 9.4019481188301657e-01
712 MLA ||r(i)||/||b|| 9.4006905644270056e-01
713 MLA ||r(i)||/||b|| 9.4015157337860566e-01
714 MLA ||r(i)||/||b|| 9.4086710626983205e-01
715 MLA ||r(i)||/||b|| 9.4067781169219422e-01
716 MLA ||r(i)||/||b|| 9.4049770712382608e-01
717 MLA ||r(i)||/||b|| 9.4030729298895910e-01
718 MLA ||r(i)||/||b|| 9.4021831958918967e-01
719 MLA ||r(i)||/||b|| 9.4023130194819293e-01
720 MLA ||r(i)||/||b|| 9.4027798003355045e-01
721 MLA ||r(i)||/||b|| 9.3994536762658021e-01
722 MLA ||r(i)||/||b|| 9.3996794081097601e-01
723 MLA ||r(i)||/||b|| 9.4109230158755197e-01
724 MLA ||r(i)||/||b|| 9.4120766091159547e-01
725 MLA ||r(i)||/||b|| 9.4103543756157915e-01
726 MLA ||r(i)||/||b|| 9.4098865022941192e-01
727 MLA ||r(i)||/||b|| 9.4124481050977049e-01
728 MLA ||r(i)||/||b|| 9.4107996199040511e-01
729 MLA ||r(i)||/||b|| 9.4094715860647682e-01
730 MLA ||r(i)||/||b|| 9.4088306318802073e-01
731 MLA ||r(i)||/||b|| 9.4084504564898630e-01
732 MLA ||r(i)||/||b|| 9.4068555257795938e-01
733 MLA ||r(i)||/||b|| 9.4065109494624044e-01
734 MLA ||r(i)||/||b|| 9.4059751185411256e-01
735 MLA ||r(i)||/||b|| 9.4061667346426681e-01
736 MLA ||r(i)||/||b|| 9.4058968212151528e-01
737 MLA ||r(i)||/||b|| 9.4054051128796823e-01
738 MLA ||r(i)||/||b|| 9.4048717146674432e-01
739 MLA ||r(i)||/||b|| 9.4031641115270392e-01
740 MLA ||r(i)||/||b|| 9.4034475632792958e-01
741 MLA ||r(i)||/||b|| 9.4038342856738666e-01
742 MLA ||r(i)||/||b|| 9.4035146509398759e-01
743 MLA ||r(i)||/||b|| 9.4036851014547174e-01
744 MLA ||r(i)||/||b|| 9.4039730463698734e-01
745 MLA ||r(i)||/||b|| 9.4040605996795412e-01
746 MLA ||r(i)||/||b|| 9.4039642888632746e-01
747 MLA ||r(i)||/||b|| 9.4038144842657256e-01
748 MLA ||r(i)||/||b|| 9.4036694987480796e-01
749 MLA ||r(i)||/||b|| 9.4031769435655632e-01
750 MLA ||r(i)||/||b|| 9.4033197355553177e-01
751 MLA ||r(i)||/||b|| 9.4024933857910675e-01
752 MLA ||r(i)||/||b|| 9.4025635945190600e-01
753 MLA ||r(i)||/||b|| 9.4030817576871140e-01
754 MLA ||r(i)||/||b|| 9.4029612367885740e-01
755 MLA ||r(i)||/||b|| 9.4029748686189329e-01
756 MLA ||r(i)||/||b|| 9.4042767677712868e-01
757 MLA ||r(i)||/||b|| 9.4035658618355267e-01
758 MLA ||r(i)||/||b|| 9.3967911809533666e-01
759 MLA ||r(i)||/||b|| 9.3909560953123294e-01
760 MLA ||r(i)||/||b|| 9.3906075587237403e-01
761 MLA ||r(i)||/||b|| 9.3911975584483454e-01
762 MLA ||r(i)||/||b|| 9.3912489002314736e-01
763 MLA ||r(i)||/||b|| 9.3919393655763261e-01
764 MLA ||r(i)||/||b|| 9.3916981764255847e-01
765 MLA ||r(i)||/||b|| 9.3920102893361856e-01
766 MLA ||r(i)||/||b|| 9.3925077318586414e-01
767 MLA ||r(i)||/||b|| 9.3916568964717317e-01
768 MLA ||r(i)||/||b|| 9.3919709620611858e-01
769 MLA ||r(i)||/||b|| 9.3922586600057156e-01
770 MLA ||r(i)||/||b|| 9.3924641724423941e-01
771 MLA ||r(i)||/||b|| 9.3928338431170899e-01
772 MLA ||r(i)||/||b|| 9.3928233349978141e-01
773 MLA ||r(i)||/||b|| 9.3927864901689961e-01
774 MLA ||r(i)||/||b|| 9.3929863030656402e-01
775 MLA ||r(i)||/||b|| 9.3931894321368548e-01
776 MLA ||r(i)||/||b|| 9.3930684341807813e-01
777 MLA ||r(i)||/||b|| 9.3923746747616310e-01
778 MLA ||r(i)||/||b|| 9.3922264844867820e-01
779 MLA ||r(i)||/||b|| 9.3924131192144122e-01
780 MLA ||r(i)||/||b|| 9.3913280563112000e-01
781 MLA ||r(i)||/||b|| 9.3898999562383834e-01
782 MLA ||r(i)||/||b|| 9.3896481970448276e-01
783 MLA ||r(i)||/||b|| 9.3887949134379101e-01
784 MLA ||r(i)||/||b|| 9.3890436794052312e-01
785 MLA ||r(i)||/||b|| 9.3900926727580925e-01
786 MLA ||r(i)||/||b|| 9.3904368937974791e-01
787 MLA ||r(i)||/||b|| 9.3907058128337328e-01
788 MLA ||r(i)||/||b|| 9.3907090813595695e-01
789 MLA ||r(i)||/||b|| 9.3898540596634583e-01
790 MLA ||r(i)||/||b|| 9.3897343723426208e-01
791 MLA ||r(i)||/||b|| 9.3896907464057588e-01
792 MLA ||r(i)||/||b|| 9.3830384710793902e-01
793 MLA ||r(i)||/||b|| 9.3813564491485091e-01
794 MLA ||r(i)||/||b|| 9.3818567863978453e-01
795 MLA ||r(i)||/||b|| 9.3813034980823651e-01
796 MLA ||r(i)||/||b|| 9.3817175828145694e-01
797 MLA ||r(i)||/||b|| 9.3821323911271870e-01
798 MLA ||r(i)||/||b|| 9.3823840125176683e-01
799 MLA ||r(i)||/||b|| 9.3825901889970453e-01
800 MLA ||r(i)||/||b|| 9.3825509710506982e-01
801 MLA ||r(i)||/||b|| 9.3824175998716530e-01
802 MLA ||r(i)||/||b|| 9.3820167799447962e-01
803 MLA ||r(i)||/||b|| 9.3810522111703687e-01
804 MLA ||r(i)||/||b|| 9.3802114170557993e-01
805 MLA ||r(i)||/||b|| 9.3803829269911798e-01
806 MLA ||r(i)||/||b|| 9.3803867323885048e-01
807 MLA ||r(i)||/||b|| 9.3806574647745056e-01
808 MLA ||r(i)||/||b|| 9.3805628825183740e-01
809 MLA ||r(i)||/||b|| 9.3806345231299926e-01
810 MLA ||r(i)||/||b|| 9.3806434039922426e-01
811 MLA ||r(i)||/||b|| 9.3794315125606542e-01
812 MLA ||r(i)||/||b|| 9.3787157103535679e-01
813 MLA ||r(i)||/||b|| 9.3785318633830816e-01
814 MLA ||r(i)||/||b|| 9.3779830030146716e-01
815 MLA ||r(i)||/||b|| 9.3775802673245567e-01
816 MLA ||r(i)||/||b|| 9.3768366836339678e-01
817 MLA ||r(i)||/||b|| 9.3769647059505046e-01
818 MLA ||r(i)||/||b|| 9.3796819586624014e-01
819 MLA ||r(i)||/||b|| 9.3788302414963332e-01
820 MLA ||r(i)||/||b|| 9.3783476475488226e-01
821 MLA ||r(i)||/||b|| 9.3777270944907820e-01
822 MLA ||r(i)||/||b|| 9.3845701333160758e-01
823 MLA ||r(i)||/||b|| 9.3825588899554357e-01
824 MLA ||r(i)||/||b|| 9.3809522222664099e-01
825 MLA ||r(i)||/||b|| 9.3789325260048384e-01
826 MLA ||r(i)||/||b|| 9.3781083444878643e-01
827 MLA ||r(i)||/||b|| 9.3768805729733173e-01
828 MLA ||r(i)||/||b|| 9.3771413947748006e-01
829 MLA ||r(i)||/||b|| 9.3766546479830148e-01
830 MLA ||r(i)||/||b|| 9.3755488168815049e-01
831 MLA ||r(i)||/||b|| 9.3746972630974934e-01
832 MLA ||r(i)||/||b|| 9.3743653545050110e-01
833 MLA ||r(i)||/||b|| 9.3744819862102224e-01
834 MLA ||r(i)||/||b|| 9.3740919803669442e-01
835 MLA ||r(i)||/||b|| 9.3738623504406504e-01
836 MLA ||r(i)||/||b|| 9.3716591639458069e-01
837 MLA ||r(i)||/||b|| 9.3712785429973056e-01
838 MLA ||r(i)||/||b|| 9.3714134119521320e-01
839 MLA ||r(i)||/||b|| 9.3708497552205716e-01
840 MLA ||r(i)||/||b|| 9.3708751621505093e-01
841 MLA ||r(i)||/||b|| 9.3709439049144172e-01
842 MLA ||r(i)||/||b|| 9.3710537121004012e-01
843 MLA ||r(i)||/||b|| 9.3694329086867778e-01
844 MLA ||r(i)||/||b|| 9.3686528907617728e-01
845 MLA ||r(i)||/||b|| 9.3688775502798660e-01
846 MLA ||r(i)||/||b|| 9.3691357512892159e-01
847 MLA ||r(i)||/||b|| 9.3690130931094717e-01
848 MLA ||r(i)||/||b|| 9.3691335616605032e-01
849 MLA ||r(i)||/||b|| 9.3690280264647852e-01
850 MLA ||r(i)||/||b|| 9.3689958853552235e-01
851 MLA ||r(i)||/||b|| 9.3686678700769754e-01
852 MLA ||r(i)||/||b|| 9.3667343768139777e-01
853 MLA ||r(i)||/||b|| 9.3684302219738258e-01
854 MLA ||r(i)||/||b|| 9.3644020837734177e-01
855 MLA ||r(i)||/||b|| 9.3634008550289283e-01
856 MLA ||r(i)||/||b|| 9.3620124869562660e-01
857 MLA ||r(i)||/||b|| 9.3605058013416065e-01
858 MLA ||r(i)||/||b|| 9.3598505820787048e-01
859 MLA ||r(i)||/||b|| 9.3591647622093233e-01
860 MLA ||r(i)||/||b|| 9.3553195552915036e-01
861 MLA ||r(i)||/||b|| 9.3538052930691529e-01
862 MLA ||r(i)||/||b|| 9.3543312016050773e-01
863 MLA ||r(i)||/||b|| 9.3547385583209541e-01
864 MLA ||r(i)||/||b|| 9.3530587703182022e-01
865 MLA ||r(i)||/||b|| 9.3533231347710799e-01
866 MLA ||r(i)||/||b|| 9.3533290674221314e-01
867 MLA ||r(i)||/||b|| 9.3493779395880283e-01
868 MLA ||r(i)||/||b|| 9.3471858130479990e-01
869 MLA ||r(i)||/||b|| 9.3470099755067049e-01
870 MLA ||r(i)||/||b|| 9.3462559621889274e-01
871 MLA ||r(i)||/||b|| 9.3455797971416499e-01
872 MLA ||r(i)||/||b|| 9.3442250293747275e-01
873 MLA ||r(i)||/||b|| 9.3409303043105718e-01
874 MLA ||r(i)||/||b|| 9.3400329376472646e-01
875 MLA ||r(i)||/||b|| 9.3396167315990231e-01
876 MLA ||r(i)||/||b|| 9.3392840034392588e-01
877 MLA ||r(i)||/||b|| 9.3391694254155866e-01
878 MLA ||r(i)||/||b|| 9.3390148738098677e-01
879 MLA ||r(i)||/||b|| 9.3388312344287205e-01
880 MLA ||r(i)||/||b|| 9.3383909031015877e-01
881 MLA ||r(i)||/||b|| 9.3385236336861444e-01
882 MLA ||r(i)||/||b|| 9.3438502499065523e-01
883 MLA ||r(i)||/||b|| 9.3408117377116440e-01
884 MLA ||r(i)||/||b|| 9.3414055323105050e-01
885 MLA ||r(i)||/||b|| 9.3420179546691640e-01
886 MLA ||r(i)||/||b|| 9.3431248764935637e-01
887 MLA ||r(i)||/||b|| 9.3423008829415011e-01
888 MLA ||r(i)||/||b|| 9.3409293817361727e-01
889 MLA ||r(i)||/||b|| 9.3411808752576264e-01
890 MLA ||r(i)||/||b|| 9.3404235084871767e-01
891 MLA ||r(i)||/||b|| 9.3406060313808903e-01
892 MLA ||r(i)||/||b|| 9.3406532148895172e-01
893 MLA ||r(i)||/||b|| 9.3394594578708934e-01
894 MLA ||r(i)||/||b|| 9.3396259215398270e-01
895 MLA ||r(i)||/||b|| 9.3396767705570660e-01
896 MLA ||r(i)||/||b|| 9.3386972218243158e-01
897 MLA ||r(i)||/||b|| 9.3388443171474478e-01
898 MLA ||r(i)||/||b|| 9.3318301721530794e-01
899 MLA ||r(i)||/||b|| 9.3300972124280723e-01
900 MLA ||r(i)||/||b|| 9.3295147048832927e-01
901 MLA ||r(i)||/||b|| 9.3296304202752856e-01
902 MLA ||r(i)||/||b|| 9.3332239151568619e-01
903 MLA ||r(i)||/||b|| 9.3334232430743380e-01
904 MLA ||r(i)||/||b|| 9.3346633691253189e-01
905 MLA ||r(i)||/||b|| 9.3338270902745202e-01
906 MLA ||r(i)||/||b|| 9.3341203574876608e-01
907 MLA ||r(i)||/||b|| 9.3333935255025346e-01
908 MLA ||r(i)||/||b|| 9.3343415309798294e-01
909 MLA ||r(i)||/||b|| 9.3335121421077472e-01
910 MLA ||r(i)||/||b|| 9.3335466545362855e-01
911 MLA ||r(i)||/||b|| 9.3336405806612421e-01
912 MLA ||r(i)||/||b|| 9.3327459178260330e-01
913 MLA ||r(i)||/||b|| 9.3321021736632870e-01
914 MLA ||r(i)||/||b|| 9.3316024676466103e-01
915 MLA ||r(i)||/||b|| 9.3309064948543263e-01
916 MLA ||r(i)||/||b|| 9.3299455220748806e-01
917 MLA ||r(i)||/||b|| 9.3290599467655178e-01
918 MLA ||r(i)||/||b|| 9.3296888333232886e-01
919 MLA ||r(i)||/||b|| 9.3301813691192703e-01
920 MLA ||r(i)||/||b|| 9.3325500150332075e-01
921 MLA ||r(i)||/||b|| 9.3317802845615994e-01
922 MLA ||r(i)||/||b|| 9.3304397544797268e-01
923 MLA ||r(i)||/||b|| 9.3295389342385104e-01
924 MLA ||r(i)||/||b|| 9.3305203809004056e-01
925 MLA ||r(i)||/||b|| 9.3299584234520172e-01
926 MLA ||r(i)||/||b|| 9.3352543372367203e-01
927 MLA ||r(i)||/||b|| 9.3328414297085616e-01
928 MLA ||r(i)||/||b|| 9.3312725370750127e-01
929 MLA ||r(i)||/||b|| 9.3334293061194173e-01
930 MLA ||r(i)||/||b|| 9.3310728025297784e-01
931 MLA ||r(i)||/||b|| 9.3285540008451973e-01
932 MLA ||r(i)||/||b|| 9.3273325400087981e-01
933 MLA ||r(i)||/||b|| 9.3260771083932692e-01
934 MLA ||r(i)||/||b|| 9.3224273074991015e-01
935 MLA ||r(i)||/||b|| 9.3212086791120863e-01
936 MLA ||r(i)||/||b|| 9.3214761449861017e-01
937 MLA ||r(i)||/||b|| 9.3220445019062526e-01
938 MLA ||r(i)||/||b|| 9.3206589937966589e-01
939 MLA ||r(i)||/||b|| 9.3208857948807455e-01
940 MLA ||r(i)||/||b|| 9.3201290573056461e-01
941 MLA ||r(i)||/||b|| 9.3131585249618298e-01
942 MLA ||r(i)||/||b|| 9.3107163316334041e-01
943 MLA ||r(i)||/||b|| 9.3092031367366046e-01
944 MLA ||r(i)||/||b|| 9.3088816024119236e-01
945 MLA ||r(i)||/||b|| 9.3098012385779527e-01
946 MLA ||r(i)||/||b|| 9.3096071910030065e-01
947 MLA ||r(i)||/||b|| 9.3105305897239377e-01
948 MLA ||r(i)||/||b|| 9.3114192252486216e-01
949 MLA ||r(i)||/||b|| 9.3058659008895028e-01
950 MLA ||r(i)||/||b|| 9.3022374798443697e-01
951 MLA ||r(i)||/||b|| 9.3010553859788514e-01
952 MLA ||r(i)||/||b|| 9.3013393743325756e-01
953 MLA ||r(i)||/||b|| 9.2993293899040230e-01
954 MLA ||r(i)||/||b|| 9.2997965241125546e-01
955 MLA ||r(i)||/||b|| 9.3008511375085035e-01
956 MLA ||r(i)||/||b|| 9.3020526331731390e-01
957 MLA ||r(i)||/||b|| 9.3030790132885977e-01
958 MLA ||r(i)||/||b|| 9.3037052471034176e-01
959 MLA ||r(i)||/||b|| 9.3046104196453616e-01
960 MLA ||r(i)||/||b|| 9.3053375107863290e-01
961 MLA ||r(i)||/||b|| 9.3058978460966968e-01
962 MLA ||r(i)||/||b|| 9.3069476357034431e-01
963 MLA ||r(i)||/||b|| 9.3069938563325072e-01
964 MLA ||r(i)||/||b|| 9.3074719022610719e-01
965 MLA ||r(i)||/||b|| 9.3060695257614445e-01
966 MLA ||r(i)||/||b|| 9.3065235932495916e-01
967 MLA ||r(i)||/||b|| 9.3070043476782094e-01
968 MLA ||r(i)||/||b|| 9.3075777719675779e-01
969 MLA ||r(i)||/||b|| 9.3071034809945419e-01
970 MLA ||r(i)||/||b|| 9.3070063528534774e-01
971 MLA ||r(i)||/||b|| 9.3072305710424330e-01
972 MLA ||r(i)||/||b|| 9.3072253169409724e-01
973 MLA ||r(i)||/||b|| 9.3074465149151675e-01
974 MLA ||r(i)||/||b|| 9.3075355517858926e-01
975 MLA ||r(i)||/||b|| 9.3062791731595940e-01
976 MLA ||r(i)||/||b|| 9.3041498160164759e-01
977 MLA ||r(i)||/||b|| 9.3042647357263830e-01
978 MLA ||r(i)||/||b|| 9.3039502258749085e-01
979 MLA ||r(i)||/||b|| 9.3042307525760948e-01
980 MLA ||r(i)||/||b|| 9.3047456814544816e-01
981 MLA ||r(i)||/||b|| 9.3048655237326661e-01
982 MLA ||r(i)||/||b|| 9.3051989764954113e-01
983 MLA ||r(i)||/||b|| 9.3091862233283795e-01
984 MLA ||r(i)||/||b|| 9.3051007970512034e-01
985 MLA ||r(i)||/||b|| 9.3037878493031723e-01
986 MLA ||r(i)||/||b|| 9.3034628520803364e-01
987 MLA ||r(i)||/||b|| 9.3033839217521985e-01
988 MLA ||r(i)||/||b|| 9.3033671304942900e-01
989 MLA ||r(i)||/||b|| 9.3028972014898292e-01
990 MLA ||r(i)||/||b|| 9.3028385414847548e-01
991 MLA ||r(i)||/||b|| 9.3027474926247400e-01
992 MLA ||r(i)||/||b|| 9.3028417391004170e-01
993 MLA ||r(i)||/||b|| 9.3032099252003975e-01
994 MLA ||r(i)||/||b|| 9.3035720818821943e-01
995 MLA ||r(i)||/||b|| 9.3038531764848309e-01
996 MLA ||r(i)||/||b|| 9.3040759163599940e-01
997 MLA ||r(i)||/||b|| 9.3033665764880924e-01
998 MLA ||r(i)||/||b|| 9.3035748821644026e-01
999 MLA ||r(i)||/||b|| 9.2984871234077970e-01
1000 MLA ||r(i)||/||b|| 9.2975957735337345e-01
>>>> mla solve time: 163.34 (s)
  0 KSP unpreconditioned resid norm 3.645678991486e-01 true resid norm 3.645678991486e-01 ||r(i)||/||b|| 1.000000000000e+00
  1 KSP unpreconditioned resid norm 1.139452530254e+00 true resid norm 1.139452530254e+00 ||r(i)||/||b|| 3.125487825217e+00
  2 KSP unpreconditioned resid norm 4.361983538476e+00 true resid norm 4.361983538476e+00 ||r(i)||/||b|| 1.196480422073e+01
  3 KSP unpreconditioned resid norm 7.012297295234e+00 true resid norm 7.012297295234e+00 ||r(i)||/||b|| 1.923454399471e+01
  4 KSP unpreconditioned resid norm 7.605850607434e+00 true resid norm 7.605850607434e+00 ||r(i)||/||b|| 2.086264486038e+01
  5 KSP unpreconditioned resid norm 8.111137877694e+00 true resid norm 8.111137877694e+00 ||r(i)||/||b|| 2.224863433296e+01
  6 KSP unpreconditioned resid norm 8.016354260318e+00 true resid norm 8.016354260318e+00 ||r(i)||/||b|| 2.198864540471e+01
  7 KSP unpreconditioned resid norm 7.910774136948e+00 true resid norm 7.910774136948e+00 ||r(i)||/||b|| 2.169904194917e+01
  8 KSP unpreconditioned resid norm 7.930908235854e+00 true resid norm 7.930908235854e+00 ||r(i)||/||b|| 2.175426924415e+01
  9 KSP unpreconditioned resid norm 7.819538363198e+00 true resid norm 7.819538363198e+00 ||r(i)||/||b|| 2.144878466112e+01
 10 KSP unpreconditioned resid norm 8.033177923532e+00 true resid norm 8.033177923532e+00 ||r(i)||/||b|| 2.203479226309e+01
 11 KSP unpreconditioned resid norm 7.816205676367e+00 true resid norm 7.816205676367e+00 ||r(i)||/||b|| 2.143964319025e+01
 12 KSP unpreconditioned resid norm 8.603836815407e+00 true resid norm 8.603836815407e+00 ||r(i)||/||b|| 2.360009434594e+01
 13 KSP unpreconditioned resid norm 8.601567362755e+00 true resid norm 8.601567362755e+00 ||r(i)||/||b|| 2.359386929799e+01
 14 KSP unpreconditioned resid norm 9.544384455632e+00 true resid norm 9.544384455632e+00 ||r(i)||/||b|| 2.617999137587e+01
 15 KSP unpreconditioned resid norm 9.446022460779e+00 true resid norm 9.446022460779e+00 ||r(i)||/||b|| 2.591018705387e+01
 16 KSP unpreconditioned resid norm 9.035346985546e+00 true resid norm 9.035346985546e+00 ||r(i)||/||b|| 2.478371520544e+01
 17 KSP unpreconditioned resid norm 9.328110453049e+00 true resid norm 9.328110453049e+00 ||r(i)||/||b|| 2.558675756926e+01
 18 KSP unpreconditioned resid norm 9.507425573925e+00 true resid norm 9.507425573925e+00 ||r(i)||/||b|| 2.607861415151e+01
 19 KSP unpreconditioned resid norm 1.003806016212e+01 true resid norm 1.003806016212e+01 ||r(i)||/||b|| 2.753413063948e+01
 20 KSP unpreconditioned resid norm 9.557783050935e+00 true resid norm 9.557783050935e+00 ||r(i)||/||b|| 2.621674336456e+01
>>>> ksp solve time: 0.107894 (s)
            || b ||_2 = 3.6456789914864107e-01
|| r ||_2 / || b ||_2 = 2.6216743364555541e+01
